Args in experiment:
Namespace(activation='gelu', affine=0, batch_size=4, c_out=21, checkpoints='./checkpoints/', d_ff=2048, d_layers=1, d_model=512, data='custom', data_path='weather.csv', dec_in=21, decomposition=0, des='Exp', devices='0,1,2,3', distil=True, do_predict=False, dropout=0.05, e_layers=2, embed='timeF', embed_type=0, enc_in=21, factor=3, fc_dropout=0.05, features='M', freq='h', gpu=0, head_dropout=0.0, individual=0, is_training=1, itr=1, kernel_size=25, label_len=48, learning_rate=0.0001, loss='mse', lradj='type3', model='Autoformer', model_id='weather_336_336', moving_avg=25, n_heads=8, num_workers=10, output_attention=False, padding_patch='end', patch_len=16, patience=100, pct_start=0.3, pred_len=336, random_seed=2021, revin=1, root_path='./dataset/', seq_len=336, stride=8, subtract_last=0, target='OT', test_flop=False, train_epochs=2, use_amp=False, use_gpu=True, use_multi_gpu=False)
Use GPU: cuda:0
>>>>>>>start training : weather_336_336_Autoformer_custom_ftM_sl336_ll48_pl336_dm512_nh8_el2_dl1_df2048_fc3_ebtimeF_dtTrue_Exp_0>>>>>>>>>>>>>>>>>>>>>>>>>>
train 36216
val 4935
test 10204
	iters: 100, epoch: 1 | loss: 0.7586305
	speed: 0.0645s/iter; left time: 1161.7675s
	iters: 200, epoch: 1 | loss: 0.8549928
	speed: 0.0457s/iter; left time: 817.7611s
	iters: 300, epoch: 1 | loss: 0.6757806
	speed: 0.0408s/iter; left time: 725.7809s
	iters: 400, epoch: 1 | loss: 0.7608470
	speed: 0.0471s/iter; left time: 834.2123s
	iters: 500, epoch: 1 | loss: 0.6490819
	speed: 0.0466s/iter; left time: 819.9112s
	iters: 600, epoch: 1 | loss: 0.6418757
	speed: 0.0468s/iter; left time: 819.1828s
	iters: 700, epoch: 1 | loss: 0.4791975
	speed: 0.0447s/iter; left time: 778.4464s
	iters: 800, epoch: 1 | loss: 0.5708483
	speed: 0.0443s/iter; left time: 767.1529s
	iters: 900, epoch: 1 | loss: 0.6153225
	speed: 0.0410s/iter; left time: 706.4059s
	iters: 1000, epoch: 1 | loss: 0.9917037
	speed: 0.0430s/iter; left time: 736.4367s
	iters: 1100, epoch: 1 | loss: 0.6861949
	speed: 0.0436s/iter; left time: 742.0439s
	iters: 1200, epoch: 1 | loss: 2.6662006
	speed: 0.0453s/iter; left time: 765.1833s
	iters: 1300, epoch: 1 | loss: 0.5838507
	speed: 0.0459s/iter; left time: 771.9408s
	iters: 1400, epoch: 1 | loss: 0.5206396
	speed: 0.0497s/iter; left time: 830.7939s
	iters: 1500, epoch: 1 | loss: 0.6125091
	speed: 0.0479s/iter; left time: 795.7647s
	iters: 1600, epoch: 1 | loss: 0.4802988
	speed: 0.0465s/iter; left time: 767.3116s
	iters: 1700, epoch: 1 | loss: 1.1062058
	speed: 0.0488s/iter; left time: 800.0159s
	iters: 1800, epoch: 1 | loss: 0.8941138
	speed: 0.0446s/iter; left time: 727.8230s
	iters: 1900, epoch: 1 | loss: 0.8424945
	speed: 0.0433s/iter; left time: 701.8733s
	iters: 2000, epoch: 1 | loss: 0.5167086
	speed: 0.0453s/iter; left time: 730.2730s
	iters: 2100, epoch: 1 | loss: 0.6594195
	speed: 0.0430s/iter; left time: 689.1196s
	iters: 2200, epoch: 1 | loss: 0.8997085
	speed: 0.0442s/iter; left time: 702.6025s
	iters: 2300, epoch: 1 | loss: 0.9393520
	speed: 0.0452s/iter; left time: 714.9673s
	iters: 2400, epoch: 1 | loss: 0.9136364
	speed: 0.0457s/iter; left time: 718.3872s
	iters: 2500, epoch: 1 | loss: 0.7349606
	speed: 0.0469s/iter; left time: 731.7970s
	iters: 2600, epoch: 1 | loss: 0.4449310
	speed: 0.0463s/iter; left time: 717.4339s
	iters: 2700, epoch: 1 | loss: 0.6343827
	speed: 0.0456s/iter; left time: 702.7183s
	iters: 2800, epoch: 1 | loss: 0.5330306
	speed: 0.0454s/iter; left time: 695.3290s
	iters: 2900, epoch: 1 | loss: 0.4293000
	speed: 0.0449s/iter; left time: 683.3733s
	iters: 3000, epoch: 1 | loss: 0.3349167
	speed: 0.0453s/iter; left time: 683.9398s
	iters: 3100, epoch: 1 | loss: 0.6240467
	speed: 0.0461s/iter; left time: 692.0661s
	iters: 3200, epoch: 1 | loss: 0.3531453
	speed: 0.0457s/iter; left time: 680.9631s
	iters: 3300, epoch: 1 | loss: 0.6488668
	speed: 0.0451s/iter; left time: 667.6463s
