Args in experiment:
Namespace(activation='gelu', affine=0, batch_size=128, c_out=7, checkpoints='./checkpoints/', d_ff=256, d_layers=1, d_model=128, data='custom', data_path='weather.csv', dec_in=7, decomposition=0, des='Exp', devices='0,1,2,3', distil=True, do_predict=False, dropout=0.2, e_layers=3, embed='timeF', embed_type=0, enc_in=21, factor=1, fc_dropout=0.2, features='M', freq='h', gpu=0, head_dropout=0.0, individual=1, is_training=1, itr=1, kernel_size=25, label_len=48, learning_rate=0.0001, loss='mse', lradj='type3', model='CIPatchTSF', model_id='weather_336_192', moving_avg=25, n_heads=8, num_workers=10, output_attention=False, padding_patch='end', patch_len=16, patience=20, pct_start=0.3, pred_len=192, random_seed=2021, revin=1, root_path='./dataset/', seq_len=336, stride=8, subtract_last=0, target='OT', test_flop=False, train_epochs=100, use_amp=False, use_gpu=True, use_multi_gpu=False)
Use GPU: cuda:0
fourier enhanced block used!
modes=64, index=[0, 1, 2, 3, 4, 5, 6, 7, 8, 9, 10, 11, 12, 13, 14, 15, 16, 17, 18, 19, 20]
fourier enhanced block used!
modes=64, index=[0, 1, 2, 3, 4, 5, 6, 7, 8, 9, 10, 11, 12, 13, 14, 15, 16, 17, 18, 19, 20]
fourier enhanced block used!
modes=64, index=[0, 1, 2, 3, 4, 5, 6, 7, 8, 9, 10, 11, 12, 13, 14, 15, 16, 17, 18, 19, 20]
fourier enhanced block used!
modes=64, index=[0, 1, 2, 3, 4, 5, 6, 7, 8, 9, 10, 11, 12, 13, 14, 15, 16, 17, 18, 19, 20]
fourier enhanced block used!
modes=64, index=[0, 1, 2, 3, 4, 5, 6, 7, 8, 9, 10, 11, 12, 13, 14, 15, 16, 17, 18, 19, 20]
fourier enhanced block used!
modes=64, index=[0, 1, 2, 3, 4, 5, 6, 7, 8, 9, 10, 11, 12, 13, 14, 15, 16, 17, 18, 19, 20]
fourier enhanced block used!
modes=64, index=[0, 1, 2, 3, 4, 5, 6, 7, 8, 9, 10, 11, 12, 13, 14, 15, 16, 17, 18, 19, 20]
fourier enhanced block used!
modes=64, index=[0, 1, 2, 3, 4, 5, 6, 7, 8, 9, 10, 11, 12, 13, 14, 15, 16, 17, 18, 19, 20]
fourier enhanced block used!
modes=64, index=[0, 1, 2, 3, 4, 5, 6, 7, 8, 9, 10, 11, 12, 13, 14, 15, 16, 17, 18, 19, 20]
fourier enhanced block used!
modes=64, index=[0, 1, 2, 3, 4, 5, 6, 7, 8, 9, 10, 11, 12, 13, 14, 15, 16, 17, 18, 19, 20]
fourier enhanced block used!
modes=64, index=[0, 1, 2, 3, 4, 5, 6, 7, 8, 9, 10, 11, 12, 13, 14, 15, 16, 17, 18, 19, 20]
fourier enhanced block used!
modes=64, index=[0, 1, 2, 3, 4, 5, 6, 7, 8, 9, 10, 11, 12, 13, 14, 15, 16, 17, 18, 19, 20]
fourier enhanced block used!
modes=64, index=[0, 1, 2, 3, 4, 5, 6, 7, 8, 9, 10, 11, 12, 13, 14, 15, 16, 17, 18, 19, 20]
fourier enhanced block used!
modes=64, index=[0, 1, 2, 3, 4, 5, 6, 7, 8, 9, 10, 11, 12, 13, 14, 15, 16, 17, 18, 19, 20]
fourier enhanced block used!
modes=64, index=[0, 1, 2, 3, 4, 5, 6, 7, 8, 9, 10, 11, 12, 13, 14, 15, 16, 17, 18, 19, 20]
fourier enhanced block used!
modes=64, index=[0, 1, 2, 3, 4, 5, 6, 7, 8, 9, 10, 11, 12, 13, 14, 15, 16, 17, 18, 19, 20]
fourier enhanced block used!
modes=64, index=[0, 1, 2, 3, 4, 5, 6, 7, 8, 9, 10, 11, 12, 13, 14, 15, 16, 17, 18, 19, 20]
fourier enhanced block used!
modes=64, index=[0, 1, 2, 3, 4, 5, 6, 7, 8, 9, 10, 11, 12, 13, 14, 15, 16, 17, 18, 19, 20]
fourier enhanced block used!
modes=64, index=[0, 1, 2, 3, 4, 5, 6, 7, 8, 9, 10, 11, 12, 13, 14, 15, 16, 17, 18, 19, 20]
fourier enhanced block used!
modes=64, index=[0, 1, 2, 3, 4, 5, 6, 7, 8, 9, 10, 11, 12, 13, 14, 15, 16, 17, 18, 19, 20]
fourier enhanced block used!
modes=64, index=[0, 1, 2, 3, 4, 5, 6, 7, 8, 9, 10, 11, 12, 13, 14, 15, 16, 17, 18, 19, 20]
>>>>>>>start training : weather_336_192_CIPatchTSF_custom_ftM_sl336_ll48_pl192_dm128_nh8_el3_dl1_df256_fc1_ebtimeF_dtTrue_Exp_0>>>>>>>>>>>>>>>>>>>>>>>>>>
train 36360
val 5079
test 10348
	iters: 100, epoch: 1 | loss: 0.8360153
	speed: 0.8458s/iter; left time: 23937.6380s
	iters: 200, epoch: 1 | loss: 0.7896648
	speed: 0.7773s/iter; left time: 21921.1402s
Epoch: 1 cost time: 227.20043754577637
Epoch: 1, Steps: 284 | Train Loss: 0.6691389 Vali Loss: 0.5856301 Test Loss: 0.2796630
Validation loss decreased (inf --> 0.585630).  Saving model ...
Updating learning rate to 0.0001
	iters: 100, epoch: 2 | loss: 0.4722209
	speed: 1.6965s/iter; left time: 47532.0583s
	iters: 200, epoch: 2 | loss: 0.4541518
	speed: 0.7685s/iter; left time: 21453.6964s
Epoch: 2 cost time: 224.40978527069092
Epoch: 2, Steps: 284 | Train Loss: 0.5127328 Vali Loss: 0.4563943 Test Loss: 0.1982308
Validation loss decreased (0.585630 --> 0.456394).  Saving model ...
Updating learning rate to 0.0001
	iters: 100, epoch: 3 | loss: 0.4142652
	speed: 1.8011s/iter; left time: 49949.5597s
	iters: 200, epoch: 3 | loss: 0.5485795
	speed: 0.7702s/iter; left time: 21281.5859s
Epoch: 3 cost time: 222.4277904033661
Epoch: 3, Steps: 284 | Train Loss: 0.4653859 Vali Loss: 0.4551553 Test Loss: 0.1950003
Validation loss decreased (0.456394 --> 0.455155).  Saving model ...
Updating learning rate to 0.0001
	iters: 100, epoch: 4 | loss: 0.5228217
	speed: 1.6776s/iter; left time: 46047.9372s
	iters: 200, epoch: 4 | loss: 0.3732791
	speed: 0.7378s/iter; left time: 20177.3470s
Epoch: 4 cost time: 217.43146204948425
Epoch: 4, Steps: 284 | Train Loss: 0.4498816 Vali Loss: 0.4553388 Test Loss: 0.1977616
EarlyStopping counter: 1 out of 20
Updating learning rate to 9e-05
	iters: 100, epoch: 5 | loss: 0.3574249
	speed: 1.6236s/iter; left time: 44106.0822s
	iters: 200, epoch: 5 | loss: 0.3862216
	speed: 0.7318s/iter; left time: 19806.8912s
Epoch: 5 cost time: 211.26203799247742
Epoch: 5, Steps: 284 | Train Loss: 0.4382356 Vali Loss: 0.4618816 Test Loss: 0.1996034
EarlyStopping counter: 2 out of 20
Updating learning rate to 8.1e-05
	iters: 100, epoch: 6 | loss: 0.3628455
	speed: 1.6055s/iter; left time: 43157.5372s
	iters: 200, epoch: 6 | loss: 0.5887803
	speed: 0.7483s/iter; left time: 20039.5711s
Epoch: 6 cost time: 209.87946605682373
Epoch: 6, Steps: 284 | Train Loss: 0.4291001 Vali Loss: 0.4680356 Test Loss: 0.1995699
EarlyStopping counter: 3 out of 20
Updating learning rate to 7.290000000000001e-05
	iters: 100, epoch: 7 | loss: 0.3978450
	speed: 1.5804s/iter; left time: 42033.8750s
	iters: 200, epoch: 7 | loss: 0.6051359
	speed: 0.7169s/iter; left time: 18996.6069s
Epoch: 7 cost time: 210.6541624069214
Epoch: 7, Steps: 284 | Train Loss: 0.4221156 Vali Loss: 0.4710951 Test Loss: 0.2012511
EarlyStopping counter: 4 out of 20
Updating learning rate to 6.561e-05
	iters: 100, epoch: 8 | loss: 0.3314077
	speed: 1.6585s/iter; left time: 43640.3093s
	iters: 200, epoch: 8 | loss: 0.3115638
	speed: 0.6880s/iter; left time: 18034.2103s
Epoch: 8 cost time: 202.97137427330017
Epoch: 8, Steps: 284 | Train Loss: 0.4162942 Vali Loss: 0.4715905 Test Loss: 0.2048661
EarlyStopping counter: 5 out of 20
Updating learning rate to 5.904900000000001e-05
	iters: 100, epoch: 9 | loss: 0.3174505
	speed: 1.6605s/iter; left time: 43221.2427s
	iters: 200, epoch: 9 | loss: 0.4336849
	speed: 0.7466s/iter; left time: 19358.8783s
Epoch: 9 cost time: 223.83735179901123
Epoch: 9, Steps: 284 | Train Loss: 0.4114218 Vali Loss: 0.4774767 Test Loss: 0.2040212
EarlyStopping counter: 6 out of 20
Updating learning rate to 5.3144100000000005e-05
	iters: 100, epoch: 10 | loss: 0.3378347
	speed: 1.6598s/iter; left time: 42732.2840s
	iters: 200, epoch: 10 | loss: 0.3369533
	speed: 0.7715s/iter; left time: 19785.8411s
Epoch: 10 cost time: 213.0309431552887
Epoch: 10, Steps: 284 | Train Loss: 0.4070044 Vali Loss: 0.4780831 Test Loss: 0.2050697
EarlyStopping counter: 7 out of 20
Updating learning rate to 4.782969000000001e-05
	iters: 100, epoch: 11 | loss: 0.3375267
	speed: 1.6159s/iter; left time: 41141.7978s
	iters: 200, epoch: 11 | loss: 0.4479973
	speed: 0.7928s/iter; left time: 20105.3417s
Epoch: 11 cost time: 224.4229817390442
Epoch: 11, Steps: 284 | Train Loss: 0.4032091 Vali Loss: 0.4765950 Test Loss: 0.2065401
EarlyStopping counter: 8 out of 20
Updating learning rate to 4.304672100000001e-05
	iters: 100, epoch: 12 | loss: 0.4703079
	speed: 1.6995s/iter; left time: 42787.4156s
	iters: 200, epoch: 12 | loss: 0.4367482
	speed: 0.7275s/iter; left time: 18244.2173s
Epoch: 12 cost time: 210.29332733154297
Epoch: 12, Steps: 284 | Train Loss: 0.3998571 Vali Loss: 0.4811926 Test Loss: 0.2070451
EarlyStopping counter: 9 out of 20
Updating learning rate to 3.874204890000001e-05
	iters: 100, epoch: 13 | loss: 0.3118646
	speed: 1.7456s/iter; left time: 43452.9623s
	iters: 200, epoch: 13 | loss: 0.4413377
	speed: 0.7804s/iter; left time: 19347.4284s
Epoch: 13 cost time: 231.12622451782227
Epoch: 13, Steps: 284 | Train Loss: 0.3969786 Vali Loss: 0.4855258 Test Loss: 0.2080387
EarlyStopping counter: 10 out of 20
Updating learning rate to 3.486784401000001e-05
	iters: 100, epoch: 14 | loss: 0.2742892
	speed: 1.7576s/iter; left time: 43253.2127s
	iters: 200, epoch: 14 | loss: 0.4588150
	speed: 0.7547s/iter; left time: 18497.8881s
Epoch: 14 cost time: 222.54504203796387
Epoch: 14, Steps: 284 | Train Loss: 0.3942281 Vali Loss: 0.4835399 Test Loss: 0.2066945
EarlyStopping counter: 11 out of 20
Updating learning rate to 3.138105960900001e-05
	iters: 100, epoch: 15 | loss: 0.4130612
	speed: 1.7611s/iter; left time: 42838.4014s
	iters: 200, epoch: 15 | loss: 0.4183792
	speed: 0.8337s/iter; left time: 20196.2946s
Epoch: 15 cost time: 240.48747730255127
Epoch: 15, Steps: 284 | Train Loss: 0.3917899 Vali Loss: 0.4875246 Test Loss: 0.2075793
EarlyStopping counter: 12 out of 20
Updating learning rate to 2.824295364810001e-05
	iters: 100, epoch: 16 | loss: 0.3370852
	speed: 1.8317s/iter; left time: 44036.4365s
	iters: 200, epoch: 16 | loss: 0.3006326
	speed: 0.8635s/iter; left time: 20673.4042s
Epoch: 16 cost time: 245.09810066223145
Epoch: 16, Steps: 284 | Train Loss: 0.3899385 Vali Loss: 0.4850378 Test Loss: 0.2081437
EarlyStopping counter: 13 out of 20
Updating learning rate to 2.541865828329001e-05
	iters: 100, epoch: 17 | loss: 0.2952432
	speed: 1.9018s/iter; left time: 45180.1062s
	iters: 200, epoch: 17 | loss: 0.2903905
	speed: 0.8352s/iter; left time: 19758.9449s
Epoch: 17 cost time: 238.76627564430237
Epoch: 17, Steps: 284 | Train Loss: 0.3881190 Vali Loss: 0.4874386 Test Loss: 0.2089155
EarlyStopping counter: 14 out of 20
Updating learning rate to 2.287679245496101e-05
	iters: 100, epoch: 18 | loss: 0.3978191
	speed: 1.7888s/iter; left time: 41987.3593s
	iters: 200, epoch: 18 | loss: 0.3900881
	speed: 0.8338s/iter; left time: 19488.9520s
Epoch: 18 cost time: 235.19503235816956
Epoch: 18, Steps: 284 | Train Loss: 0.3864705 Vali Loss: 0.4902782 Test Loss: 0.2085898
EarlyStopping counter: 15 out of 20
Updating learning rate to 2.0589113209464907e-05
	iters: 100, epoch: 19 | loss: 0.3677056
	speed: 1.7846s/iter; left time: 41382.8950s
	iters: 200, epoch: 19 | loss: 0.2806010
	speed: 0.8505s/iter; left time: 19637.8394s
Epoch: 19 cost time: 240.20212244987488
Epoch: 19, Steps: 284 | Train Loss: 0.3850395 Vali Loss: 0.4911000 Test Loss: 0.2089251
EarlyStopping counter: 16 out of 20
Updating learning rate to 1.8530201888518416e-05
	iters: 100, epoch: 20 | loss: 0.2818459
	speed: 1.8010s/iter; left time: 41251.8785s
	iters: 200, epoch: 20 | loss: 0.3959838
	speed: 0.7848s/iter; left time: 17898.0014s
Epoch: 20 cost time: 229.96975231170654
Epoch: 20, Steps: 284 | Train Loss: 0.3837361 Vali Loss: 0.4885599 Test Loss: 0.2099839
EarlyStopping counter: 17 out of 20
Updating learning rate to 1.6677181699666577e-05
	iters: 100, epoch: 21 | loss: 0.3521457
	speed: 1.8049s/iter; left time: 40829.5352s
	iters: 200, epoch: 21 | loss: 0.4192195
	speed: 0.8280s/iter; left time: 18647.2758s
Epoch: 21 cost time: 237.7742199897766
Epoch: 21, Steps: 284 | Train Loss: 0.3825477 Vali Loss: 0.4928866 Test Loss: 0.2103775
EarlyStopping counter: 18 out of 20
Updating learning rate to 1.5009463529699919e-05
	iters: 100, epoch: 22 | loss: 0.3184816
	speed: 1.8149s/iter; left time: 40539.1321s
	iters: 200, epoch: 22 | loss: 0.2915655
	speed: 0.8609s/iter; left time: 19143.6630s
Epoch: 22 cost time: 241.51344275474548
Epoch: 22, Steps: 284 | Train Loss: 0.3814020 Vali Loss: 0.4929269 Test Loss: 0.2109829
EarlyStopping counter: 19 out of 20
Updating learning rate to 1.3508517176729929e-05
	iters: 100, epoch: 23 | loss: 0.4095517
	speed: 1.7908s/iter; left time: 39493.5554s
	iters: 200, epoch: 23 | loss: 0.3127148
	speed: 0.8113s/iter; left time: 17810.8088s
Epoch: 23 cost time: 236.4100193977356
Epoch: 23, Steps: 284 | Train Loss: 0.3805503 Vali Loss: 0.4914709 Test Loss: 0.2113035
EarlyStopping counter: 20 out of 20
Early stopping
>>>>>>>testing : weather_336_192_CIPatchTSF_custom_ftM_sl336_ll48_pl192_dm128_nh8_el3_dl1_df256_fc1_ebtimeF_dtTrue_Exp_0<<<<<<<<<<<<<<<<<<<<<<<<<<<<<<<<<
test 10348
mse:0.19500038027763367, mae:0.2453179955482483, rse:0.5809429883956909
