Args in experiment:
Namespace(activation='gelu', affine=0, batch_size=128, c_out=7, checkpoints='./checkpoints/', d_ff=128, d_layers=1, d_model=16, data='ETTh2', data_path='ETTh2.csv', dec_in=7, decomposition=0, des='Exp', devices='0,1,2,3', distil=True, do_predict=False, dropout=0.3, e_layers=2, embed='timeF', embed_type=0, enc_in=7, factor=1, fc_dropout=0.3, features='M', freq='h', gpu=0, head_dropout=0.0, individual=0, is_training=1, itr=1, kernel_size=25, label_len=48, learning_rate=0.0001, loss='mse', lradj='type3', model='PatchTSW', model_id='336_96', moving_avg=25, n_heads=4, num_workers=10, output_attention=False, padding_patch='end', patch_len=16, patience=100, pct_start=0.3, pred_len=96, random_seed=2021, revin=1, root_path='./dataset/', seq_len=336, stride=8, subtract_last=0, target='OT', test_flop=False, train_epochs=100, use_amp=False, use_gpu=True, use_multi_gpu=False)
Use GPU: cuda:0
base legendre
>>>>>>>start training : 336_96_PatchTSW_ETTh2_ftM_sl336_ll48_pl96_dm16_nh4_el2_dl1_df128_fc1_ebtimeF_dtTrue_Exp_0>>>>>>>>>>>>>>>>>>>>>>>>>>
train 8209
val 2785
test 2785
Epoch: 1 cost time: 22.35925841331482
Epoch: 1, Steps: 64 | Train Loss: 0.6631418 Vali Loss: 0.3374673 Test Loss: 0.4027846
Validation loss decreased (inf --> 0.337467).  Saving model ...
Updating learning rate to 0.0001
Epoch: 2 cost time: 22.599275827407837
Epoch: 2, Steps: 64 | Train Loss: 0.4903649 Vali Loss: 0.2227504 Test Loss: 0.2929907
Validation loss decreased (0.337467 --> 0.222750).  Saving model ...
Updating learning rate to 0.0001
Epoch: 3 cost time: 22.60265803337097
Epoch: 3, Steps: 64 | Train Loss: 0.4411339 Vali Loss: 0.2175194 Test Loss: 0.2889107
Validation loss decreased (0.222750 --> 0.217519).  Saving model ...
Updating learning rate to 0.0001
Epoch: 4 cost time: 22.48861861228943
Epoch: 4, Steps: 64 | Train Loss: 0.4294375 Vali Loss: 0.2155376 Test Loss: 0.2884285
Validation loss decreased (0.217519 --> 0.215538).  Saving model ...
Updating learning rate to 9e-05
Epoch: 5 cost time: 22.575658082962036
Epoch: 5, Steps: 64 | Train Loss: 0.4208606 Vali Loss: 0.2127421 Test Loss: 0.2862734
Validation loss decreased (0.215538 --> 0.212742).  Saving model ...
Updating learning rate to 8.1e-05
Epoch: 6 cost time: 22.48710036277771
Epoch: 6, Steps: 64 | Train Loss: 0.4140889 Vali Loss: 0.2126251 Test Loss: 0.2880736
Validation loss decreased (0.212742 --> 0.212625).  Saving model ...
Updating learning rate to 7.290000000000001e-05
Epoch: 7 cost time: 22.529809951782227
Epoch: 7, Steps: 64 | Train Loss: 0.4089612 Vali Loss: 0.2123421 Test Loss: 0.2874804
Validation loss decreased (0.212625 --> 0.212342).  Saving model ...
Updating learning rate to 6.561e-05
Epoch: 8 cost time: 22.499563217163086
Epoch: 8, Steps: 64 | Train Loss: 0.4035370 Vali Loss: 0.2105134 Test Loss: 0.2867279
Validation loss decreased (0.212342 --> 0.210513).  Saving model ...
Updating learning rate to 5.904900000000001e-05
Epoch: 9 cost time: 22.497169256210327
Epoch: 9, Steps: 64 | Train Loss: 0.3985128 Vali Loss: 0.2111186 Test Loss: 0.2893202
EarlyStopping counter: 1 out of 100
Updating learning rate to 5.3144100000000005e-05
Epoch: 10 cost time: 22.707236766815186
Epoch: 10, Steps: 64 | Train Loss: 0.3940644 Vali Loss: 0.2109772 Test Loss: 0.2856874
EarlyStopping counter: 2 out of 100
Updating learning rate to 4.782969000000001e-05
Epoch: 11 cost time: 22.472065448760986
Epoch: 11, Steps: 64 | Train Loss: 0.3896945 Vali Loss: 0.2088034 Test Loss: 0.2869356
Validation loss decreased (0.210513 --> 0.208803).  Saving model ...
Updating learning rate to 4.304672100000001e-05
Epoch: 12 cost time: 22.68222141265869
Epoch: 12, Steps: 64 | Train Loss: 0.3855461 Vali Loss: 0.2089985 Test Loss: 0.2884498
EarlyStopping counter: 1 out of 100
Updating learning rate to 3.874204890000001e-05
Epoch: 13 cost time: 22.87273120880127
Epoch: 13, Steps: 64 | Train Loss: 0.3824766 Vali Loss: 0.2081614 Test Loss: 0.2897852
Validation loss decreased (0.208803 --> 0.208161).  Saving model ...
Updating learning rate to 3.486784401000001e-05
Epoch: 14 cost time: 22.65886950492859
Epoch: 14, Steps: 64 | Train Loss: 0.3793129 Vali Loss: 0.2093529 Test Loss: 0.2900301
EarlyStopping counter: 1 out of 100
Updating learning rate to 3.138105960900001e-05
Epoch: 15 cost time: 22.41721272468567
Epoch: 15, Steps: 64 | Train Loss: 0.3776384 Vali Loss: 0.2073668 Test Loss: 0.2902531
Validation loss decreased (0.208161 --> 0.207367).  Saving model ...
Updating learning rate to 2.824295364810001e-05
Epoch: 16 cost time: 22.419945001602173
Epoch: 16, Steps: 64 | Train Loss: 0.3743568 Vali Loss: 0.2093267 Test Loss: 0.2897367
EarlyStopping counter: 1 out of 100
Updating learning rate to 2.541865828329001e-05
Epoch: 17 cost time: 22.822522401809692
Epoch: 17, Steps: 64 | Train Loss: 0.3728843 Vali Loss: 0.2088311 Test Loss: 0.2918388
EarlyStopping counter: 2 out of 100
Updating learning rate to 2.287679245496101e-05
Epoch: 18 cost time: 22.42615580558777
Epoch: 18, Steps: 64 | Train Loss: 0.3706863 Vali Loss: 0.2075148 Test Loss: 0.2901061
EarlyStopping counter: 3 out of 100
Updating learning rate to 2.0589113209464907e-05
Epoch: 19 cost time: 22.542868852615356
Epoch: 19, Steps: 64 | Train Loss: 0.3675726 Vali Loss: 0.2079557 Test Loss: 0.2910251
EarlyStopping counter: 4 out of 100
Updating learning rate to 1.8530201888518416e-05
Epoch: 20 cost time: 22.694384813308716
Epoch: 20, Steps: 64 | Train Loss: 0.3668800 Vali Loss: 0.2082716 Test Loss: 0.2933534
EarlyStopping counter: 5 out of 100
Updating learning rate to 1.6677181699666577e-05
Epoch: 21 cost time: 22.57330894470215
Epoch: 21, Steps: 64 | Train Loss: 0.3653680 Vali Loss: 0.2077939 Test Loss: 0.2942114
EarlyStopping counter: 6 out of 100
Updating learning rate to 1.5009463529699919e-05
Epoch: 22 cost time: 22.608635902404785
Epoch: 22, Steps: 64 | Train Loss: 0.3630168 Vali Loss: 0.2076911 Test Loss: 0.2915874
EarlyStopping counter: 7 out of 100
Updating learning rate to 1.3508517176729929e-05
Epoch: 23 cost time: 22.560361862182617
Epoch: 23, Steps: 64 | Train Loss: 0.3620487 Vali Loss: 0.2090539 Test Loss: 0.2935448
EarlyStopping counter: 8 out of 100
Updating learning rate to 1.2157665459056936e-05
Epoch: 24 cost time: 22.62136721611023
Epoch: 24, Steps: 64 | Train Loss: 0.3607274 Vali Loss: 0.2093736 Test Loss: 0.2937422
EarlyStopping counter: 9 out of 100
Updating learning rate to 1.0941898913151242e-05
Epoch: 25 cost time: 22.759738206863403
Epoch: 25, Steps: 64 | Train Loss: 0.3604726 Vali Loss: 0.2085763 Test Loss: 0.2944910
EarlyStopping counter: 10 out of 100
Updating learning rate to 9.847709021836118e-06
Epoch: 26 cost time: 22.62579584121704
Epoch: 26, Steps: 64 | Train Loss: 0.3595291 Vali Loss: 0.2083509 Test Loss: 0.2940937
EarlyStopping counter: 11 out of 100
Updating learning rate to 8.862938119652508e-06
Epoch: 27 cost time: 22.695337533950806
Epoch: 27, Steps: 64 | Train Loss: 0.3574888 Vali Loss: 0.2088889 Test Loss: 0.2942211
EarlyStopping counter: 12 out of 100
Updating learning rate to 7.976644307687255e-06
Epoch: 28 cost time: 22.514760732650757
Epoch: 28, Steps: 64 | Train Loss: 0.3578958 Vali Loss: 0.2088028 Test Loss: 0.2942688
EarlyStopping counter: 13 out of 100
Updating learning rate to 7.178979876918531e-06
Epoch: 29 cost time: 22.32827401161194
Epoch: 29, Steps: 64 | Train Loss: 0.3569083 Vali Loss: 0.2089065 Test Loss: 0.2943754
EarlyStopping counter: 14 out of 100
Updating learning rate to 6.4610818892266776e-06
Epoch: 30 cost time: 22.4067223072052
Epoch: 30, Steps: 64 | Train Loss: 0.3559274 Vali Loss: 0.2091570 Test Loss: 0.2944129
EarlyStopping counter: 15 out of 100
Updating learning rate to 5.8149737003040096e-06
Epoch: 31 cost time: 22.763983488082886
Epoch: 31, Steps: 64 | Train Loss: 0.3567841 Vali Loss: 0.2100640 Test Loss: 0.2956049
EarlyStopping counter: 16 out of 100
Updating learning rate to 5.23347633027361e-06
Epoch: 32 cost time: 22.592061042785645
Epoch: 32, Steps: 64 | Train Loss: 0.3559736 Vali Loss: 0.2090518 Test Loss: 0.2949511
EarlyStopping counter: 17 out of 100
Updating learning rate to 4.710128697246249e-06
Epoch: 33 cost time: 22.806146383285522
Epoch: 33, Steps: 64 | Train Loss: 0.3551339 Vali Loss: 0.2090026 Test Loss: 0.2952527
EarlyStopping counter: 18 out of 100
Updating learning rate to 4.239115827521624e-06
Epoch: 34 cost time: 22.483411073684692
Epoch: 34, Steps: 64 | Train Loss: 0.3547044 Vali Loss: 0.2100088 Test Loss: 0.2953229
EarlyStopping counter: 19 out of 100
Updating learning rate to 3.815204244769462e-06
Epoch: 35 cost time: 22.669966220855713
Epoch: 35, Steps: 64 | Train Loss: 0.3545374 Vali Loss: 0.2092420 Test Loss: 0.2959954
EarlyStopping counter: 20 out of 100
Updating learning rate to 3.4336838202925152e-06
Epoch: 36 cost time: 23.021303415298462
Epoch: 36, Steps: 64 | Train Loss: 0.3536403 Vali Loss: 0.2107106 Test Loss: 0.2962190
EarlyStopping counter: 21 out of 100
Updating learning rate to 3.090315438263264e-06
Epoch: 37 cost time: 22.49302887916565
Epoch: 37, Steps: 64 | Train Loss: 0.3537401 Vali Loss: 0.2092473 Test Loss: 0.2952759
EarlyStopping counter: 22 out of 100
Updating learning rate to 2.7812838944369375e-06
Epoch: 38 cost time: 22.881176233291626
Epoch: 38, Steps: 64 | Train Loss: 0.3534154 Vali Loss: 0.2100288 Test Loss: 0.2955911
EarlyStopping counter: 23 out of 100
Updating learning rate to 2.503155504993244e-06
