Args in experiment:
Namespace(activation='gelu', affine=0, batch_size=128, c_out=7, checkpoints='./checkpoints/', d_ff=2048, d_layers=1, d_model=512, data='ETTh2', data_path='ETTh2.csv', dec_in=7, decomposition=0, des='Exp', devices='0,1,2,3', distil=True, do_predict=False, dropout=0.05, e_layers=2, embed='timeF', embed_type=0, enc_in=7, factor=3, fc_dropout=0.05, features='M', freq='h', gpu=0, head_dropout=0.0, individual=0, is_training=1, itr=1, kernel_size=25, label_len=48, learning_rate=0.0001, loss='mse', lradj='type3', model='Informer', model_id='ETTh2_96_96', moving_avg=25, n_heads=8, num_workers=4, output_attention=False, padding_patch='end', patch_len=16, patience=100, pct_start=0.3, pred_len=96, random_seed=2021, revin=1, root_path='./dataset/', seq_len=96, stride=8, subtract_last=0, target='OT', test_flop=False, train_epochs=100, use_amp=False, use_gpu=True, use_multi_gpu=False)
Use GPU: cuda:0
>>>>>>>start training : ETTh2_96_96_Informer_ETTh2_ftM_sl96_ll48_pl96_dm512_nh8_el2_dl1_df2048_fc3_ebtimeF_dtTrue_Exp_0>>>>>>>>>>>>>>>>>>>>>>>>>>
train 8449
val 2785
test 2785
Epoch: 1 cost time: 6.893012523651123
Epoch: 1, Steps: 66 | Train Loss: 0.9538171 Vali Loss: 0.9037613 Test Loss: 2.0172160
Validation loss decreased (inf --> 0.903761).  Saving model ...
Updating learning rate to 0.0001
Epoch: 2 cost time: 6.705589771270752
Epoch: 2, Steps: 66 | Train Loss: 0.4943722 Vali Loss: 0.8993841 Test Loss: 2.5426853
Validation loss decreased (0.903761 --> 0.899384).  Saving model ...
Updating learning rate to 0.0001
Epoch: 3 cost time: 6.689302206039429
Epoch: 3, Steps: 66 | Train Loss: 0.3513801 Vali Loss: 1.0593163 Test Loss: 2.7844193
EarlyStopping counter: 1 out of 100
Updating learning rate to 0.0001
Epoch: 4 cost time: 6.737946033477783
Epoch: 4, Steps: 66 | Train Loss: 0.3081399 Vali Loss: 1.0040808 Test Loss: 2.8777452
EarlyStopping counter: 2 out of 100
Updating learning rate to 9e-05
Epoch: 5 cost time: 6.614214658737183
Epoch: 5, Steps: 66 | Train Loss: 0.2807129 Vali Loss: 1.0322586 Test Loss: 3.3920455
EarlyStopping counter: 3 out of 100
Updating learning rate to 8.1e-05
Epoch: 6 cost time: 6.82084059715271
Epoch: 6, Steps: 66 | Train Loss: 0.2606436 Vali Loss: 1.2324178 Test Loss: 3.8641558
EarlyStopping counter: 4 out of 100
Updating learning rate to 7.290000000000001e-05
Epoch: 7 cost time: 6.562873125076294
Epoch: 7, Steps: 66 | Train Loss: 0.2448445 Vali Loss: 1.1871922 Test Loss: 4.0068302
EarlyStopping counter: 5 out of 100
Updating learning rate to 6.561e-05
Epoch: 8 cost time: 6.621265411376953
Epoch: 8, Steps: 66 | Train Loss: 0.2333322 Vali Loss: 1.0703462 Test Loss: 3.7947583
EarlyStopping counter: 6 out of 100
Updating learning rate to 5.904900000000001e-05
Epoch: 9 cost time: 6.589325428009033
Epoch: 9, Steps: 66 | Train Loss: 0.2241340 Vali Loss: 1.0706919 Test Loss: 4.1035805
EarlyStopping counter: 7 out of 100
Updating learning rate to 5.3144100000000005e-05
Epoch: 10 cost time: 6.571196556091309
Epoch: 10, Steps: 66 | Train Loss: 0.2145483 Vali Loss: 1.1352532 Test Loss: 4.3900080
EarlyStopping counter: 8 out of 100
Updating learning rate to 4.782969000000001e-05
Epoch: 11 cost time: 6.575850009918213
Epoch: 11, Steps: 66 | Train Loss: 0.2068134 Vali Loss: 1.1243414 Test Loss: 4.3072309
EarlyStopping counter: 9 out of 100
Updating learning rate to 4.304672100000001e-05
Epoch: 12 cost time: 6.5766260623931885
Epoch: 12, Steps: 66 | Train Loss: 0.2006481 Vali Loss: 1.0743195 Test Loss: 4.3680110
EarlyStopping counter: 10 out of 100
Updating learning rate to 3.874204890000001e-05
Epoch: 13 cost time: 6.6349687576293945
Epoch: 13, Steps: 66 | Train Loss: 0.1959598 Vali Loss: 1.0349662 Test Loss: 4.1897202
EarlyStopping counter: 11 out of 100
Updating learning rate to 3.486784401000001e-05
Epoch: 14 cost time: 6.714504241943359
Epoch: 14, Steps: 66 | Train Loss: 0.1916682 Vali Loss: 1.0400544 Test Loss: 4.1428246
EarlyStopping counter: 12 out of 100
Updating learning rate to 3.138105960900001e-05
Epoch: 15 cost time: 6.683546543121338
Epoch: 15, Steps: 66 | Train Loss: 0.1879502 Vali Loss: 1.0686096 Test Loss: 4.0399222
EarlyStopping counter: 13 out of 100
Updating learning rate to 2.824295364810001e-05
Epoch: 16 cost time: 6.463301658630371
Epoch: 16, Steps: 66 | Train Loss: 0.1871003 Vali Loss: 1.0658705 Test Loss: 4.3145099
EarlyStopping counter: 14 out of 100
Updating learning rate to 2.541865828329001e-05
Epoch: 17 cost time: 6.643723964691162
Epoch: 17, Steps: 66 | Train Loss: 0.1842150 Vali Loss: 1.0169657 Test Loss: 4.1089272
EarlyStopping counter: 15 out of 100
Updating learning rate to 2.287679245496101e-05
Epoch: 18 cost time: 6.512314796447754
Epoch: 18, Steps: 66 | Train Loss: 0.1803721 Vali Loss: 1.0208219 Test Loss: 4.3052483
EarlyStopping counter: 16 out of 100
Updating learning rate to 2.0589113209464907e-05
Epoch: 19 cost time: 6.6194469928741455
Epoch: 19, Steps: 66 | Train Loss: 0.1780814 Vali Loss: 0.9921870 Test Loss: 3.9389627
EarlyStopping counter: 17 out of 100
Updating learning rate to 1.8530201888518416e-05
Epoch: 20 cost time: 6.552948474884033
Epoch: 20, Steps: 66 | Train Loss: 0.1754142 Vali Loss: 1.0019922 Test Loss: 4.0573440
EarlyStopping counter: 18 out of 100
Updating learning rate to 1.6677181699666577e-05
Epoch: 21 cost time: 6.6483190059661865
Epoch: 21, Steps: 66 | Train Loss: 0.1743933 Vali Loss: 1.0142591 Test Loss: 4.0992022
EarlyStopping counter: 19 out of 100
Updating learning rate to 1.5009463529699919e-05
Epoch: 22 cost time: 6.574124574661255
Epoch: 22, Steps: 66 | Train Loss: 0.1727136 Vali Loss: 0.9854416 Test Loss: 3.9823601
EarlyStopping counter: 20 out of 100
Updating learning rate to 1.3508517176729929e-05
Epoch: 23 cost time: 6.519455432891846
Epoch: 23, Steps: 66 | Train Loss: 0.1712084 Vali Loss: 1.0027456 Test Loss: 4.1251841
EarlyStopping counter: 21 out of 100
Updating learning rate to 1.2157665459056936e-05
Epoch: 24 cost time: 6.627906322479248
Epoch: 24, Steps: 66 | Train Loss: 0.1706271 Vali Loss: 0.9779435 Test Loss: 3.9462342
EarlyStopping counter: 22 out of 100
Updating learning rate to 1.0941898913151242e-05
Epoch: 25 cost time: 6.606323003768921
Epoch: 25, Steps: 66 | Train Loss: 0.1699982 Vali Loss: 0.9978123 Test Loss: 4.0497313
EarlyStopping counter: 23 out of 100
Updating learning rate to 9.847709021836118e-06
Epoch: 26 cost time: 6.576038122177124
Epoch: 26, Steps: 66 | Train Loss: 0.1685018 Vali Loss: 0.9728530 Test Loss: 3.9910507
EarlyStopping counter: 24 out of 100
Updating learning rate to 8.862938119652508e-06
Epoch: 27 cost time: 6.606020927429199
Epoch: 27, Steps: 66 | Train Loss: 0.1678965 Vali Loss: 0.9774413 Test Loss: 3.9813316
EarlyStopping counter: 25 out of 100
Updating learning rate to 7.976644307687255e-06
Epoch: 28 cost time: 6.76014518737793
Epoch: 28, Steps: 66 | Train Loss: 0.1670065 Vali Loss: 0.9896446 Test Loss: 4.0581489
EarlyStopping counter: 26 out of 100
Updating learning rate to 7.178979876918531e-06
Epoch: 29 cost time: 6.575575828552246
Epoch: 29, Steps: 66 | Train Loss: 0.1660824 Vali Loss: 0.9511158 Test Loss: 3.8920155
EarlyStopping counter: 27 out of 100
Updating learning rate to 6.4610818892266776e-06
Epoch: 30 cost time: 6.5631279945373535
Epoch: 30, Steps: 66 | Train Loss: 0.1655115 Vali Loss: 0.9741105 Test Loss: 3.9479101
EarlyStopping counter: 28 out of 100
Updating learning rate to 5.8149737003040096e-06
Epoch: 31 cost time: 6.650203227996826
Epoch: 31, Steps: 66 | Train Loss: 0.1646581 Vali Loss: 0.9709606 Test Loss: 3.8371513
EarlyStopping counter: 29 out of 100
Updating learning rate to 5.23347633027361e-06
Epoch: 32 cost time: 6.627696514129639
Epoch: 32, Steps: 66 | Train Loss: 0.1642471 Vali Loss: 0.9826029 Test Loss: 3.8762019
EarlyStopping counter: 30 out of 100
Updating learning rate to 4.710128697246249e-06
Epoch: 33 cost time: 6.594085454940796
Epoch: 33, Steps: 66 | Train Loss: 0.1640550 Vali Loss: 0.9536738 Test Loss: 3.8846726
EarlyStopping counter: 31 out of 100
Updating learning rate to 4.239115827521624e-06
Epoch: 34 cost time: 6.6050262451171875
Epoch: 34, Steps: 66 | Train Loss: 0.1638333 Vali Loss: 0.9868281 Test Loss: 3.9305601
EarlyStopping counter: 32 out of 100
Updating learning rate to 3.815204244769462e-06
Epoch: 35 cost time: 6.615496873855591
Epoch: 35, Steps: 66 | Train Loss: 0.1632064 Vali Loss: 0.9697654 Test Loss: 3.9003835
EarlyStopping counter: 33 out of 100
Updating learning rate to 3.4336838202925152e-06
Epoch: 36 cost time: 6.542782306671143
Epoch: 36, Steps: 66 | Train Loss: 0.1629721 Vali Loss: 0.9679568 Test Loss: 3.9139211
EarlyStopping counter: 34 out of 100
Updating learning rate to 3.090315438263264e-06
Epoch: 37 cost time: 6.648771286010742
Epoch: 37, Steps: 66 | Train Loss: 0.1623222 Vali Loss: 0.9683786 Test Loss: 3.8821118
EarlyStopping counter: 35 out of 100
Updating learning rate to 2.7812838944369375e-06
Epoch: 38 cost time: 6.575309753417969
Epoch: 38, Steps: 66 | Train Loss: 0.1621574 Vali Loss: 0.9730973 Test Loss: 3.9176357
EarlyStopping counter: 36 out of 100
Updating learning rate to 2.503155504993244e-06
Epoch: 39 cost time: 6.690596580505371
Epoch: 39, Steps: 66 | Train Loss: 0.1622127 Vali Loss: 0.9624515 Test Loss: 3.8791199
EarlyStopping counter: 37 out of 100
Updating learning rate to 2.2528399544939195e-06
Epoch: 40 cost time: 6.664491176605225
Epoch: 40, Steps: 66 | Train Loss: 0.1615791 Vali Loss: 0.9624120 Test Loss: 3.8028653
EarlyStopping counter: 38 out of 100
Updating learning rate to 2.0275559590445276e-06
Epoch: 41 cost time: 6.6641998291015625
Epoch: 41, Steps: 66 | Train Loss: 0.1617065 Vali Loss: 0.9653876 Test Loss: 3.8154061
EarlyStopping counter: 39 out of 100
Updating learning rate to 1.8248003631400751e-06
Epoch: 42 cost time: 6.671335458755493
Epoch: 42, Steps: 66 | Train Loss: 0.1615225 Vali Loss: 0.9615474 Test Loss: 3.7946763
EarlyStopping counter: 40 out of 100
Updating learning rate to 1.6423203268260676e-06
Epoch: 43 cost time: 6.721848487854004
Epoch: 43, Steps: 66 | Train Loss: 0.1612288 Vali Loss: 0.9654168 Test Loss: 3.8252635
EarlyStopping counter: 41 out of 100
Updating learning rate to 1.4780882941434609e-06
Epoch: 44 cost time: 6.504661560058594
Epoch: 44, Steps: 66 | Train Loss: 0.1609553 Vali Loss: 0.9582331 Test Loss: 3.8459814
EarlyStopping counter: 42 out of 100
Updating learning rate to 1.3302794647291146e-06
Epoch: 45 cost time: 6.591520309448242
Epoch: 45, Steps: 66 | Train Loss: 0.1608345 Vali Loss: 0.9645315 Test Loss: 3.7993407
EarlyStopping counter: 43 out of 100
Updating learning rate to 1.1972515182562034e-06
Epoch: 46 cost time: 6.549082517623901
Epoch: 46, Steps: 66 | Train Loss: 0.1608961 Vali Loss: 0.9652901 Test Loss: 3.8097506
EarlyStopping counter: 44 out of 100
Updating learning rate to 1.077526366430583e-06
Epoch: 47 cost time: 6.554565906524658
Epoch: 47, Steps: 66 | Train Loss: 0.1604647 Vali Loss: 0.9571905 Test Loss: 3.8389981
EarlyStopping counter: 45 out of 100
Updating learning rate to 9.697737297875248e-07
Epoch: 48 cost time: 6.56866979598999
Epoch: 48, Steps: 66 | Train Loss: 0.1603490 Vali Loss: 0.9624325 Test Loss: 3.8151150
EarlyStopping counter: 46 out of 100
Updating learning rate to 8.727963568087723e-07
Epoch: 49 cost time: 6.619934320449829
Epoch: 49, Steps: 66 | Train Loss: 0.1606143 Vali Loss: 0.9821774 Test Loss: 3.8580246
EarlyStopping counter: 47 out of 100
Updating learning rate to 7.855167211278951e-07
Epoch: 50 cost time: 6.601574182510376
Epoch: 50, Steps: 66 | Train Loss: 0.1602056 Vali Loss: 0.9644604 Test Loss: 3.8211100
EarlyStopping counter: 48 out of 100
Updating learning rate to 7.069650490151056e-07
Epoch: 51 cost time: 6.531246185302734
Epoch: 51, Steps: 66 | Train Loss: 0.1602795 Vali Loss: 0.9486498 Test Loss: 3.7987645
EarlyStopping counter: 49 out of 100
Updating learning rate to 6.36268544113595e-07
Epoch: 52 cost time: 6.585323810577393
Epoch: 52, Steps: 66 | Train Loss: 0.1601103 Vali Loss: 0.9608083 Test Loss: 3.8089178
EarlyStopping counter: 50 out of 100
Updating learning rate to 5.726416897022355e-07
Epoch: 53 cost time: 6.601983308792114
Epoch: 53, Steps: 66 | Train Loss: 0.1603348 Vali Loss: 0.9707651 Test Loss: 3.8495018
EarlyStopping counter: 51 out of 100
Updating learning rate to 5.15377520732012e-07
Epoch: 54 cost time: 6.486830472946167
Epoch: 54, Steps: 66 | Train Loss: 0.1598956 Vali Loss: 0.9706550 Test Loss: 3.8313882
EarlyStopping counter: 52 out of 100
Updating learning rate to 4.6383976865881085e-07
Epoch: 55 cost time: 6.624205112457275
Epoch: 55, Steps: 66 | Train Loss: 0.1599356 Vali Loss: 0.9636132 Test Loss: 3.8186362
EarlyStopping counter: 53 out of 100
Updating learning rate to 4.174557917929298e-07
Epoch: 56 cost time: 6.570491552352905
Epoch: 56, Steps: 66 | Train Loss: 0.1598598 Vali Loss: 0.9695878 Test Loss: 3.8146167
EarlyStopping counter: 54 out of 100
Updating learning rate to 3.7571021261363677e-07
Epoch: 57 cost time: 6.558403730392456
Epoch: 57, Steps: 66 | Train Loss: 0.1597878 Vali Loss: 0.9638129 Test Loss: 3.8362205
EarlyStopping counter: 55 out of 100
Updating learning rate to 3.381391913522731e-07
Epoch: 58 cost time: 6.529932975769043
Epoch: 58, Steps: 66 | Train Loss: 0.1596002 Vali Loss: 0.9608271 Test Loss: 3.7896299
EarlyStopping counter: 56 out of 100
Updating learning rate to 3.043252722170458e-07
Epoch: 59 cost time: 6.48349404335022
Epoch: 59, Steps: 66 | Train Loss: 0.1596144 Vali Loss: 0.9657173 Test Loss: 3.7991104
EarlyStopping counter: 57 out of 100
Updating learning rate to 2.7389274499534124e-07
Epoch: 60 cost time: 6.599425792694092
Epoch: 60, Steps: 66 | Train Loss: 0.1598485 Vali Loss: 0.9614710 Test Loss: 3.8000057
EarlyStopping counter: 58 out of 100
Updating learning rate to 2.465034704958071e-07
Epoch: 61 cost time: 6.447795391082764
Epoch: 61, Steps: 66 | Train Loss: 0.1598710 Vali Loss: 0.9626229 Test Loss: 3.7887290
EarlyStopping counter: 59 out of 100
Updating learning rate to 2.218531234462264e-07
Epoch: 62 cost time: 6.462212085723877
Epoch: 62, Steps: 66 | Train Loss: 0.1598174 Vali Loss: 0.9596734 Test Loss: 3.8131776
EarlyStopping counter: 60 out of 100
Updating learning rate to 1.9966781110160376e-07
Epoch: 63 cost time: 6.4317402839660645
Epoch: 63, Steps: 66 | Train Loss: 0.1600050 Vali Loss: 0.9569539 Test Loss: 3.7939620
EarlyStopping counter: 61 out of 100
Updating learning rate to 1.797010299914434e-07
Epoch: 64 cost time: 6.517365455627441
Epoch: 64, Steps: 66 | Train Loss: 0.1592701 Vali Loss: 0.9657815 Test Loss: 3.8400614
EarlyStopping counter: 62 out of 100
Updating learning rate to 1.6173092699229907e-07
Epoch: 65 cost time: 6.597954273223877
Epoch: 65, Steps: 66 | Train Loss: 0.1596352 Vali Loss: 0.9571925 Test Loss: 3.8161261
EarlyStopping counter: 63 out of 100
Updating learning rate to 1.4555783429306916e-07
Epoch: 66 cost time: 6.475745439529419
Epoch: 66, Steps: 66 | Train Loss: 0.1594023 Vali Loss: 0.9583015 Test Loss: 3.7946873
EarlyStopping counter: 64 out of 100
Updating learning rate to 1.3100205086376224e-07
Epoch: 67 cost time: 6.468793869018555
Epoch: 67, Steps: 66 | Train Loss: 0.1595219 Vali Loss: 0.9623340 Test Loss: 3.8305302
EarlyStopping counter: 65 out of 100
Updating learning rate to 1.1790184577738603e-07
Epoch: 68 cost time: 6.412732839584351
Epoch: 68, Steps: 66 | Train Loss: 0.1595674 Vali Loss: 0.9554009 Test Loss: 3.7985597
EarlyStopping counter: 66 out of 100
Updating learning rate to 1.0611166119964742e-07
Epoch: 69 cost time: 6.512189149856567
Epoch: 69, Steps: 66 | Train Loss: 0.1596817 Vali Loss: 0.9623304 Test Loss: 3.8057377
EarlyStopping counter: 67 out of 100
Updating learning rate to 9.550049507968268e-08
Epoch: 70 cost time: 6.429052829742432
Epoch: 70, Steps: 66 | Train Loss: 0.1595686 Vali Loss: 0.9644814 Test Loss: 3.8215837
EarlyStopping counter: 68 out of 100
Updating learning rate to 8.595044557171442e-08
Epoch: 71 cost time: 6.502344608306885
Epoch: 71, Steps: 66 | Train Loss: 0.1595864 Vali Loss: 0.9598469 Test Loss: 3.8097858
EarlyStopping counter: 69 out of 100
Updating learning rate to 7.735540101454298e-08
Epoch: 72 cost time: 6.513956546783447
Epoch: 72, Steps: 66 | Train Loss: 0.1598030 Vali Loss: 0.9632757 Test Loss: 3.8323467
EarlyStopping counter: 70 out of 100
Updating learning rate to 6.961986091308869e-08
Epoch: 73 cost time: 6.482348680496216
Epoch: 73, Steps: 66 | Train Loss: 0.1597745 Vali Loss: 0.9616918 Test Loss: 3.8134148
EarlyStopping counter: 71 out of 100
Updating learning rate to 6.265787482177981e-08
Epoch: 74 cost time: 6.70035982131958
Epoch: 74, Steps: 66 | Train Loss: 0.1595790 Vali Loss: 0.9595644 Test Loss: 3.8025501
EarlyStopping counter: 72 out of 100
Updating learning rate to 5.639208733960184e-08
Epoch: 75 cost time: 6.607852935791016
Epoch: 75, Steps: 66 | Train Loss: 0.1595106 Vali Loss: 0.9641576 Test Loss: 3.8315146
EarlyStopping counter: 73 out of 100
Updating learning rate to 5.075287860564165e-08
Epoch: 76 cost time: 6.5256969928741455
Epoch: 76, Steps: 66 | Train Loss: 0.1596252 Vali Loss: 0.9584110 Test Loss: 3.8239262
EarlyStopping counter: 74 out of 100
Updating learning rate to 4.567759074507749e-08
Epoch: 77 cost time: 6.501512050628662
Epoch: 77, Steps: 66 | Train Loss: 0.1592699 Vali Loss: 0.9634274 Test Loss: 3.8108945
EarlyStopping counter: 75 out of 100
Updating learning rate to 4.1109831670569744e-08
Epoch: 78 cost time: 6.538244962692261
Epoch: 78, Steps: 66 | Train Loss: 0.1592480 Vali Loss: 0.9628804 Test Loss: 3.8049204
EarlyStopping counter: 76 out of 100
Updating learning rate to 3.6998848503512764e-08
Epoch: 79 cost time: 6.521082162857056
Epoch: 79, Steps: 66 | Train Loss: 0.1594458 Vali Loss: 0.9722430 Test Loss: 3.8231189
EarlyStopping counter: 77 out of 100
Updating learning rate to 3.3298963653161496e-08
Epoch: 80 cost time: 6.517136335372925
Epoch: 80, Steps: 66 | Train Loss: 0.1593298 Vali Loss: 0.9551162 Test Loss: 3.8015990
EarlyStopping counter: 78 out of 100
Updating learning rate to 2.996906728784534e-08
Epoch: 81 cost time: 6.659618139266968
Epoch: 81, Steps: 66 | Train Loss: 0.1593609 Vali Loss: 0.9643297 Test Loss: 3.8227866
EarlyStopping counter: 79 out of 100
Updating learning rate to 2.697216055906081e-08
Epoch: 82 cost time: 6.523593187332153
Epoch: 82, Steps: 66 | Train Loss: 0.1595788 Vali Loss: 0.9737926 Test Loss: 3.8260422
EarlyStopping counter: 80 out of 100
Updating learning rate to 2.427494450315473e-08
Epoch: 83 cost time: 6.481308698654175
Epoch: 83, Steps: 66 | Train Loss: 0.1597430 Vali Loss: 0.9678274 Test Loss: 3.8055224
EarlyStopping counter: 81 out of 100
Updating learning rate to 2.1847450052839257e-08
Epoch: 84 cost time: 6.385554790496826
Epoch: 84, Steps: 66 | Train Loss: 0.1592978 Vali Loss: 0.9599779 Test Loss: 3.8185909
EarlyStopping counter: 82 out of 100
Updating learning rate to 1.9662705047555332e-08
Epoch: 85 cost time: 6.4048380851745605
Epoch: 85, Steps: 66 | Train Loss: 0.1596384 Vali Loss: 0.9734716 Test Loss: 3.8383777
EarlyStopping counter: 83 out of 100
Updating learning rate to 1.7696434542799797e-08
Epoch: 86 cost time: 6.468022346496582
Epoch: 86, Steps: 66 | Train Loss: 0.1594237 Vali Loss: 0.9625341 Test Loss: 3.8195224
EarlyStopping counter: 84 out of 100
Updating learning rate to 1.5926791088519817e-08
Epoch: 87 cost time: 6.489919424057007
Epoch: 87, Steps: 66 | Train Loss: 0.1595801 Vali Loss: 0.9608248 Test Loss: 3.8083713
EarlyStopping counter: 85 out of 100
Updating learning rate to 1.4334111979667836e-08
Epoch: 88 cost time: 6.620913743972778
Epoch: 88, Steps: 66 | Train Loss: 0.1596064 Vali Loss: 0.9591989 Test Loss: 3.8272760
EarlyStopping counter: 86 out of 100
Updating learning rate to 1.2900700781701054e-08
Epoch: 89 cost time: 6.554150104522705
Epoch: 89, Steps: 66 | Train Loss: 0.1596762 Vali Loss: 0.9569247 Test Loss: 3.8052797
EarlyStopping counter: 87 out of 100
Updating learning rate to 1.161063070353095e-08
Epoch: 90 cost time: 6.502343416213989
Epoch: 90, Steps: 66 | Train Loss: 0.1595687 Vali Loss: 0.9572867 Test Loss: 3.8084531
EarlyStopping counter: 88 out of 100
Updating learning rate to 1.0449567633177854e-08
Epoch: 91 cost time: 6.5724968910217285
Epoch: 91, Steps: 66 | Train Loss: 0.1597309 Vali Loss: 0.9639976 Test Loss: 3.8022065
EarlyStopping counter: 89 out of 100
Updating learning rate to 9.404610869860069e-09
Epoch: 92 cost time: 6.580218553543091
Epoch: 92, Steps: 66 | Train Loss: 0.1595214 Vali Loss: 0.9595313 Test Loss: 3.7993588
EarlyStopping counter: 90 out of 100
Updating learning rate to 8.464149782874063e-09
Epoch: 93 cost time: 6.589500427246094
Epoch: 93, Steps: 66 | Train Loss: 0.1594249 Vali Loss: 0.9610951 Test Loss: 3.8026755
EarlyStopping counter: 91 out of 100
Updating learning rate to 7.617734804586658e-09
Epoch: 94 cost time: 6.666018486022949
Epoch: 94, Steps: 66 | Train Loss: 0.1595126 Vali Loss: 0.9552342 Test Loss: 3.7774365
EarlyStopping counter: 92 out of 100
Updating learning rate to 6.855961324127991e-09
Epoch: 95 cost time: 6.583020448684692
Epoch: 95, Steps: 66 | Train Loss: 0.1591864 Vali Loss: 0.9613715 Test Loss: 3.7949386
EarlyStopping counter: 93 out of 100
Updating learning rate to 6.170365191715193e-09
Epoch: 96 cost time: 6.563127756118774
Epoch: 96, Steps: 66 | Train Loss: 0.1596031 Vali Loss: 0.9566202 Test Loss: 3.7856724
EarlyStopping counter: 94 out of 100
Updating learning rate to 5.5533286725436726e-09
Epoch: 97 cost time: 6.473920106887817
Epoch: 97, Steps: 66 | Train Loss: 0.1595156 Vali Loss: 0.9598085 Test Loss: 3.8264134
EarlyStopping counter: 95 out of 100
Updating learning rate to 4.997995805289306e-09
Epoch: 98 cost time: 6.6200995445251465
Epoch: 98, Steps: 66 | Train Loss: 0.1594266 Vali Loss: 0.9564564 Test Loss: 3.7788837
EarlyStopping counter: 96 out of 100
Updating learning rate to 4.498196224760375e-09
Epoch: 99 cost time: 6.488145589828491
Epoch: 99, Steps: 66 | Train Loss: 0.1596017 Vali Loss: 0.9653407 Test Loss: 3.8318732
EarlyStopping counter: 97 out of 100
Updating learning rate to 4.048376602284338e-09
Epoch: 100 cost time: 6.526108264923096
Epoch: 100, Steps: 66 | Train Loss: 0.1591278 Vali Loss: 0.9680942 Test Loss: 3.8127811
EarlyStopping counter: 98 out of 100
Updating learning rate to 3.643538942055904e-09
>>>>>>>testing : ETTh2_96_96_Informer_ETTh2_ftM_sl96_ll48_pl96_dm512_nh8_el2_dl1_df2048_fc3_ebtimeF_dtTrue_Exp_0<<<<<<<<<<<<<<<<<<<<<<<<<<<<<<<<<
test 2785
mse:2.5435898303985596, mae:1.3114736080169678, rse:1.274071455001831
