Args in experiment:
Namespace(activation='gelu', affine=0, batch_size=128, c_out=7, checkpoints='./checkpoints/', d_ff=2048, d_layers=1, d_model=512, data='custom', data_path='national_illness.csv', dec_in=7, decomposition=0, des='Exp', devices='0,1,2,3', distil=True, do_predict=False, dropout=0.05, e_layers=2, embed='timeF', embed_type=0, enc_in=7, factor=3, fc_dropout=0.05, features='M', freq='h', gpu=0, head_dropout=0.0, individual=0, is_training=1, itr=1, kernel_size=25, label_len=18, learning_rate=0.0001, loss='mse', lradj='type3', model='Informer', model_id='ili_36_24', moving_avg=25, n_heads=8, num_workers=10, output_attention=False, padding_patch='end', patch_len=16, patience=100, pct_start=0.3, pred_len=24, random_seed=2021, revin=1, root_path='./dataset/', seq_len=36, stride=8, subtract_last=0, target='OT', test_flop=False, train_epochs=100, use_amp=False, use_gpu=True, use_multi_gpu=False)
Use GPU: cuda:0
>>>>>>>start training : ili_36_24_Informer_custom_ftM_sl36_ll18_pl24_dm512_nh8_el2_dl1_df2048_fc3_ebtimeF_dtTrue_Exp_0>>>>>>>>>>>>>>>>>>>>>>>>>>
train 617
val 74
test 170
Epoch: 1 cost time: 2.0941483974456787
Epoch: 1, Steps: 4 | Train Loss: 1.3673579 Vali Loss: nan Test Loss: 7.6629496
Validation loss decreased (inf --> nan).  Saving model ...
Updating learning rate to 0.0001
Epoch: 2 cost time: 2.0983333587646484
Epoch: 2, Steps: 4 | Train Loss: 1.0176633 Vali Loss: nan Test Loss: 5.1501451
Validation loss decreased (nan --> nan).  Saving model ...
Updating learning rate to 0.0001
Epoch: 3 cost time: 2.2404003143310547
Epoch: 3, Steps: 4 | Train Loss: 0.8651917 Vali Loss: nan Test Loss: 4.6702061
Validation loss decreased (nan --> nan).  Saving model ...
Updating learning rate to 0.0001
Epoch: 4 cost time: 2.1758596897125244
Epoch: 4, Steps: 4 | Train Loss: 0.7245829 Vali Loss: nan Test Loss: 5.0378480
Validation loss decreased (nan --> nan).  Saving model ...
Updating learning rate to 9e-05
Epoch: 5 cost time: 2.0252127647399902
Epoch: 5, Steps: 4 | Train Loss: 0.6590587 Vali Loss: nan Test Loss: 5.0712829
Validation loss decreased (nan --> nan).  Saving model ...
Updating learning rate to 8.1e-05
Epoch: 6 cost time: 2.0891506671905518
Epoch: 6, Steps: 4 | Train Loss: 0.6188065 Vali Loss: nan Test Loss: 4.8619475
Validation loss decreased (nan --> nan).  Saving model ...
Updating learning rate to 7.290000000000001e-05
Epoch: 7 cost time: 2.206709861755371
Epoch: 7, Steps: 4 | Train Loss: 0.5598617 Vali Loss: nan Test Loss: 5.0688162
Validation loss decreased (nan --> nan).  Saving model ...
Updating learning rate to 6.561e-05
Epoch: 8 cost time: 2.1561050415039062
Epoch: 8, Steps: 4 | Train Loss: 0.5141603 Vali Loss: nan Test Loss: 5.3891726
Validation loss decreased (nan --> nan).  Saving model ...
Updating learning rate to 5.904900000000001e-05
Epoch: 9 cost time: 2.195093870162964
Epoch: 9, Steps: 4 | Train Loss: 0.4433980 Vali Loss: nan Test Loss: 5.4353199
Validation loss decreased (nan --> nan).  Saving model ...
Updating learning rate to 5.3144100000000005e-05
Epoch: 10 cost time: 2.086221694946289
Epoch: 10, Steps: 4 | Train Loss: 0.4295176 Vali Loss: nan Test Loss: 5.6405067
Validation loss decreased (nan --> nan).  Saving model ...
Updating learning rate to 4.782969000000001e-05
Epoch: 11 cost time: 2.252608060836792
Epoch: 11, Steps: 4 | Train Loss: 0.4039632 Vali Loss: nan Test Loss: 5.7125297
Validation loss decreased (nan --> nan).  Saving model ...
Updating learning rate to 4.304672100000001e-05
Epoch: 12 cost time: 2.083787202835083
Epoch: 12, Steps: 4 | Train Loss: 0.4038369 Vali Loss: nan Test Loss: 5.5702124
Validation loss decreased (nan --> nan).  Saving model ...
Updating learning rate to 3.874204890000001e-05
Epoch: 13 cost time: 2.209432363510132
Epoch: 13, Steps: 4 | Train Loss: 0.3960481 Vali Loss: nan Test Loss: 5.6710510
Validation loss decreased (nan --> nan).  Saving model ...
Updating learning rate to 3.486784401000001e-05
Epoch: 14 cost time: 2.0766263008117676
Epoch: 14, Steps: 4 | Train Loss: 0.3739978 Vali Loss: nan Test Loss: 5.5499430
Validation loss decreased (nan --> nan).  Saving model ...
Updating learning rate to 3.138105960900001e-05
Epoch: 15 cost time: 2.127185583114624
Epoch: 15, Steps: 4 | Train Loss: 0.3525036 Vali Loss: nan Test Loss: 5.3645058
Validation loss decreased (nan --> nan).  Saving model ...
Updating learning rate to 2.824295364810001e-05
Epoch: 16 cost time: 2.0755956172943115
Epoch: 16, Steps: 4 | Train Loss: 0.3585960 Vali Loss: nan Test Loss: 5.4923816
Validation loss decreased (nan --> nan).  Saving model ...
Updating learning rate to 2.541865828329001e-05
Epoch: 17 cost time: 2.091801404953003
Epoch: 17, Steps: 4 | Train Loss: 0.3467260 Vali Loss: nan Test Loss: 5.4763627
Validation loss decreased (nan --> nan).  Saving model ...
Updating learning rate to 2.287679245496101e-05
Epoch: 18 cost time: 2.1026968955993652
Epoch: 18, Steps: 4 | Train Loss: 0.3392965 Vali Loss: nan Test Loss: 5.3101959
Validation loss decreased (nan --> nan).  Saving model ...
Updating learning rate to 2.0589113209464907e-05
Epoch: 19 cost time: 2.1545190811157227
Epoch: 19, Steps: 4 | Train Loss: 0.3461926 Vali Loss: nan Test Loss: 5.2525778
Validation loss decreased (nan --> nan).  Saving model ...
Updating learning rate to 1.8530201888518416e-05
Epoch: 20 cost time: 1.8625645637512207
Epoch: 20, Steps: 4 | Train Loss: 0.3567892 Vali Loss: nan Test Loss: 5.3457360
Validation loss decreased (nan --> nan).  Saving model ...
Updating learning rate to 1.6677181699666577e-05
Epoch: 21 cost time: 2.2069315910339355
Epoch: 21, Steps: 4 | Train Loss: 0.3430857 Vali Loss: nan Test Loss: 5.3805161
Validation loss decreased (nan --> nan).  Saving model ...
Updating learning rate to 1.5009463529699919e-05
Epoch: 22 cost time: 2.1974780559539795
Epoch: 22, Steps: 4 | Train Loss: 0.3289200 Vali Loss: nan Test Loss: 5.3327003
Validation loss decreased (nan --> nan).  Saving model ...
Updating learning rate to 1.3508517176729929e-05
Epoch: 23 cost time: 2.011082887649536
Epoch: 23, Steps: 4 | Train Loss: 0.3296789 Vali Loss: nan Test Loss: 5.3221169
Validation loss decreased (nan --> nan).  Saving model ...
Updating learning rate to 1.2157665459056936e-05
Epoch: 24 cost time: 2.042059898376465
Epoch: 24, Steps: 4 | Train Loss: 0.3154202 Vali Loss: nan Test Loss: 5.2988043
Validation loss decreased (nan --> nan).  Saving model ...
Updating learning rate to 1.0941898913151242e-05
Epoch: 25 cost time: 2.15639591217041
Epoch: 25, Steps: 4 | Train Loss: 0.3251731 Vali Loss: nan Test Loss: 5.2936172
Validation loss decreased (nan --> nan).  Saving model ...
Updating learning rate to 9.847709021836118e-06
Epoch: 26 cost time: 2.25050687789917
Epoch: 26, Steps: 4 | Train Loss: 0.3187371 Vali Loss: nan Test Loss: 5.3283744
Validation loss decreased (nan --> nan).  Saving model ...
Updating learning rate to 8.862938119652508e-06
Epoch: 27 cost time: 2.152348756790161
Epoch: 27, Steps: 4 | Train Loss: 0.3062760 Vali Loss: nan Test Loss: 5.3081689
Validation loss decreased (nan --> nan).  Saving model ...
Updating learning rate to 7.976644307687255e-06
Epoch: 28 cost time: 2.2620959281921387
Epoch: 28, Steps: 4 | Train Loss: 0.3163505 Vali Loss: nan Test Loss: 5.2565145
Validation loss decreased (nan --> nan).  Saving model ...
Updating learning rate to 7.178979876918531e-06
Epoch: 29 cost time: 2.0629639625549316
Epoch: 29, Steps: 4 | Train Loss: 0.2884780 Vali Loss: nan Test Loss: 5.2130027
Validation loss decreased (nan --> nan).  Saving model ...
Updating learning rate to 6.4610818892266776e-06
Epoch: 30 cost time: 2.2973718643188477
Epoch: 30, Steps: 4 | Train Loss: 0.3030214 Vali Loss: nan Test Loss: 5.1948552
Validation loss decreased (nan --> nan).  Saving model ...
Updating learning rate to 5.8149737003040096e-06
Epoch: 31 cost time: 2.1688356399536133
Epoch: 31, Steps: 4 | Train Loss: 0.3115452 Vali Loss: nan Test Loss: 5.2591224
Validation loss decreased (nan --> nan).  Saving model ...
Updating learning rate to 5.23347633027361e-06
Epoch: 32 cost time: 2.208174705505371
Epoch: 32, Steps: 4 | Train Loss: 0.2962042 Vali Loss: nan Test Loss: 5.2651587
Validation loss decreased (nan --> nan).  Saving model ...
Updating learning rate to 4.710128697246249e-06
Epoch: 33 cost time: 2.223982334136963
Epoch: 33, Steps: 4 | Train Loss: 0.3063689 Vali Loss: nan Test Loss: 5.3120961
Validation loss decreased (nan --> nan).  Saving model ...
Updating learning rate to 4.239115827521624e-06
Epoch: 34 cost time: 2.0935025215148926
Epoch: 34, Steps: 4 | Train Loss: 0.2949486 Vali Loss: nan Test Loss: 5.3219094
Validation loss decreased (nan --> nan).  Saving model ...
Updating learning rate to 3.815204244769462e-06
Epoch: 35 cost time: 2.274880886077881
Epoch: 35, Steps: 4 | Train Loss: 0.3005940 Vali Loss: nan Test Loss: 5.2417769
Validation loss decreased (nan --> nan).  Saving model ...
Updating learning rate to 3.4336838202925152e-06
Epoch: 36 cost time: 2.3727564811706543
Epoch: 36, Steps: 4 | Train Loss: 0.3073966 Vali Loss: nan Test Loss: 5.2236686
Validation loss decreased (nan --> nan).  Saving model ...
Updating learning rate to 3.090315438263264e-06
Epoch: 37 cost time: 2.2403976917266846
Epoch: 37, Steps: 4 | Train Loss: 0.2943859 Vali Loss: nan Test Loss: 5.2096891
Validation loss decreased (nan --> nan).  Saving model ...
Updating learning rate to 2.7812838944369375e-06
Epoch: 38 cost time: 2.280632734298706
Epoch: 38, Steps: 4 | Train Loss: 0.2948488 Vali Loss: nan Test Loss: 5.1926675
Validation loss decreased (nan --> nan).  Saving model ...
Updating learning rate to 2.503155504993244e-06
Epoch: 39 cost time: 2.1265904903411865
Epoch: 39, Steps: 4 | Train Loss: 0.3021040 Vali Loss: nan Test Loss: 5.2181730
Validation loss decreased (nan --> nan).  Saving model ...
Updating learning rate to 2.2528399544939195e-06
Epoch: 40 cost time: 2.157033920288086
Epoch: 40, Steps: 4 | Train Loss: 0.2964652 Vali Loss: nan Test Loss: 5.2310052
Validation loss decreased (nan --> nan).  Saving model ...
Updating learning rate to 2.0275559590445276e-06
Epoch: 41 cost time: 2.1852214336395264
Epoch: 41, Steps: 4 | Train Loss: 0.2861488 Vali Loss: nan Test Loss: 5.2321434
Validation loss decreased (nan --> nan).  Saving model ...
Updating learning rate to 1.8248003631400751e-06
Epoch: 42 cost time: 2.251927375793457
Epoch: 42, Steps: 4 | Train Loss: 0.3021339 Vali Loss: nan Test Loss: 5.2522798
Validation loss decreased (nan --> nan).  Saving model ...
Updating learning rate to 1.6423203268260676e-06
