Args in experiment:
Namespace(activation='gelu', affine=0, batch_size=32, c_out=7, checkpoints='./checkpoints/', d_ff=2048, d_layers=1, d_model=512, data='ETTh2', data_path='ETTh2.csv', dec_in=7, decomposition=0, des='Exp', devices='0,1,2,3', distil=True, do_predict=False, dropout=0.05, e_layers=2, embed='timeF', embed_type=0, enc_in=7, factor=1, fc_dropout=0.05, features='M', freq='h', gpu=0, head_dropout=0.0, individual=0, is_training=1, itr=1, kernel_size=25, label_len=48, learning_rate=0.05, loss='mse', lradj='type3', model='DLinear', model_id='ETTh2_336_720', moving_avg=25, n_heads=8, num_workers=4, output_attention=False, padding_patch='end', patch_len=16, patience=100, pct_start=0.3, pred_len=720, random_seed=2021, revin=1, root_path='./dataset/', seq_len=336, stride=8, subtract_last=0, target='OT', test_flop=False, train_epochs=100, use_amp=False, use_gpu=True, use_multi_gpu=False)
Use GPU: cuda:0
>>>>>>>start training : ETTh2_336_720_DLinear_ETTh2_ftM_sl336_ll48_pl720_dm512_nh8_el2_dl1_df2048_fc1_ebtimeF_dtTrue_Exp_0>>>>>>>>>>>>>>>>>>>>>>>>>>
train 7585
val 2161
test 2161
	iters: 100, epoch: 1 | loss: 0.6942276
	speed: 0.0124s/iter; left time: 292.5378s
	iters: 200, epoch: 1 | loss: 0.7319641
	speed: 0.0044s/iter; left time: 103.0684s
Epoch: 1 cost time: 1.9625942707061768
Epoch: 1, Steps: 237 | Train Loss: 0.7488309 Vali Loss: 0.6847393 Test Loss: 0.7524789
Validation loss decreased (inf --> 0.684739).  Saving model ...
Updating learning rate to 0.05
	iters: 100, epoch: 2 | loss: 4.7248139
	speed: 0.0361s/iter; left time: 844.1282s
	iters: 200, epoch: 2 | loss: 1.9198347
	speed: 0.0045s/iter; left time: 105.5473s
Epoch: 2 cost time: 1.885788917541504
Epoch: 2, Steps: 237 | Train Loss: 2.8838726 Vali Loss: 1.6588514 Test Loss: 3.1645737
EarlyStopping counter: 1 out of 100
Updating learning rate to 0.05
	iters: 100, epoch: 3 | loss: 2.0165234
	speed: 0.0356s/iter; left time: 823.5258s
	iters: 200, epoch: 3 | loss: 1.5474155
	speed: 0.0047s/iter; left time: 107.9015s
Epoch: 3 cost time: 1.8927347660064697
Epoch: 3, Steps: 237 | Train Loss: 1.4742648 Vali Loss: 1.0539429 Test Loss: 1.3300714
EarlyStopping counter: 2 out of 100
Updating learning rate to 0.05
	iters: 100, epoch: 4 | loss: 1.4467715
	speed: 0.0345s/iter; left time: 789.1131s
	iters: 200, epoch: 4 | loss: 1.9980328
	speed: 0.0048s/iter; left time: 108.9057s
Epoch: 4 cost time: 1.8363597393035889
Epoch: 4, Steps: 237 | Train Loss: 1.4943887 Vali Loss: 1.3528385 Test Loss: 1.6224260
EarlyStopping counter: 3 out of 100
Updating learning rate to 0.045000000000000005
	iters: 100, epoch: 5 | loss: 1.4280161
	speed: 0.0367s/iter; left time: 830.3591s
	iters: 200, epoch: 5 | loss: 1.6130866
	speed: 0.0047s/iter; left time: 105.7022s
Epoch: 5 cost time: 1.950092077255249
Epoch: 5, Steps: 237 | Train Loss: 1.5156741 Vali Loss: 1.2625618 Test Loss: 2.3177798
EarlyStopping counter: 4 out of 100
Updating learning rate to 0.04050000000000001
	iters: 100, epoch: 6 | loss: 1.0578560
	speed: 0.0377s/iter; left time: 845.9033s
	iters: 200, epoch: 6 | loss: 0.8390487
	speed: 0.0045s/iter; left time: 100.6518s
Epoch: 6 cost time: 1.8867383003234863
Epoch: 6, Steps: 237 | Train Loss: 1.2866889 Vali Loss: 1.0648474 Test Loss: 1.7325511
EarlyStopping counter: 5 out of 100
Updating learning rate to 0.03645
	iters: 100, epoch: 7 | loss: 1.3074987
	speed: 0.0363s/iter; left time: 804.8827s
	iters: 200, epoch: 7 | loss: 1.0095803
	speed: 0.0047s/iter; left time: 102.7414s
Epoch: 7 cost time: 1.879455804824829
Epoch: 7, Steps: 237 | Train Loss: 1.0766278 Vali Loss: 1.0834820 Test Loss: 1.9233854
EarlyStopping counter: 6 out of 100
Updating learning rate to 0.032805
	iters: 100, epoch: 8 | loss: 1.4304024
	speed: 0.0353s/iter; left time: 774.5055s
	iters: 200, epoch: 8 | loss: 1.2629060
	speed: 0.0046s/iter; left time: 100.4438s
Epoch: 8 cost time: 1.754425287246704
Epoch: 8, Steps: 237 | Train Loss: 1.1740854 Vali Loss: 0.9336452 Test Loss: 1.3164321
EarlyStopping counter: 7 out of 100
Updating learning rate to 0.029524500000000006
	iters: 100, epoch: 9 | loss: 0.6838933
	speed: 0.0381s/iter; left time: 827.7615s
	iters: 200, epoch: 9 | loss: 1.1281283
	speed: 0.0047s/iter; left time: 101.6476s
Epoch: 9 cost time: 1.9087939262390137
Epoch: 9, Steps: 237 | Train Loss: 1.0884075 Vali Loss: 1.3502047 Test Loss: 2.8215353
EarlyStopping counter: 8 out of 100
Updating learning rate to 0.026572050000000003
	iters: 100, epoch: 10 | loss: 0.9116866
	speed: 0.0366s/iter; left time: 784.7013s
	iters: 200, epoch: 10 | loss: 2.1274979
	speed: 0.0046s/iter; left time: 98.6827s
Epoch: 10 cost time: 1.8744127750396729
Epoch: 10, Steps: 237 | Train Loss: 1.1384717 Vali Loss: 1.2436762 Test Loss: 3.0319014
EarlyStopping counter: 9 out of 100
Updating learning rate to 0.023914845000000004
	iters: 100, epoch: 11 | loss: 1.0787487
	speed: 0.0364s/iter; left time: 772.4899s
	iters: 200, epoch: 11 | loss: 1.1669290
	speed: 0.0048s/iter; left time: 100.9406s
Epoch: 11 cost time: 1.9449880123138428
Epoch: 11, Steps: 237 | Train Loss: 1.0283616 Vali Loss: 0.8665679 Test Loss: 1.3891131
EarlyStopping counter: 10 out of 100
Updating learning rate to 0.021523360500000005
	iters: 100, epoch: 12 | loss: 1.0787859
	speed: 0.0374s/iter; left time: 785.8170s
	iters: 200, epoch: 12 | loss: 1.0451726
	speed: 0.0047s/iter; left time: 98.2298s
Epoch: 12 cost time: 1.9599428176879883
Epoch: 12, Steps: 237 | Train Loss: 0.9387849 Vali Loss: 0.7910948 Test Loss: 1.0264956
EarlyStopping counter: 11 out of 100
Updating learning rate to 0.019371024450000007
	iters: 100, epoch: 13 | loss: 0.9349923
	speed: 0.0389s/iter; left time: 807.0682s
	iters: 200, epoch: 13 | loss: 0.7046984
	speed: 0.0044s/iter; left time: 91.2679s
Epoch: 13 cost time: 1.9729576110839844
Epoch: 13, Steps: 237 | Train Loss: 0.8922901 Vali Loss: 0.7866734 Test Loss: 1.0898246
EarlyStopping counter: 12 out of 100
Updating learning rate to 0.017433922005000005
	iters: 100, epoch: 14 | loss: 0.6743404
	speed: 0.0386s/iter; left time: 791.4248s
	iters: 200, epoch: 14 | loss: 0.7743719
	speed: 0.0045s/iter; left time: 91.1399s
Epoch: 14 cost time: 1.9278814792633057
Epoch: 14, Steps: 237 | Train Loss: 0.9022813 Vali Loss: 0.9075397 Test Loss: 1.5160536
EarlyStopping counter: 13 out of 100
Updating learning rate to 0.015690529804500003
	iters: 100, epoch: 15 | loss: 0.7651469
	speed: 0.0343s/iter; left time: 695.4697s
	iters: 200, epoch: 15 | loss: 1.3615053
	speed: 0.0046s/iter; left time: 92.9470s
Epoch: 15 cost time: 1.8273327350616455
Epoch: 15, Steps: 237 | Train Loss: 0.8993884 Vali Loss: 0.7511562 Test Loss: 0.8362314
EarlyStopping counter: 14 out of 100
Updating learning rate to 0.014121476824050006
	iters: 100, epoch: 16 | loss: 0.5438894
	speed: 0.0381s/iter; left time: 763.6435s
	iters: 200, epoch: 16 | loss: 1.0171856
	speed: 0.0045s/iter; left time: 90.5031s
Epoch: 16 cost time: 1.9245808124542236
Epoch: 16, Steps: 237 | Train Loss: 0.8601569 Vali Loss: 0.7691323 Test Loss: 1.0213227
EarlyStopping counter: 15 out of 100
Updating learning rate to 0.012709329141645005
	iters: 100, epoch: 17 | loss: 0.7366826
	speed: 0.0375s/iter; left time: 742.2566s
	iters: 200, epoch: 17 | loss: 0.5963584
	speed: 0.0048s/iter; left time: 95.1959s
Epoch: 17 cost time: 2.006131887435913
Epoch: 17, Steps: 237 | Train Loss: 0.8373834 Vali Loss: 0.7411285 Test Loss: 0.6444689
EarlyStopping counter: 16 out of 100
Updating learning rate to 0.011438396227480505
	iters: 100, epoch: 18 | loss: 0.5557907
	speed: 0.0374s/iter; left time: 731.9495s
	iters: 200, epoch: 18 | loss: 1.0322415
	speed: 0.0046s/iter; left time: 89.8134s
Epoch: 18 cost time: 1.8670063018798828
Epoch: 18, Steps: 237 | Train Loss: 0.8313456 Vali Loss: 0.6795303 Test Loss: 0.6445494
Validation loss decreased (0.684739 --> 0.679530).  Saving model ...
Updating learning rate to 0.010294556604732455
	iters: 100, epoch: 19 | loss: 0.9672864
	speed: 0.0357s/iter; left time: 690.8849s
	iters: 200, epoch: 19 | loss: 0.7327306
	speed: 0.0048s/iter; left time: 92.6036s
Epoch: 19 cost time: 1.85658860206604
Epoch: 19, Steps: 237 | Train Loss: 0.8166456 Vali Loss: 0.8302924 Test Loss: 1.2582384
EarlyStopping counter: 1 out of 100
Updating learning rate to 0.009265100944259209
	iters: 100, epoch: 20 | loss: 0.8904637
	speed: 0.0385s/iter; left time: 736.0348s
	iters: 200, epoch: 20 | loss: 0.8935409
	speed: 0.0047s/iter; left time: 89.3483s
Epoch: 20 cost time: 1.9204561710357666
Epoch: 20, Steps: 237 | Train Loss: 0.7997023 Vali Loss: 0.7564571 Test Loss: 0.9461464
EarlyStopping counter: 2 out of 100
Updating learning rate to 0.008338590849833289
	iters: 100, epoch: 21 | loss: 0.9641957
	speed: 0.0392s/iter; left time: 739.8313s
	iters: 200, epoch: 21 | loss: 0.7389475
	speed: 0.0049s/iter; left time: 92.0515s
Epoch: 21 cost time: 1.970905065536499
Epoch: 21, Steps: 237 | Train Loss: 0.7995478 Vali Loss: 0.7518646 Test Loss: 1.1081401
EarlyStopping counter: 3 out of 100
Updating learning rate to 0.007504731764849959
	iters: 100, epoch: 22 | loss: 0.7651554
	speed: 0.0361s/iter; left time: 671.4572s
	iters: 200, epoch: 22 | loss: 1.2196913
	speed: 0.0046s/iter; left time: 84.8951s
Epoch: 22 cost time: 1.7620117664337158
Epoch: 22, Steps: 237 | Train Loss: 0.7869174 Vali Loss: 0.6579880 Test Loss: 0.6570019
Validation loss decreased (0.679530 --> 0.657988).  Saving model ...
Updating learning rate to 0.006754258588364964
	iters: 100, epoch: 23 | loss: 0.9907496
	speed: 0.0376s/iter; left time: 692.0608s
	iters: 200, epoch: 23 | loss: 0.6683447
	speed: 0.0046s/iter; left time: 84.0777s
Epoch: 23 cost time: 1.872427225112915
Epoch: 23, Steps: 237 | Train Loss: 0.7762589 Vali Loss: 0.7679566 Test Loss: 0.9346315
EarlyStopping counter: 1 out of 100
Updating learning rate to 0.006078832729528468
	iters: 100, epoch: 24 | loss: 0.5032350
	speed: 0.0370s/iter; left time: 671.1905s
	iters: 200, epoch: 24 | loss: 0.5221316
	speed: 0.0048s/iter; left time: 87.4526s
Epoch: 24 cost time: 1.9552981853485107
Epoch: 24, Steps: 237 | Train Loss: 0.7680038 Vali Loss: 0.7795750 Test Loss: 1.0842432
EarlyStopping counter: 2 out of 100
Updating learning rate to 0.005470949456575621
	iters: 100, epoch: 25 | loss: 0.7443628
	speed: 0.0373s/iter; left time: 668.1032s
	iters: 200, epoch: 25 | loss: 0.7241132
	speed: 0.0045s/iter; left time: 80.8914s
Epoch: 25 cost time: 1.920902967453003
Epoch: 25, Steps: 237 | Train Loss: 0.7632394 Vali Loss: 0.6841287 Test Loss: 0.7190732
EarlyStopping counter: 3 out of 100
Updating learning rate to 0.00492385451091806
	iters: 100, epoch: 26 | loss: 0.6891946
	speed: 0.0377s/iter; left time: 665.9499s
	iters: 200, epoch: 26 | loss: 0.8731401
	speed: 0.0052s/iter; left time: 92.1919s
Epoch: 26 cost time: 2.043689012527466
Epoch: 26, Steps: 237 | Train Loss: 0.7629650 Vali Loss: 0.7730707 Test Loss: 1.0219914
EarlyStopping counter: 4 out of 100
Updating learning rate to 0.004431469059826254
	iters: 100, epoch: 27 | loss: 0.9317433
	speed: 0.0388s/iter; left time: 675.8030s
	iters: 200, epoch: 27 | loss: 0.7258892
	speed: 0.0050s/iter; left time: 87.5052s
Epoch: 27 cost time: 2.042945623397827
Epoch: 27, Steps: 237 | Train Loss: 0.7484789 Vali Loss: 0.6514748 Test Loss: 0.6392549
Validation loss decreased (0.657988 --> 0.651475).  Saving model ...
Updating learning rate to 0.003988322153843628
	iters: 100, epoch: 28 | loss: 0.6342113
	speed: 0.0379s/iter; left time: 652.4788s
	iters: 200, epoch: 28 | loss: 0.7041438
	speed: 0.0045s/iter; left time: 77.7093s
Epoch: 28 cost time: 1.8477108478546143
Epoch: 28, Steps: 237 | Train Loss: 0.7470775 Vali Loss: 0.7239017 Test Loss: 1.0071626
EarlyStopping counter: 1 out of 100
Updating learning rate to 0.003589489938459265
	iters: 100, epoch: 29 | loss: 0.4436816
	speed: 0.0364s/iter; left time: 616.7643s
	iters: 200, epoch: 29 | loss: 0.9632596
	speed: 0.0047s/iter; left time: 79.3002s
Epoch: 29 cost time: 1.9001195430755615
Epoch: 29, Steps: 237 | Train Loss: 0.7417956 Vali Loss: 0.6991881 Test Loss: 0.8092673
EarlyStopping counter: 2 out of 100
Updating learning rate to 0.003230540944613339
	iters: 100, epoch: 30 | loss: 0.7660349
	speed: 0.0362s/iter; left time: 604.9335s
	iters: 200, epoch: 30 | loss: 0.9379752
	speed: 0.0045s/iter; left time: 75.5521s
Epoch: 30 cost time: 1.8372745513916016
Epoch: 30, Steps: 237 | Train Loss: 0.7414662 Vali Loss: 0.6987290 Test Loss: 0.7910745
EarlyStopping counter: 3 out of 100
Updating learning rate to 0.002907486850152005
	iters: 100, epoch: 31 | loss: 0.5771433
	speed: 0.0390s/iter; left time: 643.0287s
	iters: 200, epoch: 31 | loss: 0.4292777
	speed: 0.0045s/iter; left time: 74.1334s
Epoch: 31 cost time: 1.9736580848693848
Epoch: 31, Steps: 237 | Train Loss: 0.7325854 Vali Loss: 0.6531815 Test Loss: 0.6619942
EarlyStopping counter: 4 out of 100
Updating learning rate to 0.002616738165136805
	iters: 100, epoch: 32 | loss: 0.6156343
	speed: 0.0385s/iter; left time: 625.1111s
	iters: 200, epoch: 32 | loss: 0.4878156
	speed: 0.0045s/iter; left time: 73.0856s
Epoch: 32 cost time: 1.9602382183074951
Epoch: 32, Steps: 237 | Train Loss: 0.7295281 Vali Loss: 0.7269298 Test Loss: 0.9408399
EarlyStopping counter: 5 out of 100
Updating learning rate to 0.0023550643486231243
	iters: 100, epoch: 33 | loss: 0.5111231
	speed: 0.0362s/iter; left time: 579.5993s
	iters: 200, epoch: 33 | loss: 0.5852553
	speed: 0.0045s/iter; left time: 71.8874s
Epoch: 33 cost time: 1.8823668956756592
Epoch: 33, Steps: 237 | Train Loss: 0.7267661 Vali Loss: 0.6625485 Test Loss: 0.5567876
EarlyStopping counter: 6 out of 100
Updating learning rate to 0.002119557913760812
	iters: 100, epoch: 34 | loss: 0.8530103
	speed: 0.0388s/iter; left time: 612.0537s
	iters: 200, epoch: 34 | loss: 0.7100478
	speed: 0.0047s/iter; left time: 73.1919s
Epoch: 34 cost time: 1.9560844898223877
Epoch: 34, Steps: 237 | Train Loss: 0.7233770 Vali Loss: 0.6651652 Test Loss: 0.7333422
EarlyStopping counter: 7 out of 100
Updating learning rate to 0.0019076021223847308
	iters: 100, epoch: 35 | loss: 0.6861008
	speed: 0.0369s/iter; left time: 572.9119s
	iters: 200, epoch: 35 | loss: 1.0455956
	speed: 0.0045s/iter; left time: 69.2898s
Epoch: 35 cost time: 1.8317420482635498
Epoch: 35, Steps: 237 | Train Loss: 0.7213396 Vali Loss: 0.7129733 Test Loss: 0.8663365
EarlyStopping counter: 8 out of 100
Updating learning rate to 0.0017168419101462576
	iters: 100, epoch: 36 | loss: 0.6093612
	speed: 0.0363s/iter; left time: 555.6581s
	iters: 200, epoch: 36 | loss: 0.7137378
	speed: 0.0044s/iter; left time: 67.2157s
Epoch: 36 cost time: 1.91082763671875
Epoch: 36, Steps: 237 | Train Loss: 0.7190968 Vali Loss: 0.6735356 Test Loss: 0.7906677
EarlyStopping counter: 9 out of 100
Updating learning rate to 0.001545157719131632
	iters: 100, epoch: 37 | loss: 0.8799200
	speed: 0.0370s/iter; left time: 557.1742s
	iters: 200, epoch: 37 | loss: 0.9318671
	speed: 0.0044s/iter; left time: 65.3061s
Epoch: 37 cost time: 1.8778126239776611
Epoch: 37, Steps: 237 | Train Loss: 0.7181893 Vali Loss: 0.7010081 Test Loss: 0.9158543
EarlyStopping counter: 10 out of 100
Updating learning rate to 0.0013906419472184688
	iters: 100, epoch: 38 | loss: 0.7534869
	speed: 0.0367s/iter; left time: 544.4199s
	iters: 200, epoch: 38 | loss: 0.6596709
	speed: 0.0048s/iter; left time: 70.0919s
Epoch: 38 cost time: 1.8749356269836426
Epoch: 38, Steps: 237 | Train Loss: 0.7134018 Vali Loss: 0.6817340 Test Loss: 0.8656532
EarlyStopping counter: 11 out of 100
Updating learning rate to 0.001251577752496622
	iters: 100, epoch: 39 | loss: 0.6260012
	speed: 0.0378s/iter; left time: 551.7293s
	iters: 200, epoch: 39 | loss: 0.7112579
	speed: 0.0047s/iter; left time: 68.7787s
Epoch: 39 cost time: 1.8457403182983398
Epoch: 39, Steps: 237 | Train Loss: 0.7125776 Vali Loss: 0.6975461 Test Loss: 0.8017172
EarlyStopping counter: 12 out of 100
Updating learning rate to 0.0011264199772469598
	iters: 100, epoch: 40 | loss: 0.9795417
	speed: 0.0364s/iter; left time: 522.0332s
	iters: 200, epoch: 40 | loss: 0.6783999
	speed: 0.0046s/iter; left time: 65.5376s
Epoch: 40 cost time: 1.9066755771636963
Epoch: 40, Steps: 237 | Train Loss: 0.7116379 Vali Loss: 0.6752999 Test Loss: 0.7287369
EarlyStopping counter: 13 out of 100
Updating learning rate to 0.0010137779795222639
	iters: 100, epoch: 41 | loss: 0.7466568
	speed: 0.0382s/iter; left time: 539.1968s
	iters: 200, epoch: 41 | loss: 0.9608379
	speed: 0.0045s/iter; left time: 62.9033s
Epoch: 41 cost time: 1.921797752380371
Epoch: 41, Steps: 237 | Train Loss: 0.7096960 Vali Loss: 0.6804051 Test Loss: 0.7731665
EarlyStopping counter: 14 out of 100
Updating learning rate to 0.0009124001815700375
	iters: 100, epoch: 42 | loss: 0.6362314
	speed: 0.0359s/iter; left time: 498.4532s
	iters: 200, epoch: 42 | loss: 0.5416205
	speed: 0.0044s/iter; left time: 61.2841s
Epoch: 42 cost time: 1.8169591426849365
Epoch: 42, Steps: 237 | Train Loss: 0.7070827 Vali Loss: 0.6738155 Test Loss: 0.7766744
EarlyStopping counter: 15 out of 100
Updating learning rate to 0.0008211601634130338
	iters: 100, epoch: 43 | loss: 0.5916103
	speed: 0.0364s/iter; left time: 497.2780s
	iters: 200, epoch: 43 | loss: 0.6646463
	speed: 0.0045s/iter; left time: 60.7160s
Epoch: 43 cost time: 1.830796480178833
Epoch: 43, Steps: 237 | Train Loss: 0.7071784 Vali Loss: 0.6433163 Test Loss: 0.6201240
Validation loss decreased (0.651475 --> 0.643316).  Saving model ...
Updating learning rate to 0.0007390441470717305
	iters: 100, epoch: 44 | loss: 0.7010047
	speed: 0.0389s/iter; left time: 521.0188s
	iters: 200, epoch: 44 | loss: 0.3849194
	speed: 0.0046s/iter; left time: 60.9086s
Epoch: 44 cost time: 1.99808669090271
Epoch: 44, Steps: 237 | Train Loss: 0.7051407 Vali Loss: 0.6932384 Test Loss: 0.8004144
EarlyStopping counter: 1 out of 100
Updating learning rate to 0.0006651397323645574
	iters: 100, epoch: 45 | loss: 0.8499463
	speed: 0.0364s/iter; left time: 479.0156s
	iters: 200, epoch: 45 | loss: 0.9576247
	speed: 0.0048s/iter; left time: 62.4531s
Epoch: 45 cost time: 1.907313346862793
Epoch: 45, Steps: 237 | Train Loss: 0.7039588 Vali Loss: 0.6515493 Test Loss: 0.6792486
EarlyStopping counter: 2 out of 100
Updating learning rate to 0.0005986257591281017
	iters: 100, epoch: 46 | loss: 0.7563915
	speed: 0.0374s/iter; left time: 484.2163s
	iters: 200, epoch: 46 | loss: 0.6755569
	speed: 0.0045s/iter; left time: 58.2894s
Epoch: 46 cost time: 2.0432443618774414
Epoch: 46, Steps: 237 | Train Loss: 0.7044689 Vali Loss: 0.6527716 Test Loss: 0.7309716
EarlyStopping counter: 3 out of 100
Updating learning rate to 0.0005387631832152915
	iters: 100, epoch: 47 | loss: 0.4392086
	speed: 0.0370s/iter; left time: 470.1815s
	iters: 200, epoch: 47 | loss: 0.5866472
	speed: 0.0047s/iter; left time: 59.7481s
Epoch: 47 cost time: 2.0205979347229004
Epoch: 47, Steps: 237 | Train Loss: 0.7038499 Vali Loss: 0.6642567 Test Loss: 0.7346816
EarlyStopping counter: 4 out of 100
Updating learning rate to 0.00048488686489376237
	iters: 100, epoch: 48 | loss: 0.7672021
	speed: 0.0353s/iter; left time: 439.4595s
	iters: 200, epoch: 48 | loss: 1.0560968
	speed: 0.0045s/iter; left time: 55.9008s
Epoch: 48 cost time: 1.7700893878936768
Epoch: 48, Steps: 237 | Train Loss: 0.7011054 Vali Loss: 0.6556643 Test Loss: 0.6529675
EarlyStopping counter: 5 out of 100
Updating learning rate to 0.00043639817840438616
	iters: 100, epoch: 49 | loss: 0.6223634
	speed: 0.0378s/iter; left time: 461.6390s
	iters: 200, epoch: 49 | loss: 0.7699586
	speed: 0.0047s/iter; left time: 57.5163s
Epoch: 49 cost time: 1.9112987518310547
Epoch: 49, Steps: 237 | Train Loss: 0.7023657 Vali Loss: 0.6936824 Test Loss: 0.7978593
EarlyStopping counter: 6 out of 100
Updating learning rate to 0.00039275836056394756
	iters: 100, epoch: 50 | loss: 0.5940347
	speed: 0.0356s/iter; left time: 427.0254s
	iters: 200, epoch: 50 | loss: 0.6045300
	speed: 0.0043s/iter; left time: 50.9723s
Epoch: 50 cost time: 1.870211124420166
Epoch: 50, Steps: 237 | Train Loss: 0.7003410 Vali Loss: 0.6546829 Test Loss: 0.6946517
EarlyStopping counter: 7 out of 100
Updating learning rate to 0.0003534825245075528
	iters: 100, epoch: 51 | loss: 0.6419461
	speed: 0.0360s/iter; left time: 423.6199s
	iters: 200, epoch: 51 | loss: 0.8524500
	speed: 0.0045s/iter; left time: 52.1601s
Epoch: 51 cost time: 1.8359858989715576
Epoch: 51, Steps: 237 | Train Loss: 0.6994307 Vali Loss: 0.6661674 Test Loss: 0.7296286
EarlyStopping counter: 8 out of 100
Updating learning rate to 0.00031813427205679753
	iters: 100, epoch: 52 | loss: 0.4640959
	speed: 0.0380s/iter; left time: 437.3285s
	iters: 200, epoch: 52 | loss: 0.6496659
	speed: 0.0047s/iter; left time: 53.5432s
Epoch: 52 cost time: 1.9479436874389648
Epoch: 52, Steps: 237 | Train Loss: 0.6987566 Vali Loss: 0.6797859 Test Loss: 0.7588513
EarlyStopping counter: 9 out of 100
Updating learning rate to 0.00028632084485111773
	iters: 100, epoch: 53 | loss: 0.6256022
	speed: 0.0373s/iter; left time: 420.5047s
	iters: 200, epoch: 53 | loss: 0.6111209
	speed: 0.0045s/iter; left time: 50.3429s
Epoch: 53 cost time: 1.8324165344238281
Epoch: 53, Steps: 237 | Train Loss: 0.6984032 Vali Loss: 0.6816885 Test Loss: 0.8276542
EarlyStopping counter: 10 out of 100
Updating learning rate to 0.000257688760366006
	iters: 100, epoch: 54 | loss: 0.5571664
	speed: 0.0377s/iter; left time: 416.1678s
	iters: 200, epoch: 54 | loss: 0.5899540
	speed: 0.0052s/iter; left time: 56.4018s
Epoch: 54 cost time: 2.040374755859375
Epoch: 54, Steps: 237 | Train Loss: 0.6983163 Vali Loss: 0.6620847 Test Loss: 0.7034880
EarlyStopping counter: 11 out of 100
Updating learning rate to 0.0002319198843294054
	iters: 100, epoch: 55 | loss: 0.6299626
	speed: 0.0396s/iter; left time: 428.0037s
	iters: 200, epoch: 55 | loss: 0.8186170
	speed: 0.0047s/iter; left time: 50.6491s
Epoch: 55 cost time: 2.0348072052001953
Epoch: 55, Steps: 237 | Train Loss: 0.6978459 Vali Loss: 0.6743840 Test Loss: 0.7587987
EarlyStopping counter: 12 out of 100
Updating learning rate to 0.0002087278958964649
	iters: 100, epoch: 56 | loss: 0.3243736
	speed: 0.0370s/iter; left time: 390.4961s
	iters: 200, epoch: 56 | loss: 0.6750969
	speed: 0.0046s/iter; left time: 48.1794s
Epoch: 56 cost time: 1.8585402965545654
Epoch: 56, Steps: 237 | Train Loss: 0.6971360 Vali Loss: 0.6671360 Test Loss: 0.7342718
EarlyStopping counter: 13 out of 100
Updating learning rate to 0.0001878551063068184
	iters: 100, epoch: 57 | loss: 0.3925127
	speed: 0.0375s/iter; left time: 387.4276s
	iters: 200, epoch: 57 | loss: 0.7217763
	speed: 0.0047s/iter; left time: 48.4279s
Epoch: 57 cost time: 1.813159465789795
Epoch: 57, Steps: 237 | Train Loss: 0.6970266 Vali Loss: 0.6676849 Test Loss: 0.7324455
EarlyStopping counter: 14 out of 100
Updating learning rate to 0.00016906959567613655
	iters: 100, epoch: 58 | loss: 0.5355726
	speed: 0.0341s/iter; left time: 344.0554s
	iters: 200, epoch: 58 | loss: 0.6757287
	speed: 0.0045s/iter; left time: 45.1055s
Epoch: 58 cost time: 1.7244863510131836
Epoch: 58, Steps: 237 | Train Loss: 0.6964451 Vali Loss: 0.6650742 Test Loss: 0.6982340
EarlyStopping counter: 15 out of 100
Updating learning rate to 0.0001521626361085229
	iters: 100, epoch: 59 | loss: 0.8872465
	speed: 0.0353s/iter; left time: 348.0900s
	iters: 200, epoch: 59 | loss: 0.5838227
	speed: 0.0047s/iter; left time: 45.5504s
Epoch: 59 cost time: 1.8180351257324219
Epoch: 59, Steps: 237 | Train Loss: 0.6965511 Vali Loss: 0.6641407 Test Loss: 0.7058226
EarlyStopping counter: 16 out of 100
Updating learning rate to 0.0001369463724976706
	iters: 100, epoch: 60 | loss: 0.5379373
	speed: 0.0365s/iter; left time: 350.7515s
	iters: 200, epoch: 60 | loss: 0.7109635
	speed: 0.0046s/iter; left time: 43.7107s
Epoch: 60 cost time: 1.7930855751037598
Epoch: 60, Steps: 237 | Train Loss: 0.6960103 Vali Loss: 0.6640276 Test Loss: 0.7176139
EarlyStopping counter: 17 out of 100
Updating learning rate to 0.00012325173524790355
	iters: 100, epoch: 61 | loss: 1.0204469
	speed: 0.0367s/iter; left time: 344.5778s
	iters: 200, epoch: 61 | loss: 0.8390176
	speed: 0.0045s/iter; left time: 41.9504s
Epoch: 61 cost time: 1.8527483940124512
Epoch: 61, Steps: 237 | Train Loss: 0.6956980 Vali Loss: 0.6656901 Test Loss: 0.7231891
EarlyStopping counter: 18 out of 100
Updating learning rate to 0.0001109265617231132
	iters: 100, epoch: 62 | loss: 0.6783785
	speed: 0.0359s/iter; left time: 328.4621s
	iters: 200, epoch: 62 | loss: 0.5524176
	speed: 0.0045s/iter; left time: 40.7034s
Epoch: 62 cost time: 1.9088270664215088
Epoch: 62, Steps: 237 | Train Loss: 0.6955356 Vali Loss: 0.6650121 Test Loss: 0.7336532
EarlyStopping counter: 19 out of 100
Updating learning rate to 9.983390555080188e-05
	iters: 100, epoch: 63 | loss: 0.8208085
	speed: 0.0379s/iter; left time: 338.0155s
	iters: 200, epoch: 63 | loss: 0.7713468
	speed: 0.0046s/iter; left time: 40.3921s
Epoch: 63 cost time: 1.9296848773956299
Epoch: 63, Steps: 237 | Train Loss: 0.6953771 Vali Loss: 0.6590264 Test Loss: 0.6983426
EarlyStopping counter: 20 out of 100
Updating learning rate to 8.98505149957217e-05
	iters: 100, epoch: 64 | loss: 0.7986784
	speed: 0.0378s/iter; left time: 327.6744s
	iters: 200, epoch: 64 | loss: 0.6294737
	speed: 0.0044s/iter; left time: 37.7830s
Epoch: 64 cost time: 1.8197052478790283
Epoch: 64, Steps: 237 | Train Loss: 0.6950542 Vali Loss: 0.6710592 Test Loss: 0.7661572
EarlyStopping counter: 21 out of 100
Updating learning rate to 8.086546349614953e-05
	iters: 100, epoch: 65 | loss: 0.4719815
	speed: 0.0361s/iter; left time: 304.5840s
	iters: 200, epoch: 65 | loss: 0.8102875
	speed: 0.0046s/iter; left time: 38.2525s
Epoch: 65 cost time: 1.919835090637207
Epoch: 65, Steps: 237 | Train Loss: 0.6949154 Vali Loss: 0.6708847 Test Loss: 0.7570843
EarlyStopping counter: 22 out of 100
Updating learning rate to 7.277891714653458e-05
	iters: 100, epoch: 66 | loss: 0.8256182
	speed: 0.0362s/iter; left time: 296.8659s
	iters: 200, epoch: 66 | loss: 0.8404396
	speed: 0.0045s/iter; left time: 36.4442s
Epoch: 66 cost time: 1.854574203491211
Epoch: 66, Steps: 237 | Train Loss: 0.6946853 Vali Loss: 0.6669326 Test Loss: 0.7380374
EarlyStopping counter: 23 out of 100
Updating learning rate to 6.550102543188112e-05
	iters: 100, epoch: 67 | loss: 1.0571934
	speed: 0.0371s/iter; left time: 295.0300s
	iters: 200, epoch: 67 | loss: 0.7191779
	speed: 0.0050s/iter; left time: 39.0935s
Epoch: 67 cost time: 1.9838311672210693
Epoch: 67, Steps: 237 | Train Loss: 0.6945841 Vali Loss: 0.6738651 Test Loss: 0.7556489
EarlyStopping counter: 24 out of 100
Updating learning rate to 5.8950922888693014e-05
	iters: 100, epoch: 68 | loss: 0.4746526
	speed: 0.0353s/iter; left time: 272.2848s
	iters: 200, epoch: 68 | loss: 0.9014249
	speed: 0.0045s/iter; left time: 34.3766s
Epoch: 68 cost time: 1.8457584381103516
Epoch: 68, Steps: 237 | Train Loss: 0.6944457 Vali Loss: 0.6736585 Test Loss: 0.7813631
EarlyStopping counter: 25 out of 100
Updating learning rate to 5.305583059982371e-05
	iters: 100, epoch: 69 | loss: 0.9859222
	speed: 0.0390s/iter; left time: 291.5545s
	iters: 200, epoch: 69 | loss: 1.1344786
	speed: 0.0047s/iter; left time: 34.7863s
Epoch: 69 cost time: 1.9998712539672852
Epoch: 69, Steps: 237 | Train Loss: 0.6943037 Vali Loss: 0.6667219 Test Loss: 0.7239429
EarlyStopping counter: 26 out of 100
Updating learning rate to 4.775024753984134e-05
	iters: 100, epoch: 70 | loss: 0.6366810
	speed: 0.0382s/iter; left time: 276.9175s
	iters: 200, epoch: 70 | loss: 0.5401432
	speed: 0.0046s/iter; left time: 32.9821s
Epoch: 70 cost time: 1.867145299911499
Epoch: 70, Steps: 237 | Train Loss: 0.6941509 Vali Loss: 0.6717808 Test Loss: 0.7632524
EarlyStopping counter: 27 out of 100
Updating learning rate to 4.297522278585721e-05
	iters: 100, epoch: 71 | loss: 0.7674623
	speed: 0.0385s/iter; left time: 270.0293s
	iters: 200, epoch: 71 | loss: 0.5717389
	speed: 0.0046s/iter; left time: 31.8679s
Epoch: 71 cost time: 1.9666111469268799
Epoch: 71, Steps: 237 | Train Loss: 0.6939145 Vali Loss: 0.6695892 Test Loss: 0.7572874
EarlyStopping counter: 28 out of 100
Updating learning rate to 3.867770050727149e-05
	iters: 100, epoch: 72 | loss: 0.3403991
	speed: 0.0364s/iter; left time: 246.3130s
	iters: 200, epoch: 72 | loss: 0.6671833
	speed: 0.0049s/iter; left time: 32.4518s
Epoch: 72 cost time: 1.9228367805480957
Epoch: 72, Steps: 237 | Train Loss: 0.6934346 Vali Loss: 0.6707826 Test Loss: 0.7575169
EarlyStopping counter: 29 out of 100
Updating learning rate to 3.480993045654434e-05
	iters: 100, epoch: 73 | loss: 0.7818401
	speed: 0.0369s/iter; left time: 241.3747s
	iters: 200, epoch: 73 | loss: 0.8772104
	speed: 0.0047s/iter; left time: 30.0049s
Epoch: 73 cost time: 1.8864357471466064
Epoch: 73, Steps: 237 | Train Loss: 0.6937583 Vali Loss: 0.6648437 Test Loss: 0.7233168
EarlyStopping counter: 30 out of 100
Updating learning rate to 3.132893741088991e-05
	iters: 100, epoch: 74 | loss: 0.4884820
	speed: 0.0388s/iter; left time: 244.4810s
	iters: 200, epoch: 74 | loss: 0.8633265
	speed: 0.0052s/iter; left time: 32.2753s
Epoch: 74 cost time: 2.165522336959839
Epoch: 74, Steps: 237 | Train Loss: 0.6938905 Vali Loss: 0.6648542 Test Loss: 0.7230419
EarlyStopping counter: 31 out of 100
Updating learning rate to 2.819604366980092e-05
	iters: 100, epoch: 75 | loss: 0.6271849
	speed: 0.0372s/iter; left time: 225.3932s
	iters: 200, epoch: 75 | loss: 0.7462532
	speed: 0.0047s/iter; left time: 27.8056s
Epoch: 75 cost time: 1.8308844566345215
Epoch: 75, Steps: 237 | Train Loss: 0.6936914 Vali Loss: 0.6634073 Test Loss: 0.7157044
EarlyStopping counter: 32 out of 100
Updating learning rate to 2.5376439302820828e-05
	iters: 100, epoch: 76 | loss: 0.8269055
	speed: 0.0366s/iter; left time: 213.0657s
	iters: 200, epoch: 76 | loss: 0.9787077
	speed: 0.0047s/iter; left time: 26.8660s
Epoch: 76 cost time: 1.8839836120605469
Epoch: 76, Steps: 237 | Train Loss: 0.6936619 Vali Loss: 0.6680847 Test Loss: 0.7401175
EarlyStopping counter: 33 out of 100
Updating learning rate to 2.2838795372538746e-05
	iters: 100, epoch: 77 | loss: 0.4544276
	speed: 0.0377s/iter; left time: 210.7277s
	iters: 200, epoch: 77 | loss: 1.0004416
	speed: 0.0045s/iter; left time: 24.5548s
Epoch: 77 cost time: 1.8866183757781982
Epoch: 77, Steps: 237 | Train Loss: 0.6935941 Vali Loss: 0.6641062 Test Loss: 0.7253994
EarlyStopping counter: 34 out of 100
Updating learning rate to 2.055491583528487e-05
	iters: 100, epoch: 78 | loss: 0.6928004
	speed: 0.0381s/iter; left time: 203.6675s
	iters: 200, epoch: 78 | loss: 0.6778235
	speed: 0.0047s/iter; left time: 24.8555s
Epoch: 78 cost time: 1.9796302318572998
Epoch: 78, Steps: 237 | Train Loss: 0.6935733 Vali Loss: 0.6630777 Test Loss: 0.7121804
EarlyStopping counter: 35 out of 100
Updating learning rate to 1.8499424251756383e-05
	iters: 100, epoch: 79 | loss: 0.5900341
	speed: 0.0385s/iter; left time: 196.9416s
	iters: 200, epoch: 79 | loss: 0.6655901
	speed: 0.0046s/iter; left time: 22.9729s
Epoch: 79 cost time: 2.0052924156188965
Epoch: 79, Steps: 237 | Train Loss: 0.6935220 Vali Loss: 0.6672143 Test Loss: 0.7353317
EarlyStopping counter: 36 out of 100
Updating learning rate to 1.6649481826580746e-05
	iters: 100, epoch: 80 | loss: 0.7574458
	speed: 0.0363s/iter; left time: 176.9969s
	iters: 200, epoch: 80 | loss: 0.7119608
	speed: 0.0047s/iter; left time: 22.5197s
Epoch: 80 cost time: 1.8937768936157227
Epoch: 80, Steps: 237 | Train Loss: 0.6934131 Vali Loss: 0.6690428 Test Loss: 0.7493294
EarlyStopping counter: 37 out of 100
Updating learning rate to 1.498453364392267e-05
	iters: 100, epoch: 81 | loss: 0.6832598
	speed: 0.0352s/iter; left time: 163.2615s
	iters: 200, epoch: 81 | loss: 0.6503540
	speed: 0.0045s/iter; left time: 20.4421s
Epoch: 81 cost time: 1.796400785446167
Epoch: 81, Steps: 237 | Train Loss: 0.6934357 Vali Loss: 0.6667061 Test Loss: 0.7338816
EarlyStopping counter: 38 out of 100
Updating learning rate to 1.3486080279530405e-05
	iters: 100, epoch: 82 | loss: 0.4929118
	speed: 0.0353s/iter; left time: 155.5817s
	iters: 200, epoch: 82 | loss: 1.0450675
	speed: 0.0048s/iter; left time: 20.7284s
Epoch: 82 cost time: 1.8929705619812012
Epoch: 82, Steps: 237 | Train Loss: 0.6931095 Vali Loss: 0.6653620 Test Loss: 0.7281926
EarlyStopping counter: 39 out of 100
Updating learning rate to 1.2137472251577364e-05
	iters: 100, epoch: 83 | loss: 0.6739107
	speed: 0.0387s/iter; left time: 161.3666s
	iters: 200, epoch: 83 | loss: 0.5267195
	speed: 0.0049s/iter; left time: 20.0475s
Epoch: 83 cost time: 2.039957046508789
Epoch: 83, Steps: 237 | Train Loss: 0.6932897 Vali Loss: 0.6667016 Test Loss: 0.7385072
EarlyStopping counter: 40 out of 100
Updating learning rate to 1.0923725026419629e-05
	iters: 100, epoch: 84 | loss: 0.5526657
	speed: 0.0378s/iter; left time: 148.4905s
	iters: 200, epoch: 84 | loss: 0.8691509
	speed: 0.0047s/iter; left time: 18.0722s
Epoch: 84 cost time: 1.9553234577178955
Epoch: 84, Steps: 237 | Train Loss: 0.6932325 Vali Loss: 0.6701236 Test Loss: 0.7513069
EarlyStopping counter: 41 out of 100
Updating learning rate to 9.831352523777667e-06
	iters: 100, epoch: 85 | loss: 0.9733866
	speed: 0.0373s/iter; left time: 137.7288s
	iters: 200, epoch: 85 | loss: 0.7336476
	speed: 0.0050s/iter; left time: 17.8555s
Epoch: 85 cost time: 2.1321446895599365
Epoch: 85, Steps: 237 | Train Loss: 0.6932948 Vali Loss: 0.6679353 Test Loss: 0.7412357
EarlyStopping counter: 42 out of 100
Updating learning rate to 8.8482172713999e-06
	iters: 100, epoch: 86 | loss: 0.6582850
	speed: 0.0387s/iter; left time: 133.8606s
	iters: 200, epoch: 86 | loss: 0.5432981
	speed: 0.0046s/iter; left time: 15.4724s
Epoch: 86 cost time: 1.9673740863800049
Epoch: 86, Steps: 237 | Train Loss: 0.6929325 Vali Loss: 0.6649445 Test Loss: 0.7381011
EarlyStopping counter: 43 out of 100
Updating learning rate to 7.96339554425991e-06
	iters: 100, epoch: 87 | loss: 0.5066417
	speed: 0.0355s/iter; left time: 114.2269s
	iters: 200, epoch: 87 | loss: 0.6736714
	speed: 0.0049s/iter; left time: 15.2413s
Epoch: 87 cost time: 1.8721745014190674
Epoch: 87, Steps: 237 | Train Loss: 0.6932712 Vali Loss: 0.6668702 Test Loss: 0.7377540
EarlyStopping counter: 44 out of 100
Updating learning rate to 7.167055989833918e-06
	iters: 100, epoch: 88 | loss: 0.6007199
	speed: 0.0354s/iter; left time: 105.4606s
	iters: 200, epoch: 88 | loss: 0.6156262
	speed: 0.0049s/iter; left time: 14.0958s
Epoch: 88 cost time: 1.9555115699768066
Epoch: 88, Steps: 237 | Train Loss: 0.6932435 Vali Loss: 0.6688923 Test Loss: 0.7424706
EarlyStopping counter: 45 out of 100
Updating learning rate to 6.450350390850528e-06
	iters: 100, epoch: 89 | loss: 0.5806176
	speed: 0.0378s/iter; left time: 103.7883s
	iters: 200, epoch: 89 | loss: 0.6215158
	speed: 0.0044s/iter; left time: 11.7548s
Epoch: 89 cost time: 1.8558635711669922
Epoch: 89, Steps: 237 | Train Loss: 0.6932327 Vali Loss: 0.6673862 Test Loss: 0.7365056
EarlyStopping counter: 46 out of 100
Updating learning rate to 5.805315351765475e-06
	iters: 100, epoch: 90 | loss: 0.9788958
	speed: 0.0368s/iter; left time: 92.2098s
	iters: 200, epoch: 90 | loss: 0.5370793
	speed: 0.0048s/iter; left time: 11.5006s
Epoch: 90 cost time: 1.8978328704833984
Epoch: 90, Steps: 237 | Train Loss: 0.6932170 Vali Loss: 0.6675828 Test Loss: 0.7411247
EarlyStopping counter: 47 out of 100
Updating learning rate to 5.224783816588928e-06
	iters: 100, epoch: 91 | loss: 0.5396699
	speed: 0.0391s/iter; left time: 88.7035s
	iters: 200, epoch: 91 | loss: 0.8659005
	speed: 0.0049s/iter; left time: 10.5966s
Epoch: 91 cost time: 2.040194511413574
Epoch: 91, Steps: 237 | Train Loss: 0.6931882 Vali Loss: 0.6658854 Test Loss: 0.7352223
EarlyStopping counter: 48 out of 100
Updating learning rate to 4.7023054349300344e-06
	iters: 100, epoch: 92 | loss: 0.4342698
	speed: 0.0365s/iter; left time: 74.1645s
	iters: 200, epoch: 92 | loss: 0.6094588
	speed: 0.0052s/iter; left time: 10.0569s
Epoch: 92 cost time: 2.0075438022613525
Epoch: 92, Steps: 237 | Train Loss: 0.6932084 Vali Loss: 0.6675252 Test Loss: 0.7435008
EarlyStopping counter: 49 out of 100
Updating learning rate to 4.232074891437031e-06
	iters: 100, epoch: 93 | loss: 0.9652197
	speed: 0.0377s/iter; left time: 67.8008s
	iters: 200, epoch: 93 | loss: 0.5525535
	speed: 0.0049s/iter; left time: 8.3391s
Epoch: 93 cost time: 1.9763140678405762
Epoch: 93, Steps: 237 | Train Loss: 0.6931335 Vali Loss: 0.6694477 Test Loss: 0.7457287
EarlyStopping counter: 50 out of 100
Updating learning rate to 3.8088674022933286e-06
	iters: 100, epoch: 94 | loss: 1.1368910
	speed: 0.0378s/iter; left time: 59.0289s
	iters: 200, epoch: 94 | loss: 0.8608369
	speed: 0.0046s/iter; left time: 6.7502s
Epoch: 94 cost time: 2.0161337852478027
Epoch: 94, Steps: 237 | Train Loss: 0.6931857 Vali Loss: 0.6678495 Test Loss: 0.7429466
EarlyStopping counter: 51 out of 100
Updating learning rate to 3.4279806620639954e-06
	iters: 100, epoch: 95 | loss: 0.4245448
	speed: 0.0354s/iter; left time: 46.8967s
	iters: 200, epoch: 95 | loss: 0.7122956
	speed: 0.0048s/iter; left time: 5.8650s
Epoch: 95 cost time: 1.8695216178894043
Epoch: 95, Steps: 237 | Train Loss: 0.6931175 Vali Loss: 0.6665356 Test Loss: 0.7380803
EarlyStopping counter: 52 out of 100
Updating learning rate to 3.0851825958575965e-06
	iters: 100, epoch: 96 | loss: 0.6018861
	speed: 0.0368s/iter; left time: 39.9620s
	iters: 200, epoch: 96 | loss: 0.9468727
	speed: 0.0049s/iter; left time: 4.7869s
Epoch: 96 cost time: 1.9464483261108398
Epoch: 96, Steps: 237 | Train Loss: 0.6931309 Vali Loss: 0.6663612 Test Loss: 0.7376720
EarlyStopping counter: 53 out of 100
Updating learning rate to 2.7766643362718364e-06
	iters: 100, epoch: 97 | loss: 0.5625672
	speed: 0.0372s/iter; left time: 31.6161s
	iters: 200, epoch: 97 | loss: 1.0423669
	speed: 0.0049s/iter; left time: 3.6602s
Epoch: 97 cost time: 1.9462225437164307
Epoch: 97, Steps: 237 | Train Loss: 0.6931082 Vali Loss: 0.6684501 Test Loss: 0.7396705
EarlyStopping counter: 54 out of 100
Updating learning rate to 2.498997902644653e-06
	iters: 100, epoch: 98 | loss: 0.7764338
	speed: 0.0370s/iter; left time: 22.6319s
	iters: 200, epoch: 98 | loss: 0.6547452
	speed: 0.0046s/iter; left time: 2.3673s
Epoch: 98 cost time: 1.9710593223571777
Epoch: 98, Steps: 237 | Train Loss: 0.6931224 Vali Loss: 0.6689070 Test Loss: 0.7405203
EarlyStopping counter: 55 out of 100
Updating learning rate to 2.2490981123801875e-06
	iters: 100, epoch: 99 | loss: 0.4964002
	speed: 0.0347s/iter; left time: 13.0275s
	iters: 200, epoch: 99 | loss: 0.3414595
	speed: 0.0046s/iter; left time: 1.2785s
Epoch: 99 cost time: 1.7507853507995605
Epoch: 99, Steps: 237 | Train Loss: 0.6930995 Vali Loss: 0.6685236 Test Loss: 0.7428016
EarlyStopping counter: 56 out of 100
Updating learning rate to 2.024188301142169e-06
	iters: 100, epoch: 100 | loss: 0.4529888
	speed: 0.0375s/iter; left time: 5.1763s
	iters: 200, epoch: 100 | loss: 0.8257530
	speed: 0.0048s/iter; left time: 0.1817s
Epoch: 100 cost time: 1.9837923049926758
Epoch: 100, Steps: 237 | Train Loss: 0.6925693 Vali Loss: 0.6683663 Test Loss: 0.7395298
EarlyStopping counter: 57 out of 100
Updating learning rate to 1.821769471027952e-06
>>>>>>>testing : ETTh2_336_720_DLinear_ETTh2_ftM_sl336_ll48_pl720_dm512_nh8_el2_dl1_df2048_fc1_ebtimeF_dtTrue_Exp_0<<<<<<<<<<<<<<<<<<<<<<<<<<<<<<<<<
test 2161
mse:0.6201240420341492, mae:0.5580958127975464, rse:0.6295836567878723
