[Info] parameters: Namespace(CSCM='Bottleneck_Construct', batch_size=32, covariate_size=4, d_bottleneck=128, d_inner_hid=512, d_k=128, d_model=256, d_v=128, data='weather', data_path='weather.csv', dec_in=21, decoder='FC', dropout=0.05, embed_type='CustomEmbedding', enc_in=21, epoch=5, eval=False, hard_sample_mining=False, inner_size=3, input_size=336, inverse=False, iter_num=1, lr=1e-05, lr_step=0.1, model='Pyraformer', n_head=6, n_layer=4, predict_step=720, pretrain=False, root_path='../dataset/', seq_num=1, truncate=False, use_tvm=False, window_size=[4, 4, 4])
[Info] Number of parameters: 19967232
train 35832
test 9820
[ Epoch 1 ]
  - (Training) MSE:  0.62466elapse: 1.145 min
(9820, 720, 21)
test shape:(9820, 720, 21)
Epoch 0, mse:1.2574058771133423, mae:0.871269941329956, rmse:1.1213411092758179, mape:19.724512100219727, mspe:28348128.0
[ Epoch 2 ]
  - (Training) MSE:  0.53521elapse: 1.147 min
(9820, 720, 21)
test shape:(9820, 720, 21)
Epoch 1, mse:1.2266595363616943, mae:0.860023558139801, rmse:1.1075466871261597, mape:18.34062957763672, mspe:23546560.0
[ Epoch 3 ]
  - (Training) MSE:  0.53180elapse: 1.145 min
(9820, 720, 21)
test shape:(9820, 720, 21)
Epoch 2, mse:1.214788794517517, mae:0.8554856777191162, rmse:1.1021745204925537, mape:18.232587814331055, mspe:23290698.0
[ Epoch 4 ]
  - (Training) MSE:  0.53140elapse: 1.145 min
(9820, 720, 21)
test shape:(9820, 720, 21)
Epoch 3, mse:1.2057992219924927, mae:0.851950466632843, rmse:1.0980888605117798, mape:18.151636123657227, mspe:23045948.0
[ Epoch 5 ]
  - (Training) MSE:  0.53146elapse: 1.146 min
(9820, 720, 21)
test shape:(9820, 720, 21)
Epoch 4, mse:1.206755518913269, mae:0.8523212671279907, rmse:1.0985242128372192, mape:18.177095413208008, mspe:23097718.0
Iteration best metrics: [1.2057992219924927, 0.851950466632843, 1.0980888605117798, 18.151636123657227, 23045948.0]
Average Metrics: [1.20579922e+00 8.51950467e-01 1.09808886e+00 1.81516361e+01
 2.30459480e+07]
