[Info] parameters: Namespace(CSCM='Bottleneck_Construct', batch_size=32, covariate_size=4, d_bottleneck=128, d_inner_hid=512, d_k=128, d_model=256, d_v=128, data='weather', data_path='weather.csv', dec_in=21, decoder='FC', dropout=0.05, embed_type='CustomEmbedding', enc_in=21, epoch=5, eval=False, hard_sample_mining=False, inner_size=3, input_size=336, inverse=False, iter_num=1, lr=1e-05, lr_step=0.1, model='Pyraformer', n_head=6, n_layer=4, predict_step=1440, pretrain=False, root_path='../dataset/', seq_num=1, truncate=False, use_tvm=False, window_size=[4, 4, 4])
[Info] Number of parameters: 35450112
train 35112
test 9100
[ Epoch 1 ]
  - (Training) MSE:  0.62572elapse: 1.180 min
(9100, 1440, 21)
test shape:(9100, 1440, 21)
Epoch 0, mse:1.8362128734588623, mae:1.0737018585205078, rmse:1.3550692796707153, mape:11.252001762390137, mspe:7866597.0
[ Epoch 2 ]
  - (Training) MSE:  0.55410elapse: 1.164 min
(9100, 1440, 21)
test shape:(9100, 1440, 21)
Epoch 1, mse:1.8087899684906006, mae:1.0647677183151245, rmse:1.3449126482009888, mape:11.526710510253906, mspe:8478066.0
[ Epoch 3 ]
  - (Training) MSE:  0.55142elapse: 1.174 min
(9100, 1440, 21)
test shape:(9100, 1440, 21)
Epoch 2, mse:1.8051420450210571, mae:1.0635995864868164, rmse:1.3435556888580322, mape:11.462905883789062, mspe:8332311.5
[ Epoch 4 ]
  - (Training) MSE:  0.55137elapse: 1.171 min
(9100, 1440, 21)
test shape:(9100, 1440, 21)
Epoch 3, mse:1.8070201873779297, mae:1.0643314123153687, rmse:1.344254493713379, mape:11.508729934692383, mspe:8401226.0
[ Epoch 5 ]
  - (Training) MSE:  0.55113elapse: 1.175 min
(9100, 1440, 21)
test shape:(9100, 1440, 21)
Epoch 4, mse:1.804997444152832, mae:1.063509464263916, rmse:1.3435019254684448, mape:11.39525318145752, mspe:8175107.0
Iteration best metrics: [1.804997444152832, 1.063509464263916, 1.3435019254684448, 11.39525318145752, 8175107.0]
Average Metrics: [1.80499744e+00 1.06350946e+00 1.34350193e+00 1.13952532e+01
 8.17510700e+06]
