[Info] parameters: Namespace(CSCM='Bottleneck_Construct', batch_size=32, covariate_size=4, d_bottleneck=128, d_inner_hid=512, d_k=128, d_model=256, d_v=128, data='weather', data_path='weather.csv', dec_in=21, decoder='FC', dropout=0.05, embed_type='CustomEmbedding', enc_in=21, epoch=5, eval=False, hard_sample_mining=False, inner_size=3, input_size=96, inverse=False, iter_num=1, lr=1e-05, lr_step=0.1, model='Pyraformer', n_head=6, n_layer=4, predict_step=1440, pretrain=False, root_path='../dataset/', seq_num=1, truncate=False, use_tvm=False, window_size=[4, 4, 4])
[Info] Number of parameters: 35450112
train 35352
test 9100
[ Epoch 1 ]
  - (Training) MSE:  0.62645elapse: 0.511 min
(9100, 1440, 21)
test shape:(9100, 1440, 21)
Epoch 0, mse:1.8648526668548584, mae:1.0921257734298706, rmse:1.365596055984497, mape:12.024163246154785, mspe:9291061.0
[ Epoch 2 ]
  - (Training) MSE:  0.55540elapse: 0.517 min
(9100, 1440, 21)
test shape:(9100, 1440, 21)
Epoch 1, mse:1.8160282373428345, mae:1.0727063417434692, rmse:1.3476009368896484, mape:12.389756202697754, mspe:10524924.0
[ Epoch 3 ]
  - (Training) MSE:  0.55271elapse: 0.511 min
(9100, 1440, 21)
test shape:(9100, 1440, 21)
Epoch 2, mse:1.8184943199157715, mae:1.0736478567123413, rmse:1.3485156297683716, mape:12.368095397949219, mspe:10435033.0
[ Epoch 4 ]
  - (Training) MSE:  0.55257elapse: 0.511 min
(9100, 1440, 21)
test shape:(9100, 1440, 21)
Epoch 3, mse:1.8267416954040527, mae:1.0760295391082764, rmse:1.3515701293945312, mape:12.39232349395752, mspe:10431832.0
[ Epoch 5 ]
  - (Training) MSE:  0.55246elapse: 0.525 min
(9100, 1440, 21)
test shape:(9100, 1440, 21)
Epoch 4, mse:1.830666184425354, mae:1.0766854286193848, rmse:1.3530211448669434, mape:12.300052642822266, mspe:10226556.0
Iteration best metrics: [1.8160282373428345, 1.0727063417434692, 1.3476009368896484, 12.389756202697754, 10524924.0]
Average Metrics: [1.81602824e+00 1.07270634e+00 1.34760094e+00 1.23897562e+01
 1.05249240e+07]
