[Info] parameters: Namespace(CSCM='Bottleneck_Construct', batch_size=32, covariate_size=4, d_bottleneck=128, d_inner_hid=512, d_k=128, d_model=256, d_v=128, data='weather', data_path='weather.csv', dec_in=21, decoder='FC', dropout=0.05, embed_type='CustomEmbedding', enc_in=21, epoch=5, eval=False, hard_sample_mining=False, inner_size=3, input_size=336, inverse=False, iter_num=1, lr=1e-05, lr_step=0.1, model='Pyraformer', n_head=6, n_layer=4, predict_step=192, pretrain=False, root_path='../dataset/', seq_num=1, truncate=False, use_tvm=False, window_size=[4, 4, 4])
[Info] Number of parameters: 8613120
train 36360
test 10348
[ Epoch 1 ]
  - (Training) MSE:  0.63685elapse: 1.130 min
(10348, 192, 21)
test shape:(10348, 192, 21)
Epoch 0, mse:0.7896192669868469, mae:0.6422961354255676, rmse:0.8886052370071411, mape:22.89874267578125, mspe:44770596.0
[ Epoch 2 ]
  - (Training) MSE:  0.49165elapse: 1.129 min
(10348, 192, 21)
test shape:(10348, 192, 21)
Epoch 1, mse:0.7741901874542236, mae:0.6346225738525391, rmse:0.8798807859420776, mape:22.54619598388672, mspe:45301820.0
[ Epoch 3 ]
  - (Training) MSE:  0.48765elapse: 1.129 min
(10348, 192, 21)
test shape:(10348, 192, 21)
Epoch 2, mse:0.7609919905662537, mae:0.6314136981964111, rmse:0.8723485469818115, mape:21.6285343170166, mspe:42328048.0
[ Epoch 4 ]
  - (Training) MSE:  0.48727elapse: 1.129 min
(10348, 192, 21)
test shape:(10348, 192, 21)
Epoch 3, mse:0.7840989232063293, mae:0.6415174603462219, rmse:0.8854935765266418, mape:22.56582260131836, mspe:45436812.0
[ Epoch 5 ]
  - (Training) MSE:  0.48731elapse: 1.130 min
(10348, 192, 21)
test shape:(10348, 192, 21)
Epoch 4, mse:0.7936452031135559, mae:0.6469616889953613, rmse:0.8908676505088806, mape:22.537548065185547, mspe:45248756.0
Iteration best metrics: [0.7609919905662537, 0.6314136981964111, 0.8723485469818115, 21.6285343170166, 42328048.0]
Average Metrics: [7.60991991e-01 6.31413698e-01 8.72348547e-01 2.16285343e+01
 4.23280480e+07]
