[Info] parameters: Namespace(CSCM='Bottleneck_Construct', batch_size=32, covariate_size=4, d_bottleneck=128, d_inner_hid=512, d_k=128, d_model=256, d_v=128, data='weather', data_path='weather.csv', dec_in=21, decoder='FC', dropout=0.05, embed_type='CustomEmbedding', enc_in=21, epoch=5, eval=False, hard_sample_mining=False, inner_size=3, input_size=96, inverse=False, iter_num=1, lr=1e-05, lr_step=0.1, model='Pyraformer', n_head=6, n_layer=4, predict_step=96, pretrain=False, root_path='../dataset/', seq_num=1, truncate=False, use_tvm=False, window_size=[4, 4, 4])
[Info] Number of parameters: 6548736
train 36696
test 10444
[ Epoch 1 ]
  - (Training) MSE:  0.64560elapse: 0.455 min
(10444, 96, 21)
test shape:(10444, 96, 21)
Epoch 0, mse:0.6032024621963501, mae:0.5543464422225952, rmse:0.7766610980033875, mape:19.5375919342041, mspe:35205900.0
[ Epoch 2 ]
  - (Training) MSE:  0.45941elapse: 0.440 min
(10444, 96, 21)
test shape:(10444, 96, 21)
Epoch 1, mse:0.5732185244560242, mae:0.5353304147720337, rmse:0.7571119666099548, mape:19.53011703491211, mspe:36205844.0
[ Epoch 3 ]
  - (Training) MSE:  0.45403elapse: 0.447 min
(10444, 96, 21)
test shape:(10444, 96, 21)
Epoch 2, mse:0.6036372184753418, mae:0.5514262318611145, rmse:0.7769409418106079, mape:20.15623664855957, mspe:39039484.0
[ Epoch 4 ]
  - (Training) MSE:  0.45351elapse: 0.421 min
(10444, 96, 21)
test shape:(10444, 96, 21)
Epoch 3, mse:0.5557326078414917, mae:0.5254051685333252, rmse:0.7454747557640076, mape:18.764814376831055, mspe:33850912.0
[ Epoch 5 ]
  - (Training) MSE:  0.45300elapse: 0.396 min
(10444, 96, 21)
test shape:(10444, 96, 21)
Epoch 4, mse:0.586362898349762, mae:0.540221095085144, rmse:0.7657433748245239, mape:20.024202346801758, mspe:38493928.0
Iteration best metrics: [0.5557326078414917, 0.5254051685333252, 0.7454747557640076, 18.764814376831055, 33850912.0]
Average Metrics: [5.55732608e-01 5.25405169e-01 7.45474756e-01 1.87648144e+01
 3.38509120e+07]
