[Info] parameters: Namespace(CSCM='Bottleneck_Construct', batch_size=32, covariate_size=4, d_bottleneck=128, d_inner_hid=512, d_k=128, d_model=512, d_v=128, data='ETTh1', data_path='ETTh1.csv', dec_in=7, decoder='FC', dropout=0.05, embed_type='DataEmbedding', enc_in=7, epoch=5, eval=False, hard_sample_mining=False, inner_size=3, input_size=96, inverse=False, iter_num=1, lr=0.0001, lr_step=0.1, model='Pyraformer', n_head=6, n_layer=4, predict_step=336, pretrain=False, root_path='../dataset/', seq_num=1, truncate=False, use_tvm=False, window_size=[4, 4, 4])
[Info] Number of parameters: 13564160
train 8209
test 2545
[ Epoch 1 ]
  - (Training) MSE:  0.54416elapse: 0.104 min
(2545, 336, 7)
test shape:(2545, 336, 7)
Epoch 0, mse:0.9072423577308655, mae:0.7420368790626526, rmse:0.9524927139282227, mape:12.944428443908691, mspe:55669.578125
[ Epoch 2 ]
  - (Training) MSE:  0.40995elapse: 0.100 min
(2545, 336, 7)
test shape:(2545, 336, 7)
Epoch 1, mse:0.8982056975364685, mae:0.7401273846626282, rmse:0.9477371573448181, mape:12.937384605407715, mspe:55580.82421875
[ Epoch 3 ]
  - (Training) MSE:  0.40001elapse: 0.114 min
(2545, 336, 7)
test shape:(2545, 336, 7)
Epoch 2, mse:0.9001374244689941, mae:0.7408856749534607, rmse:0.9487557411193848, mape:12.78342342376709, mspe:53913.3359375
[ Epoch 4 ]
  - (Training) MSE:  0.39857elapse: 0.113 min
(2545, 336, 7)
test shape:(2545, 336, 7)
Epoch 3, mse:0.9104353785514832, mae:0.7473382353782654, rmse:0.954167366027832, mape:12.55339241027832, mspe:51424.02734375
[ Epoch 5 ]
  - (Training) MSE:  0.39861elapse: 0.104 min
(2545, 336, 7)
test shape:(2545, 336, 7)
Epoch 4, mse:0.9042515158653259, mae:0.7428534626960754, rmse:0.9509214162826538, mape:13.054876327514648, mspe:56001.60546875
Iteration best metrics: [0.8982056975364685, 0.7401273846626282, 0.9477371573448181, 12.937384605407715, 55580.82421875]
Average Metrics: [8.98205698e-01 7.40127385e-01 9.47737157e-01 1.29373846e+01
 5.55808242e+04]
