[Info] parameters: Namespace(CSCM='Bottleneck_Construct', batch_size=32, covariate_size=4, d_bottleneck=128, d_inner_hid=512, d_k=128, d_model=256, d_v=128, data='traffic', data_path='traffic.csv', dec_in=862, decoder='FC', dropout=0.05, embed_type='CustomEmbedding', enc_in=862, epoch=5, eval=False, hard_sample_mining=False, inner_size=3, input_size=96, inverse=False, iter_num=1, lr=1e-05, lr_step=0.1, model='Pyraformer', n_head=6, n_layer=4, predict_step=96, pretrain=False, root_path='../dataset/', seq_num=1, truncate=False, use_tvm=False, window_size=[4, 4, 4])
[Info] Number of parameters: 89868288
train 12089
test 3413
[ Epoch 1 ]
  - (Training) MSE:  0.61396elapse: 0.249 min
(3413, 96, 862)
test shape:(3413, 96, 862)
Epoch 0, mse:0.8870810270309448, mae:0.4785301685333252, rmse:0.9418497681617737, mape:5.757137298583984, mspe:1171137.375
[ Epoch 2 ]
  - (Training) MSE:  0.47241elapse: 0.235 min
(3413, 96, 862)
test shape:(3413, 96, 862)
Epoch 1, mse:0.8715127110481262, mae:0.47084861993789673, rmse:0.9335484504699707, mape:5.69008731842041, mspe:1223851.25
[ Epoch 3 ]
  - (Training) MSE:  0.46538elapse: 0.235 min
(3413, 96, 862)
test shape:(3413, 96, 862)
Epoch 2, mse:0.870053768157959, mae:0.4700075685977936, rmse:0.9327667355537415, mape:5.697504043579102, mspe:1236450.375
[ Epoch 4 ]
  - (Training) MSE:  0.46475elapse: 0.234 min
(3413, 96, 862)
test shape:(3413, 96, 862)
Epoch 3, mse:0.8698760867118835, mae:0.46984508633613586, rmse:0.9326714873313904, mape:5.696480751037598, mspe:1238218.0
[ Epoch 5 ]
  - (Training) MSE:  0.46446elapse: 0.240 min
(3413, 96, 862)
test shape:(3413, 96, 862)
Epoch 4, mse:0.8697637319564819, mae:0.4697774648666382, rmse:0.9326112270355225, mape:5.698486804962158, mspe:1237867.625
Iteration best metrics: [0.8697637319564819, 0.4697774648666382, 0.9326112270355225, 5.698486804962158, 1237867.625]
Average Metrics: [8.69763732e-01 4.69777465e-01 9.32611227e-01 5.69848680e+00
 1.23786762e+06]
