[Info] parameters: Namespace(CSCM='Bottleneck_Construct', batch_size=32, covariate_size=4, d_bottleneck=128, d_inner_hid=512, d_k=128, d_model=256, d_v=128, data='weather', data_path='weather.csv', dec_in=21, decoder='FC', dropout=0.05, embed_type='CustomEmbedding', enc_in=21, epoch=5, eval=False, hard_sample_mining=False, inner_size=3, input_size=96, inverse=False, iter_num=1, lr=1e-05, lr_step=0.1, model='Pyraformer', n_head=6, n_layer=4, predict_step=720, pretrain=False, root_path='../dataset/', seq_num=1, truncate=False, use_tvm=False, window_size=[4, 4, 4])
[Info] Number of parameters: 19967232
train 36072
test 9820
[ Epoch 1 ]
  - (Training) MSE:  0.62616elapse: 0.457 min
(9820, 720, 21)
test shape:(9820, 720, 21)
Epoch 0, mse:1.518822431564331, mae:0.9735198616981506, rmse:1.232405185699463, mape:23.679859161376953, mspe:40923068.0
[ Epoch 2 ]
  - (Training) MSE:  0.53473elapse: 0.454 min
(9820, 720, 21)
test shape:(9820, 720, 21)
Epoch 1, mse:1.4729071855545044, mae:0.956160843372345, rmse:1.2136338949203491, mape:23.148395538330078, mspe:39193196.0
[ Epoch 3 ]
  - (Training) MSE:  0.53111elapse: 0.453 min
(9820, 720, 21)
test shape:(9820, 720, 21)
Epoch 2, mse:1.4872801303863525, mae:0.9615544080734253, rmse:1.2195409536361694, mape:23.051671981811523, mspe:38590776.0
[ Epoch 4 ]
  - (Training) MSE:  0.53080elapse: 0.452 min
(9820, 720, 21)
test shape:(9820, 720, 21)
Epoch 3, mse:1.4781792163848877, mae:0.9579247832298279, rmse:1.2158039808273315, mape:23.018566131591797, mspe:38669348.0
[ Epoch 5 ]
  - (Training) MSE:  0.53067elapse: 0.456 min
(9820, 720, 21)
test shape:(9820, 720, 21)
Epoch 4, mse:1.4724786281585693, mae:0.9559600949287415, rmse:1.2134573459625244, mape:23.05272102355957, mspe:38739612.0
Iteration best metrics: [1.4724786281585693, 0.9559600949287415, 1.2134573459625244, 23.05272102355957, 38739612.0]
Average Metrics: [1.47247863e+00 9.55960095e-01 1.21345735e+00 2.30527210e+01
 3.87396120e+07]
