[Info] parameters: Namespace(CSCM='Bottleneck_Construct', batch_size=32, covariate_size=4, d_bottleneck=128, d_inner_hid=512, d_k=128, d_model=256, d_v=128, data='weather', data_path='weather.csv', dec_in=21, decoder='FC', dropout=0.05, embed_type='CustomEmbedding', enc_in=21, epoch=5, eval=False, hard_sample_mining=False, inner_size=3, input_size=192, inverse=False, iter_num=1, lr=1e-05, lr_step=0.1, model='Pyraformer', n_head=6, n_layer=4, predict_step=720, pretrain=False, root_path='../dataset/', seq_num=1, truncate=False, use_tvm=False, window_size=[4, 4, 4])
[Info] Number of parameters: 19967232
train 35976
test 9820
[ Epoch 1 ]
  - (Training) MSE:  0.62058elapse: 0.597 min
(9820, 720, 21)
test shape:(9820, 720, 21)
Epoch 0, mse:1.3675771951675415, mae:0.9149045944213867, rmse:1.1694345474243164, mape:21.423877716064453, mspe:32623174.0
[ Epoch 2 ]
  - (Training) MSE:  0.52985elapse: 0.596 min
(9820, 720, 21)
test shape:(9820, 720, 21)
Epoch 1, mse:1.33722984790802, mae:0.9029965400695801, rmse:1.1563864946365356, mape:20.773902893066406, mspe:30303230.0
[ Epoch 3 ]
  - (Training) MSE:  0.52677elapse: 0.598 min
(9820, 720, 21)
test shape:(9820, 720, 21)
Epoch 2, mse:1.310858964920044, mae:0.8931388854980469, rmse:1.1449275016784668, mape:20.626850128173828, mspe:29903088.0
[ Epoch 4 ]
  - (Training) MSE:  0.52673elapse: 0.597 min
(9820, 720, 21)
test shape:(9820, 720, 21)
Epoch 3, mse:1.31398344039917, mae:0.8941341638565063, rmse:1.1462911367416382, mape:20.489593505859375, mspe:29560908.0
[ Epoch 5 ]
  - (Training) MSE:  0.52650elapse: 0.597 min
(9820, 720, 21)
test shape:(9820, 720, 21)
Epoch 4, mse:1.2880322933197021, mae:0.8843418955802917, rmse:1.1349151134490967, mape:20.3869571685791, mspe:29313284.0
Iteration best metrics: [1.2880322933197021, 0.8843418955802917, 1.1349151134490967, 20.3869571685791, 29313284.0]
Average Metrics: [1.28803229e+00 8.84341896e-01 1.13491511e+00 2.03869572e+01
 2.93132840e+07]
