[Info] parameters: Namespace(CSCM='Bottleneck_Construct', batch_size=32, covariate_size=4, d_bottleneck=128, d_inner_hid=512, d_k=128, d_model=256, d_v=128, data='traffic', data_path='traffic.csv', dec_in=862, decoder='FC', dropout=0.05, embed_type='CustomEmbedding', enc_in=862, epoch=5, eval=False, hard_sample_mining=False, inner_size=3, input_size=96, inverse=False, iter_num=1, lr=1e-05, lr_step=0.1, model='Pyraformer', n_head=6, n_layer=4, predict_step=336, pretrain=False, root_path='../dataset/', seq_num=1, truncate=False, use_tvm=False, window_size=[4, 4, 4])
[Info] Number of parameters: 301713408
train 11849
test 3173
[ Epoch 1 ]
  - (Training) MSE:  0.60515elapse: 0.492 min
(3173, 336, 862)
test shape:(3173, 336, 862)
Epoch 0, mse:0.8940374255180359, mae:0.47566530108451843, rmse:0.9455355405807495, mape:5.566229343414307, mspe:1120603.125
[ Epoch 2 ]
  - (Training) MSE:  0.46488elapse: 0.487 min
(3173, 336, 862)
test shape:(3173, 336, 862)
Epoch 1, mse:0.880021870136261, mae:0.4680037200450897, rmse:0.9380947947502136, mape:5.560867786407471, mspe:1201071.25
[ Epoch 3 ]
  - (Training) MSE:  0.45887elapse: 0.493 min
(3173, 336, 862)
test shape:(3173, 336, 862)
Epoch 2, mse:0.8786875009536743, mae:0.4673756957054138, rmse:0.9373833537101746, mape:5.5649237632751465, mspe:1208083.125
[ Epoch 4 ]
  - (Training) MSE:  0.45819elapse: 0.494 min
(3173, 336, 862)
test shape:(3173, 336, 862)
Epoch 3, mse:0.878610372543335, mae:0.46728190779685974, rmse:0.9373421669006348, mape:5.561456680297852, mspe:1208384.25
[ Epoch 5 ]
  - (Training) MSE:  0.45813elapse: 0.490 min
(3173, 336, 862)
test shape:(3173, 336, 862)
Epoch 4, mse:0.8786636590957642, mae:0.46741950511932373, rmse:0.9373705983161926, mape:5.561670303344727, mspe:1208051.875
Iteration best metrics: [0.878610372543335, 0.46728190779685974, 0.9373421669006348, 5.561456680297852, 1208384.25]
Average Metrics: [8.78610373e-01 4.67281908e-01 9.37342167e-01 5.56145668e+00
 1.20838425e+06]
