Args in experiment:
Namespace(activation='gelu', affine=0, batch_size=32, c_out=7, checkpoints='./checkpoints/', d_ff=2048, d_layers=1, d_model=512, data='ETTh1', data_path='ETTh1.csv', dec_in=7, decomposition=0, des='Exp', devices='0,1,2,3', distil=True, do_predict=False, dropout=0.05, e_layers=2, embed='timeF', embed_type=0, enc_in=7, factor=1, fc_dropout=0.05, features='M', freq='h', gpu=0, head_dropout=0.0, individual=0, is_training=1, itr=1, kernel_size=25, label_len=48, learning_rate=0.005, loss='mse', lradj='type3', model='DLinear', model_id='ETTh1_336_96', moving_avg=25, n_heads=8, num_workers=4, output_attention=False, padding_patch='end', patch_len=16, patience=100, pct_start=0.3, pred_len=96, random_seed=2021, revin=1, root_path='./dataset/', seq_len=336, stride=8, subtract_last=0, target='OT', test_flop=False, train_epochs=100, use_amp=False, use_gpu=True, use_multi_gpu=False)
Use GPU: cuda:0
>>>>>>>start training : ETTh1_336_96_DLinear_ETTh1_ftM_sl336_ll48_pl96_dm512_nh8_el2_dl1_df2048_fc1_ebtimeF_dtTrue_Exp_0>>>>>>>>>>>>>>>>>>>>>>>>>>
train 8209
val 2785
test 2785
	iters: 100, epoch: 1 | loss: 0.4179076
	speed: 0.0089s/iter; left time: 227.7369s
	iters: 200, epoch: 1 | loss: 0.3788065
	speed: 0.0040s/iter; left time: 100.8054s
Epoch: 1 cost time: 1.6020598411560059
Epoch: 1, Steps: 256 | Train Loss: 0.4665905 Vali Loss: 0.7240962 Test Loss: 0.4179392
Validation loss decreased (inf --> 0.724096).  Saving model ...
Updating learning rate to 0.005
	iters: 100, epoch: 2 | loss: 0.4803025
	speed: 0.0311s/iter; left time: 784.1277s
	iters: 200, epoch: 2 | loss: 0.4333526
	speed: 0.0040s/iter; left time: 99.7371s
Epoch: 2 cost time: 1.6509668827056885
Epoch: 2, Steps: 256 | Train Loss: 0.3819047 Vali Loss: 0.6807784 Test Loss: 0.4341419
Validation loss decreased (0.724096 --> 0.680778).  Saving model ...
Updating learning rate to 0.005
	iters: 100, epoch: 3 | loss: 0.4745146
	speed: 0.0298s/iter; left time: 745.5357s
	iters: 200, epoch: 3 | loss: 0.3690179
	speed: 0.0040s/iter; left time: 98.5059s
Epoch: 3 cost time: 1.5767786502838135
Epoch: 3, Steps: 256 | Train Loss: 0.3811159 Vali Loss: 0.7798847 Test Loss: 0.4301929
EarlyStopping counter: 1 out of 100
Updating learning rate to 0.005
	iters: 100, epoch: 4 | loss: 0.3856911
	speed: 0.0306s/iter; left time: 755.8327s
	iters: 200, epoch: 4 | loss: 0.4302711
	speed: 0.0039s/iter; left time: 97.2206s
Epoch: 4 cost time: 1.651055097579956
Epoch: 4, Steps: 256 | Train Loss: 0.3758381 Vali Loss: 0.6991714 Test Loss: 0.4129640
EarlyStopping counter: 2 out of 100
Updating learning rate to 0.0045000000000000005
	iters: 100, epoch: 5 | loss: 0.3862927
	speed: 0.0312s/iter; left time: 763.6986s
	iters: 200, epoch: 5 | loss: 0.3763201
	speed: 0.0040s/iter; left time: 96.5864s
Epoch: 5 cost time: 1.7527191638946533
Epoch: 5, Steps: 256 | Train Loss: 0.3727378 Vali Loss: 0.7678874 Test Loss: 0.4138197
EarlyStopping counter: 3 out of 100
Updating learning rate to 0.004050000000000001
	iters: 100, epoch: 6 | loss: 0.3773789
	speed: 0.0296s/iter; left time: 716.2704s
	iters: 200, epoch: 6 | loss: 0.3760104
	speed: 0.0040s/iter; left time: 97.4291s
Epoch: 6 cost time: 1.5672004222869873
Epoch: 6, Steps: 256 | Train Loss: 0.3744438 Vali Loss: 0.6904371 Test Loss: 0.4622048
EarlyStopping counter: 4 out of 100
Updating learning rate to 0.0036450000000000007
	iters: 100, epoch: 7 | loss: 0.3353313
	speed: 0.0299s/iter; left time: 717.5550s
	iters: 200, epoch: 7 | loss: 0.3556374
	speed: 0.0040s/iter; left time: 95.1314s
Epoch: 7 cost time: 1.6030378341674805
Epoch: 7, Steps: 256 | Train Loss: 0.3672356 Vali Loss: 0.6830425 Test Loss: 0.4075251
EarlyStopping counter: 5 out of 100
Updating learning rate to 0.0032805
	iters: 100, epoch: 8 | loss: 0.3441472
	speed: 0.0297s/iter; left time: 703.9442s
	iters: 200, epoch: 8 | loss: 0.4003981
	speed: 0.0041s/iter; left time: 97.6733s
Epoch: 8 cost time: 1.708108901977539
Epoch: 8, Steps: 256 | Train Loss: 0.3640146 Vali Loss: 0.6616651 Test Loss: 0.4216893
Validation loss decreased (0.680778 --> 0.661665).  Saving model ...
Updating learning rate to 0.0029524500000000006
	iters: 100, epoch: 9 | loss: 0.3314007
	speed: 0.0314s/iter; left time: 736.0297s
	iters: 200, epoch: 9 | loss: 0.3402773
	speed: 0.0048s/iter; left time: 112.0292s
Epoch: 9 cost time: 1.82501220703125
Epoch: 9, Steps: 256 | Train Loss: 0.3610804 Vali Loss: 0.7192879 Test Loss: 0.4052141
EarlyStopping counter: 1 out of 100
Updating learning rate to 0.002657205
	iters: 100, epoch: 10 | loss: 0.3188458
	speed: 0.0318s/iter; left time: 738.4753s
	iters: 200, epoch: 10 | loss: 0.3784194
	speed: 0.0040s/iter; left time: 91.2556s
Epoch: 10 cost time: 1.607304573059082
Epoch: 10, Steps: 256 | Train Loss: 0.3544727 Vali Loss: 0.6821443 Test Loss: 0.3935031
EarlyStopping counter: 2 out of 100
Updating learning rate to 0.0023914845000000003
	iters: 100, epoch: 11 | loss: 0.3253840
	speed: 0.0297s/iter; left time: 680.5549s
	iters: 200, epoch: 11 | loss: 0.3675548
	speed: 0.0040s/iter; left time: 92.2825s
Epoch: 11 cost time: 1.6704647541046143
Epoch: 11, Steps: 256 | Train Loss: 0.3527596 Vali Loss: 0.6718218 Test Loss: 0.4086350
EarlyStopping counter: 3 out of 100
Updating learning rate to 0.0021523360500000006
	iters: 100, epoch: 12 | loss: 0.2867873
	speed: 0.0295s/iter; left time: 669.2065s
	iters: 200, epoch: 12 | loss: 0.3652356
	speed: 0.0039s/iter; left time: 87.9516s
Epoch: 12 cost time: 1.6210548877716064
Epoch: 12, Steps: 256 | Train Loss: 0.3514534 Vali Loss: 0.6744457 Test Loss: 0.3893730
EarlyStopping counter: 4 out of 100
Updating learning rate to 0.0019371024450000004
	iters: 100, epoch: 13 | loss: 0.3665647
	speed: 0.0298s/iter; left time: 668.4678s
	iters: 200, epoch: 13 | loss: 0.3278722
	speed: 0.0040s/iter; left time: 88.2898s
Epoch: 13 cost time: 1.5761866569519043
Epoch: 13, Steps: 256 | Train Loss: 0.3503861 Vali Loss: 0.6495584 Test Loss: 0.4222950
Validation loss decreased (0.661665 --> 0.649558).  Saving model ...
Updating learning rate to 0.0017433922005000006
	iters: 100, epoch: 14 | loss: 0.3400206
	speed: 0.0304s/iter; left time: 674.4006s
	iters: 200, epoch: 14 | loss: 0.2943239
	speed: 0.0039s/iter; left time: 86.9362s
Epoch: 14 cost time: 1.6604413986206055
Epoch: 14, Steps: 256 | Train Loss: 0.3478252 Vali Loss: 0.6832745 Test Loss: 0.3895814
EarlyStopping counter: 1 out of 100
Updating learning rate to 0.0015690529804500003
