Args in experiment:
Namespace(activation='gelu', affine=0, batch_size=32, c_out=7, checkpoints='./checkpoints/', d_ff=2048, d_layers=1, d_model=512, data='ETTh2', data_path='ETTh2.csv', dec_in=7, decomposition=0, des='Exp', devices='0,1,2,3', distil=True, do_predict=False, dropout=0.05, e_layers=2, embed='timeF', embed_type=0, enc_in=7, factor=1, fc_dropout=0.05, features='M', freq='h', gpu=0, head_dropout=0.0, individual=0, is_training=1, itr=1, kernel_size=25, label_len=48, learning_rate=0.05, loss='mse', lradj='type3', model='DLinear', model_id='ETTh2_336_192', moving_avg=25, n_heads=8, num_workers=4, output_attention=False, padding_patch='end', patch_len=16, patience=100, pct_start=0.3, pred_len=192, random_seed=2021, revin=1, root_path='./dataset/', seq_len=336, stride=8, subtract_last=0, target='OT', test_flop=False, train_epochs=100, use_amp=False, use_gpu=True, use_multi_gpu=False)
Use GPU: cuda:0
>>>>>>>start training : ETTh2_336_192_DLinear_ETTh2_ftM_sl336_ll48_pl192_dm512_nh8_el2_dl1_df2048_fc1_ebtimeF_dtTrue_Exp_0>>>>>>>>>>>>>>>>>>>>>>>>>>
train 8113
val 2689
test 2689
	iters: 100, epoch: 1 | loss: 0.4180776
	speed: 0.0103s/iter; left time: 258.8953s
	iters: 200, epoch: 1 | loss: 0.5628089
	speed: 0.0044s/iter; left time: 109.5536s
Epoch: 1 cost time: 1.7990896701812744
Epoch: 1, Steps: 253 | Train Loss: 0.5387472 Vali Loss: 0.3091840 Test Loss: 0.4070738
Validation loss decreased (inf --> 0.309184).  Saving model ...
Updating learning rate to 0.05
	iters: 100, epoch: 2 | loss: 2.0594091
	speed: 0.0356s/iter; left time: 887.3951s
	iters: 200, epoch: 2 | loss: 1.6882862
	speed: 0.0040s/iter; left time: 99.7087s
Epoch: 2 cost time: 1.7852826118469238
Epoch: 2, Steps: 253 | Train Loss: 1.9743903 Vali Loss: 1.4086937 Test Loss: 2.9309361
EarlyStopping counter: 1 out of 100
Updating learning rate to 0.05
	iters: 100, epoch: 3 | loss: 1.8209612
	speed: 0.0355s/iter; left time: 876.3276s
	iters: 200, epoch: 3 | loss: 1.4552305
	speed: 0.0040s/iter; left time: 98.7227s
Epoch: 3 cost time: 1.7857396602630615
Epoch: 3, Steps: 253 | Train Loss: 1.9222821 Vali Loss: 1.2305723 Test Loss: 2.4941342
EarlyStopping counter: 2 out of 100
Updating learning rate to 0.05
	iters: 100, epoch: 4 | loss: 1.2950437
	speed: 0.0350s/iter; left time: 854.3911s
	iters: 200, epoch: 4 | loss: 1.0810350
	speed: 0.0042s/iter; left time: 102.0863s
Epoch: 4 cost time: 1.8271753787994385
Epoch: 4, Steps: 253 | Train Loss: 1.2448805 Vali Loss: 0.7822384 Test Loss: 1.1838247
EarlyStopping counter: 3 out of 100
Updating learning rate to 0.045000000000000005
	iters: 100, epoch: 5 | loss: 0.7073270
	speed: 0.0341s/iter; left time: 823.8711s
	iters: 200, epoch: 5 | loss: 0.9614162
	speed: 0.0041s/iter; left time: 99.2184s
Epoch: 5 cost time: 1.7898223400115967
Epoch: 5, Steps: 253 | Train Loss: 0.9839779 Vali Loss: 0.6247230 Test Loss: 1.0201623
EarlyStopping counter: 4 out of 100
Updating learning rate to 0.04050000000000001
	iters: 100, epoch: 6 | loss: 0.6640351
	speed: 0.0358s/iter; left time: 858.0707s
	iters: 200, epoch: 6 | loss: 0.6031035
	speed: 0.0041s/iter; left time: 98.3218s
Epoch: 6 cost time: 1.8780279159545898
Epoch: 6, Steps: 253 | Train Loss: 0.9935008 Vali Loss: 0.6444102 Test Loss: 0.9891127
EarlyStopping counter: 5 out of 100
Updating learning rate to 0.03645
	iters: 100, epoch: 7 | loss: 0.6066414
	speed: 0.0347s/iter; left time: 822.2117s
	iters: 200, epoch: 7 | loss: 0.7987792
	speed: 0.0041s/iter; left time: 96.5424s
Epoch: 7 cost time: 1.748997449874878
Epoch: 7, Steps: 253 | Train Loss: 0.9031521 Vali Loss: 0.8072968 Test Loss: 1.4857099
EarlyStopping counter: 6 out of 100
Updating learning rate to 0.032805
	iters: 100, epoch: 8 | loss: 0.5759162
	speed: 0.0369s/iter; left time: 863.5749s
	iters: 200, epoch: 8 | loss: 1.0814112
	speed: 0.0040s/iter; left time: 94.4140s
Epoch: 8 cost time: 1.8296654224395752
Epoch: 8, Steps: 253 | Train Loss: 0.8996754 Vali Loss: 0.8094748 Test Loss: 1.5796505
EarlyStopping counter: 7 out of 100
Updating learning rate to 0.029524500000000006
	iters: 100, epoch: 9 | loss: 0.8725634
	speed: 0.0376s/iter; left time: 871.0150s
	iters: 200, epoch: 9 | loss: 0.7116337
	speed: 0.0041s/iter; left time: 94.9759s
Epoch: 9 cost time: 1.7224738597869873
Epoch: 9, Steps: 253 | Train Loss: 0.9056763 Vali Loss: 0.6939053 Test Loss: 1.3391383
EarlyStopping counter: 8 out of 100
Updating learning rate to 0.026572050000000003
	iters: 100, epoch: 10 | loss: 0.6389990
	speed: 0.0360s/iter; left time: 824.2824s
	iters: 200, epoch: 10 | loss: 0.5004237
	speed: 0.0039s/iter; left time: 89.6135s
Epoch: 10 cost time: 1.788818120956421
Epoch: 10, Steps: 253 | Train Loss: 0.7625587 Vali Loss: 0.5165860 Test Loss: 0.8427358
EarlyStopping counter: 9 out of 100
Updating learning rate to 0.023914845000000004
	iters: 100, epoch: 11 | loss: 0.5823364
	speed: 0.0364s/iter; left time: 825.3921s
	iters: 200, epoch: 11 | loss: 0.8197523
	speed: 0.0041s/iter; left time: 91.6380s
Epoch: 11 cost time: 1.8067626953125
Epoch: 11, Steps: 253 | Train Loss: 0.7445825 Vali Loss: 0.5347264 Test Loss: 0.8785851
EarlyStopping counter: 10 out of 100
Updating learning rate to 0.021523360500000005
	iters: 100, epoch: 12 | loss: 0.5147239
	speed: 0.0348s/iter; left time: 779.5996s
	iters: 200, epoch: 12 | loss: 0.8356156
	speed: 0.0041s/iter; left time: 91.5945s
Epoch: 12 cost time: 1.8224401473999023
Epoch: 12, Steps: 253 | Train Loss: 0.7135686 Vali Loss: 0.6159369 Test Loss: 1.1446230
EarlyStopping counter: 11 out of 100
Updating learning rate to 0.019371024450000007
	iters: 100, epoch: 13 | loss: 0.6510496
	speed: 0.0358s/iter; left time: 794.4249s
	iters: 200, epoch: 13 | loss: 0.3755769
	speed: 0.0042s/iter; left time: 92.6488s
Epoch: 13 cost time: 1.8019356727600098
Epoch: 13, Steps: 253 | Train Loss: 0.6867271 Vali Loss: 0.3836136 Test Loss: 0.5324984
EarlyStopping counter: 12 out of 100
Updating learning rate to 0.017433922005000005
	iters: 100, epoch: 14 | loss: 0.6124884
	speed: 0.0359s/iter; left time: 786.2190s
	iters: 200, epoch: 14 | loss: 0.5077941
	speed: 0.0041s/iter; left time: 90.2366s
Epoch: 14 cost time: 1.8601148128509521
Epoch: 14, Steps: 253 | Train Loss: 0.7161539 Vali Loss: 0.5131119 Test Loss: 0.8942523
EarlyStopping counter: 13 out of 100
Updating learning rate to 0.015690529804500003
	iters: 100, epoch: 15 | loss: 0.8140591
	speed: 0.0349s/iter; left time: 755.8053s
	iters: 200, epoch: 15 | loss: 0.7508887
	speed: 0.0043s/iter; left time: 93.4082s
Epoch: 15 cost time: 1.7714364528656006
Epoch: 15, Steps: 253 | Train Loss: 0.6776852 Vali Loss: 0.4202583 Test Loss: 0.6461662
EarlyStopping counter: 14 out of 100
Updating learning rate to 0.014121476824050006
	iters: 100, epoch: 16 | loss: 0.6718419
	speed: 0.0366s/iter; left time: 783.6180s
	iters: 200, epoch: 16 | loss: 0.5496589
	speed: 0.0040s/iter; left time: 85.4365s
Epoch: 16 cost time: 1.7755186557769775
Epoch: 16, Steps: 253 | Train Loss: 0.6313510 Vali Loss: 0.4605472 Test Loss: 0.7490774
EarlyStopping counter: 15 out of 100
Updating learning rate to 0.012709329141645005
	iters: 100, epoch: 17 | loss: 0.6519571
	speed: 0.0372s/iter; left time: 787.7919s
	iters: 200, epoch: 17 | loss: 0.7426704
	speed: 0.0040s/iter; left time: 84.5176s
Epoch: 17 cost time: 1.8447017669677734
Epoch: 17, Steps: 253 | Train Loss: 0.6315277 Vali Loss: 0.3375689 Test Loss: 0.4559196
EarlyStopping counter: 16 out of 100
Updating learning rate to 0.011438396227480505
	iters: 100, epoch: 18 | loss: 0.9448809
	speed: 0.0357s/iter; left time: 745.5586s
	iters: 200, epoch: 18 | loss: 0.3739695
	speed: 0.0040s/iter; left time: 83.7919s
Epoch: 18 cost time: 1.783719539642334
Epoch: 18, Steps: 253 | Train Loss: 0.6061310 Vali Loss: 0.4263076 Test Loss: 0.6524183
EarlyStopping counter: 17 out of 100
Updating learning rate to 0.010294556604732455
	iters: 100, epoch: 19 | loss: 0.6232192
	speed: 0.0340s/iter; left time: 701.7796s
	iters: 200, epoch: 19 | loss: 0.7878693
	speed: 0.0040s/iter; left time: 82.8852s
Epoch: 19 cost time: 1.7546882629394531
Epoch: 19, Steps: 253 | Train Loss: 0.6062856 Vali Loss: 0.3527961 Test Loss: 0.5195590
EarlyStopping counter: 18 out of 100
Updating learning rate to 0.009265100944259209
	iters: 100, epoch: 20 | loss: 0.6214315
	speed: 0.0360s/iter; left time: 735.1941s
	iters: 200, epoch: 20 | loss: 0.5234276
	speed: 0.0043s/iter; left time: 86.3066s
Epoch: 20 cost time: 1.8377654552459717
Epoch: 20, Steps: 253 | Train Loss: 0.6093600 Vali Loss: 0.4054022 Test Loss: 0.6442436
EarlyStopping counter: 19 out of 100
Updating learning rate to 0.008338590849833289
	iters: 100, epoch: 21 | loss: 0.5919504
	speed: 0.0349s/iter; left time: 701.9513s
	iters: 200, epoch: 21 | loss: 0.8094987
	speed: 0.0041s/iter; left time: 83.0231s
Epoch: 21 cost time: 1.8352735042572021
Epoch: 21, Steps: 253 | Train Loss: 0.5748496 Vali Loss: 0.3662955 Test Loss: 0.4850550
EarlyStopping counter: 20 out of 100
Updating learning rate to 0.007504731764849959
	iters: 100, epoch: 22 | loss: 0.6908252
	speed: 0.0371s/iter; left time: 737.2481s
	iters: 200, epoch: 22 | loss: 0.6750174
	speed: 0.0041s/iter; left time: 81.6457s
Epoch: 22 cost time: 1.8297803401947021
Epoch: 22, Steps: 253 | Train Loss: 0.5711186 Vali Loss: 0.3801202 Test Loss: 0.5627112
EarlyStopping counter: 21 out of 100
Updating learning rate to 0.006754258588364964
	iters: 100, epoch: 23 | loss: 0.8144352
	speed: 0.0363s/iter; left time: 712.2882s
	iters: 200, epoch: 23 | loss: 0.4609142
	speed: 0.0041s/iter; left time: 80.5589s
Epoch: 23 cost time: 1.8740966320037842
Epoch: 23, Steps: 253 | Train Loss: 0.5587705 Vali Loss: 0.3298368 Test Loss: 0.4254109
EarlyStopping counter: 22 out of 100
Updating learning rate to 0.006078832729528468
	iters: 100, epoch: 24 | loss: 0.5450655
	speed: 0.0342s/iter; left time: 661.9810s
	iters: 200, epoch: 24 | loss: 0.5163696
	speed: 0.0040s/iter; left time: 77.0509s
Epoch: 24 cost time: 1.7328624725341797
Epoch: 24, Steps: 253 | Train Loss: 0.5470262 Vali Loss: 0.3301976 Test Loss: 0.4578759
EarlyStopping counter: 23 out of 100
Updating learning rate to 0.005470949456575621
	iters: 100, epoch: 25 | loss: 0.6363315
	speed: 0.0350s/iter; left time: 669.5425s
	iters: 200, epoch: 25 | loss: 0.8091040
	speed: 0.0041s/iter; left time: 78.3141s
Epoch: 25 cost time: 1.8302831649780273
Epoch: 25, Steps: 253 | Train Loss: 0.5524068 Vali Loss: 0.3142018 Test Loss: 0.4374762
EarlyStopping counter: 24 out of 100
Updating learning rate to 0.00492385451091806
	iters: 100, epoch: 26 | loss: 0.3218376
	speed: 0.0378s/iter; left time: 714.4148s
	iters: 200, epoch: 26 | loss: 0.3626606
	speed: 0.0044s/iter; left time: 82.3627s
Epoch: 26 cost time: 1.862767219543457
Epoch: 26, Steps: 253 | Train Loss: 0.5372337 Vali Loss: 0.3547114 Test Loss: 0.5304289
EarlyStopping counter: 25 out of 100
Updating learning rate to 0.004431469059826254
	iters: 100, epoch: 27 | loss: 0.5518849
	speed: 0.0376s/iter; left time: 700.1183s
	iters: 200, epoch: 27 | loss: 0.4629728
	speed: 0.0042s/iter; left time: 77.0436s
Epoch: 27 cost time: 1.7943532466888428
Epoch: 27, Steps: 253 | Train Loss: 0.5363863 Vali Loss: 0.3247341 Test Loss: 0.4027557
EarlyStopping counter: 26 out of 100
Updating learning rate to 0.003988322153843628
	iters: 100, epoch: 28 | loss: 0.4047540
	speed: 0.0367s/iter; left time: 674.8165s
	iters: 200, epoch: 28 | loss: 0.6324672
	speed: 0.0039s/iter; left time: 70.5738s
Epoch: 28 cost time: 1.8466987609863281
Epoch: 28, Steps: 253 | Train Loss: 0.5331927 Vali Loss: 0.4029482 Test Loss: 0.5968279
EarlyStopping counter: 27 out of 100
Updating learning rate to 0.003589489938459265
	iters: 100, epoch: 29 | loss: 0.6653832
	speed: 0.0356s/iter; left time: 645.5726s
	iters: 200, epoch: 29 | loss: 0.5435115
	speed: 0.0045s/iter; left time: 80.2850s
Epoch: 29 cost time: 1.8561522960662842
Epoch: 29, Steps: 253 | Train Loss: 0.5277246 Vali Loss: 0.3308318 Test Loss: 0.4512899
EarlyStopping counter: 28 out of 100
Updating learning rate to 0.003230540944613339
	iters: 100, epoch: 30 | loss: 0.2682147
	speed: 0.0380s/iter; left time: 678.7962s
	iters: 200, epoch: 30 | loss: 0.3665870
	speed: 0.0043s/iter; left time: 76.5977s
Epoch: 30 cost time: 1.9456782341003418
Epoch: 30, Steps: 253 | Train Loss: 0.5194489 Vali Loss: 0.3536862 Test Loss: 0.5073031
EarlyStopping counter: 29 out of 100
Updating learning rate to 0.002907486850152005
	iters: 100, epoch: 31 | loss: 0.4306489
	speed: 0.0361s/iter; left time: 635.7339s
	iters: 200, epoch: 31 | loss: 0.5959340
	speed: 0.0042s/iter; left time: 73.4253s
Epoch: 31 cost time: 1.8148353099822998
Epoch: 31, Steps: 253 | Train Loss: 0.5157852 Vali Loss: 0.3451208 Test Loss: 0.4788211
EarlyStopping counter: 30 out of 100
Updating learning rate to 0.002616738165136805
	iters: 100, epoch: 32 | loss: 0.4631278
	speed: 0.0379s/iter; left time: 658.1167s
	iters: 200, epoch: 32 | loss: 0.6372010
	speed: 0.0043s/iter; left time: 73.7429s
Epoch: 32 cost time: 1.8936545848846436
Epoch: 32, Steps: 253 | Train Loss: 0.5141901 Vali Loss: 0.3388351 Test Loss: 0.4878442
EarlyStopping counter: 31 out of 100
Updating learning rate to 0.0023550643486231243
	iters: 100, epoch: 33 | loss: 0.5545226
	speed: 0.0353s/iter; left time: 603.3858s
	iters: 200, epoch: 33 | loss: 0.6330408
	speed: 0.0041s/iter; left time: 70.1221s
Epoch: 33 cost time: 1.7565991878509521
Epoch: 33, Steps: 253 | Train Loss: 0.5089842 Vali Loss: 0.3171691 Test Loss: 0.4181581
EarlyStopping counter: 32 out of 100
Updating learning rate to 0.002119557913760812
	iters: 100, epoch: 34 | loss: 0.3168240
	speed: 0.0346s/iter; left time: 582.5372s
	iters: 200, epoch: 34 | loss: 0.7807480
	speed: 0.0045s/iter; left time: 75.6628s
Epoch: 34 cost time: 1.8273837566375732
Epoch: 34, Steps: 253 | Train Loss: 0.5074783 Vali Loss: 0.2849389 Test Loss: 0.3605998
Validation loss decreased (0.309184 --> 0.284939).  Saving model ...
Updating learning rate to 0.0019076021223847308
	iters: 100, epoch: 35 | loss: 0.6994798
	speed: 0.0340s/iter; left time: 564.4961s
	iters: 200, epoch: 35 | loss: 0.2862553
	speed: 0.0041s/iter; left time: 67.4313s
Epoch: 35 cost time: 1.7868084907531738
Epoch: 35, Steps: 253 | Train Loss: 0.5045306 Vali Loss: 0.3581100 Test Loss: 0.4930420
EarlyStopping counter: 1 out of 100
Updating learning rate to 0.0017168419101462576
	iters: 100, epoch: 36 | loss: 0.3260718
	speed: 0.0363s/iter; left time: 593.0144s
	iters: 200, epoch: 36 | loss: 0.4811260
	speed: 0.0042s/iter; left time: 67.8841s
Epoch: 36 cost time: 1.9337878227233887
Epoch: 36, Steps: 253 | Train Loss: 0.5037780 Vali Loss: 0.3041827 Test Loss: 0.3834987
EarlyStopping counter: 2 out of 100
Updating learning rate to 0.001545157719131632
	iters: 100, epoch: 37 | loss: 0.4580655
	speed: 0.0353s/iter; left time: 568.6147s
	iters: 200, epoch: 37 | loss: 0.4322960
	speed: 0.0043s/iter; left time: 69.0884s
Epoch: 37 cost time: 1.8518304824829102
Epoch: 37, Steps: 253 | Train Loss: 0.5023663 Vali Loss: 0.3318278 Test Loss: 0.4733531
EarlyStopping counter: 3 out of 100
Updating learning rate to 0.0013906419472184688
	iters: 100, epoch: 38 | loss: 0.8763027
	speed: 0.0354s/iter; left time: 560.4842s
	iters: 200, epoch: 38 | loss: 0.5598119
	speed: 0.0042s/iter; left time: 65.9878s
Epoch: 38 cost time: 1.7972536087036133
Epoch: 38, Steps: 253 | Train Loss: 0.4996363 Vali Loss: 0.3136825 Test Loss: 0.4262789
EarlyStopping counter: 4 out of 100
Updating learning rate to 0.001251577752496622
	iters: 100, epoch: 39 | loss: 0.5447303
	speed: 0.0376s/iter; left time: 585.4718s
	iters: 200, epoch: 39 | loss: 0.5961673
	speed: 0.0042s/iter; left time: 64.5045s
Epoch: 39 cost time: 1.8860385417938232
Epoch: 39, Steps: 253 | Train Loss: 0.4985773 Vali Loss: 0.2973069 Test Loss: 0.3766948
EarlyStopping counter: 5 out of 100
Updating learning rate to 0.0011264199772469598
	iters: 100, epoch: 40 | loss: 0.6806935
	speed: 0.0361s/iter; left time: 553.1118s
	iters: 200, epoch: 40 | loss: 1.2600676
	speed: 0.0046s/iter; left time: 70.1900s
Epoch: 40 cost time: 1.8395392894744873
Epoch: 40, Steps: 253 | Train Loss: 0.4947508 Vali Loss: 0.2901545 Test Loss: 0.3646450
EarlyStopping counter: 6 out of 100
Updating learning rate to 0.0010137779795222639
	iters: 100, epoch: 41 | loss: 0.4875093
	speed: 0.0373s/iter; left time: 561.9852s
	iters: 200, epoch: 41 | loss: 0.5041925
	speed: 0.0040s/iter; left time: 60.2363s
Epoch: 41 cost time: 1.8988142013549805
Epoch: 41, Steps: 253 | Train Loss: 0.4936606 Vali Loss: 0.3645771 Test Loss: 0.5725898
EarlyStopping counter: 7 out of 100
Updating learning rate to 0.0009124001815700375
	iters: 100, epoch: 42 | loss: 0.6606894
	speed: 0.0370s/iter; left time: 548.9270s
	iters: 200, epoch: 42 | loss: 0.5094470
	speed: 0.0040s/iter; left time: 58.4726s
Epoch: 42 cost time: 1.784722089767456
Epoch: 42, Steps: 253 | Train Loss: 0.4932851 Vali Loss: 0.3590658 Test Loss: 0.5382506
EarlyStopping counter: 8 out of 100
Updating learning rate to 0.0008211601634130338
	iters: 100, epoch: 43 | loss: 0.7517318
	speed: 0.0346s/iter; left time: 503.9323s
	iters: 200, epoch: 43 | loss: 0.4349396
	speed: 0.0041s/iter; left time: 59.6301s
Epoch: 43 cost time: 1.7488062381744385
Epoch: 43, Steps: 253 | Train Loss: 0.4912336 Vali Loss: 0.3014230 Test Loss: 0.3976050
EarlyStopping counter: 9 out of 100
Updating learning rate to 0.0007390441470717305
	iters: 100, epoch: 44 | loss: 0.3940234
	speed: 0.0346s/iter; left time: 495.8784s
	iters: 200, epoch: 44 | loss: 0.6305115
	speed: 0.0041s/iter; left time: 58.8133s
Epoch: 44 cost time: 1.7184531688690186
Epoch: 44, Steps: 253 | Train Loss: 0.4898673 Vali Loss: 0.3237608 Test Loss: 0.4475466
EarlyStopping counter: 10 out of 100
Updating learning rate to 0.0006651397323645574
	iters: 100, epoch: 45 | loss: 0.4832523
	speed: 0.0333s/iter; left time: 468.7864s
	iters: 200, epoch: 45 | loss: 0.3997068
	speed: 0.0042s/iter; left time: 58.3013s
Epoch: 45 cost time: 1.6965925693511963
Epoch: 45, Steps: 253 | Train Loss: 0.4899033 Vali Loss: 0.2937098 Test Loss: 0.3580079
EarlyStopping counter: 11 out of 100
Updating learning rate to 0.0005986257591281017
	iters: 100, epoch: 46 | loss: 0.3408688
	speed: 0.0354s/iter; left time: 489.2903s
	iters: 200, epoch: 46 | loss: 0.4694585
	speed: 0.0039s/iter; left time: 54.0722s
Epoch: 46 cost time: 1.7057826519012451
Epoch: 46, Steps: 253 | Train Loss: 0.4870565 Vali Loss: 0.3105337 Test Loss: 0.4075549
EarlyStopping counter: 12 out of 100
Updating learning rate to 0.0005387631832152915
	iters: 100, epoch: 47 | loss: 0.6686912
	speed: 0.0339s/iter; left time: 459.4665s
	iters: 200, epoch: 47 | loss: 0.4625309
	speed: 0.0045s/iter; left time: 60.7296s
Epoch: 47 cost time: 1.8489060401916504
Epoch: 47, Steps: 253 | Train Loss: 0.4864563 Vali Loss: 0.3132059 Test Loss: 0.4273765
EarlyStopping counter: 13 out of 100
Updating learning rate to 0.00048488686489376237
	iters: 100, epoch: 48 | loss: 0.2881222
	speed: 0.0347s/iter; left time: 461.9517s
	iters: 200, epoch: 48 | loss: 0.3824760
	speed: 0.0041s/iter; left time: 53.8451s
Epoch: 48 cost time: 1.8681557178497314
Epoch: 48, Steps: 253 | Train Loss: 0.4851354 Vali Loss: 0.3071364 Test Loss: 0.3944749
EarlyStopping counter: 14 out of 100
Updating learning rate to 0.00043639817840438616
	iters: 100, epoch: 49 | loss: 0.6672647
	speed: 0.0357s/iter; left time: 466.6420s
	iters: 200, epoch: 49 | loss: 0.5207518
	speed: 0.0041s/iter; left time: 53.0044s
Epoch: 49 cost time: 1.844477653503418
Epoch: 49, Steps: 253 | Train Loss: 0.4862039 Vali Loss: 0.3014248 Test Loss: 0.4047481
EarlyStopping counter: 15 out of 100
Updating learning rate to 0.00039275836056394756
	iters: 100, epoch: 50 | loss: 0.3159533
	speed: 0.0351s/iter; left time: 449.0770s
	iters: 200, epoch: 50 | loss: 0.4643986
	speed: 0.0043s/iter; left time: 54.1890s
Epoch: 50 cost time: 1.7943942546844482
Epoch: 50, Steps: 253 | Train Loss: 0.4828706 Vali Loss: 0.3048323 Test Loss: 0.4041243
EarlyStopping counter: 16 out of 100
Updating learning rate to 0.0003534825245075528
	iters: 100, epoch: 51 | loss: 0.3915121
	speed: 0.0368s/iter; left time: 461.5812s
	iters: 200, epoch: 51 | loss: 0.3163356
	speed: 0.0042s/iter; left time: 52.2973s
Epoch: 51 cost time: 1.7659969329833984
Epoch: 51, Steps: 253 | Train Loss: 0.4831148 Vali Loss: 0.3187279 Test Loss: 0.4256154
EarlyStopping counter: 17 out of 100
Updating learning rate to 0.00031813427205679753
	iters: 100, epoch: 52 | loss: 0.5844909
	speed: 0.0350s/iter; left time: 430.7314s
	iters: 200, epoch: 52 | loss: 0.3639573
	speed: 0.0042s/iter; left time: 50.7913s
Epoch: 52 cost time: 1.8501017093658447
Epoch: 52, Steps: 253 | Train Loss: 0.4836444 Vali Loss: 0.2911786 Test Loss: 0.3953913
EarlyStopping counter: 18 out of 100
Updating learning rate to 0.00028632084485111773
	iters: 100, epoch: 53 | loss: 0.4394019
	speed: 0.0366s/iter; left time: 440.6785s
	iters: 200, epoch: 53 | loss: 0.3045875
	speed: 0.0043s/iter; left time: 51.9112s
Epoch: 53 cost time: 1.8929963111877441
Epoch: 53, Steps: 253 | Train Loss: 0.4834658 Vali Loss: 0.2964117 Test Loss: 0.3788205
EarlyStopping counter: 19 out of 100
Updating learning rate to 0.000257688760366006
	iters: 100, epoch: 54 | loss: 0.4798910
	speed: 0.0343s/iter; left time: 404.7104s
	iters: 200, epoch: 54 | loss: 0.7081757
	speed: 0.0043s/iter; left time: 50.4902s
Epoch: 54 cost time: 1.8155958652496338
Epoch: 54, Steps: 253 | Train Loss: 0.4825115 Vali Loss: 0.2936781 Test Loss: 0.3704070
EarlyStopping counter: 20 out of 100
Updating learning rate to 0.0002319198843294054
	iters: 100, epoch: 55 | loss: 0.3488253
	speed: 0.0397s/iter; left time: 458.3005s
	iters: 200, epoch: 55 | loss: 0.4827195
	speed: 0.0045s/iter; left time: 51.1023s
Epoch: 55 cost time: 2.0397839546203613
Epoch: 55, Steps: 253 | Train Loss: 0.4804341 Vali Loss: 0.2995893 Test Loss: 0.3858207
EarlyStopping counter: 21 out of 100
Updating learning rate to 0.0002087278958964649
	iters: 100, epoch: 56 | loss: 0.1954043
	speed: 0.0374s/iter; left time: 421.9493s
	iters: 200, epoch: 56 | loss: 0.2679391
	speed: 0.0047s/iter; left time: 53.0461s
Epoch: 56 cost time: 1.9231431484222412
Epoch: 56, Steps: 253 | Train Loss: 0.4807764 Vali Loss: 0.3058248 Test Loss: 0.4073488
EarlyStopping counter: 22 out of 100
Updating learning rate to 0.0001878551063068184
	iters: 100, epoch: 57 | loss: 0.2611082
	speed: 0.0368s/iter; left time: 405.9753s
	iters: 200, epoch: 57 | loss: 0.7315490
	speed: 0.0040s/iter; left time: 43.6593s
Epoch: 57 cost time: 1.829763412475586
Epoch: 57, Steps: 253 | Train Loss: 0.4807025 Vali Loss: 0.2991520 Test Loss: 0.3959517
EarlyStopping counter: 23 out of 100
Updating learning rate to 0.00016906959567613655
	iters: 100, epoch: 58 | loss: 0.4293355
	speed: 0.0349s/iter; left time: 375.8204s
	iters: 200, epoch: 58 | loss: 0.2320694
	speed: 0.0040s/iter; left time: 42.6284s
Epoch: 58 cost time: 1.7222726345062256
Epoch: 58, Steps: 253 | Train Loss: 0.4808799 Vali Loss: 0.2944844 Test Loss: 0.3818482
EarlyStopping counter: 24 out of 100
Updating learning rate to 0.0001521626361085229
	iters: 100, epoch: 59 | loss: 0.2905355
	speed: 0.0351s/iter; left time: 369.2172s
	iters: 200, epoch: 59 | loss: 0.6088574
	speed: 0.0042s/iter; left time: 43.4152s
Epoch: 59 cost time: 1.9470877647399902
Epoch: 59, Steps: 253 | Train Loss: 0.4808815 Vali Loss: 0.3076327 Test Loss: 0.4045735
EarlyStopping counter: 25 out of 100
Updating learning rate to 0.0001369463724976706
	iters: 100, epoch: 60 | loss: 0.2901338
	speed: 0.0367s/iter; left time: 377.4764s
	iters: 200, epoch: 60 | loss: 0.5898408
	speed: 0.0041s/iter; left time: 42.1818s
Epoch: 60 cost time: 1.8777885437011719
Epoch: 60, Steps: 253 | Train Loss: 0.4803999 Vali Loss: 0.3130721 Test Loss: 0.4145303
EarlyStopping counter: 26 out of 100
Updating learning rate to 0.00012325173524790355
	iters: 100, epoch: 61 | loss: 0.3860302
	speed: 0.0373s/iter; left time: 373.3427s
	iters: 200, epoch: 61 | loss: 0.5846677
	speed: 0.0042s/iter; left time: 42.0261s
Epoch: 61 cost time: 1.9018232822418213
Epoch: 61, Steps: 253 | Train Loss: 0.4790697 Vali Loss: 0.2969046 Test Loss: 0.3765078
EarlyStopping counter: 27 out of 100
Updating learning rate to 0.0001109265617231132
	iters: 100, epoch: 62 | loss: 0.6570836
	speed: 0.0375s/iter; left time: 366.0863s
	iters: 200, epoch: 62 | loss: 0.2129689
	speed: 0.0040s/iter; left time: 38.4649s
Epoch: 62 cost time: 1.831589698791504
Epoch: 62, Steps: 253 | Train Loss: 0.4795123 Vali Loss: 0.3034486 Test Loss: 0.3973341
EarlyStopping counter: 28 out of 100
Updating learning rate to 9.983390555080188e-05
	iters: 100, epoch: 63 | loss: 0.3263643
	speed: 0.0358s/iter; left time: 341.0504s
	iters: 200, epoch: 63 | loss: 0.4385071
	speed: 0.0041s/iter; left time: 38.7614s
Epoch: 63 cost time: 1.774493932723999
Epoch: 63, Steps: 253 | Train Loss: 0.4787254 Vali Loss: 0.2993442 Test Loss: 0.3984682
EarlyStopping counter: 29 out of 100
Updating learning rate to 8.98505149957217e-05
	iters: 100, epoch: 64 | loss: 0.6174445
	speed: 0.0366s/iter; left time: 338.7594s
	iters: 200, epoch: 64 | loss: 0.2635216
	speed: 0.0043s/iter; left time: 39.6931s
Epoch: 64 cost time: 1.8384828567504883
Epoch: 64, Steps: 253 | Train Loss: 0.4789380 Vali Loss: 0.2958333 Test Loss: 0.3778223
EarlyStopping counter: 30 out of 100
Updating learning rate to 8.086546349614953e-05
	iters: 100, epoch: 65 | loss: 0.3518484
	speed: 0.0359s/iter; left time: 323.4783s
	iters: 200, epoch: 65 | loss: 0.4633911
	speed: 0.0041s/iter; left time: 36.3258s
Epoch: 65 cost time: 1.8321740627288818
Epoch: 65, Steps: 253 | Train Loss: 0.4788343 Vali Loss: 0.3062507 Test Loss: 0.4012413
EarlyStopping counter: 31 out of 100
Updating learning rate to 7.277891714653458e-05
	iters: 100, epoch: 66 | loss: 0.3710710
	speed: 0.0359s/iter; left time: 314.1272s
	iters: 200, epoch: 66 | loss: 0.3359405
	speed: 0.0040s/iter; left time: 34.9473s
Epoch: 66 cost time: 1.8346197605133057
Epoch: 66, Steps: 253 | Train Loss: 0.4789552 Vali Loss: 0.3138914 Test Loss: 0.4168164
EarlyStopping counter: 32 out of 100
Updating learning rate to 6.550102543188112e-05
	iters: 100, epoch: 67 | loss: 0.6719634
	speed: 0.0343s/iter; left time: 291.5871s
	iters: 200, epoch: 67 | loss: 0.5061856
	speed: 0.0042s/iter; left time: 35.2786s
Epoch: 67 cost time: 1.7467656135559082
Epoch: 67, Steps: 253 | Train Loss: 0.4788482 Vali Loss: 0.2929516 Test Loss: 0.3739749
EarlyStopping counter: 33 out of 100
Updating learning rate to 5.8950922888693014e-05
	iters: 100, epoch: 68 | loss: 0.8006192
	speed: 0.0358s/iter; left time: 295.6454s
	iters: 200, epoch: 68 | loss: 0.3541361
	speed: 0.0041s/iter; left time: 33.4959s
Epoch: 68 cost time: 1.7351250648498535
Epoch: 68, Steps: 253 | Train Loss: 0.4781533 Vali Loss: 0.2979569 Test Loss: 0.3858361
EarlyStopping counter: 34 out of 100
Updating learning rate to 5.305583059982371e-05
	iters: 100, epoch: 69 | loss: 0.5545798
	speed: 0.0345s/iter; left time: 275.5451s
	iters: 200, epoch: 69 | loss: 0.4050251
	speed: 0.0041s/iter; left time: 32.1370s
Epoch: 69 cost time: 1.8137855529785156
Epoch: 69, Steps: 253 | Train Loss: 0.4787688 Vali Loss: 0.3051940 Test Loss: 0.4015530
EarlyStopping counter: 35 out of 100
Updating learning rate to 4.775024753984134e-05
	iters: 100, epoch: 70 | loss: 0.2011263
	speed: 0.0352s/iter; left time: 272.7672s
	iters: 200, epoch: 70 | loss: 0.6895841
	speed: 0.0042s/iter; left time: 32.4157s
Epoch: 70 cost time: 1.8905367851257324
Epoch: 70, Steps: 253 | Train Loss: 0.4778244 Vali Loss: 0.3004051 Test Loss: 0.3875344
EarlyStopping counter: 36 out of 100
Updating learning rate to 4.297522278585721e-05
	iters: 100, epoch: 71 | loss: 0.2717281
	speed: 0.0357s/iter; left time: 267.5497s
	iters: 200, epoch: 71 | loss: 0.5243806
	speed: 0.0040s/iter; left time: 29.8772s
Epoch: 71 cost time: 1.7900426387786865
Epoch: 71, Steps: 253 | Train Loss: 0.4784078 Vali Loss: 0.3042946 Test Loss: 0.4033649
EarlyStopping counter: 37 out of 100
Updating learning rate to 3.867770050727149e-05
	iters: 100, epoch: 72 | loss: 0.6220506
	speed: 0.0346s/iter; left time: 250.7343s
	iters: 200, epoch: 72 | loss: 0.5063417
	speed: 0.0042s/iter; left time: 29.8375s
Epoch: 72 cost time: 1.775571346282959
Epoch: 72, Steps: 253 | Train Loss: 0.4777434 Vali Loss: 0.3062170 Test Loss: 0.3993834
EarlyStopping counter: 38 out of 100
Updating learning rate to 3.480993045654434e-05
	iters: 100, epoch: 73 | loss: 0.5523616
	speed: 0.0375s/iter; left time: 261.7119s
	iters: 200, epoch: 73 | loss: 0.3497344
	speed: 0.0042s/iter; left time: 28.8162s
Epoch: 73 cost time: 1.8554978370666504
Epoch: 73, Steps: 253 | Train Loss: 0.4773556 Vali Loss: 0.3001092 Test Loss: 0.3914093
EarlyStopping counter: 39 out of 100
Updating learning rate to 3.132893741088991e-05
	iters: 100, epoch: 74 | loss: 0.3925867
	speed: 0.0361s/iter; left time: 243.2392s
	iters: 200, epoch: 74 | loss: 0.5504478
	speed: 0.0045s/iter; left time: 29.5582s
Epoch: 74 cost time: 1.8795368671417236
Epoch: 74, Steps: 253 | Train Loss: 0.4781849 Vali Loss: 0.3012764 Test Loss: 0.3923518
EarlyStopping counter: 40 out of 100
Updating learning rate to 2.819604366980092e-05
	iters: 100, epoch: 75 | loss: 0.7562255
	speed: 0.0356s/iter; left time: 230.3788s
	iters: 200, epoch: 75 | loss: 0.4569972
	speed: 0.0043s/iter; left time: 27.3837s
Epoch: 75 cost time: 1.909456729888916
Epoch: 75, Steps: 253 | Train Loss: 0.4773790 Vali Loss: 0.2989279 Test Loss: 0.3866818
EarlyStopping counter: 41 out of 100
Updating learning rate to 2.5376439302820828e-05
	iters: 100, epoch: 76 | loss: 0.3114901
	speed: 0.0373s/iter; left time: 232.4399s
	iters: 200, epoch: 76 | loss: 0.5671310
	speed: 0.0041s/iter; left time: 25.0955s
Epoch: 76 cost time: 1.8335189819335938
Epoch: 76, Steps: 253 | Train Loss: 0.4781363 Vali Loss: 0.2970885 Test Loss: 0.3834552
EarlyStopping counter: 42 out of 100
Updating learning rate to 2.2838795372538746e-05
	iters: 100, epoch: 77 | loss: 0.6352727
	speed: 0.0367s/iter; left time: 219.2091s
	iters: 200, epoch: 77 | loss: 0.5697054
	speed: 0.0040s/iter; left time: 23.3966s
Epoch: 77 cost time: 1.775970458984375
Epoch: 77, Steps: 253 | Train Loss: 0.4775119 Vali Loss: 0.3008933 Test Loss: 0.3939024
EarlyStopping counter: 43 out of 100
Updating learning rate to 2.055491583528487e-05
	iters: 100, epoch: 78 | loss: 0.3166416
	speed: 0.0351s/iter; left time: 200.5420s
	iters: 200, epoch: 78 | loss: 0.5884670
	speed: 0.0041s/iter; left time: 23.0113s
Epoch: 78 cost time: 1.8423504829406738
Epoch: 78, Steps: 253 | Train Loss: 0.4775846 Vali Loss: 0.3026490 Test Loss: 0.3953916
EarlyStopping counter: 44 out of 100
Updating learning rate to 1.8499424251756383e-05
	iters: 100, epoch: 79 | loss: 0.4587076
	speed: 0.0359s/iter; left time: 196.4732s
	iters: 200, epoch: 79 | loss: 0.6437278
	speed: 0.0041s/iter; left time: 21.9439s
Epoch: 79 cost time: 1.8475029468536377
Epoch: 79, Steps: 253 | Train Loss: 0.4779714 Vali Loss: 0.3049420 Test Loss: 0.4008976
EarlyStopping counter: 45 out of 100
Updating learning rate to 1.6649481826580746e-05
	iters: 100, epoch: 80 | loss: 0.5240295
	speed: 0.0360s/iter; left time: 187.8407s
	iters: 200, epoch: 80 | loss: 0.3463946
	speed: 0.0041s/iter; left time: 20.9758s
Epoch: 80 cost time: 1.7090249061584473
Epoch: 80, Steps: 253 | Train Loss: 0.4776679 Vali Loss: 0.3038625 Test Loss: 0.3989634
EarlyStopping counter: 46 out of 100
Updating learning rate to 1.498453364392267e-05
	iters: 100, epoch: 81 | loss: 0.4208605
	speed: 0.0348s/iter; left time: 172.4739s
	iters: 200, epoch: 81 | loss: 0.8464340
	speed: 0.0042s/iter; left time: 20.3740s
Epoch: 81 cost time: 1.7964742183685303
Epoch: 81, Steps: 253 | Train Loss: 0.4778639 Vali Loss: 0.3022652 Test Loss: 0.3937297
EarlyStopping counter: 47 out of 100
Updating learning rate to 1.3486080279530405e-05
	iters: 100, epoch: 82 | loss: 0.7708966
	speed: 0.0380s/iter; left time: 179.0232s
	iters: 200, epoch: 82 | loss: 0.4415494
	speed: 0.0040s/iter; left time: 18.5862s
Epoch: 82 cost time: 1.8886322975158691
Epoch: 82, Steps: 253 | Train Loss: 0.4757908 Vali Loss: 0.3040545 Test Loss: 0.3999723
EarlyStopping counter: 48 out of 100
Updating learning rate to 1.2137472251577364e-05
	iters: 100, epoch: 83 | loss: 0.5683678
	speed: 0.0356s/iter; left time: 158.5212s
	iters: 200, epoch: 83 | loss: 0.3243414
	speed: 0.0041s/iter; left time: 17.7792s
Epoch: 83 cost time: 1.7845258712768555
Epoch: 83, Steps: 253 | Train Loss: 0.4769258 Vali Loss: 0.3017924 Test Loss: 0.3941728
EarlyStopping counter: 49 out of 100
Updating learning rate to 1.0923725026419629e-05
	iters: 100, epoch: 84 | loss: 0.5527515
	speed: 0.0343s/iter; left time: 144.0669s
	iters: 200, epoch: 84 | loss: 0.3879516
	speed: 0.0046s/iter; left time: 19.0129s
Epoch: 84 cost time: 1.8970355987548828
Epoch: 84, Steps: 253 | Train Loss: 0.4768876 Vali Loss: 0.2999442 Test Loss: 0.3896743
EarlyStopping counter: 50 out of 100
Updating learning rate to 9.831352523777667e-06
	iters: 100, epoch: 85 | loss: 0.3856110
	speed: 0.0371s/iter; left time: 146.4176s
	iters: 200, epoch: 85 | loss: 0.7734708
	speed: 0.0043s/iter; left time: 16.6015s
Epoch: 85 cost time: 1.8985021114349365
Epoch: 85, Steps: 253 | Train Loss: 0.4770656 Vali Loss: 0.3024359 Test Loss: 0.3957214
EarlyStopping counter: 51 out of 100
Updating learning rate to 8.8482172713999e-06
	iters: 100, epoch: 86 | loss: 0.3613357
	speed: 0.0390s/iter; left time: 144.3158s
	iters: 200, epoch: 86 | loss: 0.4449355
	speed: 0.0040s/iter; left time: 14.4903s
Epoch: 86 cost time: 2.1027469635009766
Epoch: 86, Steps: 253 | Train Loss: 0.4777273 Vali Loss: 0.3046898 Test Loss: 0.4002124
EarlyStopping counter: 52 out of 100
Updating learning rate to 7.96339554425991e-06
	iters: 100, epoch: 87 | loss: 0.5576774
	speed: 0.0376s/iter; left time: 129.5865s
	iters: 200, epoch: 87 | loss: 0.5105748
	speed: 0.0044s/iter; left time: 14.5872s
Epoch: 87 cost time: 1.8086864948272705
Epoch: 87, Steps: 253 | Train Loss: 0.4770646 Vali Loss: 0.3012313 Test Loss: 0.3917346
EarlyStopping counter: 53 out of 100
Updating learning rate to 7.167055989833918e-06
	iters: 100, epoch: 88 | loss: 0.4460257
	speed: 0.0336s/iter; left time: 107.3409s
	iters: 200, epoch: 88 | loss: 0.7478309
	speed: 0.0040s/iter; left time: 12.3503s
Epoch: 88 cost time: 1.7674009799957275
Epoch: 88, Steps: 253 | Train Loss: 0.4767428 Vali Loss: 0.3033722 Test Loss: 0.3980775
EarlyStopping counter: 54 out of 100
Updating learning rate to 6.450350390850528e-06
	iters: 100, epoch: 89 | loss: 0.4297827
	speed: 0.0358s/iter; left time: 105.2770s
	iters: 200, epoch: 89 | loss: 0.3877818
	speed: 0.0041s/iter; left time: 11.6384s
Epoch: 89 cost time: 1.8422448635101318
Epoch: 89, Steps: 253 | Train Loss: 0.4774497 Vali Loss: 0.3040483 Test Loss: 0.3990057
EarlyStopping counter: 55 out of 100
Updating learning rate to 5.805315351765475e-06
	iters: 100, epoch: 90 | loss: 0.2871640
	speed: 0.0360s/iter; left time: 96.6969s
	iters: 200, epoch: 90 | loss: 0.5180908
	speed: 0.0040s/iter; left time: 10.4178s
Epoch: 90 cost time: 1.9450833797454834
Epoch: 90, Steps: 253 | Train Loss: 0.4773881 Vali Loss: 0.3048824 Test Loss: 0.4011370
EarlyStopping counter: 56 out of 100
Updating learning rate to 5.224783816588928e-06
	iters: 100, epoch: 91 | loss: 0.3601138
	speed: 0.0372s/iter; left time: 90.3686s
	iters: 200, epoch: 91 | loss: 0.5881377
	speed: 0.0041s/iter; left time: 9.4888s
Epoch: 91 cost time: 1.87544584274292
Epoch: 91, Steps: 253 | Train Loss: 0.4769708 Vali Loss: 0.3031804 Test Loss: 0.3970332
EarlyStopping counter: 57 out of 100
Updating learning rate to 4.7023054349300344e-06
	iters: 100, epoch: 92 | loss: 0.3861153
	speed: 0.0346s/iter; left time: 75.4311s
	iters: 200, epoch: 92 | loss: 0.3781058
	speed: 0.0040s/iter; left time: 8.4076s
Epoch: 92 cost time: 1.7727413177490234
Epoch: 92, Steps: 253 | Train Loss: 0.4773181 Vali Loss: 0.3046978 Test Loss: 0.4006100
EarlyStopping counter: 58 out of 100
Updating learning rate to 4.232074891437031e-06
	iters: 100, epoch: 93 | loss: 0.4926437
	speed: 0.0344s/iter; left time: 66.1578s
	iters: 200, epoch: 93 | loss: 0.4421726
	speed: 0.0044s/iter; left time: 8.0594s
Epoch: 93 cost time: 1.8939812183380127
Epoch: 93, Steps: 253 | Train Loss: 0.4776194 Vali Loss: 0.3044379 Test Loss: 0.4002239
EarlyStopping counter: 59 out of 100
Updating learning rate to 3.8088674022933286e-06
	iters: 100, epoch: 94 | loss: 0.5664879
	speed: 0.0374s/iter; left time: 62.4747s
	iters: 200, epoch: 94 | loss: 0.2289844
	speed: 0.0041s/iter; left time: 6.4342s
Epoch: 94 cost time: 1.969804286956787
Epoch: 94, Steps: 253 | Train Loss: 0.4766681 Vali Loss: 0.3040120 Test Loss: 0.3988789
EarlyStopping counter: 60 out of 100
Updating learning rate to 3.4279806620639954e-06
	iters: 100, epoch: 95 | loss: 0.3166705
	speed: 0.0372s/iter; left time: 52.8348s
	iters: 200, epoch: 95 | loss: 0.5291765
	speed: 0.0041s/iter; left time: 5.3656s
Epoch: 95 cost time: 1.8840599060058594
Epoch: 95, Steps: 253 | Train Loss: 0.4774391 Vali Loss: 0.3030852 Test Loss: 0.3963706
EarlyStopping counter: 61 out of 100
Updating learning rate to 3.0851825958575965e-06
	iters: 100, epoch: 96 | loss: 0.7482162
	speed: 0.0348s/iter; left time: 40.5411s
	iters: 200, epoch: 96 | loss: 0.4255815
	speed: 0.0040s/iter; left time: 4.3162s
Epoch: 96 cost time: 1.756218671798706
Epoch: 96, Steps: 253 | Train Loss: 0.4765189 Vali Loss: 0.3026280 Test Loss: 0.3955807
EarlyStopping counter: 62 out of 100
Updating learning rate to 2.7766643362718364e-06
	iters: 100, epoch: 97 | loss: 0.6072137
	speed: 0.0352s/iter; left time: 32.1813s
	iters: 200, epoch: 97 | loss: 0.4730124
	speed: 0.0039s/iter; left time: 3.1682s
Epoch: 97 cost time: 1.7003614902496338
Epoch: 97, Steps: 253 | Train Loss: 0.4773944 Vali Loss: 0.3035652 Test Loss: 0.3981576
EarlyStopping counter: 63 out of 100
Updating learning rate to 2.498997902644653e-06
	iters: 100, epoch: 98 | loss: 0.3102471
	speed: 0.0350s/iter; left time: 23.1275s
	iters: 200, epoch: 98 | loss: 0.5314250
	speed: 0.0041s/iter; left time: 2.2957s
Epoch: 98 cost time: 1.829002857208252
Epoch: 98, Steps: 253 | Train Loss: 0.4776839 Vali Loss: 0.3021922 Test Loss: 0.3945114
EarlyStopping counter: 64 out of 100
Updating learning rate to 2.2490981123801875e-06
	iters: 100, epoch: 99 | loss: 0.2292747
	speed: 0.0359s/iter; left time: 14.6068s
	iters: 200, epoch: 99 | loss: 0.5789124
	speed: 0.0042s/iter; left time: 1.3013s
Epoch: 99 cost time: 1.9185686111450195
Epoch: 99, Steps: 253 | Train Loss: 0.4765389 Vali Loss: 0.3030856 Test Loss: 0.3965786
EarlyStopping counter: 65 out of 100
Updating learning rate to 2.024188301142169e-06
	iters: 100, epoch: 100 | loss: 0.3953830
	speed: 0.0365s/iter; left time: 5.6255s
	iters: 200, epoch: 100 | loss: 0.3125893
	speed: 0.0043s/iter; left time: 0.2342s
Epoch: 100 cost time: 1.9137892723083496
Epoch: 100, Steps: 253 | Train Loss: 0.4766511 Vali Loss: 0.3031347 Test Loss: 0.3968011
EarlyStopping counter: 66 out of 100
Updating learning rate to 1.821769471027952e-06
>>>>>>>testing : ETTh2_336_192_DLinear_ETTh2_ftM_sl336_ll48_pl192_dm512_nh8_el2_dl1_df2048_fc1_ebtimeF_dtTrue_Exp_0<<<<<<<<<<<<<<<<<<<<<<<<<<<<<<<<<
test 2689
mse:0.3605998754501343, mae:0.4014572203159332, rse:0.48151999711990356
