Args in experiment:
Namespace(activation='gelu', affine=0, batch_size=128, c_out=7, checkpoints='./checkpoints/', d_ff=2048, d_layers=1, d_model=512, data='ETTh2', data_path='ETTh2.csv', dec_in=7, decomposition=0, des='Exp', devices='0,1,2,3', distil=True, do_predict=False, dropout=0.05, e_layers=2, embed='timeF', embed_type=0, enc_in=7, factor=3, fc_dropout=0.05, features='M', freq='h', gpu=0, head_dropout=0.0, individual=0, is_training=1, itr=1, kernel_size=25, label_len=48, learning_rate=0.0001, loss='mse', lradj='type3', model='Autoformer', model_id='ETTh2_96_192', moving_avg=25, n_heads=8, num_workers=10, output_attention=False, padding_patch='end', patch_len=16, patience=100, pct_start=0.3, pred_len=192, random_seed=2021, revin=1, root_path='./dataset/', seq_len=96, stride=8, subtract_last=0, target='OT', test_flop=False, train_epochs=100, use_amp=False, use_gpu=True, use_multi_gpu=False)
Use GPU: cuda:0
>>>>>>>start training : ETTh2_96_192_Autoformer_ETTh2_ftM_sl96_ll48_pl192_dm512_nh8_el2_dl1_df2048_fc3_ebtimeF_dtTrue_Exp_0>>>>>>>>>>>>>>>>>>>>>>>>>>
train 8353
val 2689
test 2689
Epoch: 1 cost time: 14.857722759246826
Epoch: 1, Steps: 65 | Train Loss: 0.7441128 Vali Loss: 0.3569124 Test Loss: 0.4679451
Validation loss decreased (inf --> 0.356912).  Saving model ...
Updating learning rate to 0.0001
Epoch: 2 cost time: 14.749756097793579
Epoch: 2, Steps: 65 | Train Loss: 0.6148994 Vali Loss: 0.3109796 Test Loss: 0.4279421
Validation loss decreased (0.356912 --> 0.310980).  Saving model ...
Updating learning rate to 0.0001
Epoch: 3 cost time: 14.667184114456177
Epoch: 3, Steps: 65 | Train Loss: 0.5689046 Vali Loss: 0.3138424 Test Loss: 0.4311165
EarlyStopping counter: 1 out of 100
Updating learning rate to 0.0001
Epoch: 4 cost time: 14.872374296188354
Epoch: 4, Steps: 65 | Train Loss: 0.5521818 Vali Loss: 0.3507349 Test Loss: 0.4675198
EarlyStopping counter: 2 out of 100
Updating learning rate to 9e-05
Epoch: 5 cost time: 14.924686431884766
Epoch: 5, Steps: 65 | Train Loss: 0.5362927 Vali Loss: 0.3533140 Test Loss: 0.4847402
EarlyStopping counter: 3 out of 100
Updating learning rate to 8.1e-05
Epoch: 6 cost time: 15.058178901672363
Epoch: 6, Steps: 65 | Train Loss: 0.5075648 Vali Loss: 0.4121436 Test Loss: 0.5720861
EarlyStopping counter: 4 out of 100
Updating learning rate to 7.290000000000001e-05
Epoch: 7 cost time: 14.851345539093018
Epoch: 7, Steps: 65 | Train Loss: 0.4738357 Vali Loss: 0.3499312 Test Loss: 0.4916346
EarlyStopping counter: 5 out of 100
Updating learning rate to 6.561e-05
Epoch: 8 cost time: 14.83215045928955
Epoch: 8, Steps: 65 | Train Loss: 0.4566305 Vali Loss: 0.3880459 Test Loss: 0.5502272
EarlyStopping counter: 6 out of 100
Updating learning rate to 5.904900000000001e-05
Epoch: 9 cost time: 14.788419723510742
Epoch: 9, Steps: 65 | Train Loss: 0.4372138 Vali Loss: 0.3862726 Test Loss: 0.5227310
EarlyStopping counter: 7 out of 100
Updating learning rate to 5.3144100000000005e-05
Epoch: 10 cost time: 14.83211874961853
Epoch: 10, Steps: 65 | Train Loss: 0.4357438 Vali Loss: 0.3982981 Test Loss: 0.5416574
EarlyStopping counter: 8 out of 100
Updating learning rate to 4.782969000000001e-05
Epoch: 11 cost time: 14.725723505020142
Epoch: 11, Steps: 65 | Train Loss: 0.4208235 Vali Loss: 0.4146917 Test Loss: 0.5609271
EarlyStopping counter: 9 out of 100
Updating learning rate to 4.304672100000001e-05
Epoch: 12 cost time: 14.942681789398193
Epoch: 12, Steps: 65 | Train Loss: 0.4063021 Vali Loss: 0.4007902 Test Loss: 0.5846947
EarlyStopping counter: 10 out of 100
Updating learning rate to 3.874204890000001e-05
Epoch: 13 cost time: 14.744460821151733
Epoch: 13, Steps: 65 | Train Loss: 0.3976591 Vali Loss: 0.4107472 Test Loss: 0.6050881
EarlyStopping counter: 11 out of 100
Updating learning rate to 3.486784401000001e-05
Epoch: 14 cost time: 14.885457277297974
Epoch: 14, Steps: 65 | Train Loss: 0.3898420 Vali Loss: 0.4241882 Test Loss: 0.6287038
EarlyStopping counter: 12 out of 100
Updating learning rate to 3.138105960900001e-05
Epoch: 15 cost time: 14.988685131072998
Epoch: 15, Steps: 65 | Train Loss: 0.3891798 Vali Loss: 0.4526544 Test Loss: 0.6957675
EarlyStopping counter: 13 out of 100
Updating learning rate to 2.824295364810001e-05
Epoch: 16 cost time: 14.789010763168335
Epoch: 16, Steps: 65 | Train Loss: 0.3771569 Vali Loss: 0.4716678 Test Loss: 0.7417129
EarlyStopping counter: 14 out of 100
Updating learning rate to 2.541865828329001e-05
Epoch: 17 cost time: 14.96808934211731
Epoch: 17, Steps: 65 | Train Loss: 0.3762549 Vali Loss: 0.4467510 Test Loss: 0.6787151
EarlyStopping counter: 15 out of 100
Updating learning rate to 2.287679245496101e-05
Epoch: 18 cost time: 14.89941120147705
Epoch: 18, Steps: 65 | Train Loss: 0.3679439 Vali Loss: 0.5464492 Test Loss: 0.8271488
EarlyStopping counter: 16 out of 100
Updating learning rate to 2.0589113209464907e-05
Epoch: 19 cost time: 14.860184907913208
Epoch: 19, Steps: 65 | Train Loss: 0.3593422 Vali Loss: 0.5739421 Test Loss: 0.8710452
EarlyStopping counter: 17 out of 100
Updating learning rate to 1.8530201888518416e-05
Epoch: 20 cost time: 14.770991563796997
Epoch: 20, Steps: 65 | Train Loss: 0.3569821 Vali Loss: 0.5750281 Test Loss: 0.8705300
EarlyStopping counter: 18 out of 100
Updating learning rate to 1.6677181699666577e-05
Epoch: 21 cost time: 14.822573184967041
Epoch: 21, Steps: 65 | Train Loss: 0.3518782 Vali Loss: 0.6256883 Test Loss: 0.9298588
EarlyStopping counter: 19 out of 100
Updating learning rate to 1.5009463529699919e-05
Epoch: 22 cost time: 14.8398118019104
Epoch: 22, Steps: 65 | Train Loss: 0.3504971 Vali Loss: 0.6506873 Test Loss: 0.9683850
EarlyStopping counter: 20 out of 100
Updating learning rate to 1.3508517176729929e-05
Epoch: 23 cost time: 14.758894681930542
Epoch: 23, Steps: 65 | Train Loss: 0.3472207 Vali Loss: 0.6803776 Test Loss: 1.0054986
EarlyStopping counter: 21 out of 100
Updating learning rate to 1.2157665459056936e-05
Epoch: 24 cost time: 15.0238037109375
Epoch: 24, Steps: 65 | Train Loss: 0.3447254 Vali Loss: 0.7031365 Test Loss: 1.0048949
EarlyStopping counter: 22 out of 100
Updating learning rate to 1.0941898913151242e-05
Epoch: 25 cost time: 15.160093307495117
Epoch: 25, Steps: 65 | Train Loss: 0.3431367 Vali Loss: 0.7150057 Test Loss: 1.0330929
EarlyStopping counter: 23 out of 100
Updating learning rate to 9.847709021836118e-06
Epoch: 26 cost time: 14.718815803527832
Epoch: 26, Steps: 65 | Train Loss: 0.3402395 Vali Loss: 0.7710011 Test Loss: 1.0846798
EarlyStopping counter: 24 out of 100
Updating learning rate to 8.862938119652508e-06
Epoch: 27 cost time: 14.797556638717651
Epoch: 27, Steps: 65 | Train Loss: 0.3378799 Vali Loss: 0.8023514 Test Loss: 1.1136502
EarlyStopping counter: 25 out of 100
Updating learning rate to 7.976644307687255e-06
Epoch: 28 cost time: 14.662764310836792
Epoch: 28, Steps: 65 | Train Loss: 0.3382423 Vali Loss: 0.7853686 Test Loss: 1.0790217
EarlyStopping counter: 26 out of 100
Updating learning rate to 7.178979876918531e-06
Epoch: 29 cost time: 14.707968711853027
Epoch: 29, Steps: 65 | Train Loss: 0.3356286 Vali Loss: 0.8088961 Test Loss: 1.1021727
EarlyStopping counter: 27 out of 100
Updating learning rate to 6.4610818892266776e-06
Epoch: 30 cost time: 14.851851463317871
Epoch: 30, Steps: 65 | Train Loss: 0.3339747 Vali Loss: 0.8745984 Test Loss: 1.1847391
EarlyStopping counter: 28 out of 100
Updating learning rate to 5.8149737003040096e-06
Epoch: 31 cost time: 14.738069534301758
Epoch: 31, Steps: 65 | Train Loss: 0.3352119 Vali Loss: 0.8666803 Test Loss: 1.1602378
EarlyStopping counter: 29 out of 100
Updating learning rate to 5.23347633027361e-06
Epoch: 32 cost time: 14.82879090309143
Epoch: 32, Steps: 65 | Train Loss: 0.3351152 Vali Loss: 0.8901268 Test Loss: 1.1962196
EarlyStopping counter: 30 out of 100
Updating learning rate to 4.710128697246249e-06
Epoch: 33 cost time: 14.776681900024414
Epoch: 33, Steps: 65 | Train Loss: 0.3332122 Vali Loss: 0.9135690 Test Loss: 1.2244742
EarlyStopping counter: 31 out of 100
Updating learning rate to 4.239115827521624e-06
Epoch: 34 cost time: 14.88742208480835
Epoch: 34, Steps: 65 | Train Loss: 0.3323992 Vali Loss: 0.9234837 Test Loss: 1.2319137
EarlyStopping counter: 32 out of 100
Updating learning rate to 3.815204244769462e-06
Epoch: 35 cost time: 14.958544254302979
Epoch: 35, Steps: 65 | Train Loss: 0.3327862 Vali Loss: 0.9168854 Test Loss: 1.2348645
EarlyStopping counter: 33 out of 100
Updating learning rate to 3.4336838202925152e-06
Epoch: 36 cost time: 15.018644094467163
Epoch: 36, Steps: 65 | Train Loss: 0.3298528 Vali Loss: 0.9395915 Test Loss: 1.2487437
EarlyStopping counter: 34 out of 100
Updating learning rate to 3.090315438263264e-06
Epoch: 37 cost time: 14.799548387527466
Epoch: 37, Steps: 65 | Train Loss: 0.3293415 Vali Loss: 0.9534655 Test Loss: 1.2776579
EarlyStopping counter: 35 out of 100
Updating learning rate to 2.7812838944369375e-06
Epoch: 38 cost time: 15.24473524093628
Epoch: 38, Steps: 65 | Train Loss: 0.3280244 Vali Loss: 0.9713888 Test Loss: 1.2978256
EarlyStopping counter: 36 out of 100
Updating learning rate to 2.503155504993244e-06
Epoch: 39 cost time: 15.094788074493408
Epoch: 39, Steps: 65 | Train Loss: 0.3292512 Vali Loss: 0.9742244 Test Loss: 1.3058989
EarlyStopping counter: 37 out of 100
Updating learning rate to 2.2528399544939195e-06
Epoch: 40 cost time: 14.765267610549927
Epoch: 40, Steps: 65 | Train Loss: 0.3293333 Vali Loss: 0.9717499 Test Loss: 1.3031822
EarlyStopping counter: 38 out of 100
Updating learning rate to 2.0275559590445276e-06
Epoch: 41 cost time: 14.896782875061035
Epoch: 41, Steps: 65 | Train Loss: 0.3276533 Vali Loss: 0.9862376 Test Loss: 1.3194791
EarlyStopping counter: 39 out of 100
Updating learning rate to 1.8248003631400751e-06
Epoch: 42 cost time: 14.83265233039856
Epoch: 42, Steps: 65 | Train Loss: 0.3287913 Vali Loss: 0.9940293 Test Loss: 1.3222746
EarlyStopping counter: 40 out of 100
Updating learning rate to 1.6423203268260676e-06
Epoch: 43 cost time: 14.866738319396973
Epoch: 43, Steps: 65 | Train Loss: 0.3274273 Vali Loss: 1.0004002 Test Loss: 1.3270479
EarlyStopping counter: 41 out of 100
Updating learning rate to 1.4780882941434609e-06
Epoch: 44 cost time: 14.78297472000122
Epoch: 44, Steps: 65 | Train Loss: 0.3301533 Vali Loss: 0.9840094 Test Loss: 1.3209940
EarlyStopping counter: 42 out of 100
Updating learning rate to 1.3302794647291146e-06
Epoch: 45 cost time: 14.734762191772461
Epoch: 45, Steps: 65 | Train Loss: 0.3274851 Vali Loss: 0.9949178 Test Loss: 1.3264215
EarlyStopping counter: 43 out of 100
Updating learning rate to 1.1972515182562034e-06
Epoch: 46 cost time: 14.938196182250977
Epoch: 46, Steps: 65 | Train Loss: 0.3276481 Vali Loss: 0.9988714 Test Loss: 1.3281161
EarlyStopping counter: 44 out of 100
Updating learning rate to 1.077526366430583e-06
Epoch: 47 cost time: 14.79243540763855
Epoch: 47, Steps: 65 | Train Loss: 0.3263512 Vali Loss: 1.0072818 Test Loss: 1.3410292
EarlyStopping counter: 45 out of 100
Updating learning rate to 9.697737297875248e-07
Epoch: 48 cost time: 14.791901111602783
Epoch: 48, Steps: 65 | Train Loss: 0.3271169 Vali Loss: 1.0004820 Test Loss: 1.3362212
EarlyStopping counter: 46 out of 100
Updating learning rate to 8.727963568087723e-07
Epoch: 49 cost time: 14.792224645614624
Epoch: 49, Steps: 65 | Train Loss: 0.3270924 Vali Loss: 1.0025663 Test Loss: 1.3392873
EarlyStopping counter: 47 out of 100
Updating learning rate to 7.855167211278951e-07
Epoch: 50 cost time: 14.887758731842041
Epoch: 50, Steps: 65 | Train Loss: 0.3259952 Vali Loss: 0.9983329 Test Loss: 1.3345417
EarlyStopping counter: 48 out of 100
Updating learning rate to 7.069650490151056e-07
Epoch: 51 cost time: 14.706989765167236
Epoch: 51, Steps: 65 | Train Loss: 0.3251610 Vali Loss: 1.0109060 Test Loss: 1.3458433
EarlyStopping counter: 49 out of 100
Updating learning rate to 6.36268544113595e-07
Epoch: 52 cost time: 14.94774842262268
Epoch: 52, Steps: 65 | Train Loss: 0.3256817 Vali Loss: 1.0102247 Test Loss: 1.3432912
EarlyStopping counter: 50 out of 100
Updating learning rate to 5.726416897022355e-07
Epoch: 53 cost time: 14.946943044662476
Epoch: 53, Steps: 65 | Train Loss: 0.3255908 Vali Loss: 1.0107197 Test Loss: 1.3467861
EarlyStopping counter: 51 out of 100
Updating learning rate to 5.15377520732012e-07
Epoch: 54 cost time: 14.971551179885864
Epoch: 54, Steps: 65 | Train Loss: 0.3257425 Vali Loss: 1.0204753 Test Loss: 1.3558710
EarlyStopping counter: 52 out of 100
Updating learning rate to 4.6383976865881085e-07
Epoch: 55 cost time: 14.85425353050232
Epoch: 55, Steps: 65 | Train Loss: 0.3268032 Vali Loss: 1.0095968 Test Loss: 1.3442583
EarlyStopping counter: 53 out of 100
Updating learning rate to 4.174557917929298e-07
Epoch: 56 cost time: 14.842800855636597
Epoch: 56, Steps: 65 | Train Loss: 0.3262845 Vali Loss: 1.0189452 Test Loss: 1.3542407
EarlyStopping counter: 54 out of 100
Updating learning rate to 3.7571021261363677e-07
Epoch: 57 cost time: 14.712809324264526
Epoch: 57, Steps: 65 | Train Loss: 0.3273385 Vali Loss: 1.0225837 Test Loss: 1.3596480
EarlyStopping counter: 55 out of 100
Updating learning rate to 3.381391913522731e-07
Epoch: 58 cost time: 14.893103122711182
Epoch: 58, Steps: 65 | Train Loss: 0.3254493 Vali Loss: 1.0208223 Test Loss: 1.3589789
EarlyStopping counter: 56 out of 100
Updating learning rate to 3.043252722170458e-07
Epoch: 59 cost time: 14.818690776824951
Epoch: 59, Steps: 65 | Train Loss: 0.3262424 Vali Loss: 1.0229558 Test Loss: 1.3622609
EarlyStopping counter: 57 out of 100
Updating learning rate to 2.7389274499534124e-07
Epoch: 60 cost time: 15.154419422149658
Epoch: 60, Steps: 65 | Train Loss: 0.3246819 Vali Loss: 1.0172939 Test Loss: 1.3556459
EarlyStopping counter: 58 out of 100
Updating learning rate to 2.465034704958071e-07
Epoch: 61 cost time: 15.077651023864746
Epoch: 61, Steps: 65 | Train Loss: 0.3250290 Vali Loss: 1.0211953 Test Loss: 1.3617529
EarlyStopping counter: 59 out of 100
Updating learning rate to 2.218531234462264e-07
Epoch: 62 cost time: 14.69185471534729
Epoch: 62, Steps: 65 | Train Loss: 0.3261796 Vali Loss: 1.0217444 Test Loss: 1.3599286
EarlyStopping counter: 60 out of 100
Updating learning rate to 1.9966781110160376e-07
Epoch: 63 cost time: 14.766047477722168
Epoch: 63, Steps: 65 | Train Loss: 0.3262671 Vali Loss: 1.0250559 Test Loss: 1.3632225
EarlyStopping counter: 61 out of 100
Updating learning rate to 1.797010299914434e-07
Epoch: 64 cost time: 14.816436529159546
Epoch: 64, Steps: 65 | Train Loss: 0.3263538 Vali Loss: 1.0262449 Test Loss: 1.3646494
EarlyStopping counter: 62 out of 100
Updating learning rate to 1.6173092699229907e-07
Epoch: 65 cost time: 15.014644622802734
Epoch: 65, Steps: 65 | Train Loss: 0.3264875 Vali Loss: 1.0211699 Test Loss: 1.3584868
EarlyStopping counter: 63 out of 100
Updating learning rate to 1.4555783429306916e-07
Epoch: 66 cost time: 15.063337802886963
Epoch: 66, Steps: 65 | Train Loss: 0.3254315 Vali Loss: 1.0207698 Test Loss: 1.3582062
EarlyStopping counter: 64 out of 100
Updating learning rate to 1.3100205086376224e-07
Epoch: 67 cost time: 14.819607019424438
Epoch: 67, Steps: 65 | Train Loss: 0.3242931 Vali Loss: 1.0248691 Test Loss: 1.3622954
EarlyStopping counter: 65 out of 100
Updating learning rate to 1.1790184577738603e-07
Epoch: 68 cost time: 14.749504566192627
Epoch: 68, Steps: 65 | Train Loss: 0.3261786 Vali Loss: 1.0253233 Test Loss: 1.3643720
EarlyStopping counter: 66 out of 100
Updating learning rate to 1.0611166119964742e-07
Epoch: 69 cost time: 14.671775102615356
Epoch: 69, Steps: 65 | Train Loss: 0.3241646 Vali Loss: 1.0242726 Test Loss: 1.3612250
EarlyStopping counter: 67 out of 100
Updating learning rate to 9.550049507968268e-08
Epoch: 70 cost time: 14.720057010650635
Epoch: 70, Steps: 65 | Train Loss: 0.3236585 Vali Loss: 1.0267375 Test Loss: 1.3655751
EarlyStopping counter: 68 out of 100
Updating learning rate to 8.595044557171442e-08
Epoch: 71 cost time: 14.936249256134033
Epoch: 71, Steps: 65 | Train Loss: 0.3254045 Vali Loss: 1.0290859 Test Loss: 1.3694996
EarlyStopping counter: 69 out of 100
Updating learning rate to 7.735540101454298e-08
Epoch: 72 cost time: 14.813690185546875
Epoch: 72, Steps: 65 | Train Loss: 0.3257794 Vali Loss: 1.0282842 Test Loss: 1.3671333
EarlyStopping counter: 70 out of 100
Updating learning rate to 6.961986091308869e-08
Epoch: 73 cost time: 14.8365957736969
Epoch: 73, Steps: 65 | Train Loss: 0.3236696 Vali Loss: 1.0282713 Test Loss: 1.3665438
EarlyStopping counter: 71 out of 100
Updating learning rate to 6.265787482177981e-08
Epoch: 74 cost time: 15.053374767303467
Epoch: 74, Steps: 65 | Train Loss: 0.3250015 Vali Loss: 1.0280660 Test Loss: 1.3661999
EarlyStopping counter: 72 out of 100
Updating learning rate to 5.639208733960184e-08
Epoch: 75 cost time: 14.919082641601562
Epoch: 75, Steps: 65 | Train Loss: 0.3254115 Vali Loss: 1.0258052 Test Loss: 1.3634322
EarlyStopping counter: 73 out of 100
Updating learning rate to 5.075287860564165e-08
Epoch: 76 cost time: 14.860710382461548
Epoch: 76, Steps: 65 | Train Loss: 0.3246443 Vali Loss: 1.0275460 Test Loss: 1.3647993
EarlyStopping counter: 74 out of 100
Updating learning rate to 4.567759074507749e-08
Epoch: 77 cost time: 14.682892799377441
Epoch: 77, Steps: 65 | Train Loss: 0.3248001 Vali Loss: 1.0288483 Test Loss: 1.3663816
EarlyStopping counter: 75 out of 100
Updating learning rate to 4.1109831670569744e-08
Epoch: 78 cost time: 15.037753105163574
Epoch: 78, Steps: 65 | Train Loss: 0.3236047 Vali Loss: 1.0279348 Test Loss: 1.3653384
EarlyStopping counter: 76 out of 100
Updating learning rate to 3.6998848503512764e-08
Epoch: 79 cost time: 14.7775137424469
Epoch: 79, Steps: 65 | Train Loss: 0.3251113 Vali Loss: 1.0274271 Test Loss: 1.3660295
EarlyStopping counter: 77 out of 100
Updating learning rate to 3.3298963653161496e-08
Epoch: 80 cost time: 14.830882549285889
Epoch: 80, Steps: 65 | Train Loss: 0.3251878 Vali Loss: 1.0288116 Test Loss: 1.3662332
EarlyStopping counter: 78 out of 100
Updating learning rate to 2.996906728784534e-08
Epoch: 81 cost time: 14.746217727661133
Epoch: 81, Steps: 65 | Train Loss: 0.3249063 Vali Loss: 1.0266416 Test Loss: 1.3658185
EarlyStopping counter: 79 out of 100
Updating learning rate to 2.697216055906081e-08
Epoch: 82 cost time: 14.847744226455688
Epoch: 82, Steps: 65 | Train Loss: 0.3251121 Vali Loss: 1.0291045 Test Loss: 1.3663934
EarlyStopping counter: 80 out of 100
Updating learning rate to 2.427494450315473e-08
Epoch: 83 cost time: 14.812817096710205
Epoch: 83, Steps: 65 | Train Loss: 0.3242653 Vali Loss: 1.0286130 Test Loss: 1.3666795
EarlyStopping counter: 81 out of 100
Updating learning rate to 2.1847450052839257e-08
Epoch: 84 cost time: 15.010796070098877
Epoch: 84, Steps: 65 | Train Loss: 0.3258867 Vali Loss: 1.0295939 Test Loss: 1.3679221
EarlyStopping counter: 82 out of 100
Updating learning rate to 1.9662705047555332e-08
Epoch: 85 cost time: 14.834518432617188
Epoch: 85, Steps: 65 | Train Loss: 0.3245624 Vali Loss: 1.0283630 Test Loss: 1.3671232
EarlyStopping counter: 83 out of 100
Updating learning rate to 1.7696434542799797e-08
Epoch: 86 cost time: 14.907298564910889
Epoch: 86, Steps: 65 | Train Loss: 0.3254499 Vali Loss: 1.0294893 Test Loss: 1.3678350
EarlyStopping counter: 84 out of 100
Updating learning rate to 1.5926791088519817e-08
Epoch: 87 cost time: 14.933549642562866
Epoch: 87, Steps: 65 | Train Loss: 0.3256169 Vali Loss: 1.0295300 Test Loss: 1.3679883
EarlyStopping counter: 85 out of 100
Updating learning rate to 1.4334111979667836e-08
Epoch: 88 cost time: 14.797739028930664
Epoch: 88, Steps: 65 | Train Loss: 0.3252825 Vali Loss: 1.0298109 Test Loss: 1.3678151
EarlyStopping counter: 86 out of 100
Updating learning rate to 1.2900700781701054e-08
Epoch: 89 cost time: 15.03859567642212
Epoch: 89, Steps: 65 | Train Loss: 0.3254066 Vali Loss: 1.0300627 Test Loss: 1.3680845
EarlyStopping counter: 87 out of 100
Updating learning rate to 1.161063070353095e-08
Epoch: 90 cost time: 14.795768022537231
Epoch: 90, Steps: 65 | Train Loss: 0.3254697 Vali Loss: 1.0299253 Test Loss: 1.3677577
EarlyStopping counter: 88 out of 100
Updating learning rate to 1.0449567633177854e-08
Epoch: 91 cost time: 14.681981325149536
Epoch: 91, Steps: 65 | Train Loss: 0.3254172 Vali Loss: 1.0285864 Test Loss: 1.3675241
EarlyStopping counter: 89 out of 100
Updating learning rate to 9.404610869860069e-09
Epoch: 92 cost time: 14.808987379074097
Epoch: 92, Steps: 65 | Train Loss: 0.3249776 Vali Loss: 1.0301560 Test Loss: 1.3676825
EarlyStopping counter: 90 out of 100
Updating learning rate to 8.464149782874063e-09
Epoch: 93 cost time: 14.895309448242188
Epoch: 93, Steps: 65 | Train Loss: 0.3246194 Vali Loss: 1.0301372 Test Loss: 1.3677053
EarlyStopping counter: 91 out of 100
Updating learning rate to 7.617734804586658e-09
Epoch: 94 cost time: 14.862737655639648
Epoch: 94, Steps: 65 | Train Loss: 0.3255014 Vali Loss: 1.0294331 Test Loss: 1.3677553
EarlyStopping counter: 92 out of 100
Updating learning rate to 6.855961324127991e-09
Epoch: 95 cost time: 15.914032459259033
Epoch: 95, Steps: 65 | Train Loss: 0.3248348 Vali Loss: 1.0303862 Test Loss: 1.3681731
EarlyStopping counter: 93 out of 100
Updating learning rate to 6.170365191715193e-09
Epoch: 96 cost time: 14.994575262069702
Epoch: 96, Steps: 65 | Train Loss: 0.3243413 Vali Loss: 1.0303779 Test Loss: 1.3683274
EarlyStopping counter: 94 out of 100
Updating learning rate to 5.5533286725436726e-09
Epoch: 97 cost time: 14.85448408126831
Epoch: 97, Steps: 65 | Train Loss: 0.3259625 Vali Loss: 1.0304561 Test Loss: 1.3680434
EarlyStopping counter: 95 out of 100
Updating learning rate to 4.997995805289306e-09
Epoch: 98 cost time: 14.69243311882019
Epoch: 98, Steps: 65 | Train Loss: 0.3255292 Vali Loss: 1.0303328 Test Loss: 1.3678995
EarlyStopping counter: 96 out of 100
Updating learning rate to 4.498196224760375e-09
Epoch: 99 cost time: 14.853416681289673
Epoch: 99, Steps: 65 | Train Loss: 0.3251931 Vali Loss: 1.0300708 Test Loss: 1.3678324
EarlyStopping counter: 97 out of 100
Updating learning rate to 4.048376602284338e-09
Epoch: 100 cost time: 15.07102918624878
Epoch: 100, Steps: 65 | Train Loss: 0.3243589 Vali Loss: 1.0303663 Test Loss: 1.3681644
EarlyStopping counter: 98 out of 100
Updating learning rate to 3.643538942055904e-09
>>>>>>>testing : ETTh2_96_192_Autoformer_ETTh2_ftM_sl96_ll48_pl192_dm512_nh8_el2_dl1_df2048_fc3_ebtimeF_dtTrue_Exp_0<<<<<<<<<<<<<<<<<<<<<<<<<<<<<<<<<
test 2689
mse:0.4279421269893646, mae:0.4376744329929352, rse:0.5245586633682251
