Args in experiment:
Namespace(activation='gelu', affine=0, batch_size=128, c_out=7, checkpoints='./checkpoints/', d_ff=2048, d_layers=1, d_model=512, data='ETTh2', data_path='ETTh2.csv', dec_in=7, decomposition=0, des='Exp', devices='0,1,2,3', distil=True, do_predict=False, dropout=0.05, e_layers=2, embed='timeF', embed_type=0, enc_in=7, factor=3, fc_dropout=0.05, features='M', freq='h', gpu=0, head_dropout=0.0, individual=0, is_training=1, itr=1, kernel_size=25, label_len=48, learning_rate=0.0001, loss='mse', lradj='type3', model='Autoformer', model_id='ETTh2_96_336', moving_avg=25, n_heads=8, num_workers=10, output_attention=False, padding_patch='end', patch_len=16, patience=100, pct_start=0.3, pred_len=336, random_seed=2021, revin=1, root_path='./dataset/', seq_len=96, stride=8, subtract_last=0, target='OT', test_flop=False, train_epochs=100, use_amp=False, use_gpu=True, use_multi_gpu=False)
Use GPU: cuda:0
>>>>>>>start training : ETTh2_96_336_Autoformer_ETTh2_ftM_sl96_ll48_pl336_dm512_nh8_el2_dl1_df2048_fc3_ebtimeF_dtTrue_Exp_0>>>>>>>>>>>>>>>>>>>>>>>>>>
train 8209
val 2545
test 2545
Epoch: 1 cost time: 19.777027368545532
Epoch: 1, Steps: 64 | Train Loss: 0.8341767 Vali Loss: 0.4357785 Test Loss: 0.4493986
Validation loss decreased (inf --> 0.435778).  Saving model ...
Updating learning rate to 0.0001
Epoch: 2 cost time: 19.90216088294983
Epoch: 2, Steps: 64 | Train Loss: 0.7080788 Vali Loss: 0.4193740 Test Loss: 0.4341836
Validation loss decreased (0.435778 --> 0.419374).  Saving model ...
Updating learning rate to 0.0001
Epoch: 3 cost time: 19.82072353363037
Epoch: 3, Steps: 64 | Train Loss: 0.6628610 Vali Loss: 0.4139499 Test Loss: 0.4275193
Validation loss decreased (0.419374 --> 0.413950).  Saving model ...
Updating learning rate to 0.0001
Epoch: 4 cost time: 19.73792862892151
Epoch: 4, Steps: 64 | Train Loss: 0.6559012 Vali Loss: 0.4187206 Test Loss: 0.4403659
EarlyStopping counter: 1 out of 100
Updating learning rate to 9e-05
Epoch: 5 cost time: 19.761677742004395
Epoch: 5, Steps: 64 | Train Loss: 0.6479549 Vali Loss: 0.4323815 Test Loss: 0.4584617
EarlyStopping counter: 2 out of 100
Updating learning rate to 8.1e-05
Epoch: 6 cost time: 19.89650535583496
Epoch: 6, Steps: 64 | Train Loss: 0.6262229 Vali Loss: 0.4488775 Test Loss: 0.5153431
EarlyStopping counter: 3 out of 100
Updating learning rate to 7.290000000000001e-05
Epoch: 7 cost time: 19.873603343963623
Epoch: 7, Steps: 64 | Train Loss: 0.5923411 Vali Loss: 0.5009377 Test Loss: 0.5508315
EarlyStopping counter: 4 out of 100
Updating learning rate to 6.561e-05
Epoch: 8 cost time: 19.89844298362732
Epoch: 8, Steps: 64 | Train Loss: 0.5732521 Vali Loss: 0.4470201 Test Loss: 0.5473196
EarlyStopping counter: 5 out of 100
Updating learning rate to 5.904900000000001e-05
Epoch: 9 cost time: 19.99720811843872
Epoch: 9, Steps: 64 | Train Loss: 0.5563039 Vali Loss: 0.4882493 Test Loss: 0.5600370
EarlyStopping counter: 6 out of 100
Updating learning rate to 5.3144100000000005e-05
Epoch: 10 cost time: 19.9112868309021
Epoch: 10, Steps: 64 | Train Loss: 0.5424592 Vali Loss: 0.4692303 Test Loss: 0.5502312
EarlyStopping counter: 7 out of 100
Updating learning rate to 4.782969000000001e-05
Epoch: 11 cost time: 19.72710680961609
Epoch: 11, Steps: 64 | Train Loss: 0.5290019 Vali Loss: 0.5081047 Test Loss: 0.6328117
EarlyStopping counter: 8 out of 100
Updating learning rate to 4.304672100000001e-05
Epoch: 12 cost time: 20.018200874328613
Epoch: 12, Steps: 64 | Train Loss: 0.5195844 Vali Loss: 0.5003913 Test Loss: 0.6251336
EarlyStopping counter: 9 out of 100
Updating learning rate to 3.874204890000001e-05
Epoch: 13 cost time: 19.82118535041809
Epoch: 13, Steps: 64 | Train Loss: 0.5101693 Vali Loss: 0.4958765 Test Loss: 0.6247829
EarlyStopping counter: 10 out of 100
Updating learning rate to 3.486784401000001e-05
Epoch: 14 cost time: 19.853256225585938
Epoch: 14, Steps: 64 | Train Loss: 0.4972753 Vali Loss: 0.5567851 Test Loss: 0.7050023
EarlyStopping counter: 11 out of 100
Updating learning rate to 3.138105960900001e-05
Epoch: 15 cost time: 20.12343168258667
Epoch: 15, Steps: 64 | Train Loss: 0.4941405 Vali Loss: 0.5293224 Test Loss: 0.6531144
EarlyStopping counter: 12 out of 100
Updating learning rate to 2.824295364810001e-05
Epoch: 16 cost time: 19.870197057724
Epoch: 16, Steps: 64 | Train Loss: 0.4858139 Vali Loss: 0.5055947 Test Loss: 0.6264678
EarlyStopping counter: 13 out of 100
Updating learning rate to 2.541865828329001e-05
Epoch: 17 cost time: 19.806708097457886
Epoch: 17, Steps: 64 | Train Loss: 0.4740906 Vali Loss: 0.5263112 Test Loss: 0.6476581
EarlyStopping counter: 14 out of 100
Updating learning rate to 2.287679245496101e-05
Epoch: 18 cost time: 20.009236335754395
Epoch: 18, Steps: 64 | Train Loss: 0.4676586 Vali Loss: 0.5168083 Test Loss: 0.6221035
EarlyStopping counter: 15 out of 100
Updating learning rate to 2.0589113209464907e-05
Epoch: 19 cost time: 19.946346521377563
Epoch: 19, Steps: 64 | Train Loss: 0.4615430 Vali Loss: 0.5224777 Test Loss: 0.6531953
EarlyStopping counter: 16 out of 100
Updating learning rate to 1.8530201888518416e-05
Epoch: 20 cost time: 19.933632850646973
Epoch: 20, Steps: 64 | Train Loss: 0.4564257 Vali Loss: 0.5553892 Test Loss: 0.6785337
EarlyStopping counter: 17 out of 100
Updating learning rate to 1.6677181699666577e-05
Epoch: 21 cost time: 19.908518314361572
Epoch: 21, Steps: 64 | Train Loss: 0.4506805 Vali Loss: 0.5716786 Test Loss: 0.6897956
EarlyStopping counter: 18 out of 100
Updating learning rate to 1.5009463529699919e-05
Epoch: 22 cost time: 19.962636470794678
Epoch: 22, Steps: 64 | Train Loss: 0.4467379 Vali Loss: 0.5613951 Test Loss: 0.7035596
EarlyStopping counter: 19 out of 100
Updating learning rate to 1.3508517176729929e-05
Epoch: 23 cost time: 19.90731406211853
Epoch: 23, Steps: 64 | Train Loss: 0.4428759 Vali Loss: 0.5942512 Test Loss: 0.7662295
EarlyStopping counter: 20 out of 100
Updating learning rate to 1.2157665459056936e-05
Epoch: 24 cost time: 19.841034650802612
Epoch: 24, Steps: 64 | Train Loss: 0.4388154 Vali Loss: 0.5935703 Test Loss: 0.7578267
EarlyStopping counter: 21 out of 100
Updating learning rate to 1.0941898913151242e-05
Epoch: 25 cost time: 19.80076789855957
Epoch: 25, Steps: 64 | Train Loss: 0.4359060 Vali Loss: 0.5742897 Test Loss: 0.7263214
EarlyStopping counter: 22 out of 100
Updating learning rate to 9.847709021836118e-06
Epoch: 26 cost time: 19.903923511505127
Epoch: 26, Steps: 64 | Train Loss: 0.4345156 Vali Loss: 0.5737913 Test Loss: 0.7232609
EarlyStopping counter: 23 out of 100
Updating learning rate to 8.862938119652508e-06
Epoch: 27 cost time: 19.736741542816162
Epoch: 27, Steps: 64 | Train Loss: 0.4314599 Vali Loss: 0.5744177 Test Loss: 0.7261326
EarlyStopping counter: 24 out of 100
Updating learning rate to 7.976644307687255e-06
Epoch: 28 cost time: 19.92157220840454
Epoch: 28, Steps: 64 | Train Loss: 0.4281296 Vali Loss: 0.5874599 Test Loss: 0.7420395
EarlyStopping counter: 25 out of 100
Updating learning rate to 7.178979876918531e-06
Epoch: 29 cost time: 19.8728084564209
Epoch: 29, Steps: 64 | Train Loss: 0.4273818 Vali Loss: 0.5625504 Test Loss: 0.7223193
EarlyStopping counter: 26 out of 100
Updating learning rate to 6.4610818892266776e-06
Epoch: 30 cost time: 20.03821635246277
Epoch: 30, Steps: 64 | Train Loss: 0.4259623 Vali Loss: 0.5788088 Test Loss: 0.7306530
EarlyStopping counter: 27 out of 100
Updating learning rate to 5.8149737003040096e-06
Epoch: 31 cost time: 19.979248046875
Epoch: 31, Steps: 64 | Train Loss: 0.4239450 Vali Loss: 0.5856379 Test Loss: 0.7334626
EarlyStopping counter: 28 out of 100
Updating learning rate to 5.23347633027361e-06
Epoch: 32 cost time: 19.94762897491455
Epoch: 32, Steps: 64 | Train Loss: 0.4229061 Vali Loss: 0.5712443 Test Loss: 0.7217607
EarlyStopping counter: 29 out of 100
Updating learning rate to 4.710128697246249e-06
Epoch: 33 cost time: 19.87495231628418
Epoch: 33, Steps: 64 | Train Loss: 0.4212284 Vali Loss: 0.5856727 Test Loss: 0.7269331
EarlyStopping counter: 30 out of 100
Updating learning rate to 4.239115827521624e-06
Epoch: 34 cost time: 19.979132652282715
Epoch: 34, Steps: 64 | Train Loss: 0.4202564 Vali Loss: 0.5745654 Test Loss: 0.7330802
EarlyStopping counter: 31 out of 100
Updating learning rate to 3.815204244769462e-06
Epoch: 35 cost time: 19.843228578567505
Epoch: 35, Steps: 64 | Train Loss: 0.4186498 Vali Loss: 0.5874715 Test Loss: 0.7452055
EarlyStopping counter: 32 out of 100
Updating learning rate to 3.4336838202925152e-06
Epoch: 36 cost time: 19.86091423034668
Epoch: 36, Steps: 64 | Train Loss: 0.4184525 Vali Loss: 0.5855467 Test Loss: 0.7394685
EarlyStopping counter: 33 out of 100
Updating learning rate to 3.090315438263264e-06
Epoch: 37 cost time: 19.8702552318573
Epoch: 37, Steps: 64 | Train Loss: 0.4176683 Vali Loss: 0.5924860 Test Loss: 0.7605761
EarlyStopping counter: 34 out of 100
Updating learning rate to 2.7812838944369375e-06
Epoch: 38 cost time: 19.83660340309143
Epoch: 38, Steps: 64 | Train Loss: 0.4157941 Vali Loss: 0.5899814 Test Loss: 0.7488046
EarlyStopping counter: 35 out of 100
Updating learning rate to 2.503155504993244e-06
Epoch: 39 cost time: 19.824142932891846
Epoch: 39, Steps: 64 | Train Loss: 0.4167259 Vali Loss: 0.5878670 Test Loss: 0.7453144
EarlyStopping counter: 36 out of 100
Updating learning rate to 2.2528399544939195e-06
Epoch: 40 cost time: 19.886409759521484
Epoch: 40, Steps: 64 | Train Loss: 0.4172806 Vali Loss: 0.5898337 Test Loss: 0.7481301
EarlyStopping counter: 37 out of 100
Updating learning rate to 2.0275559590445276e-06
Epoch: 41 cost time: 19.76203966140747
Epoch: 41, Steps: 64 | Train Loss: 0.4156235 Vali Loss: 0.5882342 Test Loss: 0.7496974
EarlyStopping counter: 38 out of 100
Updating learning rate to 1.8248003631400751e-06
Epoch: 42 cost time: 19.923372507095337
Epoch: 42, Steps: 64 | Train Loss: 0.4159557 Vali Loss: 0.5891432 Test Loss: 0.7518193
EarlyStopping counter: 39 out of 100
Updating learning rate to 1.6423203268260676e-06
Epoch: 43 cost time: 19.896320581436157
Epoch: 43, Steps: 64 | Train Loss: 0.4148475 Vali Loss: 0.5855521 Test Loss: 0.7487286
EarlyStopping counter: 40 out of 100
Updating learning rate to 1.4780882941434609e-06
Epoch: 44 cost time: 20.00726580619812
Epoch: 44, Steps: 64 | Train Loss: 0.4133624 Vali Loss: 0.5926812 Test Loss: 0.7551060
EarlyStopping counter: 41 out of 100
Updating learning rate to 1.3302794647291146e-06
Epoch: 45 cost time: 19.98621106147766
Epoch: 45, Steps: 64 | Train Loss: 0.4149508 Vali Loss: 0.5912883 Test Loss: 0.7596082
EarlyStopping counter: 42 out of 100
Updating learning rate to 1.1972515182562034e-06
Epoch: 46 cost time: 19.89918828010559
Epoch: 46, Steps: 64 | Train Loss: 0.4134167 Vali Loss: 0.5859815 Test Loss: 0.7460089
EarlyStopping counter: 43 out of 100
Updating learning rate to 1.077526366430583e-06
Epoch: 47 cost time: 20.242548942565918
Epoch: 47, Steps: 64 | Train Loss: 0.4129915 Vali Loss: 0.5855495 Test Loss: 0.7545285
EarlyStopping counter: 44 out of 100
Updating learning rate to 9.697737297875248e-07
Epoch: 48 cost time: 20.097750425338745
Epoch: 48, Steps: 64 | Train Loss: 0.4132609 Vali Loss: 0.5919420 Test Loss: 0.7577089
EarlyStopping counter: 45 out of 100
Updating learning rate to 8.727963568087723e-07
Epoch: 49 cost time: 19.829840898513794
Epoch: 49, Steps: 64 | Train Loss: 0.4119539 Vali Loss: 0.5884655 Test Loss: 0.7432879
EarlyStopping counter: 46 out of 100
Updating learning rate to 7.855167211278951e-07
Epoch: 50 cost time: 19.932240962982178
Epoch: 50, Steps: 64 | Train Loss: 0.4134883 Vali Loss: 0.5859135 Test Loss: 0.7540281
EarlyStopping counter: 47 out of 100
Updating learning rate to 7.069650490151056e-07
Epoch: 51 cost time: 19.89485239982605
Epoch: 51, Steps: 64 | Train Loss: 0.4125534 Vali Loss: 0.5866349 Test Loss: 0.7542459
EarlyStopping counter: 48 out of 100
Updating learning rate to 6.36268544113595e-07
Epoch: 52 cost time: 19.846951007843018
Epoch: 52, Steps: 64 | Train Loss: 0.4132455 Vali Loss: 0.5925565 Test Loss: 0.7616867
EarlyStopping counter: 49 out of 100
Updating learning rate to 5.726416897022355e-07
Epoch: 53 cost time: 19.91484785079956
Epoch: 53, Steps: 64 | Train Loss: 0.4128729 Vali Loss: 0.5888847 Test Loss: 0.7596316
EarlyStopping counter: 50 out of 100
Updating learning rate to 5.15377520732012e-07
Epoch: 54 cost time: 19.856995344161987
Epoch: 54, Steps: 64 | Train Loss: 0.4111653 Vali Loss: 0.5922440 Test Loss: 0.7605053
EarlyStopping counter: 51 out of 100
Updating learning rate to 4.6383976865881085e-07
Epoch: 55 cost time: 19.848825693130493
Epoch: 55, Steps: 64 | Train Loss: 0.4122756 Vali Loss: 0.5920334 Test Loss: 0.7634742
EarlyStopping counter: 52 out of 100
Updating learning rate to 4.174557917929298e-07
Epoch: 56 cost time: 19.814954042434692
Epoch: 56, Steps: 64 | Train Loss: 0.4117088 Vali Loss: 0.5942518 Test Loss: 0.7609244
EarlyStopping counter: 53 out of 100
Updating learning rate to 3.7571021261363677e-07
Epoch: 57 cost time: 19.97896909713745
Epoch: 57, Steps: 64 | Train Loss: 0.4113855 Vali Loss: 0.5916762 Test Loss: 0.7591350
EarlyStopping counter: 54 out of 100
Updating learning rate to 3.381391913522731e-07
Epoch: 58 cost time: 20.03762722015381
Epoch: 58, Steps: 64 | Train Loss: 0.4124399 Vali Loss: 0.5919943 Test Loss: 0.7567397
EarlyStopping counter: 55 out of 100
Updating learning rate to 3.043252722170458e-07
Epoch: 59 cost time: 19.7327938079834
Epoch: 59, Steps: 64 | Train Loss: 0.4119937 Vali Loss: 0.5916850 Test Loss: 0.7550541
EarlyStopping counter: 56 out of 100
Updating learning rate to 2.7389274499534124e-07
Epoch: 60 cost time: 19.903924226760864
Epoch: 60, Steps: 64 | Train Loss: 0.4102726 Vali Loss: 0.5916839 Test Loss: 0.7569426
EarlyStopping counter: 57 out of 100
Updating learning rate to 2.465034704958071e-07
Epoch: 61 cost time: 19.796979188919067
Epoch: 61, Steps: 64 | Train Loss: 0.4128321 Vali Loss: 0.5879086 Test Loss: 0.7545426
EarlyStopping counter: 58 out of 100
Updating learning rate to 2.218531234462264e-07
Epoch: 62 cost time: 19.86635708808899
Epoch: 62, Steps: 64 | Train Loss: 0.4113344 Vali Loss: 0.5922918 Test Loss: 0.7593375
EarlyStopping counter: 59 out of 100
Updating learning rate to 1.9966781110160376e-07
Epoch: 63 cost time: 19.81613564491272
Epoch: 63, Steps: 64 | Train Loss: 0.4112794 Vali Loss: 0.5906513 Test Loss: 0.7593007
EarlyStopping counter: 60 out of 100
Updating learning rate to 1.797010299914434e-07
Epoch: 64 cost time: 19.85168695449829
Epoch: 64, Steps: 64 | Train Loss: 0.4115715 Vali Loss: 0.5908427 Test Loss: 0.7561980
EarlyStopping counter: 61 out of 100
Updating learning rate to 1.6173092699229907e-07
Epoch: 65 cost time: 19.919636249542236
Epoch: 65, Steps: 64 | Train Loss: 0.4100514 Vali Loss: 0.5866990 Test Loss: 0.7614694
EarlyStopping counter: 62 out of 100
Updating learning rate to 1.4555783429306916e-07
Epoch: 66 cost time: 19.815284967422485
Epoch: 66, Steps: 64 | Train Loss: 0.4116666 Vali Loss: 0.5908924 Test Loss: 0.7630038
EarlyStopping counter: 63 out of 100
Updating learning rate to 1.3100205086376224e-07
Epoch: 67 cost time: 20.07882785797119
Epoch: 67, Steps: 64 | Train Loss: 0.4116645 Vali Loss: 0.5862058 Test Loss: 0.7597728
EarlyStopping counter: 64 out of 100
Updating learning rate to 1.1790184577738603e-07
Epoch: 68 cost time: 19.73262929916382
Epoch: 68, Steps: 64 | Train Loss: 0.4114982 Vali Loss: 0.5916198 Test Loss: 0.7637621
EarlyStopping counter: 65 out of 100
Updating learning rate to 1.0611166119964742e-07
Epoch: 69 cost time: 19.695916414260864
Epoch: 69, Steps: 64 | Train Loss: 0.4123765 Vali Loss: 0.5917522 Test Loss: 0.7602646
EarlyStopping counter: 66 out of 100
Updating learning rate to 9.550049507968268e-08
Epoch: 70 cost time: 19.857184410095215
Epoch: 70, Steps: 64 | Train Loss: 0.4121708 Vali Loss: 0.5959654 Test Loss: 0.7602695
EarlyStopping counter: 67 out of 100
Updating learning rate to 8.595044557171442e-08
Epoch: 71 cost time: 19.865139484405518
Epoch: 71, Steps: 64 | Train Loss: 0.4105691 Vali Loss: 0.5876197 Test Loss: 0.7608889
EarlyStopping counter: 68 out of 100
Updating learning rate to 7.735540101454298e-08
Epoch: 72 cost time: 20.06742024421692
Epoch: 72, Steps: 64 | Train Loss: 0.4127675 Vali Loss: 0.5940698 Test Loss: 0.7621679
EarlyStopping counter: 69 out of 100
Updating learning rate to 6.961986091308869e-08
Epoch: 73 cost time: 19.67315125465393
Epoch: 73, Steps: 64 | Train Loss: 0.4110653 Vali Loss: 0.5922460 Test Loss: 0.7601561
EarlyStopping counter: 70 out of 100
Updating learning rate to 6.265787482177981e-08
Epoch: 74 cost time: 19.787150621414185
Epoch: 74, Steps: 64 | Train Loss: 0.4112675 Vali Loss: 0.5862643 Test Loss: 0.7607482
EarlyStopping counter: 71 out of 100
Updating learning rate to 5.639208733960184e-08
Epoch: 75 cost time: 20.00598430633545
Epoch: 75, Steps: 64 | Train Loss: 0.4112647 Vali Loss: 0.5941847 Test Loss: 0.7613783
EarlyStopping counter: 72 out of 100
Updating learning rate to 5.075287860564165e-08
Epoch: 76 cost time: 19.716633081436157
Epoch: 76, Steps: 64 | Train Loss: 0.4111145 Vali Loss: 0.5933221 Test Loss: 0.7597985
EarlyStopping counter: 73 out of 100
Updating learning rate to 4.567759074507749e-08
Epoch: 77 cost time: 19.936429023742676
Epoch: 77, Steps: 64 | Train Loss: 0.4113833 Vali Loss: 0.5955880 Test Loss: 0.7598656
EarlyStopping counter: 74 out of 100
Updating learning rate to 4.1109831670569744e-08
Epoch: 78 cost time: 19.75636577606201
Epoch: 78, Steps: 64 | Train Loss: 0.4109456 Vali Loss: 0.5931743 Test Loss: 0.7607638
EarlyStopping counter: 75 out of 100
Updating learning rate to 3.6998848503512764e-08
Epoch: 79 cost time: 19.736337661743164
Epoch: 79, Steps: 64 | Train Loss: 0.4117843 Vali Loss: 0.5896333 Test Loss: 0.7599885
EarlyStopping counter: 76 out of 100
Updating learning rate to 3.3298963653161496e-08
Epoch: 80 cost time: 19.701916694641113
Epoch: 80, Steps: 64 | Train Loss: 0.4110266 Vali Loss: 0.5905786 Test Loss: 0.7607591
EarlyStopping counter: 77 out of 100
Updating learning rate to 2.996906728784534e-08
Epoch: 81 cost time: 19.911579370498657
Epoch: 81, Steps: 64 | Train Loss: 0.4108423 Vali Loss: 0.5903324 Test Loss: 0.7608469
EarlyStopping counter: 78 out of 100
Updating learning rate to 2.697216055906081e-08
Epoch: 82 cost time: 19.798176050186157
Epoch: 82, Steps: 64 | Train Loss: 0.4107809 Vali Loss: 0.5882311 Test Loss: 0.7614425
EarlyStopping counter: 79 out of 100
Updating learning rate to 2.427494450315473e-08
Epoch: 83 cost time: 19.70898413658142
Epoch: 83, Steps: 64 | Train Loss: 0.4114074 Vali Loss: 0.5928171 Test Loss: 0.7607198
EarlyStopping counter: 80 out of 100
Updating learning rate to 2.1847450052839257e-08
Epoch: 84 cost time: 19.82949161529541
Epoch: 84, Steps: 64 | Train Loss: 0.4092514 Vali Loss: 0.5886270 Test Loss: 0.7611069
EarlyStopping counter: 81 out of 100
Updating learning rate to 1.9662705047555332e-08
Epoch: 85 cost time: 19.855270862579346
Epoch: 85, Steps: 64 | Train Loss: 0.4117978 Vali Loss: 0.5916522 Test Loss: 0.7604932
EarlyStopping counter: 82 out of 100
Updating learning rate to 1.7696434542799797e-08
Epoch: 86 cost time: 19.90422749519348
Epoch: 86, Steps: 64 | Train Loss: 0.4117951 Vali Loss: 0.5927088 Test Loss: 0.7607191
EarlyStopping counter: 83 out of 100
Updating learning rate to 1.5926791088519817e-08
Epoch: 87 cost time: 19.727091550827026
Epoch: 87, Steps: 64 | Train Loss: 0.4100540 Vali Loss: 0.5928114 Test Loss: 0.7611392
EarlyStopping counter: 84 out of 100
Updating learning rate to 1.4334111979667836e-08
Epoch: 88 cost time: 19.866275787353516
Epoch: 88, Steps: 64 | Train Loss: 0.4114332 Vali Loss: 0.5922789 Test Loss: 0.7613366
EarlyStopping counter: 85 out of 100
Updating learning rate to 1.2900700781701054e-08
Epoch: 89 cost time: 19.896963357925415
Epoch: 89, Steps: 64 | Train Loss: 0.4120169 Vali Loss: 0.5930652 Test Loss: 0.7615095
EarlyStopping counter: 86 out of 100
Updating learning rate to 1.161063070353095e-08
Epoch: 90 cost time: 19.71644425392151
Epoch: 90, Steps: 64 | Train Loss: 0.4115661 Vali Loss: 0.5918177 Test Loss: 0.7614434
EarlyStopping counter: 87 out of 100
Updating learning rate to 1.0449567633177854e-08
Epoch: 91 cost time: 19.76893424987793
Epoch: 91, Steps: 64 | Train Loss: 0.4114548 Vali Loss: 0.5929468 Test Loss: 0.7612213
EarlyStopping counter: 88 out of 100
Updating learning rate to 9.404610869860069e-09
Epoch: 92 cost time: 19.813966035842896
Epoch: 92, Steps: 64 | Train Loss: 0.4118364 Vali Loss: 0.5917824 Test Loss: 0.7605478
EarlyStopping counter: 89 out of 100
Updating learning rate to 8.464149782874063e-09
Epoch: 93 cost time: 19.83089780807495
Epoch: 93, Steps: 64 | Train Loss: 0.4116030 Vali Loss: 0.5936053 Test Loss: 0.7606791
EarlyStopping counter: 90 out of 100
Updating learning rate to 7.617734804586658e-09
Epoch: 94 cost time: 19.817214965820312
Epoch: 94, Steps: 64 | Train Loss: 0.4106103 Vali Loss: 0.5944102 Test Loss: 0.7604734
EarlyStopping counter: 91 out of 100
Updating learning rate to 6.855961324127991e-09
Epoch: 95 cost time: 19.894374132156372
Epoch: 95, Steps: 64 | Train Loss: 0.4115498 Vali Loss: 0.5927275 Test Loss: 0.7604933
EarlyStopping counter: 92 out of 100
Updating learning rate to 6.170365191715193e-09
Epoch: 96 cost time: 19.79563283920288
Epoch: 96, Steps: 64 | Train Loss: 0.4114889 Vali Loss: 0.5922173 Test Loss: 0.7603289
EarlyStopping counter: 93 out of 100
Updating learning rate to 5.5533286725436726e-09
Epoch: 97 cost time: 19.754817247390747
Epoch: 97, Steps: 64 | Train Loss: 0.4110906 Vali Loss: 0.5931748 Test Loss: 0.7603493
EarlyStopping counter: 94 out of 100
Updating learning rate to 4.997995805289306e-09
Epoch: 98 cost time: 20.104305505752563
Epoch: 98, Steps: 64 | Train Loss: 0.4104350 Vali Loss: 0.5921854 Test Loss: 0.7604165
EarlyStopping counter: 95 out of 100
Updating learning rate to 4.498196224760375e-09
Epoch: 99 cost time: 19.815762758255005
Epoch: 99, Steps: 64 | Train Loss: 0.4101307 Vali Loss: 0.5832009 Test Loss: 0.7605392
EarlyStopping counter: 96 out of 100
Updating learning rate to 4.048376602284338e-09
Epoch: 100 cost time: 20.03834581375122
Epoch: 100, Steps: 64 | Train Loss: 0.4104503 Vali Loss: 0.5919476 Test Loss: 0.7607036
EarlyStopping counter: 97 out of 100
Updating learning rate to 3.643538942055904e-09
>>>>>>>testing : ETTh2_96_336_Autoformer_ETTh2_ftM_sl96_ll48_pl336_dm512_nh8_el2_dl1_df2048_fc3_ebtimeF_dtTrue_Exp_0<<<<<<<<<<<<<<<<<<<<<<<<<<<<<<<<<
test 2545
mse:0.4275191128253937, mae:0.4516569674015045, rse:0.5223543047904968
