Args in experiment:
Namespace(activation='gelu', affine=0, batch_size=128, c_out=7, checkpoints='./checkpoints/', d_ff=2048, d_layers=1, d_model=512, data='ETTh1', data_path='ETTh1.csv', dec_in=7, decomposition=0, des='Exp', devices='0,1,2,3', distil=True, do_predict=False, dropout=0.05, e_layers=2, embed='timeF', embed_type=0, enc_in=7, factor=3, fc_dropout=0.05, features='M', freq='h', gpu=0, head_dropout=0.0, individual=0, is_training=1, itr=1, kernel_size=25, label_len=48, learning_rate=0.0001, loss='mse', lradj='type3', model='Autoformer', model_id='ETTh1_96_192', moving_avg=25, n_heads=8, num_workers=10, output_attention=False, padding_patch='end', patch_len=16, patience=100, pct_start=0.3, pred_len=192, random_seed=2021, revin=1, root_path='./dataset/', seq_len=96, stride=8, subtract_last=0, target='OT', test_flop=False, train_epochs=100, use_amp=False, use_gpu=True, use_multi_gpu=False)
Use GPU: cuda:0
>>>>>>>start training : ETTh1_96_192_Autoformer_ETTh1_ftM_sl96_ll48_pl192_dm512_nh8_el2_dl1_df2048_fc3_ebtimeF_dtTrue_Exp_0>>>>>>>>>>>>>>>>>>>>>>>>>>
train 8353
val 2689
test 2689
Epoch: 1 cost time: 14.75468635559082
Epoch: 1, Steps: 65 | Train Loss: 0.6769371 Vali Loss: 1.3138984 Test Loss: 0.6200917
Validation loss decreased (inf --> 1.313898).  Saving model ...
Updating learning rate to 0.0001
Epoch: 2 cost time: 14.513361930847168
Epoch: 2, Steps: 65 | Train Loss: 0.5262289 Vali Loss: 1.1412344 Test Loss: 0.5206566
Validation loss decreased (1.313898 --> 1.141234).  Saving model ...
Updating learning rate to 0.0001
Epoch: 3 cost time: 14.60101580619812
Epoch: 3, Steps: 65 | Train Loss: 0.4463471 Vali Loss: 1.1316726 Test Loss: 0.4968248
Validation loss decreased (1.141234 --> 1.131673).  Saving model ...
Updating learning rate to 0.0001
Epoch: 4 cost time: 14.806889772415161
Epoch: 4, Steps: 65 | Train Loss: 0.4309986 Vali Loss: 1.1429536 Test Loss: 0.5095367
EarlyStopping counter: 1 out of 100
Updating learning rate to 9e-05
Epoch: 5 cost time: 14.657985925674438
Epoch: 5, Steps: 65 | Train Loss: 0.4245592 Vali Loss: 1.1546811 Test Loss: 0.5352858
EarlyStopping counter: 2 out of 100
Updating learning rate to 8.1e-05
Epoch: 6 cost time: 14.72879934310913
Epoch: 6, Steps: 65 | Train Loss: 0.4201314 Vali Loss: 1.1477035 Test Loss: 0.5234087
EarlyStopping counter: 3 out of 100
Updating learning rate to 7.290000000000001e-05
Epoch: 7 cost time: 14.716159582138062
Epoch: 7, Steps: 65 | Train Loss: 0.4148265 Vali Loss: 1.1620214 Test Loss: 0.5501405
EarlyStopping counter: 4 out of 100
Updating learning rate to 6.561e-05
Epoch: 8 cost time: 14.704552173614502
Epoch: 8, Steps: 65 | Train Loss: 0.4112392 Vali Loss: 1.1715658 Test Loss: 0.5446360
EarlyStopping counter: 5 out of 100
Updating learning rate to 5.904900000000001e-05
Epoch: 9 cost time: 14.729871988296509
Epoch: 9, Steps: 65 | Train Loss: 0.4079000 Vali Loss: 1.1595688 Test Loss: 0.5336277
EarlyStopping counter: 6 out of 100
Updating learning rate to 5.3144100000000005e-05
Epoch: 10 cost time: 14.875998735427856
Epoch: 10, Steps: 65 | Train Loss: 0.4022487 Vali Loss: 1.1737220 Test Loss: 0.5468566
EarlyStopping counter: 7 out of 100
Updating learning rate to 4.782969000000001e-05
Epoch: 11 cost time: 14.993703126907349
Epoch: 11, Steps: 65 | Train Loss: 0.3967004 Vali Loss: 1.2034957 Test Loss: 0.5632133
EarlyStopping counter: 8 out of 100
Updating learning rate to 4.304672100000001e-05
Epoch: 12 cost time: 14.779853343963623
Epoch: 12, Steps: 65 | Train Loss: 0.3926297 Vali Loss: 1.1844777 Test Loss: 0.5516999
EarlyStopping counter: 9 out of 100
Updating learning rate to 3.874204890000001e-05
Epoch: 13 cost time: 14.796150207519531
Epoch: 13, Steps: 65 | Train Loss: 0.3863980 Vali Loss: 1.1753665 Test Loss: 0.5670159
EarlyStopping counter: 10 out of 100
Updating learning rate to 3.486784401000001e-05
Epoch: 14 cost time: 14.64950966835022
Epoch: 14, Steps: 65 | Train Loss: 0.3808401 Vali Loss: 1.2292353 Test Loss: 0.6068642
EarlyStopping counter: 11 out of 100
Updating learning rate to 3.138105960900001e-05
Epoch: 15 cost time: 14.612753629684448
Epoch: 15, Steps: 65 | Train Loss: 0.3763843 Vali Loss: 1.2119331 Test Loss: 0.6005745
EarlyStopping counter: 12 out of 100
Updating learning rate to 2.824295364810001e-05
Epoch: 16 cost time: 14.62795615196228
Epoch: 16, Steps: 65 | Train Loss: 0.3665674 Vali Loss: 1.3240589 Test Loss: 0.6861005
EarlyStopping counter: 13 out of 100
Updating learning rate to 2.541865828329001e-05
Epoch: 17 cost time: 14.612727403640747
Epoch: 17, Steps: 65 | Train Loss: 0.3626078 Vali Loss: 1.2630001 Test Loss: 0.6192074
EarlyStopping counter: 14 out of 100
Updating learning rate to 2.287679245496101e-05
Epoch: 18 cost time: 14.812834024429321
Epoch: 18, Steps: 65 | Train Loss: 0.3560600 Vali Loss: 1.2971240 Test Loss: 0.6246957
EarlyStopping counter: 15 out of 100
Updating learning rate to 2.0589113209464907e-05
Epoch: 19 cost time: 14.820953369140625
Epoch: 19, Steps: 65 | Train Loss: 0.3518939 Vali Loss: 1.3873805 Test Loss: 0.6868293
EarlyStopping counter: 16 out of 100
Updating learning rate to 1.8530201888518416e-05
Epoch: 20 cost time: 14.958410739898682
Epoch: 20, Steps: 65 | Train Loss: 0.3479303 Vali Loss: 1.4896349 Test Loss: 0.7519886
EarlyStopping counter: 17 out of 100
Updating learning rate to 1.6677181699666577e-05
Epoch: 21 cost time: 14.599040508270264
Epoch: 21, Steps: 65 | Train Loss: 0.3438707 Vali Loss: 1.5917071 Test Loss: 0.7501962
EarlyStopping counter: 18 out of 100
Updating learning rate to 1.5009463529699919e-05
Epoch: 22 cost time: 14.612748622894287
Epoch: 22, Steps: 65 | Train Loss: 0.3388339 Vali Loss: 1.5724435 Test Loss: 0.7646637
EarlyStopping counter: 19 out of 100
Updating learning rate to 1.3508517176729929e-05
Epoch: 23 cost time: 14.898542642593384
Epoch: 23, Steps: 65 | Train Loss: 0.3373169 Vali Loss: 1.5254253 Test Loss: 0.7218294
EarlyStopping counter: 20 out of 100
Updating learning rate to 1.2157665459056936e-05
Epoch: 24 cost time: 14.644912958145142
Epoch: 24, Steps: 65 | Train Loss: 0.3363530 Vali Loss: 1.5606593 Test Loss: 0.7542256
EarlyStopping counter: 21 out of 100
Updating learning rate to 1.0941898913151242e-05
Epoch: 25 cost time: 14.771343231201172
Epoch: 25, Steps: 65 | Train Loss: 0.3314738 Vali Loss: 1.6336766 Test Loss: 0.7646948
EarlyStopping counter: 22 out of 100
Updating learning rate to 9.847709021836118e-06
Epoch: 26 cost time: 14.746717929840088
Epoch: 26, Steps: 65 | Train Loss: 0.3291179 Vali Loss: 1.6307558 Test Loss: 0.7605629
EarlyStopping counter: 23 out of 100
Updating learning rate to 8.862938119652508e-06
Epoch: 27 cost time: 14.778939247131348
Epoch: 27, Steps: 65 | Train Loss: 0.3289594 Vali Loss: 1.6679083 Test Loss: 0.7820663
EarlyStopping counter: 24 out of 100
Updating learning rate to 7.976644307687255e-06
Epoch: 28 cost time: 14.693079710006714
Epoch: 28, Steps: 65 | Train Loss: 0.3260294 Vali Loss: 1.6542909 Test Loss: 0.7902884
EarlyStopping counter: 25 out of 100
Updating learning rate to 7.178979876918531e-06
Epoch: 29 cost time: 14.743231534957886
Epoch: 29, Steps: 65 | Train Loss: 0.3252125 Vali Loss: 1.6907854 Test Loss: 0.8132032
EarlyStopping counter: 26 out of 100
Updating learning rate to 6.4610818892266776e-06
Epoch: 30 cost time: 14.671743869781494
Epoch: 30, Steps: 65 | Train Loss: 0.3251702 Vali Loss: 1.6578720 Test Loss: 0.7754119
EarlyStopping counter: 27 out of 100
Updating learning rate to 5.8149737003040096e-06
Epoch: 31 cost time: 14.823360919952393
Epoch: 31, Steps: 65 | Train Loss: 0.3231647 Vali Loss: 1.6808811 Test Loss: 0.7922065
EarlyStopping counter: 28 out of 100
Updating learning rate to 5.23347633027361e-06
Epoch: 32 cost time: 14.804619789123535
Epoch: 32, Steps: 65 | Train Loss: 0.3213379 Vali Loss: 1.7453409 Test Loss: 0.8349301
EarlyStopping counter: 29 out of 100
Updating learning rate to 4.710128697246249e-06
Epoch: 33 cost time: 14.908075332641602
Epoch: 33, Steps: 65 | Train Loss: 0.3212979 Vali Loss: 1.7068630 Test Loss: 0.7939340
EarlyStopping counter: 30 out of 100
Updating learning rate to 4.239115827521624e-06
Epoch: 34 cost time: 14.562884330749512
Epoch: 34, Steps: 65 | Train Loss: 0.3212638 Vali Loss: 1.6911421 Test Loss: 0.8064185
EarlyStopping counter: 31 out of 100
Updating learning rate to 3.815204244769462e-06
Epoch: 35 cost time: 14.642859935760498
Epoch: 35, Steps: 65 | Train Loss: 0.3198045 Vali Loss: 1.7231691 Test Loss: 0.8144614
EarlyStopping counter: 32 out of 100
Updating learning rate to 3.4336838202925152e-06
Epoch: 36 cost time: 14.85977053642273
Epoch: 36, Steps: 65 | Train Loss: 0.3193929 Vali Loss: 1.7169287 Test Loss: 0.8023345
EarlyStopping counter: 33 out of 100
Updating learning rate to 3.090315438263264e-06
Epoch: 37 cost time: 14.81858515739441
Epoch: 37, Steps: 65 | Train Loss: 0.3185460 Vali Loss: 1.7605318 Test Loss: 0.8230568
EarlyStopping counter: 34 out of 100
Updating learning rate to 2.7812838944369375e-06
Epoch: 38 cost time: 14.701663255691528
Epoch: 38, Steps: 65 | Train Loss: 0.3189251 Vali Loss: 1.7532564 Test Loss: 0.8091817
EarlyStopping counter: 35 out of 100
Updating learning rate to 2.503155504993244e-06
Epoch: 39 cost time: 14.81964111328125
Epoch: 39, Steps: 65 | Train Loss: 0.3182773 Vali Loss: 1.7348279 Test Loss: 0.8079409
EarlyStopping counter: 36 out of 100
Updating learning rate to 2.2528399544939195e-06
Epoch: 40 cost time: 14.798672676086426
Epoch: 40, Steps: 65 | Train Loss: 0.3173340 Vali Loss: 1.7486883 Test Loss: 0.8148197
EarlyStopping counter: 37 out of 100
Updating learning rate to 2.0275559590445276e-06
Epoch: 41 cost time: 14.769045114517212
Epoch: 41, Steps: 65 | Train Loss: 0.3174835 Vali Loss: 1.7335145 Test Loss: 0.8117245
EarlyStopping counter: 38 out of 100
Updating learning rate to 1.8248003631400751e-06
Epoch: 42 cost time: 14.602528810501099
Epoch: 42, Steps: 65 | Train Loss: 0.3179174 Vali Loss: 1.7679800 Test Loss: 0.8256302
EarlyStopping counter: 39 out of 100
Updating learning rate to 1.6423203268260676e-06
Epoch: 43 cost time: 14.75854206085205
Epoch: 43, Steps: 65 | Train Loss: 0.3176001 Vali Loss: 1.7517527 Test Loss: 0.8116418
EarlyStopping counter: 40 out of 100
Updating learning rate to 1.4780882941434609e-06
Epoch: 44 cost time: 14.872331619262695
Epoch: 44, Steps: 65 | Train Loss: 0.3170750 Vali Loss: 1.7535207 Test Loss: 0.8125596
EarlyStopping counter: 41 out of 100
Updating learning rate to 1.3302794647291146e-06
Epoch: 45 cost time: 14.714547634124756
Epoch: 45, Steps: 65 | Train Loss: 0.3157738 Vali Loss: 1.7608320 Test Loss: 0.8093455
EarlyStopping counter: 42 out of 100
Updating learning rate to 1.1972515182562034e-06
Epoch: 46 cost time: 14.898894548416138
Epoch: 46, Steps: 65 | Train Loss: 0.3161756 Vali Loss: 1.7611480 Test Loss: 0.8121686
EarlyStopping counter: 43 out of 100
Updating learning rate to 1.077526366430583e-06
Epoch: 47 cost time: 14.647574663162231
Epoch: 47, Steps: 65 | Train Loss: 0.3162436 Vali Loss: 1.7768878 Test Loss: 0.8097913
EarlyStopping counter: 44 out of 100
Updating learning rate to 9.697737297875248e-07
Epoch: 48 cost time: 14.907126426696777
Epoch: 48, Steps: 65 | Train Loss: 0.3162716 Vali Loss: 1.7596006 Test Loss: 0.8087696
EarlyStopping counter: 45 out of 100
Updating learning rate to 8.727963568087723e-07
Epoch: 49 cost time: 14.814793348312378
Epoch: 49, Steps: 65 | Train Loss: 0.3162573 Vali Loss: 1.7688335 Test Loss: 0.8098756
EarlyStopping counter: 46 out of 100
Updating learning rate to 7.855167211278951e-07
Epoch: 50 cost time: 14.882263422012329
Epoch: 50, Steps: 65 | Train Loss: 0.3164172 Vali Loss: 1.7625227 Test Loss: 0.8060126
EarlyStopping counter: 47 out of 100
Updating learning rate to 7.069650490151056e-07
Epoch: 51 cost time: 14.758524179458618
Epoch: 51, Steps: 65 | Train Loss: 0.3149984 Vali Loss: 1.7666820 Test Loss: 0.8076253
EarlyStopping counter: 48 out of 100
Updating learning rate to 6.36268544113595e-07
Epoch: 52 cost time: 14.82759165763855
Epoch: 52, Steps: 65 | Train Loss: 0.3155579 Vali Loss: 1.7742455 Test Loss: 0.8099211
EarlyStopping counter: 49 out of 100
Updating learning rate to 5.726416897022355e-07
Epoch: 53 cost time: 14.839664459228516
Epoch: 53, Steps: 65 | Train Loss: 0.3154182 Vali Loss: 1.7831521 Test Loss: 0.8137131
EarlyStopping counter: 50 out of 100
Updating learning rate to 5.15377520732012e-07
Epoch: 54 cost time: 14.99049973487854
Epoch: 54, Steps: 65 | Train Loss: 0.3156557 Vali Loss: 1.7722754 Test Loss: 0.8074427
EarlyStopping counter: 51 out of 100
Updating learning rate to 4.6383976865881085e-07
Epoch: 55 cost time: 14.870777606964111
Epoch: 55, Steps: 65 | Train Loss: 0.3145401 Vali Loss: 1.7783959 Test Loss: 0.8091747
EarlyStopping counter: 52 out of 100
Updating learning rate to 4.174557917929298e-07
Epoch: 56 cost time: 14.796034097671509
Epoch: 56, Steps: 65 | Train Loss: 0.3153077 Vali Loss: 1.7771488 Test Loss: 0.8085371
EarlyStopping counter: 53 out of 100
Updating learning rate to 3.7571021261363677e-07
Epoch: 57 cost time: 14.771709203720093
Epoch: 57, Steps: 65 | Train Loss: 0.3150656 Vali Loss: 1.7842290 Test Loss: 0.8108555
EarlyStopping counter: 54 out of 100
Updating learning rate to 3.381391913522731e-07
Epoch: 58 cost time: 14.672718286514282
Epoch: 58, Steps: 65 | Train Loss: 0.3152126 Vali Loss: 1.7732402 Test Loss: 0.8078944
EarlyStopping counter: 55 out of 100
Updating learning rate to 3.043252722170458e-07
Epoch: 59 cost time: 14.791326999664307
Epoch: 59, Steps: 65 | Train Loss: 0.3152277 Vali Loss: 1.7813724 Test Loss: 0.8092989
EarlyStopping counter: 56 out of 100
Updating learning rate to 2.7389274499534124e-07
Epoch: 60 cost time: 14.833448886871338
Epoch: 60, Steps: 65 | Train Loss: 0.3150154 Vali Loss: 1.7773347 Test Loss: 0.8092781
EarlyStopping counter: 57 out of 100
Updating learning rate to 2.465034704958071e-07
Epoch: 61 cost time: 14.69126272201538
Epoch: 61, Steps: 65 | Train Loss: 0.3159398 Vali Loss: 1.7832181 Test Loss: 0.8111190
EarlyStopping counter: 58 out of 100
Updating learning rate to 2.218531234462264e-07
Epoch: 62 cost time: 14.771558046340942
Epoch: 62, Steps: 65 | Train Loss: 0.3148201 Vali Loss: 1.7808034 Test Loss: 0.8108335
EarlyStopping counter: 59 out of 100
Updating learning rate to 1.9966781110160376e-07
Epoch: 63 cost time: 14.8315908908844
Epoch: 63, Steps: 65 | Train Loss: 0.3150704 Vali Loss: 1.7812333 Test Loss: 0.8095814
EarlyStopping counter: 60 out of 100
Updating learning rate to 1.797010299914434e-07
Epoch: 64 cost time: 15.052331686019897
Epoch: 64, Steps: 65 | Train Loss: 0.3142496 Vali Loss: 1.7868948 Test Loss: 0.8124088
EarlyStopping counter: 61 out of 100
Updating learning rate to 1.6173092699229907e-07
Epoch: 65 cost time: 14.686423301696777
Epoch: 65, Steps: 65 | Train Loss: 0.3141587 Vali Loss: 1.7849846 Test Loss: 0.8110339
EarlyStopping counter: 62 out of 100
Updating learning rate to 1.4555783429306916e-07
Epoch: 66 cost time: 14.68175482749939
Epoch: 66, Steps: 65 | Train Loss: 0.3148684 Vali Loss: 1.7832330 Test Loss: 0.8111382
EarlyStopping counter: 63 out of 100
Updating learning rate to 1.3100205086376224e-07
Epoch: 67 cost time: 14.835325479507446
Epoch: 67, Steps: 65 | Train Loss: 0.3152198 Vali Loss: 1.7800463 Test Loss: 0.8113275
EarlyStopping counter: 64 out of 100
Updating learning rate to 1.1790184577738603e-07
Epoch: 68 cost time: 14.75637412071228
Epoch: 68, Steps: 65 | Train Loss: 0.3140987 Vali Loss: 1.7847728 Test Loss: 0.8102903
EarlyStopping counter: 65 out of 100
Updating learning rate to 1.0611166119964742e-07
Epoch: 69 cost time: 14.772425651550293
Epoch: 69, Steps: 65 | Train Loss: 0.3149938 Vali Loss: 1.7826545 Test Loss: 0.8112969
EarlyStopping counter: 66 out of 100
Updating learning rate to 9.550049507968268e-08
Epoch: 70 cost time: 14.811369180679321
Epoch: 70, Steps: 65 | Train Loss: 0.3148153 Vali Loss: 1.7799762 Test Loss: 0.8112428
EarlyStopping counter: 67 out of 100
Updating learning rate to 8.595044557171442e-08
Epoch: 71 cost time: 14.73222827911377
Epoch: 71, Steps: 65 | Train Loss: 0.3147343 Vali Loss: 1.7796769 Test Loss: 0.8116369
EarlyStopping counter: 68 out of 100
Updating learning rate to 7.735540101454298e-08
Epoch: 72 cost time: 14.723031044006348
Epoch: 72, Steps: 65 | Train Loss: 0.3144554 Vali Loss: 1.7822034 Test Loss: 0.8119416
EarlyStopping counter: 69 out of 100
Updating learning rate to 6.961986091308869e-08
Epoch: 73 cost time: 15.037693977355957
Epoch: 73, Steps: 65 | Train Loss: 0.3156570 Vali Loss: 1.7808816 Test Loss: 0.8107026
EarlyStopping counter: 70 out of 100
Updating learning rate to 6.265787482177981e-08
Epoch: 74 cost time: 15.002424240112305
Epoch: 74, Steps: 65 | Train Loss: 0.3139396 Vali Loss: 1.7818549 Test Loss: 0.8107991
EarlyStopping counter: 71 out of 100
Updating learning rate to 5.639208733960184e-08
Epoch: 75 cost time: 14.851221561431885
Epoch: 75, Steps: 65 | Train Loss: 0.3142694 Vali Loss: 1.7845581 Test Loss: 0.8114771
EarlyStopping counter: 72 out of 100
Updating learning rate to 5.075287860564165e-08
Epoch: 76 cost time: 15.080533504486084
Epoch: 76, Steps: 65 | Train Loss: 0.3150228 Vali Loss: 1.7839799 Test Loss: 0.8111644
EarlyStopping counter: 73 out of 100
Updating learning rate to 4.567759074507749e-08
Epoch: 77 cost time: 14.857033014297485
Epoch: 77, Steps: 65 | Train Loss: 0.3146603 Vali Loss: 1.7840697 Test Loss: 0.8111893
EarlyStopping counter: 74 out of 100
Updating learning rate to 4.1109831670569744e-08
Epoch: 78 cost time: 14.75614070892334
Epoch: 78, Steps: 65 | Train Loss: 0.3140699 Vali Loss: 1.7841471 Test Loss: 0.8114097
EarlyStopping counter: 75 out of 100
Updating learning rate to 3.6998848503512764e-08
Epoch: 79 cost time: 14.899932861328125
Epoch: 79, Steps: 65 | Train Loss: 0.3151429 Vali Loss: 1.7835981 Test Loss: 0.8113583
EarlyStopping counter: 76 out of 100
Updating learning rate to 3.3298963653161496e-08
Epoch: 80 cost time: 14.669332265853882
Epoch: 80, Steps: 65 | Train Loss: 0.3147255 Vali Loss: 1.7828596 Test Loss: 0.8112176
EarlyStopping counter: 77 out of 100
Updating learning rate to 2.996906728784534e-08
Epoch: 81 cost time: 14.779850482940674
Epoch: 81, Steps: 65 | Train Loss: 0.3152368 Vali Loss: 1.7821184 Test Loss: 0.8110570
EarlyStopping counter: 78 out of 100
Updating learning rate to 2.697216055906081e-08
Epoch: 82 cost time: 14.777222156524658
Epoch: 82, Steps: 65 | Train Loss: 0.3142753 Vali Loss: 1.7837763 Test Loss: 0.8113737
EarlyStopping counter: 79 out of 100
Updating learning rate to 2.427494450315473e-08
Epoch: 83 cost time: 14.770612239837646
Epoch: 83, Steps: 65 | Train Loss: 0.3145433 Vali Loss: 1.7831802 Test Loss: 0.8112682
EarlyStopping counter: 80 out of 100
Updating learning rate to 2.1847450052839257e-08
Epoch: 84 cost time: 14.771295309066772
Epoch: 84, Steps: 65 | Train Loss: 0.3151036 Vali Loss: 1.7821181 Test Loss: 0.8110161
EarlyStopping counter: 81 out of 100
Updating learning rate to 1.9662705047555332e-08
Epoch: 85 cost time: 14.776527643203735
Epoch: 85, Steps: 65 | Train Loss: 0.3148442 Vali Loss: 1.7828786 Test Loss: 0.8108630
EarlyStopping counter: 82 out of 100
Updating learning rate to 1.7696434542799797e-08
Epoch: 86 cost time: 14.858412027359009
Epoch: 86, Steps: 65 | Train Loss: 0.3145922 Vali Loss: 1.7823538 Test Loss: 0.8107004
EarlyStopping counter: 83 out of 100
Updating learning rate to 1.5926791088519817e-08
Epoch: 87 cost time: 14.824122905731201
Epoch: 87, Steps: 65 | Train Loss: 0.3145166 Vali Loss: 1.7819679 Test Loss: 0.8108650
EarlyStopping counter: 84 out of 100
Updating learning rate to 1.4334111979667836e-08
Epoch: 88 cost time: 14.708041667938232
Epoch: 88, Steps: 65 | Train Loss: 0.3143106 Vali Loss: 1.7825414 Test Loss: 0.8107875
EarlyStopping counter: 85 out of 100
Updating learning rate to 1.2900700781701054e-08
Epoch: 89 cost time: 14.96261191368103
Epoch: 89, Steps: 65 | Train Loss: 0.3142159 Vali Loss: 1.7824031 Test Loss: 0.8107294
EarlyStopping counter: 86 out of 100
Updating learning rate to 1.161063070353095e-08
Epoch: 90 cost time: 14.837384462356567
Epoch: 90, Steps: 65 | Train Loss: 0.3148340 Vali Loss: 1.7829125 Test Loss: 0.8107103
EarlyStopping counter: 87 out of 100
Updating learning rate to 1.0449567633177854e-08
Epoch: 91 cost time: 14.934363603591919
Epoch: 91, Steps: 65 | Train Loss: 0.3152182 Vali Loss: 1.7833598 Test Loss: 0.8108677
EarlyStopping counter: 88 out of 100
Updating learning rate to 9.404610869860069e-09
Epoch: 92 cost time: 14.805343866348267
Epoch: 92, Steps: 65 | Train Loss: 0.3153221 Vali Loss: 1.7834082 Test Loss: 0.8107284
EarlyStopping counter: 89 out of 100
Updating learning rate to 8.464149782874063e-09
Epoch: 93 cost time: 14.780895709991455
Epoch: 93, Steps: 65 | Train Loss: 0.3144129 Vali Loss: 1.7831465 Test Loss: 0.8108030
EarlyStopping counter: 90 out of 100
Updating learning rate to 7.617734804586658e-09
Epoch: 94 cost time: 14.909028053283691
Epoch: 94, Steps: 65 | Train Loss: 0.3149178 Vali Loss: 1.7832662 Test Loss: 0.8108817
EarlyStopping counter: 91 out of 100
Updating learning rate to 6.855961324127991e-09
Epoch: 95 cost time: 14.764965295791626
Epoch: 95, Steps: 65 | Train Loss: 0.3141733 Vali Loss: 1.7837851 Test Loss: 0.8109283
EarlyStopping counter: 92 out of 100
Updating learning rate to 6.170365191715193e-09
Epoch: 96 cost time: 14.702078819274902
Epoch: 96, Steps: 65 | Train Loss: 0.3138778 Vali Loss: 1.7836367 Test Loss: 0.8108321
EarlyStopping counter: 93 out of 100
Updating learning rate to 5.5533286725436726e-09
Epoch: 97 cost time: 14.705929279327393
Epoch: 97, Steps: 65 | Train Loss: 0.3136442 Vali Loss: 1.7839781 Test Loss: 0.8109344
EarlyStopping counter: 94 out of 100
Updating learning rate to 4.997995805289306e-09
Epoch: 98 cost time: 14.885574579238892
Epoch: 98, Steps: 65 | Train Loss: 0.3138999 Vali Loss: 1.7834781 Test Loss: 0.8109117
EarlyStopping counter: 95 out of 100
Updating learning rate to 4.498196224760375e-09
Epoch: 99 cost time: 15.469756603240967
Epoch: 99, Steps: 65 | Train Loss: 0.3147626 Vali Loss: 1.7839067 Test Loss: 0.8109794
EarlyStopping counter: 96 out of 100
Updating learning rate to 4.048376602284338e-09
Epoch: 100 cost time: 14.755232810974121
Epoch: 100, Steps: 65 | Train Loss: 0.3149981 Vali Loss: 1.7838262 Test Loss: 0.8109943
EarlyStopping counter: 97 out of 100
Updating learning rate to 3.643538942055904e-09
>>>>>>>testing : ETTh1_96_192_Autoformer_ETTh1_ftM_sl96_ll48_pl192_dm512_nh8_el2_dl1_df2048_fc3_ebtimeF_dtTrue_Exp_0<<<<<<<<<<<<<<<<<<<<<<<<<<<<<<<<<
test 2689
mse:0.49682483077049255, mae:0.4733964204788208, rse:0.6693500876426697
