Args in experiment:
Namespace(activation='gelu', affine=0, batch_size=128, c_out=7, checkpoints='./checkpoints/', d_ff=128, d_layers=1, d_model=16, data='ETTh2', data_path='ETTh2.csv', dec_in=7, decomposition=0, des='Exp', devices='0,1,2,3', distil=True, do_predict=False, dropout=0.3, e_layers=3, embed='timeF', embed_type=0, enc_in=1, factor=1, fc_dropout=0.3, features='S', freq='h', gpu=0, head_dropout=0.0, individual=0, is_training=1, itr=1, kernel_size=25, label_len=48, learning_rate=0.0001, loss='mse', lradj='type3', model='PatchTSFL', model_id='ETTh2_336_720', moving_avg=25, n_heads=4, num_workers=10, output_attention=False, padding_patch='end', patch_len=16, patience=100, pct_start=0.3, pred_len=720, random_seed=2021, revin=1, root_path='./dataset/', seq_len=336, stride=8, subtract_last=0, target='OT', test_flop=False, train_epochs=100, use_amp=False, use_gpu=True, use_multi_gpu=False)
Use GPU: cuda:0
fourier enhanced block used!
modes=64, index=[0, 1, 2, 3, 4, 5, 6, 7, 8, 9, 10, 11, 12, 13, 14, 15, 16, 17, 18, 19, 20]
>>>>>>>start training : ETTh2_336_720_PatchTSFL_ETTh2_ftS_sl336_ll48_pl720_dm16_nh4_el3_dl1_df128_fc1_ebtimeF_dtTrue_Exp_0>>>>>>>>>>>>>>>>>>>>>>>>>>
train 7585
val 2161
test 2161
Epoch: 1 cost time: 5.047703266143799
Epoch: 1, Steps: 59 | Train Loss: 0.4754906 Vali Loss: 0.5072600 Test Loss: 0.3780364
Validation loss decreased (inf --> 0.507260).  Saving model ...
Updating learning rate to 0.0001
Epoch: 2 cost time: 5.454954385757446
Epoch: 2, Steps: 59 | Train Loss: 0.4169952 Vali Loss: 0.4284207 Test Loss: 0.3035759
Validation loss decreased (0.507260 --> 0.428421).  Saving model ...
Updating learning rate to 0.0001
Epoch: 3 cost time: 5.59345269203186
Epoch: 3, Steps: 59 | Train Loss: 0.3817701 Vali Loss: 0.4190710 Test Loss: 0.2944262
Validation loss decreased (0.428421 --> 0.419071).  Saving model ...
Updating learning rate to 0.0001
Epoch: 4 cost time: 5.422285318374634
Epoch: 4, Steps: 59 | Train Loss: 0.3722389 Vali Loss: 0.4138620 Test Loss: 0.2878006
Validation loss decreased (0.419071 --> 0.413862).  Saving model ...
Updating learning rate to 9e-05
Epoch: 5 cost time: 5.614661931991577
Epoch: 5, Steps: 59 | Train Loss: 0.3655401 Vali Loss: 0.4088298 Test Loss: 0.2830694
Validation loss decreased (0.413862 --> 0.408830).  Saving model ...
Updating learning rate to 8.1e-05
Epoch: 6 cost time: 5.696495532989502
Epoch: 6, Steps: 59 | Train Loss: 0.3611351 Vali Loss: 0.4043980 Test Loss: 0.2788852
Validation loss decreased (0.408830 --> 0.404398).  Saving model ...
Updating learning rate to 7.290000000000001e-05
Epoch: 7 cost time: 5.275428295135498
Epoch: 7, Steps: 59 | Train Loss: 0.3566633 Vali Loss: 0.3991226 Test Loss: 0.2742637
Validation loss decreased (0.404398 --> 0.399123).  Saving model ...
Updating learning rate to 6.561e-05
Epoch: 8 cost time: 5.687958717346191
Epoch: 8, Steps: 59 | Train Loss: 0.3525016 Vali Loss: 0.3934857 Test Loss: 0.2687415
Validation loss decreased (0.399123 --> 0.393486).  Saving model ...
Updating learning rate to 5.904900000000001e-05
Epoch: 9 cost time: 5.8401148319244385
Epoch: 9, Steps: 59 | Train Loss: 0.3467376 Vali Loss: 0.3872404 Test Loss: 0.2606187
Validation loss decreased (0.393486 --> 0.387240).  Saving model ...
Updating learning rate to 5.3144100000000005e-05
Epoch: 10 cost time: 5.111319541931152
Epoch: 10, Steps: 59 | Train Loss: 0.3391283 Vali Loss: 0.3739865 Test Loss: 0.2511624
Validation loss decreased (0.387240 --> 0.373987).  Saving model ...
Updating learning rate to 4.782969000000001e-05
Epoch: 11 cost time: 5.468562841415405
Epoch: 11, Steps: 59 | Train Loss: 0.3320954 Vali Loss: 0.3654518 Test Loss: 0.2429920
Validation loss decreased (0.373987 --> 0.365452).  Saving model ...
Updating learning rate to 4.304672100000001e-05
Epoch: 12 cost time: 5.472700595855713
Epoch: 12, Steps: 59 | Train Loss: 0.3270230 Vali Loss: 0.3610592 Test Loss: 0.2387999
Validation loss decreased (0.365452 --> 0.361059).  Saving model ...
Updating learning rate to 3.874204890000001e-05
Epoch: 13 cost time: 5.879088640213013
Epoch: 13, Steps: 59 | Train Loss: 0.3240430 Vali Loss: 0.3581583 Test Loss: 0.2361463
Validation loss decreased (0.361059 --> 0.358158).  Saving model ...
Updating learning rate to 3.486784401000001e-05
Epoch: 14 cost time: 5.4876017570495605
Epoch: 14, Steps: 59 | Train Loss: 0.3218024 Vali Loss: 0.3575553 Test Loss: 0.2342171
Validation loss decreased (0.358158 --> 0.357555).  Saving model ...
Updating learning rate to 3.138105960900001e-05
Epoch: 15 cost time: 5.9683592319488525
Epoch: 15, Steps: 59 | Train Loss: 0.3205992 Vali Loss: 0.3571834 Test Loss: 0.2330844
Validation loss decreased (0.357555 --> 0.357183).  Saving model ...
Updating learning rate to 2.824295364810001e-05
Epoch: 16 cost time: 5.313962697982788
Epoch: 16, Steps: 59 | Train Loss: 0.3187527 Vali Loss: 0.3575014 Test Loss: 0.2320528
EarlyStopping counter: 1 out of 100
Updating learning rate to 2.541865828329001e-05
Epoch: 17 cost time: 5.397222280502319
Epoch: 17, Steps: 59 | Train Loss: 0.3176875 Vali Loss: 0.3563613 Test Loss: 0.2313310
Validation loss decreased (0.357183 --> 0.356361).  Saving model ...
Updating learning rate to 2.287679245496101e-05
Epoch: 18 cost time: 5.50161075592041
Epoch: 18, Steps: 59 | Train Loss: 0.3167715 Vali Loss: 0.3549721 Test Loss: 0.2305103
Validation loss decreased (0.356361 --> 0.354972).  Saving model ...
Updating learning rate to 2.0589113209464907e-05
Epoch: 19 cost time: 5.4964704513549805
Epoch: 19, Steps: 59 | Train Loss: 0.3160084 Vali Loss: 0.3531443 Test Loss: 0.2299613
Validation loss decreased (0.354972 --> 0.353144).  Saving model ...
Updating learning rate to 1.8530201888518416e-05
Epoch: 20 cost time: 5.448329448699951
Epoch: 20, Steps: 59 | Train Loss: 0.3156925 Vali Loss: 0.3545457 Test Loss: 0.2295185
EarlyStopping counter: 1 out of 100
Updating learning rate to 1.6677181699666577e-05
Epoch: 21 cost time: 5.51627779006958
Epoch: 21, Steps: 59 | Train Loss: 0.3148151 Vali Loss: 0.3529412 Test Loss: 0.2291054
Validation loss decreased (0.353144 --> 0.352941).  Saving model ...
Updating learning rate to 1.5009463529699919e-05
Epoch: 22 cost time: 5.6040754318237305
Epoch: 22, Steps: 59 | Train Loss: 0.3141990 Vali Loss: 0.3553569 Test Loss: 0.2289992
EarlyStopping counter: 1 out of 100
Updating learning rate to 1.3508517176729929e-05
Epoch: 23 cost time: 5.2121148109436035
Epoch: 23, Steps: 59 | Train Loss: 0.3136146 Vali Loss: 0.3539583 Test Loss: 0.2287032
EarlyStopping counter: 2 out of 100
Updating learning rate to 1.2157665459056936e-05
Epoch: 24 cost time: 5.284883499145508
Epoch: 24, Steps: 59 | Train Loss: 0.3132279 Vali Loss: 0.3524951 Test Loss: 0.2283747
Validation loss decreased (0.352941 --> 0.352495).  Saving model ...
Updating learning rate to 1.0941898913151242e-05
Epoch: 25 cost time: 5.371859550476074
Epoch: 25, Steps: 59 | Train Loss: 0.3132455 Vali Loss: 0.3538561 Test Loss: 0.2281730
EarlyStopping counter: 1 out of 100
Updating learning rate to 9.847709021836118e-06
Epoch: 26 cost time: 5.295822620391846
Epoch: 26, Steps: 59 | Train Loss: 0.3125777 Vali Loss: 0.3558639 Test Loss: 0.2279204
EarlyStopping counter: 2 out of 100
Updating learning rate to 8.862938119652508e-06
Epoch: 27 cost time: 5.516045093536377
Epoch: 27, Steps: 59 | Train Loss: 0.3121990 Vali Loss: 0.3523887 Test Loss: 0.2277163
Validation loss decreased (0.352495 --> 0.352389).  Saving model ...
Updating learning rate to 7.976644307687255e-06
Epoch: 28 cost time: 5.375377416610718
Epoch: 28, Steps: 59 | Train Loss: 0.3122519 Vali Loss: 0.3536424 Test Loss: 0.2275406
EarlyStopping counter: 1 out of 100
Updating learning rate to 7.178979876918531e-06
Epoch: 29 cost time: 5.263575792312622
Epoch: 29, Steps: 59 | Train Loss: 0.3118599 Vali Loss: 0.3513532 Test Loss: 0.2273998
Validation loss decreased (0.352389 --> 0.351353).  Saving model ...
Updating learning rate to 6.4610818892266776e-06
Epoch: 30 cost time: 5.586127758026123
Epoch: 30, Steps: 59 | Train Loss: 0.3115745 Vali Loss: 0.3539257 Test Loss: 0.2272485
EarlyStopping counter: 1 out of 100
Updating learning rate to 5.8149737003040096e-06
Epoch: 31 cost time: 5.999240875244141
Epoch: 31, Steps: 59 | Train Loss: 0.3112119 Vali Loss: 0.3533794 Test Loss: 0.2271178
EarlyStopping counter: 2 out of 100
Updating learning rate to 5.23347633027361e-06
Epoch: 32 cost time: 5.717053174972534
Epoch: 32, Steps: 59 | Train Loss: 0.3119293 Vali Loss: 0.3540422 Test Loss: 0.2270532
EarlyStopping counter: 3 out of 100
Updating learning rate to 4.710128697246249e-06
Epoch: 33 cost time: 5.390417098999023
Epoch: 33, Steps: 59 | Train Loss: 0.3107634 Vali Loss: 0.3526853 Test Loss: 0.2269886
EarlyStopping counter: 4 out of 100
Updating learning rate to 4.239115827521624e-06
Epoch: 34 cost time: 5.333888053894043
Epoch: 34, Steps: 59 | Train Loss: 0.3116622 Vali Loss: 0.3532678 Test Loss: 0.2269485
EarlyStopping counter: 5 out of 100
Updating learning rate to 3.815204244769462e-06
Epoch: 35 cost time: 5.360706090927124
Epoch: 35, Steps: 59 | Train Loss: 0.3114591 Vali Loss: 0.3527800 Test Loss: 0.2268895
EarlyStopping counter: 6 out of 100
Updating learning rate to 3.4336838202925152e-06
Epoch: 36 cost time: 5.269833087921143
Epoch: 36, Steps: 59 | Train Loss: 0.3112249 Vali Loss: 0.3540176 Test Loss: 0.2268037
EarlyStopping counter: 7 out of 100
Updating learning rate to 3.090315438263264e-06
Epoch: 37 cost time: 5.472352981567383
Epoch: 37, Steps: 59 | Train Loss: 0.3108150 Vali Loss: 0.3518498 Test Loss: 0.2267469
EarlyStopping counter: 8 out of 100
Updating learning rate to 2.7812838944369375e-06
Epoch: 38 cost time: 5.224495887756348
Epoch: 38, Steps: 59 | Train Loss: 0.3107865 Vali Loss: 0.3514095 Test Loss: 0.2266911
EarlyStopping counter: 9 out of 100
Updating learning rate to 2.503155504993244e-06
Epoch: 39 cost time: 5.828219175338745
Epoch: 39, Steps: 59 | Train Loss: 0.3108737 Vali Loss: 0.3530253 Test Loss: 0.2266560
EarlyStopping counter: 10 out of 100
Updating learning rate to 2.2528399544939195e-06
Epoch: 40 cost time: 5.3057544231414795
Epoch: 40, Steps: 59 | Train Loss: 0.3104610 Vali Loss: 0.3519554 Test Loss: 0.2266505
EarlyStopping counter: 11 out of 100
Updating learning rate to 2.0275559590445276e-06
Epoch: 41 cost time: 5.459787368774414
Epoch: 41, Steps: 59 | Train Loss: 0.3103819 Vali Loss: 0.3527815 Test Loss: 0.2266177
EarlyStopping counter: 12 out of 100
Updating learning rate to 1.8248003631400751e-06
Epoch: 42 cost time: 5.621605396270752
Epoch: 42, Steps: 59 | Train Loss: 0.3099602 Vali Loss: 0.3525936 Test Loss: 0.2265645
EarlyStopping counter: 13 out of 100
Updating learning rate to 1.6423203268260676e-06
Epoch: 43 cost time: 5.375662565231323
Epoch: 43, Steps: 59 | Train Loss: 0.3102938 Vali Loss: 0.3529231 Test Loss: 0.2265176
EarlyStopping counter: 14 out of 100
Updating learning rate to 1.4780882941434609e-06
Epoch: 44 cost time: 5.386667728424072
Epoch: 44, Steps: 59 | Train Loss: 0.3101742 Vali Loss: 0.3517585 Test Loss: 0.2265074
EarlyStopping counter: 15 out of 100
Updating learning rate to 1.3302794647291146e-06
Epoch: 45 cost time: 5.248763561248779
Epoch: 45, Steps: 59 | Train Loss: 0.3105147 Vali Loss: 0.3525319 Test Loss: 0.2264834
EarlyStopping counter: 16 out of 100
Updating learning rate to 1.1972515182562034e-06
Epoch: 46 cost time: 5.204199314117432
Epoch: 46, Steps: 59 | Train Loss: 0.3107417 Vali Loss: 0.3512407 Test Loss: 0.2264642
Validation loss decreased (0.351353 --> 0.351241).  Saving model ...
Updating learning rate to 1.077526366430583e-06
Epoch: 47 cost time: 5.342318296432495
Epoch: 47, Steps: 59 | Train Loss: 0.3102292 Vali Loss: 0.3529021 Test Loss: 0.2264541
EarlyStopping counter: 1 out of 100
Updating learning rate to 9.697737297875248e-07
Epoch: 48 cost time: 5.102070569992065
Epoch: 48, Steps: 59 | Train Loss: 0.3100199 Vali Loss: 0.3510559 Test Loss: 0.2264369
Validation loss decreased (0.351241 --> 0.351056).  Saving model ...
Updating learning rate to 8.727963568087723e-07
Epoch: 49 cost time: 5.269240856170654
Epoch: 49, Steps: 59 | Train Loss: 0.3098223 Vali Loss: 0.3525057 Test Loss: 0.2264231
EarlyStopping counter: 1 out of 100
Updating learning rate to 7.855167211278951e-07
Epoch: 50 cost time: 5.213690996170044
Epoch: 50, Steps: 59 | Train Loss: 0.3102857 Vali Loss: 0.3508545 Test Loss: 0.2264143
Validation loss decreased (0.351056 --> 0.350855).  Saving model ...
Updating learning rate to 7.069650490151056e-07
Epoch: 51 cost time: 5.368292331695557
Epoch: 51, Steps: 59 | Train Loss: 0.3097737 Vali Loss: 0.3522800 Test Loss: 0.2263988
EarlyStopping counter: 1 out of 100
Updating learning rate to 6.36268544113595e-07
Epoch: 52 cost time: 5.078347206115723
Epoch: 52, Steps: 59 | Train Loss: 0.3111527 Vali Loss: 0.3509770 Test Loss: 0.2263886
EarlyStopping counter: 2 out of 100
Updating learning rate to 5.726416897022355e-07
Epoch: 53 cost time: 5.15059494972229
Epoch: 53, Steps: 59 | Train Loss: 0.3096327 Vali Loss: 0.3517650 Test Loss: 0.2263732
EarlyStopping counter: 3 out of 100
Updating learning rate to 5.15377520732012e-07
Epoch: 54 cost time: 5.0830607414245605
Epoch: 54, Steps: 59 | Train Loss: 0.3103559 Vali Loss: 0.3516882 Test Loss: 0.2263627
EarlyStopping counter: 4 out of 100
Updating learning rate to 4.6383976865881085e-07
Epoch: 55 cost time: 5.458620548248291
Epoch: 55, Steps: 59 | Train Loss: 0.3102613 Vali Loss: 0.3503707 Test Loss: 0.2263544
Validation loss decreased (0.350855 --> 0.350371).  Saving model ...
Updating learning rate to 4.174557917929298e-07
Epoch: 56 cost time: 5.474560737609863
Epoch: 56, Steps: 59 | Train Loss: 0.3094456 Vali Loss: 0.3506019 Test Loss: 0.2263503
EarlyStopping counter: 1 out of 100
Updating learning rate to 3.7571021261363677e-07
Epoch: 57 cost time: 5.558634996414185
Epoch: 57, Steps: 59 | Train Loss: 0.3097425 Vali Loss: 0.3526171 Test Loss: 0.2263421
EarlyStopping counter: 2 out of 100
Updating learning rate to 3.381391913522731e-07
Epoch: 58 cost time: 5.344569206237793
Epoch: 58, Steps: 59 | Train Loss: 0.3092018 Vali Loss: 0.3524005 Test Loss: 0.2263330
EarlyStopping counter: 3 out of 100
Updating learning rate to 3.043252722170458e-07
Epoch: 59 cost time: 5.330709934234619
Epoch: 59, Steps: 59 | Train Loss: 0.3098217 Vali Loss: 0.3525626 Test Loss: 0.2263280
EarlyStopping counter: 4 out of 100
Updating learning rate to 2.7389274499534124e-07
Epoch: 60 cost time: 5.395606994628906
Epoch: 60, Steps: 59 | Train Loss: 0.3098466 Vali Loss: 0.3534755 Test Loss: 0.2263238
EarlyStopping counter: 5 out of 100
Updating learning rate to 2.465034704958071e-07
Epoch: 61 cost time: 5.498083114624023
Epoch: 61, Steps: 59 | Train Loss: 0.3107459 Vali Loss: 0.3527088 Test Loss: 0.2263224
EarlyStopping counter: 6 out of 100
Updating learning rate to 2.218531234462264e-07
Epoch: 62 cost time: 5.461095094680786
Epoch: 62, Steps: 59 | Train Loss: 0.3102241 Vali Loss: 0.3517377 Test Loss: 0.2263156
EarlyStopping counter: 7 out of 100
Updating learning rate to 1.9966781110160376e-07
Epoch: 63 cost time: 5.385005235671997
Epoch: 63, Steps: 59 | Train Loss: 0.3105931 Vali Loss: 0.3526802 Test Loss: 0.2263145
EarlyStopping counter: 8 out of 100
Updating learning rate to 1.797010299914434e-07
Epoch: 64 cost time: 5.613188743591309
Epoch: 64, Steps: 59 | Train Loss: 0.3101467 Vali Loss: 0.3510799 Test Loss: 0.2263096
EarlyStopping counter: 9 out of 100
Updating learning rate to 1.6173092699229907e-07
Epoch: 65 cost time: 5.431483268737793
Epoch: 65, Steps: 59 | Train Loss: 0.3101534 Vali Loss: 0.3514861 Test Loss: 0.2263094
EarlyStopping counter: 10 out of 100
Updating learning rate to 1.4555783429306916e-07
Epoch: 66 cost time: 5.886825084686279
Epoch: 66, Steps: 59 | Train Loss: 0.3108435 Vali Loss: 0.3526253 Test Loss: 0.2263071
EarlyStopping counter: 11 out of 100
Updating learning rate to 1.3100205086376224e-07
Epoch: 67 cost time: 5.453487396240234
Epoch: 67, Steps: 59 | Train Loss: 0.3091653 Vali Loss: 0.3510046 Test Loss: 0.2263035
EarlyStopping counter: 12 out of 100
Updating learning rate to 1.1790184577738603e-07
Epoch: 68 cost time: 5.117541551589966
Epoch: 68, Steps: 59 | Train Loss: 0.3109485 Vali Loss: 0.3514378 Test Loss: 0.2263019
EarlyStopping counter: 13 out of 100
Updating learning rate to 1.0611166119964742e-07
Epoch: 69 cost time: 5.668410539627075
Epoch: 69, Steps: 59 | Train Loss: 0.3097749 Vali Loss: 0.3513161 Test Loss: 0.2262992
EarlyStopping counter: 14 out of 100
Updating learning rate to 9.550049507968268e-08
Epoch: 70 cost time: 5.254585027694702
Epoch: 70, Steps: 59 | Train Loss: 0.3103114 Vali Loss: 0.3529819 Test Loss: 0.2262988
EarlyStopping counter: 15 out of 100
Updating learning rate to 8.595044557171442e-08
Epoch: 71 cost time: 5.443498373031616
Epoch: 71, Steps: 59 | Train Loss: 0.3097819 Vali Loss: 0.3517484 Test Loss: 0.2262976
EarlyStopping counter: 16 out of 100
Updating learning rate to 7.735540101454298e-08
Epoch: 72 cost time: 5.3292155265808105
Epoch: 72, Steps: 59 | Train Loss: 0.3097686 Vali Loss: 0.3524792 Test Loss: 0.2262965
EarlyStopping counter: 17 out of 100
Updating learning rate to 6.961986091308869e-08
Epoch: 73 cost time: 5.505657911300659
Epoch: 73, Steps: 59 | Train Loss: 0.3099380 Vali Loss: 0.3528122 Test Loss: 0.2262959
EarlyStopping counter: 18 out of 100
Updating learning rate to 6.265787482177981e-08
Epoch: 74 cost time: 5.18959379196167
Epoch: 74, Steps: 59 | Train Loss: 0.3098245 Vali Loss: 0.3518059 Test Loss: 0.2262944
EarlyStopping counter: 19 out of 100
Updating learning rate to 5.639208733960184e-08
Epoch: 75 cost time: 5.2556233406066895
Epoch: 75, Steps: 59 | Train Loss: 0.3104964 Vali Loss: 0.3517855 Test Loss: 0.2262935
EarlyStopping counter: 20 out of 100
Updating learning rate to 5.075287860564165e-08
Epoch: 76 cost time: 5.311387300491333
Epoch: 76, Steps: 59 | Train Loss: 0.3101306 Vali Loss: 0.3512623 Test Loss: 0.2262926
EarlyStopping counter: 21 out of 100
Updating learning rate to 4.567759074507749e-08
Epoch: 77 cost time: 5.586554527282715
Epoch: 77, Steps: 59 | Train Loss: 0.3100175 Vali Loss: 0.3539375 Test Loss: 0.2262920
EarlyStopping counter: 22 out of 100
Updating learning rate to 4.1109831670569744e-08
Epoch: 78 cost time: 5.184407472610474
Epoch: 78, Steps: 59 | Train Loss: 0.3100205 Vali Loss: 0.3526976 Test Loss: 0.2262910
EarlyStopping counter: 23 out of 100
Updating learning rate to 3.6998848503512764e-08
Epoch: 79 cost time: 5.464429140090942
Epoch: 79, Steps: 59 | Train Loss: 0.3099714 Vali Loss: 0.3522887 Test Loss: 0.2262909
EarlyStopping counter: 24 out of 100
Updating learning rate to 3.3298963653161496e-08
Epoch: 80 cost time: 5.443006277084351
Epoch: 80, Steps: 59 | Train Loss: 0.3099944 Vali Loss: 0.3513246 Test Loss: 0.2262903
EarlyStopping counter: 25 out of 100
Updating learning rate to 2.996906728784534e-08
Epoch: 81 cost time: 5.051225900650024
Epoch: 81, Steps: 59 | Train Loss: 0.3097656 Vali Loss: 0.3532916 Test Loss: 0.2262895
EarlyStopping counter: 26 out of 100
Updating learning rate to 2.697216055906081e-08
Epoch: 82 cost time: 5.4390869140625
Epoch: 82, Steps: 59 | Train Loss: 0.3101566 Vali Loss: 0.3519220 Test Loss: 0.2262886
EarlyStopping counter: 27 out of 100
Updating learning rate to 2.427494450315473e-08
Epoch: 83 cost time: 5.205115795135498
Epoch: 83, Steps: 59 | Train Loss: 0.3101877 Vali Loss: 0.3522368 Test Loss: 0.2262885
EarlyStopping counter: 28 out of 100
Updating learning rate to 2.1847450052839257e-08
Epoch: 84 cost time: 5.6178059577941895
Epoch: 84, Steps: 59 | Train Loss: 0.3099528 Vali Loss: 0.3515501 Test Loss: 0.2262884
EarlyStopping counter: 29 out of 100
Updating learning rate to 1.9662705047555332e-08
Epoch: 85 cost time: 5.553313732147217
Epoch: 85, Steps: 59 | Train Loss: 0.3100416 Vali Loss: 0.3517556 Test Loss: 0.2262881
EarlyStopping counter: 30 out of 100
Updating learning rate to 1.7696434542799797e-08
Epoch: 86 cost time: 5.4393837451934814
Epoch: 86, Steps: 59 | Train Loss: 0.3097457 Vali Loss: 0.3527246 Test Loss: 0.2262880
EarlyStopping counter: 31 out of 100
Updating learning rate to 1.5926791088519817e-08
Epoch: 87 cost time: 5.245239019393921
Epoch: 87, Steps: 59 | Train Loss: 0.3103165 Vali Loss: 0.3512947 Test Loss: 0.2262876
EarlyStopping counter: 32 out of 100
Updating learning rate to 1.4334111979667836e-08
Epoch: 88 cost time: 5.223803758621216
Epoch: 88, Steps: 59 | Train Loss: 0.3100942 Vali Loss: 0.3515605 Test Loss: 0.2262878
EarlyStopping counter: 33 out of 100
Updating learning rate to 1.2900700781701054e-08
Epoch: 89 cost time: 5.169498443603516
Epoch: 89, Steps: 59 | Train Loss: 0.3101843 Vali Loss: 0.3516895 Test Loss: 0.2262875
EarlyStopping counter: 34 out of 100
Updating learning rate to 1.161063070353095e-08
Epoch: 90 cost time: 5.52407431602478
Epoch: 90, Steps: 59 | Train Loss: 0.3096753 Vali Loss: 0.3515648 Test Loss: 0.2262874
EarlyStopping counter: 35 out of 100
Updating learning rate to 1.0449567633177854e-08
Epoch: 91 cost time: 5.026683568954468
Epoch: 91, Steps: 59 | Train Loss: 0.3100860 Vali Loss: 0.3524728 Test Loss: 0.2262872
EarlyStopping counter: 36 out of 100
Updating learning rate to 9.404610869860069e-09
Epoch: 92 cost time: 5.275269508361816
Epoch: 92, Steps: 59 | Train Loss: 0.3100185 Vali Loss: 0.3527422 Test Loss: 0.2262871
EarlyStopping counter: 37 out of 100
Updating learning rate to 8.464149782874063e-09
Epoch: 93 cost time: 5.084789514541626
Epoch: 93, Steps: 59 | Train Loss: 0.3102948 Vali Loss: 0.3527679 Test Loss: 0.2262870
EarlyStopping counter: 38 out of 100
Updating learning rate to 7.617734804586658e-09
Epoch: 94 cost time: 5.340304851531982
Epoch: 94, Steps: 59 | Train Loss: 0.3096676 Vali Loss: 0.3513244 Test Loss: 0.2262869
EarlyStopping counter: 39 out of 100
Updating learning rate to 6.855961324127991e-09
Epoch: 95 cost time: 5.388812303543091
Epoch: 95, Steps: 59 | Train Loss: 0.3101557 Vali Loss: 0.3515332 Test Loss: 0.2262867
EarlyStopping counter: 40 out of 100
Updating learning rate to 6.170365191715193e-09
Epoch: 96 cost time: 5.12010931968689
Epoch: 96, Steps: 59 | Train Loss: 0.3102182 Vali Loss: 0.3511649 Test Loss: 0.2262866
EarlyStopping counter: 41 out of 100
Updating learning rate to 5.5533286725436726e-09
Epoch: 97 cost time: 5.163830995559692
Epoch: 97, Steps: 59 | Train Loss: 0.3102748 Vali Loss: 0.3518453 Test Loss: 0.2262865
EarlyStopping counter: 42 out of 100
Updating learning rate to 4.997995805289306e-09
Epoch: 98 cost time: 5.044253349304199
Epoch: 98, Steps: 59 | Train Loss: 0.3101496 Vali Loss: 0.3520246 Test Loss: 0.2262865
EarlyStopping counter: 43 out of 100
Updating learning rate to 4.498196224760375e-09
Epoch: 99 cost time: 5.153614044189453
Epoch: 99, Steps: 59 | Train Loss: 0.3098849 Vali Loss: 0.3511094 Test Loss: 0.2262864
EarlyStopping counter: 44 out of 100
Updating learning rate to 4.048376602284338e-09
Epoch: 100 cost time: 4.980637311935425
Epoch: 100, Steps: 59 | Train Loss: 0.3093164 Vali Loss: 0.3509181 Test Loss: 0.2262864
EarlyStopping counter: 45 out of 100
Updating learning rate to 3.643538942055904e-09
>>>>>>>testing : ETTh2_336_720_PatchTSFL_ETTh2_ftS_sl336_ll48_pl720_dm16_nh4_el3_dl1_df128_fc1_ebtimeF_dtTrue_Exp_0<<<<<<<<<<<<<<<<<<<<<<<<<<<<<<<<<
test 2161
mse:0.2263544499874115, mae:0.3841613829135895, rse:0.8539294004440308
