Args in experiment:
Namespace(activation='gelu', affine=0, batch_size=128, c_out=7, checkpoints='./checkpoints/', d_ff=256, d_layers=1, d_model=128, data='ETTm2', data_path='ETTm2.csv', dec_in=7, decomposition=0, des='Exp', devices='0,1,2,3', distil=True, do_predict=False, dropout=0.2, e_layers=3, embed='timeF', embed_type=0, enc_in=1, factor=1, fc_dropout=0.2, features='S', freq='h', gpu=0, head_dropout=0.0, individual=0, is_training=1, itr=1, kernel_size=25, label_len=48, learning_rate=0.0001, loss='mse', lradj='TST', model='PatchTSFL', model_id='ETTm2_336_96', moving_avg=25, n_heads=16, num_workers=10, output_attention=False, padding_patch='end', patch_len=16, patience=20, pct_start=0.4, pred_len=96, random_seed=2021, revin=1, root_path='./dataset/', seq_len=336, stride=8, subtract_last=0, target='OT', test_flop=False, train_epochs=100, use_amp=False, use_gpu=True, use_multi_gpu=False)
Use GPU: cuda:0
fourier enhanced block used!
modes=64, index=[0, 1, 2, 3, 4, 5, 6, 7, 8, 9, 10, 11, 12, 13, 14, 15, 16, 17, 18, 19, 20]
>>>>>>>start training : ETTm2_336_96_PatchTSFL_ETTm2_ftS_sl336_ll48_pl96_dm128_nh16_el3_dl1_df256_fc1_ebtimeF_dtTrue_Exp_0>>>>>>>>>>>>>>>>>>>>>>>>>>
train 34129
val 11425
test 11425
	iters: 100, epoch: 1 | loss: 0.2108176
	speed: 0.0640s/iter; left time: 1697.3433s
	iters: 200, epoch: 1 | loss: 0.1734016
	speed: 0.0463s/iter; left time: 1221.9831s
Epoch: 1 cost time: 14.210419654846191
Epoch: 1, Steps: 266 | Train Loss: 0.2138270 Vali Loss: 0.1838504 Test Loss: 0.1189735
Validation loss decreased (inf --> 0.183850).  Saving model ...
Updating learning rate to 4.147995783958166e-06
	iters: 100, epoch: 2 | loss: 0.1966076
	speed: 0.1631s/iter; left time: 4279.3878s
	iters: 200, epoch: 2 | loss: 0.1847929
	speed: 0.0436s/iter; left time: 1140.4041s
Epoch: 2 cost time: 14.272553205490112
Epoch: 2, Steps: 266 | Train Loss: 0.1877019 Vali Loss: 0.1758675 Test Loss: 0.1118512
Validation loss decreased (0.183850 --> 0.175868).  Saving model ...
Updating learning rate to 4.591070521163098e-06
	iters: 100, epoch: 3 | loss: 0.1799718
	speed: 0.1640s/iter; left time: 4258.0782s
	iters: 200, epoch: 3 | loss: 0.1844063
	speed: 0.0463s/iter; left time: 1198.9647s
Epoch: 3 cost time: 14.460771560668945
Epoch: 3, Steps: 266 | Train Loss: 0.1784534 Vali Loss: 0.1624534 Test Loss: 0.1037604
Validation loss decreased (0.175868 --> 0.162453).  Saving model ...
Updating learning rate to 5.326491995236255e-06
	iters: 100, epoch: 4 | loss: 0.1933242
	speed: 0.1674s/iter; left time: 4303.6341s
	iters: 200, epoch: 4 | loss: 0.1355738
	speed: 0.0481s/iter; left time: 1230.2411s
Epoch: 4 cost time: 14.71986722946167
Epoch: 4, Steps: 266 | Train Loss: 0.1611288 Vali Loss: 0.1305331 Test Loss: 0.0877926
Validation loss decreased (0.162453 --> 0.130533).  Saving model ...
Updating learning rate to 6.349725236277868e-06
	iters: 100, epoch: 5 | loss: 0.1557596
	speed: 0.1617s/iter; left time: 4112.8340s
	iters: 200, epoch: 5 | loss: 0.1359912
	speed: 0.0441s/iter; left time: 1117.3838s
Epoch: 5 cost time: 13.821277141571045
Epoch: 5, Steps: 266 | Train Loss: 0.1296970 Vali Loss: 0.1162379 Test Loss: 0.0880003
Validation loss decreased (0.130533 --> 0.116238).  Saving model ...
Updating learning rate to 7.654460485717921e-06
	iters: 100, epoch: 6 | loss: 0.1306381
	speed: 0.1608s/iter; left time: 4048.7474s
	iters: 200, epoch: 6 | loss: 0.1264026
	speed: 0.0458s/iter; left time: 1147.4399s
Epoch: 6 cost time: 14.349169254302979
Epoch: 6, Steps: 266 | Train Loss: 0.1159507 Vali Loss: 0.1077522 Test Loss: 0.0836066
Validation loss decreased (0.116238 --> 0.107752).  Saving model ...
Updating learning rate to 9.232652105385623e-06
	iters: 100, epoch: 7 | loss: 0.1348096
	speed: 0.1647s/iter; left time: 4101.6307s
	iters: 200, epoch: 7 | loss: 0.1206560
	speed: 0.0439s/iter; left time: 1088.0011s
Epoch: 7 cost time: 13.889208793640137
Epoch: 7, Steps: 266 | Train Loss: 0.1085322 Vali Loss: 0.1013842 Test Loss: 0.0802038
Validation loss decreased (0.107752 --> 0.101384).  Saving model ...
Updating learning rate to 1.1074568190864783e-05
	iters: 100, epoch: 8 | loss: 0.0983830
	speed: 0.1601s/iter; left time: 3943.5059s
	iters: 200, epoch: 8 | loss: 0.1278930
	speed: 0.0455s/iter; left time: 1115.6755s
Epoch: 8 cost time: 14.298999547958374
Epoch: 8, Steps: 266 | Train Loss: 0.1032912 Vali Loss: 0.0972186 Test Loss: 0.0770680
Validation loss decreased (0.101384 --> 0.097219).  Saving model ...
Updating learning rate to 1.316885058319476e-05
	iters: 100, epoch: 9 | loss: 0.1078972
	speed: 0.1648s/iter; left time: 4016.9890s
	iters: 200, epoch: 9 | loss: 0.0945033
	speed: 0.0443s/iter; left time: 1076.3107s
Epoch: 9 cost time: 14.10166049003601
Epoch: 9, Steps: 266 | Train Loss: 0.0986298 Vali Loss: 0.0948330 Test Loss: 0.0757553
Validation loss decreased (0.097219 --> 0.094833).  Saving model ...
Updating learning rate to 1.5502584908855415e-05
	iters: 100, epoch: 10 | loss: 0.0960119
	speed: 0.1591s/iter; left time: 3835.3924s
	iters: 200, epoch: 10 | loss: 0.0915920
	speed: 0.0451s/iter; left time: 1081.7131s
Epoch: 10 cost time: 13.99381422996521
Epoch: 10, Steps: 266 | Train Loss: 0.0952956 Vali Loss: 0.0927117 Test Loss: 0.0736379
Validation loss decreased (0.094833 --> 0.092712).  Saving model ...
Updating learning rate to 1.806138021613527e-05
	iters: 100, epoch: 11 | loss: 0.0986379
	speed: 0.1602s/iter; left time: 3820.1368s
	iters: 200, epoch: 11 | loss: 0.1094710
	speed: 0.0422s/iter; left time: 1002.7094s
Epoch: 11 cost time: 13.418410539627075
Epoch: 11, Steps: 266 | Train Loss: 0.0924400 Vali Loss: 0.0914880 Test Loss: 0.0723192
Validation loss decreased (0.092712 --> 0.091488).  Saving model ...
Updating learning rate to 2.0829457716805565e-05
	iters: 100, epoch: 12 | loss: 0.0892967
	speed: 0.1571s/iter; left time: 3704.0772s
	iters: 200, epoch: 12 | loss: 0.0906458
	speed: 0.0428s/iter; left time: 1005.1298s
Epoch: 12 cost time: 13.744000911712646
Epoch: 12, Steps: 266 | Train Loss: 0.0900914 Vali Loss: 0.0910968 Test Loss: 0.0717053
Validation loss decreased (0.091488 --> 0.091097).  Saving model ...
Updating learning rate to 2.3789748085875986e-05
	iters: 100, epoch: 13 | loss: 0.0743317
	speed: 0.1624s/iter; left time: 3784.9657s
	iters: 200, epoch: 13 | loss: 0.1095731
	speed: 0.0403s/iter; left time: 934.7318s
Epoch: 13 cost time: 13.503385543823242
Epoch: 13, Steps: 266 | Train Loss: 0.0879184 Vali Loss: 0.0903027 Test Loss: 0.0709433
Validation loss decreased (0.091097 --> 0.090303).  Saving model ...
Updating learning rate to 2.6923996719433387e-05
	iters: 100, epoch: 14 | loss: 0.0786190
	speed: 0.1602s/iter; left time: 3692.6012s
	iters: 200, epoch: 14 | loss: 0.0920125
	speed: 0.0454s/iter; left time: 1041.1675s
Epoch: 14 cost time: 14.284709930419922
Epoch: 14, Steps: 266 | Train Loss: 0.0862413 Vali Loss: 0.0884603 Test Loss: 0.0684747
Validation loss decreased (0.090303 --> 0.088460).  Saving model ...
Updating learning rate to 3.021287630149266e-05
	iters: 100, epoch: 15 | loss: 0.0844001
	speed: 0.1695s/iter; left time: 3860.4471s
	iters: 200, epoch: 15 | loss: 0.0738313
	speed: 0.0413s/iter; left time: 937.0238s
Epoch: 15 cost time: 13.883771657943726
Epoch: 15, Steps: 266 | Train Loss: 0.0846449 Vali Loss: 0.0877505 Test Loss: 0.0685182
Validation loss decreased (0.088460 --> 0.087750).  Saving model ...
Updating learning rate to 3.363610598571669e-05
	iters: 100, epoch: 16 | loss: 0.0826129
	speed: 0.1624s/iter; left time: 3655.3454s
	iters: 200, epoch: 16 | loss: 0.0832911
	speed: 0.0464s/iter; left time: 1039.5963s
Epoch: 16 cost time: 14.680966854095459
Epoch: 16, Steps: 266 | Train Loss: 0.0833288 Vali Loss: 0.0881619 Test Loss: 0.0686972
EarlyStopping counter: 1 out of 20
Updating learning rate to 3.717257645707274e-05
	iters: 100, epoch: 17 | loss: 0.0815164
	speed: 0.1661s/iter; left time: 3694.3915s
	iters: 200, epoch: 17 | loss: 0.0876785
	speed: 0.0425s/iter; left time: 940.9767s
Epoch: 17 cost time: 14.117660522460938
Epoch: 17, Steps: 266 | Train Loss: 0.0820575 Vali Loss: 0.0875512 Test Loss: 0.0694569
Validation loss decreased (0.087750 --> 0.087551).  Saving model ...
Updating learning rate to 4.08004801022336e-05
	iters: 100, epoch: 18 | loss: 0.0762248
	speed: 0.1637s/iter; left time: 3596.9038s
	iters: 200, epoch: 18 | loss: 0.0809217
	speed: 0.0471s/iter; left time: 1031.4400s
Epoch: 18 cost time: 14.887245655059814
Epoch: 18, Steps: 266 | Train Loss: 0.0810700 Vali Loss: 0.0882009 Test Loss: 0.0681205
EarlyStopping counter: 1 out of 20
Updating learning rate to 4.4497445486028815e-05
	iters: 100, epoch: 19 | loss: 0.0693444
	speed: 0.1679s/iter; left time: 3644.7066s
	iters: 200, epoch: 19 | loss: 0.0748881
	speed: 0.0467s/iter; left time: 1009.9833s
Epoch: 19 cost time: 14.598604202270508
Epoch: 19, Steps: 266 | Train Loss: 0.0796310 Vali Loss: 0.0884448 Test Loss: 0.0695148
EarlyStopping counter: 2 out of 20
Updating learning rate to 4.8240675304698384e-05
	iters: 100, epoch: 20 | loss: 0.0619302
	speed: 0.1705s/iter; left time: 3655.7869s
	iters: 200, epoch: 20 | loss: 0.0808968
	speed: 0.0411s/iter; left time: 878.0184s
Epoch: 20 cost time: 13.741281986236572
Epoch: 20, Steps: 266 | Train Loss: 0.0785692 Vali Loss: 0.0883219 Test Loss: 0.0699822
EarlyStopping counter: 3 out of 20
Updating learning rate to 5.2007086965261054e-05
	iters: 100, epoch: 21 | loss: 0.0755333
	speed: 0.1635s/iter; left time: 3462.9918s
	iters: 200, epoch: 21 | loss: 0.0886569
	speed: 0.0434s/iter; left time: 913.8678s
Epoch: 21 cost time: 14.145039319992065
Epoch: 21, Steps: 266 | Train Loss: 0.0775225 Vali Loss: 0.0886655 Test Loss: 0.0694599
EarlyStopping counter: 4 out of 20
Updating learning rate to 5.5773454924116216e-05
	iters: 100, epoch: 22 | loss: 0.0698012
	speed: 0.1634s/iter; left time: 3417.9817s
	iters: 200, epoch: 22 | loss: 0.0775907
	speed: 0.0460s/iter; left time: 958.1598s
Epoch: 22 cost time: 14.509205341339111
Epoch: 22, Steps: 266 | Train Loss: 0.0762588 Vali Loss: 0.0874399 Test Loss: 0.0692583
Validation loss decreased (0.087551 --> 0.087440).  Saving model ...
Updating learning rate to 5.95165539071495e-05
	iters: 100, epoch: 23 | loss: 0.1095795
	speed: 0.1699s/iter; left time: 3507.7300s
	iters: 200, epoch: 23 | loss: 0.0771008
	speed: 0.0437s/iter; left time: 898.5290s
Epoch: 23 cost time: 13.871838331222534
Epoch: 23, Steps: 266 | Train Loss: 0.0752752 Vali Loss: 0.0884250 Test Loss: 0.0702696
EarlyStopping counter: 1 out of 20
Updating learning rate to 6.321330212817643e-05
	iters: 100, epoch: 24 | loss: 0.0610259
	speed: 0.1663s/iter; left time: 3389.9823s
	iters: 200, epoch: 24 | loss: 0.0812315
	speed: 0.0453s/iter; left time: 918.9043s
Epoch: 24 cost time: 14.427237749099731
Epoch: 24, Steps: 266 | Train Loss: 0.0743045 Vali Loss: 0.0879424 Test Loss: 0.0705555
EarlyStopping counter: 2 out of 20
Updating learning rate to 6.684090362256924e-05
	iters: 100, epoch: 25 | loss: 0.0743944
	speed: 0.1605s/iter; left time: 3228.9681s
	iters: 200, epoch: 25 | loss: 0.0699707
	speed: 0.0424s/iter; left time: 849.3330s
Epoch: 25 cost time: 13.856184482574463
Epoch: 25, Steps: 266 | Train Loss: 0.0732842 Vali Loss: 0.0882904 Test Loss: 0.0710396
EarlyStopping counter: 3 out of 20
Updating learning rate to 7.037698881836747e-05
	iters: 100, epoch: 26 | loss: 0.0812065
	speed: 0.1606s/iter; left time: 3188.3051s
	iters: 200, epoch: 26 | loss: 0.0754589
	speed: 0.0462s/iter; left time: 912.6212s
Epoch: 26 cost time: 14.59272289276123
Epoch: 26, Steps: 266 | Train Loss: 0.0722705 Vali Loss: 0.0884571 Test Loss: 0.0712227
EarlyStopping counter: 4 out of 20
Updating learning rate to 7.379975247804219e-05
	iters: 100, epoch: 27 | loss: 0.0612577
	speed: 0.1654s/iter; left time: 3239.3615s
	iters: 200, epoch: 27 | loss: 0.0849510
	speed: 0.0457s/iter; left time: 890.8869s
Epoch: 27 cost time: 14.432004451751709
Epoch: 27, Steps: 266 | Train Loss: 0.0712287 Vali Loss: 0.0911211 Test Loss: 0.0752221
EarlyStopping counter: 5 out of 20
Updating learning rate to 7.70880881602968e-05
	iters: 100, epoch: 28 | loss: 0.0625026
	speed: 0.1650s/iter; left time: 3188.5203s
	iters: 200, epoch: 28 | loss: 0.0655497
	speed: 0.0464s/iter; left time: 890.8454s
Epoch: 28 cost time: 14.44928503036499
Epoch: 28, Steps: 266 | Train Loss: 0.0701209 Vali Loss: 0.0907520 Test Loss: 0.0727834
EarlyStopping counter: 6 out of 20
Updating learning rate to 8.02217183727475e-05
	iters: 100, epoch: 29 | loss: 0.0765649
	speed: 0.1692s/iter; left time: 3224.1762s
	iters: 200, epoch: 29 | loss: 0.0693073
	speed: 0.0478s/iter; left time: 906.0235s
Epoch: 29 cost time: 14.863917350769043
Epoch: 29, Steps: 266 | Train Loss: 0.0690285 Vali Loss: 0.0901029 Test Loss: 0.0737218
EarlyStopping counter: 7 out of 20
Updating learning rate to 8.318131961289731e-05
	iters: 100, epoch: 30 | loss: 0.0643401
	speed: 0.1672s/iter; left time: 3141.6165s
	iters: 200, epoch: 30 | loss: 0.0737051
	speed: 0.0455s/iter; left time: 851.1356s
Epoch: 30 cost time: 14.80824327468872
Epoch: 30, Steps: 266 | Train Loss: 0.0678305 Vali Loss: 0.0910861 Test Loss: 0.0745901
EarlyStopping counter: 8 out of 20
Updating learning rate to 8.59486415263404e-05
	iters: 100, epoch: 31 | loss: 0.0561908
	speed: 0.1646s/iter; left time: 3047.7351s
	iters: 200, epoch: 31 | loss: 0.0766739
	speed: 0.0462s/iter; left time: 850.1389s
Epoch: 31 cost time: 14.400042295455933
Epoch: 31, Steps: 266 | Train Loss: 0.0669787 Vali Loss: 0.0918442 Test Loss: 0.0737194
EarlyStopping counter: 9 out of 20
Updating learning rate to 8.850661944740828e-05
	iters: 100, epoch: 32 | loss: 0.0709387
	speed: 0.1703s/iter; left time: 3108.1032s
	iters: 200, epoch: 32 | loss: 0.0583588
	speed: 0.0487s/iter; left time: 883.3267s
Epoch: 32 cost time: 15.215616464614868
Epoch: 32, Steps: 266 | Train Loss: 0.0657230 Vali Loss: 0.0914077 Test Loss: 0.0740675
EarlyStopping counter: 10 out of 20
Updating learning rate to 9.083947962827694e-05
	iters: 100, epoch: 33 | loss: 0.0608237
	speed: 0.1756s/iter; left time: 3158.8540s
	iters: 200, epoch: 33 | loss: 0.0550554
	speed: 0.0473s/iter; left time: 846.6587s
Epoch: 33 cost time: 15.368683099746704
Epoch: 33, Steps: 266 | Train Loss: 0.0645303 Vali Loss: 0.0927565 Test Loss: 0.0765794
EarlyStopping counter: 11 out of 20
Updating learning rate to 9.293283650764084e-05
	iters: 100, epoch: 34 | loss: 0.0669143
	speed: 0.1759s/iter; left time: 3117.9139s
	iters: 200, epoch: 34 | loss: 0.0595563
	speed: 0.0476s/iter; left time: 838.3668s
Epoch: 34 cost time: 14.979885816574097
Epoch: 34, Steps: 266 | Train Loss: 0.0635540 Vali Loss: 0.0923203 Test Loss: 0.0752596
EarlyStopping counter: 12 out of 20
Updating learning rate to 9.477378141914727e-05
	iters: 100, epoch: 35 | loss: 0.0689246
	speed: 0.1705s/iter; left time: 2977.2165s
	iters: 200, epoch: 35 | loss: 0.0529439
	speed: 0.0473s/iter; left time: 820.9244s
Epoch: 35 cost time: 14.936195611953735
Epoch: 35, Steps: 266 | Train Loss: 0.0622652 Vali Loss: 0.0927048 Test Loss: 0.0773392
EarlyStopping counter: 13 out of 20
Updating learning rate to 9.635096219257111e-05
	iters: 100, epoch: 36 | loss: 0.0533882
	speed: 0.1736s/iter; left time: 2984.7237s
	iters: 200, epoch: 36 | loss: 0.0512026
	speed: 0.0487s/iter; left time: 833.0565s
Epoch: 36 cost time: 14.782691955566406
Epoch: 36, Steps: 266 | Train Loss: 0.0613039 Vali Loss: 0.0937746 Test Loss: 0.0770415
EarlyStopping counter: 14 out of 20
Updating learning rate to 9.765465315687045e-05
	iters: 100, epoch: 37 | loss: 0.0589899
	speed: 0.1837s/iter; left time: 3109.0535s
	iters: 200, epoch: 37 | loss: 0.0557359
	speed: 0.0483s/iter; left time: 813.2351s
Epoch: 37 cost time: 15.37047290802002
Epoch: 37, Steps: 266 | Train Loss: 0.0599542 Vali Loss: 0.0945913 Test Loss: 0.0781989
EarlyStopping counter: 15 out of 20
Updating learning rate to 9.867681511344941e-05
	iters: 100, epoch: 38 | loss: 0.0520712
	speed: 0.1830s/iter; left time: 3047.8303s
	iters: 200, epoch: 38 | loss: 0.0593705
	speed: 0.0460s/iter; left time: 761.5569s
Epoch: 38 cost time: 14.974008798599243
Epoch: 38, Steps: 266 | Train Loss: 0.0588783 Vali Loss: 0.0940012 Test Loss: 0.0784906
EarlyStopping counter: 16 out of 20
Updating learning rate to 9.941114490980398e-05
	iters: 100, epoch: 39 | loss: 0.0601026
	speed: 0.1808s/iter; left time: 2963.3602s
	iters: 200, epoch: 39 | loss: 0.0545054
	speed: 0.0456s/iter; left time: 742.7860s
Epoch: 39 cost time: 14.79892110824585
Epoch: 39, Steps: 266 | Train Loss: 0.0576933 Vali Loss: 0.0973708 Test Loss: 0.0820849
EarlyStopping counter: 17 out of 20
Updating learning rate to 9.98531143078552e-05
	iters: 100, epoch: 40 | loss: 0.0547801
	speed: 0.1746s/iter; left time: 2816.4393s
	iters: 200, epoch: 40 | loss: 0.0508937
	speed: 0.0451s/iter; left time: 723.2481s
Epoch: 40 cost time: 14.827945709228516
Epoch: 40, Steps: 266 | Train Loss: 0.0569226 Vali Loss: 0.0953695 Test Loss: 0.0797841
EarlyStopping counter: 18 out of 20
Updating learning rate to 9.999999903133806e-05
	iters: 100, epoch: 41 | loss: 0.0551676
	speed: 0.1828s/iter; left time: 2900.0044s
	iters: 200, epoch: 41 | loss: 0.0471395
	speed: 0.0472s/iter; left time: 743.5255s
Epoch: 41 cost time: 15.317933082580566
Epoch: 41, Steps: 266 | Train Loss: 0.0560419 Vali Loss: 0.0962131 Test Loss: 0.0803981
EarlyStopping counter: 19 out of 20
Updating learning rate to 9.993096095176514e-05
	iters: 100, epoch: 42 | loss: 0.0503097
	speed: 0.1813s/iter; left time: 2827.8655s
	iters: 200, epoch: 42 | loss: 0.0483386
	speed: 0.0472s/iter; left time: 731.5538s
Epoch: 42 cost time: 15.082768201828003
Epoch: 42, Steps: 266 | Train Loss: 0.0548361 Vali Loss: 0.0972707 Test Loss: 0.0820974
EarlyStopping counter: 20 out of 20
Early stopping
>>>>>>>testing : ETTm2_336_96_PatchTSFL_ETTm2_ftS_sl336_ll48_pl96_dm128_nh16_el3_dl1_df256_fc1_ebtimeF_dtTrue_Exp_0<<<<<<<<<<<<<<<<<<<<<<<<<<<<<<<<<
test 11425
mse:0.06925830245018005, mae:0.19433929026126862, rse:0.4275563955307007
