Args in experiment:
Namespace(activation='gelu', affine=0, batch_size=128, c_out=7, checkpoints='./checkpoints/', d_ff=128, d_layers=1, d_model=16, data='ETTh1', data_path='ETTh1.csv', dec_in=7, decomposition=0, des='Exp', devices='0,1,2,3', distil=True, do_predict=False, dropout=0.3, e_layers=3, embed='timeF', embed_type=0, enc_in=1, factor=1, fc_dropout=0.3, features='S', freq='h', gpu=0, head_dropout=0.0, individual=0, is_training=1, itr=1, kernel_size=25, label_len=48, learning_rate=0.0001, loss='mse', lradj='type3', model='PatchTSFL', model_id='ETTh1_336_720', moving_avg=25, n_heads=4, num_workers=10, output_attention=False, padding_patch='end', patch_len=16, patience=100, pct_start=0.3, pred_len=720, random_seed=2021, revin=1, root_path='./dataset/', seq_len=336, stride=8, subtract_last=0, target='OT', test_flop=False, train_epochs=100, use_amp=False, use_gpu=True, use_multi_gpu=False)
Use GPU: cuda:0
fourier enhanced block used!
modes=64, index=[0, 1, 2, 3, 4, 5, 6, 7, 8, 9, 10, 11, 12, 13, 14, 15, 16, 17, 18, 19, 20]
>>>>>>>start training : ETTh1_336_720_PatchTSFL_ETTh1_ftS_sl336_ll48_pl720_dm16_nh4_el3_dl1_df128_fc1_ebtimeF_dtTrue_Exp_0>>>>>>>>>>>>>>>>>>>>>>>>>>
train 7585
val 2161
test 2161
Epoch: 1 cost time: 5.231173992156982
Epoch: 1, Steps: 59 | Train Loss: 0.3639501 Vali Loss: 0.2382050 Test Loss: 0.1265368
Validation loss decreased (inf --> 0.238205).  Saving model ...
Updating learning rate to 0.0001
Epoch: 2 cost time: 5.176262378692627
Epoch: 2, Steps: 59 | Train Loss: 0.3430259 Vali Loss: 0.2206845 Test Loss: 0.1168086
Validation loss decreased (0.238205 --> 0.220685).  Saving model ...
Updating learning rate to 0.0001
Epoch: 3 cost time: 5.22095513343811
Epoch: 3, Steps: 59 | Train Loss: 0.3245921 Vali Loss: 0.2138545 Test Loss: 0.1129346
Validation loss decreased (0.220685 --> 0.213854).  Saving model ...
Updating learning rate to 0.0001
Epoch: 4 cost time: 5.056105375289917
Epoch: 4, Steps: 59 | Train Loss: 0.3142221 Vali Loss: 0.2059033 Test Loss: 0.1084341
Validation loss decreased (0.213854 --> 0.205903).  Saving model ...
Updating learning rate to 9e-05
Epoch: 5 cost time: 5.708468437194824
Epoch: 5, Steps: 59 | Train Loss: 0.3027760 Vali Loss: 0.1918859 Test Loss: 0.1007987
Validation loss decreased (0.205903 --> 0.191886).  Saving model ...
Updating learning rate to 8.1e-05
Epoch: 6 cost time: 5.121672868728638
Epoch: 6, Steps: 59 | Train Loss: 0.2921384 Vali Loss: 0.1767386 Test Loss: 0.0934113
Validation loss decreased (0.191886 --> 0.176739).  Saving model ...
Updating learning rate to 7.290000000000001e-05
Epoch: 7 cost time: 5.627010107040405
Epoch: 7, Steps: 59 | Train Loss: 0.2838507 Vali Loss: 0.1721919 Test Loss: 0.0917964
Validation loss decreased (0.176739 --> 0.172192).  Saving model ...
Updating learning rate to 6.561e-05
Epoch: 8 cost time: 5.287202835083008
Epoch: 8, Steps: 59 | Train Loss: 0.2782781 Vali Loss: 0.1707482 Test Loss: 0.0920754
Validation loss decreased (0.172192 --> 0.170748).  Saving model ...
Updating learning rate to 5.904900000000001e-05
Epoch: 9 cost time: 5.320120096206665
Epoch: 9, Steps: 59 | Train Loss: 0.2729337 Vali Loss: 0.1707028 Test Loss: 0.0929967
Validation loss decreased (0.170748 --> 0.170703).  Saving model ...
Updating learning rate to 5.3144100000000005e-05
Epoch: 10 cost time: 5.928401231765747
Epoch: 10, Steps: 59 | Train Loss: 0.2696448 Vali Loss: 0.1710797 Test Loss: 0.0941306
EarlyStopping counter: 1 out of 100
Updating learning rate to 4.782969000000001e-05
Epoch: 11 cost time: 5.626929521560669
Epoch: 11, Steps: 59 | Train Loss: 0.2680615 Vali Loss: 0.1714119 Test Loss: 0.0950553
EarlyStopping counter: 2 out of 100
Updating learning rate to 4.304672100000001e-05
Epoch: 12 cost time: 5.564546346664429
Epoch: 12, Steps: 59 | Train Loss: 0.2655263 Vali Loss: 0.1718609 Test Loss: 0.0954623
EarlyStopping counter: 3 out of 100
Updating learning rate to 3.874204890000001e-05
Epoch: 13 cost time: 5.558820724487305
Epoch: 13, Steps: 59 | Train Loss: 0.2645902 Vali Loss: 0.1716554 Test Loss: 0.0958828
EarlyStopping counter: 4 out of 100
Updating learning rate to 3.486784401000001e-05
Epoch: 14 cost time: 5.633688926696777
Epoch: 14, Steps: 59 | Train Loss: 0.2630098 Vali Loss: 0.1718334 Test Loss: 0.0960848
EarlyStopping counter: 5 out of 100
Updating learning rate to 3.138105960900001e-05
Epoch: 15 cost time: 5.257180213928223
Epoch: 15, Steps: 59 | Train Loss: 0.2620868 Vali Loss: 0.1723967 Test Loss: 0.0962655
EarlyStopping counter: 6 out of 100
Updating learning rate to 2.824295364810001e-05
Epoch: 16 cost time: 5.904208421707153
Epoch: 16, Steps: 59 | Train Loss: 0.2609899 Vali Loss: 0.1729464 Test Loss: 0.0965689
EarlyStopping counter: 7 out of 100
Updating learning rate to 2.541865828329001e-05
Epoch: 17 cost time: 5.510187149047852
Epoch: 17, Steps: 59 | Train Loss: 0.2606539 Vali Loss: 0.1728432 Test Loss: 0.0966896
EarlyStopping counter: 8 out of 100
Updating learning rate to 2.287679245496101e-05
Epoch: 18 cost time: 5.728383302688599
Epoch: 18, Steps: 59 | Train Loss: 0.2601003 Vali Loss: 0.1725404 Test Loss: 0.0968112
EarlyStopping counter: 9 out of 100
Updating learning rate to 2.0589113209464907e-05
Epoch: 19 cost time: 5.189724922180176
Epoch: 19, Steps: 59 | Train Loss: 0.2601143 Vali Loss: 0.1730464 Test Loss: 0.0969243
EarlyStopping counter: 10 out of 100
Updating learning rate to 1.8530201888518416e-05
Epoch: 20 cost time: 5.3341968059539795
Epoch: 20, Steps: 59 | Train Loss: 0.2585147 Vali Loss: 0.1727618 Test Loss: 0.0970649
EarlyStopping counter: 11 out of 100
Updating learning rate to 1.6677181699666577e-05
Epoch: 21 cost time: 5.0428009033203125
Epoch: 21, Steps: 59 | Train Loss: 0.2596141 Vali Loss: 0.1730013 Test Loss: 0.0970691
EarlyStopping counter: 12 out of 100
Updating learning rate to 1.5009463529699919e-05
Epoch: 22 cost time: 5.204840660095215
Epoch: 22, Steps: 59 | Train Loss: 0.2575566 Vali Loss: 0.1735905 Test Loss: 0.0973056
EarlyStopping counter: 13 out of 100
Updating learning rate to 1.3508517176729929e-05
Epoch: 23 cost time: 5.587769269943237
Epoch: 23, Steps: 59 | Train Loss: 0.2576549 Vali Loss: 0.1737759 Test Loss: 0.0972938
EarlyStopping counter: 14 out of 100
Updating learning rate to 1.2157665459056936e-05
Epoch: 24 cost time: 5.453541278839111
Epoch: 24, Steps: 59 | Train Loss: 0.2571217 Vali Loss: 0.1729240 Test Loss: 0.0973930
EarlyStopping counter: 15 out of 100
Updating learning rate to 1.0941898913151242e-05
Epoch: 25 cost time: 5.391167640686035
Epoch: 25, Steps: 59 | Train Loss: 0.2579150 Vali Loss: 0.1733715 Test Loss: 0.0974819
EarlyStopping counter: 16 out of 100
Updating learning rate to 9.847709021836118e-06
Epoch: 26 cost time: 5.798393964767456
Epoch: 26, Steps: 59 | Train Loss: 0.2576088 Vali Loss: 0.1738992 Test Loss: 0.0976008
EarlyStopping counter: 17 out of 100
Updating learning rate to 8.862938119652508e-06
Epoch: 27 cost time: 5.241147756576538
Epoch: 27, Steps: 59 | Train Loss: 0.2576341 Vali Loss: 0.1736229 Test Loss: 0.0976251
EarlyStopping counter: 18 out of 100
Updating learning rate to 7.976644307687255e-06
Epoch: 28 cost time: 5.446588754653931
Epoch: 28, Steps: 59 | Train Loss: 0.2570123 Vali Loss: 0.1739165 Test Loss: 0.0976660
EarlyStopping counter: 19 out of 100
Updating learning rate to 7.178979876918531e-06
Epoch: 29 cost time: 5.1159796714782715
Epoch: 29, Steps: 59 | Train Loss: 0.2568592 Vali Loss: 0.1735941 Test Loss: 0.0977006
EarlyStopping counter: 20 out of 100
Updating learning rate to 6.4610818892266776e-06
Epoch: 30 cost time: 5.524399042129517
Epoch: 30, Steps: 59 | Train Loss: 0.2570554 Vali Loss: 0.1742573 Test Loss: 0.0977213
EarlyStopping counter: 21 out of 100
Updating learning rate to 5.8149737003040096e-06
Epoch: 31 cost time: 5.2482006549835205
Epoch: 31, Steps: 59 | Train Loss: 0.2565546 Vali Loss: 0.1731379 Test Loss: 0.0977703
EarlyStopping counter: 22 out of 100
Updating learning rate to 5.23347633027361e-06
Epoch: 32 cost time: 5.599634885787964
Epoch: 32, Steps: 59 | Train Loss: 0.2568868 Vali Loss: 0.1733779 Test Loss: 0.0977905
EarlyStopping counter: 23 out of 100
Updating learning rate to 4.710128697246249e-06
Epoch: 33 cost time: 5.602132081985474
Epoch: 33, Steps: 59 | Train Loss: 0.2562550 Vali Loss: 0.1741447 Test Loss: 0.0977953
EarlyStopping counter: 24 out of 100
Updating learning rate to 4.239115827521624e-06
Epoch: 34 cost time: 5.242998361587524
Epoch: 34, Steps: 59 | Train Loss: 0.2568819 Vali Loss: 0.1737971 Test Loss: 0.0978347
EarlyStopping counter: 25 out of 100
Updating learning rate to 3.815204244769462e-06
Epoch: 35 cost time: 5.51590633392334
Epoch: 35, Steps: 59 | Train Loss: 0.2568699 Vali Loss: 0.1738942 Test Loss: 0.0978572
EarlyStopping counter: 26 out of 100
Updating learning rate to 3.4336838202925152e-06
Epoch: 36 cost time: 5.312702894210815
Epoch: 36, Steps: 59 | Train Loss: 0.2564406 Vali Loss: 0.1746468 Test Loss: 0.0978718
EarlyStopping counter: 27 out of 100
Updating learning rate to 3.090315438263264e-06
Epoch: 37 cost time: 5.352273464202881
Epoch: 37, Steps: 59 | Train Loss: 0.2559343 Vali Loss: 0.1732285 Test Loss: 0.0979012
EarlyStopping counter: 28 out of 100
Updating learning rate to 2.7812838944369375e-06
Epoch: 38 cost time: 5.283817291259766
Epoch: 38, Steps: 59 | Train Loss: 0.2567158 Vali Loss: 0.1736498 Test Loss: 0.0979207
EarlyStopping counter: 29 out of 100
Updating learning rate to 2.503155504993244e-06
Epoch: 39 cost time: 5.5913567543029785
Epoch: 39, Steps: 59 | Train Loss: 0.2559547 Vali Loss: 0.1733367 Test Loss: 0.0979474
EarlyStopping counter: 30 out of 100
Updating learning rate to 2.2528399544939195e-06
Epoch: 40 cost time: 5.406479597091675
Epoch: 40, Steps: 59 | Train Loss: 0.2552849 Vali Loss: 0.1735333 Test Loss: 0.0979554
EarlyStopping counter: 31 out of 100
Updating learning rate to 2.0275559590445276e-06
Epoch: 41 cost time: 5.253189325332642
Epoch: 41, Steps: 59 | Train Loss: 0.2556723 Vali Loss: 0.1736054 Test Loss: 0.0979641
EarlyStopping counter: 32 out of 100
Updating learning rate to 1.8248003631400751e-06
Epoch: 42 cost time: 5.18602180480957
Epoch: 42, Steps: 59 | Train Loss: 0.2556946 Vali Loss: 0.1738558 Test Loss: 0.0979779
EarlyStopping counter: 33 out of 100
Updating learning rate to 1.6423203268260676e-06
Epoch: 43 cost time: 5.224785804748535
Epoch: 43, Steps: 59 | Train Loss: 0.2560327 Vali Loss: 0.1740713 Test Loss: 0.0979917
EarlyStopping counter: 34 out of 100
Updating learning rate to 1.4780882941434609e-06
Epoch: 44 cost time: 5.109954595565796
Epoch: 44, Steps: 59 | Train Loss: 0.2559258 Vali Loss: 0.1732881 Test Loss: 0.0980044
EarlyStopping counter: 35 out of 100
Updating learning rate to 1.3302794647291146e-06
Epoch: 45 cost time: 5.070075035095215
Epoch: 45, Steps: 59 | Train Loss: 0.2555628 Vali Loss: 0.1742111 Test Loss: 0.0980131
EarlyStopping counter: 36 out of 100
Updating learning rate to 1.1972515182562034e-06
Epoch: 46 cost time: 5.237034320831299
Epoch: 46, Steps: 59 | Train Loss: 0.2558771 Vali Loss: 0.1738620 Test Loss: 0.0980256
EarlyStopping counter: 37 out of 100
Updating learning rate to 1.077526366430583e-06
Epoch: 47 cost time: 5.235109329223633
Epoch: 47, Steps: 59 | Train Loss: 0.2555963 Vali Loss: 0.1737138 Test Loss: 0.0980289
EarlyStopping counter: 38 out of 100
Updating learning rate to 9.697737297875248e-07
Epoch: 48 cost time: 5.864189624786377
Epoch: 48, Steps: 59 | Train Loss: 0.2554523 Vali Loss: 0.1739176 Test Loss: 0.0980334
EarlyStopping counter: 39 out of 100
Updating learning rate to 8.727963568087723e-07
Epoch: 49 cost time: 5.271442890167236
Epoch: 49, Steps: 59 | Train Loss: 0.2561007 Vali Loss: 0.1740719 Test Loss: 0.0980378
EarlyStopping counter: 40 out of 100
Updating learning rate to 7.855167211278951e-07
Epoch: 50 cost time: 5.595073223114014
Epoch: 50, Steps: 59 | Train Loss: 0.2562096 Vali Loss: 0.1738478 Test Loss: 0.0980418
EarlyStopping counter: 41 out of 100
Updating learning rate to 7.069650490151056e-07
Epoch: 51 cost time: 5.228803873062134
Epoch: 51, Steps: 59 | Train Loss: 0.2555011 Vali Loss: 0.1730979 Test Loss: 0.0980434
EarlyStopping counter: 42 out of 100
Updating learning rate to 6.36268544113595e-07
Epoch: 52 cost time: 5.149020195007324
Epoch: 52, Steps: 59 | Train Loss: 0.2559547 Vali Loss: 0.1727209 Test Loss: 0.0980487
EarlyStopping counter: 43 out of 100
Updating learning rate to 5.726416897022355e-07
Epoch: 53 cost time: 5.275952100753784
Epoch: 53, Steps: 59 | Train Loss: 0.2561707 Vali Loss: 0.1740147 Test Loss: 0.0980512
EarlyStopping counter: 44 out of 100
Updating learning rate to 5.15377520732012e-07
Epoch: 54 cost time: 5.3226845264434814
Epoch: 54, Steps: 59 | Train Loss: 0.2560215 Vali Loss: 0.1738533 Test Loss: 0.0980547
EarlyStopping counter: 45 out of 100
Updating learning rate to 4.6383976865881085e-07
Epoch: 55 cost time: 5.438466787338257
Epoch: 55, Steps: 59 | Train Loss: 0.2557312 Vali Loss: 0.1734276 Test Loss: 0.0980561
EarlyStopping counter: 46 out of 100
Updating learning rate to 4.174557917929298e-07
Epoch: 56 cost time: 5.2984983921051025
Epoch: 56, Steps: 59 | Train Loss: 0.2559152 Vali Loss: 0.1736334 Test Loss: 0.0980588
EarlyStopping counter: 47 out of 100
Updating learning rate to 3.7571021261363677e-07
Epoch: 57 cost time: 5.503268718719482
Epoch: 57, Steps: 59 | Train Loss: 0.2556214 Vali Loss: 0.1741399 Test Loss: 0.0980620
EarlyStopping counter: 48 out of 100
Updating learning rate to 3.381391913522731e-07
Epoch: 58 cost time: 5.656793117523193
Epoch: 58, Steps: 59 | Train Loss: 0.2554700 Vali Loss: 0.1742112 Test Loss: 0.0980630
EarlyStopping counter: 49 out of 100
Updating learning rate to 3.043252722170458e-07
Epoch: 59 cost time: 5.151397466659546
Epoch: 59, Steps: 59 | Train Loss: 0.2557780 Vali Loss: 0.1734017 Test Loss: 0.0980648
EarlyStopping counter: 50 out of 100
Updating learning rate to 2.7389274499534124e-07
Epoch: 60 cost time: 5.376414775848389
Epoch: 60, Steps: 59 | Train Loss: 0.2553999 Vali Loss: 0.1743483 Test Loss: 0.0980678
EarlyStopping counter: 51 out of 100
Updating learning rate to 2.465034704958071e-07
Epoch: 61 cost time: 5.133663654327393
Epoch: 61, Steps: 59 | Train Loss: 0.2554088 Vali Loss: 0.1736812 Test Loss: 0.0980687
EarlyStopping counter: 52 out of 100
Updating learning rate to 2.218531234462264e-07
Epoch: 62 cost time: 5.2738730907440186
Epoch: 62, Steps: 59 | Train Loss: 0.2554234 Vali Loss: 0.1733574 Test Loss: 0.0980710
EarlyStopping counter: 53 out of 100
Updating learning rate to 1.9966781110160376e-07
Epoch: 63 cost time: 5.453950881958008
Epoch: 63, Steps: 59 | Train Loss: 0.2564913 Vali Loss: 0.1743321 Test Loss: 0.0980711
EarlyStopping counter: 54 out of 100
Updating learning rate to 1.797010299914434e-07
Epoch: 64 cost time: 5.466826438903809
Epoch: 64, Steps: 59 | Train Loss: 0.2561292 Vali Loss: 0.1731609 Test Loss: 0.0980718
EarlyStopping counter: 55 out of 100
Updating learning rate to 1.6173092699229907e-07
Epoch: 65 cost time: 5.600050926208496
Epoch: 65, Steps: 59 | Train Loss: 0.2556811 Vali Loss: 0.1739056 Test Loss: 0.0980731
EarlyStopping counter: 56 out of 100
Updating learning rate to 1.4555783429306916e-07
Epoch: 66 cost time: 5.315972089767456
Epoch: 66, Steps: 59 | Train Loss: 0.2557366 Vali Loss: 0.1746296 Test Loss: 0.0980739
EarlyStopping counter: 57 out of 100
Updating learning rate to 1.3100205086376224e-07
Epoch: 67 cost time: 5.490459442138672
Epoch: 67, Steps: 59 | Train Loss: 0.2557352 Vali Loss: 0.1743412 Test Loss: 0.0980755
EarlyStopping counter: 58 out of 100
Updating learning rate to 1.1790184577738603e-07
Epoch: 68 cost time: 5.368991374969482
Epoch: 68, Steps: 59 | Train Loss: 0.2558445 Vali Loss: 0.1740042 Test Loss: 0.0980760
EarlyStopping counter: 59 out of 100
Updating learning rate to 1.0611166119964742e-07
Epoch: 69 cost time: 5.446753978729248
Epoch: 69, Steps: 59 | Train Loss: 0.2563861 Vali Loss: 0.1731784 Test Loss: 0.0980761
EarlyStopping counter: 60 out of 100
Updating learning rate to 9.550049507968268e-08
Epoch: 70 cost time: 5.3341405391693115
Epoch: 70, Steps: 59 | Train Loss: 0.2557905 Vali Loss: 0.1742446 Test Loss: 0.0980764
EarlyStopping counter: 61 out of 100
Updating learning rate to 8.595044557171442e-08
Epoch: 71 cost time: 5.495874404907227
Epoch: 71, Steps: 59 | Train Loss: 0.2555235 Vali Loss: 0.1735248 Test Loss: 0.0980770
EarlyStopping counter: 62 out of 100
Updating learning rate to 7.735540101454298e-08
Epoch: 72 cost time: 5.210914134979248
Epoch: 72, Steps: 59 | Train Loss: 0.2551075 Vali Loss: 0.1744228 Test Loss: 0.0980782
EarlyStopping counter: 63 out of 100
Updating learning rate to 6.961986091308869e-08
Epoch: 73 cost time: 5.666362524032593
Epoch: 73, Steps: 59 | Train Loss: 0.2557091 Vali Loss: 0.1744700 Test Loss: 0.0980784
EarlyStopping counter: 64 out of 100
Updating learning rate to 6.265787482177981e-08
Epoch: 74 cost time: 5.72153902053833
Epoch: 74, Steps: 59 | Train Loss: 0.2561185 Vali Loss: 0.1738452 Test Loss: 0.0980788
EarlyStopping counter: 65 out of 100
Updating learning rate to 5.639208733960184e-08
Epoch: 75 cost time: 5.3495032787323
Epoch: 75, Steps: 59 | Train Loss: 0.2558529 Vali Loss: 0.1740333 Test Loss: 0.0980795
EarlyStopping counter: 66 out of 100
Updating learning rate to 5.075287860564165e-08
Epoch: 76 cost time: 5.1929707527160645
Epoch: 76, Steps: 59 | Train Loss: 0.2555227 Vali Loss: 0.1735625 Test Loss: 0.0980797
EarlyStopping counter: 67 out of 100
Updating learning rate to 4.567759074507749e-08
Epoch: 77 cost time: 5.050174713134766
Epoch: 77, Steps: 59 | Train Loss: 0.2558128 Vali Loss: 0.1736297 Test Loss: 0.0980801
EarlyStopping counter: 68 out of 100
Updating learning rate to 4.1109831670569744e-08
Epoch: 78 cost time: 5.175969362258911
Epoch: 78, Steps: 59 | Train Loss: 0.2557616 Vali Loss: 0.1735543 Test Loss: 0.0980800
EarlyStopping counter: 69 out of 100
Updating learning rate to 3.6998848503512764e-08
Epoch: 79 cost time: 5.946094274520874
Epoch: 79, Steps: 59 | Train Loss: 0.2557191 Vali Loss: 0.1737693 Test Loss: 0.0980802
EarlyStopping counter: 70 out of 100
Updating learning rate to 3.3298963653161496e-08
Epoch: 80 cost time: 5.31125545501709
Epoch: 80, Steps: 59 | Train Loss: 0.2556346 Vali Loss: 0.1729649 Test Loss: 0.0980805
EarlyStopping counter: 71 out of 100
Updating learning rate to 2.996906728784534e-08
Epoch: 81 cost time: 5.637009620666504
Epoch: 81, Steps: 59 | Train Loss: 0.2558255 Vali Loss: 0.1736821 Test Loss: 0.0980806
EarlyStopping counter: 72 out of 100
Updating learning rate to 2.697216055906081e-08
Epoch: 82 cost time: 5.346810817718506
Epoch: 82, Steps: 59 | Train Loss: 0.2557922 Vali Loss: 0.1739379 Test Loss: 0.0980808
EarlyStopping counter: 73 out of 100
Updating learning rate to 2.427494450315473e-08
Epoch: 83 cost time: 5.3782830238342285
Epoch: 83, Steps: 59 | Train Loss: 0.2559872 Vali Loss: 0.1735197 Test Loss: 0.0980810
EarlyStopping counter: 74 out of 100
Updating learning rate to 2.1847450052839257e-08
Epoch: 84 cost time: 5.546296119689941
Epoch: 84, Steps: 59 | Train Loss: 0.2551899 Vali Loss: 0.1736141 Test Loss: 0.0980810
EarlyStopping counter: 75 out of 100
Updating learning rate to 1.9662705047555332e-08
Epoch: 85 cost time: 5.545010566711426
Epoch: 85, Steps: 59 | Train Loss: 0.2557488 Vali Loss: 0.1740122 Test Loss: 0.0980810
EarlyStopping counter: 76 out of 100
Updating learning rate to 1.7696434542799797e-08
Epoch: 86 cost time: 5.478771209716797
Epoch: 86, Steps: 59 | Train Loss: 0.2559580 Vali Loss: 0.1739338 Test Loss: 0.0980811
EarlyStopping counter: 77 out of 100
Updating learning rate to 1.5926791088519817e-08
Epoch: 87 cost time: 5.319820165634155
Epoch: 87, Steps: 59 | Train Loss: 0.2553153 Vali Loss: 0.1742385 Test Loss: 0.0980812
EarlyStopping counter: 78 out of 100
Updating learning rate to 1.4334111979667836e-08
Epoch: 88 cost time: 5.050152778625488
Epoch: 88, Steps: 59 | Train Loss: 0.2554766 Vali Loss: 0.1737522 Test Loss: 0.0980813
EarlyStopping counter: 79 out of 100
Updating learning rate to 1.2900700781701054e-08
Epoch: 89 cost time: 5.405843496322632
Epoch: 89, Steps: 59 | Train Loss: 0.2559506 Vali Loss: 0.1738339 Test Loss: 0.0980813
EarlyStopping counter: 80 out of 100
Updating learning rate to 1.161063070353095e-08
Epoch: 90 cost time: 5.27368688583374
Epoch: 90, Steps: 59 | Train Loss: 0.2554941 Vali Loss: 0.1729029 Test Loss: 0.0980814
EarlyStopping counter: 81 out of 100
Updating learning rate to 1.0449567633177854e-08
Epoch: 91 cost time: 5.486223936080933
Epoch: 91, Steps: 59 | Train Loss: 0.2560561 Vali Loss: 0.1740576 Test Loss: 0.0980815
EarlyStopping counter: 82 out of 100
Updating learning rate to 9.404610869860069e-09
Epoch: 92 cost time: 5.529014587402344
Epoch: 92, Steps: 59 | Train Loss: 0.2563097 Vali Loss: 0.1737805 Test Loss: 0.0980814
EarlyStopping counter: 83 out of 100
Updating learning rate to 8.464149782874063e-09
Epoch: 93 cost time: 5.4533257484436035
Epoch: 93, Steps: 59 | Train Loss: 0.2562289 Vali Loss: 0.1747284 Test Loss: 0.0980814
EarlyStopping counter: 84 out of 100
Updating learning rate to 7.617734804586658e-09
Epoch: 94 cost time: 5.881030559539795
Epoch: 94, Steps: 59 | Train Loss: 0.2554826 Vali Loss: 0.1738811 Test Loss: 0.0980814
EarlyStopping counter: 85 out of 100
Updating learning rate to 6.855961324127991e-09
Epoch: 95 cost time: 5.239546298980713
Epoch: 95, Steps: 59 | Train Loss: 0.2556105 Vali Loss: 0.1737204 Test Loss: 0.0980814
EarlyStopping counter: 86 out of 100
Updating learning rate to 6.170365191715193e-09
Epoch: 96 cost time: 5.198025941848755
Epoch: 96, Steps: 59 | Train Loss: 0.2558293 Vali Loss: 0.1738883 Test Loss: 0.0980814
EarlyStopping counter: 87 out of 100
Updating learning rate to 5.5533286725436726e-09
Epoch: 97 cost time: 5.332844972610474
Epoch: 97, Steps: 59 | Train Loss: 0.2555034 Vali Loss: 0.1735716 Test Loss: 0.0980814
EarlyStopping counter: 88 out of 100
Updating learning rate to 4.997995805289306e-09
Epoch: 98 cost time: 5.299782991409302
Epoch: 98, Steps: 59 | Train Loss: 0.2559737 Vali Loss: 0.1734462 Test Loss: 0.0980815
EarlyStopping counter: 89 out of 100
Updating learning rate to 4.498196224760375e-09
Epoch: 99 cost time: 5.1564459800720215
Epoch: 99, Steps: 59 | Train Loss: 0.2556477 Vali Loss: 0.1744470 Test Loss: 0.0980815
EarlyStopping counter: 90 out of 100
Updating learning rate to 4.048376602284338e-09
Epoch: 100 cost time: 5.433302640914917
Epoch: 100, Steps: 59 | Train Loss: 0.2555390 Vali Loss: 0.1736005 Test Loss: 0.0980815
EarlyStopping counter: 91 out of 100
Updating learning rate to 3.643538942055904e-09
>>>>>>>testing : ETTh1_336_720_PatchTSFL_ETTh1_ftS_sl336_ll48_pl720_dm16_nh4_el3_dl1_df128_fc1_ebtimeF_dtTrue_Exp_0<<<<<<<<<<<<<<<<<<<<<<<<<<<<<<<<<
test 2161
mse:0.09299672394990921, mae:0.24271532893180847, rse:1.0063027143478394
