Args in experiment:
Namespace(activation='gelu', affine=0, batch_size=32, c_out=7, checkpoints='./checkpoints/', d_ff=2048, d_layers=1, d_model=512, data='ETTh1', data_path='ETTh1.csv', dec_in=7, decomposition=0, des='Exp', devices='0,1,2,3', distil=True, do_predict=False, dropout=0.05, e_layers=2, embed='timeF', embed_type=0, enc_in=1, factor=1, fc_dropout=0.05, features='S', freq='h', gpu=0, head_dropout=0.0, individual=0, is_training=1, itr=1, kernel_size=25, label_len=48, learning_rate=0.005, loss='mse', lradj='type3', model='DLinear', model_id='ETTh1_336_24', moving_avg=25, n_heads=8, num_workers=10, output_attention=False, padding_patch='end', patch_len=16, patience=100, pct_start=0.3, pred_len=24, random_seed=2021, revin=1, root_path='./dataset/', seq_len=336, stride=8, subtract_last=0, target='OT', test_flop=False, train_epochs=100, use_amp=False, use_gpu=True, use_multi_gpu=False)
Use GPU: cuda:0
>>>>>>>start training : ETTh1_336_24_DLinear_ETTh1_ftS_sl336_ll48_pl24_dm512_nh8_el2_dl1_df2048_fc1_ebtimeF_dtTrue_Exp_0>>>>>>>>>>>>>>>>>>>>>>>>>>
train 8281
val 2857
test 2857
	iters: 100, epoch: 1 | loss: 0.1151802
	speed: 0.0221s/iter; left time: 567.8993s
	iters: 200, epoch: 1 | loss: 0.1189287
	speed: 0.0041s/iter; left time: 104.5004s
Epoch: 1 cost time: 2.944525957107544
Epoch: 1, Steps: 258 | Train Loss: 0.1949829 Vali Loss: 0.0772522 Test Loss: 0.0445722
Validation loss decreased (inf --> 0.077252).  Saving model ...
Updating learning rate to 0.005
	iters: 100, epoch: 2 | loss: 0.1175578
	speed: 0.0745s/iter; left time: 1896.3013s
	iters: 200, epoch: 2 | loss: 0.0973828
	speed: 0.0039s/iter; left time: 99.4297s
Epoch: 2 cost time: 3.217820882797241
Epoch: 2, Steps: 258 | Train Loss: 0.1072828 Vali Loss: 0.0592969 Test Loss: 0.0645085
Validation loss decreased (0.077252 --> 0.059297).  Saving model ...
Updating learning rate to 0.005
	iters: 100, epoch: 3 | loss: 0.0827372
	speed: 0.0761s/iter; left time: 1915.9757s
	iters: 200, epoch: 3 | loss: 0.0737477
	speed: 0.0039s/iter; left time: 98.7056s
Epoch: 3 cost time: 3.1144912242889404
Epoch: 3, Steps: 258 | Train Loss: 0.1009881 Vali Loss: 0.0581709 Test Loss: 0.0688741
Validation loss decreased (0.059297 --> 0.058171).  Saving model ...
Updating learning rate to 0.005
	iters: 100, epoch: 4 | loss: 0.1027522
	speed: 0.0793s/iter; left time: 1975.7121s
	iters: 200, epoch: 4 | loss: 0.1105492
	speed: 0.0039s/iter; left time: 95.6367s
Epoch: 4 cost time: 3.234724998474121
Epoch: 4, Steps: 258 | Train Loss: 0.1007142 Vali Loss: 0.0742657 Test Loss: 0.1440025
EarlyStopping counter: 1 out of 100
Updating learning rate to 0.0045000000000000005
	iters: 100, epoch: 5 | loss: 0.1073803
	speed: 0.0774s/iter; left time: 1909.1090s
	iters: 200, epoch: 5 | loss: 0.1160652
	speed: 0.0066s/iter; left time: 163.0628s
Epoch: 5 cost time: 3.802185297012329
Epoch: 5, Steps: 258 | Train Loss: 0.1020957 Vali Loss: 0.0568664 Test Loss: 0.0471768
Validation loss decreased (0.058171 --> 0.056866).  Saving model ...
Updating learning rate to 0.004050000000000001
	iters: 100, epoch: 6 | loss: 0.0945736
	speed: 0.0866s/iter; left time: 2115.1500s
	iters: 200, epoch: 6 | loss: 0.1074176
	speed: 0.0091s/iter; left time: 222.1027s
Epoch: 6 cost time: 4.29472279548645
Epoch: 6, Steps: 258 | Train Loss: 0.0955417 Vali Loss: 0.0551679 Test Loss: 0.0549695
Validation loss decreased (0.056866 --> 0.055168).  Saving model ...
Updating learning rate to 0.0036450000000000007
	iters: 100, epoch: 7 | loss: 0.1137607
	speed: 0.0808s/iter; left time: 1951.8026s
	iters: 200, epoch: 7 | loss: 0.0806141
	speed: 0.0040s/iter; left time: 96.6636s
Epoch: 7 cost time: 3.1755499839782715
Epoch: 7, Steps: 258 | Train Loss: 0.0892793 Vali Loss: 0.0565295 Test Loss: 0.0548028
EarlyStopping counter: 1 out of 100
Updating learning rate to 0.0032805
	iters: 100, epoch: 8 | loss: 0.1019078
	speed: 0.0816s/iter; left time: 1950.7656s
	iters: 200, epoch: 8 | loss: 0.0815860
	speed: 0.0084s/iter; left time: 199.1839s
Epoch: 8 cost time: 4.192524194717407
Epoch: 8, Steps: 258 | Train Loss: 0.0937188 Vali Loss: 0.0566360 Test Loss: 0.0525536
EarlyStopping counter: 2 out of 100
Updating learning rate to 0.0029524500000000006
	iters: 100, epoch: 9 | loss: 0.0920796
	speed: 0.0869s/iter; left time: 2054.9103s
	iters: 200, epoch: 9 | loss: 0.0823546
	speed: 0.0081s/iter; left time: 190.5096s
Epoch: 9 cost time: 4.331592082977295
Epoch: 9, Steps: 258 | Train Loss: 0.0850999 Vali Loss: 0.0529822 Test Loss: 0.0374964
Validation loss decreased (0.055168 --> 0.052982).  Saving model ...
Updating learning rate to 0.002657205
	iters: 100, epoch: 10 | loss: 0.0644219
	speed: 0.0901s/iter; left time: 2105.7376s
	iters: 200, epoch: 10 | loss: 0.0834901
	speed: 0.0061s/iter; left time: 141.4972s
Epoch: 10 cost time: 3.9454450607299805
Epoch: 10, Steps: 258 | Train Loss: 0.0888536 Vali Loss: 0.0548173 Test Loss: 0.0595984
EarlyStopping counter: 1 out of 100
Updating learning rate to 0.0023914845000000003
	iters: 100, epoch: 11 | loss: 0.0677415
	speed: 0.0863s/iter; left time: 1995.9787s
	iters: 200, epoch: 11 | loss: 0.0702481
	speed: 0.0081s/iter; left time: 185.8950s
Epoch: 11 cost time: 4.114510774612427
Epoch: 11, Steps: 258 | Train Loss: 0.0866416 Vali Loss: 0.0518851 Test Loss: 0.0363318
Validation loss decreased (0.052982 --> 0.051885).  Saving model ...
Updating learning rate to 0.0021523360500000006
	iters: 100, epoch: 12 | loss: 0.1372894
	speed: 0.0904s/iter; left time: 2066.4413s
	iters: 200, epoch: 12 | loss: 0.1114523
	speed: 0.0085s/iter; left time: 193.5135s
Epoch: 12 cost time: 4.447145223617554
Epoch: 12, Steps: 258 | Train Loss: 0.0830020 Vali Loss: 0.0525862 Test Loss: 0.0433105
EarlyStopping counter: 1 out of 100
Updating learning rate to 0.0019371024450000004
	iters: 100, epoch: 13 | loss: 0.0644543
	speed: 0.1057s/iter; left time: 2388.8147s
	iters: 200, epoch: 13 | loss: 0.0688533
	speed: 0.0047s/iter; left time: 106.7993s
Epoch: 13 cost time: 4.210938215255737
Epoch: 13, Steps: 258 | Train Loss: 0.0820567 Vali Loss: 0.0527961 Test Loss: 0.0458287
EarlyStopping counter: 2 out of 100
Updating learning rate to 0.0017433922005000006
	iters: 100, epoch: 14 | loss: 0.0751805
	speed: 0.0806s/iter; left time: 1802.1579s
	iters: 200, epoch: 14 | loss: 0.1020519
	speed: 0.0052s/iter; left time: 115.0433s
Epoch: 14 cost time: 3.5990519523620605
Epoch: 14, Steps: 258 | Train Loss: 0.0849018 Vali Loss: 0.0522961 Test Loss: 0.0347929
EarlyStopping counter: 3 out of 100
Updating learning rate to 0.0015690529804500003
	iters: 100, epoch: 15 | loss: 0.1013832
	speed: 0.0905s/iter; left time: 1999.1036s
	iters: 200, epoch: 15 | loss: 0.0515124
	speed: 0.0074s/iter; left time: 162.3952s
Epoch: 15 cost time: 4.876591444015503
Epoch: 15, Steps: 258 | Train Loss: 0.0813473 Vali Loss: 0.0512539 Test Loss: 0.0357618
Validation loss decreased (0.051885 --> 0.051254).  Saving model ...
Updating learning rate to 0.0014121476824050007
	iters: 100, epoch: 16 | loss: 0.0565960
	speed: 0.0885s/iter; left time: 1931.1412s
	iters: 200, epoch: 16 | loss: 0.0864726
	speed: 0.0056s/iter; left time: 121.0886s
Epoch: 16 cost time: 3.9453935623168945
Epoch: 16, Steps: 258 | Train Loss: 0.0806044 Vali Loss: 0.0507935 Test Loss: 0.0344777
Validation loss decreased (0.051254 --> 0.050793).  Saving model ...
Updating learning rate to 0.0012709329141645004
	iters: 100, epoch: 17 | loss: 0.0590157
	speed: 0.0907s/iter; left time: 1956.3311s
	iters: 200, epoch: 17 | loss: 0.0909607
	speed: 0.0093s/iter; left time: 198.6846s
Epoch: 17 cost time: 4.514419317245483
Epoch: 17, Steps: 258 | Train Loss: 0.0793870 Vali Loss: 0.0508211 Test Loss: 0.0359297
EarlyStopping counter: 1 out of 100
Updating learning rate to 0.0011438396227480504
	iters: 100, epoch: 18 | loss: 0.1277690
	speed: 0.0871s/iter; left time: 1855.8610s
	iters: 200, epoch: 18 | loss: 0.0548925
	speed: 0.0062s/iter; left time: 131.6494s
Epoch: 18 cost time: 3.834787607192993
Epoch: 18, Steps: 258 | Train Loss: 0.0791168 Vali Loss: 0.0506264 Test Loss: 0.0322004
Validation loss decreased (0.050793 --> 0.050626).  Saving model ...
Updating learning rate to 0.0010294556604732454
	iters: 100, epoch: 19 | loss: 0.0636033
	speed: 0.0894s/iter; left time: 1883.3289s
	iters: 200, epoch: 19 | loss: 0.0702362
	speed: 0.0078s/iter; left time: 163.7320s
Epoch: 19 cost time: 4.281558990478516
Epoch: 19, Steps: 258 | Train Loss: 0.0778002 Vali Loss: 0.0507430 Test Loss: 0.0314080
EarlyStopping counter: 1 out of 100
Updating learning rate to 0.0009265100944259208
	iters: 100, epoch: 20 | loss: 0.0965685
	speed: 0.0881s/iter; left time: 1833.3444s
	iters: 200, epoch: 20 | loss: 0.0825486
	speed: 0.0081s/iter; left time: 167.1541s
Epoch: 20 cost time: 4.119639158248901
Epoch: 20, Steps: 258 | Train Loss: 0.0775747 Vali Loss: 0.0504530 Test Loss: 0.0292910
Validation loss decreased (0.050626 --> 0.050453).  Saving model ...
Updating learning rate to 0.0008338590849833288
	iters: 100, epoch: 21 | loss: 0.1260817
	speed: 0.0892s/iter; left time: 1832.1469s
	iters: 200, epoch: 21 | loss: 0.0484905
	speed: 0.0084s/iter; left time: 170.7924s
Epoch: 21 cost time: 4.400283336639404
Epoch: 21, Steps: 258 | Train Loss: 0.0781574 Vali Loss: 0.0493911 Test Loss: 0.0290065
Validation loss decreased (0.050453 --> 0.049391).  Saving model ...
Updating learning rate to 0.0007504731764849959
	iters: 100, epoch: 22 | loss: 0.0965644
	speed: 0.0886s/iter; left time: 1797.1657s
	iters: 200, epoch: 22 | loss: 0.1075204
	speed: 0.0071s/iter; left time: 143.1927s
Epoch: 22 cost time: 4.137948036193848
Epoch: 22, Steps: 258 | Train Loss: 0.0760600 Vali Loss: 0.0509797 Test Loss: 0.0347409
EarlyStopping counter: 1 out of 100
Updating learning rate to 0.0006754258588364964
	iters: 100, epoch: 23 | loss: 0.1228608
	speed: 0.0998s/iter; left time: 1997.8542s
	iters: 200, epoch: 23 | loss: 0.0933665
	speed: 0.0099s/iter; left time: 197.6494s
Epoch: 23 cost time: 4.706273078918457
Epoch: 23, Steps: 258 | Train Loss: 0.0766569 Vali Loss: 0.0500112 Test Loss: 0.0297246
EarlyStopping counter: 2 out of 100
Updating learning rate to 0.0006078832729528468
	iters: 100, epoch: 24 | loss: 0.1052595
	speed: 0.0890s/iter; left time: 1759.3425s
	iters: 200, epoch: 24 | loss: 0.0565156
	speed: 0.0082s/iter; left time: 161.5974s
Epoch: 24 cost time: 4.146747827529907
Epoch: 24, Steps: 258 | Train Loss: 0.0778453 Vali Loss: 0.0496675 Test Loss: 0.0283508
EarlyStopping counter: 3 out of 100
Updating learning rate to 0.0005470949456575622
	iters: 100, epoch: 25 | loss: 0.0847382
	speed: 0.0852s/iter; left time: 1661.3519s
	iters: 200, epoch: 25 | loss: 0.0643957
	speed: 0.0072s/iter; left time: 140.4429s
Epoch: 25 cost time: 3.958660364151001
Epoch: 25, Steps: 258 | Train Loss: 0.0778211 Vali Loss: 0.0498155 Test Loss: 0.0297138
EarlyStopping counter: 4 out of 100
Updating learning rate to 0.0004923854510918059
	iters: 100, epoch: 26 | loss: 0.0731531
	speed: 0.0870s/iter; left time: 1674.9011s
	iters: 200, epoch: 26 | loss: 0.0992512
	speed: 0.0066s/iter; left time: 126.6015s
Epoch: 26 cost time: 4.165136098861694
Epoch: 26, Steps: 258 | Train Loss: 0.0755100 Vali Loss: 0.0498525 Test Loss: 0.0293015
EarlyStopping counter: 5 out of 100
Updating learning rate to 0.00044314690598262535
	iters: 100, epoch: 27 | loss: 0.0847062
	speed: 0.0894s/iter; left time: 1697.6144s
	iters: 200, epoch: 27 | loss: 0.0869128
	speed: 0.0078s/iter; left time: 146.8325s
Epoch: 27 cost time: 4.252889394760132
Epoch: 27, Steps: 258 | Train Loss: 0.0750870 Vali Loss: 0.0493135 Test Loss: 0.0269653
Validation loss decreased (0.049391 --> 0.049313).  Saving model ...
Updating learning rate to 0.0003988322153843628
	iters: 100, epoch: 28 | loss: 0.0797731
	speed: 0.0868s/iter; left time: 1626.2435s
	iters: 200, epoch: 28 | loss: 0.1140442
	speed: 0.0064s/iter; left time: 119.1759s
Epoch: 28 cost time: 3.9987237453460693
Epoch: 28, Steps: 258 | Train Loss: 0.0746261 Vali Loss: 0.0495560 Test Loss: 0.0282739
EarlyStopping counter: 1 out of 100
Updating learning rate to 0.0003589489938459265
	iters: 100, epoch: 29 | loss: 0.0581320
	speed: 0.0912s/iter; left time: 1685.3050s
	iters: 200, epoch: 29 | loss: 0.1070574
	speed: 0.0095s/iter; left time: 174.7977s
Epoch: 29 cost time: 5.0180535316467285
Epoch: 29, Steps: 258 | Train Loss: 0.0747509 Vali Loss: 0.0495323 Test Loss: 0.0267027
EarlyStopping counter: 2 out of 100
Updating learning rate to 0.00032305409446133386
	iters: 100, epoch: 30 | loss: 0.0678173
	speed: 0.0962s/iter; left time: 1751.8778s
	iters: 200, epoch: 30 | loss: 0.1030965
	speed: 0.0079s/iter; left time: 143.2087s
Epoch: 30 cost time: 4.216169595718384
Epoch: 30, Steps: 258 | Train Loss: 0.0747780 Vali Loss: 0.0497310 Test Loss: 0.0294970
EarlyStopping counter: 3 out of 100
Updating learning rate to 0.0002907486850152005
	iters: 100, epoch: 31 | loss: 0.0613250
	speed: 0.0893s/iter; left time: 1603.9207s
	iters: 200, epoch: 31 | loss: 0.0604616
	speed: 0.0081s/iter; left time: 143.8897s
Epoch: 31 cost time: 4.288421392440796
Epoch: 31, Steps: 258 | Train Loss: 0.0741435 Vali Loss: 0.0494946 Test Loss: 0.0275102
EarlyStopping counter: 4 out of 100
Updating learning rate to 0.0002616738165136805
	iters: 100, epoch: 32 | loss: 0.0672783
	speed: 0.0859s/iter; left time: 1521.5401s
	iters: 200, epoch: 32 | loss: 0.0558666
	speed: 0.0055s/iter; left time: 96.4426s
Epoch: 32 cost time: 3.773595094680786
Epoch: 32, Steps: 258 | Train Loss: 0.0742632 Vali Loss: 0.0492955 Test Loss: 0.0268280
Validation loss decreased (0.049313 --> 0.049295).  Saving model ...
Updating learning rate to 0.00023550643486231244
	iters: 100, epoch: 33 | loss: 0.0835069
	speed: 0.0893s/iter; left time: 1557.6343s
	iters: 200, epoch: 33 | loss: 0.0759967
	speed: 0.0082s/iter; left time: 141.4926s
Epoch: 33 cost time: 4.409478664398193
Epoch: 33, Steps: 258 | Train Loss: 0.0739999 Vali Loss: 0.0493074 Test Loss: 0.0271389
EarlyStopping counter: 1 out of 100
Updating learning rate to 0.0002119557913760812
	iters: 100, epoch: 34 | loss: 0.0736809
	speed: 0.0818s/iter; left time: 1406.2468s
	iters: 200, epoch: 34 | loss: 0.0800626
	speed: 0.0041s/iter; left time: 69.6395s
Epoch: 34 cost time: 3.240133285522461
Epoch: 34, Steps: 258 | Train Loss: 0.0736393 Vali Loss: 0.0492288 Test Loss: 0.0263505
Validation loss decreased (0.049295 --> 0.049229).  Saving model ...
Updating learning rate to 0.00019076021223847308
	iters: 100, epoch: 35 | loss: 0.1034863
	speed: 0.0808s/iter; left time: 1368.0474s
	iters: 200, epoch: 35 | loss: 0.0475479
	speed: 0.0084s/iter; left time: 140.8613s
Epoch: 35 cost time: 4.301239728927612
Epoch: 35, Steps: 258 | Train Loss: 0.0738842 Vali Loss: 0.0491806 Test Loss: 0.0272302
Validation loss decreased (0.049229 --> 0.049181).  Saving model ...
Updating learning rate to 0.00017168419101462577
	iters: 100, epoch: 36 | loss: 0.0565895
	speed: 0.0919s/iter; left time: 1531.8424s
	iters: 200, epoch: 36 | loss: 0.1160054
	speed: 0.0041s/iter; left time: 68.3078s
Epoch: 36 cost time: 4.201411724090576
Epoch: 36, Steps: 258 | Train Loss: 0.0736852 Vali Loss: 0.0495690 Test Loss: 0.0294521
EarlyStopping counter: 1 out of 100
Updating learning rate to 0.00015451577191316317
	iters: 100, epoch: 37 | loss: 0.0634406
	speed: 0.0810s/iter; left time: 1330.1672s
	iters: 200, epoch: 37 | loss: 0.0782625
	speed: 0.0040s/iter; left time: 65.9666s
Epoch: 37 cost time: 3.605010747909546
Epoch: 37, Steps: 258 | Train Loss: 0.0734650 Vali Loss: 0.0490896 Test Loss: 0.0263098
Validation loss decreased (0.049181 --> 0.049090).  Saving model ...
Updating learning rate to 0.00013906419472184688
	iters: 100, epoch: 38 | loss: 0.0590780
	speed: 0.0838s/iter; left time: 1354.1738s
	iters: 200, epoch: 38 | loss: 0.0759167
	speed: 0.0063s/iter; left time: 101.2599s
Epoch: 38 cost time: 3.8433597087860107
Epoch: 38, Steps: 258 | Train Loss: 0.0734680 Vali Loss: 0.0491138 Test Loss: 0.0273718
EarlyStopping counter: 1 out of 100
Updating learning rate to 0.0001251577752496622
	iters: 100, epoch: 39 | loss: 0.1034255
	speed: 0.0797s/iter; left time: 1266.5001s
	iters: 200, epoch: 39 | loss: 0.0636864
	speed: 0.0039s/iter; left time: 61.3539s
Epoch: 39 cost time: 3.107142686843872
Epoch: 39, Steps: 258 | Train Loss: 0.0733261 Vali Loss: 0.0499767 Test Loss: 0.0321759
EarlyStopping counter: 2 out of 100
Updating learning rate to 0.00011264199772469597
	iters: 100, epoch: 40 | loss: 0.0612491
	speed: 0.0804s/iter; left time: 1258.0793s
	iters: 200, epoch: 40 | loss: 0.0803258
	speed: 0.0041s/iter; left time: 63.5969s
Epoch: 40 cost time: 3.0978281497955322
Epoch: 40, Steps: 258 | Train Loss: 0.0736052 Vali Loss: 0.0494557 Test Loss: 0.0281165
EarlyStopping counter: 3 out of 100
Updating learning rate to 0.00010137779795222638
	iters: 100, epoch: 41 | loss: 0.0614274
	speed: 0.0835s/iter; left time: 1284.8914s
	iters: 200, epoch: 41 | loss: 0.0577732
	speed: 0.0054s/iter; left time: 81.9548s
Epoch: 41 cost time: 3.6465792655944824
Epoch: 41, Steps: 258 | Train Loss: 0.0731575 Vali Loss: 0.0492638 Test Loss: 0.0271868
EarlyStopping counter: 4 out of 100
Updating learning rate to 9.124001815700375e-05
	iters: 100, epoch: 42 | loss: 0.0878924
	speed: 0.0821s/iter; left time: 1240.9798s
	iters: 200, epoch: 42 | loss: 0.0459729
	speed: 0.0064s/iter; left time: 95.8581s
Epoch: 42 cost time: 3.706601858139038
Epoch: 42, Steps: 258 | Train Loss: 0.0730943 Vali Loss: 0.0491650 Test Loss: 0.0262101
EarlyStopping counter: 5 out of 100
Updating learning rate to 8.211601634130338e-05
	iters: 100, epoch: 43 | loss: 0.0988260
	speed: 0.0755s/iter; left time: 1122.6177s
	iters: 200, epoch: 43 | loss: 0.0544384
	speed: 0.0042s/iter; left time: 61.5084s
Epoch: 43 cost time: 3.2153401374816895
Epoch: 43, Steps: 258 | Train Loss: 0.0731719 Vali Loss: 0.0491867 Test Loss: 0.0277957
EarlyStopping counter: 6 out of 100
Updating learning rate to 7.390441470717304e-05
	iters: 100, epoch: 44 | loss: 0.0832024
	speed: 0.0791s/iter; left time: 1155.1164s
	iters: 200, epoch: 44 | loss: 0.0529846
	speed: 0.0078s/iter; left time: 113.6248s
Epoch: 44 cost time: 4.11534571647644
Epoch: 44, Steps: 258 | Train Loss: 0.0729615 Vali Loss: 0.0495120 Test Loss: 0.0290860
EarlyStopping counter: 7 out of 100
Updating learning rate to 6.651397323645573e-05
	iters: 100, epoch: 45 | loss: 0.0856989
	speed: 0.0884s/iter; left time: 1268.6386s
	iters: 200, epoch: 45 | loss: 0.0749981
	speed: 0.0066s/iter; left time: 93.5317s
Epoch: 45 cost time: 3.5509040355682373
Epoch: 45, Steps: 258 | Train Loss: 0.0727243 Vali Loss: 0.0491272 Test Loss: 0.0265846
EarlyStopping counter: 8 out of 100
Updating learning rate to 5.986257591281017e-05
	iters: 100, epoch: 46 | loss: 0.0657723
	speed: 0.0834s/iter; left time: 1174.5370s
	iters: 200, epoch: 46 | loss: 0.0731435
	speed: 0.0076s/iter; left time: 106.8591s
Epoch: 46 cost time: 4.074796915054321
Epoch: 46, Steps: 258 | Train Loss: 0.0727678 Vali Loss: 0.0491906 Test Loss: 0.0275516
EarlyStopping counter: 9 out of 100
Updating learning rate to 5.387631832152915e-05
	iters: 100, epoch: 47 | loss: 0.0892157
	speed: 0.0946s/iter; left time: 1309.0009s
	iters: 200, epoch: 47 | loss: 0.0651676
	speed: 0.0077s/iter; left time: 105.6025s
Epoch: 47 cost time: 4.354322671890259
Epoch: 47, Steps: 258 | Train Loss: 0.0729066 Vali Loss: 0.0493733 Test Loss: 0.0278329
EarlyStopping counter: 10 out of 100
Updating learning rate to 4.848868648937624e-05
	iters: 100, epoch: 48 | loss: 0.0654660
	speed: 0.0923s/iter; left time: 1253.3049s
	iters: 200, epoch: 48 | loss: 0.0728021
	speed: 0.0077s/iter; left time: 103.4635s
Epoch: 48 cost time: 4.490419864654541
Epoch: 48, Steps: 258 | Train Loss: 0.0725641 Vali Loss: 0.0491550 Test Loss: 0.0261017
EarlyStopping counter: 11 out of 100
Updating learning rate to 4.3639817840438614e-05
	iters: 100, epoch: 49 | loss: 0.0843798
	speed: 0.0914s/iter; left time: 1216.5450s
	iters: 200, epoch: 49 | loss: 0.0621022
	speed: 0.0084s/iter; left time: 111.2965s
Epoch: 49 cost time: 4.3994855880737305
Epoch: 49, Steps: 258 | Train Loss: 0.0725980 Vali Loss: 0.0490992 Test Loss: 0.0259606
EarlyStopping counter: 12 out of 100
Updating learning rate to 3.9275836056394755e-05
	iters: 100, epoch: 50 | loss: 0.0461302
	speed: 0.0890s/iter; left time: 1161.9191s
	iters: 200, epoch: 50 | loss: 0.0734949
	speed: 0.0073s/iter; left time: 94.5242s
Epoch: 50 cost time: 4.122540473937988
Epoch: 50, Steps: 258 | Train Loss: 0.0725879 Vali Loss: 0.0492180 Test Loss: 0.0271813
EarlyStopping counter: 13 out of 100
Updating learning rate to 3.5348252450755275e-05
	iters: 100, epoch: 51 | loss: 0.0803741
	speed: 0.0924s/iter; left time: 1182.2943s
	iters: 200, epoch: 51 | loss: 0.0732550
	speed: 0.0061s/iter; left time: 76.8762s
Epoch: 51 cost time: 3.9009621143341064
Epoch: 51, Steps: 258 | Train Loss: 0.0724603 Vali Loss: 0.0490541 Test Loss: 0.0265644
Validation loss decreased (0.049090 --> 0.049054).  Saving model ...
Updating learning rate to 3.181342720567975e-05
	iters: 100, epoch: 52 | loss: 0.0449970
	speed: 0.0917s/iter; left time: 1149.9463s
	iters: 200, epoch: 52 | loss: 0.0678865
	speed: 0.0057s/iter; left time: 71.0730s
Epoch: 52 cost time: 3.952761173248291
Epoch: 52, Steps: 258 | Train Loss: 0.0725379 Vali Loss: 0.0491632 Test Loss: 0.0267310
EarlyStopping counter: 1 out of 100
Updating learning rate to 2.8632084485111774e-05
	iters: 100, epoch: 53 | loss: 0.0650211
	speed: 0.0955s/iter; left time: 1173.3081s
	iters: 200, epoch: 53 | loss: 0.0844482
	speed: 0.0078s/iter; left time: 95.5710s
Epoch: 53 cost time: 4.486965894699097
Epoch: 53, Steps: 258 | Train Loss: 0.0725045 Vali Loss: 0.0492807 Test Loss: 0.0274160
EarlyStopping counter: 2 out of 100
Updating learning rate to 2.57688760366006e-05
	iters: 100, epoch: 54 | loss: 0.0594776
	speed: 0.0913s/iter; left time: 1098.3870s
	iters: 200, epoch: 54 | loss: 0.0942570
	speed: 0.0086s/iter; left time: 102.8812s
Epoch: 54 cost time: 4.498931407928467
Epoch: 54, Steps: 258 | Train Loss: 0.0725053 Vali Loss: 0.0493149 Test Loss: 0.0275169
EarlyStopping counter: 3 out of 100
Updating learning rate to 2.3191988432940543e-05
	iters: 100, epoch: 55 | loss: 0.0715106
	speed: 0.0870s/iter; left time: 1023.4787s
	iters: 200, epoch: 55 | loss: 0.0841226
	speed: 0.0073s/iter; left time: 85.6503s
Epoch: 55 cost time: 3.9449589252471924
Epoch: 55, Steps: 258 | Train Loss: 0.0725141 Vali Loss: 0.0491324 Test Loss: 0.0263977
EarlyStopping counter: 4 out of 100
Updating learning rate to 2.0872789589646487e-05
	iters: 100, epoch: 56 | loss: 0.0758081
	speed: 0.0910s/iter; left time: 1047.4361s
	iters: 200, epoch: 56 | loss: 0.0487169
	speed: 0.0075s/iter; left time: 85.7698s
Epoch: 56 cost time: 4.266547918319702
Epoch: 56, Steps: 258 | Train Loss: 0.0723402 Vali Loss: 0.0491631 Test Loss: 0.0262815
EarlyStopping counter: 5 out of 100
Updating learning rate to 1.8785510630681836e-05
	iters: 100, epoch: 57 | loss: 0.0622100
	speed: 0.0904s/iter; left time: 1017.5713s
	iters: 200, epoch: 57 | loss: 0.0924384
	speed: 0.0078s/iter; left time: 86.5508s
Epoch: 57 cost time: 4.263699054718018
Epoch: 57, Steps: 258 | Train Loss: 0.0724033 Vali Loss: 0.0491923 Test Loss: 0.0264946
EarlyStopping counter: 6 out of 100
Updating learning rate to 1.6906959567613655e-05
	iters: 100, epoch: 58 | loss: 0.0759046
	speed: 0.0879s/iter; left time: 966.1658s
	iters: 200, epoch: 58 | loss: 0.0494789
	speed: 0.0081s/iter; left time: 88.1344s
Epoch: 58 cost time: 4.210426568984985
Epoch: 58, Steps: 258 | Train Loss: 0.0724092 Vali Loss: 0.0493247 Test Loss: 0.0272734
EarlyStopping counter: 7 out of 100
Updating learning rate to 1.521626361085229e-05
	iters: 100, epoch: 59 | loss: 0.0860046
	speed: 0.0900s/iter; left time: 966.4484s
	iters: 200, epoch: 59 | loss: 0.0983996
	speed: 0.0077s/iter; left time: 82.1044s
Epoch: 59 cost time: 4.4096856117248535
Epoch: 59, Steps: 258 | Train Loss: 0.0724000 Vali Loss: 0.0491988 Test Loss: 0.0268106
EarlyStopping counter: 8 out of 100
Updating learning rate to 1.369463724976706e-05
	iters: 100, epoch: 60 | loss: 0.0758231
	speed: 0.0922s/iter; left time: 966.5334s
	iters: 200, epoch: 60 | loss: 0.0786627
	speed: 0.0064s/iter; left time: 66.3363s
Epoch: 60 cost time: 4.057770490646362
Epoch: 60, Steps: 258 | Train Loss: 0.0723775 Vali Loss: 0.0492396 Test Loss: 0.0276848
EarlyStopping counter: 9 out of 100
Updating learning rate to 1.2325173524790357e-05
	iters: 100, epoch: 61 | loss: 0.0787435
	speed: 0.0914s/iter; left time: 933.8544s
	iters: 200, epoch: 61 | loss: 0.0602382
	speed: 0.0084s/iter; left time: 84.5176s
Epoch: 61 cost time: 4.338279485702515
Epoch: 61, Steps: 258 | Train Loss: 0.0723572 Vali Loss: 0.0491108 Test Loss: 0.0265121
EarlyStopping counter: 10 out of 100
Updating learning rate to 1.109265617231132e-05
	iters: 100, epoch: 62 | loss: 0.0595223
	speed: 0.0904s/iter; left time: 900.6650s
	iters: 200, epoch: 62 | loss: 0.0617711
	speed: 0.0078s/iter; left time: 76.9776s
Epoch: 62 cost time: 4.221334457397461
Epoch: 62, Steps: 258 | Train Loss: 0.0723237 Vali Loss: 0.0491040 Test Loss: 0.0262625
EarlyStopping counter: 11 out of 100
Updating learning rate to 9.983390555080188e-06
	iters: 100, epoch: 63 | loss: 0.0524005
	speed: 0.0954s/iter; left time: 926.2512s
	iters: 200, epoch: 63 | loss: 0.0793983
	speed: 0.0086s/iter; left time: 82.2114s
Epoch: 63 cost time: 4.68494439125061
Epoch: 63, Steps: 258 | Train Loss: 0.0721784 Vali Loss: 0.0490684 Test Loss: 0.0268849
EarlyStopping counter: 12 out of 100
Updating learning rate to 8.98505149957217e-06
	iters: 100, epoch: 64 | loss: 0.0852229
	speed: 0.0886s/iter; left time: 836.8847s
	iters: 200, epoch: 64 | loss: 0.0669003
	speed: 0.0042s/iter; left time: 39.1474s
Epoch: 64 cost time: 3.312469959259033
Epoch: 64, Steps: 258 | Train Loss: 0.0722954 Vali Loss: 0.0490791 Test Loss: 0.0266638
EarlyStopping counter: 13 out of 100
Updating learning rate to 8.086546349614953e-06
	iters: 100, epoch: 65 | loss: 0.0597914
	speed: 0.0851s/iter; left time: 782.0003s
	iters: 200, epoch: 65 | loss: 0.0648926
	speed: 0.0055s/iter; left time: 49.7790s
Epoch: 65 cost time: 3.994340419769287
Epoch: 65, Steps: 258 | Train Loss: 0.0722952 Vali Loss: 0.0491642 Test Loss: 0.0260993
EarlyStopping counter: 14 out of 100
Updating learning rate to 7.2778917146534576e-06
	iters: 100, epoch: 66 | loss: 0.0642812
	speed: 0.0891s/iter; left time: 796.0378s
	iters: 200, epoch: 66 | loss: 0.0730072
	speed: 0.0077s/iter; left time: 67.6673s
Epoch: 66 cost time: 4.084227561950684
Epoch: 66, Steps: 258 | Train Loss: 0.0722498 Vali Loss: 0.0492809 Test Loss: 0.0273460
EarlyStopping counter: 15 out of 100
Updating learning rate to 6.550102543188111e-06
	iters: 100, epoch: 67 | loss: 0.0838773
	speed: 0.0934s/iter; left time: 810.4453s
	iters: 200, epoch: 67 | loss: 0.0757889
	speed: 0.0072s/iter; left time: 61.9176s
Epoch: 67 cost time: 4.360159873962402
Epoch: 67, Steps: 258 | Train Loss: 0.0722519 Vali Loss: 0.0492670 Test Loss: 0.0269838
EarlyStopping counter: 16 out of 100
Updating learning rate to 5.895092288869301e-06
	iters: 100, epoch: 68 | loss: 0.0538374
	speed: 0.0928s/iter; left time: 781.3144s
	iters: 200, epoch: 68 | loss: 0.0725516
	speed: 0.0072s/iter; left time: 59.6355s
Epoch: 68 cost time: 4.093227386474609
Epoch: 68, Steps: 258 | Train Loss: 0.0723090 Vali Loss: 0.0491778 Test Loss: 0.0267217
EarlyStopping counter: 17 out of 100
Updating learning rate to 5.30558305998237e-06
	iters: 100, epoch: 69 | loss: 0.0359386
	speed: 0.0898s/iter; left time: 732.5768s
	iters: 200, epoch: 69 | loss: 0.0457815
	speed: 0.0073s/iter; left time: 58.4328s
Epoch: 69 cost time: 4.308431625366211
Epoch: 69, Steps: 258 | Train Loss: 0.0721466 Vali Loss: 0.0492391 Test Loss: 0.0268116
EarlyStopping counter: 18 out of 100
Updating learning rate to 4.775024753984134e-06
	iters: 100, epoch: 70 | loss: 0.0747269
	speed: 0.0868s/iter; left time: 685.2434s
	iters: 200, epoch: 70 | loss: 0.0732237
	speed: 0.0065s/iter; left time: 51.0681s
Epoch: 70 cost time: 3.7346351146698
Epoch: 70, Steps: 258 | Train Loss: 0.0721731 Vali Loss: 0.0492652 Test Loss: 0.0270287
EarlyStopping counter: 19 out of 100
Updating learning rate to 4.29752227858572e-06
	iters: 100, epoch: 71 | loss: 0.0786439
	speed: 0.0918s/iter; left time: 701.7125s
	iters: 200, epoch: 71 | loss: 0.0480270
	speed: 0.0073s/iter; left time: 55.0708s
Epoch: 71 cost time: 4.2881176471710205
Epoch: 71, Steps: 258 | Train Loss: 0.0723307 Vali Loss: 0.0491205 Test Loss: 0.0262045
EarlyStopping counter: 20 out of 100
Updating learning rate to 3.867770050727149e-06
	iters: 100, epoch: 72 | loss: 0.0858936
	speed: 0.0947s/iter; left time: 698.8367s
	iters: 200, epoch: 72 | loss: 0.0696011
	speed: 0.0075s/iter; left time: 54.8222s
Epoch: 72 cost time: 4.463487863540649
Epoch: 72, Steps: 258 | Train Loss: 0.0722671 Vali Loss: 0.0492104 Test Loss: 0.0266515
EarlyStopping counter: 21 out of 100
Updating learning rate to 3.480993045654434e-06
	iters: 100, epoch: 73 | loss: 0.0582900
	speed: 0.0928s/iter; left time: 661.4754s
	iters: 200, epoch: 73 | loss: 0.0997695
	speed: 0.0068s/iter; left time: 47.7207s
Epoch: 73 cost time: 4.271217584609985
Epoch: 73, Steps: 258 | Train Loss: 0.0723112 Vali Loss: 0.0492011 Test Loss: 0.0266458
EarlyStopping counter: 22 out of 100
Updating learning rate to 3.1328937410889903e-06
	iters: 100, epoch: 74 | loss: 0.0641167
	speed: 0.0898s/iter; left time: 616.6056s
	iters: 200, epoch: 74 | loss: 0.0612284
	speed: 0.0082s/iter; left time: 55.3898s
Epoch: 74 cost time: 4.118969202041626
Epoch: 74, Steps: 258 | Train Loss: 0.0722142 Vali Loss: 0.0491804 Test Loss: 0.0267078
EarlyStopping counter: 23 out of 100
Updating learning rate to 2.8196043669800917e-06
	iters: 100, epoch: 75 | loss: 0.0545825
	speed: 0.0883s/iter; left time: 583.8752s
	iters: 200, epoch: 75 | loss: 0.0736146
	speed: 0.0076s/iter; left time: 49.4462s
Epoch: 75 cost time: 4.1652867794036865
Epoch: 75, Steps: 258 | Train Loss: 0.0723108 Vali Loss: 0.0489614 Test Loss: 0.0267206
Validation loss decreased (0.049054 --> 0.048961).  Saving model ...
Updating learning rate to 2.5376439302820827e-06
	iters: 100, epoch: 76 | loss: 0.0682329
	speed: 0.0982s/iter; left time: 623.9044s
	iters: 200, epoch: 76 | loss: 0.0958759
	speed: 0.0065s/iter; left time: 40.6607s
Epoch: 76 cost time: 4.205232858657837
Epoch: 76, Steps: 258 | Train Loss: 0.0722534 Vali Loss: 0.0492099 Test Loss: 0.0265462
EarlyStopping counter: 1 out of 100
Updating learning rate to 2.2838795372538745e-06
	iters: 100, epoch: 77 | loss: 0.0870184
	speed: 0.0904s/iter; left time: 550.5592s
	iters: 200, epoch: 77 | loss: 0.0792231
	speed: 0.0071s/iter; left time: 42.4590s
Epoch: 77 cost time: 3.8440403938293457
Epoch: 77, Steps: 258 | Train Loss: 0.0722508 Vali Loss: 0.0492104 Test Loss: 0.0266109
EarlyStopping counter: 2 out of 100
Updating learning rate to 2.0554915835284873e-06
	iters: 100, epoch: 78 | loss: 0.0530244
	speed: 0.0855s/iter; left time: 499.0442s
	iters: 200, epoch: 78 | loss: 0.0757659
	speed: 0.0045s/iter; left time: 25.6544s
Epoch: 78 cost time: 3.498959541320801
Epoch: 78, Steps: 258 | Train Loss: 0.0722369 Vali Loss: 0.0491401 Test Loss: 0.0266297
EarlyStopping counter: 3 out of 100
Updating learning rate to 1.8499424251756383e-06
	iters: 100, epoch: 79 | loss: 0.0640209
	speed: 0.0913s/iter; left time: 508.9487s
	iters: 200, epoch: 79 | loss: 0.0579295
	speed: 0.0080s/iter; left time: 44.0570s
Epoch: 79 cost time: 4.317658185958862
Epoch: 79, Steps: 258 | Train Loss: 0.0722240 Vali Loss: 0.0491706 Test Loss: 0.0265830
EarlyStopping counter: 4 out of 100
Updating learning rate to 1.6649481826580745e-06
	iters: 100, epoch: 80 | loss: 0.0557167
	speed: 0.0894s/iter; left time: 475.7837s
	iters: 200, epoch: 80 | loss: 0.0621512
	speed: 0.0067s/iter; left time: 34.8157s
Epoch: 80 cost time: 4.2458717823028564
Epoch: 80, Steps: 258 | Train Loss: 0.0722365 Vali Loss: 0.0492242 Test Loss: 0.0265685
EarlyStopping counter: 5 out of 100
Updating learning rate to 1.498453364392267e-06
	iters: 100, epoch: 81 | loss: 0.0677334
	speed: 0.0905s/iter; left time: 457.9835s
	iters: 200, epoch: 81 | loss: 0.0511185
	speed: 0.0075s/iter; left time: 37.3148s
Epoch: 81 cost time: 4.29737663269043
Epoch: 81, Steps: 258 | Train Loss: 0.0722247 Vali Loss: 0.0491200 Test Loss: 0.0265031
EarlyStopping counter: 6 out of 100
Updating learning rate to 1.3486080279530405e-06
	iters: 100, epoch: 82 | loss: 0.0935416
	speed: 0.0940s/iter; left time: 451.4349s
	iters: 200, epoch: 82 | loss: 0.0613944
	speed: 0.0065s/iter; left time: 30.4370s
Epoch: 82 cost time: 4.314202785491943
Epoch: 82, Steps: 258 | Train Loss: 0.0721936 Vali Loss: 0.0490644 Test Loss: 0.0265337
EarlyStopping counter: 7 out of 100
Updating learning rate to 1.2137472251577364e-06
	iters: 100, epoch: 83 | loss: 0.0763170
	speed: 0.0939s/iter; left time: 426.9316s
	iters: 200, epoch: 83 | loss: 0.0730091
	speed: 0.0081s/iter; left time: 35.9848s
Epoch: 83 cost time: 4.557868480682373
Epoch: 83, Steps: 258 | Train Loss: 0.0722125 Vali Loss: 0.0491505 Test Loss: 0.0266131
EarlyStopping counter: 8 out of 100
Updating learning rate to 1.0923725026419628e-06
	iters: 100, epoch: 84 | loss: 0.0590112
	speed: 0.0950s/iter; left time: 407.2562s
	iters: 200, epoch: 84 | loss: 0.0753520
	speed: 0.0064s/iter; left time: 26.8604s
Epoch: 84 cost time: 4.18000340461731
Epoch: 84, Steps: 258 | Train Loss: 0.0720818 Vali Loss: 0.0491856 Test Loss: 0.0266367
EarlyStopping counter: 9 out of 100
Updating learning rate to 9.831352523777667e-07
	iters: 100, epoch: 85 | loss: 0.0593352
	speed: 0.0896s/iter; left time: 361.0087s
	iters: 200, epoch: 85 | loss: 0.0752991
	speed: 0.0042s/iter; left time: 16.3503s
Epoch: 85 cost time: 3.6889841556549072
Epoch: 85, Steps: 258 | Train Loss: 0.0721678 Vali Loss: 0.0491866 Test Loss: 0.0266128
EarlyStopping counter: 10 out of 100
Updating learning rate to 8.848217271399899e-07
	iters: 100, epoch: 86 | loss: 0.0664268
	speed: 0.0937s/iter; left time: 353.4634s
	iters: 200, epoch: 86 | loss: 0.0813007
	speed: 0.0082s/iter; left time: 30.0294s
Epoch: 86 cost time: 4.5539116859436035
Epoch: 86, Steps: 258 | Train Loss: 0.0722231 Vali Loss: 0.0491528 Test Loss: 0.0265058
EarlyStopping counter: 11 out of 100
Updating learning rate to 7.963395544259909e-07
	iters: 100, epoch: 87 | loss: 0.0892995
	speed: 0.0926s/iter; left time: 325.2775s
	iters: 200, epoch: 87 | loss: 0.0591214
	speed: 0.0075s/iter; left time: 25.6442s
Epoch: 87 cost time: 4.371782541275024
Epoch: 87, Steps: 258 | Train Loss: 0.0722699 Vali Loss: 0.0492194 Test Loss: 0.0266307
EarlyStopping counter: 12 out of 100
Updating learning rate to 7.167055989833918e-07
	iters: 100, epoch: 88 | loss: 0.0870016
	speed: 0.0904s/iter; left time: 294.3333s
	iters: 200, epoch: 88 | loss: 0.0982324
	speed: 0.0076s/iter; left time: 23.8675s
Epoch: 88 cost time: 4.3462605476379395
Epoch: 88, Steps: 258 | Train Loss: 0.0722802 Vali Loss: 0.0492172 Test Loss: 0.0266448
EarlyStopping counter: 13 out of 100
Updating learning rate to 6.450350390850527e-07
	iters: 100, epoch: 89 | loss: 0.0573541
	speed: 0.0902s/iter; left time: 270.3728s
	iters: 200, epoch: 89 | loss: 0.0730634
	speed: 0.0070s/iter; left time: 20.4174s
Epoch: 89 cost time: 4.056825160980225
Epoch: 89, Steps: 258 | Train Loss: 0.0721883 Vali Loss: 0.0491666 Test Loss: 0.0265929
EarlyStopping counter: 14 out of 100
Updating learning rate to 5.805315351765474e-07
	iters: 100, epoch: 90 | loss: 0.0665553
	speed: 0.0938s/iter; left time: 257.0371s
	iters: 200, epoch: 90 | loss: 0.0511847
	speed: 0.0065s/iter; left time: 17.2392s
Epoch: 90 cost time: 4.179134368896484
Epoch: 90, Steps: 258 | Train Loss: 0.0722973 Vali Loss: 0.0492437 Test Loss: 0.0265850
EarlyStopping counter: 15 out of 100
Updating learning rate to 5.224783816588927e-07
	iters: 100, epoch: 91 | loss: 0.0492795
	speed: 0.0962s/iter; left time: 238.7559s
	iters: 200, epoch: 91 | loss: 0.0653592
	speed: 0.0076s/iter; left time: 18.0139s
Epoch: 91 cost time: 4.252434968948364
Epoch: 91, Steps: 258 | Train Loss: 0.0722457 Vali Loss: 0.0492551 Test Loss: 0.0266010
EarlyStopping counter: 16 out of 100
Updating learning rate to 4.702305434930034e-07
	iters: 100, epoch: 92 | loss: 0.0872781
	speed: 0.0884s/iter; left time: 196.4052s
	iters: 200, epoch: 92 | loss: 0.0548136
	speed: 0.0080s/iter; left time: 16.9429s
Epoch: 92 cost time: 4.270544767379761
Epoch: 92, Steps: 258 | Train Loss: 0.0722520 Vali Loss: 0.0491269 Test Loss: 0.0266143
EarlyStopping counter: 17 out of 100
Updating learning rate to 4.2320748914370315e-07
	iters: 100, epoch: 93 | loss: 0.0865470
	speed: 0.0881s/iter; left time: 173.0675s
	iters: 200, epoch: 93 | loss: 0.1397966
	speed: 0.0069s/iter; left time: 12.8985s
Epoch: 93 cost time: 4.04115891456604
Epoch: 93, Steps: 258 | Train Loss: 0.0721004 Vali Loss: 0.0492217 Test Loss: 0.0266003
EarlyStopping counter: 18 out of 100
Updating learning rate to 3.8088674022933284e-07
	iters: 100, epoch: 94 | loss: 0.0497882
	speed: 0.0939s/iter; left time: 160.2152s
	iters: 200, epoch: 94 | loss: 0.0593038
	speed: 0.0070s/iter; left time: 11.2923s
Epoch: 94 cost time: 4.398353815078735
Epoch: 94, Steps: 258 | Train Loss: 0.0722863 Vali Loss: 0.0491897 Test Loss: 0.0266103
EarlyStopping counter: 19 out of 100
Updating learning rate to 3.4279806620639953e-07
	iters: 100, epoch: 95 | loss: 0.0816067
	speed: 0.0901s/iter; left time: 130.6081s
	iters: 200, epoch: 95 | loss: 0.0860049
	speed: 0.0064s/iter; left time: 8.5947s
Epoch: 95 cost time: 4.288828134536743
Epoch: 95, Steps: 258 | Train Loss: 0.0722977 Vali Loss: 0.0492024 Test Loss: 0.0265873
EarlyStopping counter: 20 out of 100
Updating learning rate to 3.085182595857596e-07
	iters: 100, epoch: 96 | loss: 0.0395599
	speed: 0.0891s/iter; left time: 106.0722s
	iters: 200, epoch: 96 | loss: 0.0660286
	speed: 0.0045s/iter; left time: 4.9410s
Epoch: 96 cost time: 3.537965774536133
Epoch: 96, Steps: 258 | Train Loss: 0.0722739 Vali Loss: 0.0491441 Test Loss: 0.0266037
EarlyStopping counter: 21 out of 100
Updating learning rate to 2.7766643362718364e-07
	iters: 100, epoch: 97 | loss: 0.0743243
	speed: 0.0898s/iter; left time: 83.7570s
	iters: 200, epoch: 97 | loss: 0.0667771
	speed: 0.0082s/iter; left time: 6.8673s
Epoch: 97 cost time: 4.491007566452026
Epoch: 97, Steps: 258 | Train Loss: 0.0722550 Vali Loss: 0.0491347 Test Loss: 0.0265779
EarlyStopping counter: 22 out of 100
Updating learning rate to 2.498997902644653e-07
	iters: 100, epoch: 98 | loss: 0.1066220
	speed: 0.0971s/iter; left time: 65.5744s
	iters: 200, epoch: 98 | loss: 0.0909906
	speed: 0.0081s/iter; left time: 4.6755s
Epoch: 98 cost time: 4.428890228271484
Epoch: 98, Steps: 258 | Train Loss: 0.0722814 Vali Loss: 0.0489809 Test Loss: 0.0265776
EarlyStopping counter: 23 out of 100
Updating learning rate to 2.2490981123801874e-07
	iters: 100, epoch: 99 | loss: 0.0871925
	speed: 0.0913s/iter; left time: 38.0857s
	iters: 200, epoch: 99 | loss: 0.1218092
	speed: 0.0064s/iter; left time: 2.0242s
Epoch: 99 cost time: 3.8710532188415527
Epoch: 99, Steps: 258 | Train Loss: 0.0723077 Vali Loss: 0.0491877 Test Loss: 0.0266167
EarlyStopping counter: 24 out of 100
Updating learning rate to 2.024188301142169e-07
	iters: 100, epoch: 100 | loss: 0.0793079
	speed: 0.0908s/iter; left time: 14.4319s
	iters: 200, epoch: 100 | loss: 0.0670946
	speed: 0.0085s/iter; left time: 0.5034s
Epoch: 100 cost time: 4.390517950057983
Epoch: 100, Steps: 258 | Train Loss: 0.0722024 Vali Loss: 0.0492523 Test Loss: 0.0265995
EarlyStopping counter: 25 out of 100
Updating learning rate to 1.821769471027952e-07
>>>>>>>testing : ETTh1_336_24_DLinear_ETTh1_ftS_sl336_ll48_pl24_dm512_nh8_el2_dl1_df2048_fc1_ebtimeF_dtTrue_Exp_0<<<<<<<<<<<<<<<<<<<<<<<<<<<<<<<<<
test 2857
mse:0.026720581576228142, mae:0.12303847074508667, rse:0.47837406396865845
