Args in experiment:
Namespace(activation='gelu', affine=0, batch_size=32, c_out=7, checkpoints='./checkpoints/', d_ff=2048, d_layers=1, d_model=512, data='ETTh2', data_path='ETTh2.csv', dec_in=7, decomposition=0, des='Exp', devices='0,1,2,3', distil=True, do_predict=False, dropout=0.05, e_layers=2, embed='timeF', embed_type=0, enc_in=1, factor=1, fc_dropout=0.05, features='S', freq='h', gpu=0, head_dropout=0.0, individual=0, is_training=1, itr=1, kernel_size=25, label_len=48, learning_rate=0.005, loss='mse', lradj='type3', model='DLinear', model_id='ETTh2_336_336', moving_avg=25, n_heads=8, num_workers=10, output_attention=False, padding_patch='end', patch_len=16, patience=100, pct_start=0.3, pred_len=336, random_seed=2021, revin=1, root_path='./dataset/', seq_len=336, stride=8, subtract_last=0, target='OT', test_flop=False, train_epochs=100, use_amp=False, use_gpu=True, use_multi_gpu=False)
Use GPU: cuda:0
>>>>>>>start training : ETTh2_336_336_DLinear_ETTh2_ftS_sl336_ll48_pl336_dm512_nh8_el2_dl1_df2048_fc1_ebtimeF_dtTrue_Exp_0>>>>>>>>>>>>>>>>>>>>>>>>>>
train 7969
val 2545
test 2545
	iters: 100, epoch: 1 | loss: 0.3175553
	speed: 0.0220s/iter; left time: 544.9543s
	iters: 200, epoch: 1 | loss: 0.2336359
	speed: 0.0041s/iter; left time: 100.5646s
Epoch: 1 cost time: 2.9289395809173584
Epoch: 1, Steps: 249 | Train Loss: 0.3025388 Vali Loss: 0.2621767 Test Loss: 0.2258899
Validation loss decreased (inf --> 0.262177).  Saving model ...
Updating learning rate to 0.005
	iters: 100, epoch: 2 | loss: 0.2443311
	speed: 0.0781s/iter; left time: 1916.5184s
	iters: 200, epoch: 2 | loss: 0.2576408
	speed: 0.0042s/iter; left time: 102.8893s
Epoch: 2 cost time: 3.138087272644043
Epoch: 2, Steps: 249 | Train Loss: 0.2788301 Vali Loss: 0.3003628 Test Loss: 0.2902733
EarlyStopping counter: 1 out of 100
Updating learning rate to 0.005
	iters: 100, epoch: 3 | loss: 0.2173714
	speed: 0.0815s/iter; left time: 1981.2573s
	iters: 200, epoch: 3 | loss: 0.2296314
	speed: 0.0041s/iter; left time: 99.4546s
Epoch: 3 cost time: 3.1567671298980713
Epoch: 3, Steps: 249 | Train Loss: 0.2658579 Vali Loss: 0.2863578 Test Loss: 0.2574804
EarlyStopping counter: 2 out of 100
Updating learning rate to 0.005
	iters: 100, epoch: 4 | loss: 0.3366857
	speed: 0.0750s/iter; left time: 1804.3697s
	iters: 200, epoch: 4 | loss: 0.3225017
	speed: 0.0044s/iter; left time: 105.4566s
Epoch: 4 cost time: 3.193490743637085
Epoch: 4, Steps: 249 | Train Loss: 0.2800365 Vali Loss: 0.3015655 Test Loss: 0.2397805
EarlyStopping counter: 3 out of 100
Updating learning rate to 0.0045000000000000005
	iters: 100, epoch: 5 | loss: 0.2901200
	speed: 0.0757s/iter; left time: 1801.8226s
	iters: 200, epoch: 5 | loss: 0.1861323
	speed: 0.0042s/iter; left time: 100.3650s
Epoch: 5 cost time: 3.192457675933838
Epoch: 5, Steps: 249 | Train Loss: 0.2736879 Vali Loss: 0.3248883 Test Loss: 0.3653820
EarlyStopping counter: 4 out of 100
Updating learning rate to 0.004050000000000001
	iters: 100, epoch: 6 | loss: 0.2478425
	speed: 0.0784s/iter; left time: 1847.2649s
	iters: 200, epoch: 6 | loss: 0.2745914
	speed: 0.0042s/iter; left time: 98.5392s
Epoch: 6 cost time: 3.1032674312591553
Epoch: 6, Steps: 249 | Train Loss: 0.2579545 Vali Loss: 0.2860292 Test Loss: 0.2413855
EarlyStopping counter: 5 out of 100
Updating learning rate to 0.0036450000000000007
	iters: 100, epoch: 7 | loss: 0.2159016
	speed: 0.0791s/iter; left time: 1843.7102s
	iters: 200, epoch: 7 | loss: 0.2788354
	speed: 0.0043s/iter; left time: 99.0291s
Epoch: 7 cost time: 3.3191096782684326
Epoch: 7, Steps: 249 | Train Loss: 0.2541921 Vali Loss: 0.2770835 Test Loss: 0.2457834
EarlyStopping counter: 6 out of 100
Updating learning rate to 0.0032805
	iters: 100, epoch: 8 | loss: 0.1814568
	speed: 0.0909s/iter; left time: 2095.1232s
	iters: 200, epoch: 8 | loss: 0.2390946
	speed: 0.0059s/iter; left time: 136.2589s
Epoch: 8 cost time: 4.681798458099365
Epoch: 8, Steps: 249 | Train Loss: 0.2515737 Vali Loss: 0.2709901 Test Loss: 0.2504155
EarlyStopping counter: 7 out of 100
Updating learning rate to 0.0029524500000000006
	iters: 100, epoch: 9 | loss: 0.2532005
	speed: 0.0827s/iter; left time: 1885.7353s
	iters: 200, epoch: 9 | loss: 0.2458704
	speed: 0.0052s/iter; left time: 117.3622s
Epoch: 9 cost time: 3.518491744995117
Epoch: 9, Steps: 249 | Train Loss: 0.2447858 Vali Loss: 0.2598459 Test Loss: 0.2261432
Validation loss decreased (0.262177 --> 0.259846).  Saving model ...
Updating learning rate to 0.002657205
	iters: 100, epoch: 10 | loss: 0.2704562
	speed: 0.0814s/iter; left time: 1837.4295s
	iters: 200, epoch: 10 | loss: 0.2374926
	speed: 0.0066s/iter; left time: 148.6599s
Epoch: 10 cost time: 3.583831310272217
Epoch: 10, Steps: 249 | Train Loss: 0.2474528 Vali Loss: 0.2558650 Test Loss: 0.2365831
Validation loss decreased (0.259846 --> 0.255865).  Saving model ...
Updating learning rate to 0.0023914845000000003
	iters: 100, epoch: 11 | loss: 0.2477969
	speed: 0.0760s/iter; left time: 1694.6040s
	iters: 200, epoch: 11 | loss: 0.1861486
	speed: 0.0075s/iter; left time: 167.3669s
Epoch: 11 cost time: 3.654461622238159
Epoch: 11, Steps: 249 | Train Loss: 0.2406277 Vali Loss: 0.2742058 Test Loss: 0.2203501
EarlyStopping counter: 1 out of 100
Updating learning rate to 0.0021523360500000006
	iters: 100, epoch: 12 | loss: 0.2095752
	speed: 0.0787s/iter; left time: 1736.5139s
	iters: 200, epoch: 12 | loss: 0.2420085
	speed: 0.0041s/iter; left time: 90.0216s
Epoch: 12 cost time: 3.219888925552368
Epoch: 12, Steps: 249 | Train Loss: 0.2410800 Vali Loss: 0.2548386 Test Loss: 0.2330500
Validation loss decreased (0.255865 --> 0.254839).  Saving model ...
Updating learning rate to 0.0019371024450000004
	iters: 100, epoch: 13 | loss: 0.2707741
	speed: 0.0860s/iter; left time: 1875.5535s
	iters: 200, epoch: 13 | loss: 0.2032577
	speed: 0.0099s/iter; left time: 215.6226s
Epoch: 13 cost time: 4.404791831970215
Epoch: 13, Steps: 249 | Train Loss: 0.2393421 Vali Loss: 0.2753072 Test Loss: 0.2085516
EarlyStopping counter: 1 out of 100
Updating learning rate to 0.0017433922005000006
	iters: 100, epoch: 14 | loss: 0.2794164
	speed: 0.0828s/iter; left time: 1784.7771s
	iters: 200, epoch: 14 | loss: 0.2618764
	speed: 0.0041s/iter; left time: 88.8178s
Epoch: 14 cost time: 3.1727123260498047
Epoch: 14, Steps: 249 | Train Loss: 0.2368210 Vali Loss: 0.2622524 Test Loss: 0.2181631
EarlyStopping counter: 2 out of 100
Updating learning rate to 0.0015690529804500003
	iters: 100, epoch: 15 | loss: 0.1989838
	speed: 0.0784s/iter; left time: 1670.7552s
	iters: 200, epoch: 15 | loss: 0.2302148
	speed: 0.0071s/iter; left time: 149.6699s
Epoch: 15 cost time: 3.8039467334747314
Epoch: 15, Steps: 249 | Train Loss: 0.2376562 Vali Loss: 0.2531955 Test Loss: 0.2314992
Validation loss decreased (0.254839 --> 0.253195).  Saving model ...
Updating learning rate to 0.0014121476824050007
	iters: 100, epoch: 16 | loss: 0.1915791
	speed: 0.0842s/iter; left time: 1773.1870s
	iters: 200, epoch: 16 | loss: 0.2381398
	speed: 0.0045s/iter; left time: 95.2665s
Epoch: 16 cost time: 3.633028030395508
Epoch: 16, Steps: 249 | Train Loss: 0.2339986 Vali Loss: 0.2662790 Test Loss: 0.2415965
EarlyStopping counter: 1 out of 100
Updating learning rate to 0.0012709329141645004
	iters: 100, epoch: 17 | loss: 0.1942193
	speed: 0.0793s/iter; left time: 1651.4595s
	iters: 200, epoch: 17 | loss: 0.2045043
	speed: 0.0041s/iter; left time: 85.5059s
Epoch: 17 cost time: 3.458869218826294
Epoch: 17, Steps: 249 | Train Loss: 0.2305298 Vali Loss: 0.2821213 Test Loss: 0.3001693
EarlyStopping counter: 2 out of 100
Updating learning rate to 0.0011438396227480504
	iters: 100, epoch: 18 | loss: 0.2362199
	speed: 0.0817s/iter; left time: 1680.1735s
	iters: 200, epoch: 18 | loss: 0.2106962
	speed: 0.0063s/iter; left time: 128.9600s
Epoch: 18 cost time: 3.790029764175415
Epoch: 18, Steps: 249 | Train Loss: 0.2308166 Vali Loss: 0.2615384 Test Loss: 0.2502353
EarlyStopping counter: 3 out of 100
Updating learning rate to 0.0010294556604732454
	iters: 100, epoch: 19 | loss: 0.2117293
	speed: 0.0854s/iter; left time: 1736.0122s
	iters: 200, epoch: 19 | loss: 0.2455885
	speed: 0.0063s/iter; left time: 127.0753s
Epoch: 19 cost time: 3.628466844558716
Epoch: 19, Steps: 249 | Train Loss: 0.2287667 Vali Loss: 0.2499861 Test Loss: 0.2132882
Validation loss decreased (0.253195 --> 0.249986).  Saving model ...
Updating learning rate to 0.0009265100944259208
	iters: 100, epoch: 20 | loss: 0.2292880
	speed: 0.0796s/iter; left time: 1597.3669s
	iters: 200, epoch: 20 | loss: 0.2472738
	speed: 0.0045s/iter; left time: 90.7118s
Epoch: 20 cost time: 3.5801146030426025
Epoch: 20, Steps: 249 | Train Loss: 0.2303134 Vali Loss: 0.2517605 Test Loss: 0.2002590
EarlyStopping counter: 1 out of 100
Updating learning rate to 0.0008338590849833288
	iters: 100, epoch: 21 | loss: 0.2902321
	speed: 0.0818s/iter; left time: 1620.4313s
	iters: 200, epoch: 21 | loss: 0.2989818
	speed: 0.0043s/iter; left time: 85.3978s
Epoch: 21 cost time: 3.553917407989502
Epoch: 21, Steps: 249 | Train Loss: 0.2258878 Vali Loss: 0.2509928 Test Loss: 0.2340304
EarlyStopping counter: 2 out of 100
Updating learning rate to 0.0007504731764849959
	iters: 100, epoch: 22 | loss: 0.2072274
	speed: 0.0763s/iter; left time: 1493.1738s
	iters: 200, epoch: 22 | loss: 0.2140502
	speed: 0.0040s/iter; left time: 76.9373s
Epoch: 22 cost time: 3.113368034362793
Epoch: 22, Steps: 249 | Train Loss: 0.2265176 Vali Loss: 0.2527192 Test Loss: 0.2360225
EarlyStopping counter: 3 out of 100
Updating learning rate to 0.0006754258588364964
	iters: 100, epoch: 23 | loss: 0.2152090
	speed: 0.0828s/iter; left time: 1600.8531s
	iters: 200, epoch: 23 | loss: 0.2634946
	speed: 0.0074s/iter; left time: 142.9616s
Epoch: 23 cost time: 3.8565561771392822
Epoch: 23, Steps: 249 | Train Loss: 0.2240018 Vali Loss: 0.2470304 Test Loss: 0.2171964
Validation loss decreased (0.249986 --> 0.247030).  Saving model ...
Updating learning rate to 0.0006078832729528468
	iters: 100, epoch: 24 | loss: 0.3018378
	speed: 0.0851s/iter; left time: 1623.5371s
	iters: 200, epoch: 24 | loss: 0.1987127
	speed: 0.0041s/iter; left time: 77.9004s
Epoch: 24 cost time: 3.213979721069336
Epoch: 24, Steps: 249 | Train Loss: 0.2242119 Vali Loss: 0.2449729 Test Loss: 0.2193738
Validation loss decreased (0.247030 --> 0.244973).  Saving model ...
Updating learning rate to 0.0005470949456575622
	iters: 100, epoch: 25 | loss: 0.2279677
	speed: 0.0784s/iter; left time: 1475.0677s
	iters: 200, epoch: 25 | loss: 0.2575306
	speed: 0.0042s/iter; left time: 78.2821s
Epoch: 25 cost time: 3.2543983459472656
Epoch: 25, Steps: 249 | Train Loss: 0.2244463 Vali Loss: 0.2461590 Test Loss: 0.2170060
EarlyStopping counter: 1 out of 100
Updating learning rate to 0.0004923854510918059
	iters: 100, epoch: 26 | loss: 0.1693351
	speed: 0.0787s/iter; left time: 1461.6082s
	iters: 200, epoch: 26 | loss: 0.2089472
	speed: 0.0041s/iter; left time: 75.9785s
Epoch: 26 cost time: 3.3035850524902344
Epoch: 26, Steps: 249 | Train Loss: 0.2228260 Vali Loss: 0.2466141 Test Loss: 0.2162043
EarlyStopping counter: 2 out of 100
Updating learning rate to 0.00044314690598262535
	iters: 100, epoch: 27 | loss: 0.1885570
	speed: 0.0831s/iter; left time: 1522.7706s
	iters: 200, epoch: 27 | loss: 0.2609688
	speed: 0.0038s/iter; left time: 68.6667s
Epoch: 27 cost time: 3.613942861557007
Epoch: 27, Steps: 249 | Train Loss: 0.2222340 Vali Loss: 0.2465734 Test Loss: 0.2036028
EarlyStopping counter: 3 out of 100
Updating learning rate to 0.0003988322153843628
	iters: 100, epoch: 28 | loss: 0.2226814
	speed: 0.0783s/iter; left time: 1415.7782s
	iters: 200, epoch: 28 | loss: 0.2892008
	speed: 0.0042s/iter; left time: 76.2374s
Epoch: 28 cost time: 3.2467410564422607
Epoch: 28, Steps: 249 | Train Loss: 0.2224707 Vali Loss: 0.2450061 Test Loss: 0.2259472
EarlyStopping counter: 4 out of 100
Updating learning rate to 0.0003589489938459265
	iters: 100, epoch: 29 | loss: 0.1896050
	speed: 0.0786s/iter; left time: 1401.3357s
	iters: 200, epoch: 29 | loss: 0.2092460
	speed: 0.0039s/iter; left time: 69.0877s
Epoch: 29 cost time: 3.123978614807129
Epoch: 29, Steps: 249 | Train Loss: 0.2206399 Vali Loss: 0.2410014 Test Loss: 0.2095615
Validation loss decreased (0.244973 --> 0.241001).  Saving model ...
Updating learning rate to 0.00032305409446133386
	iters: 100, epoch: 30 | loss: 0.2105694
	speed: 0.0870s/iter; left time: 1529.9146s
	iters: 200, epoch: 30 | loss: 0.2412474
	speed: 0.0069s/iter; left time: 121.2294s
Epoch: 30 cost time: 4.280149936676025
Epoch: 30, Steps: 249 | Train Loss: 0.2199485 Vali Loss: 0.2469201 Test Loss: 0.2233655
EarlyStopping counter: 1 out of 100
Updating learning rate to 0.0002907486850152005
	iters: 100, epoch: 31 | loss: 0.1987607
	speed: 0.0816s/iter; left time: 1413.6042s
	iters: 200, epoch: 31 | loss: 0.2111099
	speed: 0.0041s/iter; left time: 71.1560s
Epoch: 31 cost time: 3.320565700531006
Epoch: 31, Steps: 249 | Train Loss: 0.2204306 Vali Loss: 0.2457066 Test Loss: 0.2114619
EarlyStopping counter: 2 out of 100
Updating learning rate to 0.0002616738165136805
	iters: 100, epoch: 32 | loss: 0.2353082
	speed: 0.0797s/iter; left time: 1361.8079s
	iters: 200, epoch: 32 | loss: 0.1904140
	speed: 0.0042s/iter; left time: 70.6509s
Epoch: 32 cost time: 3.5883984565734863
Epoch: 32, Steps: 249 | Train Loss: 0.2196252 Vali Loss: 0.2429552 Test Loss: 0.2056294
EarlyStopping counter: 3 out of 100
Updating learning rate to 0.00023550643486231244
	iters: 100, epoch: 33 | loss: 0.1902460
	speed: 0.0889s/iter; left time: 1495.9348s
	iters: 200, epoch: 33 | loss: 0.1595495
	speed: 0.0063s/iter; left time: 105.3612s
Epoch: 33 cost time: 4.211646318435669
Epoch: 33, Steps: 249 | Train Loss: 0.2194317 Vali Loss: 0.2429009 Test Loss: 0.2201312
EarlyStopping counter: 4 out of 100
Updating learning rate to 0.0002119557913760812
	iters: 100, epoch: 34 | loss: 0.2563967
	speed: 0.0939s/iter; left time: 1556.5917s
	iters: 200, epoch: 34 | loss: 0.2595207
	speed: 0.0090s/iter; left time: 148.5171s
Epoch: 34 cost time: 4.563727378845215
Epoch: 34, Steps: 249 | Train Loss: 0.2187753 Vali Loss: 0.2428421 Test Loss: 0.2109864
EarlyStopping counter: 5 out of 100
Updating learning rate to 0.00019076021223847308
	iters: 100, epoch: 35 | loss: 0.2248679
	speed: 0.0949s/iter; left time: 1549.7043s
	iters: 200, epoch: 35 | loss: 0.2301906
	speed: 0.0062s/iter; left time: 99.9711s
Epoch: 35 cost time: 4.334829330444336
Epoch: 35, Steps: 249 | Train Loss: 0.2198984 Vali Loss: 0.2426586 Test Loss: 0.2213262
EarlyStopping counter: 6 out of 100
Updating learning rate to 0.00017168419101462577
	iters: 100, epoch: 36 | loss: 0.1580192
	speed: 0.0971s/iter; left time: 1561.7733s
	iters: 200, epoch: 36 | loss: 0.2172960
	speed: 0.0038s/iter; left time: 60.4358s
Epoch: 36 cost time: 3.3272433280944824
Epoch: 36, Steps: 249 | Train Loss: 0.2184578 Vali Loss: 0.2425863 Test Loss: 0.2062018
EarlyStopping counter: 7 out of 100
Updating learning rate to 0.00015451577191316317
	iters: 100, epoch: 37 | loss: 0.2083911
	speed: 0.0865s/iter; left time: 1369.2616s
	iters: 200, epoch: 37 | loss: 0.2396418
	speed: 0.0071s/iter; left time: 112.4826s
Epoch: 37 cost time: 4.180527210235596
Epoch: 37, Steps: 249 | Train Loss: 0.2180019 Vali Loss: 0.2451945 Test Loss: 0.1989089
EarlyStopping counter: 8 out of 100
Updating learning rate to 0.00013906419472184688
	iters: 100, epoch: 38 | loss: 0.2157956
	speed: 0.0836s/iter; left time: 1303.0883s
	iters: 200, epoch: 38 | loss: 0.1942006
	speed: 0.0057s/iter; left time: 88.2925s
Epoch: 38 cost time: 3.4383296966552734
Epoch: 38, Steps: 249 | Train Loss: 0.2178778 Vali Loss: 0.2438454 Test Loss: 0.2238540
EarlyStopping counter: 9 out of 100
Updating learning rate to 0.0001251577752496622
	iters: 100, epoch: 39 | loss: 0.2205243
	speed: 0.0790s/iter; left time: 1211.0309s
	iters: 200, epoch: 39 | loss: 0.2104589
	speed: 0.0041s/iter; left time: 61.9940s
Epoch: 39 cost time: 3.259167194366455
Epoch: 39, Steps: 249 | Train Loss: 0.2178007 Vali Loss: 0.2429515 Test Loss: 0.2219165
EarlyStopping counter: 10 out of 100
Updating learning rate to 0.00011264199772469597
	iters: 100, epoch: 40 | loss: 0.1915062
	speed: 0.0818s/iter; left time: 1233.9657s
	iters: 200, epoch: 40 | loss: 0.2072555
	speed: 0.0061s/iter; left time: 92.0553s
Epoch: 40 cost time: 3.688581705093384
Epoch: 40, Steps: 249 | Train Loss: 0.2174690 Vali Loss: 0.2417985 Test Loss: 0.2157450
EarlyStopping counter: 11 out of 100
Updating learning rate to 0.00010137779795222638
	iters: 100, epoch: 41 | loss: 0.2574620
	speed: 0.0847s/iter; left time: 1257.1566s
	iters: 200, epoch: 41 | loss: 0.2483377
	speed: 0.0051s/iter; left time: 75.2429s
Epoch: 41 cost time: 3.75195574760437
Epoch: 41, Steps: 249 | Train Loss: 0.2173236 Vali Loss: 0.2413731 Test Loss: 0.2063916
EarlyStopping counter: 12 out of 100
Updating learning rate to 9.124001815700375e-05
	iters: 100, epoch: 42 | loss: 0.2622393
	speed: 0.0813s/iter; left time: 1186.6397s
	iters: 200, epoch: 42 | loss: 0.2582117
	speed: 0.0040s/iter; left time: 57.4410s
Epoch: 42 cost time: 3.3743553161621094
Epoch: 42, Steps: 249 | Train Loss: 0.2173192 Vali Loss: 0.2419416 Test Loss: 0.2119813
EarlyStopping counter: 13 out of 100
Updating learning rate to 8.211601634130338e-05
	iters: 100, epoch: 43 | loss: 0.1868040
	speed: 0.0751s/iter; left time: 1076.5838s
	iters: 200, epoch: 43 | loss: 0.2551123
	speed: 0.0043s/iter; left time: 61.2493s
Epoch: 43 cost time: 3.2043163776397705
Epoch: 43, Steps: 249 | Train Loss: 0.2169081 Vali Loss: 0.2415726 Test Loss: 0.2074607
EarlyStopping counter: 14 out of 100
Updating learning rate to 7.390441470717304e-05
	iters: 100, epoch: 44 | loss: 0.2378600
	speed: 0.0798s/iter; left time: 1124.9430s
	iters: 200, epoch: 44 | loss: 0.1783547
	speed: 0.0041s/iter; left time: 57.3808s
Epoch: 44 cost time: 3.4279768466949463
Epoch: 44, Steps: 249 | Train Loss: 0.2169290 Vali Loss: 0.2411679 Test Loss: 0.2075153
EarlyStopping counter: 15 out of 100
Updating learning rate to 6.651397323645573e-05
	iters: 100, epoch: 45 | loss: 0.1994559
	speed: 0.0823s/iter; left time: 1139.9217s
	iters: 200, epoch: 45 | loss: 0.2202498
	speed: 0.0043s/iter; left time: 59.0292s
Epoch: 45 cost time: 3.360231637954712
Epoch: 45, Steps: 249 | Train Loss: 0.2167507 Vali Loss: 0.2415026 Test Loss: 0.2145729
EarlyStopping counter: 16 out of 100
Updating learning rate to 5.986257591281017e-05
	iters: 100, epoch: 46 | loss: 0.2068461
	speed: 0.0809s/iter; left time: 1099.6188s
	iters: 200, epoch: 46 | loss: 0.2025487
	speed: 0.0061s/iter; left time: 82.6954s
Epoch: 46 cost time: 3.5692107677459717
Epoch: 46, Steps: 249 | Train Loss: 0.2164992 Vali Loss: 0.2410326 Test Loss: 0.2107980
EarlyStopping counter: 17 out of 100
Updating learning rate to 5.387631832152915e-05
	iters: 100, epoch: 47 | loss: 0.2593184
	speed: 0.0771s/iter; left time: 1028.7146s
	iters: 200, epoch: 47 | loss: 0.1954197
	speed: 0.0046s/iter; left time: 61.3852s
Epoch: 47 cost time: 3.2577064037323
Epoch: 47, Steps: 249 | Train Loss: 0.2165375 Vali Loss: 0.2418511 Test Loss: 0.2036839
EarlyStopping counter: 18 out of 100
Updating learning rate to 4.848868648937624e-05
	iters: 100, epoch: 48 | loss: 0.1707755
	speed: 0.0875s/iter; left time: 1146.6603s
	iters: 200, epoch: 48 | loss: 0.2283206
	speed: 0.0051s/iter; left time: 66.0965s
Epoch: 48 cost time: 3.9888241291046143
Epoch: 48, Steps: 249 | Train Loss: 0.2164504 Vali Loss: 0.2408389 Test Loss: 0.2126232
Validation loss decreased (0.241001 --> 0.240839).  Saving model ...
Updating learning rate to 4.3639817840438614e-05
	iters: 100, epoch: 49 | loss: 0.1900940
	speed: 0.0820s/iter; left time: 1054.2103s
	iters: 200, epoch: 49 | loss: 0.2211074
	speed: 0.0052s/iter; left time: 65.7961s
Epoch: 49 cost time: 3.486299991607666
Epoch: 49, Steps: 249 | Train Loss: 0.2163902 Vali Loss: 0.2417686 Test Loss: 0.2165193
EarlyStopping counter: 1 out of 100
Updating learning rate to 3.9275836056394755e-05
	iters: 100, epoch: 50 | loss: 0.2393696
	speed: 0.0854s/iter; left time: 1075.4249s
	iters: 200, epoch: 50 | loss: 0.1689494
	speed: 0.0041s/iter; left time: 51.2080s
Epoch: 50 cost time: 3.343855381011963
Epoch: 50, Steps: 249 | Train Loss: 0.2162844 Vali Loss: 0.2412923 Test Loss: 0.2094163
EarlyStopping counter: 2 out of 100
Updating learning rate to 3.5348252450755275e-05
	iters: 100, epoch: 51 | loss: 0.2044796
	speed: 0.0858s/iter; left time: 1060.0004s
	iters: 200, epoch: 51 | loss: 0.2205815
	speed: 0.0063s/iter; left time: 77.3811s
Epoch: 51 cost time: 3.840134382247925
Epoch: 51, Steps: 249 | Train Loss: 0.2163263 Vali Loss: 0.2412119 Test Loss: 0.2051088
EarlyStopping counter: 3 out of 100
Updating learning rate to 3.181342720567975e-05
	iters: 100, epoch: 52 | loss: 0.1815573
	speed: 0.0827s/iter; left time: 1001.0870s
	iters: 200, epoch: 52 | loss: 0.2131034
	speed: 0.0053s/iter; left time: 63.5098s
Epoch: 52 cost time: 3.647918224334717
Epoch: 52, Steps: 249 | Train Loss: 0.2162668 Vali Loss: 0.2408191 Test Loss: 0.2119419
Validation loss decreased (0.240839 --> 0.240819).  Saving model ...
Updating learning rate to 2.8632084485111774e-05
	iters: 100, epoch: 53 | loss: 0.2100116
	speed: 0.0845s/iter; left time: 1001.5083s
	iters: 200, epoch: 53 | loss: 0.2506716
	speed: 0.0045s/iter; left time: 53.1511s
Epoch: 53 cost time: 3.5171589851379395
Epoch: 53, Steps: 249 | Train Loss: 0.2161280 Vali Loss: 0.2412527 Test Loss: 0.2123607
EarlyStopping counter: 1 out of 100
Updating learning rate to 2.57688760366006e-05
	iters: 100, epoch: 54 | loss: 0.2129231
	speed: 0.0772s/iter; left time: 895.9553s
	iters: 200, epoch: 54 | loss: 0.1874220
	speed: 0.0041s/iter; left time: 46.6223s
Epoch: 54 cost time: 3.2739205360412598
Epoch: 54, Steps: 249 | Train Loss: 0.2160255 Vali Loss: 0.2411769 Test Loss: 0.2124681
EarlyStopping counter: 2 out of 100
Updating learning rate to 2.3191988432940543e-05
	iters: 100, epoch: 55 | loss: 0.1980470
	speed: 0.0829s/iter; left time: 941.2517s
	iters: 200, epoch: 55 | loss: 0.1774472
	speed: 0.0049s/iter; left time: 55.4962s
Epoch: 55 cost time: 3.5225718021392822
Epoch: 55, Steps: 249 | Train Loss: 0.2160573 Vali Loss: 0.2409017 Test Loss: 0.2131797
EarlyStopping counter: 3 out of 100
Updating learning rate to 2.0872789589646487e-05
	iters: 100, epoch: 56 | loss: 0.2223520
	speed: 0.1067s/iter; left time: 1184.7226s
	iters: 200, epoch: 56 | loss: 0.1933275
	speed: 0.0093s/iter; left time: 102.0202s
Epoch: 56 cost time: 5.222748279571533
Epoch: 56, Steps: 249 | Train Loss: 0.2159808 Vali Loss: 0.2416158 Test Loss: 0.2163086
EarlyStopping counter: 4 out of 100
Updating learning rate to 1.8785510630681836e-05
	iters: 100, epoch: 57 | loss: 0.2426779
	speed: 0.0821s/iter; left time: 891.4790s
	iters: 200, epoch: 57 | loss: 0.1916212
	speed: 0.0042s/iter; left time: 45.5103s
Epoch: 57 cost time: 3.3652024269104004
Epoch: 57, Steps: 249 | Train Loss: 0.2159035 Vali Loss: 0.2406290 Test Loss: 0.2093045
Validation loss decreased (0.240819 --> 0.240629).  Saving model ...
Updating learning rate to 1.6906959567613655e-05
	iters: 100, epoch: 58 | loss: 0.2240648
	speed: 0.0851s/iter; left time: 902.3664s
	iters: 200, epoch: 58 | loss: 0.1998197
	speed: 0.0094s/iter; left time: 98.7190s
Epoch: 58 cost time: 4.505903244018555
Epoch: 58, Steps: 249 | Train Loss: 0.2158268 Vali Loss: 0.2418710 Test Loss: 0.2179403
EarlyStopping counter: 1 out of 100
Updating learning rate to 1.521626361085229e-05
	iters: 100, epoch: 59 | loss: 0.2123742
	speed: 0.0940s/iter; left time: 973.3270s
	iters: 200, epoch: 59 | loss: 0.2243437
	speed: 0.0077s/iter; left time: 79.1031s
Epoch: 59 cost time: 4.273148536682129
Epoch: 59, Steps: 249 | Train Loss: 0.2159083 Vali Loss: 0.2412700 Test Loss: 0.2129691
EarlyStopping counter: 2 out of 100
Updating learning rate to 1.369463724976706e-05
	iters: 100, epoch: 60 | loss: 0.2631362
	speed: 0.0851s/iter; left time: 860.1849s
	iters: 200, epoch: 60 | loss: 0.1993146
	speed: 0.0067s/iter; left time: 66.8974s
Epoch: 60 cost time: 3.720919609069824
Epoch: 60, Steps: 249 | Train Loss: 0.2158371 Vali Loss: 0.2408275 Test Loss: 0.2097959
EarlyStopping counter: 3 out of 100
Updating learning rate to 1.2325173524790357e-05
	iters: 100, epoch: 61 | loss: 0.1939047
	speed: 0.0853s/iter; left time: 841.2443s
	iters: 200, epoch: 61 | loss: 0.1932174
	speed: 0.0061s/iter; left time: 59.8624s
Epoch: 61 cost time: 3.758873224258423
Epoch: 61, Steps: 249 | Train Loss: 0.2157737 Vali Loss: 0.2410596 Test Loss: 0.2066218
EarlyStopping counter: 4 out of 100
Updating learning rate to 1.109265617231132e-05
	iters: 100, epoch: 62 | loss: 0.1911085
	speed: 0.0830s/iter; left time: 797.5456s
	iters: 200, epoch: 62 | loss: 0.2372424
	speed: 0.0084s/iter; left time: 79.6814s
Epoch: 62 cost time: 4.0615222454071045
Epoch: 62, Steps: 249 | Train Loss: 0.2157835 Vali Loss: 0.2410513 Test Loss: 0.2090952
EarlyStopping counter: 5 out of 100
Updating learning rate to 9.983390555080188e-06
	iters: 100, epoch: 63 | loss: 0.1807870
	speed: 0.0870s/iter; left time: 814.1635s
	iters: 200, epoch: 63 | loss: 0.2179461
	speed: 0.0057s/iter; left time: 53.0850s
Epoch: 63 cost time: 4.124896287918091
Epoch: 63, Steps: 249 | Train Loss: 0.2157986 Vali Loss: 0.2408220 Test Loss: 0.2096844
EarlyStopping counter: 6 out of 100
Updating learning rate to 8.98505149957217e-06
	iters: 100, epoch: 64 | loss: 0.1894667
	speed: 0.0844s/iter; left time: 769.5248s
	iters: 200, epoch: 64 | loss: 0.2264647
	speed: 0.0057s/iter; left time: 51.6668s
Epoch: 64 cost time: 3.8516483306884766
Epoch: 64, Steps: 249 | Train Loss: 0.2157750 Vali Loss: 0.2411079 Test Loss: 0.2120729
EarlyStopping counter: 7 out of 100
Updating learning rate to 8.086546349614953e-06
	iters: 100, epoch: 65 | loss: 0.2071176
	speed: 0.0919s/iter; left time: 814.7741s
	iters: 200, epoch: 65 | loss: 0.2145432
	speed: 0.0075s/iter; left time: 65.4014s
Epoch: 65 cost time: 4.32872748374939
Epoch: 65, Steps: 249 | Train Loss: 0.2157406 Vali Loss: 0.2405657 Test Loss: 0.2101135
Validation loss decreased (0.240629 --> 0.240566).  Saving model ...
Updating learning rate to 7.2778917146534576e-06
	iters: 100, epoch: 66 | loss: 0.2211151
	speed: 0.0865s/iter; left time: 745.2949s
	iters: 200, epoch: 66 | loss: 0.2105944
	speed: 0.0080s/iter; left time: 68.2687s
Epoch: 66 cost time: 4.300073862075806
Epoch: 66, Steps: 249 | Train Loss: 0.2157261 Vali Loss: 0.2401247 Test Loss: 0.2105594
Validation loss decreased (0.240566 --> 0.240125).  Saving model ...
Updating learning rate to 6.550102543188111e-06
	iters: 100, epoch: 67 | loss: 0.1715557
	speed: 0.0861s/iter; left time: 720.3847s
	iters: 200, epoch: 67 | loss: 0.2735401
	speed: 0.0063s/iter; left time: 52.2393s
Epoch: 67 cost time: 3.916055679321289
Epoch: 67, Steps: 249 | Train Loss: 0.2157271 Vali Loss: 0.2410547 Test Loss: 0.2119894
EarlyStopping counter: 1 out of 100
Updating learning rate to 5.895092288869301e-06
	iters: 100, epoch: 68 | loss: 0.1662348
	speed: 0.0837s/iter; left time: 679.1056s
	iters: 200, epoch: 68 | loss: 0.2138497
	speed: 0.0054s/iter; left time: 42.9256s
Epoch: 68 cost time: 3.6500797271728516
Epoch: 68, Steps: 249 | Train Loss: 0.2156977 Vali Loss: 0.2407649 Test Loss: 0.2110976
EarlyStopping counter: 2 out of 100
Updating learning rate to 5.30558305998237e-06
	iters: 100, epoch: 69 | loss: 0.2516098
	speed: 0.0889s/iter; left time: 699.6209s
	iters: 200, epoch: 69 | loss: 0.2598497
	speed: 0.0073s/iter; left time: 56.8354s
Epoch: 69 cost time: 4.135807037353516
Epoch: 69, Steps: 249 | Train Loss: 0.2156405 Vali Loss: 0.2404794 Test Loss: 0.2124642
EarlyStopping counter: 3 out of 100
Updating learning rate to 4.775024753984134e-06
	iters: 100, epoch: 70 | loss: 0.2103629
	speed: 0.0911s/iter; left time: 694.2160s
	iters: 200, epoch: 70 | loss: 0.2011156
	speed: 0.0057s/iter; left time: 42.7135s
Epoch: 70 cost time: 4.1125946044921875
Epoch: 70, Steps: 249 | Train Loss: 0.2156379 Vali Loss: 0.2404045 Test Loss: 0.2091366
EarlyStopping counter: 4 out of 100
Updating learning rate to 4.29752227858572e-06
	iters: 100, epoch: 71 | loss: 0.2530200
	speed: 0.0866s/iter; left time: 638.2561s
	iters: 200, epoch: 71 | loss: 0.1732008
	speed: 0.0040s/iter; left time: 28.8716s
Epoch: 71 cost time: 3.2403955459594727
Epoch: 71, Steps: 249 | Train Loss: 0.2155313 Vali Loss: 0.2410012 Test Loss: 0.2106952
EarlyStopping counter: 5 out of 100
Updating learning rate to 3.867770050727149e-06
	iters: 100, epoch: 72 | loss: 0.1743057
	speed: 0.0781s/iter; left time: 555.9501s
	iters: 200, epoch: 72 | loss: 0.1797227
	speed: 0.0040s/iter; left time: 27.9279s
Epoch: 72 cost time: 3.1143417358398438
Epoch: 72, Steps: 249 | Train Loss: 0.2156235 Vali Loss: 0.2406392 Test Loss: 0.2113320
EarlyStopping counter: 6 out of 100
Updating learning rate to 3.480993045654434e-06
	iters: 100, epoch: 73 | loss: 0.2038594
	speed: 0.0783s/iter; left time: 537.9640s
	iters: 200, epoch: 73 | loss: 0.2239261
	speed: 0.0049s/iter; left time: 32.8578s
Epoch: 73 cost time: 3.3151614665985107
Epoch: 73, Steps: 249 | Train Loss: 0.2156385 Vali Loss: 0.2409386 Test Loss: 0.2097440
EarlyStopping counter: 7 out of 100
Updating learning rate to 3.1328937410889903e-06
	iters: 100, epoch: 74 | loss: 0.1861935
	speed: 0.0882s/iter; left time: 584.3459s
	iters: 200, epoch: 74 | loss: 0.2334815
	speed: 0.0060s/iter; left time: 39.2520s
Epoch: 74 cost time: 3.97957181930542
Epoch: 74, Steps: 249 | Train Loss: 0.2156087 Vali Loss: 0.2405909 Test Loss: 0.2094789
EarlyStopping counter: 8 out of 100
Updating learning rate to 2.8196043669800917e-06
	iters: 100, epoch: 75 | loss: 0.2020340
	speed: 0.0817s/iter; left time: 520.9455s
	iters: 200, epoch: 75 | loss: 0.2244335
	speed: 0.0045s/iter; left time: 28.4760s
Epoch: 75 cost time: 3.514138698577881
Epoch: 75, Steps: 249 | Train Loss: 0.2155215 Vali Loss: 0.2407825 Test Loss: 0.2106370
EarlyStopping counter: 9 out of 100
Updating learning rate to 2.5376439302820827e-06
	iters: 100, epoch: 76 | loss: 0.1936450
	speed: 0.0882s/iter; left time: 540.1287s
	iters: 200, epoch: 76 | loss: 0.1699041
	speed: 0.0064s/iter; left time: 38.5643s
Epoch: 76 cost time: 4.087878227233887
Epoch: 76, Steps: 249 | Train Loss: 0.2156193 Vali Loss: 0.2407777 Test Loss: 0.2108864
EarlyStopping counter: 10 out of 100
Updating learning rate to 2.2838795372538745e-06
	iters: 100, epoch: 77 | loss: 0.1606035
	speed: 0.0897s/iter; left time: 527.1082s
	iters: 200, epoch: 77 | loss: 0.2371040
	speed: 0.0064s/iter; left time: 37.1913s
Epoch: 77 cost time: 4.069228172302246
Epoch: 77, Steps: 249 | Train Loss: 0.2156220 Vali Loss: 0.2408812 Test Loss: 0.2102301
EarlyStopping counter: 11 out of 100
Updating learning rate to 2.0554915835284873e-06
	iters: 100, epoch: 78 | loss: 0.2233428
	speed: 0.0900s/iter; left time: 506.4311s
	iters: 200, epoch: 78 | loss: 0.2451017
	speed: 0.0082s/iter; left time: 45.5668s
Epoch: 78 cost time: 4.527726650238037
Epoch: 78, Steps: 249 | Train Loss: 0.2155835 Vali Loss: 0.2407697 Test Loss: 0.2107714
EarlyStopping counter: 12 out of 100
Updating learning rate to 1.8499424251756383e-06
	iters: 100, epoch: 79 | loss: 0.2014848
	speed: 0.0971s/iter; left time: 522.4101s
	iters: 200, epoch: 79 | loss: 0.1805176
	speed: 0.0067s/iter; left time: 35.3068s
Epoch: 79 cost time: 3.8129122257232666
Epoch: 79, Steps: 249 | Train Loss: 0.2155913 Vali Loss: 0.2408468 Test Loss: 0.2110911
EarlyStopping counter: 13 out of 100
Updating learning rate to 1.6649481826580745e-06
	iters: 100, epoch: 80 | loss: 0.2308583
	speed: 0.0869s/iter; left time: 445.8173s
	iters: 200, epoch: 80 | loss: 0.2108122
	speed: 0.0076s/iter; left time: 38.3689s
Epoch: 80 cost time: 4.019030570983887
Epoch: 80, Steps: 249 | Train Loss: 0.2155971 Vali Loss: 0.2406772 Test Loss: 0.2105125
EarlyStopping counter: 14 out of 100
Updating learning rate to 1.498453364392267e-06
	iters: 100, epoch: 81 | loss: 0.1917199
	speed: 0.0904s/iter; left time: 441.1053s
	iters: 200, epoch: 81 | loss: 0.2291529
	speed: 0.0080s/iter; left time: 38.0588s
Epoch: 81 cost time: 4.287833213806152
Epoch: 81, Steps: 249 | Train Loss: 0.2155943 Vali Loss: 0.2406394 Test Loss: 0.2104745
EarlyStopping counter: 15 out of 100
Updating learning rate to 1.3486080279530405e-06
	iters: 100, epoch: 82 | loss: 0.2304783
	speed: 0.0897s/iter; left time: 415.2768s
	iters: 200, epoch: 82 | loss: 0.2762926
	speed: 0.0044s/iter; left time: 19.9805s
Epoch: 82 cost time: 3.6103649139404297
Epoch: 82, Steps: 249 | Train Loss: 0.2155897 Vali Loss: 0.2409319 Test Loss: 0.2105144
EarlyStopping counter: 16 out of 100
Updating learning rate to 1.2137472251577364e-06
	iters: 100, epoch: 83 | loss: 0.2068085
	speed: 0.0871s/iter; left time: 381.6260s
	iters: 200, epoch: 83 | loss: 0.2239384
	speed: 0.0101s/iter; left time: 43.0619s
Epoch: 83 cost time: 4.242500305175781
Epoch: 83, Steps: 249 | Train Loss: 0.2155195 Vali Loss: 0.2407221 Test Loss: 0.2105136
EarlyStopping counter: 17 out of 100
Updating learning rate to 1.0923725026419628e-06
	iters: 100, epoch: 84 | loss: 0.1471210
	speed: 0.0848s/iter; left time: 350.4250s
	iters: 200, epoch: 84 | loss: 0.1881170
	speed: 0.0061s/iter; left time: 24.7527s
Epoch: 84 cost time: 3.539255142211914
Epoch: 84, Steps: 249 | Train Loss: 0.2155041 Vali Loss: 0.2411214 Test Loss: 0.2104289
EarlyStopping counter: 18 out of 100
Updating learning rate to 9.831352523777667e-07
	iters: 100, epoch: 85 | loss: 0.2183561
	speed: 0.0844s/iter; left time: 327.7941s
	iters: 200, epoch: 85 | loss: 0.1660228
	speed: 0.0061s/iter; left time: 22.9154s
Epoch: 85 cost time: 4.056527614593506
Epoch: 85, Steps: 249 | Train Loss: 0.2155789 Vali Loss: 0.2406245 Test Loss: 0.2107264
EarlyStopping counter: 19 out of 100
Updating learning rate to 8.848217271399899e-07
	iters: 100, epoch: 86 | loss: 0.2399330
	speed: 0.0875s/iter; left time: 318.0605s
	iters: 200, epoch: 86 | loss: 0.1874056
	speed: 0.0057s/iter; left time: 20.3072s
Epoch: 86 cost time: 3.7077925205230713
Epoch: 86, Steps: 249 | Train Loss: 0.2155829 Vali Loss: 0.2408257 Test Loss: 0.2106131
EarlyStopping counter: 20 out of 100
Updating learning rate to 7.963395544259909e-07
	iters: 100, epoch: 87 | loss: 0.1600300
	speed: 0.0778s/iter; left time: 263.5399s
	iters: 200, epoch: 87 | loss: 0.2936064
	speed: 0.0062s/iter; left time: 20.4099s
Epoch: 87 cost time: 3.6708593368530273
Epoch: 87, Steps: 249 | Train Loss: 0.2155156 Vali Loss: 0.2407184 Test Loss: 0.2105468
EarlyStopping counter: 21 out of 100
Updating learning rate to 7.167055989833918e-07
	iters: 100, epoch: 88 | loss: 0.2431525
	speed: 0.0885s/iter; left time: 277.7602s
	iters: 200, epoch: 88 | loss: 0.2166518
	speed: 0.0061s/iter; left time: 18.4470s
Epoch: 88 cost time: 4.057046413421631
Epoch: 88, Steps: 249 | Train Loss: 0.2155439 Vali Loss: 0.2408775 Test Loss: 0.2106400
EarlyStopping counter: 22 out of 100
Updating learning rate to 6.450350390850527e-07
	iters: 100, epoch: 89 | loss: 0.2263178
	speed: 0.0827s/iter; left time: 238.9586s
	iters: 200, epoch: 89 | loss: 0.2004315
	speed: 0.0051s/iter; left time: 14.1971s
Epoch: 89 cost time: 3.7748804092407227
Epoch: 89, Steps: 249 | Train Loss: 0.2155563 Vali Loss: 0.2402038 Test Loss: 0.2106511
EarlyStopping counter: 23 out of 100
Updating learning rate to 5.805315351765474e-07
	iters: 100, epoch: 90 | loss: 0.1844346
	speed: 0.0885s/iter; left time: 233.5988s
	iters: 200, epoch: 90 | loss: 0.1959995
	speed: 0.0060s/iter; left time: 15.3362s
Epoch: 90 cost time: 3.8422398567199707
Epoch: 90, Steps: 249 | Train Loss: 0.2155659 Vali Loss: 0.2404718 Test Loss: 0.2105738
EarlyStopping counter: 24 out of 100
Updating learning rate to 5.224783816588927e-07
	iters: 100, epoch: 91 | loss: 0.1591339
	speed: 0.0763s/iter; left time: 182.4438s
	iters: 200, epoch: 91 | loss: 0.2481201
	speed: 0.0061s/iter; left time: 13.9958s
Epoch: 91 cost time: 3.4071590900421143
Epoch: 91, Steps: 249 | Train Loss: 0.2155561 Vali Loss: 0.2407554 Test Loss: 0.2105398
EarlyStopping counter: 25 out of 100
Updating learning rate to 4.702305434930034e-07
	iters: 100, epoch: 92 | loss: 0.2361243
	speed: 0.0952s/iter; left time: 203.9687s
	iters: 200, epoch: 92 | loss: 0.1934564
	speed: 0.0047s/iter; left time: 9.5749s
Epoch: 92 cost time: 3.96996808052063
Epoch: 92, Steps: 249 | Train Loss: 0.2155387 Vali Loss: 0.2407849 Test Loss: 0.2105581
EarlyStopping counter: 26 out of 100
Updating learning rate to 4.2320748914370315e-07
	iters: 100, epoch: 93 | loss: 0.2061065
	speed: 0.0854s/iter; left time: 161.6778s
	iters: 200, epoch: 93 | loss: 0.2005581
	speed: 0.0053s/iter; left time: 9.5772s
Epoch: 93 cost time: 3.578643560409546
Epoch: 93, Steps: 249 | Train Loss: 0.2155650 Vali Loss: 0.2409179 Test Loss: 0.2105715
EarlyStopping counter: 27 out of 100
Updating learning rate to 3.8088674022933284e-07
	iters: 100, epoch: 94 | loss: 0.2654911
	speed: 0.0861s/iter; left time: 141.5092s
	iters: 200, epoch: 94 | loss: 0.2032150
	speed: 0.0065s/iter; left time: 9.9685s
Epoch: 94 cost time: 3.7656891345977783
Epoch: 94, Steps: 249 | Train Loss: 0.2155625 Vali Loss: 0.2407036 Test Loss: 0.2104465
EarlyStopping counter: 28 out of 100
Updating learning rate to 3.4279806620639953e-07
	iters: 100, epoch: 95 | loss: 0.2279574
	speed: 0.0849s/iter; left time: 118.3774s
	iters: 200, epoch: 95 | loss: 0.2644066
	speed: 0.0049s/iter; left time: 6.3370s
Epoch: 95 cost time: 4.026001214981079
Epoch: 95, Steps: 249 | Train Loss: 0.2155406 Vali Loss: 0.2406429 Test Loss: 0.2106282
EarlyStopping counter: 29 out of 100
Updating learning rate to 3.085182595857596e-07
	iters: 100, epoch: 96 | loss: 0.1951796
	speed: 0.0920s/iter; left time: 105.4266s
	iters: 200, epoch: 96 | loss: 0.2062424
	speed: 0.0074s/iter; left time: 7.7524s
Epoch: 96 cost time: 4.3144309520721436
Epoch: 96, Steps: 249 | Train Loss: 0.2155564 Vali Loss: 0.2407747 Test Loss: 0.2105640
EarlyStopping counter: 30 out of 100
Updating learning rate to 2.7766643362718364e-07
	iters: 100, epoch: 97 | loss: 0.2025441
	speed: 0.0856s/iter; left time: 76.8184s
	iters: 200, epoch: 97 | loss: 0.2469160
	speed: 0.0101s/iter; left time: 8.0668s
Epoch: 97 cost time: 4.590842008590698
Epoch: 97, Steps: 249 | Train Loss: 0.2155537 Vali Loss: 0.2404960 Test Loss: 0.2105966
EarlyStopping counter: 31 out of 100
Updating learning rate to 2.498997902644653e-07
	iters: 100, epoch: 98 | loss: 0.2359685
	speed: 0.0887s/iter; left time: 57.4603s
	iters: 200, epoch: 98 | loss: 0.2553870
	speed: 0.0085s/iter; left time: 4.6468s
Epoch: 98 cost time: 4.098459243774414
Epoch: 98, Steps: 249 | Train Loss: 0.2155326 Vali Loss: 0.2408325 Test Loss: 0.2105788
EarlyStopping counter: 32 out of 100
Updating learning rate to 2.2490981123801874e-07
	iters: 100, epoch: 99 | loss: 0.2614512
	speed: 0.0876s/iter; left time: 34.9372s
	iters: 200, epoch: 99 | loss: 0.2761988
	speed: 0.0075s/iter; left time: 2.2546s
Epoch: 99 cost time: 3.9253973960876465
Epoch: 99, Steps: 249 | Train Loss: 0.2155540 Vali Loss: 0.2407038 Test Loss: 0.2105849
EarlyStopping counter: 33 out of 100
Updating learning rate to 2.024188301142169e-07
	iters: 100, epoch: 100 | loss: 0.1715781
	speed: 0.0919s/iter; left time: 13.7879s
	iters: 200, epoch: 100 | loss: 0.2178386
	speed: 0.0081s/iter; left time: 0.4064s
Epoch: 100 cost time: 4.508439779281616
Epoch: 100, Steps: 249 | Train Loss: 0.2155538 Vali Loss: 0.2404876 Test Loss: 0.2106291
EarlyStopping counter: 34 out of 100
Updating learning rate to 1.821769471027952e-07
>>>>>>>testing : ETTh2_336_336_DLinear_ETTh2_ftS_sl336_ll48_pl336_dm512_nh8_el2_dl1_df2048_fc1_ebtimeF_dtTrue_Exp_0<<<<<<<<<<<<<<<<<<<<<<<<<<<<<<<<<
test 2545
mse:0.21055933833122253, mae:0.36838164925575256, rse:0.7653613090515137
