Args in experiment:
Namespace(L=3, activation='gelu', base='legendre', batch_size=32, c_out=1, checkpoints='./checkpoints/', cross_activation='tanh', d_ff=2048, d_layers=1, d_model=512, data='ETTm1', data_path='ETTm1.csv', dec_in=1, des='Exp', devices='0,1', distil=True, do_predict=False, dropout=0.05, e_layers=2, embed='timeF', embed_type=0, enc_in=1, factor=3, features='S', freq='h', gpu=0, is_training=1, itr=1, label_len=48, learning_rate=0.0001, loss='mse', lradj='type1', mode_select='random', model='FEDformer', modes=64, moving_avg=[24], n_heads=8, num_workers=10, output_attention=False, patience=3, pred_len=192, root_path='../dataset', seq_len=96, target='OT', task_id='ETTm1', train_epochs=10, use_amp=False, use_gpu=True, use_multi_gpu=False, version='Fourier')
Use GPU: cuda:0
fourier enhanced block used!
modes=64, index=[0, 1, 2, 3, 4, 5, 6, 7, 8, 9, 10, 11, 12, 13, 14, 15, 16, 17, 18, 19, 20, 21, 22, 23, 24, 25, 26, 27, 28, 29, 30, 31, 32, 33, 34, 35, 36, 37, 38, 39, 40, 41, 42, 43, 44, 45, 46, 47]
fourier enhanced block used!
modes=64, index=[0, 1, 2, 4, 5, 6, 8, 10, 12, 13, 14, 21, 22, 23, 24, 28, 30, 34, 35, 36, 41, 42, 43, 44, 45, 46, 49, 52, 54, 55, 56, 58, 59, 64, 65, 66, 67, 68, 69, 72, 73, 74, 80, 81, 82, 83, 87, 92, 93, 94, 96, 98, 99, 101, 102, 103, 104, 109, 110, 113, 115, 117, 118, 119]
 fourier enhanced cross attention used!
modes_q=64, index_q=[0, 1, 2, 3, 5, 6, 8, 9, 11, 12, 13, 14, 15, 20, 21, 22, 26, 28, 30, 31, 33, 35, 36, 37, 38, 41, 46, 48, 50, 55, 60, 63, 64, 65, 66, 69, 72, 73, 75, 77, 78, 80, 81, 82, 85, 87, 88, 90, 91, 94, 95, 96, 97, 99, 101, 102, 103, 104, 106, 107, 109, 111, 117, 118]
modes_kv=48, index_kv=[0, 1, 2, 3, 4, 5, 6, 7, 8, 9, 10, 11, 12, 13, 14, 15, 16, 17, 18, 19, 20, 21, 22, 23, 24, 25, 26, 27, 28, 29, 30, 31, 32, 33, 34, 35, 36, 37, 38, 39, 40, 41, 42, 43, 44, 45, 46, 47]
enc_modes: 48, dec_modes: 64
>>>>>>>start training : ETTm1_FEDformer_random_modes64_ETTm1_ftS_sl96_ll48_pl192_dm512_nh8_el2_dl1_df2048_fc3_ebtimeF_dtTrue_Exp_0>>>>>>>>>>>>>>>>>>>>>>>>>>
train 34273
val 11329
test 11329
Epoch: 1 cost time: 198.42456340789795
Epoch: 1, Steps: 1071 | Train Loss: 0.1541329 Vali Loss: 0.0947156 Test Loss: 0.0556152
Validation loss decreased (inf --> 0.094716).  Saving model ...
Updating learning rate to 0.0001
Epoch: 2 cost time: 198.35885167121887
Epoch: 2, Steps: 1071 | Train Loss: 0.1367333 Vali Loss: 0.0952364 Test Loss: 0.0659670
EarlyStopping counter: 1 out of 3
Updating learning rate to 5e-05
Epoch: 3 cost time: 197.04688787460327
Epoch: 3, Steps: 1071 | Train Loss: 0.1306529 Vali Loss: 0.0930614 Test Loss: 0.0687464
Validation loss decreased (0.094716 --> 0.093061).  Saving model ...
Updating learning rate to 2.5e-05
Epoch: 4 cost time: 198.31299829483032
Epoch: 4, Steps: 1071 | Train Loss: 0.1279538 Vali Loss: 0.0927559 Test Loss: 0.0648704
Validation loss decreased (0.093061 --> 0.092756).  Saving model ...
Updating learning rate to 1.25e-05
Epoch: 5 cost time: 197.00466918945312
Epoch: 5, Steps: 1071 | Train Loss: 0.1260028 Vali Loss: 0.0952395 Test Loss: 0.0673145
EarlyStopping counter: 1 out of 3
Updating learning rate to 6.25e-06
Epoch: 6 cost time: 202.3192036151886
Epoch: 6, Steps: 1071 | Train Loss: 0.1247649 Vali Loss: 0.0953887 Test Loss: 0.0671857
EarlyStopping counter: 2 out of 3
Updating learning rate to 3.125e-06
Epoch: 7 cost time: 202.52852272987366
Epoch: 7, Steps: 1071 | Train Loss: 0.1240326 Vali Loss: 0.0946814 Test Loss: 0.0673401
EarlyStopping counter: 3 out of 3
Early stopping
>>>>>>>testing : ETTm1_FEDformer_random_modes64_ETTm1_ftS_sl96_ll48_pl192_dm512_nh8_el2_dl1_df2048_fc3_ebtimeF_dtTrue_Exp_0<<<<<<<<<<<<<<<<<<<<<<<<<<<<<<<<<
test 11329
test shape: (354, 32, 192, 1) (354, 32, 192, 1)
test shape: (11328, 192, 1) (11328, 192, 1)
mse:0.06487038731575012, mae:0.20143984258174896
