Args in experiment:
Namespace(L=3, activation='gelu', base='legendre', batch_size=32, c_out=1, checkpoints='./checkpoints/', cross_activation='tanh', d_ff=2048, d_layers=1, d_model=512, data='ETTh2', data_path='ETTh2.csv', dec_in=1, des='Exp', devices='0,1', distil=True, do_predict=False, dropout=0.05, e_layers=2, embed='timeF', embed_type=0, enc_in=1, factor=3, features='S', freq='h', gpu=0, is_training=1, itr=1, label_len=48, learning_rate=0.0001, loss='mse', lradj='type1', mode_select='random', model='FEDformer', modes=64, moving_avg=[24], n_heads=8, num_workers=10, output_attention=False, patience=3, pred_len=192, root_path='../dataset', seq_len=96, target='OT', task_id='ETTh2', train_epochs=10, use_amp=False, use_gpu=True, use_multi_gpu=False, version='Fourier')
Use GPU: cuda:0
fourier enhanced block used!
modes=64, index=[0, 1, 2, 3, 4, 5, 6, 7, 8, 9, 10, 11, 12, 13, 14, 15, 16, 17, 18, 19, 20, 21, 22, 23, 24, 25, 26, 27, 28, 29, 30, 31, 32, 33, 34, 35, 36, 37, 38, 39, 40, 41, 42, 43, 44, 45, 46, 47]
fourier enhanced block used!
modes=64, index=[0, 1, 2, 4, 5, 6, 8, 10, 12, 13, 14, 21, 22, 23, 24, 28, 30, 34, 35, 36, 41, 42, 43, 44, 45, 46, 49, 52, 54, 55, 56, 58, 59, 64, 65, 66, 67, 68, 69, 72, 73, 74, 80, 81, 82, 83, 87, 92, 93, 94, 96, 98, 99, 101, 102, 103, 104, 109, 110, 113, 115, 117, 118, 119]
 fourier enhanced cross attention used!
modes_q=64, index_q=[0, 1, 2, 3, 5, 6, 8, 9, 11, 12, 13, 14, 15, 20, 21, 22, 26, 28, 30, 31, 33, 35, 36, 37, 38, 41, 46, 48, 50, 55, 60, 63, 64, 65, 66, 69, 72, 73, 75, 77, 78, 80, 81, 82, 85, 87, 88, 90, 91, 94, 95, 96, 97, 99, 101, 102, 103, 104, 106, 107, 109, 111, 117, 118]
modes_kv=48, index_kv=[0, 1, 2, 3, 4, 5, 6, 7, 8, 9, 10, 11, 12, 13, 14, 15, 16, 17, 18, 19, 20, 21, 22, 23, 24, 25, 26, 27, 28, 29, 30, 31, 32, 33, 34, 35, 36, 37, 38, 39, 40, 41, 42, 43, 44, 45, 46, 47]
enc_modes: 48, dec_modes: 64
>>>>>>>start training : ETTh2_FEDformer_random_modes64_ETTh2_ftS_sl96_ll48_pl192_dm512_nh8_el2_dl1_df2048_fc3_ebtimeF_dtTrue_Exp_0>>>>>>>>>>>>>>>>>>>>>>>>>>
train 8353
val 2689
test 2689
Epoch: 1 cost time: 49.054691553115845
Epoch: 1, Steps: 261 | Train Loss: 0.2716642 Vali Loss: 0.2256953 Test Loss: 0.1912957
Validation loss decreased (inf --> 0.225695).  Saving model ...
Updating learning rate to 0.0001
Epoch: 2 cost time: 48.91347861289978
Epoch: 2, Steps: 261 | Train Loss: 0.2350992 Vali Loss: 0.2097650 Test Loss: 0.1859482
Validation loss decreased (0.225695 --> 0.209765).  Saving model ...
Updating learning rate to 5e-05
Epoch: 3 cost time: 48.48301815986633
Epoch: 3, Steps: 261 | Train Loss: 0.2282252 Vali Loss: 0.2074284 Test Loss: 0.1899720
Validation loss decreased (0.209765 --> 0.207428).  Saving model ...
Updating learning rate to 2.5e-05
Epoch: 4 cost time: 49.325443506240845
Epoch: 4, Steps: 261 | Train Loss: 0.2244125 Vali Loss: 0.2030499 Test Loss: 0.1857539
Validation loss decreased (0.207428 --> 0.203050).  Saving model ...
Updating learning rate to 1.25e-05
Epoch: 5 cost time: 48.99701642990112
Epoch: 5, Steps: 261 | Train Loss: 0.2220378 Vali Loss: 0.2024880 Test Loss: 0.1863716
Validation loss decreased (0.203050 --> 0.202488).  Saving model ...
Updating learning rate to 6.25e-06
Epoch: 6 cost time: 49.13746523857117
Epoch: 6, Steps: 261 | Train Loss: 0.2210301 Vali Loss: 0.2023203 Test Loss: 0.1878611
Validation loss decreased (0.202488 --> 0.202320).  Saving model ...
Updating learning rate to 3.125e-06
Epoch: 7 cost time: 49.39064002037048
Epoch: 7, Steps: 261 | Train Loss: 0.2204509 Vali Loss: 0.2025293 Test Loss: 0.1870135
EarlyStopping counter: 1 out of 3
Updating learning rate to 1.5625e-06
Epoch: 8 cost time: 49.05539870262146
Epoch: 8, Steps: 261 | Train Loss: 0.2201722 Vali Loss: 0.2020311 Test Loss: 0.1864054
Validation loss decreased (0.202320 --> 0.202031).  Saving model ...
Updating learning rate to 7.8125e-07
Epoch: 9 cost time: 49.479735136032104
Epoch: 9, Steps: 261 | Train Loss: 0.2199938 Vali Loss: 0.2017776 Test Loss: 0.1863493
Validation loss decreased (0.202031 --> 0.201778).  Saving model ...
Updating learning rate to 3.90625e-07
Epoch: 10 cost time: 49.3189263343811
Epoch: 10, Steps: 261 | Train Loss: 0.2199088 Vali Loss: 0.2015929 Test Loss: 0.1863145
Validation loss decreased (0.201778 --> 0.201593).  Saving model ...
Updating learning rate to 1.953125e-07
>>>>>>>testing : ETTh2_FEDformer_random_modes64_ETTh2_ftS_sl96_ll48_pl192_dm512_nh8_el2_dl1_df2048_fc3_ebtimeF_dtTrue_Exp_0<<<<<<<<<<<<<<<<<<<<<<<<<<<<<<<<<
test 2689
test shape: (84, 32, 192, 1) (84, 32, 192, 1)
test shape: (2688, 192, 1) (2688, 192, 1)
mse:0.18631452322006226, mae:0.33096233010292053
