Args in experiment:
Namespace(L=3, activation='gelu', base='legendre', batch_size=32, c_out=1, checkpoints='./checkpoints/', cross_activation='tanh', d_ff=2048, d_layers=1, d_model=512, data='ETTm2', data_path='ETTm2.csv', dec_in=1, des='Exp', devices='0,1', distil=True, do_predict=False, dropout=0.05, e_layers=2, embed='timeF', embed_type=0, enc_in=1, factor=3, features='S', freq='h', gpu=0, is_training=1, itr=1, label_len=48, learning_rate=0.0001, loss='mse', lradj='type1', mode_select='random', model='FEDformer', modes=64, moving_avg=[24], n_heads=8, num_workers=10, output_attention=False, patience=3, pred_len=336, root_path='../dataset', seq_len=96, target='OT', task_id='ETTm2', train_epochs=10, use_amp=False, use_gpu=True, use_multi_gpu=False, version='Fourier')
Use GPU: cuda:0
fourier enhanced block used!
modes=64, index=[0, 1, 2, 3, 4, 5, 6, 7, 8, 9, 10, 11, 12, 13, 14, 15, 16, 17, 18, 19, 20, 21, 22, 23, 24, 25, 26, 27, 28, 29, 30, 31, 32, 33, 34, 35, 36, 37, 38, 39, 40, 41, 42, 43, 44, 45, 46, 47]
fourier enhanced block used!
modes=64, index=[0, 1, 3, 5, 8, 10, 13, 15, 18, 21, 22, 23, 24, 26, 28, 35, 37, 41, 42, 43, 48, 51, 56, 59, 61, 63, 64, 72, 76, 77, 80, 85, 86, 88, 92, 95, 97, 101, 108, 109, 111, 117, 118, 128, 129, 130, 134, 137, 138, 142, 144, 149, 150, 151, 154, 157, 163, 168, 171, 174, 182, 184, 185, 191]
 fourier enhanced cross attention used!
modes_q=64, index_q=[0, 2, 4, 8, 10, 12, 13, 24, 27, 34, 35, 37, 41, 44, 45, 46, 49, 50, 52, 64, 66, 70, 73, 76, 81, 83, 86, 92, 95, 98, 100, 106, 107, 108, 111, 113, 115, 118, 120, 121, 124, 128, 131, 133, 138, 139, 140, 141, 142, 144, 147, 151, 152, 154, 155, 157, 163, 167, 169, 170, 174, 179, 184, 191]
modes_kv=48, index_kv=[0, 1, 2, 3, 4, 5, 6, 7, 8, 9, 10, 11, 12, 13, 14, 15, 16, 17, 18, 19, 20, 21, 22, 23, 24, 25, 26, 27, 28, 29, 30, 31, 32, 33, 34, 35, 36, 37, 38, 39, 40, 41, 42, 43, 44, 45, 46, 47]
enc_modes: 48, dec_modes: 64
>>>>>>>start training : ETTm2_FEDformer_random_modes64_ETTm2_ftS_sl96_ll48_pl336_dm512_nh8_el2_dl1_df2048_fc3_ebtimeF_dtTrue_Exp_0>>>>>>>>>>>>>>>>>>>>>>>>>>
train 34129
val 11185
test 11185
Epoch: 1 cost time: 231.05782747268677
Epoch: 1, Steps: 1066 | Train Loss: 0.1979613 Vali Loss: 0.2041805 Test Loss: 0.1362455
Validation loss decreased (inf --> 0.204181).  Saving model ...
Updating learning rate to 0.0001
Epoch: 2 cost time: 231.16686749458313
Epoch: 2, Steps: 1066 | Train Loss: 0.1824053 Vali Loss: 0.2027527 Test Loss: 0.1334807
Validation loss decreased (0.204181 --> 0.202753).  Saving model ...
Updating learning rate to 5e-05
Epoch: 3 cost time: 229.88541102409363
Epoch: 3, Steps: 1066 | Train Loss: 0.1759095 Vali Loss: 0.1980274 Test Loss: 0.1544741
Validation loss decreased (0.202753 --> 0.198027).  Saving model ...
Updating learning rate to 2.5e-05
Epoch: 4 cost time: 230.77432584762573
Epoch: 4, Steps: 1066 | Train Loss: 0.1692758 Vali Loss: 0.1978414 Test Loss: 0.1565490
Validation loss decreased (0.198027 --> 0.197841).  Saving model ...
Updating learning rate to 1.25e-05
Epoch: 5 cost time: 231.35882115364075
Epoch: 5, Steps: 1066 | Train Loss: 0.1664292 Vali Loss: 0.1989972 Test Loss: 0.1558678
EarlyStopping counter: 1 out of 3
Updating learning rate to 6.25e-06
Epoch: 6 cost time: 230.70673036575317
Epoch: 6, Steps: 1066 | Train Loss: 0.1652341 Vali Loss: 0.1995360 Test Loss: 0.1583153
EarlyStopping counter: 2 out of 3
Updating learning rate to 3.125e-06
Epoch: 7 cost time: 230.30464839935303
Epoch: 7, Steps: 1066 | Train Loss: 0.1645645 Vali Loss: 0.1986160 Test Loss: 0.1596975
EarlyStopping counter: 3 out of 3
Early stopping
>>>>>>>testing : ETTm2_FEDformer_random_modes64_ETTm2_ftS_sl96_ll48_pl336_dm512_nh8_el2_dl1_df2048_fc3_ebtimeF_dtTrue_Exp_0<<<<<<<<<<<<<<<<<<<<<<<<<<<<<<<<<
test 11185
test shape: (349, 32, 336, 1) (349, 32, 336, 1)
test shape: (11168, 336, 1) (11168, 336, 1)
mse:0.15654899179935455, mae:0.3051048815250397
