Args in experiment:
Namespace(activation='gelu', affine=0, batch_size=128, c_out=7, checkpoints='./checkpoints/', d_ff=128, d_layers=1, d_model=16, data='ETTh1', data_path='ETTh1.csv', dec_in=7, decomposition=0, des='Exp', devices='0,1,2,3', distil=True, do_predict=False, dropout=0.3, e_layers=2, embed='timeF', embed_type=0, enc_in=7, factor=1, fc_dropout=0.3, features='M', freq='h', gpu=0, head_dropout=0.0, individual=0, is_training=1, itr=1, kernel_size=25, label_len=48, learning_rate=0.0001, loss='mse', lradj='type3', model='PatchTSW', model_id='336_720', moving_avg=25, n_heads=4, num_workers=10, output_attention=False, padding_patch='end', patch_len=16, patience=100, pct_start=0.3, pred_len=720, random_seed=2021, revin=1, root_path='./dataset/', seq_len=336, stride=8, subtract_last=0, target='OT', test_flop=False, train_epochs=100, use_amp=False, use_gpu=True, use_multi_gpu=False)
Use GPU: cuda:0
base legendre
>>>>>>>start training : 336_720_PatchTSW_ETTh1_ftM_sl336_ll48_pl720_dm16_nh4_el2_dl1_df128_fc1_ebtimeF_dtTrue_Exp_0>>>>>>>>>>>>>>>>>>>>>>>>>>
train 7585
val 2161
test 2161
Epoch: 1 cost time: 21.22393012046814
Epoch: 1, Steps: 59 | Train Loss: 0.8812564 Vali Loss: 2.0138245 Test Loss: 0.7944618
Validation loss decreased (inf --> 2.013824).  Saving model ...
Updating learning rate to 0.0001
Epoch: 2 cost time: 21.192507028579712
Epoch: 2, Steps: 59 | Train Loss: 0.7152343 Vali Loss: 1.5076286 Test Loss: 0.4956087
Validation loss decreased (2.013824 --> 1.507629).  Saving model ...
Updating learning rate to 0.0001
Epoch: 3 cost time: 21.463725566864014
Epoch: 3, Steps: 59 | Train Loss: 0.6379996 Vali Loss: 1.4548439 Test Loss: 0.4802707
Validation loss decreased (1.507629 --> 1.454844).  Saving model ...
Updating learning rate to 0.0001
Epoch: 4 cost time: 21.404642343521118
Epoch: 4, Steps: 59 | Train Loss: 0.6188966 Vali Loss: 1.4536295 Test Loss: 0.4712678
Validation loss decreased (1.454844 --> 1.453629).  Saving model ...
Updating learning rate to 9e-05
Epoch: 5 cost time: 21.27064275741577
Epoch: 5, Steps: 59 | Train Loss: 0.6102490 Vali Loss: 1.4625765 Test Loss: 0.4720989
EarlyStopping counter: 1 out of 100
Updating learning rate to 8.1e-05
Epoch: 6 cost time: 21.424189567565918
Epoch: 6, Steps: 59 | Train Loss: 0.6048751 Vali Loss: 1.4521177 Test Loss: 0.4644466
Validation loss decreased (1.453629 --> 1.452118).  Saving model ...
Updating learning rate to 7.290000000000001e-05
Epoch: 7 cost time: 21.396467685699463
Epoch: 7, Steps: 59 | Train Loss: 0.6007497 Vali Loss: 1.4659121 Test Loss: 0.4707263
EarlyStopping counter: 1 out of 100
Updating learning rate to 6.561e-05
Epoch: 8 cost time: 21.40447449684143
Epoch: 8, Steps: 59 | Train Loss: 0.5971624 Vali Loss: 1.4737153 Test Loss: 0.4684355
EarlyStopping counter: 2 out of 100
Updating learning rate to 5.904900000000001e-05
Epoch: 9 cost time: 21.344418048858643
Epoch: 9, Steps: 59 | Train Loss: 0.5944809 Vali Loss: 1.4716506 Test Loss: 0.4715233
EarlyStopping counter: 3 out of 100
Updating learning rate to 5.3144100000000005e-05
Epoch: 10 cost time: 21.432032346725464
Epoch: 10, Steps: 59 | Train Loss: 0.5920563 Vali Loss: 1.4683564 Test Loss: 0.4631853
EarlyStopping counter: 4 out of 100
Updating learning rate to 4.782969000000001e-05
Epoch: 11 cost time: 21.390358448028564
Epoch: 11, Steps: 59 | Train Loss: 0.5900496 Vali Loss: 1.4588046 Test Loss: 0.4561986
EarlyStopping counter: 5 out of 100
Updating learning rate to 4.304672100000001e-05
Epoch: 12 cost time: 21.662548065185547
Epoch: 12, Steps: 59 | Train Loss: 0.5881535 Vali Loss: 1.4684341 Test Loss: 0.4592761
EarlyStopping counter: 6 out of 100
Updating learning rate to 3.874204890000001e-05
Epoch: 13 cost time: 21.227712869644165
Epoch: 13, Steps: 59 | Train Loss: 0.5859447 Vali Loss: 1.4734156 Test Loss: 0.4629306
EarlyStopping counter: 7 out of 100
Updating learning rate to 3.486784401000001e-05
Epoch: 14 cost time: 21.19927191734314
Epoch: 14, Steps: 59 | Train Loss: 0.5846887 Vali Loss: 1.4752464 Test Loss: 0.4586440
EarlyStopping counter: 8 out of 100
Updating learning rate to 3.138105960900001e-05
Epoch: 15 cost time: 21.390981674194336
Epoch: 15, Steps: 59 | Train Loss: 0.5832893 Vali Loss: 1.4680338 Test Loss: 0.4545154
EarlyStopping counter: 9 out of 100
Updating learning rate to 2.824295364810001e-05
Epoch: 16 cost time: 21.38099193572998
Epoch: 16, Steps: 59 | Train Loss: 0.5816075 Vali Loss: 1.4691100 Test Loss: 0.4544099
EarlyStopping counter: 10 out of 100
Updating learning rate to 2.541865828329001e-05
Epoch: 17 cost time: 21.197978019714355
Epoch: 17, Steps: 59 | Train Loss: 0.5805932 Vali Loss: 1.4785545 Test Loss: 0.4522693
EarlyStopping counter: 11 out of 100
Updating learning rate to 2.287679245496101e-05
Epoch: 18 cost time: 21.37323808670044
Epoch: 18, Steps: 59 | Train Loss: 0.5791113 Vali Loss: 1.4720006 Test Loss: 0.4578489
EarlyStopping counter: 12 out of 100
Updating learning rate to 2.0589113209464907e-05
Epoch: 19 cost time: 21.36687731742859
Epoch: 19, Steps: 59 | Train Loss: 0.5783916 Vali Loss: 1.4781816 Test Loss: 0.4575820
EarlyStopping counter: 13 out of 100
Updating learning rate to 1.8530201888518416e-05
Epoch: 20 cost time: 21.395688772201538
Epoch: 20, Steps: 59 | Train Loss: 0.5772106 Vali Loss: 1.4686527 Test Loss: 0.4544421
EarlyStopping counter: 14 out of 100
Updating learning rate to 1.6677181699666577e-05
Epoch: 21 cost time: 21.289801120758057
Epoch: 21, Steps: 59 | Train Loss: 0.5763865 Vali Loss: 1.4694616 Test Loss: 0.4544541
EarlyStopping counter: 15 out of 100
Updating learning rate to 1.5009463529699919e-05
Epoch: 22 cost time: 21.43578338623047
Epoch: 22, Steps: 59 | Train Loss: 0.5759361 Vali Loss: 1.4767169 Test Loss: 0.4518984
EarlyStopping counter: 16 out of 100
Updating learning rate to 1.3508517176729929e-05
Epoch: 23 cost time: 21.369887351989746
Epoch: 23, Steps: 59 | Train Loss: 0.5753225 Vali Loss: 1.4720137 Test Loss: 0.4545134
EarlyStopping counter: 17 out of 100
Updating learning rate to 1.2157665459056936e-05
Epoch: 24 cost time: 21.254637479782104
Epoch: 24, Steps: 59 | Train Loss: 0.5737965 Vali Loss: 1.4738915 Test Loss: 0.4501020
EarlyStopping counter: 18 out of 100
Updating learning rate to 1.0941898913151242e-05
Epoch: 25 cost time: 21.416136264801025
Epoch: 25, Steps: 59 | Train Loss: 0.5735255 Vali Loss: 1.4853845 Test Loss: 0.4536373
EarlyStopping counter: 19 out of 100
Updating learning rate to 9.847709021836118e-06
Epoch: 26 cost time: 21.264193534851074
Epoch: 26, Steps: 59 | Train Loss: 0.5733167 Vali Loss: 1.4732809 Test Loss: 0.4507411
EarlyStopping counter: 20 out of 100
Updating learning rate to 8.862938119652508e-06
Epoch: 27 cost time: 21.31223964691162
Epoch: 27, Steps: 59 | Train Loss: 0.5726714 Vali Loss: 1.4842314 Test Loss: 0.4534007
EarlyStopping counter: 21 out of 100
Updating learning rate to 7.976644307687255e-06
Epoch: 28 cost time: 21.246740341186523
Epoch: 28, Steps: 59 | Train Loss: 0.5722868 Vali Loss: 1.4778936 Test Loss: 0.4496854
EarlyStopping counter: 22 out of 100
Updating learning rate to 7.178979876918531e-06
Epoch: 29 cost time: 21.442290782928467
Epoch: 29, Steps: 59 | Train Loss: 0.5719273 Vali Loss: 1.4781367 Test Loss: 0.4504843
EarlyStopping counter: 23 out of 100
Updating learning rate to 6.4610818892266776e-06
Epoch: 30 cost time: 21.2548930644989
Epoch: 30, Steps: 59 | Train Loss: 0.5717719 Vali Loss: 1.4737535 Test Loss: 0.4523924
EarlyStopping counter: 24 out of 100
Updating learning rate to 5.8149737003040096e-06
Epoch: 31 cost time: 21.36397933959961
Epoch: 31, Steps: 59 | Train Loss: 0.5716548 Vali Loss: 1.4782993 Test Loss: 0.4514112
EarlyStopping counter: 25 out of 100
Updating learning rate to 5.23347633027361e-06
Epoch: 32 cost time: 21.18458652496338
Epoch: 32, Steps: 59 | Train Loss: 0.5712108 Vali Loss: 1.4764382 Test Loss: 0.4497416
EarlyStopping counter: 26 out of 100
Updating learning rate to 4.710128697246249e-06
Epoch: 33 cost time: 21.370789766311646
Epoch: 33, Steps: 59 | Train Loss: 0.5706992 Vali Loss: 1.4785250 Test Loss: 0.4510766
EarlyStopping counter: 27 out of 100
Updating learning rate to 4.239115827521624e-06
Epoch: 34 cost time: 21.298725128173828
Epoch: 34, Steps: 59 | Train Loss: 0.5704421 Vali Loss: 1.4807823 Test Loss: 0.4498331
EarlyStopping counter: 28 out of 100
Updating learning rate to 3.815204244769462e-06
Epoch: 35 cost time: 21.293615102767944
Epoch: 35, Steps: 59 | Train Loss: 0.5707900 Vali Loss: 1.4813417 Test Loss: 0.4488623
EarlyStopping counter: 29 out of 100
Updating learning rate to 3.4336838202925152e-06
Epoch: 36 cost time: 21.249857902526855
Epoch: 36, Steps: 59 | Train Loss: 0.5702499 Vali Loss: 1.4763576 Test Loss: 0.4506031
EarlyStopping counter: 30 out of 100
Updating learning rate to 3.090315438263264e-06
Epoch: 37 cost time: 20.993033409118652
Epoch: 37, Steps: 59 | Train Loss: 0.5699919 Vali Loss: 1.4793286 Test Loss: 0.4507158
EarlyStopping counter: 31 out of 100
Updating learning rate to 2.7812838944369375e-06
Epoch: 38 cost time: 21.10116934776306
Epoch: 38, Steps: 59 | Train Loss: 0.5700132 Vali Loss: 1.4818699 Test Loss: 0.4493853
EarlyStopping counter: 32 out of 100
Updating learning rate to 2.503155504993244e-06
Epoch: 39 cost time: 21.053619861602783
Epoch: 39, Steps: 59 | Train Loss: 0.5697392 Vali Loss: 1.4753730 Test Loss: 0.4499946
EarlyStopping counter: 33 out of 100
Updating learning rate to 2.2528399544939195e-06
Epoch: 40 cost time: 21.423367023468018
Epoch: 40, Steps: 59 | Train Loss: 0.5699074 Vali Loss: 1.4754444 Test Loss: 0.4504989
EarlyStopping counter: 34 out of 100
Updating learning rate to 2.0275559590445276e-06
Epoch: 41 cost time: 21.33533501625061
Epoch: 41, Steps: 59 | Train Loss: 0.5695869 Vali Loss: 1.4760633 Test Loss: 0.4498429
EarlyStopping counter: 35 out of 100
Updating learning rate to 1.8248003631400751e-06
Epoch: 42 cost time: 21.163935661315918
Epoch: 42, Steps: 59 | Train Loss: 0.5694461 Vali Loss: 1.4732335 Test Loss: 0.4499329
EarlyStopping counter: 36 out of 100
Updating learning rate to 1.6423203268260676e-06
Epoch: 43 cost time: 21.182085275650024
Epoch: 43, Steps: 59 | Train Loss: 0.5699032 Vali Loss: 1.4724417 Test Loss: 0.4495735
EarlyStopping counter: 37 out of 100
Updating learning rate to 1.4780882941434609e-06
Epoch: 44 cost time: 21.31663417816162
Epoch: 44, Steps: 59 | Train Loss: 0.5694610 Vali Loss: 1.4786593 Test Loss: 0.4499707
EarlyStopping counter: 38 out of 100
Updating learning rate to 1.3302794647291146e-06
Epoch: 45 cost time: 21.496856927871704
Epoch: 45, Steps: 59 | Train Loss: 0.5691379 Vali Loss: 1.4787281 Test Loss: 0.4497159
EarlyStopping counter: 39 out of 100
Updating learning rate to 1.1972515182562034e-06
Epoch: 46 cost time: 21.249205589294434
Epoch: 46, Steps: 59 | Train Loss: 0.5693263 Vali Loss: 1.4750488 Test Loss: 0.4503174
EarlyStopping counter: 40 out of 100
Updating learning rate to 1.077526366430583e-06
Epoch: 47 cost time: 21.220117807388306
Epoch: 47, Steps: 59 | Train Loss: 0.5693599 Vali Loss: 1.4777569 Test Loss: 0.4496398
EarlyStopping counter: 41 out of 100
Updating learning rate to 9.697737297875248e-07
Epoch: 48 cost time: 21.445428609848022
Epoch: 48, Steps: 59 | Train Loss: 0.5686768 Vali Loss: 1.4757073 Test Loss: 0.4496832
EarlyStopping counter: 42 out of 100
Updating learning rate to 8.727963568087723e-07
Epoch: 49 cost time: 21.046516180038452
Epoch: 49, Steps: 59 | Train Loss: 0.5693530 Vali Loss: 1.4729075 Test Loss: 0.4497413
EarlyStopping counter: 43 out of 100
Updating learning rate to 7.855167211278951e-07
Epoch: 50 cost time: 21.389228105545044
Epoch: 50, Steps: 59 | Train Loss: 0.5688888 Vali Loss: 1.4810989 Test Loss: 0.4499082
EarlyStopping counter: 44 out of 100
Updating learning rate to 7.069650490151056e-07
Epoch: 51 cost time: 21.406908988952637
Epoch: 51, Steps: 59 | Train Loss: 0.5688864 Vali Loss: 1.4753642 Test Loss: 0.4499485
EarlyStopping counter: 45 out of 100
Updating learning rate to 6.36268544113595e-07
Epoch: 52 cost time: 21.476858854293823
Epoch: 52, Steps: 59 | Train Loss: 0.5693489 Vali Loss: 1.4796760 Test Loss: 0.4498695
EarlyStopping counter: 46 out of 100
Updating learning rate to 5.726416897022355e-07
Epoch: 53 cost time: 21.36440944671631
Epoch: 53, Steps: 59 | Train Loss: 0.5689625 Vali Loss: 1.4726751 Test Loss: 0.4497806
EarlyStopping counter: 47 out of 100
Updating learning rate to 5.15377520732012e-07
Epoch: 54 cost time: 21.02782893180847
Epoch: 54, Steps: 59 | Train Loss: 0.5688441 Vali Loss: 1.4812690 Test Loss: 0.4499859
EarlyStopping counter: 48 out of 100
Updating learning rate to 4.6383976865881085e-07
Epoch: 55 cost time: 21.385996341705322
Epoch: 55, Steps: 59 | Train Loss: 0.5689326 Vali Loss: 1.4788946 Test Loss: 0.4498288
EarlyStopping counter: 49 out of 100
Updating learning rate to 4.174557917929298e-07
Epoch: 56 cost time: 21.388349294662476
Epoch: 56, Steps: 59 | Train Loss: 0.5690725 Vali Loss: 1.4808509 Test Loss: 0.4498824
EarlyStopping counter: 50 out of 100
Updating learning rate to 3.7571021261363677e-07
Epoch: 57 cost time: 21.39922571182251
Epoch: 57, Steps: 59 | Train Loss: 0.5689012 Vali Loss: 1.4743863 Test Loss: 0.4499992
EarlyStopping counter: 51 out of 100
Updating learning rate to 3.381391913522731e-07
Epoch: 58 cost time: 21.201749563217163
Epoch: 58, Steps: 59 | Train Loss: 0.5688489 Vali Loss: 1.4815814 Test Loss: 0.4500142
EarlyStopping counter: 52 out of 100
Updating learning rate to 3.043252722170458e-07
Epoch: 59 cost time: 21.114590644836426
Epoch: 59, Steps: 59 | Train Loss: 0.5687906 Vali Loss: 1.4828067 Test Loss: 0.4497148
EarlyStopping counter: 53 out of 100
Updating learning rate to 2.7389274499534124e-07
Epoch: 60 cost time: 21.58168864250183
Epoch: 60, Steps: 59 | Train Loss: 0.5690213 Vali Loss: 1.4832499 Test Loss: 0.4498023
EarlyStopping counter: 54 out of 100
Updating learning rate to 2.465034704958071e-07
Epoch: 61 cost time: 21.303385972976685
Epoch: 61, Steps: 59 | Train Loss: 0.5691580 Vali Loss: 1.4814968 Test Loss: 0.4498369
EarlyStopping counter: 55 out of 100
Updating learning rate to 2.218531234462264e-07
Epoch: 62 cost time: 21.239732265472412
Epoch: 62, Steps: 59 | Train Loss: 0.5687134 Vali Loss: 1.4753958 Test Loss: 0.4498945
EarlyStopping counter: 56 out of 100
Updating learning rate to 1.9966781110160376e-07
Epoch: 63 cost time: 21.328235387802124
Epoch: 63, Steps: 59 | Train Loss: 0.5685400 Vali Loss: 1.4771967 Test Loss: 0.4497367
EarlyStopping counter: 57 out of 100
Updating learning rate to 1.797010299914434e-07
Epoch: 64 cost time: 21.276422262191772
Epoch: 64, Steps: 59 | Train Loss: 0.5685995 Vali Loss: 1.4702063 Test Loss: 0.4498345
EarlyStopping counter: 58 out of 100
Updating learning rate to 1.6173092699229907e-07
Epoch: 65 cost time: 21.3853759765625
Epoch: 65, Steps: 59 | Train Loss: 0.5690681 Vali Loss: 1.4773095 Test Loss: 0.4497277
EarlyStopping counter: 59 out of 100
Updating learning rate to 1.4555783429306916e-07
Epoch: 66 cost time: 21.300981998443604
Epoch: 66, Steps: 59 | Train Loss: 0.5686824 Vali Loss: 1.4799031 Test Loss: 0.4498304
EarlyStopping counter: 60 out of 100
Updating learning rate to 1.3100205086376224e-07
Epoch: 67 cost time: 21.34145951271057
Epoch: 67, Steps: 59 | Train Loss: 0.5687541 Vali Loss: 1.4828848 Test Loss: 0.4497585
EarlyStopping counter: 61 out of 100
Updating learning rate to 1.1790184577738603e-07
Epoch: 68 cost time: 21.340508699417114
Epoch: 68, Steps: 59 | Train Loss: 0.5685634 Vali Loss: 1.4808729 Test Loss: 0.4498415
EarlyStopping counter: 62 out of 100
Updating learning rate to 1.0611166119964742e-07
Epoch: 69 cost time: 21.24337077140808
Epoch: 69, Steps: 59 | Train Loss: 0.5688028 Vali Loss: 1.4772251 Test Loss: 0.4497873
EarlyStopping counter: 63 out of 100
Updating learning rate to 9.550049507968268e-08
Epoch: 70 cost time: 21.349786281585693
Epoch: 70, Steps: 59 | Train Loss: 0.5684358 Vali Loss: 1.4771845 Test Loss: 0.4497753
EarlyStopping counter: 64 out of 100
Updating learning rate to 8.595044557171442e-08
Epoch: 71 cost time: 21.289106369018555
Epoch: 71, Steps: 59 | Train Loss: 0.5685192 Vali Loss: 1.4763752 Test Loss: 0.4497807
EarlyStopping counter: 65 out of 100
Updating learning rate to 7.735540101454298e-08
Epoch: 72 cost time: 21.60661745071411
Epoch: 72, Steps: 59 | Train Loss: 0.5686108 Vali Loss: 1.4773698 Test Loss: 0.4498096
EarlyStopping counter: 66 out of 100
Updating learning rate to 6.961986091308869e-08
Epoch: 73 cost time: 21.214301347732544
Epoch: 73, Steps: 59 | Train Loss: 0.5685980 Vali Loss: 1.4838045 Test Loss: 0.4497865
EarlyStopping counter: 67 out of 100
Updating learning rate to 6.265787482177981e-08
Epoch: 74 cost time: 21.385619401931763
Epoch: 74, Steps: 59 | Train Loss: 0.5687258 Vali Loss: 1.4799223 Test Loss: 0.4497962
EarlyStopping counter: 68 out of 100
Updating learning rate to 5.639208733960184e-08
Epoch: 75 cost time: 21.38648247718811
Epoch: 75, Steps: 59 | Train Loss: 0.5685204 Vali Loss: 1.4757659 Test Loss: 0.4497733
EarlyStopping counter: 69 out of 100
Updating learning rate to 5.075287860564165e-08
Epoch: 76 cost time: 21.250882387161255
Epoch: 76, Steps: 59 | Train Loss: 0.5688634 Vali Loss: 1.4819376 Test Loss: 0.4497888
EarlyStopping counter: 70 out of 100
Updating learning rate to 4.567759074507749e-08
Epoch: 77 cost time: 21.12934947013855
Epoch: 77, Steps: 59 | Train Loss: 0.5684015 Vali Loss: 1.4724007 Test Loss: 0.4497833
EarlyStopping counter: 71 out of 100
Updating learning rate to 4.1109831670569744e-08
Epoch: 78 cost time: 21.36072874069214
Epoch: 78, Steps: 59 | Train Loss: 0.5687652 Vali Loss: 1.4781184 Test Loss: 0.4497703
EarlyStopping counter: 72 out of 100
Updating learning rate to 3.6998848503512764e-08
Epoch: 79 cost time: 21.364458084106445
Epoch: 79, Steps: 59 | Train Loss: 0.5686176 Vali Loss: 1.4774175 Test Loss: 0.4497791
EarlyStopping counter: 73 out of 100
Updating learning rate to 3.3298963653161496e-08
Epoch: 80 cost time: 21.2758469581604
Epoch: 80, Steps: 59 | Train Loss: 0.5683351 Vali Loss: 1.4808633 Test Loss: 0.4497868
EarlyStopping counter: 74 out of 100
Updating learning rate to 2.996906728784534e-08
Epoch: 81 cost time: 21.35043978691101
Epoch: 81, Steps: 59 | Train Loss: 0.5686847 Vali Loss: 1.4776142 Test Loss: 0.4498004
EarlyStopping counter: 75 out of 100
Updating learning rate to 2.697216055906081e-08
Epoch: 82 cost time: 21.188334465026855
Epoch: 82, Steps: 59 | Train Loss: 0.5686361 Vali Loss: 1.4763268 Test Loss: 0.4498014
EarlyStopping counter: 76 out of 100
Updating learning rate to 2.427494450315473e-08
Epoch: 83 cost time: 21.309201955795288
Epoch: 83, Steps: 59 | Train Loss: 0.5691654 Vali Loss: 1.4732354 Test Loss: 0.4497907
EarlyStopping counter: 77 out of 100
Updating learning rate to 2.1847450052839257e-08
Epoch: 84 cost time: 21.21192693710327
Epoch: 84, Steps: 59 | Train Loss: 0.5689551 Vali Loss: 1.4750166 Test Loss: 0.4497905
EarlyStopping counter: 78 out of 100
Updating learning rate to 1.9662705047555332e-08
Epoch: 85 cost time: 21.26706075668335
Epoch: 85, Steps: 59 | Train Loss: 0.5687825 Vali Loss: 1.4769846 Test Loss: 0.4497816
EarlyStopping counter: 79 out of 100
Updating learning rate to 1.7696434542799797e-08
Epoch: 86 cost time: 21.1996648311615
Epoch: 86, Steps: 59 | Train Loss: 0.5684775 Vali Loss: 1.4763988 Test Loss: 0.4497803
EarlyStopping counter: 80 out of 100
Updating learning rate to 1.5926791088519817e-08
Epoch: 87 cost time: 21.51575517654419
Epoch: 87, Steps: 59 | Train Loss: 0.5685485 Vali Loss: 1.4752768 Test Loss: 0.4497832
EarlyStopping counter: 81 out of 100
Updating learning rate to 1.4334111979667836e-08
Epoch: 88 cost time: 21.40244436264038
Epoch: 88, Steps: 59 | Train Loss: 0.5687140 Vali Loss: 1.4781173 Test Loss: 0.4497837
EarlyStopping counter: 82 out of 100
Updating learning rate to 1.2900700781701054e-08
Epoch: 89 cost time: 21.393370628356934
Epoch: 89, Steps: 59 | Train Loss: 0.5689027 Vali Loss: 1.4800916 Test Loss: 0.4497828
EarlyStopping counter: 83 out of 100
Updating learning rate to 1.161063070353095e-08
Epoch: 90 cost time: 21.155001640319824
Epoch: 90, Steps: 59 | Train Loss: 0.5686136 Vali Loss: 1.4746902 Test Loss: 0.4497865
EarlyStopping counter: 84 out of 100
Updating learning rate to 1.0449567633177854e-08
Epoch: 91 cost time: 21.337847232818604
Epoch: 91, Steps: 59 | Train Loss: 0.5682442 Vali Loss: 1.4763136 Test Loss: 0.4497871
EarlyStopping counter: 85 out of 100
Updating learning rate to 9.404610869860069e-09
Epoch: 92 cost time: 21.484353065490723
Epoch: 92, Steps: 59 | Train Loss: 0.5683221 Vali Loss: 1.4798021 Test Loss: 0.4497890
EarlyStopping counter: 86 out of 100
Updating learning rate to 8.464149782874063e-09
Epoch: 93 cost time: 21.35147190093994
Epoch: 93, Steps: 59 | Train Loss: 0.5686787 Vali Loss: 1.4698910 Test Loss: 0.4497938
EarlyStopping counter: 87 out of 100
Updating learning rate to 7.617734804586658e-09
Epoch: 94 cost time: 21.348464965820312
Epoch: 94, Steps: 59 | Train Loss: 0.5687808 Vali Loss: 1.4778807 Test Loss: 0.4497923
EarlyStopping counter: 88 out of 100
Updating learning rate to 6.855961324127991e-09
Epoch: 95 cost time: 21.273667335510254
Epoch: 95, Steps: 59 | Train Loss: 0.5689548 Vali Loss: 1.4769562 Test Loss: 0.4497916
EarlyStopping counter: 89 out of 100
Updating learning rate to 6.170365191715193e-09
Epoch: 96 cost time: 21.365216493606567
Epoch: 96, Steps: 59 | Train Loss: 0.5688529 Vali Loss: 1.4794879 Test Loss: 0.4497935
EarlyStopping counter: 90 out of 100
Updating learning rate to 5.5533286725436726e-09
Epoch: 97 cost time: 21.282643795013428
Epoch: 97, Steps: 59 | Train Loss: 0.5686766 Vali Loss: 1.4769180 Test Loss: 0.4497907
EarlyStopping counter: 91 out of 100
Updating learning rate to 4.997995805289306e-09
Epoch: 98 cost time: 21.400895595550537
Epoch: 98, Steps: 59 | Train Loss: 0.5688649 Vali Loss: 1.4759080 Test Loss: 0.4497916
EarlyStopping counter: 92 out of 100
Updating learning rate to 4.498196224760375e-09
Epoch: 99 cost time: 21.46678352355957
Epoch: 99, Steps: 59 | Train Loss: 0.5688542 Vali Loss: 1.4850155 Test Loss: 0.4497900
EarlyStopping counter: 93 out of 100
Updating learning rate to 4.048376602284338e-09
Epoch: 100 cost time: 21.334867477416992
Epoch: 100, Steps: 59 | Train Loss: 0.5684012 Vali Loss: 1.4760211 Test Loss: 0.4497921
EarlyStopping counter: 94 out of 100
Updating learning rate to 3.643538942055904e-09
>>>>>>>testing : 336_720_PatchTSW_ETTh1_ftM_sl336_ll48_pl720_dm16_nh4_el2_dl1_df128_fc1_ebtimeF_dtTrue_Exp_0<<<<<<<<<<<<<<<<<<<<<<<<<<<<<<<<<
test 2161
mse:0.46444663405418396, mae:0.47542062401771545, rse:0.6545652747154236
