Args in experiment:
Namespace(activation='gelu', affine=0, batch_size=4, c_out=7, checkpoints='./checkpoints/', d_ff=256, d_layers=1, d_model=128, data='custom', data_path='traffic.csv', dec_in=7, decomposition=0, des='Exp', devices='0,1,2,3', distil=True, do_predict=False, dropout=0.2, e_layers=2, embed='timeF', embed_type=0, enc_in=862, factor=1, fc_dropout=0.2, features='M', freq='h', gpu=0, head_dropout=0.0, individual=0, is_training=1, itr=1, kernel_size=25, label_len=48, learning_rate=0.0001, loss='mse', lradj='TST', model='PatchTSW', model_id='traffic_336_192', moving_avg=25, n_heads=16, num_workers=10, output_attention=False, padding_patch='end', patch_len=16, patience=10, pct_start=0.2, pred_len=192, random_seed=2021, revin=1, root_path='./dataset/', seq_len=336, stride=8, subtract_last=0, target='OT', test_flop=False, train_epochs=100, use_amp=False, use_gpu=True, use_multi_gpu=False)
Use GPU: cuda:0
base legendre
>>>>>>>start training : traffic_336_192_PatchTSW_custom_ftM_sl336_ll48_pl192_dm128_nh16_el2_dl1_df256_fc1_ebtimeF_dtTrue_Exp_0>>>>>>>>>>>>>>>>>>>>>>>>>>
train 11753
val 1565
test 3317
	iters: 100, epoch: 1 | loss: 0.7306799
	speed: 1.1904s/iter; left time: 349608.6893s
	iters: 200, epoch: 1 | loss: 0.5859199
	speed: 1.1809s/iter; left time: 346715.6340s
	iters: 300, epoch: 1 | loss: 0.5531656
	speed: 1.1808s/iter; left time: 346575.2258s
	iters: 400, epoch: 1 | loss: 0.5229704
	speed: 1.1812s/iter; left time: 346577.4885s
	iters: 500, epoch: 1 | loss: 0.4156772
	speed: 1.1810s/iter; left time: 346384.5493s
	iters: 600, epoch: 1 | loss: 0.4523274
	speed: 1.1812s/iter; left time: 346330.6951s
	iters: 700, epoch: 1 | loss: 0.4737611
	speed: 1.1818s/iter; left time: 346378.1702s
	iters: 800, epoch: 1 | loss: 0.4511990
	speed: 1.1823s/iter; left time: 346424.0345s
	iters: 900, epoch: 1 | loss: 0.3754355
	speed: 1.1825s/iter; left time: 346345.8724s
	iters: 1000, epoch: 1 | loss: 0.3532068
	speed: 1.1822s/iter; left time: 346141.2018s
	iters: 1100, epoch: 1 | loss: 0.3923270
	speed: 1.1821s/iter; left time: 345993.4515s
	iters: 1200, epoch: 1 | loss: 0.3299089
	speed: 1.1819s/iter; left time: 345823.6236s
	iters: 1300, epoch: 1 | loss: 0.3661473
	speed: 1.1819s/iter; left time: 345719.2289s
	iters: 1400, epoch: 1 | loss: 0.4119571
	speed: 1.1818s/iter; left time: 345568.2378s
	iters: 1500, epoch: 1 | loss: 0.3526563
	speed: 1.1824s/iter; left time: 345611.5914s
	iters: 1600, epoch: 1 | loss: 0.3398106
	speed: 1.1823s/iter; left time: 345469.4409s
	iters: 1700, epoch: 1 | loss: 0.3496686
	speed: 1.1821s/iter; left time: 345289.1268s
	iters: 1800, epoch: 1 | loss: 0.3533283
	speed: 1.1817s/iter; left time: 345049.9998s
	iters: 1900, epoch: 1 | loss: 0.3163989
	speed: 1.1816s/iter; left time: 344922.5109s
	iters: 2000, epoch: 1 | loss: 0.3540527
	speed: 1.1817s/iter; left time: 344809.1686s
	iters: 2100, epoch: 1 | loss: 0.3907607
	speed: 1.1817s/iter; left time: 344693.7916s
	iters: 2200, epoch: 1 | loss: 0.3331976
	speed: 1.1821s/iter; left time: 344707.7597s
	iters: 2300, epoch: 1 | loss: 0.3292359
	speed: 1.1819s/iter; left time: 344536.6614s
	iters: 2400, epoch: 1 | loss: 0.2974412
	speed: 1.1815s/iter; left time: 344277.3823s
	iters: 2500, epoch: 1 | loss: 0.3162011
	speed: 1.1816s/iter; left time: 344213.8208s
	iters: 2600, epoch: 1 | loss: 0.2800047
	speed: 1.1816s/iter; left time: 344091.0590s
	iters: 2700, epoch: 1 | loss: 0.3247353
	speed: 1.1817s/iter; left time: 343980.6945s
	iters: 2800, epoch: 1 | loss: 0.3285940
	speed: 1.1815s/iter; left time: 343813.3199s
	iters: 2900, epoch: 1 | loss: 0.3385386
	speed: 1.1818s/iter; left time: 343773.7339s
Epoch: 1 cost time: 3472.996850967407
Epoch: 1, Steps: 2938 | Train Loss: 0.3986798 Vali Loss: 0.3711950 Test Loss: 0.4682252
Validation loss decreased (inf --> 0.371195).  Saving model ...
Updating learning rate to 4.590979724920557e-06
	iters: 100, epoch: 2 | loss: 0.2835369
	speed: 5.7739s/iter; left time: 1678850.8886s
	iters: 200, epoch: 2 | loss: 0.2770583
	speed: 1.1815s/iter; left time: 343420.6591s
	iters: 300, epoch: 2 | loss: 0.3654126
	speed: 1.1815s/iter; left time: 343298.6462s
	iters: 400, epoch: 2 | loss: 0.3463950
	speed: 1.1812s/iter; left time: 343092.2007s
	iters: 500, epoch: 2 | loss: 0.3451855
	speed: 1.1810s/iter; left time: 342920.6335s
	iters: 600, epoch: 2 | loss: 0.3445621
	speed: 1.1817s/iter; left time: 342990.6925s
	iters: 700, epoch: 2 | loss: 0.3402496
	speed: 1.1811s/iter; left time: 342709.9853s
	iters: 800, epoch: 2 | loss: 0.2688684
	speed: 1.1814s/iter; left time: 342688.4472s
	iters: 900, epoch: 2 | loss: 0.3348269
	speed: 1.1815s/iter; left time: 342582.1399s
	iters: 1000, epoch: 2 | loss: 0.3081657
	speed: 1.1811s/iter; left time: 342371.4745s
	iters: 1100, epoch: 2 | loss: 0.2448640
	speed: 1.1809s/iter; left time: 342172.3492s
	iters: 1200, epoch: 2 | loss: 0.3323928
	speed: 1.1810s/iter; left time: 342094.1498s
	iters: 1300, epoch: 2 | loss: 0.2711123
	speed: 1.1813s/iter; left time: 342069.9652s
	iters: 1400, epoch: 2 | loss: 0.2748627
	speed: 1.1815s/iter; left time: 341998.6445s
	iters: 1500, epoch: 2 | loss: 0.3342863
	speed: 1.1812s/iter; left time: 341803.4421s
	iters: 1600, epoch: 2 | loss: 0.2719622
	speed: 1.1815s/iter; left time: 341756.8113s
	iters: 1700, epoch: 2 | loss: 0.2826304
	speed: 1.1813s/iter; left time: 341596.7796s
	iters: 1800, epoch: 2 | loss: 0.2939999
	speed: 1.1812s/iter; left time: 341444.8300s
	iters: 1900, epoch: 2 | loss: 0.2757419
	speed: 1.1818s/iter; left time: 341484.3145s
	iters: 2000, epoch: 2 | loss: 0.2966166
	speed: 1.1819s/iter; left time: 341418.2955s
	iters: 2100, epoch: 2 | loss: 0.2521251
	speed: 1.1819s/iter; left time: 341291.5806s
	iters: 2200, epoch: 2 | loss: 0.2554841
	speed: 1.1817s/iter; left time: 341123.2317s
	iters: 2300, epoch: 2 | loss: 0.3066405
	speed: 1.1819s/iter; left time: 341055.6556s
	iters: 2400, epoch: 2 | loss: 0.3138667
	speed: 1.1818s/iter; left time: 340899.3550s
	iters: 2500, epoch: 2 | loss: 0.3009223
	speed: 1.1816s/iter; left time: 340731.8235s
	iters: 2600, epoch: 2 | loss: 0.2717689
	speed: 1.1817s/iter; left time: 340645.7089s
	iters: 2700, epoch: 2 | loss: 0.3189242
	speed: 1.1818s/iter; left time: 340552.1136s
	iters: 2800, epoch: 2 | loss: 0.2798397
	speed: 1.1818s/iter; left time: 340431.9992s
	iters: 2900, epoch: 2 | loss: 0.2998787
	speed: 1.1817s/iter; left time: 340279.4511s
Epoch: 2 cost time: 3472.5794529914856
Epoch: 2, Steps: 2938 | Train Loss: 0.3024774 Vali Loss: 0.3559854 Test Loss: 0.4439879
Validation loss decreased (0.371195 --> 0.355985).  Saving model ...
Updating learning rate to 6.349366523212784e-06
	iters: 100, epoch: 3 | loss: 0.2859314
	speed: 5.7822s/iter; left time: 1664250.7938s
	iters: 200, epoch: 3 | loss: 0.3092678
	speed: 1.1811s/iter; left time: 339833.9550s
	iters: 300, epoch: 3 | loss: 0.3445191
	speed: 1.1812s/iter; left time: 339747.9855s
	iters: 400, epoch: 3 | loss: 0.2625992
	speed: 1.1814s/iter; left time: 339694.4719s
	iters: 500, epoch: 3 | loss: 0.2942490
	speed: 1.1814s/iter; left time: 339561.2316s
	iters: 600, epoch: 3 | loss: 0.2805120
	speed: 1.1816s/iter; left time: 339517.5320s
	iters: 700, epoch: 3 | loss: 0.3276210
	speed: 1.1818s/iter; left time: 339454.0495s
	iters: 800, epoch: 3 | loss: 0.3165456
	speed: 1.1823s/iter; left time: 339456.8846s
	iters: 900, epoch: 3 | loss: 0.2979047
	speed: 1.1823s/iter; left time: 339355.8192s
	iters: 1000, epoch: 3 | loss: 0.3159068
	speed: 1.1823s/iter; left time: 339223.0585s
	iters: 1100, epoch: 3 | loss: 0.2802043
	speed: 1.1820s/iter; left time: 339018.3956s
	iters: 1200, epoch: 3 | loss: 0.2921090
	speed: 1.1821s/iter; left time: 338934.4685s
	iters: 1300, epoch: 3 | loss: 0.3442243
	speed: 1.1816s/iter; left time: 338689.2537s
	iters: 1400, epoch: 3 | loss: 0.2484568
	speed: 1.1819s/iter; left time: 338655.7793s
	iters: 1500, epoch: 3 | loss: 0.2573984
	speed: 1.1819s/iter; left time: 338536.1279s
	iters: 1600, epoch: 3 | loss: 0.2834113
	speed: 1.1819s/iter; left time: 338420.8178s
	iters: 1700, epoch: 3 | loss: 0.2748930
	speed: 1.1817s/iter; left time: 338240.7248s
	iters: 1800, epoch: 3 | loss: 0.2324758
	speed: 1.1812s/iter; left time: 337974.9864s
	iters: 1900, epoch: 3 | loss: 0.2513296
	speed: 1.1816s/iter; left time: 337954.3853s
	iters: 2000, epoch: 3 | loss: 0.3194734
	speed: 1.1815s/iter; left time: 337819.9440s
	iters: 2100, epoch: 3 | loss: 0.2597843
	speed: 1.1816s/iter; left time: 337731.2802s
	iters: 2200, epoch: 3 | loss: 0.2679662
	speed: 1.1817s/iter; left time: 337631.7889s
	iters: 2300, epoch: 3 | loss: 0.3177073
	speed: 1.1813s/iter; left time: 337400.8542s
	iters: 2400, epoch: 3 | loss: 0.2448599
	speed: 1.1811s/iter; left time: 337220.5273s
	iters: 2500, epoch: 3 | loss: 0.2652804
	speed: 1.1813s/iter; left time: 337159.5967s
	iters: 2600, epoch: 3 | loss: 0.2992178
	speed: 1.1815s/iter; left time: 337116.4088s
	iters: 2700, epoch: 3 | loss: 0.2589279
	speed: 1.1812s/iter; left time: 336906.0614s
	iters: 2800, epoch: 3 | loss: 0.2338489
	speed: 1.1814s/iter; left time: 336860.3812s
	iters: 2900, epoch: 3 | loss: 0.2371949
	speed: 1.1812s/iter; left time: 336671.7437s
Epoch: 3 cost time: 3473.2949628829956
Epoch: 3, Steps: 2938 | Train Loss: 0.2857386 Vali Loss: 0.3496798 Test Loss: 0.4341255
Validation loss decreased (0.355985 --> 0.349680).  Saving model ...
Updating learning rate to 9.231861605445038e-06
	iters: 100, epoch: 4 | loss: 0.2525466
	speed: 5.7896s/iter; left time: 1649392.1219s
	iters: 200, epoch: 4 | loss: 0.2618488
	speed: 1.1814s/iter; left time: 336441.0727s
	iters: 300, epoch: 4 | loss: 0.2798907
	speed: 1.1817s/iter; left time: 336421.3077s
	iters: 400, epoch: 4 | loss: 0.2694456
	speed: 1.1819s/iter; left time: 336344.1077s
	iters: 500, epoch: 4 | loss: 0.2730887
	speed: 1.1819s/iter; left time: 336240.4298s
	iters: 600, epoch: 4 | loss: 0.2521806
	speed: 1.1814s/iter; left time: 335984.6180s
	iters: 700, epoch: 4 | loss: 0.2995088
	speed: 1.1811s/iter; left time: 335778.2157s
	iters: 800, epoch: 4 | loss: 0.2363104
	speed: 1.1813s/iter; left time: 335699.2856s
	iters: 900, epoch: 4 | loss: 0.3034673
	speed: 1.1814s/iter; left time: 335621.7794s
	iters: 1000, epoch: 4 | loss: 0.3058238
	speed: 1.1812s/iter; left time: 335448.2499s
	iters: 1100, epoch: 4 | loss: 0.3066101
	speed: 1.1813s/iter; left time: 335363.7198s
	iters: 1200, epoch: 4 | loss: 0.2636625
	speed: 1.1812s/iter; left time: 335198.0591s
	iters: 1300, epoch: 4 | loss: 0.2989141
	speed: 1.1810s/iter; left time: 335036.7979s
	iters: 1400, epoch: 4 | loss: 0.3365556
	speed: 1.1815s/iter; left time: 335049.1822s
	iters: 1500, epoch: 4 | loss: 0.2438884
	speed: 1.1812s/iter; left time: 334866.6281s
	iters: 1600, epoch: 4 | loss: 0.2914735
	speed: 1.1817s/iter; left time: 334888.0941s
	iters: 1700, epoch: 4 | loss: 0.2744322
	speed: 1.1820s/iter; left time: 334854.3582s
	iters: 1800, epoch: 4 | loss: 0.2884995
	speed: 1.1818s/iter; left time: 334676.0635s
	iters: 1900, epoch: 4 | loss: 0.2569901
	speed: 1.1816s/iter; left time: 334482.7089s
	iters: 2000, epoch: 4 | loss: 0.3375343
	speed: 1.1820s/iter; left time: 334486.1812s
	iters: 2100, epoch: 4 | loss: 0.2547521
	speed: 1.1819s/iter; left time: 334353.4819s
	iters: 2200, epoch: 4 | loss: 0.2670392
	speed: 1.1817s/iter; left time: 334175.3710s
	iters: 2300, epoch: 4 | loss: 0.3185053
	speed: 1.1815s/iter; left time: 334004.5187s
	iters: 2400, epoch: 4 | loss: 0.2500589
	speed: 1.1816s/iter; left time: 333899.1272s
	iters: 2500, epoch: 4 | loss: 0.3168409
	speed: 1.1811s/iter; left time: 333656.5109s
	iters: 2600, epoch: 4 | loss: 0.2948828
	speed: 1.1813s/iter; left time: 333575.0931s
	iters: 2700, epoch: 4 | loss: 0.2911437
	speed: 1.1816s/iter; left time: 333557.5746s
	iters: 2800, epoch: 4 | loss: 0.2494363
	speed: 1.1814s/iter; left time: 333383.6791s
	iters: 2900, epoch: 4 | loss: 0.2917084
	speed: 1.1814s/iter; left time: 333250.2957s
Epoch: 4 cost time: 3472.7459366321564
Epoch: 4, Steps: 2938 | Train Loss: 0.2754339 Vali Loss: 0.3468875 Test Loss: 0.4286070
Validation loss decreased (0.349680 --> 0.346888).  Saving model ...
Updating learning rate to 1.3167485965334723e-05
	iters: 100, epoch: 5 | loss: 0.2348804
	speed: 5.7778s/iter; left time: 1629050.3966s
	iters: 200, epoch: 5 | loss: 0.2731081
	speed: 1.1814s/iter; left time: 332989.6919s
	iters: 300, epoch: 5 | loss: 0.2731467
	speed: 1.1819s/iter; left time: 332985.2698s
	iters: 400, epoch: 5 | loss: 0.3380082
	speed: 1.1822s/iter; left time: 332966.6197s
	iters: 500, epoch: 5 | loss: 0.2598560
	speed: 1.1812s/iter; left time: 332559.0873s
	iters: 600, epoch: 5 | loss: 0.2466657
	speed: 1.1812s/iter; left time: 332456.8267s
	iters: 700, epoch: 5 | loss: 0.2616505
	speed: 1.1812s/iter; left time: 332326.2019s
	iters: 800, epoch: 5 | loss: 0.2522229
	speed: 1.1817s/iter; left time: 332355.9252s
	iters: 900, epoch: 5 | loss: 0.2811377
	speed: 1.1815s/iter; left time: 332176.3962s
	iters: 1000, epoch: 5 | loss: 0.2478062
	speed: 1.1817s/iter; left time: 332105.9692s
	iters: 1100, epoch: 5 | loss: 0.2885860
	speed: 1.1817s/iter; left time: 331992.9590s
	iters: 1200, epoch: 5 | loss: 0.2984269
	speed: 1.1815s/iter; left time: 331814.8263s
	iters: 1300, epoch: 5 | loss: 0.2964171
	speed: 1.1816s/iter; left time: 331720.7527s
	iters: 1400, epoch: 5 | loss: 0.2495945
	speed: 1.1818s/iter; left time: 331672.4564s
	iters: 1500, epoch: 5 | loss: 0.2851223
	speed: 1.1814s/iter; left time: 331433.4493s
	iters: 1600, epoch: 5 | loss: 0.2431640
	speed: 1.1811s/iter; left time: 331239.2537s
	iters: 1700, epoch: 5 | loss: 0.2898644
	speed: 1.1816s/iter; left time: 331261.7609s
	iters: 1800, epoch: 5 | loss: 0.2432237
	speed: 1.1818s/iter; left time: 331190.1549s
	iters: 1900, epoch: 5 | loss: 0.2429118
	speed: 1.1820s/iter; left time: 331138.0798s
	iters: 2000, epoch: 5 | loss: 0.2546801
	speed: 1.1818s/iter; left time: 330959.5835s
	iters: 2100, epoch: 5 | loss: 0.2628338
	speed: 1.1818s/iter; left time: 330857.5787s
	iters: 2200, epoch: 5 | loss: 0.2303457
	speed: 1.1819s/iter; left time: 330747.0346s
	iters: 2300, epoch: 5 | loss: 0.2484408
	speed: 1.1819s/iter; left time: 330635.4000s
	iters: 2400, epoch: 5 | loss: 0.2945645
	speed: 1.1818s/iter; left time: 330491.4506s
	iters: 2500, epoch: 5 | loss: 0.2476720
	speed: 1.1816s/iter; left time: 330315.1013s
	iters: 2600, epoch: 5 | loss: 0.2690749
	speed: 1.1814s/iter; left time: 330149.1666s
	iters: 2700, epoch: 5 | loss: 0.2826189
	speed: 1.1812s/iter; left time: 329956.4980s
	iters: 2800, epoch: 5 | loss: 0.2586904
	speed: 1.1814s/iter; left time: 329898.9127s
	iters: 2900, epoch: 5 | loss: 0.2458862
	speed: 1.1814s/iter; left time: 329794.8816s
Epoch: 5 cost time: 3472.9086017608643
Epoch: 5, Steps: 2938 | Train Loss: 0.2681781 Vali Loss: 0.3452383 Test Loss: 0.4235038
Validation loss decreased (0.346888 --> 0.345238).  Saving model ...
Updating learning rate to 1.8059328177815284e-05
	iters: 100, epoch: 6 | loss: 0.2796394
	speed: 5.7831s/iter; left time: 1613558.2201s
	iters: 200, epoch: 6 | loss: 0.2440232
	speed: 1.1815s/iter; left time: 329547.2813s
	iters: 300, epoch: 6 | loss: 0.2184381
	speed: 1.1813s/iter; left time: 329356.1927s
	iters: 400, epoch: 6 | loss: 0.2698666
	speed: 1.1812s/iter; left time: 329221.0866s
	iters: 500, epoch: 6 | loss: 0.3101355
	speed: 1.1816s/iter; left time: 329214.8233s
	iters: 600, epoch: 6 | loss: 0.2792862
	speed: 1.1814s/iter; left time: 329028.1705s
	iters: 700, epoch: 6 | loss: 0.2350772
	speed: 1.1814s/iter; left time: 328919.2249s
	iters: 800, epoch: 6 | loss: 0.2173659
	speed: 1.1814s/iter; left time: 328809.5621s
	iters: 900, epoch: 6 | loss: 0.2738712
	speed: 1.1814s/iter; left time: 328668.9579s
	iters: 1000, epoch: 6 | loss: 0.2605061
	speed: 1.1815s/iter; left time: 328576.3534s
	iters: 1100, epoch: 6 | loss: 0.2416777
	speed: 1.1820s/iter; left time: 328614.8370s
	iters: 1200, epoch: 6 | loss: 0.2673118
	speed: 1.1823s/iter; left time: 328573.8686s
	iters: 1300, epoch: 6 | loss: 0.2362615
	speed: 1.1821s/iter; left time: 328398.4895s
	iters: 1400, epoch: 6 | loss: 0.2889603
	speed: 1.1818s/iter; left time: 328185.7203s
	iters: 1500, epoch: 6 | loss: 0.2708291
	speed: 1.1817s/iter; left time: 328058.9314s
	iters: 1600, epoch: 6 | loss: 0.2420222
	speed: 1.1815s/iter; left time: 327887.3459s
	iters: 1700, epoch: 6 | loss: 0.2562779
	speed: 1.1817s/iter; left time: 327802.8278s
	iters: 1800, epoch: 6 | loss: 0.2326902
	speed: 1.1819s/iter; left time: 327757.6575s
	iters: 1900, epoch: 6 | loss: 0.3504088
	speed: 1.1819s/iter; left time: 327636.7980s
	iters: 2000, epoch: 6 | loss: 0.2833033
	speed: 1.1814s/iter; left time: 327383.8399s
	iters: 2100, epoch: 6 | loss: 0.2836925
	speed: 1.1814s/iter; left time: 327248.9783s
	iters: 2200, epoch: 6 | loss: 0.2284461
	speed: 1.1819s/iter; left time: 327293.0205s
	iters: 2300, epoch: 6 | loss: 0.3042476
	speed: 1.1813s/iter; left time: 327005.0737s
	iters: 2400, epoch: 6 | loss: 0.3268362
	speed: 1.1816s/iter; left time: 326951.9723s
	iters: 2500, epoch: 6 | loss: 0.2296627
	speed: 1.1818s/iter; left time: 326909.1371s
	iters: 2600, epoch: 6 | loss: 0.3130225
	speed: 1.1819s/iter; left time: 326809.6544s
	iters: 2700, epoch: 6 | loss: 0.2720799
	speed: 1.1818s/iter; left time: 326662.0936s
	iters: 2800, epoch: 6 | loss: 0.2495722
	speed: 1.1816s/iter; left time: 326487.2478s
	iters: 2900, epoch: 6 | loss: 0.2539542
	speed: 1.1814s/iter; left time: 326323.7257s
Epoch: 6 cost time: 3473.1289145946503
Epoch: 6, Steps: 2938 | Train Loss: 0.2627417 Vali Loss: 0.3442621 Test Loss: 0.4193801
Validation loss decreased (0.345238 --> 0.344262).  Saving model ...
Updating learning rate to 2.378693076100808e-05
	iters: 100, epoch: 7 | loss: 0.2678275
	speed: 5.7845s/iter; left time: 1596938.0124s
	iters: 200, epoch: 7 | loss: 0.3007758
	speed: 1.1816s/iter; left time: 326079.5136s
	iters: 300, epoch: 7 | loss: 0.2914669
	speed: 1.1816s/iter; left time: 325980.7631s
	iters: 400, epoch: 7 | loss: 0.3252997
	speed: 1.1813s/iter; left time: 325759.9097s
	iters: 500, epoch: 7 | loss: 0.3076546
	speed: 1.1820s/iter; left time: 325849.1043s
	iters: 600, epoch: 7 | loss: 0.2544344
	speed: 1.1818s/iter; left time: 325661.7822s
	iters: 700, epoch: 7 | loss: 0.2349972
	speed: 1.1817s/iter; left time: 325530.9675s
	iters: 800, epoch: 7 | loss: 0.2237837
	speed: 1.1813s/iter; left time: 325289.4195s
	iters: 900, epoch: 7 | loss: 0.2608657
	speed: 1.1810s/iter; left time: 325086.0462s
	iters: 1000, epoch: 7 | loss: 0.2859532
	speed: 1.1810s/iter; left time: 324971.6696s
	iters: 1100, epoch: 7 | loss: 0.3376466
	speed: 1.1814s/iter; left time: 324960.6070s
	iters: 1200, epoch: 7 | loss: 0.2760082
	speed: 1.1819s/iter; left time: 325003.4318s
	iters: 1300, epoch: 7 | loss: 0.2784485
	speed: 1.1819s/iter; left time: 324865.1691s
	iters: 1400, epoch: 7 | loss: 0.2177233
	speed: 1.1820s/iter; left time: 324785.0128s
	iters: 1500, epoch: 7 | loss: 0.2222244
	speed: 1.1816s/iter; left time: 324566.8206s
	iters: 1600, epoch: 7 | loss: 0.2340257
	speed: 1.1815s/iter; left time: 324400.9474s
	iters: 1700, epoch: 7 | loss: 0.2548772
	speed: 1.1818s/iter; left time: 324384.7821s
	iters: 1800, epoch: 7 | loss: 0.2454817
	speed: 1.1816s/iter; left time: 324203.7658s
	iters: 1900, epoch: 7 | loss: 0.2246141
	speed: 1.1813s/iter; left time: 324003.8736s
	iters: 2000, epoch: 7 | loss: 0.2530239
	speed: 1.1810s/iter; left time: 323805.8941s
	iters: 2100, epoch: 7 | loss: 0.2556804
	speed: 1.1809s/iter; left time: 323658.6224s
	iters: 2200, epoch: 7 | loss: 0.2692173
	speed: 1.1810s/iter; left time: 323568.6905s
	iters: 2300, epoch: 7 | loss: 0.2408275
	speed: 1.1814s/iter; left time: 323558.2403s
	iters: 2400, epoch: 7 | loss: 0.2473354
	speed: 1.1810s/iter; left time: 323328.5595s
	iters: 2500, epoch: 7 | loss: 0.2101060
	speed: 1.1814s/iter; left time: 323305.3270s
	iters: 2600, epoch: 7 | loss: 0.2695305
	speed: 1.1809s/iter; left time: 323056.0658s
	iters: 2700, epoch: 7 | loss: 0.2354935
	speed: 1.1810s/iter; left time: 322979.2178s
	iters: 2800, epoch: 7 | loss: 0.2370871
	speed: 1.1815s/iter; left time: 322985.8687s
	iters: 2900, epoch: 7 | loss: 0.2401756
	speed: 1.1812s/iter; left time: 322796.1050s
Epoch: 7 cost time: 3472.3914999961853
Epoch: 7, Steps: 2938 | Train Loss: 0.2581267 Vali Loss: 0.3420756 Test Loss: 0.4150341
Validation loss decreased (0.344262 --> 0.342076).  Saving model ...
Updating learning rate to 3.020925633995185e-05
	iters: 100, epoch: 8 | loss: 0.2490068
	speed: 5.7863s/iter; left time: 1580444.5028s
	iters: 200, epoch: 8 | loss: 0.2580419
	speed: 1.1813s/iter; left time: 322549.6199s
	iters: 300, epoch: 8 | loss: 0.3025370
	speed: 1.1814s/iter; left time: 322437.3923s
	iters: 400, epoch: 8 | loss: 0.2532376
	speed: 1.1818s/iter; left time: 322446.8689s
	iters: 500, epoch: 8 | loss: 0.2819624
	speed: 1.1817s/iter; left time: 322290.6590s
	iters: 600, epoch: 8 | loss: 0.2725220
	speed: 1.1816s/iter; left time: 322150.0468s
	iters: 700, epoch: 8 | loss: 0.2505998
	speed: 1.1816s/iter; left time: 322037.2016s
	iters: 800, epoch: 8 | loss: 0.2953254
	speed: 1.1820s/iter; left time: 322014.6756s
	iters: 900, epoch: 8 | loss: 0.2532312
	speed: 1.1818s/iter; left time: 321853.4694s
	iters: 1000, epoch: 8 | loss: 0.2594764
	speed: 1.1813s/iter; left time: 321602.9142s
	iters: 1100, epoch: 8 | loss: 0.2811645
	speed: 1.1815s/iter; left time: 321537.6120s
	iters: 1200, epoch: 8 | loss: 0.2558493
	speed: 1.1816s/iter; left time: 321433.0468s
	iters: 1300, epoch: 8 | loss: 0.2332382
	speed: 1.1819s/iter; left time: 321395.3624s
	iters: 1400, epoch: 8 | loss: 0.2324962
	speed: 1.1819s/iter; left time: 321274.4456s
	iters: 1500, epoch: 8 | loss: 0.2362794
	speed: 1.1820s/iter; left time: 321178.6932s
	iters: 1600, epoch: 8 | loss: 0.3142710
	speed: 1.1822s/iter; left time: 321121.9524s
	iters: 1700, epoch: 8 | loss: 0.2598105
	speed: 1.1822s/iter; left time: 320998.8167s
	iters: 1800, epoch: 8 | loss: 0.2636579
	speed: 1.1822s/iter; left time: 320888.2335s
	iters: 1900, epoch: 8 | loss: 0.2619963
	speed: 1.1820s/iter; left time: 320729.3978s
	iters: 2000, epoch: 8 | loss: 0.2926232
	speed: 1.1823s/iter; left time: 320682.5490s
	iters: 2100, epoch: 8 | loss: 0.2330800
	speed: 1.1820s/iter; left time: 320487.6686s
	iters: 2200, epoch: 8 | loss: 0.2668707
	speed: 1.1823s/iter; left time: 320458.0562s
	iters: 2300, epoch: 8 | loss: 0.2543393
	speed: 1.1825s/iter; left time: 320383.1387s
	iters: 2400, epoch: 8 | loss: 0.3002567
	speed: 1.1822s/iter; left time: 320183.4965s
	iters: 2500, epoch: 8 | loss: 0.2121933
	speed: 1.1821s/iter; left time: 320033.1584s
	iters: 2600, epoch: 8 | loss: 0.2398857
	speed: 1.1820s/iter; left time: 319877.1749s
	iters: 2700, epoch: 8 | loss: 0.2713043
	speed: 1.1824s/iter; left time: 319886.5226s
	iters: 2800, epoch: 8 | loss: 0.2888232
	speed: 1.1818s/iter; left time: 319612.0791s
	iters: 2900, epoch: 8 | loss: 0.2518252
	speed: 1.1815s/iter; left time: 319394.1287s
Epoch: 8 cost time: 3473.9754955768585
Epoch: 8, Steps: 2938 | Train Loss: 0.2538783 Vali Loss: 0.3414356 Test Loss: 0.4145344
Validation loss decreased (0.342076 --> 0.341436).  Saving model ...
Updating learning rate to 3.7168160572813544e-05
	iters: 100, epoch: 9 | loss: 0.2333869
	speed: 5.7753s/iter; left time: 1560456.6263s
	iters: 200, epoch: 9 | loss: 0.2265530
	speed: 1.1809s/iter; left time: 318944.9982s
	iters: 300, epoch: 9 | loss: 0.2276068
	speed: 1.1810s/iter; left time: 318866.6145s
	iters: 400, epoch: 9 | loss: 0.2084198
	speed: 1.1808s/iter; left time: 318693.5685s
	iters: 500, epoch: 9 | loss: 0.2580254
	speed: 1.1813s/iter; left time: 318702.3434s
	iters: 600, epoch: 9 | loss: 0.2515158
	speed: 1.1813s/iter; left time: 318603.6214s
	iters: 700, epoch: 9 | loss: 0.2817017
	speed: 1.1813s/iter; left time: 318466.0431s
	iters: 800, epoch: 9 | loss: 0.3234983
	speed: 1.1815s/iter; left time: 318402.8213s
	iters: 900, epoch: 9 | loss: 0.2432708
	speed: 1.1812s/iter; left time: 318206.8887s
	iters: 1000, epoch: 9 | loss: 0.2120774
	speed: 1.1810s/iter; left time: 318034.4887s
	iters: 1100, epoch: 9 | loss: 0.2195383
	speed: 1.1811s/iter; left time: 317937.2850s
	iters: 1200, epoch: 9 | loss: 0.2006070
	speed: 1.1809s/iter; left time: 317770.2839s
	iters: 1300, epoch: 9 | loss: 0.2487557
	speed: 1.1814s/iter; left time: 317781.2894s
