Args in experiment:
Namespace(activation='gelu', affine=0, batch_size=128, c_out=7, checkpoints='./checkpoints/', d_ff=128, d_layers=1, d_model=16, data='ETTh2', data_path='ETTh2.csv', dec_in=7, decomposition=0, des='Exp', devices='0,1,2,3', distil=True, do_predict=False, dropout=0.3, e_layers=2, embed='timeF', embed_type=0, enc_in=7, factor=1, fc_dropout=0.3, features='M', freq='h', gpu=0, head_dropout=0.0, individual=0, is_training=1, itr=1, kernel_size=25, label_len=48, learning_rate=0.0001, loss='mse', lradj='type3', model='PatchTSW', model_id='336_192', moving_avg=25, n_heads=4, num_workers=10, output_attention=False, padding_patch='end', patch_len=16, patience=100, pct_start=0.3, pred_len=192, random_seed=2021, revin=1, root_path='./dataset/', seq_len=336, stride=8, subtract_last=0, target='OT', test_flop=False, train_epochs=100, use_amp=False, use_gpu=True, use_multi_gpu=False)
Use GPU: cuda:0
base legendre
>>>>>>>start training : 336_192_PatchTSW_ETTh2_ftM_sl336_ll48_pl192_dm16_nh4_el2_dl1_df128_fc1_ebtimeF_dtTrue_Exp_0>>>>>>>>>>>>>>>>>>>>>>>>>>
train 8113
val 2689
test 2689
Epoch: 1 cost time: 22.233617782592773
Epoch: 1, Steps: 63 | Train Loss: 0.7359014 Vali Loss: 0.4079563 Test Loss: 0.4493395
Validation loss decreased (inf --> 0.407956).  Saving model ...
Updating learning rate to 0.0001
Epoch: 2 cost time: 22.572211265563965
Epoch: 2, Steps: 63 | Train Loss: 0.5934439 Vali Loss: 0.2863724 Test Loss: 0.3612657
Validation loss decreased (0.407956 --> 0.286372).  Saving model ...
Updating learning rate to 0.0001
Epoch: 3 cost time: 22.53555464744568
Epoch: 3, Steps: 63 | Train Loss: 0.5364853 Vali Loss: 0.2819004 Test Loss: 0.3555077
Validation loss decreased (0.286372 --> 0.281900).  Saving model ...
Updating learning rate to 0.0001
Epoch: 4 cost time: 22.54610824584961
Epoch: 4, Steps: 63 | Train Loss: 0.5244207 Vali Loss: 0.2827773 Test Loss: 0.3527440
EarlyStopping counter: 1 out of 100
Updating learning rate to 9e-05
Epoch: 5 cost time: 22.68918228149414
Epoch: 5, Steps: 63 | Train Loss: 0.5150184 Vali Loss: 0.2786634 Test Loss: 0.3565813
Validation loss decreased (0.281900 --> 0.278663).  Saving model ...
Updating learning rate to 8.1e-05
Epoch: 6 cost time: 22.563901662826538
Epoch: 6, Steps: 63 | Train Loss: 0.5061211 Vali Loss: 0.2771671 Test Loss: 0.3573398
Validation loss decreased (0.278663 --> 0.277167).  Saving model ...
Updating learning rate to 7.290000000000001e-05
Epoch: 7 cost time: 22.545592546463013
Epoch: 7, Steps: 63 | Train Loss: 0.5024070 Vali Loss: 0.2781722 Test Loss: 0.3586864
EarlyStopping counter: 1 out of 100
Updating learning rate to 6.561e-05
Epoch: 8 cost time: 22.528324365615845
Epoch: 8, Steps: 63 | Train Loss: 0.4960667 Vali Loss: 0.2767885 Test Loss: 0.3568214
Validation loss decreased (0.277167 --> 0.276789).  Saving model ...
Updating learning rate to 5.904900000000001e-05
Epoch: 9 cost time: 22.60370659828186
Epoch: 9, Steps: 63 | Train Loss: 0.4915899 Vali Loss: 0.2759918 Test Loss: 0.3598647
Validation loss decreased (0.276789 --> 0.275992).  Saving model ...
Updating learning rate to 5.3144100000000005e-05
Epoch: 10 cost time: 22.724052667617798
Epoch: 10, Steps: 63 | Train Loss: 0.4861410 Vali Loss: 0.2773943 Test Loss: 0.3549876
EarlyStopping counter: 1 out of 100
Updating learning rate to 4.782969000000001e-05
Epoch: 11 cost time: 22.618502855300903
Epoch: 11, Steps: 63 | Train Loss: 0.4816981 Vali Loss: 0.2766356 Test Loss: 0.3582510
EarlyStopping counter: 2 out of 100
Updating learning rate to 4.304672100000001e-05
Epoch: 12 cost time: 22.608368396759033
Epoch: 12, Steps: 63 | Train Loss: 0.4787506 Vali Loss: 0.2763453 Test Loss: 0.3564860
EarlyStopping counter: 3 out of 100
Updating learning rate to 3.874204890000001e-05
Epoch: 13 cost time: 22.543853521347046
Epoch: 13, Steps: 63 | Train Loss: 0.4747303 Vali Loss: 0.2751311 Test Loss: 0.3575651
Validation loss decreased (0.275992 --> 0.275131).  Saving model ...
Updating learning rate to 3.486784401000001e-05
Epoch: 14 cost time: 22.587132215499878
Epoch: 14, Steps: 63 | Train Loss: 0.4708367 Vali Loss: 0.2744413 Test Loss: 0.3625314
Validation loss decreased (0.275131 --> 0.274441).  Saving model ...
Updating learning rate to 3.138105960900001e-05
Epoch: 15 cost time: 22.65423822402954
Epoch: 15, Steps: 63 | Train Loss: 0.4672362 Vali Loss: 0.2753934 Test Loss: 0.3660363
EarlyStopping counter: 1 out of 100
Updating learning rate to 2.824295364810001e-05
Epoch: 16 cost time: 22.629663467407227
Epoch: 16, Steps: 63 | Train Loss: 0.4661453 Vali Loss: 0.2745425 Test Loss: 0.3605370
EarlyStopping counter: 2 out of 100
Updating learning rate to 2.541865828329001e-05
Epoch: 17 cost time: 22.681435346603394
Epoch: 17, Steps: 63 | Train Loss: 0.4624303 Vali Loss: 0.2738841 Test Loss: 0.3635462
Validation loss decreased (0.274441 --> 0.273884).  Saving model ...
Updating learning rate to 2.287679245496101e-05
Epoch: 18 cost time: 22.547526359558105
Epoch: 18, Steps: 63 | Train Loss: 0.4604032 Vali Loss: 0.2736158 Test Loss: 0.3625531
Validation loss decreased (0.273884 --> 0.273616).  Saving model ...
Updating learning rate to 2.0589113209464907e-05
Epoch: 19 cost time: 22.579097986221313
Epoch: 19, Steps: 63 | Train Loss: 0.4590870 Vali Loss: 0.2755845 Test Loss: 0.3630442
EarlyStopping counter: 1 out of 100
Updating learning rate to 1.8530201888518416e-05
Epoch: 20 cost time: 22.556479454040527
Epoch: 20, Steps: 63 | Train Loss: 0.4570841 Vali Loss: 0.2757959 Test Loss: 0.3642897
EarlyStopping counter: 2 out of 100
Updating learning rate to 1.6677181699666577e-05
Epoch: 21 cost time: 22.612525463104248
Epoch: 21, Steps: 63 | Train Loss: 0.4563905 Vali Loss: 0.2750997 Test Loss: 0.3638224
EarlyStopping counter: 3 out of 100
Updating learning rate to 1.5009463529699919e-05
Epoch: 22 cost time: 22.513768672943115
Epoch: 22, Steps: 63 | Train Loss: 0.4550982 Vali Loss: 0.2746503 Test Loss: 0.3644249
EarlyStopping counter: 4 out of 100
Updating learning rate to 1.3508517176729929e-05
Epoch: 23 cost time: 22.552292585372925
Epoch: 23, Steps: 63 | Train Loss: 0.4544236 Vali Loss: 0.2748447 Test Loss: 0.3635670
EarlyStopping counter: 5 out of 100
Updating learning rate to 1.2157665459056936e-05
Epoch: 24 cost time: 22.542614936828613
Epoch: 24, Steps: 63 | Train Loss: 0.4529966 Vali Loss: 0.2746052 Test Loss: 0.3644739
EarlyStopping counter: 6 out of 100
Updating learning rate to 1.0941898913151242e-05
Epoch: 25 cost time: 22.780606746673584
Epoch: 25, Steps: 63 | Train Loss: 0.4522138 Vali Loss: 0.2747601 Test Loss: 0.3665129
EarlyStopping counter: 7 out of 100
Updating learning rate to 9.847709021836118e-06
Epoch: 26 cost time: 22.66628670692444
Epoch: 26, Steps: 63 | Train Loss: 0.4496935 Vali Loss: 0.2757092 Test Loss: 0.3651957
EarlyStopping counter: 8 out of 100
Updating learning rate to 8.862938119652508e-06
Epoch: 27 cost time: 22.53652310371399
Epoch: 27, Steps: 63 | Train Loss: 0.4495941 Vali Loss: 0.2751893 Test Loss: 0.3655615
EarlyStopping counter: 9 out of 100
Updating learning rate to 7.976644307687255e-06
Epoch: 28 cost time: 22.34350323677063
Epoch: 28, Steps: 63 | Train Loss: 0.4496217 Vali Loss: 0.2749257 Test Loss: 0.3649579
EarlyStopping counter: 10 out of 100
Updating learning rate to 7.178979876918531e-06
Epoch: 29 cost time: 22.758620262145996
Epoch: 29, Steps: 63 | Train Loss: 0.4486404 Vali Loss: 0.2746366 Test Loss: 0.3661713
EarlyStopping counter: 11 out of 100
Updating learning rate to 6.4610818892266776e-06
Epoch: 30 cost time: 22.642440795898438
Epoch: 30, Steps: 63 | Train Loss: 0.4482162 Vali Loss: 0.2747657 Test Loss: 0.3661749
EarlyStopping counter: 12 out of 100
Updating learning rate to 5.8149737003040096e-06
Epoch: 31 cost time: 22.662392377853394
Epoch: 31, Steps: 63 | Train Loss: 0.4474108 Vali Loss: 0.2753273 Test Loss: 0.3667587
EarlyStopping counter: 13 out of 100
Updating learning rate to 5.23347633027361e-06
Epoch: 32 cost time: 22.738369464874268
Epoch: 32, Steps: 63 | Train Loss: 0.4461224 Vali Loss: 0.2746587 Test Loss: 0.3666013
EarlyStopping counter: 14 out of 100
Updating learning rate to 4.710128697246249e-06
Epoch: 33 cost time: 22.97844386100769
Epoch: 33, Steps: 63 | Train Loss: 0.4464222 Vali Loss: 0.2752623 Test Loss: 0.3674033
EarlyStopping counter: 15 out of 100
Updating learning rate to 4.239115827521624e-06
Epoch: 34 cost time: 22.585304021835327
Epoch: 34, Steps: 63 | Train Loss: 0.4473225 Vali Loss: 0.2751179 Test Loss: 0.3666875
EarlyStopping counter: 16 out of 100
Updating learning rate to 3.815204244769462e-06
Epoch: 35 cost time: 22.584641695022583
Epoch: 35, Steps: 63 | Train Loss: 0.4464407 Vali Loss: 0.2753185 Test Loss: 0.3669852
EarlyStopping counter: 17 out of 100
Updating learning rate to 3.4336838202925152e-06
Epoch: 36 cost time: 22.683926582336426
Epoch: 36, Steps: 63 | Train Loss: 0.4453767 Vali Loss: 0.2754621 Test Loss: 0.3668817
EarlyStopping counter: 18 out of 100
Updating learning rate to 3.090315438263264e-06
Epoch: 37 cost time: 22.564557552337646
Epoch: 37, Steps: 63 | Train Loss: 0.4453274 Vali Loss: 0.2754441 Test Loss: 0.3678148
EarlyStopping counter: 19 out of 100
Updating learning rate to 2.7812838944369375e-06
Epoch: 38 cost time: 22.5481219291687
Epoch: 38, Steps: 63 | Train Loss: 0.4453014 Vali Loss: 0.2750796 Test Loss: 0.3675323
EarlyStopping counter: 20 out of 100
Updating learning rate to 2.503155504993244e-06
Epoch: 39 cost time: 22.710987091064453
Epoch: 39, Steps: 63 | Train Loss: 0.4455209 Vali Loss: 0.2754388 Test Loss: 0.3673567
EarlyStopping counter: 21 out of 100
Updating learning rate to 2.2528399544939195e-06
Epoch: 40 cost time: 22.594181299209595
Epoch: 40, Steps: 63 | Train Loss: 0.4447587 Vali Loss: 0.2751084 Test Loss: 0.3673140
EarlyStopping counter: 22 out of 100
Updating learning rate to 2.0275559590445276e-06
Epoch: 41 cost time: 22.648436546325684
Epoch: 41, Steps: 63 | Train Loss: 0.4445989 Vali Loss: 0.2755370 Test Loss: 0.3673017
EarlyStopping counter: 23 out of 100
Updating learning rate to 1.8248003631400751e-06
Epoch: 42 cost time: 22.597339868545532
Epoch: 42, Steps: 63 | Train Loss: 0.4439017 Vali Loss: 0.2754487 Test Loss: 0.3678471
EarlyStopping counter: 24 out of 100
Updating learning rate to 1.6423203268260676e-06
Epoch: 43 cost time: 22.623559951782227
Epoch: 43, Steps: 63 | Train Loss: 0.4437924 Vali Loss: 0.2752900 Test Loss: 0.3674507
EarlyStopping counter: 25 out of 100
Updating learning rate to 1.4780882941434609e-06
Epoch: 44 cost time: 22.61903476715088
Epoch: 44, Steps: 63 | Train Loss: 0.4444782 Vali Loss: 0.2754018 Test Loss: 0.3673727
EarlyStopping counter: 26 out of 100
Updating learning rate to 1.3302794647291146e-06
Epoch: 45 cost time: 22.638708114624023
Epoch: 45, Steps: 63 | Train Loss: 0.4438210 Vali Loss: 0.2753614 Test Loss: 0.3678278
EarlyStopping counter: 27 out of 100
Updating learning rate to 1.1972515182562034e-06
Epoch: 46 cost time: 22.56413459777832
Epoch: 46, Steps: 63 | Train Loss: 0.4448007 Vali Loss: 0.2753020 Test Loss: 0.3673545
EarlyStopping counter: 28 out of 100
Updating learning rate to 1.077526366430583e-06
Epoch: 47 cost time: 22.596916675567627
Epoch: 47, Steps: 63 | Train Loss: 0.4438342 Vali Loss: 0.2754080 Test Loss: 0.3676667
EarlyStopping counter: 29 out of 100
Updating learning rate to 9.697737297875248e-07
Epoch: 48 cost time: 22.67513680458069
Epoch: 48, Steps: 63 | Train Loss: 0.4419807 Vali Loss: 0.2752779 Test Loss: 0.3677008
EarlyStopping counter: 30 out of 100
Updating learning rate to 8.727963568087723e-07
Epoch: 49 cost time: 22.597156047821045
Epoch: 49, Steps: 63 | Train Loss: 0.4433957 Vali Loss: 0.2754238 Test Loss: 0.3676075
EarlyStopping counter: 31 out of 100
Updating learning rate to 7.855167211278951e-07
Epoch: 50 cost time: 22.729085445404053
Epoch: 50, Steps: 63 | Train Loss: 0.4450473 Vali Loss: 0.2753742 Test Loss: 0.3677376
EarlyStopping counter: 32 out of 100
Updating learning rate to 7.069650490151056e-07
Epoch: 51 cost time: 22.5394926071167
Epoch: 51, Steps: 63 | Train Loss: 0.4436055 Vali Loss: 0.2754014 Test Loss: 0.3677641
EarlyStopping counter: 33 out of 100
Updating learning rate to 6.36268544113595e-07
Epoch: 52 cost time: 22.626477241516113
Epoch: 52, Steps: 63 | Train Loss: 0.4435302 Vali Loss: 0.2754523 Test Loss: 0.3676631
EarlyStopping counter: 34 out of 100
Updating learning rate to 5.726416897022355e-07
Epoch: 53 cost time: 22.654067754745483
Epoch: 53, Steps: 63 | Train Loss: 0.4429926 Vali Loss: 0.2753848 Test Loss: 0.3675614
EarlyStopping counter: 35 out of 100
Updating learning rate to 5.15377520732012e-07
Epoch: 54 cost time: 22.591232299804688
Epoch: 54, Steps: 63 | Train Loss: 0.4430591 Vali Loss: 0.2755659 Test Loss: 0.3674478
EarlyStopping counter: 36 out of 100
Updating learning rate to 4.6383976865881085e-07
Epoch: 55 cost time: 22.555763721466064
Epoch: 55, Steps: 63 | Train Loss: 0.4435414 Vali Loss: 0.2755079 Test Loss: 0.3675792
EarlyStopping counter: 37 out of 100
Updating learning rate to 4.174557917929298e-07
Epoch: 56 cost time: 22.547028303146362
Epoch: 56, Steps: 63 | Train Loss: 0.4416523 Vali Loss: 0.2754254 Test Loss: 0.3676760
EarlyStopping counter: 38 out of 100
Updating learning rate to 3.7571021261363677e-07
Epoch: 57 cost time: 22.637473821640015
Epoch: 57, Steps: 63 | Train Loss: 0.4428014 Vali Loss: 0.2756245 Test Loss: 0.3676233
EarlyStopping counter: 39 out of 100
Updating learning rate to 3.381391913522731e-07
Epoch: 58 cost time: 22.607780933380127
Epoch: 58, Steps: 63 | Train Loss: 0.4434416 Vali Loss: 0.2755790 Test Loss: 0.3674272
EarlyStopping counter: 40 out of 100
Updating learning rate to 3.043252722170458e-07
Epoch: 59 cost time: 22.60185742378235
Epoch: 59, Steps: 63 | Train Loss: 0.4439260 Vali Loss: 0.2755911 Test Loss: 0.3676775
EarlyStopping counter: 41 out of 100
Updating learning rate to 2.7389274499534124e-07
Epoch: 60 cost time: 22.500537633895874
Epoch: 60, Steps: 63 | Train Loss: 0.4450333 Vali Loss: 0.2755732 Test Loss: 0.3676950
EarlyStopping counter: 42 out of 100
Updating learning rate to 2.465034704958071e-07
Epoch: 61 cost time: 22.781841039657593
Epoch: 61, Steps: 63 | Train Loss: 0.4436066 Vali Loss: 0.2755058 Test Loss: 0.3676645
EarlyStopping counter: 43 out of 100
Updating learning rate to 2.218531234462264e-07
Epoch: 62 cost time: 22.537619590759277
Epoch: 62, Steps: 63 | Train Loss: 0.4426985 Vali Loss: 0.2756139 Test Loss: 0.3677444
EarlyStopping counter: 44 out of 100
Updating learning rate to 1.9966781110160376e-07
Epoch: 63 cost time: 22.713541746139526
Epoch: 63, Steps: 63 | Train Loss: 0.4427133 Vali Loss: 0.2756396 Test Loss: 0.3677878
EarlyStopping counter: 45 out of 100
Updating learning rate to 1.797010299914434e-07
Epoch: 64 cost time: 22.54520344734192
Epoch: 64, Steps: 63 | Train Loss: 0.4445320 Vali Loss: 0.2756090 Test Loss: 0.3677569
EarlyStopping counter: 46 out of 100
Updating learning rate to 1.6173092699229907e-07
Epoch: 65 cost time: 22.45647931098938
Epoch: 65, Steps: 63 | Train Loss: 0.4446602 Vali Loss: 0.2756462 Test Loss: 0.3677913
EarlyStopping counter: 47 out of 100
Updating learning rate to 1.4555783429306916e-07
Epoch: 66 cost time: 22.86958146095276
Epoch: 66, Steps: 63 | Train Loss: 0.4421776 Vali Loss: 0.2755457 Test Loss: 0.3678716
EarlyStopping counter: 48 out of 100
Updating learning rate to 1.3100205086376224e-07
Epoch: 67 cost time: 22.468586206436157
Epoch: 67, Steps: 63 | Train Loss: 0.4436298 Vali Loss: 0.2753162 Test Loss: 0.3678973
EarlyStopping counter: 49 out of 100
Updating learning rate to 1.1790184577738603e-07
Epoch: 68 cost time: 23.109513998031616
Epoch: 68, Steps: 63 | Train Loss: 0.4438504 Vali Loss: 0.2753281 Test Loss: 0.3678331
EarlyStopping counter: 50 out of 100
Updating learning rate to 1.0611166119964742e-07
Epoch: 69 cost time: 22.720210075378418
Epoch: 69, Steps: 63 | Train Loss: 0.4430726 Vali Loss: 0.2755415 Test Loss: 0.3678249
EarlyStopping counter: 51 out of 100
Updating learning rate to 9.550049507968268e-08
Epoch: 70 cost time: 22.567230463027954
Epoch: 70, Steps: 63 | Train Loss: 0.4416165 Vali Loss: 0.2755606 Test Loss: 0.3678004
EarlyStopping counter: 52 out of 100
Updating learning rate to 8.595044557171442e-08
Epoch: 71 cost time: 22.63481855392456
Epoch: 71, Steps: 63 | Train Loss: 0.4421639 Vali Loss: 0.2755888 Test Loss: 0.3678228
EarlyStopping counter: 53 out of 100
Updating learning rate to 7.735540101454298e-08
Epoch: 72 cost time: 22.578124046325684
Epoch: 72, Steps: 63 | Train Loss: 0.4421068 Vali Loss: 0.2755958 Test Loss: 0.3678331
EarlyStopping counter: 54 out of 100
Updating learning rate to 6.961986091308869e-08
Epoch: 73 cost time: 22.641407251358032
Epoch: 73, Steps: 63 | Train Loss: 0.4431664 Vali Loss: 0.2756007 Test Loss: 0.3678131
EarlyStopping counter: 55 out of 100
Updating learning rate to 6.265787482177981e-08
Epoch: 74 cost time: 22.606859922409058
Epoch: 74, Steps: 63 | Train Loss: 0.4431686 Vali Loss: 0.2755640 Test Loss: 0.3678151
EarlyStopping counter: 56 out of 100
Updating learning rate to 5.639208733960184e-08
Epoch: 75 cost time: 22.51866364479065
Epoch: 75, Steps: 63 | Train Loss: 0.4432338 Vali Loss: 0.2755219 Test Loss: 0.3678112
EarlyStopping counter: 57 out of 100
Updating learning rate to 5.075287860564165e-08
Epoch: 76 cost time: 22.578348636627197
Epoch: 76, Steps: 63 | Train Loss: 0.4428123 Vali Loss: 0.2752759 Test Loss: 0.3678196
EarlyStopping counter: 58 out of 100
Updating learning rate to 4.567759074507749e-08
Epoch: 77 cost time: 22.550037384033203
Epoch: 77, Steps: 63 | Train Loss: 0.4427683 Vali Loss: 0.2756011 Test Loss: 0.3678261
EarlyStopping counter: 59 out of 100
Updating learning rate to 4.1109831670569744e-08
Epoch: 78 cost time: 22.657503843307495
Epoch: 78, Steps: 63 | Train Loss: 0.4430101 Vali Loss: 0.2755674 Test Loss: 0.3678342
EarlyStopping counter: 60 out of 100
Updating learning rate to 3.6998848503512764e-08
Epoch: 79 cost time: 22.67830467224121
Epoch: 79, Steps: 63 | Train Loss: 0.4431928 Vali Loss: 0.2755792 Test Loss: 0.3678310
EarlyStopping counter: 61 out of 100
Updating learning rate to 3.3298963653161496e-08
Epoch: 80 cost time: 22.631980419158936
Epoch: 80, Steps: 63 | Train Loss: 0.4425702 Vali Loss: 0.2755253 Test Loss: 0.3678229
EarlyStopping counter: 62 out of 100
Updating learning rate to 2.996906728784534e-08
Epoch: 81 cost time: 22.62984275817871
Epoch: 81, Steps: 63 | Train Loss: 0.4444935 Vali Loss: 0.2755189 Test Loss: 0.3678265
EarlyStopping counter: 63 out of 100
Updating learning rate to 2.697216055906081e-08
Epoch: 82 cost time: 22.62098979949951
Epoch: 82, Steps: 63 | Train Loss: 0.4447232 Vali Loss: 0.2755609 Test Loss: 0.3678189
EarlyStopping counter: 64 out of 100
Updating learning rate to 2.427494450315473e-08
Epoch: 83 cost time: 22.553752899169922
Epoch: 83, Steps: 63 | Train Loss: 0.4429747 Vali Loss: 0.2755673 Test Loss: 0.3678179
EarlyStopping counter: 65 out of 100
Updating learning rate to 2.1847450052839257e-08
Epoch: 84 cost time: 22.692286491394043
Epoch: 84, Steps: 63 | Train Loss: 0.4424693 Vali Loss: 0.2755464 Test Loss: 0.3678223
EarlyStopping counter: 66 out of 100
Updating learning rate to 1.9662705047555332e-08
Epoch: 85 cost time: 22.42026400566101
Epoch: 85, Steps: 63 | Train Loss: 0.4436348 Vali Loss: 0.2755739 Test Loss: 0.3678192
EarlyStopping counter: 67 out of 100
Updating learning rate to 1.7696434542799797e-08
Epoch: 86 cost time: 22.696584701538086
Epoch: 86, Steps: 63 | Train Loss: 0.4417997 Vali Loss: 0.2752267 Test Loss: 0.3678210
EarlyStopping counter: 68 out of 100
Updating learning rate to 1.5926791088519817e-08
Epoch: 87 cost time: 22.641565799713135
Epoch: 87, Steps: 63 | Train Loss: 0.4439030 Vali Loss: 0.2755739 Test Loss: 0.3678156
EarlyStopping counter: 69 out of 100
Updating learning rate to 1.4334111979667836e-08
Epoch: 88 cost time: 22.550922393798828
Epoch: 88, Steps: 63 | Train Loss: 0.4446646 Vali Loss: 0.2752084 Test Loss: 0.3678167
EarlyStopping counter: 70 out of 100
Updating learning rate to 1.2900700781701054e-08
Epoch: 89 cost time: 22.717559337615967
Epoch: 89, Steps: 63 | Train Loss: 0.4437749 Vali Loss: 0.2755476 Test Loss: 0.3678159
EarlyStopping counter: 71 out of 100
Updating learning rate to 1.161063070353095e-08
Epoch: 90 cost time: 22.74472999572754
Epoch: 90, Steps: 63 | Train Loss: 0.4431542 Vali Loss: 0.2751935 Test Loss: 0.3678159
EarlyStopping counter: 72 out of 100
Updating learning rate to 1.0449567633177854e-08
Epoch: 91 cost time: 22.640580654144287
Epoch: 91, Steps: 63 | Train Loss: 0.4439127 Vali Loss: 0.2755595 Test Loss: 0.3678226
EarlyStopping counter: 73 out of 100
Updating learning rate to 9.404610869860069e-09
Epoch: 92 cost time: 22.599135398864746
Epoch: 92, Steps: 63 | Train Loss: 0.4443202 Vali Loss: 0.2755407 Test Loss: 0.3678241
EarlyStopping counter: 74 out of 100
Updating learning rate to 8.464149782874063e-09
Epoch: 93 cost time: 22.746509790420532
Epoch: 93, Steps: 63 | Train Loss: 0.4438018 Vali Loss: 0.2755643 Test Loss: 0.3678225
EarlyStopping counter: 75 out of 100
Updating learning rate to 7.617734804586658e-09
Epoch: 94 cost time: 22.47459125518799
Epoch: 94, Steps: 63 | Train Loss: 0.4421111 Vali Loss: 0.2755636 Test Loss: 0.3678274
EarlyStopping counter: 76 out of 100
Updating learning rate to 6.855961324127991e-09
Epoch: 95 cost time: 22.65358018875122
Epoch: 95, Steps: 63 | Train Loss: 0.4432417 Vali Loss: 0.2754517 Test Loss: 0.3678270
EarlyStopping counter: 77 out of 100
Updating learning rate to 6.170365191715193e-09
Epoch: 96 cost time: 22.737114429473877
Epoch: 96, Steps: 63 | Train Loss: 0.4434798 Vali Loss: 0.2755628 Test Loss: 0.3678276
EarlyStopping counter: 78 out of 100
Updating learning rate to 5.5533286725436726e-09
Epoch: 97 cost time: 22.524606466293335
Epoch: 97, Steps: 63 | Train Loss: 0.4439671 Vali Loss: 0.2755369 Test Loss: 0.3678269
EarlyStopping counter: 79 out of 100
Updating learning rate to 4.997995805289306e-09
Epoch: 98 cost time: 22.559345722198486
Epoch: 98, Steps: 63 | Train Loss: 0.4422294 Vali Loss: 0.2755720 Test Loss: 0.3678277
EarlyStopping counter: 80 out of 100
Updating learning rate to 4.498196224760375e-09
Epoch: 99 cost time: 22.725938081741333
Epoch: 99, Steps: 63 | Train Loss: 0.4430678 Vali Loss: 0.2755429 Test Loss: 0.3678287
EarlyStopping counter: 81 out of 100
Updating learning rate to 4.048376602284338e-09
Epoch: 100 cost time: 22.58460831642151
Epoch: 100, Steps: 63 | Train Loss: 0.4423118 Vali Loss: 0.2755469 Test Loss: 0.3678287
EarlyStopping counter: 82 out of 100
Updating learning rate to 3.643538942055904e-09
>>>>>>>testing : 336_192_PatchTSW_ETTh2_ftM_sl336_ll48_pl192_dm16_nh4_el2_dl1_df128_fc1_ebtimeF_dtTrue_Exp_0<<<<<<<<<<<<<<<<<<<<<<<<<<<<<<<<<
test 2689
mse:0.36255306005477905, mae:0.39038535952568054, rse:0.4828222990036011
