Args in experiment:
Namespace(activation='gelu', affine=0, batch_size=128, c_out=7, checkpoints='./checkpoints/', d_ff=128, d_layers=1, d_model=16, data='ETTh1', data_path='ETTh1.csv', dec_in=7, decomposition=0, des='Exp', devices='0,1,2,3', distil=True, do_predict=False, dropout=0.3, e_layers=2, embed='timeF', embed_type=0, enc_in=7, factor=1, fc_dropout=0.3, features='M', freq='h', gpu=0, head_dropout=0.0, individual=0, is_training=1, itr=1, kernel_size=25, label_len=48, learning_rate=0.0001, loss='mse', lradj='type3', model='PatchTSW', model_id='336_336', moving_avg=25, n_heads=4, num_workers=10, output_attention=False, padding_patch='end', patch_len=16, patience=100, pct_start=0.3, pred_len=336, random_seed=2021, revin=1, root_path='./dataset/', seq_len=336, stride=8, subtract_last=0, target='OT', test_flop=False, train_epochs=100, use_amp=False, use_gpu=True, use_multi_gpu=False)
Use GPU: cuda:0
base legendre
>>>>>>>start training : 336_336_PatchTSW_ETTh1_ftM_sl336_ll48_pl336_dm16_nh4_el2_dl1_df128_fc1_ebtimeF_dtTrue_Exp_0>>>>>>>>>>>>>>>>>>>>>>>>>>
train 7969
val 2545
test 2545
Epoch: 1 cost time: 21.885376930236816
Epoch: 1, Steps: 62 | Train Loss: 0.7796388 Vali Loss: 1.7221929 Test Loss: 0.7523687
Validation loss decreased (inf --> 1.722193).  Saving model ...
Updating learning rate to 0.0001
Epoch: 2 cost time: 22.185083866119385
Epoch: 2, Steps: 62 | Train Loss: 0.5951937 Vali Loss: 1.2288513 Test Loss: 0.4685107
Validation loss decreased (1.722193 --> 1.228851).  Saving model ...
Updating learning rate to 0.0001
Epoch: 3 cost time: 22.376559257507324
Epoch: 3, Steps: 62 | Train Loss: 0.5273735 Vali Loss: 1.1761509 Test Loss: 0.4505754
Validation loss decreased (1.228851 --> 1.176151).  Saving model ...
Updating learning rate to 0.0001
Epoch: 4 cost time: 22.476550102233887
Epoch: 4, Steps: 62 | Train Loss: 0.5112304 Vali Loss: 1.1808311 Test Loss: 0.4474963
EarlyStopping counter: 1 out of 100
Updating learning rate to 9e-05
Epoch: 5 cost time: 22.395883083343506
Epoch: 5, Steps: 62 | Train Loss: 0.5027661 Vali Loss: 1.1821007 Test Loss: 0.4450883
EarlyStopping counter: 2 out of 100
Updating learning rate to 8.1e-05
Epoch: 6 cost time: 22.20973253250122
Epoch: 6, Steps: 62 | Train Loss: 0.4963082 Vali Loss: 1.1926436 Test Loss: 0.4431026
EarlyStopping counter: 3 out of 100
Updating learning rate to 7.290000000000001e-05
Epoch: 7 cost time: 22.297747135162354
Epoch: 7, Steps: 62 | Train Loss: 0.4919418 Vali Loss: 1.1971210 Test Loss: 0.4434946
EarlyStopping counter: 4 out of 100
Updating learning rate to 6.561e-05
Epoch: 8 cost time: 22.296215295791626
Epoch: 8, Steps: 62 | Train Loss: 0.4884436 Vali Loss: 1.1983386 Test Loss: 0.4413774
EarlyStopping counter: 5 out of 100
Updating learning rate to 5.904900000000001e-05
Epoch: 9 cost time: 22.58290123939514
Epoch: 9, Steps: 62 | Train Loss: 0.4854880 Vali Loss: 1.2041615 Test Loss: 0.4411576
EarlyStopping counter: 6 out of 100
Updating learning rate to 5.3144100000000005e-05
Epoch: 10 cost time: 22.43007755279541
Epoch: 10, Steps: 62 | Train Loss: 0.4834490 Vali Loss: 1.1876428 Test Loss: 0.4378291
EarlyStopping counter: 7 out of 100
Updating learning rate to 4.782969000000001e-05
Epoch: 11 cost time: 22.359865188598633
Epoch: 11, Steps: 62 | Train Loss: 0.4811494 Vali Loss: 1.1919870 Test Loss: 0.4360644
EarlyStopping counter: 8 out of 100
Updating learning rate to 4.304672100000001e-05
Epoch: 12 cost time: 22.291093826293945
Epoch: 12, Steps: 62 | Train Loss: 0.4796154 Vali Loss: 1.1965085 Test Loss: 0.4356087
EarlyStopping counter: 9 out of 100
Updating learning rate to 3.874204890000001e-05
Epoch: 13 cost time: 22.260977268218994
Epoch: 13, Steps: 62 | Train Loss: 0.4774227 Vali Loss: 1.1943299 Test Loss: 0.4338554
EarlyStopping counter: 10 out of 100
Updating learning rate to 3.486784401000001e-05
Epoch: 14 cost time: 22.31466317176819
Epoch: 14, Steps: 62 | Train Loss: 0.4757870 Vali Loss: 1.2065011 Test Loss: 0.4332359
EarlyStopping counter: 11 out of 100
Updating learning rate to 3.138105960900001e-05
Epoch: 15 cost time: 22.172345399856567
Epoch: 15, Steps: 62 | Train Loss: 0.4747775 Vali Loss: 1.2055478 Test Loss: 0.4319639
EarlyStopping counter: 12 out of 100
Updating learning rate to 2.824295364810001e-05
Epoch: 16 cost time: 22.31567907333374
Epoch: 16, Steps: 62 | Train Loss: 0.4735895 Vali Loss: 1.2080165 Test Loss: 0.4303310
EarlyStopping counter: 13 out of 100
Updating learning rate to 2.541865828329001e-05
Epoch: 17 cost time: 22.043041229248047
Epoch: 17, Steps: 62 | Train Loss: 0.4724520 Vali Loss: 1.2018250 Test Loss: 0.4309434
EarlyStopping counter: 14 out of 100
Updating learning rate to 2.287679245496101e-05
Epoch: 18 cost time: 22.15918779373169
Epoch: 18, Steps: 62 | Train Loss: 0.4715879 Vali Loss: 1.2088790 Test Loss: 0.4298898
EarlyStopping counter: 15 out of 100
Updating learning rate to 2.0589113209464907e-05
Epoch: 19 cost time: 22.22390365600586
Epoch: 19, Steps: 62 | Train Loss: 0.4707101 Vali Loss: 1.2047020 Test Loss: 0.4285134
EarlyStopping counter: 16 out of 100
Updating learning rate to 1.8530201888518416e-05
Epoch: 20 cost time: 22.205711364746094
Epoch: 20, Steps: 62 | Train Loss: 0.4700059 Vali Loss: 1.2097731 Test Loss: 0.4298352
EarlyStopping counter: 17 out of 100
Updating learning rate to 1.6677181699666577e-05
Epoch: 21 cost time: 22.569884777069092
Epoch: 21, Steps: 62 | Train Loss: 0.4697672 Vali Loss: 1.2228291 Test Loss: 0.4294508
EarlyStopping counter: 18 out of 100
Updating learning rate to 1.5009463529699919e-05
Epoch: 22 cost time: 22.46798300743103
Epoch: 22, Steps: 62 | Train Loss: 0.4688341 Vali Loss: 1.2057490 Test Loss: 0.4285266
EarlyStopping counter: 19 out of 100
Updating learning rate to 1.3508517176729929e-05
Epoch: 23 cost time: 22.222208738327026
Epoch: 23, Steps: 62 | Train Loss: 0.4684876 Vali Loss: 1.2029638 Test Loss: 0.4279444
EarlyStopping counter: 20 out of 100
Updating learning rate to 1.2157665459056936e-05
Epoch: 24 cost time: 22.01233720779419
Epoch: 24, Steps: 62 | Train Loss: 0.4680817 Vali Loss: 1.2101845 Test Loss: 0.4288041
EarlyStopping counter: 21 out of 100
Updating learning rate to 1.0941898913151242e-05
Epoch: 25 cost time: 22.10738182067871
Epoch: 25, Steps: 62 | Train Loss: 0.4676218 Vali Loss: 1.2141160 Test Loss: 0.4275004
EarlyStopping counter: 22 out of 100
Updating learning rate to 9.847709021836118e-06
Epoch: 26 cost time: 21.977123975753784
Epoch: 26, Steps: 62 | Train Loss: 0.4670880 Vali Loss: 1.2089241 Test Loss: 0.4271593
EarlyStopping counter: 23 out of 100
Updating learning rate to 8.862938119652508e-06
Epoch: 27 cost time: 22.425865411758423
Epoch: 27, Steps: 62 | Train Loss: 0.4663415 Vali Loss: 1.2170991 Test Loss: 0.4286232
EarlyStopping counter: 24 out of 100
Updating learning rate to 7.976644307687255e-06
Epoch: 28 cost time: 22.446319103240967
Epoch: 28, Steps: 62 | Train Loss: 0.4663578 Vali Loss: 1.2172823 Test Loss: 0.4273462
EarlyStopping counter: 25 out of 100
Updating learning rate to 7.178979876918531e-06
Epoch: 29 cost time: 22.30093741416931
Epoch: 29, Steps: 62 | Train Loss: 0.4661044 Vali Loss: 1.2148969 Test Loss: 0.4275395
EarlyStopping counter: 26 out of 100
Updating learning rate to 6.4610818892266776e-06
Epoch: 30 cost time: 23.382448196411133
Epoch: 30, Steps: 62 | Train Loss: 0.4659721 Vali Loss: 1.2095670 Test Loss: 0.4273110
EarlyStopping counter: 27 out of 100
Updating learning rate to 5.8149737003040096e-06
Epoch: 31 cost time: 23.4114830493927
Epoch: 31, Steps: 62 | Train Loss: 0.4656462 Vali Loss: 1.2157414 Test Loss: 0.4276139
EarlyStopping counter: 28 out of 100
Updating learning rate to 5.23347633027361e-06
Epoch: 32 cost time: 22.396103382110596
Epoch: 32, Steps: 62 | Train Loss: 0.4656727 Vali Loss: 1.2177223 Test Loss: 0.4271483
EarlyStopping counter: 29 out of 100
Updating learning rate to 4.710128697246249e-06
Epoch: 33 cost time: 22.483514308929443
Epoch: 33, Steps: 62 | Train Loss: 0.4650843 Vali Loss: 1.2139885 Test Loss: 0.4272361
EarlyStopping counter: 30 out of 100
Updating learning rate to 4.239115827521624e-06
Epoch: 34 cost time: 22.256006240844727
Epoch: 34, Steps: 62 | Train Loss: 0.4655513 Vali Loss: 1.2162120 Test Loss: 0.4272120
EarlyStopping counter: 31 out of 100
Updating learning rate to 3.815204244769462e-06
Epoch: 35 cost time: 22.313647985458374
Epoch: 35, Steps: 62 | Train Loss: 0.4651936 Vali Loss: 1.2171271 Test Loss: 0.4267627
EarlyStopping counter: 32 out of 100
Updating learning rate to 3.4336838202925152e-06
Epoch: 36 cost time: 22.26391315460205
Epoch: 36, Steps: 62 | Train Loss: 0.4644384 Vali Loss: 1.2154505 Test Loss: 0.4272083
EarlyStopping counter: 33 out of 100
Updating learning rate to 3.090315438263264e-06
Epoch: 37 cost time: 22.397983074188232
Epoch: 37, Steps: 62 | Train Loss: 0.4646523 Vali Loss: 1.2149845 Test Loss: 0.4270848
EarlyStopping counter: 34 out of 100
Updating learning rate to 2.7812838944369375e-06
Epoch: 38 cost time: 22.160845279693604
Epoch: 38, Steps: 62 | Train Loss: 0.4646808 Vali Loss: 1.2121048 Test Loss: 0.4269807
EarlyStopping counter: 35 out of 100
Updating learning rate to 2.503155504993244e-06
Epoch: 39 cost time: 22.218929767608643
Epoch: 39, Steps: 62 | Train Loss: 0.4643349 Vali Loss: 1.2183814 Test Loss: 0.4265820
EarlyStopping counter: 36 out of 100
Updating learning rate to 2.2528399544939195e-06
Epoch: 40 cost time: 22.765719413757324
Epoch: 40, Steps: 62 | Train Loss: 0.4643308 Vali Loss: 1.2186573 Test Loss: 0.4269293
EarlyStopping counter: 37 out of 100
Updating learning rate to 2.0275559590445276e-06
Epoch: 41 cost time: 22.526455402374268
Epoch: 41, Steps: 62 | Train Loss: 0.4640673 Vali Loss: 1.2113466 Test Loss: 0.4268819
EarlyStopping counter: 38 out of 100
Updating learning rate to 1.8248003631400751e-06
Epoch: 42 cost time: 22.41009545326233
Epoch: 42, Steps: 62 | Train Loss: 0.4644408 Vali Loss: 1.2141194 Test Loss: 0.4270869
EarlyStopping counter: 39 out of 100
Updating learning rate to 1.6423203268260676e-06
Epoch: 43 cost time: 22.352104663848877
Epoch: 43, Steps: 62 | Train Loss: 0.4638945 Vali Loss: 1.2144417 Test Loss: 0.4267692
EarlyStopping counter: 40 out of 100
Updating learning rate to 1.4780882941434609e-06
Epoch: 44 cost time: 22.676567792892456
Epoch: 44, Steps: 62 | Train Loss: 0.4643044 Vali Loss: 1.2147282 Test Loss: 0.4270419
EarlyStopping counter: 41 out of 100
Updating learning rate to 1.3302794647291146e-06
Epoch: 45 cost time: 22.242366075515747
Epoch: 45, Steps: 62 | Train Loss: 0.4639641 Vali Loss: 1.2161317 Test Loss: 0.4266177
EarlyStopping counter: 42 out of 100
Updating learning rate to 1.1972515182562034e-06
Epoch: 46 cost time: 22.387450695037842
Epoch: 46, Steps: 62 | Train Loss: 0.4640152 Vali Loss: 1.2152586 Test Loss: 0.4268833
EarlyStopping counter: 43 out of 100
Updating learning rate to 1.077526366430583e-06
Epoch: 47 cost time: 22.313880443572998
Epoch: 47, Steps: 62 | Train Loss: 0.4639768 Vali Loss: 1.2110221 Test Loss: 0.4266360
EarlyStopping counter: 44 out of 100
Updating learning rate to 9.697737297875248e-07
Epoch: 48 cost time: 22.409961223602295
Epoch: 48, Steps: 62 | Train Loss: 0.4642103 Vali Loss: 1.2212442 Test Loss: 0.4266897
EarlyStopping counter: 45 out of 100
Updating learning rate to 8.727963568087723e-07
Epoch: 49 cost time: 22.315648794174194
Epoch: 49, Steps: 62 | Train Loss: 0.4642509 Vali Loss: 1.2149477 Test Loss: 0.4266957
EarlyStopping counter: 46 out of 100
Updating learning rate to 7.855167211278951e-07
Epoch: 50 cost time: 22.292848825454712
Epoch: 50, Steps: 62 | Train Loss: 0.4637287 Vali Loss: 1.2142267 Test Loss: 0.4266677
EarlyStopping counter: 47 out of 100
Updating learning rate to 7.069650490151056e-07
Epoch: 51 cost time: 22.57229232788086
Epoch: 51, Steps: 62 | Train Loss: 0.4636932 Vali Loss: 1.2222613 Test Loss: 0.4267433
EarlyStopping counter: 48 out of 100
Updating learning rate to 6.36268544113595e-07
Epoch: 52 cost time: 22.49755597114563
Epoch: 52, Steps: 62 | Train Loss: 0.4645795 Vali Loss: 1.2128060 Test Loss: 0.4267291
EarlyStopping counter: 49 out of 100
Updating learning rate to 5.726416897022355e-07
Epoch: 53 cost time: 23.407241582870483
Epoch: 53, Steps: 62 | Train Loss: 0.4638234 Vali Loss: 1.2193167 Test Loss: 0.4267641
EarlyStopping counter: 50 out of 100
Updating learning rate to 5.15377520732012e-07
Epoch: 54 cost time: 22.562081813812256
Epoch: 54, Steps: 62 | Train Loss: 0.4639647 Vali Loss: 1.2193822 Test Loss: 0.4267295
EarlyStopping counter: 51 out of 100
Updating learning rate to 4.6383976865881085e-07
Epoch: 55 cost time: 22.34880256652832
Epoch: 55, Steps: 62 | Train Loss: 0.4635595 Vali Loss: 1.2132199 Test Loss: 0.4267582
EarlyStopping counter: 52 out of 100
Updating learning rate to 4.174557917929298e-07
Epoch: 56 cost time: 22.399125576019287
Epoch: 56, Steps: 62 | Train Loss: 0.4638401 Vali Loss: 1.2187198 Test Loss: 0.4267248
EarlyStopping counter: 53 out of 100
Updating learning rate to 3.7571021261363677e-07
Epoch: 57 cost time: 22.231905460357666
Epoch: 57, Steps: 62 | Train Loss: 0.4635903 Vali Loss: 1.2144207 Test Loss: 0.4267185
EarlyStopping counter: 54 out of 100
Updating learning rate to 3.381391913522731e-07
Epoch: 58 cost time: 22.21949577331543
Epoch: 58, Steps: 62 | Train Loss: 0.4638361 Vali Loss: 1.2157701 Test Loss: 0.4266775
EarlyStopping counter: 55 out of 100
Updating learning rate to 3.043252722170458e-07
Epoch: 59 cost time: 22.24403429031372
Epoch: 59, Steps: 62 | Train Loss: 0.4635924 Vali Loss: 1.2179607 Test Loss: 0.4266584
EarlyStopping counter: 56 out of 100
Updating learning rate to 2.7389274499534124e-07
Epoch: 60 cost time: 22.29190444946289
Epoch: 60, Steps: 62 | Train Loss: 0.4633412 Vali Loss: 1.2186270 Test Loss: 0.4266519
EarlyStopping counter: 57 out of 100
Updating learning rate to 2.465034704958071e-07
Epoch: 61 cost time: 22.348158597946167
Epoch: 61, Steps: 62 | Train Loss: 0.4633422 Vali Loss: 1.2165954 Test Loss: 0.4266943
EarlyStopping counter: 58 out of 100
Updating learning rate to 2.218531234462264e-07
Epoch: 62 cost time: 22.293211460113525
Epoch: 62, Steps: 62 | Train Loss: 0.4637304 Vali Loss: 1.2155752 Test Loss: 0.4266758
EarlyStopping counter: 59 out of 100
Updating learning rate to 1.9966781110160376e-07
Epoch: 63 cost time: 21.97986674308777
Epoch: 63, Steps: 62 | Train Loss: 0.4640491 Vali Loss: 1.2187793 Test Loss: 0.4266770
EarlyStopping counter: 60 out of 100
Updating learning rate to 1.797010299914434e-07
Epoch: 64 cost time: 22.41759967803955
Epoch: 64, Steps: 62 | Train Loss: 0.4638261 Vali Loss: 1.2131851 Test Loss: 0.4267047
EarlyStopping counter: 61 out of 100
Updating learning rate to 1.6173092699229907e-07
Epoch: 65 cost time: 22.37559676170349
Epoch: 65, Steps: 62 | Train Loss: 0.4637992 Vali Loss: 1.2166141 Test Loss: 0.4267004
EarlyStopping counter: 62 out of 100
Updating learning rate to 1.4555783429306916e-07
Epoch: 66 cost time: 22.300196647644043
Epoch: 66, Steps: 62 | Train Loss: 0.4636328 Vali Loss: 1.2173420 Test Loss: 0.4266941
EarlyStopping counter: 63 out of 100
Updating learning rate to 1.3100205086376224e-07
Epoch: 67 cost time: 22.330795764923096
Epoch: 67, Steps: 62 | Train Loss: 0.4634635 Vali Loss: 1.2163973 Test Loss: 0.4266868
EarlyStopping counter: 64 out of 100
Updating learning rate to 1.1790184577738603e-07
Epoch: 68 cost time: 22.314497709274292
Epoch: 68, Steps: 62 | Train Loss: 0.4637227 Vali Loss: 1.2170888 Test Loss: 0.4266891
EarlyStopping counter: 65 out of 100
Updating learning rate to 1.0611166119964742e-07
Epoch: 69 cost time: 22.169073581695557
Epoch: 69, Steps: 62 | Train Loss: 0.4637527 Vali Loss: 1.2169331 Test Loss: 0.4266943
EarlyStopping counter: 66 out of 100
Updating learning rate to 9.550049507968268e-08
Epoch: 70 cost time: 22.20189118385315
Epoch: 70, Steps: 62 | Train Loss: 0.4637015 Vali Loss: 1.2112014 Test Loss: 0.4267042
EarlyStopping counter: 67 out of 100
Updating learning rate to 8.595044557171442e-08
Epoch: 71 cost time: 22.84436821937561
Epoch: 71, Steps: 62 | Train Loss: 0.4636152 Vali Loss: 1.2197574 Test Loss: 0.4266968
EarlyStopping counter: 68 out of 100
Updating learning rate to 7.735540101454298e-08
Epoch: 72 cost time: 22.504286527633667
Epoch: 72, Steps: 62 | Train Loss: 0.4639152 Vali Loss: 1.2198429 Test Loss: 0.4267007
EarlyStopping counter: 69 out of 100
Updating learning rate to 6.961986091308869e-08
Epoch: 73 cost time: 22.30485725402832
Epoch: 73, Steps: 62 | Train Loss: 0.4636279 Vali Loss: 1.2183642 Test Loss: 0.4266935
EarlyStopping counter: 70 out of 100
Updating learning rate to 6.265787482177981e-08
Epoch: 74 cost time: 22.46937394142151
Epoch: 74, Steps: 62 | Train Loss: 0.4636354 Vali Loss: 1.2223973 Test Loss: 0.4266938
EarlyStopping counter: 71 out of 100
Updating learning rate to 5.639208733960184e-08
Epoch: 75 cost time: 22.167043447494507
Epoch: 75, Steps: 62 | Train Loss: 0.4640468 Vali Loss: 1.2132465 Test Loss: 0.4266963
EarlyStopping counter: 72 out of 100
Updating learning rate to 5.075287860564165e-08
Epoch: 76 cost time: 22.11754822731018
Epoch: 76, Steps: 62 | Train Loss: 0.4638413 Vali Loss: 1.2157342 Test Loss: 0.4266917
EarlyStopping counter: 73 out of 100
Updating learning rate to 4.567759074507749e-08
Epoch: 77 cost time: 22.172383308410645
Epoch: 77, Steps: 62 | Train Loss: 0.4635514 Vali Loss: 1.2192025 Test Loss: 0.4267002
EarlyStopping counter: 74 out of 100
Updating learning rate to 4.1109831670569744e-08
Epoch: 78 cost time: 22.334259271621704
Epoch: 78, Steps: 62 | Train Loss: 0.4634450 Vali Loss: 1.2136836 Test Loss: 0.4266974
EarlyStopping counter: 75 out of 100
Updating learning rate to 3.6998848503512764e-08
Epoch: 79 cost time: 22.15947127342224
Epoch: 79, Steps: 62 | Train Loss: 0.4635052 Vali Loss: 1.2192692 Test Loss: 0.4266900
EarlyStopping counter: 76 out of 100
Updating learning rate to 3.3298963653161496e-08
Epoch: 80 cost time: 22.326733589172363
Epoch: 80, Steps: 62 | Train Loss: 0.4636322 Vali Loss: 1.2227162 Test Loss: 0.4266919
EarlyStopping counter: 77 out of 100
Updating learning rate to 2.996906728784534e-08
Epoch: 81 cost time: 22.382838010787964
Epoch: 81, Steps: 62 | Train Loss: 0.4636538 Vali Loss: 1.2181123 Test Loss: 0.4266897
EarlyStopping counter: 78 out of 100
Updating learning rate to 2.697216055906081e-08
Epoch: 82 cost time: 22.288395404815674
Epoch: 82, Steps: 62 | Train Loss: 0.4637311 Vali Loss: 1.2155964 Test Loss: 0.4266895
EarlyStopping counter: 79 out of 100
Updating learning rate to 2.427494450315473e-08
Epoch: 83 cost time: 23.625049352645874
Epoch: 83, Steps: 62 | Train Loss: 0.4637506 Vali Loss: 1.2168274 Test Loss: 0.4266853
EarlyStopping counter: 80 out of 100
Updating learning rate to 2.1847450052839257e-08
Epoch: 84 cost time: 22.680612564086914
Epoch: 84, Steps: 62 | Train Loss: 0.4642491 Vali Loss: 1.2160081 Test Loss: 0.4266908
EarlyStopping counter: 81 out of 100
Updating learning rate to 1.9662705047555332e-08
Epoch: 85 cost time: 22.283451080322266
Epoch: 85, Steps: 62 | Train Loss: 0.4639307 Vali Loss: 1.2186522 Test Loss: 0.4266888
EarlyStopping counter: 82 out of 100
Updating learning rate to 1.7696434542799797e-08
Epoch: 86 cost time: 22.447204113006592
Epoch: 86, Steps: 62 | Train Loss: 0.4638995 Vali Loss: 1.2194451 Test Loss: 0.4266892
EarlyStopping counter: 83 out of 100
Updating learning rate to 1.5926791088519817e-08
Epoch: 87 cost time: 22.200881004333496
Epoch: 87, Steps: 62 | Train Loss: 0.4640924 Vali Loss: 1.2169328 Test Loss: 0.4266891
EarlyStopping counter: 84 out of 100
Updating learning rate to 1.4334111979667836e-08
Epoch: 88 cost time: 21.97732710838318
Epoch: 88, Steps: 62 | Train Loss: 0.4634582 Vali Loss: 1.2188431 Test Loss: 0.4266883
EarlyStopping counter: 85 out of 100
Updating learning rate to 1.2900700781701054e-08
Epoch: 89 cost time: 22.24770951271057
Epoch: 89, Steps: 62 | Train Loss: 0.4636087 Vali Loss: 1.2174008 Test Loss: 0.4266892
EarlyStopping counter: 86 out of 100
Updating learning rate to 1.161063070353095e-08
Epoch: 90 cost time: 23.442113399505615
Epoch: 90, Steps: 62 | Train Loss: 0.4639457 Vali Loss: 1.2155434 Test Loss: 0.4266900
EarlyStopping counter: 87 out of 100
Updating learning rate to 1.0449567633177854e-08
Epoch: 91 cost time: 22.45411467552185
Epoch: 91, Steps: 62 | Train Loss: 0.4631836 Vali Loss: 1.2178946 Test Loss: 0.4266922
EarlyStopping counter: 88 out of 100
Updating learning rate to 9.404610869860069e-09
Epoch: 92 cost time: 22.428098917007446
Epoch: 92, Steps: 62 | Train Loss: 0.4636495 Vali Loss: 1.2132127 Test Loss: 0.4266907
EarlyStopping counter: 89 out of 100
Updating learning rate to 8.464149782874063e-09
Epoch: 93 cost time: 22.138986587524414
Epoch: 93, Steps: 62 | Train Loss: 0.4634809 Vali Loss: 1.2151591 Test Loss: 0.4266919
EarlyStopping counter: 90 out of 100
Updating learning rate to 7.617734804586658e-09
Epoch: 94 cost time: 22.664175748825073
Epoch: 94, Steps: 62 | Train Loss: 0.4638428 Vali Loss: 1.2150941 Test Loss: 0.4266911
EarlyStopping counter: 91 out of 100
Updating learning rate to 6.855961324127991e-09
Epoch: 95 cost time: 23.52067732810974
Epoch: 95, Steps: 62 | Train Loss: 0.4635935 Vali Loss: 1.2195144 Test Loss: 0.4266911
EarlyStopping counter: 92 out of 100
Updating learning rate to 6.170365191715193e-09
Epoch: 96 cost time: 22.385692596435547
Epoch: 96, Steps: 62 | Train Loss: 0.4637031 Vali Loss: 1.2131839 Test Loss: 0.4266909
EarlyStopping counter: 93 out of 100
Updating learning rate to 5.5533286725436726e-09
Epoch: 97 cost time: 22.306413650512695
Epoch: 97, Steps: 62 | Train Loss: 0.4634642 Vali Loss: 1.2140813 Test Loss: 0.4266900
EarlyStopping counter: 94 out of 100
Updating learning rate to 4.997995805289306e-09
Epoch: 98 cost time: 23.225131034851074
Epoch: 98, Steps: 62 | Train Loss: 0.4635394 Vali Loss: 1.2150255 Test Loss: 0.4266900
EarlyStopping counter: 95 out of 100
Updating learning rate to 4.498196224760375e-09
Epoch: 99 cost time: 22.45713472366333
Epoch: 99, Steps: 62 | Train Loss: 0.4633883 Vali Loss: 1.2174695 Test Loss: 0.4266905
EarlyStopping counter: 96 out of 100
Updating learning rate to 4.048376602284338e-09
Epoch: 100 cost time: 22.30031728744507
Epoch: 100, Steps: 62 | Train Loss: 0.4636256 Vali Loss: 1.2180600 Test Loss: 0.4266902
EarlyStopping counter: 97 out of 100
Updating learning rate to 3.643538942055904e-09
>>>>>>>testing : 336_336_PatchTSW_ETTh1_ftM_sl336_ll48_pl336_dm16_nh4_el2_dl1_df128_fc1_ebtimeF_dtTrue_Exp_0<<<<<<<<<<<<<<<<<<<<<<<<<<<<<<<<<
test 2545
mse:0.4505752921104431, mae:0.454914391040802, rse:0.6416677236557007
