Args in experiment:
Namespace(activation='gelu', affine=0, batch_size=16, c_out=7, checkpoints='./checkpoints/', d_ff=128, d_layers=1, d_model=16, data='custom', data_path='national_illness.csv', dec_in=7, decomposition=0, des='Exp', devices='0,1,2,3', distil=True, do_predict=False, dropout=0.3, e_layers=2, embed='timeF', embed_type=0, enc_in=7, factor=1, fc_dropout=0.3, features='M', freq='h', gpu=0, head_dropout=0.0, individual=0, is_training=1, itr=1, kernel_size=25, label_len=48, learning_rate=0.0025, loss='mse', lradj='constant', model='PatchTSW', model_id='national_illness_104_24', moving_avg=25, n_heads=4, num_workers=10, output_attention=False, padding_patch='end', patch_len=24, patience=100, pct_start=0.3, pred_len=24, random_seed=2021, revin=1, root_path='./dataset/', seq_len=104, stride=2, subtract_last=0, target='OT', test_flop=False, train_epochs=100, use_amp=False, use_gpu=True, use_multi_gpu=False)
Use GPU: cuda:0
base legendre
>>>>>>>start training : national_illness_104_24_PatchTSW_custom_ftM_sl104_ll48_pl24_dm16_nh4_el2_dl1_df128_fc1_ebtimeF_dtTrue_Exp_0>>>>>>>>>>>>>>>>>>>>>>>>>>
train 549
val 74
test 170
Epoch: 1 cost time: 4.976888418197632
Epoch: 1, Steps: 34 | Train Loss: 0.7355010 Vali Loss: 0.2521716 Test Loss: 2.1240156
Validation loss decreased (inf --> 0.252172).  Saving model ...
Updating learning rate to 0.0025
Epoch: 2 cost time: 5.064333915710449
Epoch: 2, Steps: 34 | Train Loss: 0.6897047 Vali Loss: 0.3458309 Test Loss: 2.0921586
EarlyStopping counter: 1 out of 100
Updating learning rate to 0.0025
Epoch: 3 cost time: 5.0794572830200195
Epoch: 3, Steps: 34 | Train Loss: 0.5637905 Vali Loss: 0.2996635 Test Loss: 1.9700596
EarlyStopping counter: 2 out of 100
Updating learning rate to 0.0025
Epoch: 4 cost time: 4.921382188796997
Epoch: 4, Steps: 34 | Train Loss: 0.4701974 Vali Loss: 0.2735737 Test Loss: 1.8019831
EarlyStopping counter: 3 out of 100
Updating learning rate to 0.0025
Epoch: 5 cost time: 5.510169267654419
Epoch: 5, Steps: 34 | Train Loss: 0.4068249 Vali Loss: 0.3056803 Test Loss: 1.4551432
EarlyStopping counter: 4 out of 100
Updating learning rate to 0.0025
Epoch: 6 cost time: 5.05018949508667
Epoch: 6, Steps: 34 | Train Loss: 0.3511333 Vali Loss: 0.2144816 Test Loss: 1.6198843
Validation loss decreased (0.252172 --> 0.214482).  Saving model ...
Updating learning rate to 0.0025
Epoch: 7 cost time: 5.102598428726196
Epoch: 7, Steps: 34 | Train Loss: 0.3138723 Vali Loss: 0.2466456 Test Loss: 1.6163327
EarlyStopping counter: 1 out of 100
Updating learning rate to 0.0025
Epoch: 8 cost time: 5.061957120895386
Epoch: 8, Steps: 34 | Train Loss: 0.2831448 Vali Loss: 0.2707168 Test Loss: 1.7500060
EarlyStopping counter: 2 out of 100
Updating learning rate to 0.0025
Epoch: 9 cost time: 4.961961030960083
Epoch: 9, Steps: 34 | Train Loss: 0.2676143 Vali Loss: 0.2792099 Test Loss: 1.5469878
EarlyStopping counter: 3 out of 100
Updating learning rate to 0.0025
Epoch: 10 cost time: 5.455895185470581
Epoch: 10, Steps: 34 | Train Loss: 0.2429899 Vali Loss: 0.2631964 Test Loss: 1.4134614
EarlyStopping counter: 4 out of 100
Updating learning rate to 0.0025
Epoch: 11 cost time: 5.022736549377441
Epoch: 11, Steps: 34 | Train Loss: 0.2282627 Vali Loss: 0.3008215 Test Loss: 1.5369041
EarlyStopping counter: 5 out of 100
Updating learning rate to 0.0025
Epoch: 12 cost time: 5.330836534500122
Epoch: 12, Steps: 34 | Train Loss: 0.2343627 Vali Loss: 0.2821255 Test Loss: 1.3885977
EarlyStopping counter: 6 out of 100
Updating learning rate to 0.0025
Epoch: 13 cost time: 5.164856910705566
Epoch: 13, Steps: 34 | Train Loss: 0.2269958 Vali Loss: 0.3230748 Test Loss: 1.4329185
EarlyStopping counter: 7 out of 100
Updating learning rate to 0.0025
Epoch: 14 cost time: 5.1034016609191895
Epoch: 14, Steps: 34 | Train Loss: 0.2252535 Vali Loss: 0.2381879 Test Loss: 1.3800751
EarlyStopping counter: 8 out of 100
Updating learning rate to 0.0025
Epoch: 15 cost time: 4.907231330871582
Epoch: 15, Steps: 34 | Train Loss: 0.2160396 Vali Loss: 0.2518299 Test Loss: 1.3502848
EarlyStopping counter: 9 out of 100
Updating learning rate to 0.0025
Epoch: 16 cost time: 5.114870548248291
Epoch: 16, Steps: 34 | Train Loss: 0.2080691 Vali Loss: 0.2939070 Test Loss: 1.3944190
EarlyStopping counter: 10 out of 100
Updating learning rate to 0.0025
Epoch: 17 cost time: 5.3794450759887695
Epoch: 17, Steps: 34 | Train Loss: 0.2015444 Vali Loss: 0.2941995 Test Loss: 1.4879229
EarlyStopping counter: 11 out of 100
Updating learning rate to 0.0025
Epoch: 18 cost time: 5.326404809951782
Epoch: 18, Steps: 34 | Train Loss: 0.1988531 Vali Loss: 0.3264869 Test Loss: 1.4547652
EarlyStopping counter: 12 out of 100
Updating learning rate to 0.0025
Epoch: 19 cost time: 5.07534384727478
Epoch: 19, Steps: 34 | Train Loss: 0.2116855 Vali Loss: 0.3173745 Test Loss: 1.6319059
EarlyStopping counter: 13 out of 100
Updating learning rate to 0.0025
Epoch: 20 cost time: 5.1131651401519775
Epoch: 20, Steps: 34 | Train Loss: 0.2019751 Vali Loss: 0.2748393 Test Loss: 1.4699533
EarlyStopping counter: 14 out of 100
Updating learning rate to 0.0025
Epoch: 21 cost time: 5.061426401138306
Epoch: 21, Steps: 34 | Train Loss: 0.2025339 Vali Loss: 0.3174202 Test Loss: 1.4146345
EarlyStopping counter: 15 out of 100
Updating learning rate to 0.0025
Epoch: 22 cost time: 4.896062612533569
Epoch: 22, Steps: 34 | Train Loss: 0.1893879 Vali Loss: 0.2999786 Test Loss: 1.2865715
EarlyStopping counter: 16 out of 100
Updating learning rate to 0.0025
Epoch: 23 cost time: 5.123987674713135
Epoch: 23, Steps: 34 | Train Loss: 0.1844333 Vali Loss: 0.3200160 Test Loss: 1.4199135
EarlyStopping counter: 17 out of 100
Updating learning rate to 0.0025
Epoch: 24 cost time: 5.082782745361328
Epoch: 24, Steps: 34 | Train Loss: 0.1755112 Vali Loss: 0.3307490 Test Loss: 1.3735650
EarlyStopping counter: 18 out of 100
Updating learning rate to 0.0025
Epoch: 25 cost time: 5.18056321144104
Epoch: 25, Steps: 34 | Train Loss: 0.1724923 Vali Loss: 0.3173248 Test Loss: 1.4024603
EarlyStopping counter: 19 out of 100
Updating learning rate to 0.0025
Epoch: 26 cost time: 4.97198224067688
Epoch: 26, Steps: 34 | Train Loss: 0.1741260 Vali Loss: 0.3482934 Test Loss: 1.3937601
EarlyStopping counter: 20 out of 100
Updating learning rate to 0.0025
Epoch: 27 cost time: 5.170772314071655
Epoch: 27, Steps: 34 | Train Loss: 0.1728827 Vali Loss: 0.3426822 Test Loss: 1.4334371
EarlyStopping counter: 21 out of 100
Updating learning rate to 0.0025
Epoch: 28 cost time: 5.223389387130737
Epoch: 28, Steps: 34 | Train Loss: 0.1717747 Vali Loss: 0.3038677 Test Loss: 1.4283104
EarlyStopping counter: 22 out of 100
Updating learning rate to 0.0025
Epoch: 29 cost time: 5.305229425430298
Epoch: 29, Steps: 34 | Train Loss: 0.1690781 Vali Loss: 0.3402222 Test Loss: 1.3626101
EarlyStopping counter: 23 out of 100
Updating learning rate to 0.0025
Epoch: 30 cost time: 4.954650640487671
Epoch: 30, Steps: 34 | Train Loss: 0.1678183 Vali Loss: 0.3284654 Test Loss: 1.3803518
EarlyStopping counter: 24 out of 100
Updating learning rate to 0.0025
Epoch: 31 cost time: 5.22491455078125
Epoch: 31, Steps: 34 | Train Loss: 0.1647167 Vali Loss: 0.2743780 Test Loss: 1.4514935
EarlyStopping counter: 25 out of 100
Updating learning rate to 0.0025
Epoch: 32 cost time: 5.185746192932129
Epoch: 32, Steps: 34 | Train Loss: 0.1669462 Vali Loss: 0.3338366 Test Loss: 1.4579836
EarlyStopping counter: 26 out of 100
Updating learning rate to 0.0025
Epoch: 33 cost time: 5.026834964752197
Epoch: 33, Steps: 34 | Train Loss: 0.1647667 Vali Loss: 0.3105139 Test Loss: 1.5113827
EarlyStopping counter: 27 out of 100
Updating learning rate to 0.0025
Epoch: 34 cost time: 5.015635967254639
Epoch: 34, Steps: 34 | Train Loss: 0.1659557 Vali Loss: 0.3235824 Test Loss: 1.4663279
EarlyStopping counter: 28 out of 100
Updating learning rate to 0.0025
Epoch: 35 cost time: 5.028886079788208
Epoch: 35, Steps: 34 | Train Loss: 0.1628995 Vali Loss: 0.3192005 Test Loss: 1.3361758
EarlyStopping counter: 29 out of 100
Updating learning rate to 0.0025
Epoch: 36 cost time: 4.972062110900879
Epoch: 36, Steps: 34 | Train Loss: 0.1551911 Vali Loss: 0.3260361 Test Loss: 1.3851182
EarlyStopping counter: 30 out of 100
Updating learning rate to 0.0025
Epoch: 37 cost time: 5.3635993003845215
Epoch: 37, Steps: 34 | Train Loss: 0.1551231 Vali Loss: 0.3359890 Test Loss: 1.4259998
EarlyStopping counter: 31 out of 100
Updating learning rate to 0.0025
Epoch: 38 cost time: 5.518754720687866
Epoch: 38, Steps: 34 | Train Loss: 0.1517728 Vali Loss: 0.3226702 Test Loss: 1.3185922
EarlyStopping counter: 32 out of 100
Updating learning rate to 0.0025
Epoch: 39 cost time: 5.145264625549316
Epoch: 39, Steps: 34 | Train Loss: 0.1523238 Vali Loss: 0.3647227 Test Loss: 1.3101995
EarlyStopping counter: 33 out of 100
Updating learning rate to 0.0025
Epoch: 40 cost time: 5.182054042816162
Epoch: 40, Steps: 34 | Train Loss: 0.1552317 Vali Loss: 0.3199634 Test Loss: 1.4151944
EarlyStopping counter: 34 out of 100
Updating learning rate to 0.0025
Epoch: 41 cost time: 5.139822959899902
Epoch: 41, Steps: 34 | Train Loss: 0.1458246 Vali Loss: 0.3425468 Test Loss: 1.2524035
EarlyStopping counter: 35 out of 100
Updating learning rate to 0.0025
Epoch: 42 cost time: 5.152472019195557
Epoch: 42, Steps: 34 | Train Loss: 0.1539976 Vali Loss: 0.3474366 Test Loss: 1.2790687
EarlyStopping counter: 36 out of 100
Updating learning rate to 0.0025
Epoch: 43 cost time: 5.140485763549805
Epoch: 43, Steps: 34 | Train Loss: 0.1514016 Vali Loss: 0.3198344 Test Loss: 1.3091104
EarlyStopping counter: 37 out of 100
Updating learning rate to 0.0025
Epoch: 44 cost time: 5.351229906082153
Epoch: 44, Steps: 34 | Train Loss: 0.1468122 Vali Loss: 0.3053923 Test Loss: 1.2940068
EarlyStopping counter: 38 out of 100
Updating learning rate to 0.0025
Epoch: 45 cost time: 5.515097379684448
Epoch: 45, Steps: 34 | Train Loss: 0.1439817 Vali Loss: 0.3213650 Test Loss: 1.4529654
EarlyStopping counter: 39 out of 100
Updating learning rate to 0.0025
Epoch: 46 cost time: 5.59463906288147
Epoch: 46, Steps: 34 | Train Loss: 0.1460561 Vali Loss: 0.2924393 Test Loss: 1.2404101
EarlyStopping counter: 40 out of 100
Updating learning rate to 0.0025
Epoch: 47 cost time: 5.243146896362305
Epoch: 47, Steps: 34 | Train Loss: 0.1458537 Vali Loss: 0.3117533 Test Loss: 1.3817788
EarlyStopping counter: 41 out of 100
Updating learning rate to 0.0025
Epoch: 48 cost time: 5.505865573883057
Epoch: 48, Steps: 34 | Train Loss: 0.1428357 Vali Loss: 0.3275192 Test Loss: 1.3165226
EarlyStopping counter: 42 out of 100
Updating learning rate to 0.0025
Epoch: 49 cost time: 5.3317625522613525
Epoch: 49, Steps: 34 | Train Loss: 0.1387312 Vali Loss: 0.3671255 Test Loss: 1.2997391
EarlyStopping counter: 43 out of 100
Updating learning rate to 0.0025
Epoch: 50 cost time: 5.532376050949097
Epoch: 50, Steps: 34 | Train Loss: 0.1358872 Vali Loss: 0.3209399 Test Loss: 1.3714464
EarlyStopping counter: 44 out of 100
Updating learning rate to 0.0025
Epoch: 51 cost time: 5.8562233448028564
Epoch: 51, Steps: 34 | Train Loss: 0.1389418 Vali Loss: 0.3237550 Test Loss: 1.4375045
EarlyStopping counter: 45 out of 100
Updating learning rate to 0.0025
Epoch: 52 cost time: 5.455158710479736
Epoch: 52, Steps: 34 | Train Loss: 0.1443035 Vali Loss: 0.2995890 Test Loss: 1.4825852
EarlyStopping counter: 46 out of 100
Updating learning rate to 0.0025
Epoch: 53 cost time: 5.433748006820679
Epoch: 53, Steps: 34 | Train Loss: 0.1451763 Vali Loss: 0.3378049 Test Loss: 1.2576786
EarlyStopping counter: 47 out of 100
Updating learning rate to 0.0025
Epoch: 54 cost time: 5.104049205780029
Epoch: 54, Steps: 34 | Train Loss: 0.1363623 Vali Loss: 0.3751045 Test Loss: 1.3429276
EarlyStopping counter: 48 out of 100
Updating learning rate to 0.0025
Epoch: 55 cost time: 5.1968934535980225
Epoch: 55, Steps: 34 | Train Loss: 0.1358119 Vali Loss: 0.3207307 Test Loss: 1.3817892
EarlyStopping counter: 49 out of 100
Updating learning rate to 0.0025
Epoch: 56 cost time: 5.489859580993652
Epoch: 56, Steps: 34 | Train Loss: 0.1432465 Vali Loss: 0.3516851 Test Loss: 1.2867559
EarlyStopping counter: 50 out of 100
Updating learning rate to 0.0025
Epoch: 57 cost time: 5.2834014892578125
Epoch: 57, Steps: 34 | Train Loss: 0.1345629 Vali Loss: 0.3224984 Test Loss: 1.3880417
EarlyStopping counter: 51 out of 100
Updating learning rate to 0.0025
Epoch: 58 cost time: 5.662074089050293
Epoch: 58, Steps: 34 | Train Loss: 0.1384380 Vali Loss: 0.3226655 Test Loss: 1.3501276
EarlyStopping counter: 52 out of 100
Updating learning rate to 0.0025
Epoch: 59 cost time: 5.480398654937744
Epoch: 59, Steps: 34 | Train Loss: 0.1406623 Vali Loss: 0.3615003 Test Loss: 1.2723135
EarlyStopping counter: 53 out of 100
Updating learning rate to 0.0025
Epoch: 60 cost time: 5.675819635391235
Epoch: 60, Steps: 34 | Train Loss: 0.1381680 Vali Loss: 0.3569643 Test Loss: 1.3333943
EarlyStopping counter: 54 out of 100
Updating learning rate to 0.0025
Epoch: 61 cost time: 5.136671304702759
Epoch: 61, Steps: 34 | Train Loss: 0.1385306 Vali Loss: 0.3151332 Test Loss: 1.4392176
EarlyStopping counter: 55 out of 100
Updating learning rate to 0.0025
Epoch: 62 cost time: 5.190659284591675
Epoch: 62, Steps: 34 | Train Loss: 0.1319966 Vali Loss: 0.3166294 Test Loss: 1.2989328
EarlyStopping counter: 56 out of 100
Updating learning rate to 0.0025
Epoch: 63 cost time: 5.546244859695435
Epoch: 63, Steps: 34 | Train Loss: 0.1338504 Vali Loss: 0.3415596 Test Loss: 1.3495877
EarlyStopping counter: 57 out of 100
Updating learning rate to 0.0025
Epoch: 64 cost time: 5.046605348587036
Epoch: 64, Steps: 34 | Train Loss: 0.1316221 Vali Loss: 0.3115131 Test Loss: 1.3222940
EarlyStopping counter: 58 out of 100
Updating learning rate to 0.0025
Epoch: 65 cost time: 5.0526087284088135
Epoch: 65, Steps: 34 | Train Loss: 0.1292091 Vali Loss: 0.3423212 Test Loss: 1.2919633
EarlyStopping counter: 59 out of 100
Updating learning rate to 0.0025
Epoch: 66 cost time: 5.9964599609375
Epoch: 66, Steps: 34 | Train Loss: 0.1309771 Vali Loss: 0.3272147 Test Loss: 1.4425913
EarlyStopping counter: 60 out of 100
Updating learning rate to 0.0025
Epoch: 67 cost time: 5.087741851806641
Epoch: 67, Steps: 34 | Train Loss: 0.1278757 Vali Loss: 0.3390297 Test Loss: 1.3037808
EarlyStopping counter: 61 out of 100
Updating learning rate to 0.0025
Epoch: 68 cost time: 5.684993267059326
Epoch: 68, Steps: 34 | Train Loss: 0.1262241 Vali Loss: 0.4069737 Test Loss: 1.3277762
EarlyStopping counter: 62 out of 100
Updating learning rate to 0.0025
Epoch: 69 cost time: 6.030313968658447
Epoch: 69, Steps: 34 | Train Loss: 0.1274686 Vali Loss: 0.3594064 Test Loss: 1.2730377
EarlyStopping counter: 63 out of 100
Updating learning rate to 0.0025
Epoch: 70 cost time: 5.674827575683594
Epoch: 70, Steps: 34 | Train Loss: 0.1333018 Vali Loss: 0.3511020 Test Loss: 1.4669702
EarlyStopping counter: 64 out of 100
Updating learning rate to 0.0025
Epoch: 71 cost time: 5.156451463699341
Epoch: 71, Steps: 34 | Train Loss: 0.1291688 Vali Loss: 0.3110212 Test Loss: 1.3672731
EarlyStopping counter: 65 out of 100
Updating learning rate to 0.0025
Epoch: 72 cost time: 5.059098243713379
Epoch: 72, Steps: 34 | Train Loss: 0.1354249 Vali Loss: 0.3281607 Test Loss: 1.2745407
EarlyStopping counter: 66 out of 100
Updating learning rate to 0.0025
Epoch: 73 cost time: 4.936519384384155
Epoch: 73, Steps: 34 | Train Loss: 0.1346235 Vali Loss: 0.3550280 Test Loss: 1.3129616
EarlyStopping counter: 67 out of 100
Updating learning rate to 0.0025
Epoch: 74 cost time: 5.618987560272217
Epoch: 74, Steps: 34 | Train Loss: 0.1347908 Vali Loss: 0.3754930 Test Loss: 1.2208220
EarlyStopping counter: 68 out of 100
Updating learning rate to 0.0025
Epoch: 75 cost time: 5.992005348205566
Epoch: 75, Steps: 34 | Train Loss: 0.1337489 Vali Loss: 0.3289784 Test Loss: 1.2887055
EarlyStopping counter: 69 out of 100
Updating learning rate to 0.0025
Epoch: 76 cost time: 5.090557336807251
Epoch: 76, Steps: 34 | Train Loss: 0.1353575 Vali Loss: 0.3460422 Test Loss: 1.3470424
EarlyStopping counter: 70 out of 100
Updating learning rate to 0.0025
Epoch: 77 cost time: 5.353595495223999
Epoch: 77, Steps: 34 | Train Loss: 0.1321538 Vali Loss: 0.3291894 Test Loss: 1.3970734
EarlyStopping counter: 71 out of 100
Updating learning rate to 0.0025
Epoch: 78 cost time: 4.9770283699035645
Epoch: 78, Steps: 34 | Train Loss: 0.1315515 Vali Loss: 0.3376785 Test Loss: 1.2238312
EarlyStopping counter: 72 out of 100
Updating learning rate to 0.0025
Epoch: 79 cost time: 5.527258634567261
Epoch: 79, Steps: 34 | Train Loss: 0.1245435 Vali Loss: 0.3771687 Test Loss: 1.3151809
EarlyStopping counter: 73 out of 100
Updating learning rate to 0.0025
Epoch: 80 cost time: 5.321333169937134
Epoch: 80, Steps: 34 | Train Loss: 0.1289905 Vali Loss: 0.3632855 Test Loss: 1.4398305
EarlyStopping counter: 74 out of 100
Updating learning rate to 0.0025
Epoch: 81 cost time: 5.438129186630249
Epoch: 81, Steps: 34 | Train Loss: 0.1278254 Vali Loss: 0.3655064 Test Loss: 1.2451365
EarlyStopping counter: 75 out of 100
Updating learning rate to 0.0025
Epoch: 82 cost time: 5.402737855911255
Epoch: 82, Steps: 34 | Train Loss: 0.1231379 Vali Loss: 0.3563778 Test Loss: 1.2906222
EarlyStopping counter: 76 out of 100
Updating learning rate to 0.0025
Epoch: 83 cost time: 6.392315626144409
Epoch: 83, Steps: 34 | Train Loss: 0.1212953 Vali Loss: 0.3399777 Test Loss: 1.3072760
EarlyStopping counter: 77 out of 100
Updating learning rate to 0.0025
Epoch: 84 cost time: 5.379836082458496
Epoch: 84, Steps: 34 | Train Loss: 0.1230383 Vali Loss: 0.3625290 Test Loss: 1.2458180
EarlyStopping counter: 78 out of 100
Updating learning rate to 0.0025
Epoch: 85 cost time: 5.224557638168335
Epoch: 85, Steps: 34 | Train Loss: 0.1237530 Vali Loss: 0.3219447 Test Loss: 1.2973636
EarlyStopping counter: 79 out of 100
Updating learning rate to 0.0025
Epoch: 86 cost time: 5.877728223800659
Epoch: 86, Steps: 34 | Train Loss: 0.1222338 Vali Loss: 0.3563008 Test Loss: 1.2234271
EarlyStopping counter: 80 out of 100
Updating learning rate to 0.0025
Epoch: 87 cost time: 5.578059196472168
Epoch: 87, Steps: 34 | Train Loss: 0.1251927 Vali Loss: 0.3541346 Test Loss: 1.3286827
EarlyStopping counter: 81 out of 100
Updating learning rate to 0.0025
Epoch: 88 cost time: 5.589018821716309
Epoch: 88, Steps: 34 | Train Loss: 0.1192570 Vali Loss: 0.3997660 Test Loss: 1.3416215
EarlyStopping counter: 82 out of 100
Updating learning rate to 0.0025
Epoch: 89 cost time: 5.313738584518433
Epoch: 89, Steps: 34 | Train Loss: 0.1220932 Vali Loss: 0.3625983 Test Loss: 1.3363550
EarlyStopping counter: 83 out of 100
Updating learning rate to 0.0025
Epoch: 90 cost time: 5.54758095741272
Epoch: 90, Steps: 34 | Train Loss: 0.1192299 Vali Loss: 0.3273588 Test Loss: 1.2696517
EarlyStopping counter: 84 out of 100
Updating learning rate to 0.0025
Epoch: 91 cost time: 5.159665822982788
Epoch: 91, Steps: 34 | Train Loss: 0.1205695 Vali Loss: 0.3028392 Test Loss: 1.3829368
EarlyStopping counter: 85 out of 100
Updating learning rate to 0.0025
Epoch: 92 cost time: 5.522377014160156
Epoch: 92, Steps: 34 | Train Loss: 0.1211999 Vali Loss: 0.3663140 Test Loss: 1.2395035
EarlyStopping counter: 86 out of 100
Updating learning rate to 0.0025
Epoch: 93 cost time: 5.845838308334351
Epoch: 93, Steps: 34 | Train Loss: 0.1211921 Vali Loss: 0.3415066 Test Loss: 1.3157510
EarlyStopping counter: 87 out of 100
Updating learning rate to 0.0025
Epoch: 94 cost time: 5.503214597702026
Epoch: 94, Steps: 34 | Train Loss: 0.1191393 Vali Loss: 0.3134156 Test Loss: 1.3007617
EarlyStopping counter: 88 out of 100
Updating learning rate to 0.0025
Epoch: 95 cost time: 5.670722961425781
Epoch: 95, Steps: 34 | Train Loss: 0.1204500 Vali Loss: 0.3307294 Test Loss: 1.4080966
EarlyStopping counter: 89 out of 100
Updating learning rate to 0.0025
Epoch: 96 cost time: 5.313845634460449
Epoch: 96, Steps: 34 | Train Loss: 0.1205415 Vali Loss: 0.3415954 Test Loss: 1.3269266
EarlyStopping counter: 90 out of 100
Updating learning rate to 0.0025
Epoch: 97 cost time: 5.366187572479248
Epoch: 97, Steps: 34 | Train Loss: 0.1232400 Vali Loss: 0.3366229 Test Loss: 1.2989410
EarlyStopping counter: 91 out of 100
Updating learning rate to 0.0025
Epoch: 98 cost time: 5.166062593460083
Epoch: 98, Steps: 34 | Train Loss: 0.1220211 Vali Loss: 0.3736089 Test Loss: 1.3175654
EarlyStopping counter: 92 out of 100
Updating learning rate to 0.0025
Epoch: 99 cost time: 5.207221984863281
Epoch: 99, Steps: 34 | Train Loss: 0.1175666 Vali Loss: 0.3204248 Test Loss: 1.4490345
EarlyStopping counter: 93 out of 100
Updating learning rate to 0.0025
Epoch: 100 cost time: 5.4590370655059814
Epoch: 100, Steps: 34 | Train Loss: 0.1181988 Vali Loss: 0.3234249 Test Loss: 1.4506527
EarlyStopping counter: 94 out of 100
Updating learning rate to 0.0025
>>>>>>>testing : national_illness_104_24_PatchTSW_custom_ftM_sl104_ll48_pl24_dm16_nh4_el2_dl1_df128_fc1_ebtimeF_dtTrue_Exp_0<<<<<<<<<<<<<<<<<<<<<<<<<<<<<<<<<
test 170
mse:1.6198843717575073, mae:0.8692725896835327, rse:0.6142058372497559
