Args in experiment:
Namespace(activation='gelu', affine=0, batch_size=128, c_out=7, checkpoints='./checkpoints/', d_ff=128, d_layers=1, d_model=16, data='ETTh2', data_path='ETTh2.csv', dec_in=7, decomposition=0, des='Exp', devices='0,1,2,3', distil=True, do_predict=False, dropout=0.3, e_layers=3, embed='timeF', embed_type=0, enc_in=1, factor=1, fc_dropout=0.3, features='S', freq='h', gpu=0, head_dropout=0.0, individual=0, is_training=1, itr=1, kernel_size=25, label_len=48, learning_rate=0.0001, loss='mse', lradj='type3', model='PatchTST', model_id='ETTh2_336_336', moving_avg=25, n_heads=4, num_workers=10, output_attention=False, padding_patch='end', patch_len=16, patience=100, pct_start=0.3, pred_len=336, random_seed=2021, revin=1, root_path='./dataset/', seq_len=336, stride=8, subtract_last=0, target='OT', test_flop=False, train_epochs=100, use_amp=False, use_gpu=True, use_multi_gpu=False)
Use GPU: cuda:0
>>>>>>>start training : ETTh2_336_336_PatchTST_ETTh2_ftS_sl336_ll48_pl336_dm16_nh4_el3_dl1_df128_fc1_ebtimeF_dtTrue_Exp_0>>>>>>>>>>>>>>>>>>>>>>>>>>
train 7969
val 2545
test 2545
Epoch: 1 cost time: 3.095491409301758
Epoch: 1, Steps: 62 | Train Loss: 0.3841362 Vali Loss: 0.3619161 Test Loss: 0.2819018
Validation loss decreased (inf --> 0.361916).  Saving model ...
Updating learning rate to 0.0001
Epoch: 2 cost time: 3.4196321964263916
Epoch: 2, Steps: 62 | Train Loss: 0.3140779 Vali Loss: 0.2885850 Test Loss: 0.2146427
Validation loss decreased (0.361916 --> 0.288585).  Saving model ...
Updating learning rate to 0.0001
Epoch: 3 cost time: 3.545475721359253
Epoch: 3, Steps: 62 | Train Loss: 0.2713507 Vali Loss: 0.2698765 Test Loss: 0.2040998
Validation loss decreased (0.288585 --> 0.269876).  Saving model ...
Updating learning rate to 0.0001
Epoch: 4 cost time: 3.4936416149139404
Epoch: 4, Steps: 62 | Train Loss: 0.2560975 Vali Loss: 0.2627056 Test Loss: 0.1994782
Validation loss decreased (0.269876 --> 0.262706).  Saving model ...
Updating learning rate to 9e-05
Epoch: 5 cost time: 3.3750479221343994
Epoch: 5, Steps: 62 | Train Loss: 0.2480999 Vali Loss: 0.2594436 Test Loss: 0.1958737
Validation loss decreased (0.262706 --> 0.259444).  Saving model ...
Updating learning rate to 8.1e-05
Epoch: 6 cost time: 3.2622783184051514
Epoch: 6, Steps: 62 | Train Loss: 0.2432553 Vali Loss: 0.2582569 Test Loss: 0.1940358
Validation loss decreased (0.259444 --> 0.258257).  Saving model ...
Updating learning rate to 7.290000000000001e-05
Epoch: 7 cost time: 3.4963741302490234
Epoch: 7, Steps: 62 | Train Loss: 0.2403392 Vali Loss: 0.2567542 Test Loss: 0.1925887
Validation loss decreased (0.258257 --> 0.256754).  Saving model ...
Updating learning rate to 6.561e-05
Epoch: 8 cost time: 3.338350296020508
Epoch: 8, Steps: 62 | Train Loss: 0.2378873 Vali Loss: 0.2565176 Test Loss: 0.1913575
Validation loss decreased (0.256754 --> 0.256518).  Saving model ...
Updating learning rate to 5.904900000000001e-05
Epoch: 9 cost time: 3.2300641536712646
Epoch: 9, Steps: 62 | Train Loss: 0.2359627 Vali Loss: 0.2551942 Test Loss: 0.1908930
Validation loss decreased (0.256518 --> 0.255194).  Saving model ...
Updating learning rate to 5.3144100000000005e-05
Epoch: 10 cost time: 3.433039665222168
Epoch: 10, Steps: 62 | Train Loss: 0.2346427 Vali Loss: 0.2547680 Test Loss: 0.1897010
Validation loss decreased (0.255194 --> 0.254768).  Saving model ...
Updating learning rate to 4.782969000000001e-05
Epoch: 11 cost time: 3.2080202102661133
Epoch: 11, Steps: 62 | Train Loss: 0.2332842 Vali Loss: 0.2544016 Test Loss: 0.1893276
Validation loss decreased (0.254768 --> 0.254402).  Saving model ...
Updating learning rate to 4.304672100000001e-05
Epoch: 12 cost time: 3.3862791061401367
Epoch: 12, Steps: 62 | Train Loss: 0.2327034 Vali Loss: 0.2540314 Test Loss: 0.1889985
Validation loss decreased (0.254402 --> 0.254031).  Saving model ...
Updating learning rate to 3.874204890000001e-05
Epoch: 13 cost time: 3.262019157409668
Epoch: 13, Steps: 62 | Train Loss: 0.2317275 Vali Loss: 0.2541978 Test Loss: 0.1883864
EarlyStopping counter: 1 out of 100
Updating learning rate to 3.486784401000001e-05
Epoch: 14 cost time: 3.373420000076294
Epoch: 14, Steps: 62 | Train Loss: 0.2308956 Vali Loss: 0.2537711 Test Loss: 0.1876141
Validation loss decreased (0.254031 --> 0.253771).  Saving model ...
Updating learning rate to 3.138105960900001e-05
Epoch: 15 cost time: 3.380664587020874
Epoch: 15, Steps: 62 | Train Loss: 0.2305219 Vali Loss: 0.2537198 Test Loss: 0.1875565
Validation loss decreased (0.253771 --> 0.253720).  Saving model ...
Updating learning rate to 2.824295364810001e-05
Epoch: 16 cost time: 3.3188679218292236
Epoch: 16, Steps: 62 | Train Loss: 0.2297078 Vali Loss: 0.2534062 Test Loss: 0.1873083
Validation loss decreased (0.253720 --> 0.253406).  Saving model ...
Updating learning rate to 2.541865828329001e-05
Epoch: 17 cost time: 3.4060637950897217
Epoch: 17, Steps: 62 | Train Loss: 0.2292990 Vali Loss: 0.2525112 Test Loss: 0.1868723
Validation loss decreased (0.253406 --> 0.252511).  Saving model ...
Updating learning rate to 2.287679245496101e-05
Epoch: 18 cost time: 3.301135778427124
Epoch: 18, Steps: 62 | Train Loss: 0.2287906 Vali Loss: 0.2519132 Test Loss: 0.1864956
Validation loss decreased (0.252511 --> 0.251913).  Saving model ...
Updating learning rate to 2.0589113209464907e-05
Epoch: 19 cost time: 3.2192487716674805
Epoch: 19, Steps: 62 | Train Loss: 0.2281633 Vali Loss: 0.2528686 Test Loss: 0.1864042
EarlyStopping counter: 1 out of 100
Updating learning rate to 1.8530201888518416e-05
Epoch: 20 cost time: 3.3853726387023926
Epoch: 20, Steps: 62 | Train Loss: 0.2279736 Vali Loss: 0.2528504 Test Loss: 0.1862624
EarlyStopping counter: 2 out of 100
Updating learning rate to 1.6677181699666577e-05
Epoch: 21 cost time: 3.5321404933929443
Epoch: 21, Steps: 62 | Train Loss: 0.2275377 Vali Loss: 0.2528818 Test Loss: 0.1861081
EarlyStopping counter: 3 out of 100
Updating learning rate to 1.5009463529699919e-05
Epoch: 22 cost time: 3.3107497692108154
Epoch: 22, Steps: 62 | Train Loss: 0.2272305 Vali Loss: 0.2526535 Test Loss: 0.1862689
EarlyStopping counter: 4 out of 100
Updating learning rate to 1.3508517176729929e-05
Epoch: 23 cost time: 3.3814029693603516
Epoch: 23, Steps: 62 | Train Loss: 0.2273081 Vali Loss: 0.2521283 Test Loss: 0.1859230
EarlyStopping counter: 5 out of 100
Updating learning rate to 1.2157665459056936e-05
Epoch: 24 cost time: 3.263915777206421
Epoch: 24, Steps: 62 | Train Loss: 0.2274373 Vali Loss: 0.2518361 Test Loss: 0.1857662
Validation loss decreased (0.251913 --> 0.251836).  Saving model ...
Updating learning rate to 1.0941898913151242e-05
Epoch: 25 cost time: 3.2300021648406982
Epoch: 25, Steps: 62 | Train Loss: 0.2269521 Vali Loss: 0.2522041 Test Loss: 0.1855819
EarlyStopping counter: 1 out of 100
Updating learning rate to 9.847709021836118e-06
Epoch: 26 cost time: 3.4331207275390625
Epoch: 26, Steps: 62 | Train Loss: 0.2268742 Vali Loss: 0.2527165 Test Loss: 0.1855482
EarlyStopping counter: 2 out of 100
Updating learning rate to 8.862938119652508e-06
Epoch: 27 cost time: 3.3622689247131348
Epoch: 27, Steps: 62 | Train Loss: 0.2259194 Vali Loss: 0.2521186 Test Loss: 0.1852321
EarlyStopping counter: 3 out of 100
Updating learning rate to 7.976644307687255e-06
Epoch: 28 cost time: 3.2576990127563477
Epoch: 28, Steps: 62 | Train Loss: 0.2262977 Vali Loss: 0.2528353 Test Loss: 0.1850488
EarlyStopping counter: 4 out of 100
Updating learning rate to 7.178979876918531e-06
Epoch: 29 cost time: 3.4565796852111816
Epoch: 29, Steps: 62 | Train Loss: 0.2262722 Vali Loss: 0.2529460 Test Loss: 0.1851163
EarlyStopping counter: 5 out of 100
Updating learning rate to 6.4610818892266776e-06
Epoch: 30 cost time: 3.3684515953063965
Epoch: 30, Steps: 62 | Train Loss: 0.2265881 Vali Loss: 0.2517626 Test Loss: 0.1851329
Validation loss decreased (0.251836 --> 0.251763).  Saving model ...
Updating learning rate to 5.8149737003040096e-06
Epoch: 31 cost time: 3.5153493881225586
Epoch: 31, Steps: 62 | Train Loss: 0.2262069 Vali Loss: 0.2526734 Test Loss: 0.1853296
EarlyStopping counter: 1 out of 100
Updating learning rate to 5.23347633027361e-06
Epoch: 32 cost time: 3.301631450653076
Epoch: 32, Steps: 62 | Train Loss: 0.2263572 Vali Loss: 0.2523805 Test Loss: 0.1846612
EarlyStopping counter: 2 out of 100
Updating learning rate to 4.710128697246249e-06
Epoch: 33 cost time: 3.2470030784606934
Epoch: 33, Steps: 62 | Train Loss: 0.2259062 Vali Loss: 0.2513201 Test Loss: 0.1850578
Validation loss decreased (0.251763 --> 0.251320).  Saving model ...
Updating learning rate to 4.239115827521624e-06
Epoch: 34 cost time: 3.1158394813537598
Epoch: 34, Steps: 62 | Train Loss: 0.2255075 Vali Loss: 0.2521478 Test Loss: 0.1850163
EarlyStopping counter: 1 out of 100
Updating learning rate to 3.815204244769462e-06
Epoch: 35 cost time: 3.1370253562927246
Epoch: 35, Steps: 62 | Train Loss: 0.2258896 Vali Loss: 0.2524028 Test Loss: 0.1850211
EarlyStopping counter: 2 out of 100
Updating learning rate to 3.4336838202925152e-06
Epoch: 36 cost time: 3.4528846740722656
Epoch: 36, Steps: 62 | Train Loss: 0.2254388 Vali Loss: 0.2515368 Test Loss: 0.1850672
EarlyStopping counter: 3 out of 100
Updating learning rate to 3.090315438263264e-06
Epoch: 37 cost time: 3.3341448307037354
Epoch: 37, Steps: 62 | Train Loss: 0.2255521 Vali Loss: 0.2519238 Test Loss: 0.1849821
EarlyStopping counter: 4 out of 100
Updating learning rate to 2.7812838944369375e-06
Epoch: 38 cost time: 3.4286351203918457
Epoch: 38, Steps: 62 | Train Loss: 0.2258277 Vali Loss: 0.2519073 Test Loss: 0.1848261
EarlyStopping counter: 5 out of 100
Updating learning rate to 2.503155504993244e-06
Epoch: 39 cost time: 3.3800864219665527
Epoch: 39, Steps: 62 | Train Loss: 0.2255015 Vali Loss: 0.2522057 Test Loss: 0.1848049
EarlyStopping counter: 6 out of 100
Updating learning rate to 2.2528399544939195e-06
Epoch: 40 cost time: 3.3427212238311768
Epoch: 40, Steps: 62 | Train Loss: 0.2254584 Vali Loss: 0.2520863 Test Loss: 0.1846036
EarlyStopping counter: 7 out of 100
Updating learning rate to 2.0275559590445276e-06
Epoch: 41 cost time: 3.4411461353302
Epoch: 41, Steps: 62 | Train Loss: 0.2259410 Vali Loss: 0.2522034 Test Loss: 0.1846964
EarlyStopping counter: 8 out of 100
Updating learning rate to 1.8248003631400751e-06
Epoch: 42 cost time: 3.410140037536621
Epoch: 42, Steps: 62 | Train Loss: 0.2251385 Vali Loss: 0.2527814 Test Loss: 0.1846538
EarlyStopping counter: 9 out of 100
Updating learning rate to 1.6423203268260676e-06
Epoch: 43 cost time: 3.1290481090545654
Epoch: 43, Steps: 62 | Train Loss: 0.2254794 Vali Loss: 0.2523990 Test Loss: 0.1848324
EarlyStopping counter: 10 out of 100
Updating learning rate to 1.4780882941434609e-06
Epoch: 44 cost time: 3.594327926635742
Epoch: 44, Steps: 62 | Train Loss: 0.2250599 Vali Loss: 0.2512690 Test Loss: 0.1845482
Validation loss decreased (0.251320 --> 0.251269).  Saving model ...
Updating learning rate to 1.3302794647291146e-06
Epoch: 45 cost time: 3.243135690689087
Epoch: 45, Steps: 62 | Train Loss: 0.2252297 Vali Loss: 0.2519257 Test Loss: 0.1846806
EarlyStopping counter: 1 out of 100
Updating learning rate to 1.1972515182562034e-06
Epoch: 46 cost time: 3.4026613235473633
Epoch: 46, Steps: 62 | Train Loss: 0.2256819 Vali Loss: 0.2531125 Test Loss: 0.1846439
EarlyStopping counter: 2 out of 100
Updating learning rate to 1.077526366430583e-06
Epoch: 47 cost time: 3.3436834812164307
Epoch: 47, Steps: 62 | Train Loss: 0.2251317 Vali Loss: 0.2517773 Test Loss: 0.1844839
EarlyStopping counter: 3 out of 100
Updating learning rate to 9.697737297875248e-07
Epoch: 48 cost time: 3.2582030296325684
Epoch: 48, Steps: 62 | Train Loss: 0.2254786 Vali Loss: 0.2520120 Test Loss: 0.1845465
EarlyStopping counter: 4 out of 100
Updating learning rate to 8.727963568087723e-07
Epoch: 49 cost time: 3.287993907928467
Epoch: 49, Steps: 62 | Train Loss: 0.2251175 Vali Loss: 0.2515298 Test Loss: 0.1846754
EarlyStopping counter: 5 out of 100
Updating learning rate to 7.855167211278951e-07
Epoch: 50 cost time: 3.359593391418457
Epoch: 50, Steps: 62 | Train Loss: 0.2251796 Vali Loss: 0.2528028 Test Loss: 0.1847981
EarlyStopping counter: 6 out of 100
Updating learning rate to 7.069650490151056e-07
Epoch: 51 cost time: 3.267202615737915
Epoch: 51, Steps: 62 | Train Loss: 0.2253424 Vali Loss: 0.2523090 Test Loss: 0.1845768
EarlyStopping counter: 7 out of 100
Updating learning rate to 6.36268544113595e-07
Epoch: 52 cost time: 3.74137282371521
Epoch: 52, Steps: 62 | Train Loss: 0.2256323 Vali Loss: 0.2524830 Test Loss: 0.1847667
EarlyStopping counter: 8 out of 100
Updating learning rate to 5.726416897022355e-07
Epoch: 53 cost time: 3.2257673740386963
Epoch: 53, Steps: 62 | Train Loss: 0.2251611 Vali Loss: 0.2520053 Test Loss: 0.1845901
EarlyStopping counter: 9 out of 100
Updating learning rate to 5.15377520732012e-07
Epoch: 54 cost time: 3.4984114170074463
Epoch: 54, Steps: 62 | Train Loss: 0.2252097 Vali Loss: 0.2521223 Test Loss: 0.1844537
EarlyStopping counter: 10 out of 100
Updating learning rate to 4.6383976865881085e-07
Epoch: 55 cost time: 3.1330814361572266
Epoch: 55, Steps: 62 | Train Loss: 0.2251732 Vali Loss: 0.2515859 Test Loss: 0.1846958
EarlyStopping counter: 11 out of 100
Updating learning rate to 4.174557917929298e-07
Epoch: 56 cost time: 3.2929327487945557
Epoch: 56, Steps: 62 | Train Loss: 0.2253634 Vali Loss: 0.2517561 Test Loss: 0.1844775
EarlyStopping counter: 12 out of 100
Updating learning rate to 3.7571021261363677e-07
Epoch: 57 cost time: 3.2627177238464355
Epoch: 57, Steps: 62 | Train Loss: 0.2250693 Vali Loss: 0.2522739 Test Loss: 0.1849629
EarlyStopping counter: 13 out of 100
Updating learning rate to 3.381391913522731e-07
Epoch: 58 cost time: 3.417036533355713
Epoch: 58, Steps: 62 | Train Loss: 0.2255408 Vali Loss: 0.2520304 Test Loss: 0.1849085
EarlyStopping counter: 14 out of 100
Updating learning rate to 3.043252722170458e-07
Epoch: 59 cost time: 3.3545005321502686
Epoch: 59, Steps: 62 | Train Loss: 0.2251345 Vali Loss: 0.2521022 Test Loss: 0.1846316
EarlyStopping counter: 15 out of 100
Updating learning rate to 2.7389274499534124e-07
Epoch: 60 cost time: 3.3493077754974365
Epoch: 60, Steps: 62 | Train Loss: 0.2253884 Vali Loss: 0.2530161 Test Loss: 0.1846834
EarlyStopping counter: 16 out of 100
Updating learning rate to 2.465034704958071e-07
Epoch: 61 cost time: 3.3008344173431396
Epoch: 61, Steps: 62 | Train Loss: 0.2253935 Vali Loss: 0.2519834 Test Loss: 0.1845907
EarlyStopping counter: 17 out of 100
Updating learning rate to 2.218531234462264e-07
Epoch: 62 cost time: 3.6479899883270264
Epoch: 62, Steps: 62 | Train Loss: 0.2252043 Vali Loss: 0.2520842 Test Loss: 0.1845687
EarlyStopping counter: 18 out of 100
Updating learning rate to 1.9966781110160376e-07
Epoch: 63 cost time: 3.2506747245788574
Epoch: 63, Steps: 62 | Train Loss: 0.2254005 Vali Loss: 0.2522881 Test Loss: 0.1848051
EarlyStopping counter: 19 out of 100
Updating learning rate to 1.797010299914434e-07
Epoch: 64 cost time: 3.383711338043213
Epoch: 64, Steps: 62 | Train Loss: 0.2252386 Vali Loss: 0.2524386 Test Loss: 0.1846519
EarlyStopping counter: 20 out of 100
Updating learning rate to 1.6173092699229907e-07
Epoch: 65 cost time: 3.335381031036377
Epoch: 65, Steps: 62 | Train Loss: 0.2251190 Vali Loss: 0.2515523 Test Loss: 0.1848061
EarlyStopping counter: 21 out of 100
Updating learning rate to 1.4555783429306916e-07
Epoch: 66 cost time: 3.406564235687256
Epoch: 66, Steps: 62 | Train Loss: 0.2251859 Vali Loss: 0.2523949 Test Loss: 0.1844402
EarlyStopping counter: 22 out of 100
Updating learning rate to 1.3100205086376224e-07
Epoch: 67 cost time: 3.4238152503967285
Epoch: 67, Steps: 62 | Train Loss: 0.2253906 Vali Loss: 0.2523204 Test Loss: 0.1848183
EarlyStopping counter: 23 out of 100
Updating learning rate to 1.1790184577738603e-07
Epoch: 68 cost time: 3.404428005218506
Epoch: 68, Steps: 62 | Train Loss: 0.2254089 Vali Loss: 0.2511729 Test Loss: 0.1846789
Validation loss decreased (0.251269 --> 0.251173).  Saving model ...
Updating learning rate to 1.0611166119964742e-07
Epoch: 69 cost time: 3.243959903717041
Epoch: 69, Steps: 62 | Train Loss: 0.2252963 Vali Loss: 0.2523244 Test Loss: 0.1847354
EarlyStopping counter: 1 out of 100
Updating learning rate to 9.550049507968268e-08
Epoch: 70 cost time: 3.4612464904785156
Epoch: 70, Steps: 62 | Train Loss: 0.2248333 Vali Loss: 0.2525640 Test Loss: 0.1848367
EarlyStopping counter: 2 out of 100
Updating learning rate to 8.595044557171442e-08
Epoch: 71 cost time: 3.311199426651001
Epoch: 71, Steps: 62 | Train Loss: 0.2255043 Vali Loss: 0.2520010 Test Loss: 0.1845209
EarlyStopping counter: 3 out of 100
Updating learning rate to 7.735540101454298e-08
Epoch: 72 cost time: 3.295816659927368
Epoch: 72, Steps: 62 | Train Loss: 0.2252964 Vali Loss: 0.2524764 Test Loss: 0.1844616
EarlyStopping counter: 4 out of 100
Updating learning rate to 6.961986091308869e-08
Epoch: 73 cost time: 3.342593193054199
Epoch: 73, Steps: 62 | Train Loss: 0.2256485 Vali Loss: 0.2522625 Test Loss: 0.1845777
EarlyStopping counter: 5 out of 100
Updating learning rate to 6.265787482177981e-08
Epoch: 74 cost time: 3.6079959869384766
Epoch: 74, Steps: 62 | Train Loss: 0.2255907 Vali Loss: 0.2523498 Test Loss: 0.1847014
EarlyStopping counter: 6 out of 100
Updating learning rate to 5.639208733960184e-08
Epoch: 75 cost time: 3.3721485137939453
Epoch: 75, Steps: 62 | Train Loss: 0.2254626 Vali Loss: 0.2520629 Test Loss: 0.1847734
EarlyStopping counter: 7 out of 100
Updating learning rate to 5.075287860564165e-08
Epoch: 76 cost time: 3.663677215576172
Epoch: 76, Steps: 62 | Train Loss: 0.2252971 Vali Loss: 0.2522492 Test Loss: 0.1844145
EarlyStopping counter: 8 out of 100
Updating learning rate to 4.567759074507749e-08
Epoch: 77 cost time: 3.4244463443756104
Epoch: 77, Steps: 62 | Train Loss: 0.2253914 Vali Loss: 0.2530418 Test Loss: 0.1845521
EarlyStopping counter: 9 out of 100
Updating learning rate to 4.1109831670569744e-08
Epoch: 78 cost time: 3.4051766395568848
Epoch: 78, Steps: 62 | Train Loss: 0.2255287 Vali Loss: 0.2520601 Test Loss: 0.1848847
EarlyStopping counter: 10 out of 100
Updating learning rate to 3.6998848503512764e-08
Epoch: 79 cost time: 3.2869760990142822
Epoch: 79, Steps: 62 | Train Loss: 0.2248000 Vali Loss: 0.2520134 Test Loss: 0.1844311
EarlyStopping counter: 11 out of 100
Updating learning rate to 3.3298963653161496e-08
Epoch: 80 cost time: 3.2691376209259033
Epoch: 80, Steps: 62 | Train Loss: 0.2250577 Vali Loss: 0.2518106 Test Loss: 0.1843288
EarlyStopping counter: 12 out of 100
Updating learning rate to 2.996906728784534e-08
Epoch: 81 cost time: 3.3976752758026123
Epoch: 81, Steps: 62 | Train Loss: 0.2256053 Vali Loss: 0.2531308 Test Loss: 0.1849600
EarlyStopping counter: 13 out of 100
Updating learning rate to 2.697216055906081e-08
Epoch: 82 cost time: 3.619062900543213
Epoch: 82, Steps: 62 | Train Loss: 0.2257841 Vali Loss: 0.2529109 Test Loss: 0.1849149
EarlyStopping counter: 14 out of 100
Updating learning rate to 2.427494450315473e-08
Epoch: 83 cost time: 3.3959624767303467
Epoch: 83, Steps: 62 | Train Loss: 0.2250643 Vali Loss: 0.2515882 Test Loss: 0.1846607
EarlyStopping counter: 15 out of 100
Updating learning rate to 2.1847450052839257e-08
Epoch: 84 cost time: 3.2590408325195312
Epoch: 84, Steps: 62 | Train Loss: 0.2252738 Vali Loss: 0.2520234 Test Loss: 0.1845668
EarlyStopping counter: 16 out of 100
Updating learning rate to 1.9662705047555332e-08
Epoch: 85 cost time: 3.2698965072631836
Epoch: 85, Steps: 62 | Train Loss: 0.2250029 Vali Loss: 0.2525515 Test Loss: 0.1846645
EarlyStopping counter: 17 out of 100
Updating learning rate to 1.7696434542799797e-08
Epoch: 86 cost time: 3.299286365509033
Epoch: 86, Steps: 62 | Train Loss: 0.2255296 Vali Loss: 0.2517952 Test Loss: 0.1845293
EarlyStopping counter: 18 out of 100
Updating learning rate to 1.5926791088519817e-08
Epoch: 87 cost time: 3.2797152996063232
Epoch: 87, Steps: 62 | Train Loss: 0.2252443 Vali Loss: 0.2524390 Test Loss: 0.1847036
EarlyStopping counter: 19 out of 100
Updating learning rate to 1.4334111979667836e-08
Epoch: 88 cost time: 3.664679527282715
Epoch: 88, Steps: 62 | Train Loss: 0.2257398 Vali Loss: 0.2518995 Test Loss: 0.1846888
EarlyStopping counter: 20 out of 100
Updating learning rate to 1.2900700781701054e-08
Epoch: 89 cost time: 3.5872395038604736
Epoch: 89, Steps: 62 | Train Loss: 0.2255605 Vali Loss: 0.2528045 Test Loss: 0.1844379
EarlyStopping counter: 21 out of 100
Updating learning rate to 1.161063070353095e-08
Epoch: 90 cost time: 3.439955472946167
Epoch: 90, Steps: 62 | Train Loss: 0.2252307 Vali Loss: 0.2517243 Test Loss: 0.1845175
EarlyStopping counter: 22 out of 100
Updating learning rate to 1.0449567633177854e-08
Epoch: 91 cost time: 3.4112629890441895
Epoch: 91, Steps: 62 | Train Loss: 0.2255004 Vali Loss: 0.2512386 Test Loss: 0.1846225
EarlyStopping counter: 23 out of 100
Updating learning rate to 9.404610869860069e-09
Epoch: 92 cost time: 3.3329386711120605
Epoch: 92, Steps: 62 | Train Loss: 0.2257282 Vali Loss: 0.2524720 Test Loss: 0.1843302
EarlyStopping counter: 24 out of 100
Updating learning rate to 8.464149782874063e-09
Epoch: 93 cost time: 3.2316274642944336
Epoch: 93, Steps: 62 | Train Loss: 0.2250511 Vali Loss: 0.2522318 Test Loss: 0.1846707
EarlyStopping counter: 25 out of 100
Updating learning rate to 7.617734804586658e-09
Epoch: 94 cost time: 3.290476083755493
Epoch: 94, Steps: 62 | Train Loss: 0.2250842 Vali Loss: 0.2515519 Test Loss: 0.1846327
EarlyStopping counter: 26 out of 100
Updating learning rate to 6.855961324127991e-09
Epoch: 95 cost time: 3.188101291656494
Epoch: 95, Steps: 62 | Train Loss: 0.2249535 Vali Loss: 0.2522831 Test Loss: 0.1846294
EarlyStopping counter: 27 out of 100
Updating learning rate to 6.170365191715193e-09
Epoch: 96 cost time: 3.291595935821533
Epoch: 96, Steps: 62 | Train Loss: 0.2250144 Vali Loss: 0.2521344 Test Loss: 0.1848257
EarlyStopping counter: 28 out of 100
Updating learning rate to 5.5533286725436726e-09
Epoch: 97 cost time: 3.3359897136688232
Epoch: 97, Steps: 62 | Train Loss: 0.2253007 Vali Loss: 0.2515585 Test Loss: 0.1846478
EarlyStopping counter: 29 out of 100
Updating learning rate to 4.997995805289306e-09
Epoch: 98 cost time: 3.34266996383667
Epoch: 98, Steps: 62 | Train Loss: 0.2254913 Vali Loss: 0.2518307 Test Loss: 0.1845439
EarlyStopping counter: 30 out of 100
Updating learning rate to 4.498196224760375e-09
Epoch: 99 cost time: 3.2929561138153076
Epoch: 99, Steps: 62 | Train Loss: 0.2251118 Vali Loss: 0.2516402 Test Loss: 0.1845560
EarlyStopping counter: 31 out of 100
Updating learning rate to 4.048376602284338e-09
Epoch: 100 cost time: 3.392225503921509
Epoch: 100, Steps: 62 | Train Loss: 0.2252276 Vali Loss: 0.2525632 Test Loss: 0.1845547
EarlyStopping counter: 32 out of 100
Updating learning rate to 3.643538942055904e-09
>>>>>>>testing : ETTh2_336_336_PatchTST_ETTh2_ftS_sl336_ll48_pl336_dm16_nh4_el3_dl1_df128_fc1_ebtimeF_dtTrue_Exp_0<<<<<<<<<<<<<<<<<<<<<<<<<<<<<<<<<
test 2545
mse:0.1846788376569748, mae:0.3506026864051819, rse:0.7130626440048218
