Args in experiment:
Namespace(activation='gelu', affine=0, batch_size=128, c_out=7, checkpoints='./checkpoints/', d_ff=128, d_layers=1, d_model=16, data='ETTh1', data_path='ETTh1.csv', dec_in=7, decomposition=0, des='Exp', devices='0,1,2,3', distil=True, do_predict=False, dropout=0.3, e_layers=3, embed='timeF', embed_type=0, enc_in=1, factor=1, fc_dropout=0.3, features='S', freq='h', gpu=0, head_dropout=0.0, individual=0, is_training=1, itr=1, kernel_size=25, label_len=48, learning_rate=0.0001, loss='mse', lradj='type3', model='PatchTST', model_id='ETTh1_336_720', moving_avg=25, n_heads=4, num_workers=10, output_attention=False, padding_patch='end', patch_len=16, patience=100, pct_start=0.3, pred_len=720, random_seed=2021, revin=1, root_path='./dataset/', seq_len=336, stride=8, subtract_last=0, target='OT', test_flop=False, train_epochs=100, use_amp=False, use_gpu=True, use_multi_gpu=False)
Use GPU: cuda:0
>>>>>>>start training : ETTh1_336_720_PatchTST_ETTh1_ftS_sl336_ll48_pl720_dm16_nh4_el3_dl1_df128_fc1_ebtimeF_dtTrue_Exp_0>>>>>>>>>>>>>>>>>>>>>>>>>>
train 7585
val 2161
test 2161
Epoch: 1 cost time: 3.324974536895752
Epoch: 1, Steps: 59 | Train Loss: 0.3610966 Vali Loss: 0.2264009 Test Loss: 0.1187132
Validation loss decreased (inf --> 0.226401).  Saving model ...
Updating learning rate to 0.0001
Epoch: 2 cost time: 3.475717306137085
Epoch: 2, Steps: 59 | Train Loss: 0.3300667 Vali Loss: 0.2053684 Test Loss: 0.1078480
Validation loss decreased (0.226401 --> 0.205368).  Saving model ...
Updating learning rate to 0.0001
Epoch: 3 cost time: 3.459627151489258
Epoch: 3, Steps: 59 | Train Loss: 0.2964723 Vali Loss: 0.1965176 Test Loss: 0.1042999
Validation loss decreased (0.205368 --> 0.196518).  Saving model ...
Updating learning rate to 0.0001
Epoch: 4 cost time: 3.484717607498169
Epoch: 4, Steps: 59 | Train Loss: 0.2835835 Vali Loss: 0.1912320 Test Loss: 0.1014340
Validation loss decreased (0.196518 --> 0.191232).  Saving model ...
Updating learning rate to 9e-05
Epoch: 5 cost time: 3.460949659347534
Epoch: 5, Steps: 59 | Train Loss: 0.2767050 Vali Loss: 0.1875976 Test Loss: 0.0992562
Validation loss decreased (0.191232 --> 0.187598).  Saving model ...
Updating learning rate to 8.1e-05
Epoch: 6 cost time: 3.4205636978149414
Epoch: 6, Steps: 59 | Train Loss: 0.2723615 Vali Loss: 0.1836082 Test Loss: 0.0971572
Validation loss decreased (0.187598 --> 0.183608).  Saving model ...
Updating learning rate to 7.290000000000001e-05
Epoch: 7 cost time: 3.29152250289917
Epoch: 7, Steps: 59 | Train Loss: 0.2684474 Vali Loss: 0.1801752 Test Loss: 0.0951271
Validation loss decreased (0.183608 --> 0.180175).  Saving model ...
Updating learning rate to 6.561e-05
Epoch: 8 cost time: 3.3614091873168945
Epoch: 8, Steps: 59 | Train Loss: 0.2655765 Vali Loss: 0.1770496 Test Loss: 0.0933787
Validation loss decreased (0.180175 --> 0.177050).  Saving model ...
Updating learning rate to 5.904900000000001e-05
Epoch: 9 cost time: 3.2440528869628906
Epoch: 9, Steps: 59 | Train Loss: 0.2627414 Vali Loss: 0.1737059 Test Loss: 0.0918792
Validation loss decreased (0.177050 --> 0.173706).  Saving model ...
Updating learning rate to 5.3144100000000005e-05
Epoch: 10 cost time: 3.5342581272125244
Epoch: 10, Steps: 59 | Train Loss: 0.2614566 Vali Loss: 0.1715108 Test Loss: 0.0906216
Validation loss decreased (0.173706 --> 0.171511).  Saving model ...
Updating learning rate to 4.782969000000001e-05
Epoch: 11 cost time: 3.486442804336548
Epoch: 11, Steps: 59 | Train Loss: 0.2601405 Vali Loss: 0.1702425 Test Loss: 0.0897550
Validation loss decreased (0.171511 --> 0.170243).  Saving model ...
Updating learning rate to 4.304672100000001e-05
Epoch: 12 cost time: 3.4541454315185547
Epoch: 12, Steps: 59 | Train Loss: 0.2584239 Vali Loss: 0.1687480 Test Loss: 0.0891192
Validation loss decreased (0.170243 --> 0.168748).  Saving model ...
Updating learning rate to 3.874204890000001e-05
Epoch: 13 cost time: 3.3460288047790527
Epoch: 13, Steps: 59 | Train Loss: 0.2578973 Vali Loss: 0.1677394 Test Loss: 0.0887645
Validation loss decreased (0.168748 --> 0.167739).  Saving model ...
Updating learning rate to 3.486784401000001e-05
Epoch: 14 cost time: 3.46376371383667
Epoch: 14, Steps: 59 | Train Loss: 0.2573648 Vali Loss: 0.1668173 Test Loss: 0.0883626
Validation loss decreased (0.167739 --> 0.166817).  Saving model ...
Updating learning rate to 3.138105960900001e-05
Epoch: 15 cost time: 3.388888120651245
Epoch: 15, Steps: 59 | Train Loss: 0.2568663 Vali Loss: 0.1651025 Test Loss: 0.0880612
Validation loss decreased (0.166817 --> 0.165103).  Saving model ...
Updating learning rate to 2.824295364810001e-05
Epoch: 16 cost time: 3.3655781745910645
Epoch: 16, Steps: 59 | Train Loss: 0.2556737 Vali Loss: 0.1655027 Test Loss: 0.0878596
EarlyStopping counter: 1 out of 100
Updating learning rate to 2.541865828329001e-05
Epoch: 17 cost time: 3.4743006229400635
Epoch: 17, Steps: 59 | Train Loss: 0.2549135 Vali Loss: 0.1646297 Test Loss: 0.0877347
Validation loss decreased (0.165103 --> 0.164630).  Saving model ...
Updating learning rate to 2.287679245496101e-05
Epoch: 18 cost time: 3.3680715560913086
Epoch: 18, Steps: 59 | Train Loss: 0.2544053 Vali Loss: 0.1634998 Test Loss: 0.0875671
Validation loss decreased (0.164630 --> 0.163500).  Saving model ...
Updating learning rate to 2.0589113209464907e-05
Epoch: 19 cost time: 3.517220973968506
Epoch: 19, Steps: 59 | Train Loss: 0.2538677 Vali Loss: 0.1639372 Test Loss: 0.0874841
EarlyStopping counter: 1 out of 100
Updating learning rate to 1.8530201888518416e-05
Epoch: 20 cost time: 3.308276414871216
Epoch: 20, Steps: 59 | Train Loss: 0.2533013 Vali Loss: 0.1639252 Test Loss: 0.0872622
EarlyStopping counter: 2 out of 100
Updating learning rate to 1.6677181699666577e-05
Epoch: 21 cost time: 3.3374931812286377
Epoch: 21, Steps: 59 | Train Loss: 0.2532659 Vali Loss: 0.1632786 Test Loss: 0.0871967
Validation loss decreased (0.163500 --> 0.163279).  Saving model ...
Updating learning rate to 1.5009463529699919e-05
Epoch: 22 cost time: 3.261765956878662
Epoch: 22, Steps: 59 | Train Loss: 0.2523435 Vali Loss: 0.1637146 Test Loss: 0.0871273
EarlyStopping counter: 1 out of 100
Updating learning rate to 1.3508517176729929e-05
Epoch: 23 cost time: 3.2106380462646484
Epoch: 23, Steps: 59 | Train Loss: 0.2529934 Vali Loss: 0.1620972 Test Loss: 0.0868804
Validation loss decreased (0.163279 --> 0.162097).  Saving model ...
Updating learning rate to 1.2157665459056936e-05
Epoch: 24 cost time: 3.263092041015625
Epoch: 24, Steps: 59 | Train Loss: 0.2518543 Vali Loss: 0.1629520 Test Loss: 0.0869852
EarlyStopping counter: 1 out of 100
Updating learning rate to 1.0941898913151242e-05
Epoch: 25 cost time: 3.4678702354431152
Epoch: 25, Steps: 59 | Train Loss: 0.2522632 Vali Loss: 0.1622621 Test Loss: 0.0868441
EarlyStopping counter: 2 out of 100
Updating learning rate to 9.847709021836118e-06
Epoch: 26 cost time: 3.252864122390747
Epoch: 26, Steps: 59 | Train Loss: 0.2522568 Vali Loss: 0.1624343 Test Loss: 0.0870345
EarlyStopping counter: 3 out of 100
Updating learning rate to 8.862938119652508e-06
Epoch: 27 cost time: 3.495508909225464
Epoch: 27, Steps: 59 | Train Loss: 0.2515559 Vali Loss: 0.1615095 Test Loss: 0.0866507
Validation loss decreased (0.162097 --> 0.161509).  Saving model ...
Updating learning rate to 7.976644307687255e-06
Epoch: 28 cost time: 3.2077393531799316
Epoch: 28, Steps: 59 | Train Loss: 0.2514688 Vali Loss: 0.1617460 Test Loss: 0.0868034
EarlyStopping counter: 1 out of 100
Updating learning rate to 7.178979876918531e-06
Epoch: 29 cost time: 3.285153388977051
Epoch: 29, Steps: 59 | Train Loss: 0.2509813 Vali Loss: 0.1618359 Test Loss: 0.0869111
EarlyStopping counter: 2 out of 100
Updating learning rate to 6.4610818892266776e-06
Epoch: 30 cost time: 3.5992536544799805
Epoch: 30, Steps: 59 | Train Loss: 0.2514170 Vali Loss: 0.1623095 Test Loss: 0.0869445
EarlyStopping counter: 3 out of 100
Updating learning rate to 5.8149737003040096e-06
Epoch: 31 cost time: 3.341109037399292
Epoch: 31, Steps: 59 | Train Loss: 0.2511171 Vali Loss: 0.1616680 Test Loss: 0.0866776
EarlyStopping counter: 4 out of 100
Updating learning rate to 5.23347633027361e-06
Epoch: 32 cost time: 3.5504608154296875
Epoch: 32, Steps: 59 | Train Loss: 0.2510382 Vali Loss: 0.1613752 Test Loss: 0.0867626
Validation loss decreased (0.161509 --> 0.161375).  Saving model ...
Updating learning rate to 4.710128697246249e-06
Epoch: 33 cost time: 3.2206950187683105
Epoch: 33, Steps: 59 | Train Loss: 0.2516249 Vali Loss: 0.1616651 Test Loss: 0.0866605
EarlyStopping counter: 1 out of 100
Updating learning rate to 4.239115827521624e-06
Epoch: 34 cost time: 3.4899213314056396
Epoch: 34, Steps: 59 | Train Loss: 0.2511668 Vali Loss: 0.1613630 Test Loss: 0.0866320
Validation loss decreased (0.161375 --> 0.161363).  Saving model ...
Updating learning rate to 3.815204244769462e-06
Epoch: 35 cost time: 3.4838929176330566
Epoch: 35, Steps: 59 | Train Loss: 0.2512104 Vali Loss: 0.1611273 Test Loss: 0.0867417
Validation loss decreased (0.161363 --> 0.161127).  Saving model ...
Updating learning rate to 3.4336838202925152e-06
Epoch: 36 cost time: 3.511632204055786
Epoch: 36, Steps: 59 | Train Loss: 0.2502703 Vali Loss: 0.1611667 Test Loss: 0.0866488
EarlyStopping counter: 1 out of 100
Updating learning rate to 3.090315438263264e-06
Epoch: 37 cost time: 3.2624800205230713
Epoch: 37, Steps: 59 | Train Loss: 0.2499945 Vali Loss: 0.1611053 Test Loss: 0.0865205
Validation loss decreased (0.161127 --> 0.161105).  Saving model ...
Updating learning rate to 2.7812838944369375e-06
Epoch: 38 cost time: 3.35383677482605
Epoch: 38, Steps: 59 | Train Loss: 0.2506414 Vali Loss: 0.1606980 Test Loss: 0.0866592
Validation loss decreased (0.161105 --> 0.160698).  Saving model ...
Updating learning rate to 2.503155504993244e-06
Epoch: 39 cost time: 3.528129816055298
Epoch: 39, Steps: 59 | Train Loss: 0.2504143 Vali Loss: 0.1615027 Test Loss: 0.0865975
EarlyStopping counter: 1 out of 100
Updating learning rate to 2.2528399544939195e-06
Epoch: 40 cost time: 3.4250404834747314
Epoch: 40, Steps: 59 | Train Loss: 0.2503195 Vali Loss: 0.1612292 Test Loss: 0.0865806
EarlyStopping counter: 2 out of 100
Updating learning rate to 2.0275559590445276e-06
Epoch: 41 cost time: 3.351698398590088
Epoch: 41, Steps: 59 | Train Loss: 0.2501396 Vali Loss: 0.1612128 Test Loss: 0.0867471
EarlyStopping counter: 3 out of 100
Updating learning rate to 1.8248003631400751e-06
Epoch: 42 cost time: 3.25422739982605
Epoch: 42, Steps: 59 | Train Loss: 0.2501082 Vali Loss: 0.1611727 Test Loss: 0.0867199
EarlyStopping counter: 4 out of 100
Updating learning rate to 1.6423203268260676e-06
Epoch: 43 cost time: 3.3570737838745117
Epoch: 43, Steps: 59 | Train Loss: 0.2505158 Vali Loss: 0.1607328 Test Loss: 0.0866463
EarlyStopping counter: 5 out of 100
Updating learning rate to 1.4780882941434609e-06
Epoch: 44 cost time: 3.436305284500122
Epoch: 44, Steps: 59 | Train Loss: 0.2504213 Vali Loss: 0.1606575 Test Loss: 0.0865598
Validation loss decreased (0.160698 --> 0.160658).  Saving model ...
Updating learning rate to 1.3302794647291146e-06
Epoch: 45 cost time: 3.479779005050659
Epoch: 45, Steps: 59 | Train Loss: 0.2511173 Vali Loss: 0.1606460 Test Loss: 0.0865700
Validation loss decreased (0.160658 --> 0.160646).  Saving model ...
Updating learning rate to 1.1972515182562034e-06
Epoch: 46 cost time: 3.538302421569824
Epoch: 46, Steps: 59 | Train Loss: 0.2497268 Vali Loss: 0.1614314 Test Loss: 0.0866257
EarlyStopping counter: 1 out of 100
Updating learning rate to 1.077526366430583e-06
Epoch: 47 cost time: 3.500887393951416
Epoch: 47, Steps: 59 | Train Loss: 0.2502809 Vali Loss: 0.1607165 Test Loss: 0.0866775
EarlyStopping counter: 2 out of 100
Updating learning rate to 9.697737297875248e-07
Epoch: 48 cost time: 3.4798097610473633
Epoch: 48, Steps: 59 | Train Loss: 0.2505534 Vali Loss: 0.1608131 Test Loss: 0.0865188
EarlyStopping counter: 3 out of 100
Updating learning rate to 8.727963568087723e-07
Epoch: 49 cost time: 3.2295336723327637
Epoch: 49, Steps: 59 | Train Loss: 0.2505015 Vali Loss: 0.1611843 Test Loss: 0.0866790
EarlyStopping counter: 4 out of 100
Updating learning rate to 7.855167211278951e-07
Epoch: 50 cost time: 3.5610175132751465
Epoch: 50, Steps: 59 | Train Loss: 0.2502071 Vali Loss: 0.1606517 Test Loss: 0.0866026
EarlyStopping counter: 5 out of 100
Updating learning rate to 7.069650490151056e-07
Epoch: 51 cost time: 3.363089084625244
Epoch: 51, Steps: 59 | Train Loss: 0.2504648 Vali Loss: 0.1612126 Test Loss: 0.0868113
EarlyStopping counter: 6 out of 100
Updating learning rate to 6.36268544113595e-07
Epoch: 52 cost time: 3.3047595024108887
Epoch: 52, Steps: 59 | Train Loss: 0.2501188 Vali Loss: 0.1607267 Test Loss: 0.0866418
EarlyStopping counter: 7 out of 100
Updating learning rate to 5.726416897022355e-07
Epoch: 53 cost time: 3.3205738067626953
Epoch: 53, Steps: 59 | Train Loss: 0.2507790 Vali Loss: 0.1606181 Test Loss: 0.0864384
Validation loss decreased (0.160646 --> 0.160618).  Saving model ...
Updating learning rate to 5.15377520732012e-07
Epoch: 54 cost time: 3.4118871688842773
Epoch: 54, Steps: 59 | Train Loss: 0.2506156 Vali Loss: 0.1608368 Test Loss: 0.0865797
EarlyStopping counter: 1 out of 100
Updating learning rate to 4.6383976865881085e-07
Epoch: 55 cost time: 3.3726797103881836
Epoch: 55, Steps: 59 | Train Loss: 0.2506449 Vali Loss: 0.1604661 Test Loss: 0.0865955
Validation loss decreased (0.160618 --> 0.160466).  Saving model ...
Updating learning rate to 4.174557917929298e-07
Epoch: 56 cost time: 3.395998954772949
Epoch: 56, Steps: 59 | Train Loss: 0.2502257 Vali Loss: 0.1604667 Test Loss: 0.0865095
EarlyStopping counter: 1 out of 100
Updating learning rate to 3.7571021261363677e-07
Epoch: 57 cost time: 3.37911319732666
Epoch: 57, Steps: 59 | Train Loss: 0.2504714 Vali Loss: 0.1610569 Test Loss: 0.0865870
EarlyStopping counter: 2 out of 100
Updating learning rate to 3.381391913522731e-07
Epoch: 58 cost time: 3.321749448776245
Epoch: 58, Steps: 59 | Train Loss: 0.2505906 Vali Loss: 0.1604139 Test Loss: 0.0864999
Validation loss decreased (0.160466 --> 0.160414).  Saving model ...
Updating learning rate to 3.043252722170458e-07
Epoch: 59 cost time: 3.5292673110961914
Epoch: 59, Steps: 59 | Train Loss: 0.2498523 Vali Loss: 0.1607563 Test Loss: 0.0866005
EarlyStopping counter: 1 out of 100
Updating learning rate to 2.7389274499534124e-07
Epoch: 60 cost time: 3.3181583881378174
Epoch: 60, Steps: 59 | Train Loss: 0.2505431 Vali Loss: 0.1611750 Test Loss: 0.0866528
EarlyStopping counter: 2 out of 100
Updating learning rate to 2.465034704958071e-07
Epoch: 61 cost time: 3.498673677444458
Epoch: 61, Steps: 59 | Train Loss: 0.2500411 Vali Loss: 0.1604559 Test Loss: 0.0865220
EarlyStopping counter: 3 out of 100
Updating learning rate to 2.218531234462264e-07
Epoch: 62 cost time: 3.4653472900390625
Epoch: 62, Steps: 59 | Train Loss: 0.2508739 Vali Loss: 0.1609109 Test Loss: 0.0865837
EarlyStopping counter: 4 out of 100
Updating learning rate to 1.9966781110160376e-07
Epoch: 63 cost time: 3.2454886436462402
Epoch: 63, Steps: 59 | Train Loss: 0.2500500 Vali Loss: 0.1612680 Test Loss: 0.0866540
EarlyStopping counter: 5 out of 100
Updating learning rate to 1.797010299914434e-07
Epoch: 64 cost time: 3.554313898086548
Epoch: 64, Steps: 59 | Train Loss: 0.2498389 Vali Loss: 0.1611449 Test Loss: 0.0865884
EarlyStopping counter: 6 out of 100
Updating learning rate to 1.6173092699229907e-07
Epoch: 65 cost time: 3.4630231857299805
Epoch: 65, Steps: 59 | Train Loss: 0.2501635 Vali Loss: 0.1609897 Test Loss: 0.0866008
EarlyStopping counter: 7 out of 100
Updating learning rate to 1.4555783429306916e-07
Epoch: 66 cost time: 3.349292278289795
Epoch: 66, Steps: 59 | Train Loss: 0.2502471 Vali Loss: 0.1600501 Test Loss: 0.0865176
Validation loss decreased (0.160414 --> 0.160050).  Saving model ...
Updating learning rate to 1.3100205086376224e-07
Epoch: 67 cost time: 3.2446911334991455
Epoch: 67, Steps: 59 | Train Loss: 0.2502159 Vali Loss: 0.1601913 Test Loss: 0.0865634
EarlyStopping counter: 1 out of 100
Updating learning rate to 1.1790184577738603e-07
Epoch: 68 cost time: 3.318129777908325
Epoch: 68, Steps: 59 | Train Loss: 0.2500681 Vali Loss: 0.1609801 Test Loss: 0.0866076
EarlyStopping counter: 2 out of 100
Updating learning rate to 1.0611166119964742e-07
Epoch: 69 cost time: 3.4256632328033447
Epoch: 69, Steps: 59 | Train Loss: 0.2494402 Vali Loss: 0.1609769 Test Loss: 0.0865014
EarlyStopping counter: 3 out of 100
Updating learning rate to 9.550049507968268e-08
Epoch: 70 cost time: 3.48085355758667
Epoch: 70, Steps: 59 | Train Loss: 0.2501928 Vali Loss: 0.1601754 Test Loss: 0.0864726
EarlyStopping counter: 4 out of 100
Updating learning rate to 8.595044557171442e-08
Epoch: 71 cost time: 3.412492275238037
Epoch: 71, Steps: 59 | Train Loss: 0.2509097 Vali Loss: 0.1609379 Test Loss: 0.0866283
EarlyStopping counter: 5 out of 100
Updating learning rate to 7.735540101454298e-08
Epoch: 72 cost time: 3.4038190841674805
Epoch: 72, Steps: 59 | Train Loss: 0.2502450 Vali Loss: 0.1605929 Test Loss: 0.0865630
EarlyStopping counter: 6 out of 100
Updating learning rate to 6.961986091308869e-08
Epoch: 73 cost time: 3.4430902004241943
Epoch: 73, Steps: 59 | Train Loss: 0.2497698 Vali Loss: 0.1607693 Test Loss: 0.0866707
EarlyStopping counter: 7 out of 100
Updating learning rate to 6.265787482177981e-08
Epoch: 74 cost time: 3.362574577331543
Epoch: 74, Steps: 59 | Train Loss: 0.2491521 Vali Loss: 0.1602654 Test Loss: 0.0866453
EarlyStopping counter: 8 out of 100
Updating learning rate to 5.639208733960184e-08
Epoch: 75 cost time: 3.5955936908721924
Epoch: 75, Steps: 59 | Train Loss: 0.2500890 Vali Loss: 0.1602902 Test Loss: 0.0866065
EarlyStopping counter: 9 out of 100
Updating learning rate to 5.075287860564165e-08
Epoch: 76 cost time: 3.3936691284179688
Epoch: 76, Steps: 59 | Train Loss: 0.2496881 Vali Loss: 0.1613230 Test Loss: 0.0866438
EarlyStopping counter: 10 out of 100
Updating learning rate to 4.567759074507749e-08
Epoch: 77 cost time: 3.23759388923645
Epoch: 77, Steps: 59 | Train Loss: 0.2500358 Vali Loss: 0.1605873 Test Loss: 0.0865378
EarlyStopping counter: 11 out of 100
Updating learning rate to 4.1109831670569744e-08
Epoch: 78 cost time: 3.7008771896362305
Epoch: 78, Steps: 59 | Train Loss: 0.2503966 Vali Loss: 0.1601527 Test Loss: 0.0865662
EarlyStopping counter: 12 out of 100
Updating learning rate to 3.6998848503512764e-08
Epoch: 79 cost time: 3.701481819152832
Epoch: 79, Steps: 59 | Train Loss: 0.2503411 Vali Loss: 0.1608872 Test Loss: 0.0865662
EarlyStopping counter: 13 out of 100
Updating learning rate to 3.3298963653161496e-08
Epoch: 80 cost time: 3.331094980239868
Epoch: 80, Steps: 59 | Train Loss: 0.2500349 Vali Loss: 0.1610570 Test Loss: 0.0866237
EarlyStopping counter: 14 out of 100
Updating learning rate to 2.996906728784534e-08
Epoch: 81 cost time: 3.5010318756103516
Epoch: 81, Steps: 59 | Train Loss: 0.2502256 Vali Loss: 0.1609724 Test Loss: 0.0864817
EarlyStopping counter: 15 out of 100
Updating learning rate to 2.697216055906081e-08
Epoch: 82 cost time: 3.4014248847961426
Epoch: 82, Steps: 59 | Train Loss: 0.2503605 Vali Loss: 0.1611431 Test Loss: 0.0864505
EarlyStopping counter: 16 out of 100
Updating learning rate to 2.427494450315473e-08
Epoch: 83 cost time: 3.3323094844818115
Epoch: 83, Steps: 59 | Train Loss: 0.2506041 Vali Loss: 0.1604807 Test Loss: 0.0865027
EarlyStopping counter: 17 out of 100
Updating learning rate to 2.1847450052839257e-08
Epoch: 84 cost time: 3.616659641265869
Epoch: 84, Steps: 59 | Train Loss: 0.2503370 Vali Loss: 0.1605708 Test Loss: 0.0865616
EarlyStopping counter: 18 out of 100
Updating learning rate to 1.9662705047555332e-08
Epoch: 85 cost time: 3.3640143871307373
Epoch: 85, Steps: 59 | Train Loss: 0.2500485 Vali Loss: 0.1602841 Test Loss: 0.0865122
EarlyStopping counter: 19 out of 100
Updating learning rate to 1.7696434542799797e-08
Epoch: 86 cost time: 3.615413188934326
Epoch: 86, Steps: 59 | Train Loss: 0.2501746 Vali Loss: 0.1604174 Test Loss: 0.0866049
EarlyStopping counter: 20 out of 100
Updating learning rate to 1.5926791088519817e-08
Epoch: 87 cost time: 3.3100059032440186
Epoch: 87, Steps: 59 | Train Loss: 0.2496444 Vali Loss: 0.1613977 Test Loss: 0.0866200
EarlyStopping counter: 21 out of 100
Updating learning rate to 1.4334111979667836e-08
Epoch: 88 cost time: 3.73978590965271
Epoch: 88, Steps: 59 | Train Loss: 0.2501460 Vali Loss: 0.1610544 Test Loss: 0.0866051
EarlyStopping counter: 22 out of 100
Updating learning rate to 1.2900700781701054e-08
Epoch: 89 cost time: 3.803656578063965
Epoch: 89, Steps: 59 | Train Loss: 0.2503983 Vali Loss: 0.1607338 Test Loss: 0.0866488
EarlyStopping counter: 23 out of 100
Updating learning rate to 1.161063070353095e-08
Epoch: 90 cost time: 3.5017800331115723
Epoch: 90, Steps: 59 | Train Loss: 0.2504497 Vali Loss: 0.1608027 Test Loss: 0.0865077
EarlyStopping counter: 24 out of 100
Updating learning rate to 1.0449567633177854e-08
Epoch: 91 cost time: 3.3226029872894287
Epoch: 91, Steps: 59 | Train Loss: 0.2507449 Vali Loss: 0.1615799 Test Loss: 0.0865596
EarlyStopping counter: 25 out of 100
Updating learning rate to 9.404610869860069e-09
Epoch: 92 cost time: 3.355095863342285
Epoch: 92, Steps: 59 | Train Loss: 0.2498563 Vali Loss: 0.1616352 Test Loss: 0.0865438
EarlyStopping counter: 26 out of 100
Updating learning rate to 8.464149782874063e-09
Epoch: 93 cost time: 3.256214141845703
Epoch: 93, Steps: 59 | Train Loss: 0.2501926 Vali Loss: 0.1601459 Test Loss: 0.0865248
EarlyStopping counter: 27 out of 100
Updating learning rate to 7.617734804586658e-09
Epoch: 94 cost time: 3.5094847679138184
Epoch: 94, Steps: 59 | Train Loss: 0.2495503 Vali Loss: 0.1614188 Test Loss: 0.0865076
EarlyStopping counter: 28 out of 100
Updating learning rate to 6.855961324127991e-09
Epoch: 95 cost time: 3.2477447986602783
Epoch: 95, Steps: 59 | Train Loss: 0.2495128 Vali Loss: 0.1603979 Test Loss: 0.0864943
EarlyStopping counter: 29 out of 100
Updating learning rate to 6.170365191715193e-09
Epoch: 96 cost time: 3.2683680057525635
Epoch: 96, Steps: 59 | Train Loss: 0.2501412 Vali Loss: 0.1612944 Test Loss: 0.0865964
EarlyStopping counter: 30 out of 100
Updating learning rate to 5.5533286725436726e-09
Epoch: 97 cost time: 3.334855556488037
Epoch: 97, Steps: 59 | Train Loss: 0.2504253 Vali Loss: 0.1605067 Test Loss: 0.0866261
EarlyStopping counter: 31 out of 100
Updating learning rate to 4.997995805289306e-09
Epoch: 98 cost time: 3.430337429046631
Epoch: 98, Steps: 59 | Train Loss: 0.2495439 Vali Loss: 0.1610086 Test Loss: 0.0866631
EarlyStopping counter: 32 out of 100
Updating learning rate to 4.498196224760375e-09
Epoch: 99 cost time: 3.607999086380005
Epoch: 99, Steps: 59 | Train Loss: 0.2500395 Vali Loss: 0.1609657 Test Loss: 0.0865007
EarlyStopping counter: 33 out of 100
Updating learning rate to 4.048376602284338e-09
Epoch: 100 cost time: 3.4404637813568115
Epoch: 100, Steps: 59 | Train Loss: 0.2504596 Vali Loss: 0.1604865 Test Loss: 0.0865073
EarlyStopping counter: 34 out of 100
Updating learning rate to 3.643538942055904e-09
>>>>>>>testing : ETTh1_336_720_PatchTST_ETTh1_ftS_sl336_ll48_pl720_dm16_nh4_el3_dl1_df128_fc1_ebtimeF_dtTrue_Exp_0<<<<<<<<<<<<<<<<<<<<<<<<<<<<<<<<<
test 2161
mse:0.08651761710643768, mae:0.23199617862701416, rse:0.9706152677536011
