Args in experiment:
Namespace(activation='gelu', affine=0, batch_size=128, c_out=7, checkpoints='./checkpoints/', d_ff=128, d_layers=1, d_model=16, data='ETTh2', data_path='ETTh2.csv', dec_in=7, decomposition=0, des='Exp', devices='0,1,2,3', distil=True, do_predict=False, dropout=0.3, e_layers=3, embed='timeF', embed_type=0, enc_in=1, factor=1, fc_dropout=0.3, features='S', freq='h', gpu=0, head_dropout=0.0, individual=0, is_training=1, itr=1, kernel_size=25, label_len=48, learning_rate=0.0001, loss='mse', lradj='type3', model='PatchTST', model_id='ETTh2_336_192', moving_avg=25, n_heads=4, num_workers=10, output_attention=False, padding_patch='end', patch_len=16, patience=100, pct_start=0.3, pred_len=192, random_seed=2021, revin=1, root_path='./dataset/', seq_len=336, stride=8, subtract_last=0, target='OT', test_flop=False, train_epochs=100, use_amp=False, use_gpu=True, use_multi_gpu=False)
Use GPU: cuda:0
>>>>>>>start training : ETTh2_336_192_PatchTST_ETTh2_ftS_sl336_ll48_pl192_dm16_nh4_el3_dl1_df128_fc1_ebtimeF_dtTrue_Exp_0>>>>>>>>>>>>>>>>>>>>>>>>>>
train 8113
val 2689
test 2689
Epoch: 1 cost time: 3.145810842514038
Epoch: 1, Steps: 63 | Train Loss: 0.3618536 Vali Loss: 0.3147441 Test Loss: 0.2824537
Validation loss decreased (inf --> 0.314744).  Saving model ...
Updating learning rate to 0.0001
Epoch: 2 cost time: 3.374220848083496
Epoch: 2, Steps: 63 | Train Loss: 0.2926785 Vali Loss: 0.2452290 Test Loss: 0.2044097
Validation loss decreased (0.314744 --> 0.245229).  Saving model ...
Updating learning rate to 0.0001
Epoch: 3 cost time: 3.313508987426758
Epoch: 3, Steps: 63 | Train Loss: 0.2507046 Vali Loss: 0.2299920 Test Loss: 0.1878894
Validation loss decreased (0.245229 --> 0.229992).  Saving model ...
Updating learning rate to 0.0001
Epoch: 4 cost time: 3.407287120819092
Epoch: 4, Steps: 63 | Train Loss: 0.2346887 Vali Loss: 0.2248970 Test Loss: 0.1803659
Validation loss decreased (0.229992 --> 0.224897).  Saving model ...
Updating learning rate to 9e-05
Epoch: 5 cost time: 3.268432855606079
Epoch: 5, Steps: 63 | Train Loss: 0.2258337 Vali Loss: 0.2214632 Test Loss: 0.1767611
Validation loss decreased (0.224897 --> 0.221463).  Saving model ...
Updating learning rate to 8.1e-05
Epoch: 6 cost time: 3.4599573612213135
Epoch: 6, Steps: 63 | Train Loss: 0.2209643 Vali Loss: 0.2203692 Test Loss: 0.1741241
Validation loss decreased (0.221463 --> 0.220369).  Saving model ...
Updating learning rate to 7.290000000000001e-05
Epoch: 7 cost time: 3.513204574584961
Epoch: 7, Steps: 63 | Train Loss: 0.2172266 Vali Loss: 0.2193060 Test Loss: 0.1730526
Validation loss decreased (0.220369 --> 0.219306).  Saving model ...
Updating learning rate to 6.561e-05
Epoch: 8 cost time: 3.394240140914917
Epoch: 8, Steps: 63 | Train Loss: 0.2144253 Vali Loss: 0.2180816 Test Loss: 0.1719576
Validation loss decreased (0.219306 --> 0.218082).  Saving model ...
Updating learning rate to 5.904900000000001e-05
Epoch: 9 cost time: 3.4461066722869873
Epoch: 9, Steps: 63 | Train Loss: 0.2126913 Vali Loss: 0.2177554 Test Loss: 0.1710281
Validation loss decreased (0.218082 --> 0.217755).  Saving model ...
Updating learning rate to 5.3144100000000005e-05
Epoch: 10 cost time: 3.1923162937164307
Epoch: 10, Steps: 63 | Train Loss: 0.2112539 Vali Loss: 0.2174815 Test Loss: 0.1701622
Validation loss decreased (0.217755 --> 0.217482).  Saving model ...
Updating learning rate to 4.782969000000001e-05
Epoch: 11 cost time: 3.2687535285949707
Epoch: 11, Steps: 63 | Train Loss: 0.2095568 Vali Loss: 0.2172999 Test Loss: 0.1693436
Validation loss decreased (0.217482 --> 0.217300).  Saving model ...
Updating learning rate to 4.304672100000001e-05
Epoch: 12 cost time: 3.4802212715148926
Epoch: 12, Steps: 63 | Train Loss: 0.2089839 Vali Loss: 0.2171152 Test Loss: 0.1689987
Validation loss decreased (0.217300 --> 0.217115).  Saving model ...
Updating learning rate to 3.874204890000001e-05
Epoch: 13 cost time: 3.465648651123047
Epoch: 13, Steps: 63 | Train Loss: 0.2068998 Vali Loss: 0.2172040 Test Loss: 0.1687050
EarlyStopping counter: 1 out of 100
Updating learning rate to 3.486784401000001e-05
Epoch: 14 cost time: 3.481679916381836
Epoch: 14, Steps: 63 | Train Loss: 0.2067116 Vali Loss: 0.2170086 Test Loss: 0.1683609
Validation loss decreased (0.217115 --> 0.217009).  Saving model ...
Updating learning rate to 3.138105960900001e-05
Epoch: 15 cost time: 3.3075146675109863
Epoch: 15, Steps: 63 | Train Loss: 0.2055099 Vali Loss: 0.2172090 Test Loss: 0.1681930
EarlyStopping counter: 1 out of 100
Updating learning rate to 2.824295364810001e-05
Epoch: 16 cost time: 3.4200632572174072
Epoch: 16, Steps: 63 | Train Loss: 0.2054690 Vali Loss: 0.2171272 Test Loss: 0.1678003
EarlyStopping counter: 2 out of 100
Updating learning rate to 2.541865828329001e-05
Epoch: 17 cost time: 3.4327099323272705
Epoch: 17, Steps: 63 | Train Loss: 0.2038953 Vali Loss: 0.2174813 Test Loss: 0.1676315
EarlyStopping counter: 3 out of 100
Updating learning rate to 2.287679245496101e-05
Epoch: 18 cost time: 3.4344255924224854
Epoch: 18, Steps: 63 | Train Loss: 0.2036241 Vali Loss: 0.2173529 Test Loss: 0.1672130
EarlyStopping counter: 4 out of 100
Updating learning rate to 2.0589113209464907e-05
Epoch: 19 cost time: 3.2646570205688477
Epoch: 19, Steps: 63 | Train Loss: 0.2032969 Vali Loss: 0.2174905 Test Loss: 0.1674418
EarlyStopping counter: 5 out of 100
Updating learning rate to 1.8530201888518416e-05
Epoch: 20 cost time: 3.6560347080230713
Epoch: 20, Steps: 63 | Train Loss: 0.2025507 Vali Loss: 0.2175423 Test Loss: 0.1667227
EarlyStopping counter: 6 out of 100
Updating learning rate to 1.6677181699666577e-05
Epoch: 21 cost time: 3.5175278186798096
Epoch: 21, Steps: 63 | Train Loss: 0.2026730 Vali Loss: 0.2176127 Test Loss: 0.1668828
EarlyStopping counter: 7 out of 100
Updating learning rate to 1.5009463529699919e-05
Epoch: 22 cost time: 3.2374014854431152
Epoch: 22, Steps: 63 | Train Loss: 0.2026473 Vali Loss: 0.2175083 Test Loss: 0.1667193
EarlyStopping counter: 8 out of 100
Updating learning rate to 1.3508517176729929e-05
Epoch: 23 cost time: 3.372407913208008
Epoch: 23, Steps: 63 | Train Loss: 0.2021067 Vali Loss: 0.2178526 Test Loss: 0.1667541
EarlyStopping counter: 9 out of 100
Updating learning rate to 1.2157665459056936e-05
Epoch: 24 cost time: 3.2451517581939697
Epoch: 24, Steps: 63 | Train Loss: 0.2014674 Vali Loss: 0.2178133 Test Loss: 0.1666926
EarlyStopping counter: 10 out of 100
Updating learning rate to 1.0941898913151242e-05
Epoch: 25 cost time: 3.4985415935516357
Epoch: 25, Steps: 63 | Train Loss: 0.2012780 Vali Loss: 0.2176954 Test Loss: 0.1665548
EarlyStopping counter: 11 out of 100
Updating learning rate to 9.847709021836118e-06
Epoch: 26 cost time: 3.3660242557525635
Epoch: 26, Steps: 63 | Train Loss: 0.2013107 Vali Loss: 0.2177748 Test Loss: 0.1665486
EarlyStopping counter: 12 out of 100
Updating learning rate to 8.862938119652508e-06
Epoch: 27 cost time: 3.3968918323516846
Epoch: 27, Steps: 63 | Train Loss: 0.2005843 Vali Loss: 0.2181268 Test Loss: 0.1666688
EarlyStopping counter: 13 out of 100
Updating learning rate to 7.976644307687255e-06
Epoch: 28 cost time: 3.368340492248535
Epoch: 28, Steps: 63 | Train Loss: 0.2008675 Vali Loss: 0.2178143 Test Loss: 0.1664154
EarlyStopping counter: 14 out of 100
Updating learning rate to 7.178979876918531e-06
Epoch: 29 cost time: 3.446356773376465
Epoch: 29, Steps: 63 | Train Loss: 0.2005449 Vali Loss: 0.2178005 Test Loss: 0.1663069
EarlyStopping counter: 15 out of 100
Updating learning rate to 6.4610818892266776e-06
Epoch: 30 cost time: 3.260913610458374
Epoch: 30, Steps: 63 | Train Loss: 0.2008538 Vali Loss: 0.2180828 Test Loss: 0.1665021
EarlyStopping counter: 16 out of 100
Updating learning rate to 5.8149737003040096e-06
Epoch: 31 cost time: 3.3637869358062744
Epoch: 31, Steps: 63 | Train Loss: 0.2006694 Vali Loss: 0.2182163 Test Loss: 0.1666262
EarlyStopping counter: 17 out of 100
Updating learning rate to 5.23347633027361e-06
Epoch: 32 cost time: 3.366471290588379
Epoch: 32, Steps: 63 | Train Loss: 0.2004007 Vali Loss: 0.2183003 Test Loss: 0.1665387
EarlyStopping counter: 18 out of 100
Updating learning rate to 4.710128697246249e-06
Epoch: 33 cost time: 3.3243050575256348
Epoch: 33, Steps: 63 | Train Loss: 0.2004392 Vali Loss: 0.2181844 Test Loss: 0.1664026
EarlyStopping counter: 19 out of 100
Updating learning rate to 4.239115827521624e-06
Epoch: 34 cost time: 3.324768304824829
Epoch: 34, Steps: 63 | Train Loss: 0.2000351 Vali Loss: 0.2183800 Test Loss: 0.1665161
EarlyStopping counter: 20 out of 100
Updating learning rate to 3.815204244769462e-06
Epoch: 35 cost time: 3.2592389583587646
Epoch: 35, Steps: 63 | Train Loss: 0.1995466 Vali Loss: 0.2182332 Test Loss: 0.1664056
EarlyStopping counter: 21 out of 100
Updating learning rate to 3.4336838202925152e-06
Epoch: 36 cost time: 3.3685548305511475
Epoch: 36, Steps: 63 | Train Loss: 0.2002590 Vali Loss: 0.2182028 Test Loss: 0.1663730
EarlyStopping counter: 22 out of 100
Updating learning rate to 3.090315438263264e-06
Epoch: 37 cost time: 3.35067081451416
Epoch: 37, Steps: 63 | Train Loss: 0.1999200 Vali Loss: 0.2183011 Test Loss: 0.1663891
EarlyStopping counter: 23 out of 100
Updating learning rate to 2.7812838944369375e-06
Epoch: 38 cost time: 3.4697988033294678
Epoch: 38, Steps: 63 | Train Loss: 0.1999651 Vali Loss: 0.2181852 Test Loss: 0.1663191
EarlyStopping counter: 24 out of 100
Updating learning rate to 2.503155504993244e-06
Epoch: 39 cost time: 3.3690192699432373
Epoch: 39, Steps: 63 | Train Loss: 0.1997963 Vali Loss: 0.2182658 Test Loss: 0.1662434
EarlyStopping counter: 25 out of 100
Updating learning rate to 2.2528399544939195e-06
Epoch: 40 cost time: 3.4143333435058594
Epoch: 40, Steps: 63 | Train Loss: 0.1989816 Vali Loss: 0.2184755 Test Loss: 0.1665031
EarlyStopping counter: 26 out of 100
Updating learning rate to 2.0275559590445276e-06
Epoch: 41 cost time: 3.386385202407837
Epoch: 41, Steps: 63 | Train Loss: 0.1992890 Vali Loss: 0.2182224 Test Loss: 0.1661903
EarlyStopping counter: 27 out of 100
Updating learning rate to 1.8248003631400751e-06
Epoch: 42 cost time: 3.668375253677368
Epoch: 42, Steps: 63 | Train Loss: 0.1993640 Vali Loss: 0.2183626 Test Loss: 0.1662987
EarlyStopping counter: 28 out of 100
Updating learning rate to 1.6423203268260676e-06
Epoch: 43 cost time: 3.4356496334075928
Epoch: 43, Steps: 63 | Train Loss: 0.1991912 Vali Loss: 0.2183438 Test Loss: 0.1664275
EarlyStopping counter: 29 out of 100
Updating learning rate to 1.4780882941434609e-06
Epoch: 44 cost time: 3.2804038524627686
Epoch: 44, Steps: 63 | Train Loss: 0.1994716 Vali Loss: 0.2181358 Test Loss: 0.1661832
EarlyStopping counter: 30 out of 100
Updating learning rate to 1.3302794647291146e-06
Epoch: 45 cost time: 3.5240588188171387
Epoch: 45, Steps: 63 | Train Loss: 0.1992623 Vali Loss: 0.2184099 Test Loss: 0.1663335
EarlyStopping counter: 31 out of 100
Updating learning rate to 1.1972515182562034e-06
Epoch: 46 cost time: 3.3068222999572754
Epoch: 46, Steps: 63 | Train Loss: 0.1991011 Vali Loss: 0.2182737 Test Loss: 0.1662279
EarlyStopping counter: 32 out of 100
Updating learning rate to 1.077526366430583e-06
Epoch: 47 cost time: 3.3838298320770264
Epoch: 47, Steps: 63 | Train Loss: 0.1992403 Vali Loss: 0.2184193 Test Loss: 0.1664360
EarlyStopping counter: 33 out of 100
Updating learning rate to 9.697737297875248e-07
Epoch: 48 cost time: 3.424062967300415
Epoch: 48, Steps: 63 | Train Loss: 0.1987381 Vali Loss: 0.2184295 Test Loss: 0.1663754
EarlyStopping counter: 34 out of 100
Updating learning rate to 8.727963568087723e-07
Epoch: 49 cost time: 3.2854034900665283
Epoch: 49, Steps: 63 | Train Loss: 0.1990327 Vali Loss: 0.2186506 Test Loss: 0.1666161
EarlyStopping counter: 35 out of 100
Updating learning rate to 7.855167211278951e-07
Epoch: 50 cost time: 3.4217143058776855
Epoch: 50, Steps: 63 | Train Loss: 0.1994586 Vali Loss: 0.2184812 Test Loss: 0.1663244
EarlyStopping counter: 36 out of 100
Updating learning rate to 7.069650490151056e-07
Epoch: 51 cost time: 3.642239809036255
Epoch: 51, Steps: 63 | Train Loss: 0.1992219 Vali Loss: 0.2184014 Test Loss: 0.1662685
EarlyStopping counter: 37 out of 100
Updating learning rate to 6.36268544113595e-07
Epoch: 52 cost time: 3.366591691970825
Epoch: 52, Steps: 63 | Train Loss: 0.1992358 Vali Loss: 0.2185717 Test Loss: 0.1664444
EarlyStopping counter: 38 out of 100
Updating learning rate to 5.726416897022355e-07
Epoch: 53 cost time: 3.4166975021362305
Epoch: 53, Steps: 63 | Train Loss: 0.1995033 Vali Loss: 0.2183736 Test Loss: 0.1661692
EarlyStopping counter: 39 out of 100
Updating learning rate to 5.15377520732012e-07
Epoch: 54 cost time: 3.2841310501098633
Epoch: 54, Steps: 63 | Train Loss: 0.1989128 Vali Loss: 0.2186407 Test Loss: 0.1665274
EarlyStopping counter: 40 out of 100
Updating learning rate to 4.6383976865881085e-07
Epoch: 55 cost time: 3.4481234550476074
Epoch: 55, Steps: 63 | Train Loss: 0.1998516 Vali Loss: 0.2183507 Test Loss: 0.1661732
EarlyStopping counter: 41 out of 100
Updating learning rate to 4.174557917929298e-07
Epoch: 56 cost time: 3.3356449604034424
Epoch: 56, Steps: 63 | Train Loss: 0.1993113 Vali Loss: 0.2185073 Test Loss: 0.1663474
EarlyStopping counter: 42 out of 100
Updating learning rate to 3.7571021261363677e-07
Epoch: 57 cost time: 3.347982168197632
Epoch: 57, Steps: 63 | Train Loss: 0.1991717 Vali Loss: 0.2182863 Test Loss: 0.1661751
EarlyStopping counter: 43 out of 100
Updating learning rate to 3.381391913522731e-07
Epoch: 58 cost time: 3.488210916519165
Epoch: 58, Steps: 63 | Train Loss: 0.1992566 Vali Loss: 0.2182633 Test Loss: 0.1661451
EarlyStopping counter: 44 out of 100
Updating learning rate to 3.043252722170458e-07
Epoch: 59 cost time: 3.4640889167785645
Epoch: 59, Steps: 63 | Train Loss: 0.1987177 Vali Loss: 0.2187566 Test Loss: 0.1665324
EarlyStopping counter: 45 out of 100
Updating learning rate to 2.7389274499534124e-07
Epoch: 60 cost time: 3.2569007873535156
Epoch: 60, Steps: 63 | Train Loss: 0.1990601 Vali Loss: 0.2186098 Test Loss: 0.1664019
EarlyStopping counter: 46 out of 100
Updating learning rate to 2.465034704958071e-07
Epoch: 61 cost time: 3.441628932952881
Epoch: 61, Steps: 63 | Train Loss: 0.1999735 Vali Loss: 0.2183879 Test Loss: 0.1663314
EarlyStopping counter: 47 out of 100
Updating learning rate to 2.218531234462264e-07
Epoch: 62 cost time: 3.3721251487731934
Epoch: 62, Steps: 63 | Train Loss: 0.1989374 Vali Loss: 0.2186471 Test Loss: 0.1664056
EarlyStopping counter: 48 out of 100
Updating learning rate to 1.9966781110160376e-07
Epoch: 63 cost time: 3.302198886871338
Epoch: 63, Steps: 63 | Train Loss: 0.1993699 Vali Loss: 0.2186334 Test Loss: 0.1663928
EarlyStopping counter: 49 out of 100
Updating learning rate to 1.797010299914434e-07
Epoch: 64 cost time: 3.2896411418914795
Epoch: 64, Steps: 63 | Train Loss: 0.1990462 Vali Loss: 0.2184153 Test Loss: 0.1661197
EarlyStopping counter: 50 out of 100
Updating learning rate to 1.6173092699229907e-07
Epoch: 65 cost time: 3.3637776374816895
Epoch: 65, Steps: 63 | Train Loss: 0.1991889 Vali Loss: 0.2184000 Test Loss: 0.1661523
EarlyStopping counter: 51 out of 100
Updating learning rate to 1.4555783429306916e-07
Epoch: 66 cost time: 3.581040143966675
Epoch: 66, Steps: 63 | Train Loss: 0.1992586 Vali Loss: 0.2182627 Test Loss: 0.1661658
EarlyStopping counter: 52 out of 100
Updating learning rate to 1.3100205086376224e-07
Epoch: 67 cost time: 3.241016149520874
Epoch: 67, Steps: 63 | Train Loss: 0.1986677 Vali Loss: 0.2182707 Test Loss: 0.1661042
EarlyStopping counter: 53 out of 100
Updating learning rate to 1.1790184577738603e-07
Epoch: 68 cost time: 3.2619686126708984
Epoch: 68, Steps: 63 | Train Loss: 0.1994256 Vali Loss: 0.2182654 Test Loss: 0.1661718
EarlyStopping counter: 54 out of 100
Updating learning rate to 1.0611166119964742e-07
Epoch: 69 cost time: 3.5952022075653076
Epoch: 69, Steps: 63 | Train Loss: 0.1985492 Vali Loss: 0.2186249 Test Loss: 0.1662915
EarlyStopping counter: 55 out of 100
Updating learning rate to 9.550049507968268e-08
Epoch: 70 cost time: 3.394711971282959
Epoch: 70, Steps: 63 | Train Loss: 0.1991144 Vali Loss: 0.2185907 Test Loss: 0.1664156
EarlyStopping counter: 56 out of 100
Updating learning rate to 8.595044557171442e-08
Epoch: 71 cost time: 3.4110090732574463
Epoch: 71, Steps: 63 | Train Loss: 0.1991707 Vali Loss: 0.2184356 Test Loss: 0.1663956
EarlyStopping counter: 57 out of 100
Updating learning rate to 7.735540101454298e-08
Epoch: 72 cost time: 3.4850029945373535
Epoch: 72, Steps: 63 | Train Loss: 0.1995207 Vali Loss: 0.2184448 Test Loss: 0.1663477
EarlyStopping counter: 58 out of 100
Updating learning rate to 6.961986091308869e-08
Epoch: 73 cost time: 3.3286163806915283
Epoch: 73, Steps: 63 | Train Loss: 0.1994209 Vali Loss: 0.2184342 Test Loss: 0.1661618
EarlyStopping counter: 59 out of 100
Updating learning rate to 6.265787482177981e-08
Epoch: 74 cost time: 3.3502612113952637
Epoch: 74, Steps: 63 | Train Loss: 0.1988263 Vali Loss: 0.2184026 Test Loss: 0.1662214
EarlyStopping counter: 60 out of 100
Updating learning rate to 5.639208733960184e-08
Epoch: 75 cost time: 3.2427921295166016
Epoch: 75, Steps: 63 | Train Loss: 0.1987996 Vali Loss: 0.2184176 Test Loss: 0.1661880
EarlyStopping counter: 61 out of 100
Updating learning rate to 5.075287860564165e-08
Epoch: 76 cost time: 3.390955686569214
Epoch: 76, Steps: 63 | Train Loss: 0.1989084 Vali Loss: 0.2184851 Test Loss: 0.1662243
EarlyStopping counter: 62 out of 100
Updating learning rate to 4.567759074507749e-08
Epoch: 77 cost time: 3.3666553497314453
Epoch: 77, Steps: 63 | Train Loss: 0.1989707 Vali Loss: 0.2183260 Test Loss: 0.1661234
EarlyStopping counter: 63 out of 100
Updating learning rate to 4.1109831670569744e-08
Epoch: 78 cost time: 3.423252582550049
Epoch: 78, Steps: 63 | Train Loss: 0.1993689 Vali Loss: 0.2183062 Test Loss: 0.1661037
EarlyStopping counter: 64 out of 100
Updating learning rate to 3.6998848503512764e-08
Epoch: 79 cost time: 3.4538497924804688
Epoch: 79, Steps: 63 | Train Loss: 0.1992192 Vali Loss: 0.2185750 Test Loss: 0.1663200
EarlyStopping counter: 65 out of 100
Updating learning rate to 3.3298963653161496e-08
Epoch: 80 cost time: 3.296314001083374
Epoch: 80, Steps: 63 | Train Loss: 0.1993014 Vali Loss: 0.2184619 Test Loss: 0.1663379
EarlyStopping counter: 66 out of 100
Updating learning rate to 2.996906728784534e-08
Epoch: 81 cost time: 3.297220468521118
Epoch: 81, Steps: 63 | Train Loss: 0.1991780 Vali Loss: 0.2187037 Test Loss: 0.1664861
EarlyStopping counter: 67 out of 100
Updating learning rate to 2.697216055906081e-08
Epoch: 82 cost time: 3.2723617553710938
Epoch: 82, Steps: 63 | Train Loss: 0.1990869 Vali Loss: 0.2183897 Test Loss: 0.1661209
EarlyStopping counter: 68 out of 100
Updating learning rate to 2.427494450315473e-08
Epoch: 83 cost time: 3.1468307971954346
Epoch: 83, Steps: 63 | Train Loss: 0.1991711 Vali Loss: 0.2183183 Test Loss: 0.1660651
EarlyStopping counter: 69 out of 100
Updating learning rate to 2.1847450052839257e-08
Epoch: 84 cost time: 3.53525447845459
Epoch: 84, Steps: 63 | Train Loss: 0.1986326 Vali Loss: 0.2183713 Test Loss: 0.1662670
EarlyStopping counter: 70 out of 100
Updating learning rate to 1.9662705047555332e-08
Epoch: 85 cost time: 3.3280959129333496
Epoch: 85, Steps: 63 | Train Loss: 0.1995471 Vali Loss: 0.2182647 Test Loss: 0.1661403
EarlyStopping counter: 71 out of 100
Updating learning rate to 1.7696434542799797e-08
Epoch: 86 cost time: 3.1992619037628174
Epoch: 86, Steps: 63 | Train Loss: 0.1994590 Vali Loss: 0.2182791 Test Loss: 0.1661019
EarlyStopping counter: 72 out of 100
Updating learning rate to 1.5926791088519817e-08
Epoch: 87 cost time: 3.249035120010376
Epoch: 87, Steps: 63 | Train Loss: 0.1991260 Vali Loss: 0.2187418 Test Loss: 0.1665100
EarlyStopping counter: 73 out of 100
Updating learning rate to 1.4334111979667836e-08
Epoch: 88 cost time: 3.2326889038085938
Epoch: 88, Steps: 63 | Train Loss: 0.1988195 Vali Loss: 0.2186111 Test Loss: 0.1664343
EarlyStopping counter: 74 out of 100
Updating learning rate to 1.2900700781701054e-08
Epoch: 89 cost time: 3.2614128589630127
Epoch: 89, Steps: 63 | Train Loss: 0.1990971 Vali Loss: 0.2182658 Test Loss: 0.1660781
EarlyStopping counter: 75 out of 100
Updating learning rate to 1.161063070353095e-08
Epoch: 90 cost time: 3.143415689468384
Epoch: 90, Steps: 63 | Train Loss: 0.1994763 Vali Loss: 0.2184236 Test Loss: 0.1663093
EarlyStopping counter: 76 out of 100
Updating learning rate to 1.0449567633177854e-08
Epoch: 91 cost time: 3.3924202919006348
Epoch: 91, Steps: 63 | Train Loss: 0.1992465 Vali Loss: 0.2182185 Test Loss: 0.1662007
EarlyStopping counter: 77 out of 100
Updating learning rate to 9.404610869860069e-09
Epoch: 92 cost time: 3.4346466064453125
Epoch: 92, Steps: 63 | Train Loss: 0.1991671 Vali Loss: 0.2186275 Test Loss: 0.1664969
EarlyStopping counter: 78 out of 100
Updating learning rate to 8.464149782874063e-09
Epoch: 93 cost time: 3.3284244537353516
Epoch: 93, Steps: 63 | Train Loss: 0.1994194 Vali Loss: 0.2185601 Test Loss: 0.1663492
EarlyStopping counter: 79 out of 100
Updating learning rate to 7.617734804586658e-09
Epoch: 94 cost time: 3.433518409729004
Epoch: 94, Steps: 63 | Train Loss: 0.1992746 Vali Loss: 0.2184087 Test Loss: 0.1662417
EarlyStopping counter: 80 out of 100
Updating learning rate to 6.855961324127991e-09
Epoch: 95 cost time: 3.555330276489258
Epoch: 95, Steps: 63 | Train Loss: 0.1993096 Vali Loss: 0.2183633 Test Loss: 0.1662467
EarlyStopping counter: 81 out of 100
Updating learning rate to 6.170365191715193e-09
Epoch: 96 cost time: 3.5433835983276367
Epoch: 96, Steps: 63 | Train Loss: 0.1991158 Vali Loss: 0.2185765 Test Loss: 0.1664207
EarlyStopping counter: 82 out of 100
Updating learning rate to 5.5533286725436726e-09
Epoch: 97 cost time: 3.3954803943634033
Epoch: 97, Steps: 63 | Train Loss: 0.1990632 Vali Loss: 0.2184388 Test Loss: 0.1661620
EarlyStopping counter: 83 out of 100
Updating learning rate to 4.997995805289306e-09
Epoch: 98 cost time: 3.2624645233154297
Epoch: 98, Steps: 63 | Train Loss: 0.1990133 Vali Loss: 0.2184336 Test Loss: 0.1661247
EarlyStopping counter: 84 out of 100
Updating learning rate to 4.498196224760375e-09
Epoch: 99 cost time: 3.379142999649048
Epoch: 99, Steps: 63 | Train Loss: 0.1996526 Vali Loss: 0.2186292 Test Loss: 0.1662330
EarlyStopping counter: 85 out of 100
Updating learning rate to 4.048376602284338e-09
Epoch: 100 cost time: 3.309267282485962
Epoch: 100, Steps: 63 | Train Loss: 0.1991674 Vali Loss: 0.2184573 Test Loss: 0.1662024
EarlyStopping counter: 86 out of 100
Updating learning rate to 3.643538942055904e-09
>>>>>>>testing : ETTh2_336_192_PatchTST_ETTh2_ftS_sl336_ll48_pl192_dm16_nh4_el3_dl1_df128_fc1_ebtimeF_dtTrue_Exp_0<<<<<<<<<<<<<<<<<<<<<<<<<<<<<<<<<
test 2689
mse:0.1683608740568161, mae:0.32769253849983215, rse:0.6780664324760437
