Args in experiment:
Namespace(activation='gelu', affine=0, batch_size=24, c_out=7, checkpoints='./checkpoints/', d_ff=256, d_layers=1, d_model=128, data='custom', data_path='traffic.csv', dec_in=7, decomposition=0, des='Exp', devices='0,1,2,3', distil=True, do_predict=False, dropout=0.2, e_layers=3, embed='timeF', embed_type=0, enc_in=862, factor=1, fc_dropout=0.2, features='M', freq='h', gpu=0, head_dropout=0.0, individual=0, is_training=1, itr=1, kernel_size=25, label_len=48, learning_rate=0.0001, loss='mse', lradj='TST', model='PatchTSFL', model_id='traffic_336_192', moving_avg=25, n_heads=8, num_workers=10, output_attention=False, padding_patch='end', patch_len=16, patience=10, pct_start=0.2, pred_len=192, random_seed=2021, revin=1, root_path='./dataset/', seq_len=336, stride=8, subtract_last=0, target='OT', test_flop=False, train_epochs=100, use_amp=False, use_gpu=True, use_multi_gpu=False)
Use GPU: cuda:0
fourier enhanced block used!
modes=64, index=[0, 1, 2, 3, 4, 5, 6, 7, 8, 9, 10, 11, 12, 13, 14, 15, 16, 17, 18, 19, 20]
>>>>>>>start training : traffic_336_192_PatchTSFL_custom_ftM_sl336_ll48_pl192_dm128_nh8_el3_dl1_df256_fc1_ebtimeF_dtTrue_Exp_0>>>>>>>>>>>>>>>>>>>>>>>>>>
train 11753
val 1565
test 3317
	iters: 100, epoch: 1 | loss: 0.7584454
	speed: 2.0793s/iter; left time: 101472.5726s
	iters: 200, epoch: 1 | loss: 0.6055395
	speed: 2.0749s/iter; left time: 101047.7648s
	iters: 300, epoch: 1 | loss: 0.5850501
	speed: 2.0759s/iter; left time: 100890.1967s
	iters: 400, epoch: 1 | loss: 0.5417684
	speed: 2.0752s/iter; left time: 100651.2232s
Epoch: 1 cost time: 1016.5766651630402
Epoch: 1, Steps: 489 | Train Loss: 0.6660123 Vali Loss: 0.5658211 Test Loss: 0.7070791
Validation loss decreased (inf --> 0.565821).  Saving model ...
Updating learning rate to 4.5910802719353904e-06
	iters: 100, epoch: 2 | loss: 0.4691671
	speed: 4.4007s/iter; left time: 212604.6838s
	iters: 200, epoch: 2 | loss: 0.4426982
	speed: 2.0748s/iter; left time: 100029.4246s
	iters: 300, epoch: 2 | loss: 0.4406523
	speed: 2.0755s/iter; left time: 99856.3234s
	iters: 400, epoch: 2 | loss: 0.4236272
	speed: 2.0748s/iter; left time: 99616.4875s
Epoch: 2 cost time: 1016.1156222820282
Epoch: 2, Steps: 489 | Train Loss: 0.4509831 Vali Loss: 0.4715072 Test Loss: 0.5900139
Validation loss decreased (0.565821 --> 0.471507).  Saving model ...
Updating learning rate to 6.3497637590802616e-06
	iters: 100, epoch: 3 | loss: 0.3976796
	speed: 4.3993s/iter; left time: 210385.5717s
	iters: 200, epoch: 3 | loss: 0.4129316
	speed: 2.0752s/iter; left time: 99035.9534s
	iters: 300, epoch: 3 | loss: 0.3747015
	speed: 2.0743s/iter; left time: 98785.7825s
	iters: 400, epoch: 3 | loss: 0.3783991
	speed: 2.0749s/iter; left time: 98603.9755s
Epoch: 3 cost time: 1016.5698773860931
Epoch: 3, Steps: 489 | Train Loss: 0.3836624 Vali Loss: 0.4160063 Test Loss: 0.5172500
Validation loss decreased (0.471507 --> 0.416006).  Saving model ...
Updating learning rate to 9.23273699835836e-06
	iters: 100, epoch: 4 | loss: 0.3703708
	speed: 4.3960s/iter; left time: 208078.9576s
	iters: 200, epoch: 4 | loss: 0.3326837
	speed: 2.0757s/iter; left time: 98044.4007s
	iters: 300, epoch: 4 | loss: 0.3442818
	speed: 2.0754s/iter; left time: 97821.8512s
	iters: 400, epoch: 4 | loss: 0.3140526
	speed: 2.0768s/iter; left time: 97682.2046s
Epoch: 4 cost time: 1016.3974742889404
Epoch: 4, Steps: 489 | Train Loss: 0.3340445 Vali Loss: 0.3858441 Test Loss: 0.4806084
Validation loss decreased (0.416006 --> 0.385844).  Saving model ...
Updating learning rate to 1.3168997131175731e-05
	iters: 100, epoch: 5 | loss: 0.3121532
	speed: 4.3920s/iter; left time: 205741.4662s
	iters: 200, epoch: 5 | loss: 0.3137326
	speed: 2.0759s/iter; left time: 97039.7636s
	iters: 300, epoch: 5 | loss: 0.3155611
	speed: 2.0748s/iter; left time: 96779.5435s
	iters: 400, epoch: 5 | loss: 0.2993273
	speed: 2.0745s/iter; left time: 96557.1592s
Epoch: 5 cost time: 1015.9874289035797
Epoch: 5, Steps: 489 | Train Loss: 0.3085000 Vali Loss: 0.3709935 Test Loss: 0.4624319
Validation loss decreased (0.385844 --> 0.370993).  Saving model ...
Updating learning rate to 1.806160058629428e-05
	iters: 100, epoch: 6 | loss: 0.3064739
	speed: 4.3917s/iter; left time: 203581.3742s
	iters: 200, epoch: 6 | loss: 0.2876640
	speed: 2.0759s/iter; left time: 96022.5963s
	iters: 300, epoch: 6 | loss: 0.2878704
	speed: 2.0746s/iter; left time: 95756.2024s
	iters: 400, epoch: 6 | loss: 0.2797285
	speed: 2.0760s/iter; left time: 95611.8833s
Epoch: 6 cost time: 1016.3728857040405
Epoch: 6, Steps: 489 | Train Loss: 0.2938627 Vali Loss: 0.3635716 Test Loss: 0.4522732
Validation loss decreased (0.370993 --> 0.363572).  Saving model ...
Updating learning rate to 2.379005063951721e-05
	iters: 100, epoch: 7 | loss: 0.2976145
	speed: 4.3984s/iter; left time: 201739.6804s
	iters: 200, epoch: 7 | loss: 0.2806272
	speed: 2.0756s/iter; left time: 94993.5635s
	iters: 300, epoch: 7 | loss: 0.2860663
	speed: 2.0752s/iter; left time: 94766.1787s
	iters: 400, epoch: 7 | loss: 0.2741367
	speed: 2.0759s/iter; left time: 94591.1198s
Epoch: 7 cost time: 1016.4275524616241
Epoch: 7, Steps: 489 | Train Loss: 0.2848411 Vali Loss: 0.3588760 Test Loss: 0.4454694
Validation loss decreased (0.363572 --> 0.358876).  Saving model ...
Updating learning rate to 3.0213265048543406e-05
	iters: 100, epoch: 8 | loss: 0.2770532
	speed: 4.3949s/iter; left time: 199430.5167s
	iters: 200, epoch: 8 | loss: 0.2661197
	speed: 2.0753s/iter; left time: 93966.0273s
	iters: 300, epoch: 8 | loss: 0.2691817
	speed: 2.0752s/iter; left time: 93753.2933s
	iters: 400, epoch: 8 | loss: 0.2650849
	speed: 2.0753s/iter; left time: 93549.8252s
Epoch: 8 cost time: 1016.1709716320038
Epoch: 8, Steps: 489 | Train Loss: 0.2784041 Vali Loss: 0.3542464 Test Loss: 0.4382729
Validation loss decreased (0.358876 --> 0.354246).  Saving model ...
Updating learning rate to 3.71730506750567e-05
	iters: 100, epoch: 9 | loss: 0.2774479
	speed: 4.4008s/iter; left time: 197546.4606s
	iters: 200, epoch: 9 | loss: 0.2609584
	speed: 2.0765s/iter; left time: 93002.8119s
	iters: 300, epoch: 9 | loss: 0.2899109
	speed: 2.0751s/iter; left time: 92733.2478s
	iters: 400, epoch: 9 | loss: 0.2718965
	speed: 2.0763s/iter; left time: 92578.0414s
Epoch: 9 cost time: 1016.5159456729889
Epoch: 9, Steps: 489 | Train Loss: 0.2728179 Vali Loss: 0.3510511 Test Loss: 0.4328890
Validation loss decreased (0.354246 --> 0.351051).  Saving model ...
Updating learning rate to 4.449799951985999e-05
	iters: 100, epoch: 10 | loss: 0.2503102
	speed: 4.4081s/iter; left time: 195720.9092s
	iters: 200, epoch: 10 | loss: 0.2704826
	speed: 2.0757s/iter; left time: 91953.5000s
	iters: 300, epoch: 10 | loss: 0.2638847
	speed: 2.0745s/iter; left time: 91693.7966s
	iters: 400, epoch: 10 | loss: 0.2649162
	speed: 2.0755s/iter; left time: 91531.6543s
Epoch: 10 cost time: 1016.4915742874146
Epoch: 10, Steps: 489 | Train Loss: 0.2684459 Vali Loss: 0.3503789 Test Loss: 0.4309057
Validation loss decreased (0.351051 --> 0.350379).  Saving model ...
Updating learning rate to 5.200771021815747e-05
	iters: 100, epoch: 11 | loss: 0.2605942
	speed: 4.3936s/iter; left time: 192929.0323s
	iters: 200, epoch: 11 | loss: 0.2571493
	speed: 2.0749s/iter; left time: 90902.8254s
	iters: 300, epoch: 11 | loss: 0.2825734
	speed: 2.0746s/iter; left time: 90682.7081s
	iters: 400, epoch: 11 | loss: 0.2547767
	speed: 2.0744s/iter; left time: 90464.5433s
Epoch: 11 cost time: 1015.9522144794464
Epoch: 11, Steps: 489 | Train Loss: 0.2646927 Vali Loss: 0.3480030 Test Loss: 0.4283345
Validation loss decreased (0.350379 --> 0.348003).  Saving model ...
Updating learning rate to 5.9517231026544743e-05
	iters: 100, epoch: 12 | loss: 0.2684403
	speed: 4.4002s/iter; left time: 191067.2652s
	iters: 200, epoch: 12 | loss: 0.2666495
	speed: 2.0752s/iter; left time: 89902.9764s
	iters: 300, epoch: 12 | loss: 0.2622789
	speed: 2.0742s/iter; left time: 89652.8408s
	iters: 400, epoch: 12 | loss: 0.2637046
	speed: 2.0754s/iter; left time: 89496.0769s
Epoch: 12 cost time: 1016.6167705059052
Epoch: 12, Steps: 489 | Train Loss: 0.2617647 Vali Loss: 0.3467070 Test Loss: 0.4237355
Validation loss decreased (0.348003 --> 0.346707).  Saving model ...
Updating learning rate to 6.684161487829155e-05
	iters: 100, epoch: 13 | loss: 0.2570527
	speed: 4.3973s/iter; left time: 188788.0986s
	iters: 200, epoch: 13 | loss: 0.2492026
	speed: 2.0743s/iter; left time: 88847.6150s
	iters: 300, epoch: 13 | loss: 0.2450463
	speed: 2.0747s/iter; left time: 88657.2137s
	iters: 400, epoch: 13 | loss: 0.2543435
	speed: 2.0758s/iter; left time: 88499.2364s
Epoch: 13 cost time: 1016.1723158359528
Epoch: 13, Steps: 489 | Train Loss: 0.2592679 Vali Loss: 0.3458869 Test Loss: 0.4227574
Validation loss decreased (0.346707 --> 0.345887).  Saving model ...
Updating learning rate to 7.380047432344583e-05
	iters: 100, epoch: 14 | loss: 0.2619245
	speed: 4.4014s/iter; left time: 186814.3313s
	iters: 200, epoch: 14 | loss: 0.2589487
	speed: 2.0748s/iter; left time: 87854.7472s
	iters: 300, epoch: 14 | loss: 0.2544666
	speed: 2.0745s/iter; left time: 87633.8989s
	iters: 400, epoch: 14 | loss: 0.2503935
	speed: 2.0767s/iter; left time: 87518.9200s
Epoch: 14 cost time: 1016.685150384903
Epoch: 14, Steps: 489 | Train Loss: 0.2566903 Vali Loss: 0.3453027 Test Loss: 0.4215513
Validation loss decreased (0.345887 --> 0.345303).  Saving model ...
Updating learning rate to 8.022242417312413e-05
	iters: 100, epoch: 15 | loss: 0.2540366
	speed: 4.4034s/iter; left time: 184742.8370s
	iters: 200, epoch: 15 | loss: 0.2560221
	speed: 2.0747s/iter; left time: 86835.9072s
	iters: 300, epoch: 15 | loss: 0.2450313
	speed: 2.0743s/iter; left time: 86611.2611s
	iters: 400, epoch: 15 | loss: 0.2467301
	speed: 2.0754s/iter; left time: 86451.9614s
Epoch: 15 cost time: 1016.2724862098694
Epoch: 15, Steps: 489 | Train Loss: 0.2545417 Vali Loss: 0.3439914 Test Loss: 0.4179991
Validation loss decreased (0.345303 --> 0.343991).  Saving model ...
Updating learning rate to 8.594930243301387e-05
	iters: 100, epoch: 16 | loss: 0.2605066
	speed: 4.3968s/iter; left time: 182316.0683s
	iters: 200, epoch: 16 | loss: 0.2513689
	speed: 2.0754s/iter; left time: 85849.4060s
	iters: 300, epoch: 16 | loss: 0.2623018
	speed: 2.0744s/iter; left time: 85602.6579s
	iters: 400, epoch: 16 | loss: 0.2377702
	speed: 2.0751s/iter; left time: 85422.7924s
Epoch: 16 cost time: 1016.1508634090424
Epoch: 16, Steps: 489 | Train Loss: 0.2525665 Vali Loss: 0.3431180 Test Loss: 0.4168237
Validation loss decreased (0.343991 --> 0.343118).  Saving model ...
Updating learning rate to 9.084006557148182e-05
	iters: 100, epoch: 17 | loss: 0.2803535
	speed: 4.4033s/iter; left time: 180435.2721s
	iters: 200, epoch: 17 | loss: 0.2620904
	speed: 2.0751s/iter; left time: 84824.6197s
	iters: 300, epoch: 17 | loss: 0.2478114
	speed: 2.0743s/iter; left time: 84584.1080s
	iters: 400, epoch: 17 | loss: 0.2625263
	speed: 2.0763s/iter; left time: 84457.6347s
Epoch: 17 cost time: 1016.2737128734589
Epoch: 17, Steps: 489 | Train Loss: 0.2508169 Vali Loss: 0.3420852 Test Loss: 0.4148296
Validation loss decreased (0.343118 --> 0.342085).  Saving model ...
Updating learning rate to 9.477426218828394e-05
	iters: 100, epoch: 18 | loss: 0.2380439
	speed: 4.4119s/iter; left time: 178630.6750s
	iters: 200, epoch: 18 | loss: 0.2525531
	speed: 2.0761s/iter; left time: 83851.1131s
	iters: 300, epoch: 18 | loss: 0.2559983
	speed: 2.0768s/iter; left time: 83668.6165s
	iters: 400, epoch: 18 | loss: 0.2612686
	speed: 2.0764s/iter; left time: 83448.1976s
Epoch: 18 cost time: 1017.3180820941925
Epoch: 18, Steps: 489 | Train Loss: 0.2492134 Vali Loss: 0.3429653 Test Loss: 0.4163898
EarlyStopping counter: 1 out of 10
Updating learning rate to 9.765499953316579e-05
	iters: 100, epoch: 19 | loss: 0.2496822
	speed: 4.4047s/iter; left time: 176184.0637s
	iters: 200, epoch: 19 | loss: 0.2958401
	speed: 2.0762s/iter; left time: 82836.7332s
	iters: 300, epoch: 19 | loss: 0.2273591
	speed: 2.0761s/iter; left time: 82628.4838s
	iters: 400, epoch: 19 | loss: 0.2439006
	speed: 2.0757s/iter; left time: 82401.3022s
Epoch: 19 cost time: 1016.5302317142487
Epoch: 19, Steps: 489 | Train Loss: 0.2477974 Vali Loss: 0.3399234 Test Loss: 0.4117763
Validation loss decreased (0.342085 --> 0.339923).  Saving model ...
Updating learning rate to 9.941132981391125e-05
	iters: 100, epoch: 20 | loss: 0.2507706
	speed: 4.4139s/iter; left time: 174394.0542s
	iters: 200, epoch: 20 | loss: 0.2626481
	speed: 2.0768s/iter; left time: 81847.2417s
	iters: 300, epoch: 20 | loss: 0.2230053
	speed: 2.0767s/iter; left time: 81633.6602s
	iters: 400, epoch: 20 | loss: 0.2363028
	speed: 2.0763s/iter; left time: 81410.6045s
Epoch: 20 cost time: 1016.9768829345703
Epoch: 20, Steps: 489 | Train Loss: 0.2464971 Vali Loss: 0.3410705 Test Loss: 0.4129763
EarlyStopping counter: 1 out of 10
Updating learning rate to 9.999999983877207e-05
	iters: 100, epoch: 21 | loss: 0.2332194
	speed: 4.4112s/iter; left time: 172131.2747s
	iters: 200, epoch: 21 | loss: 0.2425769
	speed: 2.0767s/iter; left time: 80825.9792s
	iters: 300, epoch: 21 | loss: 0.2315145
	speed: 2.0766s/iter; left time: 80616.9213s
	iters: 400, epoch: 21 | loss: 0.2391391
	speed: 2.0761s/iter; left time: 80386.9000s
Epoch: 21 cost time: 1016.8544068336487
Epoch: 21, Steps: 489 | Train Loss: 0.2452858 Vali Loss: 0.3390447 Test Loss: 0.4099052
Validation loss decreased (0.339923 --> 0.339045).  Saving model ...
Updating learning rate to 9.996129416471718e-05
	iters: 100, epoch: 22 | loss: 0.2599795
	speed: 4.4154s/iter; left time: 170132.4600s
	iters: 200, epoch: 22 | loss: 0.2323706
	speed: 2.0761s/iter; left time: 79789.9816s
	iters: 300, epoch: 22 | loss: 0.2546413
	speed: 2.0768s/iter; left time: 79606.6561s
	iters: 400, epoch: 22 | loss: 0.2350276
	speed: 2.0760s/iter; left time: 79369.9165s
Epoch: 22 cost time: 1017.4273030757904
Epoch: 22, Steps: 489 | Train Loss: 0.2442487 Vali Loss: 0.3382087 Test Loss: 0.4073442
Validation loss decreased (0.339045 --> 0.338209).  Saving model ...
Updating learning rate to 9.984555210471265e-05
	iters: 100, epoch: 23 | loss: 0.2427568
	speed: 4.4081s/iter; left time: 167698.8925s
	iters: 200, epoch: 23 | loss: 0.2482646
	speed: 2.0752s/iter; left time: 78739.3880s
	iters: 300, epoch: 23 | loss: 0.2470214
	speed: 2.0761s/iter; left time: 78566.3436s
	iters: 400, epoch: 23 | loss: 0.2139371
	speed: 2.0758s/iter; left time: 78347.6340s
Epoch: 23 cost time: 1016.3992474079132
Epoch: 23, Steps: 489 | Train Loss: 0.2433925 Vali Loss: 0.3377093 Test Loss: 0.4063413
Validation loss decreased (0.338209 --> 0.337709).  Saving model ...
Updating learning rate to 9.965295212462583e-05
	iters: 100, epoch: 24 | loss: 0.2374993
	speed: 4.4290s/iter; left time: 166325.8396s
	iters: 200, epoch: 24 | loss: 0.2437600
	speed: 2.0769s/iter; left time: 77789.3896s
	iters: 300, epoch: 24 | loss: 0.2692978
	speed: 2.0771s/iter; left time: 77587.4050s
	iters: 400, epoch: 24 | loss: 0.2507332
	speed: 2.0771s/iter; left time: 77380.1821s
Epoch: 24 cost time: 1017.4873807430267
Epoch: 24, Steps: 489 | Train Loss: 0.2423873 Vali Loss: 0.3370553 Test Loss: 0.4047247
Validation loss decreased (0.337709 --> 0.337055).  Saving model ...
Updating learning rate to 9.938379119966611e-05
	iters: 100, epoch: 25 | loss: 0.2215139
	speed: 4.4126s/iter; left time: 163551.1748s
	iters: 200, epoch: 25 | loss: 0.2219562
	speed: 2.0774s/iter; left time: 76791.0908s
	iters: 300, epoch: 25 | loss: 0.2305173
	speed: 2.0782s/iter; left time: 76612.9071s
	iters: 400, epoch: 25 | loss: 0.2279962
	speed: 2.0778s/iter; left time: 76392.0733s
Epoch: 25 cost time: 1017.6101787090302
Epoch: 25, Steps: 489 | Train Loss: 0.2416911 Vali Loss: 0.3359654 Test Loss: 0.4048778
Validation loss decreased (0.337055 --> 0.335965).  Saving model ...
Updating learning rate to 9.90384843564706e-05
	iters: 100, epoch: 26 | loss: 0.2500993
	speed: 4.4174s/iter; left time: 161569.8496s
	iters: 200, epoch: 26 | loss: 0.2344253
	speed: 2.0774s/iter; left time: 75776.4031s
	iters: 300, epoch: 26 | loss: 0.2209621
	speed: 2.0787s/iter; left time: 75615.8958s
	iters: 400, epoch: 26 | loss: 0.2414463
	speed: 2.0766s/iter; left time: 75329.3292s
Epoch: 26 cost time: 1017.6414566040039
Epoch: 26, Steps: 489 | Train Loss: 0.2409393 Vali Loss: 0.3355163 Test Loss: 0.4027322
Validation loss decreased (0.335965 --> 0.335516).  Saving model ...
Updating learning rate to 9.861756403316316e-05
	iters: 100, epoch: 27 | loss: 0.2457794
	speed: 4.4273s/iter; left time: 159769.0576s
	iters: 200, epoch: 27 | loss: 0.2596951
	speed: 2.0777s/iter; left time: 74769.4814s
	iters: 300, epoch: 27 | loss: 0.2308652
	speed: 2.0769s/iter; left time: 74533.1377s
	iters: 400, epoch: 27 | loss: 0.2539089
	speed: 2.0775s/iter; left time: 74346.1442s
Epoch: 27 cost time: 1017.7868320941925
Epoch: 27, Steps: 489 | Train Loss: 0.2403527 Vali Loss: 0.3345475 Test Loss: 0.4026723
Validation loss decreased (0.335516 --> 0.334548).  Saving model ...
Updating learning rate to 9.812167925837343e-05
	iters: 100, epoch: 28 | loss: 0.2471194
	speed: 4.4267s/iter; left time: 157581.3947s
	iters: 200, epoch: 28 | loss: 0.2416782
	speed: 2.0775s/iter; left time: 73748.4212s
	iters: 300, epoch: 28 | loss: 0.2380214
	speed: 2.0785s/iter; left time: 73573.1322s
	iters: 400, epoch: 28 | loss: 0.2751822
	speed: 2.0768s/iter; left time: 73307.3177s
Epoch: 28 cost time: 1017.6349990367889
Epoch: 28, Steps: 489 | Train Loss: 0.2396813 Vali Loss: 0.3337499 Test Loss: 0.4013348
Validation loss decreased (0.334548 --> 0.333750).  Saving model ...
Updating learning rate to 9.755159465048168e-05
	iters: 100, epoch: 29 | loss: 0.2352152
	speed: 4.4223s/iter; left time: 155263.8403s
	iters: 200, epoch: 29 | loss: 0.2394027
	speed: 2.0773s/iter; left time: 72723.1851s
	iters: 300, epoch: 29 | loss: 0.2455370
	speed: 2.0779s/iter; left time: 72536.8207s
	iters: 400, epoch: 29 | loss: 0.2221964
	speed: 2.0792s/iter; left time: 72375.4091s
Epoch: 29 cost time: 1018.028566122055
Epoch: 29, Steps: 489 | Train Loss: 0.2390871 Vali Loss: 0.3342503 Test Loss: 0.4028046
EarlyStopping counter: 1 out of 10
Updating learning rate to 9.690818923863271e-05
	iters: 100, epoch: 30 | loss: 0.2320936
	speed: 4.4207s/iter; left time: 153044.1616s
	iters: 200, epoch: 30 | loss: 0.2356561
	speed: 2.0766s/iter; left time: 71683.6716s
	iters: 300, epoch: 30 | loss: 0.2462813
	speed: 2.0768s/iter; left time: 71483.0337s
	iters: 400, epoch: 30 | loss: 0.2127156
	speed: 2.0766s/iter; left time: 71269.8802s
Epoch: 30 cost time: 1017.4475576877594
Epoch: 30, Steps: 489 | Train Loss: 0.2385161 Vali Loss: 0.3330701 Test Loss: 0.4010367
Validation loss decreased (0.333750 --> 0.333070).  Saving model ...
Updating learning rate to 9.619245510733668e-05
	iters: 100, epoch: 31 | loss: 0.2489328
	speed: 4.4326s/iter; left time: 151290.2445s
	iters: 200, epoch: 31 | loss: 0.2340237
	speed: 2.0776s/iter; left time: 70701.8092s
	iters: 300, epoch: 31 | loss: 0.2246739
	speed: 2.0799s/iter; left time: 70571.7014s
	iters: 400, epoch: 31 | loss: 0.2436081
	speed: 2.0777s/iter; left time: 70289.1375s
Epoch: 31 cost time: 1018.1426656246185
Epoch: 31, Steps: 489 | Train Loss: 0.2380332 Vali Loss: 0.3335636 Test Loss: 0.4022446
EarlyStopping counter: 1 out of 10
Updating learning rate to 9.540549586674655e-05
	iters: 100, epoch: 32 | loss: 0.2159916
	speed: 4.4213s/iter; left time: 148742.4365s
	iters: 200, epoch: 32 | loss: 0.2277522
	speed: 2.0787s/iter; left time: 69722.8130s
	iters: 300, epoch: 32 | loss: 0.2263215
	speed: 2.0789s/iter; left time: 69523.2740s
	iters: 400, epoch: 32 | loss: 0.2240311
	speed: 2.0781s/iter; left time: 69288.1014s
Epoch: 32 cost time: 1017.9214994907379
Epoch: 32, Steps: 489 | Train Loss: 0.2375709 Vali Loss: 0.3318297 Test Loss: 0.3992382
Validation loss decreased (0.333070 --> 0.331830).  Saving model ...
Updating learning rate to 9.45485249509714e-05
	iters: 100, epoch: 33 | loss: 0.2376418
	speed: 4.4416s/iter; left time: 147250.9815s
	iters: 200, epoch: 33 | loss: 0.2263808
	speed: 2.0784s/iter; left time: 68698.0267s
	iters: 300, epoch: 33 | loss: 0.2337623
	speed: 2.0772s/iter; left time: 68449.1564s
	iters: 400, epoch: 33 | loss: 0.2266139
	speed: 2.0782s/iter; left time: 68274.3260s
Epoch: 33 cost time: 1017.8759386539459
Epoch: 33, Steps: 489 | Train Loss: 0.2371035 Vali Loss: 0.3312000 Test Loss: 0.3978633
Validation loss decreased (0.331830 --> 0.331200).  Saving model ...
Updating learning rate to 9.362286374704885e-05
	iters: 100, epoch: 34 | loss: 0.2471818
	speed: 4.4301s/iter; left time: 144704.1508s
	iters: 200, epoch: 34 | loss: 0.2405360
	speed: 2.0782s/iter; left time: 67674.6817s
	iters: 300, epoch: 34 | loss: 0.2542664
	speed: 2.0786s/iter; left time: 67478.8425s
	iters: 400, epoch: 34 | loss: 0.2183019
	speed: 2.0795s/iter; left time: 67301.3249s
Epoch: 34 cost time: 1018.156661272049
Epoch: 34, Steps: 489 | Train Loss: 0.2367339 Vali Loss: 0.3314828 Test Loss: 0.3996844
EarlyStopping counter: 1 out of 10
Updating learning rate to 9.26299395574621e-05
	iters: 100, epoch: 35 | loss: 0.2332307
	speed: 4.4289s/iter; left time: 142499.9981s
	iters: 200, epoch: 35 | loss: 0.2469039
	speed: 2.0794s/iter; left time: 66696.6386s
	iters: 300, epoch: 35 | loss: 0.2139573
	speed: 2.0784s/iter; left time: 66455.7631s
	iters: 400, epoch: 35 | loss: 0.2345821
	speed: 2.0770s/iter; left time: 66204.3952s
Epoch: 35 cost time: 1017.7487092018127
Epoch: 35, Steps: 489 | Train Loss: 0.2362882 Vali Loss: 0.3319426 Test Loss: 0.4010482
EarlyStopping counter: 2 out of 10
Updating learning rate to 9.15712833993429e-05
	iters: 100, epoch: 36 | loss: 0.2253884
	speed: 4.4335s/iter; left time: 140478.8894s
	iters: 200, epoch: 36 | loss: 0.2244765
	speed: 2.0787s/iter; left time: 65658.3489s
	iters: 300, epoch: 36 | loss: 0.2354535
	speed: 2.0784s/iter; left time: 65440.3898s
	iters: 400, epoch: 36 | loss: 0.2240073
	speed: 2.0786s/iter; left time: 65238.1384s
Epoch: 36 cost time: 1018.2273559570312
Epoch: 36, Steps: 489 | Train Loss: 0.2359153 Vali Loss: 0.3302974 Test Loss: 0.3987872
Validation loss decreased (0.331200 --> 0.330297).  Saving model ...
Updating learning rate to 9.044852764375414e-05
	iters: 100, epoch: 37 | loss: 0.2276032
	speed: 4.4263s/iter; left time: 138085.8526s
	iters: 200, epoch: 37 | loss: 0.2512191
	speed: 2.0796s/iter; left time: 64670.8536s
	iters: 300, epoch: 37 | loss: 0.2398194
	speed: 2.0794s/iter; left time: 64453.8755s
	iters: 400, epoch: 37 | loss: 0.2565751
	speed: 2.0777s/iter; left time: 64194.4151s
Epoch: 37 cost time: 1018.6778192520142
Epoch: 37, Steps: 489 | Train Loss: 0.2355597 Vali Loss: 0.3296353 Test Loss: 0.3974037
Validation loss decreased (0.330297 --> 0.329635).  Saving model ...
Updating learning rate to 8.9263403498692e-05
	iters: 100, epoch: 38 | loss: 0.2384695
	speed: 4.4254s/iter; left time: 135893.7954s
	iters: 200, epoch: 38 | loss: 0.2503827
	speed: 2.0781s/iter; left time: 63605.2228s
	iters: 300, epoch: 38 | loss: 0.2274113
	speed: 2.0773s/iter; left time: 63374.3388s
	iters: 400, epoch: 38 | loss: 0.2580899
	speed: 2.0778s/iter; left time: 63182.6008s
Epoch: 38 cost time: 1017.5451481342316
Epoch: 38, Steps: 489 | Train Loss: 0.2351996 Vali Loss: 0.3285093 Test Loss: 0.3956762
Validation loss decreased (0.329635 --> 0.328509).  Saving model ...
Updating learning rate to 8.801773833968862e-05
	iters: 100, epoch: 39 | loss: 0.2303549
	speed: 4.4128s/iter; left time: 133350.5239s
	iters: 200, epoch: 39 | loss: 0.2245579
	speed: 2.0761s/iter; left time: 62531.3704s
	iters: 300, epoch: 39 | loss: 0.2506764
	speed: 2.0762s/iter; left time: 62324.9241s
	iters: 400, epoch: 39 | loss: 0.2242797
	speed: 2.0760s/iter; left time: 62111.8968s
Epoch: 39 cost time: 1016.8558797836304
Epoch: 39, Steps: 489 | Train Loss: 0.2349658 Vali Loss: 0.3294762 Test Loss: 0.3965009
EarlyStopping counter: 1 out of 10
Updating learning rate to 8.671345289213159e-05
	iters: 100, epoch: 40 | loss: 0.2439242
	speed: 4.4145s/iter; left time: 131243.1342s
	iters: 200, epoch: 40 | loss: 0.2325034
	speed: 2.0767s/iter; left time: 61531.9308s
	iters: 300, epoch: 40 | loss: 0.2486008
	speed: 2.0786s/iter; left time: 61381.0988s
	iters: 400, epoch: 40 | loss: 0.2418268
	speed: 2.0778s/iter; left time: 61151.0556s
Epoch: 40 cost time: 1017.7486138343811
Epoch: 40, Steps: 489 | Train Loss: 0.2345806 Vali Loss: 0.3287068 Test Loss: 0.3958823
EarlyStopping counter: 2 out of 10
Updating learning rate to 8.535255826964455e-05
	iters: 100, epoch: 41 | loss: 0.2350009
	speed: 4.4303s/iter; left time: 129547.2341s
	iters: 200, epoch: 41 | loss: 0.2127444
	speed: 2.0786s/iter; left time: 60573.2538s
	iters: 300, epoch: 41 | loss: 0.2260836
	speed: 2.0781s/iter; left time: 60351.3530s
	iters: 400, epoch: 41 | loss: 0.2071812
	speed: 2.0776s/iter; left time: 60127.4436s
Epoch: 41 cost time: 1018.1614906787872
Epoch: 41, Steps: 489 | Train Loss: 0.2343465 Vali Loss: 0.3277825 Test Loss: 0.3964167
Validation loss decreased (0.328509 --> 0.327782).  Saving model ...
Updating learning rate to 8.393715287309575e-05
	iters: 100, epoch: 42 | loss: 0.2412384
	speed: 4.4242s/iter; left time: 127204.5563s
	iters: 200, epoch: 42 | loss: 0.2166239
	speed: 2.0794s/iter; left time: 59580.1069s
	iters: 300, epoch: 42 | loss: 0.2400921
	speed: 2.0795s/iter; left time: 59373.2666s
	iters: 400, epoch: 42 | loss: 0.2346826
	speed: 2.0788s/iter; left time: 59145.9480s
Epoch: 42 cost time: 1018.0630111694336
Epoch: 42, Steps: 489 | Train Loss: 0.2340492 Vali Loss: 0.3271356 Test Loss: 0.3940005
Validation loss decreased (0.327782 --> 0.327136).  Saving model ...
Updating learning rate to 8.246941915501606e-05
	iters: 100, epoch: 43 | loss: 0.2315027
	speed: 4.4265s/iter; left time: 125106.0125s
	iters: 200, epoch: 43 | loss: 0.2346843
	speed: 2.0771s/iter; left time: 58496.5209s
	iters: 300, epoch: 43 | loss: 0.2291167
	speed: 2.0771s/iter; left time: 58289.7090s
	iters: 400, epoch: 43 | loss: 0.2419687
	speed: 2.0756s/iter; left time: 58040.8363s
Epoch: 43 cost time: 1017.1993911266327
Epoch: 43, Steps: 489 | Train Loss: 0.2337600 Vali Loss: 0.3268090 Test Loss: 0.3934059
Validation loss decreased (0.327136 --> 0.326809).  Saving model ...
Updating learning rate to 8.095162025441528e-05
	iters: 100, epoch: 44 | loss: 0.2412437
	speed: 4.4166s/iter; left time: 122665.9670s
	iters: 200, epoch: 44 | loss: 0.2304595
	speed: 2.0767s/iter; left time: 57469.6057s
	iters: 300, epoch: 44 | loss: 0.2312166
	speed: 2.0775s/iter; left time: 57285.1494s
	iters: 400, epoch: 44 | loss: 0.2288057
	speed: 2.0753s/iter; left time: 57018.0552s
Epoch: 44 cost time: 1017.3012924194336
Epoch: 44, Steps: 489 | Train Loss: 0.2336272 Vali Loss: 0.3271224 Test Loss: 0.3953539
EarlyStopping counter: 1 out of 10
Updating learning rate to 7.938609650718588e-05
	iters: 100, epoch: 45 | loss: 0.2237457
	speed: 4.4170s/iter; left time: 120516.8181s
	iters: 200, epoch: 45 | loss: 0.2303835
	speed: 2.0772s/iter; left time: 56467.9106s
	iters: 300, epoch: 45 | loss: 0.2318488
	speed: 2.0767s/iter; left time: 56246.3394s
	iters: 400, epoch: 45 | loss: 0.2270030
	speed: 2.0769s/iter; left time: 56044.6850s
Epoch: 45 cost time: 1017.4347879886627
Epoch: 45, Steps: 489 | Train Loss: 0.2333077 Vali Loss: 0.3273636 Test Loss: 0.3944449
EarlyStopping counter: 2 out of 10
Updating learning rate to 7.777526183747468e-05
	iters: 100, epoch: 46 | loss: 0.2403823
	speed: 4.4200s/iter; left time: 118437.6456s
	iters: 200, epoch: 46 | loss: 0.2322389
	speed: 2.0772s/iter; left time: 55452.6956s
	iters: 300, epoch: 46 | loss: 0.2288708
	speed: 2.0768s/iter; left time: 55234.4056s
	iters: 400, epoch: 46 | loss: 0.2222769
	speed: 2.0773s/iter; left time: 55039.9955s
Epoch: 46 cost time: 1017.4583261013031
Epoch: 46, Steps: 489 | Train Loss: 0.2330973 Vali Loss: 0.3269284 Test Loss: 0.3949209
EarlyStopping counter: 3 out of 10
Updating learning rate to 7.612160003558671e-05
	iters: 100, epoch: 47 | loss: 0.2380953
	speed: 4.4206s/iter; left time: 116292.5249s
	iters: 200, epoch: 47 | loss: 0.2188176
	speed: 2.0774s/iter; left time: 54441.8955s
	iters: 300, epoch: 47 | loss: 0.2363796
	speed: 2.0759s/iter; left time: 54195.4851s
	iters: 400, epoch: 47 | loss: 0.2449335
	speed: 2.0784s/iter; left time: 54051.7665s
Epoch: 47 cost time: 1017.1846814155579
Epoch: 47, Steps: 489 | Train Loss: 0.2329290 Vali Loss: 0.3269234 Test Loss: 0.3951055
EarlyStopping counter: 4 out of 10
Updating learning rate to 7.442766092816074e-05
	iters: 100, epoch: 48 | loss: 0.2373011
	speed: 4.4254s/iter; left time: 114255.6896s
	iters: 200, epoch: 48 | loss: 0.2421850
	speed: 2.0771s/iter; left time: 53419.4431s
	iters: 300, epoch: 48 | loss: 0.2281773
	speed: 2.0769s/iter; left time: 53205.5152s
	iters: 400, epoch: 48 | loss: 0.2325658
	speed: 2.0770s/iter; left time: 53001.9585s
Epoch: 48 cost time: 1017.6628069877625
Epoch: 48, Steps: 489 | Train Loss: 0.2326445 Vali Loss: 0.3268380 Test Loss: 0.3946850
EarlyStopping counter: 5 out of 10
Updating learning rate to 7.269605644652121e-05
	iters: 100, epoch: 49 | loss: 0.2323152
	speed: 4.4218s/iter; left time: 112000.8571s
	iters: 200, epoch: 49 | loss: 0.2375491
	speed: 2.0760s/iter; left time: 52374.3997s
	iters: 300, epoch: 49 | loss: 0.2295338
	speed: 2.0756s/iter; left time: 52157.7814s
	iters: 400, epoch: 49 | loss: 0.2137629
	speed: 2.0783s/iter; left time: 52017.3142s
Epoch: 49 cost time: 1017.1712889671326
Epoch: 49, Steps: 489 | Train Loss: 0.2324582 Vali Loss: 0.3266090 Test Loss: 0.3942934
Validation loss decreased (0.326809 --> 0.326609).  Saving model ...
Updating learning rate to 7.092945659926965e-05
	iters: 100, epoch: 50 | loss: 0.2269902
	speed: 4.4258s/iter; left time: 109937.4974s
	iters: 200, epoch: 50 | loss: 0.2276691
	speed: 2.0768s/iter; left time: 51379.3596s
	iters: 300, epoch: 50 | loss: 0.2171981
	speed: 2.0776s/iter; left time: 51192.7885s
	iters: 400, epoch: 50 | loss: 0.2197937
	speed: 2.0779s/iter; left time: 50992.4463s
Epoch: 50 cost time: 1017.7578010559082
Epoch: 50, Steps: 489 | Train Loss: 0.2321704 Vali Loss: 0.3248202 Test Loss: 0.3921941
Validation loss decreased (0.326609 --> 0.324820).  Saving model ...
Updating learning rate to 6.913058535532477e-05
	iters: 100, epoch: 51 | loss: 0.2502861
	speed: 4.4289s/iter; left time: 107848.5647s
	iters: 200, epoch: 51 | loss: 0.2165761
	speed: 2.0758s/iter; left time: 50341.2380s
	iters: 300, epoch: 51 | loss: 0.2150368
	speed: 2.0762s/iter; left time: 50141.2567s
	iters: 400, epoch: 51 | loss: 0.2230357
	speed: 2.0774s/iter; left time: 49964.0357s
Epoch: 51 cost time: 1017.243759393692
Epoch: 51, Steps: 489 | Train Loss: 0.2320064 Vali Loss: 0.3260264 Test Loss: 0.3946064
EarlyStopping counter: 1 out of 10
Updating learning rate to 6.730221644375998e-05
	iters: 100, epoch: 52 | loss: 0.2223480
	speed: 4.4177s/iter; left time: 105416.0160s
	iters: 200, epoch: 52 | loss: 0.2443867
	speed: 2.0775s/iter; left time: 49365.8375s
	iters: 300, epoch: 52 | loss: 0.2246785
	speed: 2.0772s/iter; left time: 49149.6401s
	iters: 400, epoch: 52 | loss: 0.2254562
	speed: 2.0781s/iter; left time: 48964.0333s
Epoch: 52 cost time: 1017.5388886928558
Epoch: 52, Steps: 489 | Train Loss: 0.2318445 Vali Loss: 0.3248968 Test Loss: 0.3924057
EarlyStopping counter: 2 out of 10
Updating learning rate to 6.544716907691412e-05
	iters: 100, epoch: 53 | loss: 0.2231545
	speed: 4.4182s/iter; left time: 103266.7212s
	iters: 200, epoch: 53 | loss: 0.2339912
	speed: 2.0776s/iter; left time: 48351.1908s
	iters: 300, epoch: 53 | loss: 0.2139300
	speed: 2.0764s/iter; left time: 48116.5694s
	iters: 400, epoch: 53 | loss: 0.2399855
	speed: 2.0760s/iter; left time: 47899.7408s
Epoch: 53 cost time: 1017.1902098655701
Epoch: 53, Steps: 489 | Train Loss: 0.2316920 Vali Loss: 0.3256449 Test Loss: 0.3931211
EarlyStopping counter: 3 out of 10
Updating learning rate to 6.356830360337028e-05
	iters: 100, epoch: 54 | loss: 0.2414414
	speed: 4.4120s/iter; left time: 100965.0726s
	iters: 200, epoch: 54 | loss: 0.2378119
	speed: 2.0764s/iter; left time: 47309.8284s
	iters: 300, epoch: 54 | loss: 0.2249466
	speed: 2.0761s/iter; left time: 47095.3002s
	iters: 400, epoch: 54 | loss: 0.2108513
	speed: 2.0770s/iter; left time: 46906.0065s
Epoch: 54 cost time: 1017.0241866111755
Epoch: 54, Steps: 489 | Train Loss: 0.2315051 Vali Loss: 0.3255585 Test Loss: 0.3939587
EarlyStopping counter: 4 out of 10
Updating learning rate to 6.16685170975058e-05
	iters: 100, epoch: 55 | loss: 0.2285724
	speed: 4.4219s/iter; left time: 99028.7671s
	iters: 200, epoch: 55 | loss: 0.2283355
	speed: 2.0777s/iter; left time: 46323.0579s
	iters: 300, epoch: 55 | loss: 0.2041279
	speed: 2.0772s/iter; left time: 46103.4082s
	iters: 400, epoch: 55 | loss: 0.2328211
	speed: 2.0780s/iter; left time: 45913.6946s
Epoch: 55 cost time: 1017.3804097175598
Epoch: 55, Steps: 489 | Train Loss: 0.2313364 Vali Loss: 0.3238640 Test Loss: 0.3902040
Validation loss decreased (0.324820 --> 0.323864).  Saving model ...
Updating learning rate to 5.975073889241346e-05
	iters: 100, epoch: 56 | loss: 0.2371130
	speed: 4.4152s/iter; left time: 96719.0541s
	iters: 200, epoch: 56 | loss: 0.2416867
	speed: 2.0764s/iter; left time: 45278.4773s
	iters: 300, epoch: 56 | loss: 0.2177013
	speed: 2.0768s/iter; left time: 45078.1593s
	iters: 400, epoch: 56 | loss: 0.2279529
	speed: 2.0772s/iter; left time: 44879.9723s
Epoch: 56 cost time: 1017.3164157867432
Epoch: 56, Steps: 489 | Train Loss: 0.2311555 Vali Loss: 0.3250753 Test Loss: 0.3920912
EarlyStopping counter: 1 out of 10
Updating learning rate to 5.781792606308219e-05
	iters: 100, epoch: 57 | loss: 0.2232811
	speed: 4.4241s/iter; left time: 94750.7151s
	iters: 200, epoch: 57 | loss: 0.2112392
	speed: 2.0762s/iter; left time: 44257.6813s
	iters: 300, epoch: 57 | loss: 0.2329909
	speed: 2.0776s/iter; left time: 44080.8544s
	iters: 400, epoch: 57 | loss: 0.2327424
	speed: 2.0765s/iter; left time: 43848.6654s
Epoch: 57 cost time: 1017.1813781261444
Epoch: 57, Steps: 489 | Train Loss: 0.2309712 Vali Loss: 0.3252233 Test Loss: 0.3926227
EarlyStopping counter: 2 out of 10
Updating learning rate to 5.587305886680174e-05
	iters: 100, epoch: 58 | loss: 0.2368523
	speed: 4.4155s/iter; left time: 92407.1187s
	iters: 200, epoch: 58 | loss: 0.2239051
	speed: 2.0772s/iter; left time: 43262.9984s
	iters: 300, epoch: 58 | loss: 0.2246992
	speed: 2.0765s/iter; left time: 43042.4605s
	iters: 400, epoch: 58 | loss: 0.2358944
	speed: 2.0778s/iter; left time: 42861.6535s
Epoch: 58 cost time: 1017.1539566516876
Epoch: 58, Steps: 489 | Train Loss: 0.2308043 Vali Loss: 0.3242713 Test Loss: 0.3908212
EarlyStopping counter: 3 out of 10
Updating learning rate to 5.391913614782197e-05
	iters: 100, epoch: 59 | loss: 0.2456915
	speed: 4.4217s/iter; left time: 90375.0376s
	iters: 200, epoch: 59 | loss: 0.2353578
	speed: 2.0780s/iter; left time: 42263.9616s
	iters: 300, epoch: 59 | loss: 0.2117291
	speed: 2.0774s/iter; left time: 42045.5074s
	iters: 400, epoch: 59 | loss: 0.2204431
	speed: 2.0774s/iter; left time: 41836.1339s
Epoch: 59 cost time: 1017.7082369327545
Epoch: 59, Steps: 489 | Train Loss: 0.2306927 Vali Loss: 0.3247539 Test Loss: 0.3921323
EarlyStopping counter: 4 out of 10
Updating learning rate to 5.195917071335242e-05
	iters: 100, epoch: 60 | loss: 0.2289348
	speed: 4.4251s/iter; left time: 88280.8509s
	iters: 200, epoch: 60 | loss: 0.2282401
	speed: 2.0787s/iter; left time: 41262.3459s
	iters: 300, epoch: 60 | loss: 0.2239431
	speed: 2.0774s/iter; left time: 41029.2457s
	iters: 400, epoch: 60 | loss: 0.2173441
	speed: 2.0785s/iter; left time: 40842.3881s
Epoch: 60 cost time: 1017.9953374862671
Epoch: 60, Steps: 489 | Train Loss: 0.2305190 Vali Loss: 0.3246865 Test Loss: 0.3923723
EarlyStopping counter: 5 out of 10
Updating learning rate to 4.999618468803191e-05
	iters: 100, epoch: 61 | loss: 0.2479253
	speed: 4.4229s/iter; left time: 86074.9379s
	iters: 200, epoch: 61 | loss: 0.2410128
	speed: 2.0784s/iter; left time: 40240.2660s
	iters: 300, epoch: 61 | loss: 0.2312945
	speed: 2.0778s/iter; left time: 40019.8819s
	iters: 400, epoch: 61 | loss: 0.2748676
	speed: 2.0780s/iter; left time: 39815.6007s
Epoch: 61 cost time: 1017.892644405365
Epoch: 61, Steps: 489 | Train Loss: 0.2304383 Vali Loss: 0.3239791 Test Loss: 0.3916281
EarlyStopping counter: 6 out of 10
Updating learning rate to 4.803320485403141e-05
	iters: 100, epoch: 62 | loss: 0.2487696
	speed: 4.4295s/iter; left time: 84037.3980s
	iters: 200, epoch: 62 | loss: 0.2320164
	speed: 2.0788s/iter; left time: 39231.7776s
	iters: 300, epoch: 62 | loss: 0.2327609
	speed: 2.0773s/iter; left time: 38995.7432s
	iters: 400, epoch: 62 | loss: 0.2339946
	speed: 2.0762s/iter; left time: 38766.3574s
Epoch: 62 cost time: 1017.5154528617859
Epoch: 62, Steps: 489 | Train Loss: 0.2302608 Vali Loss: 0.3240255 Test Loss: 0.3918705
EarlyStopping counter: 7 out of 10
Updating learning rate to 4.6073257983975366e-05
	iters: 100, epoch: 63 | loss: 0.2350736
	speed: 4.4173s/iter; left time: 81644.9171s
	iters: 200, epoch: 63 | loss: 0.2582783
	speed: 2.0764s/iter; left time: 38171.2908s
	iters: 300, epoch: 63 | loss: 0.2546182
	speed: 2.0783s/iter; left time: 37997.7795s
	iters: 400, epoch: 63 | loss: 0.2448390
	speed: 2.0763s/iter; left time: 37752.8441s
Epoch: 63 cost time: 1017.2649257183075
Epoch: 63, Steps: 489 | Train Loss: 0.2301576 Vali Loss: 0.3229829 Test Loss: 0.3895635
Validation loss decreased (0.323864 --> 0.322983).  Saving model ...
Updating learning rate to 4.411936617387757e-05
	iters: 100, epoch: 64 | loss: 0.2360208
	speed: 4.4286s/iter; left time: 79688.3711s
	iters: 200, epoch: 64 | loss: 0.2098088
	speed: 2.0768s/iter; left time: 37162.0520s
	iters: 300, epoch: 64 | loss: 0.2229010
	speed: 2.0781s/iter; left time: 36977.6617s
	iters: 400, epoch: 64 | loss: 0.2340650
	speed: 2.0778s/iter; left time: 36764.5589s
Epoch: 64 cost time: 1017.6646010875702
Epoch: 64, Steps: 489 | Train Loss: 0.2300230 Vali Loss: 0.3243257 Test Loss: 0.3918920
EarlyStopping counter: 1 out of 10
Updating learning rate to 4.217454218328834e-05
	iters: 100, epoch: 65 | loss: 0.2157119
	speed: 4.4220s/iter; left time: 77406.3947s
	iters: 200, epoch: 65 | loss: 0.2501240
	speed: 2.0775s/iter; left time: 36159.5923s
	iters: 300, epoch: 65 | loss: 0.2401560
	speed: 2.0775s/iter; left time: 35950.5602s
	iters: 400, epoch: 65 | loss: 0.2176483
	speed: 2.0788s/iter; left time: 35766.4164s
Epoch: 65 cost time: 1017.8145096302032
Epoch: 65, Steps: 489 | Train Loss: 0.2298811 Vali Loss: 0.3242428 Test Loss: 0.3919098
EarlyStopping counter: 2 out of 10
Updating learning rate to 4.024178478983747e-05
	iters: 100, epoch: 66 | loss: 0.2276519
	speed: 4.4201s/iter; left time: 75211.8106s
	iters: 200, epoch: 66 | loss: 0.2215611
	speed: 2.0770s/iter; left time: 35134.4568s
	iters: 300, epoch: 66 | loss: 0.2195958
	speed: 2.0771s/iter; left time: 34928.9667s
	iters: 400, epoch: 66 | loss: 0.2333333
	speed: 2.0755s/iter; left time: 34693.5794s
Epoch: 66 cost time: 1017.4191794395447
Epoch: 66, Steps: 489 | Train Loss: 0.2297723 Vali Loss: 0.3231547 Test Loss: 0.3901652
EarlyStopping counter: 3 out of 10
Updating learning rate to 3.832407416533663e-05
	iters: 100, epoch: 67 | loss: 0.2227091
	speed: 4.4164s/iter; left time: 72990.4317s
	iters: 200, epoch: 67 | loss: 0.2420952
	speed: 2.0769s/iter; left time: 34116.4901s
	iters: 300, epoch: 67 | loss: 0.2301611
	speed: 2.0769s/iter; left time: 33910.3261s
	iters: 400, epoch: 67 | loss: 0.2177754
	speed: 2.0775s/iter; left time: 33712.1122s
Epoch: 67 cost time: 1017.2967655658722
Epoch: 67, Steps: 489 | Train Loss: 0.2296609 Vali Loss: 0.3231131 Test Loss: 0.3899934
EarlyStopping counter: 4 out of 10
Updating learning rate to 3.6424367280570366e-05
	iters: 100, epoch: 68 | loss: 0.2386504
	speed: 4.4142s/iter; left time: 70795.4962s
	iters: 200, epoch: 68 | loss: 0.2052678
	speed: 2.0756s/iter; left time: 33081.2884s
	iters: 300, epoch: 68 | loss: 0.2460134
	speed: 2.0774s/iter; left time: 32902.3972s
	iters: 400, epoch: 68 | loss: 0.2346300
	speed: 2.0757s/iter; left time: 32666.5947s
Epoch: 68 cost time: 1017.0676896572113
Epoch: 68, Steps: 489 | Train Loss: 0.2295658 Vali Loss: 0.3226674 Test Loss: 0.3893738
Validation loss decreased (0.322983 --> 0.322667).  Saving model ...
Updating learning rate to 3.454559334586145e-05
	iters: 100, epoch: 69 | loss: 0.2508935
	speed: 4.4213s/iter; left time: 68747.2143s
	iters: 200, epoch: 69 | loss: 0.2407602
	speed: 2.0785s/iter; left time: 32110.4653s
	iters: 300, epoch: 69 | loss: 0.2286569
	speed: 2.0777s/iter; left time: 31891.2568s
	iters: 400, epoch: 69 | loss: 0.2522946
	speed: 2.0775s/iter; left time: 31679.9648s
Epoch: 69 cost time: 1017.7509858608246
Epoch: 69, Steps: 489 | Train Loss: 0.2294220 Vali Loss: 0.3227656 Test Loss: 0.3893677
EarlyStopping counter: 1 out of 10
Updating learning rate to 3.269064929444102e-05
	iters: 100, epoch: 70 | loss: 0.2221922
	speed: 4.4184s/iter; left time: 66541.7599s
	iters: 200, epoch: 70 | loss: 0.2109765
	speed: 2.0767s/iter; left time: 31067.4443s
	iters: 300, epoch: 70 | loss: 0.2139473
	speed: 2.0758s/iter; left time: 30846.7510s
	iters: 400, epoch: 70 | loss: 0.2428926
	speed: 2.0772s/iter; left time: 30659.3141s
Epoch: 70 cost time: 1017.138375043869
Epoch: 70, Steps: 489 | Train Loss: 0.2293625 Vali Loss: 0.3225400 Test Loss: 0.3902189
Validation loss decreased (0.322667 --> 0.322540).  Saving model ...
Updating learning rate to 3.086239531558729e-05
	iters: 100, epoch: 71 | loss: 0.2342954
	speed: 4.4218s/iter; left time: 64430.5030s
	iters: 200, epoch: 71 | loss: 0.2374794
	speed: 2.0768s/iter; left time: 30053.3786s
	iters: 300, epoch: 71 | loss: 0.2127667
	speed: 2.0776s/iter; left time: 29857.1893s
	iters: 400, epoch: 71 | loss: 0.2636591
	speed: 2.0762s/iter; left time: 29629.1844s
Epoch: 71 cost time: 1017.2001113891602
Epoch: 71, Steps: 489 | Train Loss: 0.2292289 Vali Loss: 0.3226374 Test Loss: 0.3898807
EarlyStopping counter: 1 out of 10
Updating learning rate to 2.9063650444421153e-05
	iters: 100, epoch: 72 | loss: 0.2246383
	speed: 4.4129s/iter; left time: 62142.6259s
	iters: 200, epoch: 72 | loss: 0.2451175
	speed: 2.0766s/iter; left time: 29034.4296s
	iters: 300, epoch: 72 | loss: 0.2585114
	speed: 2.0765s/iter; left time: 28825.9134s
	iters: 400, epoch: 72 | loss: 0.2156751
	speed: 2.0770s/iter; left time: 28625.7384s
Epoch: 72 cost time: 1017.1356055736542
Epoch: 72, Steps: 489 | Train Loss: 0.2291531 Vali Loss: 0.3227396 Test Loss: 0.3896855
EarlyStopping counter: 2 out of 10
Updating learning rate to 2.7297188215158336e-05
	iters: 100, epoch: 73 | loss: 0.2162138
	speed: 4.4210s/iter; left time: 60093.9754s
	iters: 200, epoch: 73 | loss: 0.2126835
	speed: 2.0764s/iter; left time: 28016.2598s
	iters: 300, epoch: 73 | loss: 0.2241901
	speed: 2.0773s/iter; left time: 27821.8952s
	iters: 400, epoch: 73 | loss: 0.2196043
	speed: 2.0772s/iter; left time: 27612.2746s
Epoch: 73 cost time: 1017.4259507656097
Epoch: 73, Steps: 489 | Train Loss: 0.2290866 Vali Loss: 0.3224630 Test Loss: 0.3895045
Validation loss decreased (0.322540 --> 0.322463).  Saving model ...
Updating learning rate to 2.556573238452062e-05
	iters: 100, epoch: 74 | loss: 0.2438412
	speed: 4.4163s/iter; left time: 57870.9740s
	iters: 200, epoch: 74 | loss: 0.2149402
	speed: 2.0762s/iter; left time: 26999.5375s
	iters: 300, epoch: 74 | loss: 0.2217411
	speed: 2.0765s/iter; left time: 26795.2977s
	iters: 400, epoch: 74 | loss: 0.2399809
	speed: 2.0757s/iter; left time: 26576.8124s
Epoch: 74 cost time: 1017.0124840736389
Epoch: 74, Steps: 489 | Train Loss: 0.2289788 Vali Loss: 0.3226305 Test Loss: 0.3899153
EarlyStopping counter: 1 out of 10
Updating learning rate to 2.3871952731900458e-05
	iters: 100, epoch: 75 | loss: 0.2163550
	speed: 4.4193s/iter; left time: 55749.3660s
	iters: 200, epoch: 75 | loss: 0.2286415
	speed: 2.0767s/iter; left time: 25990.3896s
	iters: 300, epoch: 75 | loss: 0.2390948
	speed: 2.0778s/iter; left time: 25795.4070s
	iters: 400, epoch: 75 | loss: 0.2326632
	speed: 2.0771s/iter; left time: 25579.4312s
Epoch: 75 cost time: 1017.3515114784241
Epoch: 75, Steps: 489 | Train Loss: 0.2288745 Vali Loss: 0.3231919 Test Loss: 0.3907578
EarlyStopping counter: 2 out of 10
Updating learning rate to 2.2218460942754563e-05
	iters: 100, epoch: 76 | loss: 0.2516977
	speed: 4.4216s/iter; left time: 53616.3676s
	iters: 200, epoch: 76 | loss: 0.2419819
	speed: 2.0761s/iter; left time: 24967.1909s
	iters: 300, epoch: 76 | loss: 0.2187738
	speed: 2.0764s/iter; left time: 24763.6821s
	iters: 400, epoch: 76 | loss: 0.2127194
	speed: 2.0768s/iter; left time: 24559.7131s
Epoch: 76 cost time: 1017.1141450405121
Epoch: 76, Steps: 489 | Train Loss: 0.2287910 Vali Loss: 0.3220544 Test Loss: 0.3893003
Validation loss decreased (0.322463 --> 0.322054).  Saving model ...
Updating learning rate to 2.06078065815743e-05
	iters: 100, epoch: 77 | loss: 0.2318192
	speed: 4.4195s/iter; left time: 51430.1651s
	iters: 200, epoch: 77 | loss: 0.2508689
	speed: 2.0779s/iter; left time: 23972.5251s
	iters: 300, epoch: 77 | loss: 0.2143437
	speed: 2.0781s/iter; left time: 23767.0543s
	iters: 400, epoch: 77 | loss: 0.2321027
	speed: 2.0767s/iter; left time: 23543.8043s
Epoch: 77 cost time: 1017.4070484638214
Epoch: 77, Steps: 489 | Train Loss: 0.2287250 Vali Loss: 0.3223091 Test Loss: 0.3899225
EarlyStopping counter: 1 out of 10
Updating learning rate to 1.90424731606421e-05
	iters: 100, epoch: 78 | loss: 0.2278829
	speed: 4.4302s/iter; left time: 49388.2248s
	iters: 200, epoch: 78 | loss: 0.2181533
	speed: 2.0769s/iter; left time: 22945.0525s
	iters: 300, epoch: 78 | loss: 0.2348570
	speed: 2.0768s/iter; left time: 22736.3254s
	iters: 400, epoch: 78 | loss: 0.2122889
	speed: 2.0758s/iter; left time: 22518.0636s
Epoch: 78 cost time: 1017.4018476009369
Epoch: 78, Steps: 489 | Train Loss: 0.2286047 Vali Loss: 0.3221180 Test Loss: 0.3897621
EarlyStopping counter: 2 out of 10
Updating learning rate to 1.752487431063537e-05
	iters: 100, epoch: 79 | loss: 0.2462695
	speed: 4.4097s/iter; left time: 47003.4122s
	iters: 200, epoch: 79 | loss: 0.2258751
	speed: 2.0764s/iter; left time: 21924.8939s
	iters: 300, epoch: 79 | loss: 0.2391286
	speed: 2.0766s/iter; left time: 21719.0273s
	iters: 400, epoch: 79 | loss: 0.2364773
	speed: 2.0768s/iter; left time: 21513.4208s
Epoch: 79 cost time: 1016.9658508300781
Epoch: 79, Steps: 489 | Train Loss: 0.2285830 Vali Loss: 0.3229508 Test Loss: 0.3907521
EarlyStopping counter: 3 out of 10
Updating learning rate to 1.6057350058983098e-05
	iters: 100, epoch: 80 | loss: 0.2241686
	speed: 4.4171s/iter; left time: 44921.4550s
	iters: 200, epoch: 80 | loss: 0.2337559
	speed: 2.0760s/iter; left time: 20905.6961s
	iters: 300, epoch: 80 | loss: 0.2329160
	speed: 2.0763s/iter; left time: 20700.8554s
	iters: 400, epoch: 80 | loss: 0.2212394
	speed: 2.0768s/iter; left time: 20498.2835s
Epoch: 80 cost time: 1017.0101952552795
Epoch: 80, Steps: 489 | Train Loss: 0.2285303 Vali Loss: 0.3221256 Test Loss: 0.3889079
EarlyStopping counter: 4 out of 10
Updating learning rate to 1.4642163221713024e-05
	iters: 100, epoch: 81 | loss: 0.2282380
	speed: 4.4071s/iter; left time: 42665.2431s
	iters: 200, epoch: 81 | loss: 0.2499664
	speed: 2.0763s/iter; left time: 19892.6610s
	iters: 300, epoch: 81 | loss: 0.2446149
	speed: 2.0762s/iter; left time: 19684.5524s
	iters: 400, epoch: 81 | loss: 0.2352135
	speed: 2.0752s/iter; left time: 19467.5665s
Epoch: 81 cost time: 1016.9534392356873
Epoch: 81, Steps: 489 | Train Loss: 0.2284490 Vali Loss: 0.3221944 Test Loss: 0.3891006
EarlyStopping counter: 5 out of 10
Updating learning rate to 1.3281495914353435e-05
	iters: 100, epoch: 82 | loss: 0.2057049
	speed: 4.4048s/iter; left time: 40488.7051s
	iters: 200, epoch: 82 | loss: 0.2295717
	speed: 2.0769s/iter; left time: 18883.3017s
	iters: 300, epoch: 82 | loss: 0.2343225
	speed: 2.0766s/iter; left time: 18673.1624s
	iters: 400, epoch: 82 | loss: 0.2247768
	speed: 2.0760s/iter; left time: 18459.7188s
Epoch: 82 cost time: 1016.9040038585663
Epoch: 82, Steps: 489 | Train Loss: 0.2284133 Vali Loss: 0.3223179 Test Loss: 0.3894062
EarlyStopping counter: 6 out of 10
Updating learning rate to 1.1977446187269146e-05
	iters: 100, epoch: 83 | loss: 0.2235885
	speed: 4.4123s/iter; left time: 38400.4032s
	iters: 200, epoch: 83 | loss: 0.2204766
	speed: 2.0759s/iter; left time: 17859.3744s
	iters: 300, epoch: 83 | loss: 0.2186488
	speed: 2.0760s/iter; left time: 17652.4420s
	iters: 400, epoch: 83 | loss: 0.2206598
	speed: 2.0747s/iter; left time: 17433.4578s
Epoch: 83 cost time: 1016.7578182220459
Epoch: 83, Steps: 489 | Train Loss: 0.2283369 Vali Loss: 0.3221870 Test Loss: 0.3892006
EarlyStopping counter: 7 out of 10
Updating learning rate to 1.0732024790619913e-05
	iters: 100, epoch: 84 | loss: 0.2181167
	speed: 4.4066s/iter; left time: 36196.2001s
	iters: 200, epoch: 84 | loss: 0.2301421
	speed: 2.0764s/iter; left time: 16848.0086s
	iters: 300, epoch: 84 | loss: 0.2302051
	speed: 2.0752s/iter; left time: 16630.9362s
	iters: 400, epoch: 84 | loss: 0.2187897
	speed: 2.0753s/iter; left time: 16424.1300s
Epoch: 84 cost time: 1016.7353255748749
Epoch: 84, Steps: 489 | Train Loss: 0.2283090 Vali Loss: 0.3218037 Test Loss: 0.3886102
Validation loss decreased (0.322054 --> 0.321804).  Saving model ...
Updating learning rate to 9.547152073929448e-06
	iters: 100, epoch: 85 | loss: 0.2340424
	speed: 4.4092s/iter; left time: 34060.9584s
	iters: 200, epoch: 85 | loss: 0.2307068
	speed: 2.0755s/iter; left time: 15825.8588s
	iters: 300, epoch: 85 | loss: 0.2324766
	speed: 2.0762s/iter; left time: 15623.5804s
	iters: 400, epoch: 85 | loss: 0.2366226
	speed: 2.0756s/iter; left time: 15411.2200s
Epoch: 85 cost time: 1016.6277322769165
Epoch: 85, Steps: 489 | Train Loss: 0.2282342 Vali Loss: 0.3216599 Test Loss: 0.3886689
Validation loss decreased (0.321804 --> 0.321660).  Saving model ...
Updating learning rate to 8.42465502504558e-06
	iters: 100, epoch: 86 | loss: 0.2326060
	speed: 4.4072s/iter; left time: 31890.5644s
	iters: 200, epoch: 86 | loss: 0.2378547
	speed: 2.0762s/iter; left time: 14815.6073s
	iters: 300, epoch: 86 | loss: 0.2125044
	speed: 2.0757s/iter; left time: 14604.6964s
	iters: 400, epoch: 86 | loss: 0.2201975
	speed: 2.0766s/iter; left time: 14402.9722s
Epoch: 86 cost time: 1016.8307299613953
Epoch: 86, Steps: 489 | Train Loss: 0.2281376 Vali Loss: 0.3217729 Test Loss: 0.3884108
EarlyStopping counter: 1 out of 10
Updating learning rate to 7.366264453057465e-06
	iters: 100, epoch: 87 | loss: 0.2329753
	speed: 4.4166s/iter; left time: 29798.9445s
	iters: 200, epoch: 87 | loss: 0.2212260
	speed: 2.0747s/iter; left time: 13790.4735s
	iters: 300, epoch: 87 | loss: 0.2328680
	speed: 2.0762s/iter; left time: 13593.1413s
	iters: 400, epoch: 87 | loss: 0.2122735
	speed: 2.0759s/iter; left time: 13383.4885s
Epoch: 87 cost time: 1016.7888715267181
Epoch: 87, Steps: 489 | Train Loss: 0.2281526 Vali Loss: 0.3225888 Test Loss: 0.3899899
EarlyStopping counter: 2 out of 10
Updating learning rate to 6.373612319513455e-06
	iters: 100, epoch: 88 | loss: 0.2276082
	speed: 4.4077s/iter; left time: 27583.1000s
	iters: 200, epoch: 88 | loss: 0.2259566
	speed: 2.0757s/iter; left time: 12782.2473s
	iters: 300, epoch: 88 | loss: 0.2460708
	speed: 2.0760s/iter; left time: 12576.2512s
	iters: 400, epoch: 88 | loss: 0.2562345
	speed: 2.0762s/iter; left time: 12370.1078s
Epoch: 88 cost time: 1016.7740163803101
Epoch: 88, Steps: 489 | Train Loss: 0.2280964 Vali Loss: 0.3223105 Test Loss: 0.3896264
EarlyStopping counter: 3 out of 10
Updating learning rate to 5.44822922205459e-06
	iters: 100, epoch: 89 | loss: 0.2035286
	speed: 4.4063s/iter; left time: 25419.9199s
	iters: 200, epoch: 89 | loss: 0.2317793
	speed: 2.0758s/iter; left time: 11767.4493s
	iters: 300, epoch: 89 | loss: 0.2582963
	speed: 2.0759s/iter; left time: 11560.8484s
	iters: 400, epoch: 89 | loss: 0.2044536
	speed: 2.0755s/iter; left time: 11350.7953s
Epoch: 89 cost time: 1016.5370366573334
Epoch: 89, Steps: 489 | Train Loss: 0.2280313 Vali Loss: 0.3221430 Test Loss: 0.3890239
EarlyStopping counter: 4 out of 10
Updating learning rate to 4.5915420343440705e-06
	iters: 100, epoch: 90 | loss: 0.2402161
	speed: 4.4082s/iter; left time: 23275.0979s
	iters: 200, epoch: 90 | loss: 0.2553263
	speed: 2.0753s/iter; left time: 10750.0625s
	iters: 300, epoch: 90 | loss: 0.2242593
	speed: 2.0754s/iter; left time: 10542.9965s
	iters: 400, epoch: 90 | loss: 0.2182756
	speed: 2.0756s/iter; left time: 10336.2633s
Epoch: 90 cost time: 1016.5978832244873
Epoch: 90, Steps: 489 | Train Loss: 0.2280455 Vali Loss: 0.3219742 Test Loss: 0.3888187
EarlyStopping counter: 5 out of 10
Updating learning rate to 3.8048717059314016e-06
	iters: 100, epoch: 91 | loss: 0.2220731
	speed: 4.4106s/iter; left time: 21131.3514s
	iters: 200, epoch: 91 | loss: 0.2446885
	speed: 2.0757s/iter; left time: 9736.9498s
	iters: 300, epoch: 91 | loss: 0.2527508
	speed: 2.0762s/iter; left time: 9531.9695s
	iters: 400, epoch: 91 | loss: 0.2110733
	speed: 2.0759s/iter; left time: 9322.9608s
Epoch: 91 cost time: 1016.7706265449524
Epoch: 91, Steps: 489 | Train Loss: 0.2279672 Vali Loss: 0.3221201 Test Loss: 0.3893204
EarlyStopping counter: 6 out of 10
Updating learning rate to 3.089431225443996e-06
	iters: 100, epoch: 92 | loss: 0.2130002
	speed: 4.4025s/iter; left time: 18939.5853s
	iters: 200, epoch: 92 | loss: 0.2162597
	speed: 2.0746s/iter; left time: 8717.5849s
	iters: 300, epoch: 92 | loss: 0.2271504
	speed: 2.0758s/iter; left time: 8514.8642s
	iters: 400, epoch: 92 | loss: 0.2346418
	speed: 2.0754s/iter; left time: 8305.8900s
Epoch: 92 cost time: 1016.6206862926483
Epoch: 92, Steps: 489 | Train Loss: 0.2279565 Vali Loss: 0.3220454 Test Loss: 0.3889893
EarlyStopping counter: 7 out of 10
Updating learning rate to 2.4463237502466075e-06
	iters: 100, epoch: 93 | loss: 0.2241279
	speed: 4.4050s/iter; left time: 16796.4279s
	iters: 200, epoch: 93 | loss: 0.2227037
	speed: 2.0754s/iter; left time: 7705.8066s
	iters: 300, epoch: 93 | loss: 0.2417243
	speed: 2.0763s/iter; left time: 7501.7046s
	iters: 400, epoch: 93 | loss: 0.2318959
	speed: 2.0750s/iter; left time: 7289.4317s
Epoch: 93 cost time: 1016.7157626152039
Epoch: 93, Steps: 489 | Train Loss: 0.2279202 Vali Loss: 0.3215930 Test Loss: 0.3885922
Validation loss decreased (0.321660 --> 0.321593).  Saving model ...
Updating learning rate to 1.8765409054526343e-06
	iters: 100, epoch: 94 | loss: 0.2272993
	speed: 4.4084s/iter; left time: 14653.5664s
	iters: 200, epoch: 94 | loss: 0.2303671
	speed: 2.0761s/iter; left time: 6693.3109s
	iters: 300, epoch: 94 | loss: 0.2080734
	speed: 2.0759s/iter; left time: 6485.2491s
	iters: 400, epoch: 94 | loss: 0.1926844
	speed: 2.0765s/iter; left time: 6279.4367s
Epoch: 94 cost time: 1016.98561668396
Epoch: 94, Steps: 489 | Train Loss: 0.2279372 Vali Loss: 0.3218913 Test Loss: 0.3890412
EarlyStopping counter: 1 out of 10
Updating learning rate to 1.3809612549100692e-06
	iters: 100, epoch: 95 | loss: 0.2350474
	speed: 4.4108s/iter; left time: 12504.7354s
	iters: 200, epoch: 95 | loss: 0.2272935
	speed: 2.0769s/iter; left time: 5680.2254s
	iters: 300, epoch: 95 | loss: 0.2191285
	speed: 2.0759s/iter; left time: 5469.9671s
	iters: 400, epoch: 95 | loss: 0.2315872
	speed: 2.0763s/iter; left time: 5263.3904s
Epoch: 95 cost time: 1016.9692709445953
Epoch: 95, Steps: 489 | Train Loss: 0.2279090 Vali Loss: 0.3218485 Test Loss: 0.3888575
EarlyStopping counter: 2 out of 10
Updating learning rate to 9.60348946519708e-07
	iters: 100, epoch: 96 | loss: 0.2253401
	speed: 4.4050s/iter; left time: 10334.1310s
	iters: 200, epoch: 96 | loss: 0.2184203
	speed: 2.0768s/iter; left time: 4664.4157s
	iters: 300, epoch: 96 | loss: 0.2209008
	speed: 2.0767s/iter; left time: 4456.6685s
	iters: 400, epoch: 96 | loss: 0.2332637
	speed: 2.0760s/iter; left time: 4247.5400s
Epoch: 96 cost time: 1016.752605676651
Epoch: 96, Steps: 489 | Train Loss: 0.2278866 Vali Loss: 0.3219624 Test Loss: 0.3891169
EarlyStopping counter: 3 out of 10
Updating learning rate to 6.153525339744947e-07
	iters: 100, epoch: 97 | loss: 0.2312394
	speed: 4.4045s/iter; left time: 8179.2443s
	iters: 200, epoch: 97 | loss: 0.2144676
	speed: 2.0753s/iter; left time: 3646.3010s
	iters: 300, epoch: 97 | loss: 0.2234240
	speed: 2.0758s/iter; left time: 3439.6059s
	iters: 400, epoch: 97 | loss: 0.2169611
	speed: 2.0772s/iter; left time: 3234.2574s
Epoch: 97 cost time: 1016.713742017746
Epoch: 97, Steps: 489 | Train Loss: 0.2278898 Vali Loss: 0.3218557 Test Loss: 0.3889018
EarlyStopping counter: 4 out of 10
Updating learning rate to 3.4650397673675525e-07
	iters: 100, epoch: 98 | loss: 0.2336542
	speed: 4.4131s/iter; left time: 6037.1187s
	iters: 200, epoch: 98 | loss: 0.2343632
	speed: 2.0765s/iter; left time: 2632.9913s
	iters: 300, epoch: 98 | loss: 0.2475353
	speed: 2.0777s/iter; left time: 2426.8020s
	iters: 400, epoch: 98 | loss: 0.2125868
	speed: 2.0749s/iter; left time: 2215.9951s
Epoch: 98 cost time: 1017.1793849468231
Epoch: 98, Steps: 489 | Train Loss: 0.2278536 Vali Loss: 0.3219538 Test Loss: 0.3889547
EarlyStopping counter: 5 out of 10
Updating learning rate to 1.5421781979520172e-07
	iters: 100, epoch: 99 | loss: 0.2183403
	speed: 4.4047s/iter; left time: 3871.7675s
	iters: 200, epoch: 99 | loss: 0.2317985
	speed: 2.0769s/iter; left time: 1617.8925s
	iters: 300, epoch: 99 | loss: 0.2329813
	speed: 2.0755s/iter; left time: 1409.2358s
	iters: 400, epoch: 99 | loss: 0.2296666
	speed: 2.0760s/iter; left time: 1201.9773s
Epoch: 99 cost time: 1016.5981018543243
Epoch: 99, Steps: 489 | Train Loss: 0.2278507 Vali Loss: 0.3220470 Test Loss: 0.3889485
EarlyStopping counter: 6 out of 10
Updating learning rate to 3.879055446666328e-08
	iters: 100, epoch: 100 | loss: 0.2238025
	speed: 4.4082s/iter; left time: 1719.2011s
	iters: 200, epoch: 100 | loss: 0.2116515
	speed: 2.0751s/iter; left time: 601.7894s
	iters: 300, epoch: 100 | loss: 0.2253749
	speed: 2.0761s/iter; left time: 394.4498s
	iters: 400, epoch: 100 | loss: 0.2129711
	speed: 2.0775s/iter; left time: 186.9740s
Epoch: 100 cost time: 1016.7877888679504
Epoch: 100, Steps: 489 | Train Loss: 0.2278930 Vali Loss: 0.3220420 Test Loss: 0.3889448
EarlyStopping counter: 7 out of 10
Updating learning rate to 4.001612279466742e-10
>>>>>>>testing : traffic_336_192_PatchTSFL_custom_ftM_sl336_ll48_pl192_dm128_nh8_el3_dl1_df256_fc1_ebtimeF_dtTrue_Exp_0<<<<<<<<<<<<<<<<<<<<<<<<<<<<<<<<<
test 3317
mse:0.38859042525291443, mae:0.2666325867176056, rse:0.5143160820007324
