Args in experiment:
Namespace(activation='gelu', affine=0, batch_size=128, c_out=7, checkpoints='./checkpoints/', d_ff=128, d_layers=1, d_model=128, data='ETTh1', data_path='ETTh1.csv', dec_in=7, decomposition=0, des='Exp', devices='0,1,2,3', distil=True, do_predict=False, dropout=0.3, e_layers=3, embed='timeF', embed_type=0, enc_in=7, factor=1, fc_dropout=0.3, features='M', freq='h', gpu=0, head_dropout=0.0, individual=0, is_training=1, itr=1, kernel_size=25, label_len=48, learning_rate=0.0001, loss='mse', lradj='type3', model='PatchTSFL', model_id='336_720', moving_avg=25, n_heads=4, num_workers=10, output_attention=False, padding_patch='end', patch_len=16, patience=100, pct_start=0.3, pred_len=720, random_seed=2021, revin=1, root_path='./dataset/', seq_len=336, stride=8, subtract_last=0, target='OT', test_flop=False, train_epochs=100, use_amp=False, use_gpu=True, use_multi_gpu=False)
Use GPU: cuda:0
fourier enhanced block used!
modes=64, index=[0, 1, 2, 3, 4, 5, 6, 7, 8, 9, 10, 11, 12, 13, 14, 15, 16, 17, 18, 19, 20]
>>>>>>>start training : 336_720_PatchTSFL_ETTh1_ftM_sl336_ll48_pl720_dm128_nh4_el3_dl1_df128_fc1_ebtimeF_dtTrue_Exp_0>>>>>>>>>>>>>>>>>>>>>>>>>>
train 7585
val 2161
test 2161
Epoch: 1 cost time: 5.561870813369751
Epoch: 1, Steps: 59 | Train Loss: 0.8612959 Vali Loss: 1.8636036 Test Loss: 0.6896412
Validation loss decreased (inf --> 1.863604).  Saving model ...
Updating learning rate to 0.0001
Epoch: 2 cost time: 5.547480583190918
Epoch: 2, Steps: 59 | Train Loss: 0.7299453 Vali Loss: 1.5456643 Test Loss: 0.5303047
Validation loss decreased (1.863604 --> 1.545664).  Saving model ...
Updating learning rate to 0.0001
Epoch: 3 cost time: 5.470005512237549
Epoch: 3, Steps: 59 | Train Loss: 0.6412822 Vali Loss: 1.5156268 Test Loss: 0.5351292
Validation loss decreased (1.545664 --> 1.515627).  Saving model ...
Updating learning rate to 0.0001
Epoch: 4 cost time: 5.664685249328613
Epoch: 4, Steps: 59 | Train Loss: 0.6163401 Vali Loss: 1.4880466 Test Loss: 0.5303094
Validation loss decreased (1.515627 --> 1.488047).  Saving model ...
Updating learning rate to 9e-05
Epoch: 5 cost time: 5.677783012390137
Epoch: 5, Steps: 59 | Train Loss: 0.6024183 Vali Loss: 1.5299102 Test Loss: 0.5410537
EarlyStopping counter: 1 out of 100
Updating learning rate to 8.1e-05
Epoch: 6 cost time: 5.560904502868652
Epoch: 6, Steps: 59 | Train Loss: 0.5922172 Vali Loss: 1.5205984 Test Loss: 0.5280534
EarlyStopping counter: 2 out of 100
Updating learning rate to 7.290000000000001e-05
Epoch: 7 cost time: 5.482461452484131
Epoch: 7, Steps: 59 | Train Loss: 0.5836687 Vali Loss: 1.5144964 Test Loss: 0.5174142
EarlyStopping counter: 3 out of 100
Updating learning rate to 6.561e-05
Epoch: 8 cost time: 5.672444105148315
Epoch: 8, Steps: 59 | Train Loss: 0.5766044 Vali Loss: 1.5281845 Test Loss: 0.5083514
EarlyStopping counter: 4 out of 100
Updating learning rate to 5.904900000000001e-05
Epoch: 9 cost time: 5.432316541671753
Epoch: 9, Steps: 59 | Train Loss: 0.5707196 Vali Loss: 1.5303522 Test Loss: 0.5080778
EarlyStopping counter: 5 out of 100
Updating learning rate to 5.3144100000000005e-05
Epoch: 10 cost time: 5.500710487365723
Epoch: 10, Steps: 59 | Train Loss: 0.5655964 Vali Loss: 1.5328442 Test Loss: 0.5047751
EarlyStopping counter: 6 out of 100
Updating learning rate to 4.782969000000001e-05
Epoch: 11 cost time: 5.543405055999756
Epoch: 11, Steps: 59 | Train Loss: 0.5611562 Vali Loss: 1.5499794 Test Loss: 0.5047846
EarlyStopping counter: 7 out of 100
Updating learning rate to 4.304672100000001e-05
Epoch: 12 cost time: 5.436805725097656
Epoch: 12, Steps: 59 | Train Loss: 0.5567287 Vali Loss: 1.5657706 Test Loss: 0.5002891
EarlyStopping counter: 8 out of 100
Updating learning rate to 3.874204890000001e-05
Epoch: 13 cost time: 5.636052846908569
Epoch: 13, Steps: 59 | Train Loss: 0.5534973 Vali Loss: 1.5688064 Test Loss: 0.5035025
EarlyStopping counter: 9 out of 100
Updating learning rate to 3.486784401000001e-05
Epoch: 14 cost time: 5.404090642929077
Epoch: 14, Steps: 59 | Train Loss: 0.5500901 Vali Loss: 1.5822637 Test Loss: 0.4969739
EarlyStopping counter: 10 out of 100
Updating learning rate to 3.138105960900001e-05
Epoch: 15 cost time: 5.439432621002197
Epoch: 15, Steps: 59 | Train Loss: 0.5476420 Vali Loss: 1.5938808 Test Loss: 0.4968392
EarlyStopping counter: 11 out of 100
Updating learning rate to 2.824295364810001e-05
Epoch: 16 cost time: 5.477991104125977
Epoch: 16, Steps: 59 | Train Loss: 0.5447917 Vali Loss: 1.6157064 Test Loss: 0.4930565
EarlyStopping counter: 12 out of 100
Updating learning rate to 2.541865828329001e-05
Epoch: 17 cost time: 5.246876239776611
Epoch: 17, Steps: 59 | Train Loss: 0.5421501 Vali Loss: 1.5942485 Test Loss: 0.4953282
EarlyStopping counter: 13 out of 100
Updating learning rate to 2.287679245496101e-05
Epoch: 18 cost time: 5.257685422897339
Epoch: 18, Steps: 59 | Train Loss: 0.5405534 Vali Loss: 1.6221191 Test Loss: 0.4938432
EarlyStopping counter: 14 out of 100
Updating learning rate to 2.0589113209464907e-05
Epoch: 19 cost time: 5.427249193191528
Epoch: 19, Steps: 59 | Train Loss: 0.5386277 Vali Loss: 1.6070570 Test Loss: 0.4929863
EarlyStopping counter: 15 out of 100
Updating learning rate to 1.8530201888518416e-05
Epoch: 20 cost time: 5.4248058795928955
Epoch: 20, Steps: 59 | Train Loss: 0.5370473 Vali Loss: 1.6218046 Test Loss: 0.4926106
EarlyStopping counter: 16 out of 100
Updating learning rate to 1.6677181699666577e-05
Epoch: 21 cost time: 5.644749879837036
Epoch: 21, Steps: 59 | Train Loss: 0.5352982 Vali Loss: 1.6142035 Test Loss: 0.4929800
EarlyStopping counter: 17 out of 100
Updating learning rate to 1.5009463529699919e-05
Epoch: 22 cost time: 5.5712809562683105
Epoch: 22, Steps: 59 | Train Loss: 0.5344459 Vali Loss: 1.6175523 Test Loss: 0.4929753
EarlyStopping counter: 18 out of 100
Updating learning rate to 1.3508517176729929e-05
Epoch: 23 cost time: 5.411955833435059
Epoch: 23, Steps: 59 | Train Loss: 0.5334266 Vali Loss: 1.6105216 Test Loss: 0.4921224
EarlyStopping counter: 19 out of 100
Updating learning rate to 1.2157665459056936e-05
Epoch: 24 cost time: 5.6244730949401855
Epoch: 24, Steps: 59 | Train Loss: 0.5322360 Vali Loss: 1.6235675 Test Loss: 0.4918618
EarlyStopping counter: 20 out of 100
Updating learning rate to 1.0941898913151242e-05
Epoch: 25 cost time: 5.470067262649536
Epoch: 25, Steps: 59 | Train Loss: 0.5311973 Vali Loss: 1.6281910 Test Loss: 0.4914226
EarlyStopping counter: 21 out of 100
Updating learning rate to 9.847709021836118e-06
Epoch: 26 cost time: 5.670284032821655
Epoch: 26, Steps: 59 | Train Loss: 0.5298934 Vali Loss: 1.6223477 Test Loss: 0.4924690
EarlyStopping counter: 22 out of 100
Updating learning rate to 8.862938119652508e-06
Epoch: 27 cost time: 5.584121465682983
Epoch: 27, Steps: 59 | Train Loss: 0.5294368 Vali Loss: 1.6217155 Test Loss: 0.4908310
EarlyStopping counter: 23 out of 100
Updating learning rate to 7.976644307687255e-06
Epoch: 28 cost time: 5.664903163909912
Epoch: 28, Steps: 59 | Train Loss: 0.5287907 Vali Loss: 1.6400506 Test Loss: 0.4907980
EarlyStopping counter: 24 out of 100
Updating learning rate to 7.178979876918531e-06
Epoch: 29 cost time: 5.389027833938599
Epoch: 29, Steps: 59 | Train Loss: 0.5282218 Vali Loss: 1.6366971 Test Loss: 0.4899396
EarlyStopping counter: 25 out of 100
Updating learning rate to 6.4610818892266776e-06
Epoch: 30 cost time: 5.580156087875366
Epoch: 30, Steps: 59 | Train Loss: 0.5280384 Vali Loss: 1.6390569 Test Loss: 0.4905897
EarlyStopping counter: 26 out of 100
Updating learning rate to 5.8149737003040096e-06
Epoch: 31 cost time: 5.669813394546509
Epoch: 31, Steps: 59 | Train Loss: 0.5275591 Vali Loss: 1.6380379 Test Loss: 0.4903334
EarlyStopping counter: 27 out of 100
Updating learning rate to 5.23347633027361e-06
Epoch: 32 cost time: 5.429930686950684
Epoch: 32, Steps: 59 | Train Loss: 0.5270438 Vali Loss: 1.6338112 Test Loss: 0.4903492
EarlyStopping counter: 28 out of 100
Updating learning rate to 4.710128697246249e-06
Epoch: 33 cost time: 5.476858139038086
Epoch: 33, Steps: 59 | Train Loss: 0.5265616 Vali Loss: 1.6389616 Test Loss: 0.4899655
EarlyStopping counter: 29 out of 100
Updating learning rate to 4.239115827521624e-06
Epoch: 34 cost time: 5.510533094406128
Epoch: 34, Steps: 59 | Train Loss: 0.5261541 Vali Loss: 1.6408890 Test Loss: 0.4906829
EarlyStopping counter: 30 out of 100
Updating learning rate to 3.815204244769462e-06
Epoch: 35 cost time: 5.470860719680786
Epoch: 35, Steps: 59 | Train Loss: 0.5261175 Vali Loss: 1.6407743 Test Loss: 0.4901863
EarlyStopping counter: 31 out of 100
Updating learning rate to 3.4336838202925152e-06
Epoch: 36 cost time: 5.532793283462524
Epoch: 36, Steps: 59 | Train Loss: 0.5256500 Vali Loss: 1.6370831 Test Loss: 0.4905443
EarlyStopping counter: 32 out of 100
Updating learning rate to 3.090315438263264e-06
Epoch: 37 cost time: 5.549543142318726
Epoch: 37, Steps: 59 | Train Loss: 0.5256362 Vali Loss: 1.6488686 Test Loss: 0.4897861
EarlyStopping counter: 33 out of 100
Updating learning rate to 2.7812838944369375e-06
Epoch: 38 cost time: 5.449883222579956
Epoch: 38, Steps: 59 | Train Loss: 0.5252402 Vali Loss: 1.6443690 Test Loss: 0.4901859
EarlyStopping counter: 34 out of 100
Updating learning rate to 2.503155504993244e-06
Epoch: 39 cost time: 5.444533109664917
Epoch: 39, Steps: 59 | Train Loss: 0.5250710 Vali Loss: 1.6406924 Test Loss: 0.4898398
EarlyStopping counter: 35 out of 100
Updating learning rate to 2.2528399544939195e-06
Epoch: 40 cost time: 5.553556442260742
Epoch: 40, Steps: 59 | Train Loss: 0.5254114 Vali Loss: 1.6500806 Test Loss: 0.4899214
EarlyStopping counter: 36 out of 100
Updating learning rate to 2.0275559590445276e-06
Epoch: 41 cost time: 5.3876793384552
Epoch: 41, Steps: 59 | Train Loss: 0.5248440 Vali Loss: 1.6383489 Test Loss: 0.4899183
EarlyStopping counter: 37 out of 100
Updating learning rate to 1.8248003631400751e-06
Epoch: 42 cost time: 5.45259952545166
Epoch: 42, Steps: 59 | Train Loss: 0.5246152 Vali Loss: 1.6450367 Test Loss: 0.4897093
EarlyStopping counter: 38 out of 100
Updating learning rate to 1.6423203268260676e-06
Epoch: 43 cost time: 5.471955060958862
Epoch: 43, Steps: 59 | Train Loss: 0.5243284 Vali Loss: 1.6364009 Test Loss: 0.4899151
EarlyStopping counter: 39 out of 100
Updating learning rate to 1.4780882941434609e-06
Epoch: 44 cost time: 5.460936784744263
Epoch: 44, Steps: 59 | Train Loss: 0.5245403 Vali Loss: 1.6420784 Test Loss: 0.4896202
EarlyStopping counter: 40 out of 100
Updating learning rate to 1.3302794647291146e-06
Epoch: 45 cost time: 5.8839311599731445
Epoch: 45, Steps: 59 | Train Loss: 0.5238102 Vali Loss: 1.6473997 Test Loss: 0.4897133
EarlyStopping counter: 41 out of 100
Updating learning rate to 1.1972515182562034e-06
Epoch: 46 cost time: 5.439142227172852
Epoch: 46, Steps: 59 | Train Loss: 0.5242628 Vali Loss: 1.6462641 Test Loss: 0.4897185
EarlyStopping counter: 42 out of 100
Updating learning rate to 1.077526366430583e-06
Epoch: 47 cost time: 5.56925368309021
Epoch: 47, Steps: 59 | Train Loss: 0.5241132 Vali Loss: 1.6422634 Test Loss: 0.4897176
EarlyStopping counter: 43 out of 100
Updating learning rate to 9.697737297875248e-07
Epoch: 48 cost time: 5.731699705123901
Epoch: 48, Steps: 59 | Train Loss: 0.5240449 Vali Loss: 1.6493349 Test Loss: 0.4896072
EarlyStopping counter: 44 out of 100
Updating learning rate to 8.727963568087723e-07
Epoch: 49 cost time: 5.731591463088989
Epoch: 49, Steps: 59 | Train Loss: 0.5235849 Vali Loss: 1.6476345 Test Loss: 0.4896653
EarlyStopping counter: 45 out of 100
Updating learning rate to 7.855167211278951e-07
Epoch: 50 cost time: 5.645840406417847
Epoch: 50, Steps: 59 | Train Loss: 0.5236303 Vali Loss: 1.6430975 Test Loss: 0.4899229
EarlyStopping counter: 46 out of 100
Updating learning rate to 7.069650490151056e-07
Epoch: 51 cost time: 5.511953353881836
Epoch: 51, Steps: 59 | Train Loss: 0.5238086 Vali Loss: 1.6474316 Test Loss: 0.4896389
EarlyStopping counter: 47 out of 100
Updating learning rate to 6.36268544113595e-07
Epoch: 52 cost time: 5.377078056335449
Epoch: 52, Steps: 59 | Train Loss: 0.5239813 Vali Loss: 1.6478682 Test Loss: 0.4896432
EarlyStopping counter: 48 out of 100
Updating learning rate to 5.726416897022355e-07
Epoch: 53 cost time: 5.54384446144104
Epoch: 53, Steps: 59 | Train Loss: 0.5233260 Vali Loss: 1.6489041 Test Loss: 0.4896206
EarlyStopping counter: 49 out of 100
Updating learning rate to 5.15377520732012e-07
Epoch: 54 cost time: 5.335163116455078
Epoch: 54, Steps: 59 | Train Loss: 0.5237141 Vali Loss: 1.6408777 Test Loss: 0.4895654
EarlyStopping counter: 50 out of 100
Updating learning rate to 4.6383976865881085e-07
Epoch: 55 cost time: 5.188255071640015
Epoch: 55, Steps: 59 | Train Loss: 0.5232972 Vali Loss: 1.6492991 Test Loss: 0.4896577
EarlyStopping counter: 51 out of 100
Updating learning rate to 4.174557917929298e-07
Epoch: 56 cost time: 5.3543970584869385
Epoch: 56, Steps: 59 | Train Loss: 0.5234364 Vali Loss: 1.6453946 Test Loss: 0.4896569
EarlyStopping counter: 52 out of 100
Updating learning rate to 3.7571021261363677e-07
Epoch: 57 cost time: 5.568603277206421
Epoch: 57, Steps: 59 | Train Loss: 0.5235584 Vali Loss: 1.6432369 Test Loss: 0.4897099
EarlyStopping counter: 53 out of 100
Updating learning rate to 3.381391913522731e-07
Epoch: 58 cost time: 5.473869562149048
Epoch: 58, Steps: 59 | Train Loss: 0.5232859 Vali Loss: 1.6474098 Test Loss: 0.4896752
EarlyStopping counter: 54 out of 100
Updating learning rate to 3.043252722170458e-07
Epoch: 59 cost time: 5.634148597717285
Epoch: 59, Steps: 59 | Train Loss: 0.5235758 Vali Loss: 1.6530656 Test Loss: 0.4896363
EarlyStopping counter: 55 out of 100
Updating learning rate to 2.7389274499534124e-07
Epoch: 60 cost time: 5.681519269943237
Epoch: 60, Steps: 59 | Train Loss: 0.5235831 Vali Loss: 1.6390729 Test Loss: 0.4896413
EarlyStopping counter: 56 out of 100
Updating learning rate to 2.465034704958071e-07
Epoch: 61 cost time: 5.572071075439453
Epoch: 61, Steps: 59 | Train Loss: 0.5234449 Vali Loss: 1.6436751 Test Loss: 0.4896491
EarlyStopping counter: 57 out of 100
Updating learning rate to 2.218531234462264e-07
Epoch: 62 cost time: 5.665138483047485
Epoch: 62, Steps: 59 | Train Loss: 0.5233402 Vali Loss: 1.6431724 Test Loss: 0.4896581
EarlyStopping counter: 58 out of 100
Updating learning rate to 1.9966781110160376e-07
Epoch: 63 cost time: 5.4344704151153564
Epoch: 63, Steps: 59 | Train Loss: 0.5233953 Vali Loss: 1.6419479 Test Loss: 0.4896412
EarlyStopping counter: 59 out of 100
Updating learning rate to 1.797010299914434e-07
Epoch: 64 cost time: 5.366501808166504
Epoch: 64, Steps: 59 | Train Loss: 0.5233225 Vali Loss: 1.6411200 Test Loss: 0.4896041
EarlyStopping counter: 60 out of 100
Updating learning rate to 1.6173092699229907e-07
Epoch: 65 cost time: 5.486825466156006
Epoch: 65, Steps: 59 | Train Loss: 0.5230314 Vali Loss: 1.6432083 Test Loss: 0.4896354
EarlyStopping counter: 61 out of 100
Updating learning rate to 1.4555783429306916e-07
Epoch: 66 cost time: 5.488824129104614
Epoch: 66, Steps: 59 | Train Loss: 0.5230040 Vali Loss: 1.6450344 Test Loss: 0.4896227
EarlyStopping counter: 62 out of 100
Updating learning rate to 1.3100205086376224e-07
Epoch: 67 cost time: 5.829632997512817
Epoch: 67, Steps: 59 | Train Loss: 0.5231907 Vali Loss: 1.6395472 Test Loss: 0.4896187
EarlyStopping counter: 63 out of 100
Updating learning rate to 1.1790184577738603e-07
Epoch: 68 cost time: 5.727336883544922
Epoch: 68, Steps: 59 | Train Loss: 0.5235460 Vali Loss: 1.6432141 Test Loss: 0.4896254
EarlyStopping counter: 64 out of 100
Updating learning rate to 1.0611166119964742e-07
Epoch: 69 cost time: 5.282513380050659
Epoch: 69, Steps: 59 | Train Loss: 0.5234877 Vali Loss: 1.6481938 Test Loss: 0.4896067
EarlyStopping counter: 65 out of 100
Updating learning rate to 9.550049507968268e-08
Epoch: 70 cost time: 5.411318063735962
Epoch: 70, Steps: 59 | Train Loss: 0.5234913 Vali Loss: 1.6478140 Test Loss: 0.4895889
EarlyStopping counter: 66 out of 100
Updating learning rate to 8.595044557171442e-08
Epoch: 71 cost time: 5.453193426132202
Epoch: 71, Steps: 59 | Train Loss: 0.5229137 Vali Loss: 1.6455635 Test Loss: 0.4895844
EarlyStopping counter: 67 out of 100
Updating learning rate to 7.735540101454298e-08
Epoch: 72 cost time: 5.463209390640259
Epoch: 72, Steps: 59 | Train Loss: 0.5230499 Vali Loss: 1.6469837 Test Loss: 0.4895889
EarlyStopping counter: 68 out of 100
Updating learning rate to 6.961986091308869e-08
Epoch: 73 cost time: 5.676555871963501
Epoch: 73, Steps: 59 | Train Loss: 0.5232224 Vali Loss: 1.6440246 Test Loss: 0.4895960
EarlyStopping counter: 69 out of 100
Updating learning rate to 6.265787482177981e-08
Epoch: 74 cost time: 5.532948017120361
Epoch: 74, Steps: 59 | Train Loss: 0.5230969 Vali Loss: 1.6433668 Test Loss: 0.4895920
EarlyStopping counter: 70 out of 100
Updating learning rate to 5.639208733960184e-08
Epoch: 75 cost time: 5.635456562042236
Epoch: 75, Steps: 59 | Train Loss: 0.5236328 Vali Loss: 1.6471591 Test Loss: 0.4895819
EarlyStopping counter: 71 out of 100
Updating learning rate to 5.075287860564165e-08
Epoch: 76 cost time: 5.689601182937622
Epoch: 76, Steps: 59 | Train Loss: 0.5232490 Vali Loss: 1.6431632 Test Loss: 0.4895840
EarlyStopping counter: 72 out of 100
Updating learning rate to 4.567759074507749e-08
Epoch: 77 cost time: 5.518801927566528
Epoch: 77, Steps: 59 | Train Loss: 0.5227289 Vali Loss: 1.6404535 Test Loss: 0.4895806
EarlyStopping counter: 73 out of 100
Updating learning rate to 4.1109831670569744e-08
Epoch: 78 cost time: 5.5263025760650635
Epoch: 78, Steps: 59 | Train Loss: 0.5227737 Vali Loss: 1.6437346 Test Loss: 0.4895843
EarlyStopping counter: 74 out of 100
Updating learning rate to 3.6998848503512764e-08
Epoch: 79 cost time: 5.638223171234131
Epoch: 79, Steps: 59 | Train Loss: 0.5228570 Vali Loss: 1.6478865 Test Loss: 0.4895685
EarlyStopping counter: 75 out of 100
Updating learning rate to 3.3298963653161496e-08
Epoch: 80 cost time: 5.667783737182617
Epoch: 80, Steps: 59 | Train Loss: 0.5231207 Vali Loss: 1.6446155 Test Loss: 0.4895819
EarlyStopping counter: 76 out of 100
Updating learning rate to 2.996906728784534e-08
Epoch: 81 cost time: 5.505934238433838
Epoch: 81, Steps: 59 | Train Loss: 0.5230893 Vali Loss: 1.6423275 Test Loss: 0.4895761
EarlyStopping counter: 77 out of 100
Updating learning rate to 2.697216055906081e-08
Epoch: 82 cost time: 5.630172252655029
Epoch: 82, Steps: 59 | Train Loss: 0.5231054 Vali Loss: 1.6490512 Test Loss: 0.4895781
EarlyStopping counter: 78 out of 100
Updating learning rate to 2.427494450315473e-08
Epoch: 83 cost time: 5.489249229431152
Epoch: 83, Steps: 59 | Train Loss: 0.5234775 Vali Loss: 1.6398848 Test Loss: 0.4895767
EarlyStopping counter: 79 out of 100
Updating learning rate to 2.1847450052839257e-08
Epoch: 84 cost time: 5.491491317749023
Epoch: 84, Steps: 59 | Train Loss: 0.5233905 Vali Loss: 1.6396708 Test Loss: 0.4895788
EarlyStopping counter: 80 out of 100
Updating learning rate to 1.9662705047555332e-08
Epoch: 85 cost time: 5.434267997741699
Epoch: 85, Steps: 59 | Train Loss: 0.5230540 Vali Loss: 1.6429536 Test Loss: 0.4895757
EarlyStopping counter: 81 out of 100
Updating learning rate to 1.7696434542799797e-08
Epoch: 86 cost time: 5.52750039100647
Epoch: 86, Steps: 59 | Train Loss: 0.5233867 Vali Loss: 1.6349664 Test Loss: 0.4895728
EarlyStopping counter: 82 out of 100
Updating learning rate to 1.5926791088519817e-08
Epoch: 87 cost time: 5.359683513641357
Epoch: 87, Steps: 59 | Train Loss: 0.5238240 Vali Loss: 1.6452577 Test Loss: 0.4895689
EarlyStopping counter: 83 out of 100
Updating learning rate to 1.4334111979667836e-08
Epoch: 88 cost time: 5.48247218132019
Epoch: 88, Steps: 59 | Train Loss: 0.5233281 Vali Loss: 1.6401687 Test Loss: 0.4895719
EarlyStopping counter: 84 out of 100
Updating learning rate to 1.2900700781701054e-08
Epoch: 89 cost time: 5.330775022506714
Epoch: 89, Steps: 59 | Train Loss: 0.5233533 Vali Loss: 1.6364789 Test Loss: 0.4895731
EarlyStopping counter: 85 out of 100
Updating learning rate to 1.161063070353095e-08
Epoch: 90 cost time: 5.520710468292236
Epoch: 90, Steps: 59 | Train Loss: 0.5228000 Vali Loss: 1.6440595 Test Loss: 0.4895736
EarlyStopping counter: 86 out of 100
Updating learning rate to 1.0449567633177854e-08
Epoch: 91 cost time: 5.474264860153198
Epoch: 91, Steps: 59 | Train Loss: 0.5236852 Vali Loss: 1.6430309 Test Loss: 0.4895714
EarlyStopping counter: 87 out of 100
Updating learning rate to 9.404610869860069e-09
Epoch: 92 cost time: 5.477702379226685
Epoch: 92, Steps: 59 | Train Loss: 0.5232551 Vali Loss: 1.6504264 Test Loss: 0.4895700
EarlyStopping counter: 88 out of 100
Updating learning rate to 8.464149782874063e-09
Epoch: 93 cost time: 5.465640544891357
Epoch: 93, Steps: 59 | Train Loss: 0.5237094 Vali Loss: 1.6425686 Test Loss: 0.4895723
EarlyStopping counter: 89 out of 100
Updating learning rate to 7.617734804586658e-09
Epoch: 94 cost time: 5.4330153465271
Epoch: 94, Steps: 59 | Train Loss: 0.5230234 Vali Loss: 1.6539195 Test Loss: 0.4895741
EarlyStopping counter: 90 out of 100
Updating learning rate to 6.855961324127991e-09
Epoch: 95 cost time: 5.616995334625244
Epoch: 95, Steps: 59 | Train Loss: 0.5231233 Vali Loss: 1.6417661 Test Loss: 0.4895740
EarlyStopping counter: 91 out of 100
Updating learning rate to 6.170365191715193e-09
Epoch: 96 cost time: 5.5343101024627686
Epoch: 96, Steps: 59 | Train Loss: 0.5227747 Vali Loss: 1.6520927 Test Loss: 0.4895730
EarlyStopping counter: 92 out of 100
Updating learning rate to 5.5533286725436726e-09
Epoch: 97 cost time: 5.44553542137146
Epoch: 97, Steps: 59 | Train Loss: 0.5241245 Vali Loss: 1.6372304 Test Loss: 0.4895728
EarlyStopping counter: 93 out of 100
Updating learning rate to 4.997995805289306e-09
Epoch: 98 cost time: 5.545104026794434
Epoch: 98, Steps: 59 | Train Loss: 0.5236139 Vali Loss: 1.6545875 Test Loss: 0.4895723
EarlyStopping counter: 94 out of 100
Updating learning rate to 4.498196224760375e-09
Epoch: 99 cost time: 5.546111822128296
Epoch: 99, Steps: 59 | Train Loss: 0.5233787 Vali Loss: 1.6468384 Test Loss: 0.4895728
EarlyStopping counter: 95 out of 100
Updating learning rate to 4.048376602284338e-09
Epoch: 100 cost time: 5.418269634246826
Epoch: 100, Steps: 59 | Train Loss: 0.5230824 Vali Loss: 1.6450560 Test Loss: 0.4895729
EarlyStopping counter: 96 out of 100
Updating learning rate to 3.643538942055904e-09
>>>>>>>testing : 336_720_PatchTSFL_ETTh1_ftM_sl336_ll48_pl720_dm128_nh4_el3_dl1_df128_fc1_ebtimeF_dtTrue_Exp_0<<<<<<<<<<<<<<<<<<<<<<<<<<<<<<<<<
test 2161
mse:0.5303094983100891, mae:0.4985930323600769, rse:0.6994388699531555
