Args in experiment:
Namespace(activation='gelu', affine=0, batch_size=128, c_out=7, checkpoints='./checkpoints/', d_ff=128, d_layers=1, d_model=16, data='ETTh1', data_path='ETTh1.csv', dec_in=7, decomposition=0, des='Exp', devices='0,1,2,3', distil=True, do_predict=False, dropout=0.3, e_layers=3, embed='timeF', embed_type=0, enc_in=7, factor=1, fc_dropout=0.3, features='M', freq='h', gpu=0, head_dropout=0.0, individual=0, is_training=1, itr=1, kernel_size=25, label_len=48, learning_rate=0.0001, loss='mse', lradj='type3', model='PatchTST', model_id='336_192', moving_avg=25, n_heads=4, num_workers=4, output_attention=False, padding_patch='end', patch_len=16, patience=100, pct_start=0.3, pred_len=192, random_seed=2021, revin=1, root_path='./dataset/', seq_len=336, stride=8, subtract_last=0, target='OT', test_flop=False, train_epochs=100, use_amp=False, use_gpu=True, use_multi_gpu=False)
Use GPU: cuda:0
>>>>>>>start training : 336_192_PatchTST_ETTh1_ftM_sl336_ll48_pl192_dm16_nh4_el3_dl1_df128_fc1_ebtimeF_dtTrue_Exp_0>>>>>>>>>>>>>>>>>>>>>>>>>>
train 8113
val 2689
test 2689
Epoch: 1 cost time: 1.895292043685913
Epoch: 1, Steps: 63 | Train Loss: 0.7652147 Vali Loss: 1.5942841 Test Loss: 0.8059009
Validation loss decreased (inf --> 1.594284).  Saving model ...
Updating learning rate to 0.0001
Epoch: 2 cost time: 2.004983425140381
Epoch: 2, Steps: 63 | Train Loss: 0.6110741 Vali Loss: 1.1048731 Test Loss: 0.5071711
Validation loss decreased (1.594284 --> 1.104873).  Saving model ...
Updating learning rate to 0.0001
Epoch: 3 cost time: 1.90440034866333
Epoch: 3, Steps: 63 | Train Loss: 0.5059911 Vali Loss: 1.0103192 Test Loss: 0.4616966
Validation loss decreased (1.104873 --> 1.010319).  Saving model ...
Updating learning rate to 0.0001
Epoch: 4 cost time: 1.8868310451507568
Epoch: 4, Steps: 63 | Train Loss: 0.4707553 Vali Loss: 0.9673270 Test Loss: 0.4448074
Validation loss decreased (1.010319 --> 0.967327).  Saving model ...
Updating learning rate to 9e-05
Epoch: 5 cost time: 2.0209178924560547
Epoch: 5, Steps: 63 | Train Loss: 0.4522383 Vali Loss: 0.9508866 Test Loss: 0.4351788
Validation loss decreased (0.967327 --> 0.950887).  Saving model ...
Updating learning rate to 8.1e-05
Epoch: 6 cost time: 1.9603235721588135
Epoch: 6, Steps: 63 | Train Loss: 0.4416222 Vali Loss: 0.9401783 Test Loss: 0.4291201
Validation loss decreased (0.950887 --> 0.940178).  Saving model ...
Updating learning rate to 7.290000000000001e-05
Epoch: 7 cost time: 2.0134475231170654
Epoch: 7, Steps: 63 | Train Loss: 0.4350583 Vali Loss: 0.9370033 Test Loss: 0.4252372
Validation loss decreased (0.940178 --> 0.937003).  Saving model ...
Updating learning rate to 6.561e-05
Epoch: 8 cost time: 2.0846314430236816
Epoch: 8, Steps: 63 | Train Loss: 0.4304740 Vali Loss: 0.9339627 Test Loss: 0.4227092
Validation loss decreased (0.937003 --> 0.933963).  Saving model ...
Updating learning rate to 5.904900000000001e-05
Epoch: 9 cost time: 1.9832501411437988
Epoch: 9, Steps: 63 | Train Loss: 0.4273553 Vali Loss: 0.9308187 Test Loss: 0.4207182
Validation loss decreased (0.933963 --> 0.930819).  Saving model ...
Updating learning rate to 5.3144100000000005e-05
Epoch: 10 cost time: 1.8675062656402588
Epoch: 10, Steps: 63 | Train Loss: 0.4247021 Vali Loss: 0.9307179 Test Loss: 0.4192387
Validation loss decreased (0.930819 --> 0.930718).  Saving model ...
Updating learning rate to 4.782969000000001e-05
Epoch: 11 cost time: 1.9353053569793701
Epoch: 11, Steps: 63 | Train Loss: 0.4228453 Vali Loss: 0.9296356 Test Loss: 0.4184334
Validation loss decreased (0.930718 --> 0.929636).  Saving model ...
Updating learning rate to 4.304672100000001e-05
Epoch: 12 cost time: 1.958986520767212
Epoch: 12, Steps: 63 | Train Loss: 0.4217502 Vali Loss: 0.9282795 Test Loss: 0.4172081
Validation loss decreased (0.929636 --> 0.928280).  Saving model ...
Updating learning rate to 3.874204890000001e-05
Epoch: 13 cost time: 1.9578065872192383
Epoch: 13, Steps: 63 | Train Loss: 0.4205969 Vali Loss: 0.9278085 Test Loss: 0.4164947
Validation loss decreased (0.928280 --> 0.927808).  Saving model ...
Updating learning rate to 3.486784401000001e-05
Epoch: 14 cost time: 1.8888003826141357
Epoch: 14, Steps: 63 | Train Loss: 0.4194456 Vali Loss: 0.9281259 Test Loss: 0.4161015
EarlyStopping counter: 1 out of 100
Updating learning rate to 3.138105960900001e-05
Epoch: 15 cost time: 1.8187496662139893
Epoch: 15, Steps: 63 | Train Loss: 0.4182433 Vali Loss: 0.9270810 Test Loss: 0.4155481
Validation loss decreased (0.927808 --> 0.927081).  Saving model ...
Updating learning rate to 2.824295364810001e-05
Epoch: 16 cost time: 1.9091546535491943
Epoch: 16, Steps: 63 | Train Loss: 0.4174289 Vali Loss: 0.9262117 Test Loss: 0.4154962
Validation loss decreased (0.927081 --> 0.926212).  Saving model ...
Updating learning rate to 2.541865828329001e-05
Epoch: 17 cost time: 2.02730655670166
Epoch: 17, Steps: 63 | Train Loss: 0.4170304 Vali Loss: 0.9275391 Test Loss: 0.4151120
EarlyStopping counter: 1 out of 100
Updating learning rate to 2.287679245496101e-05
Epoch: 18 cost time: 2.1245574951171875
Epoch: 18, Steps: 63 | Train Loss: 0.4166741 Vali Loss: 0.9262226 Test Loss: 0.4147602
EarlyStopping counter: 2 out of 100
Updating learning rate to 2.0589113209464907e-05
Epoch: 19 cost time: 2.1832988262176514
Epoch: 19, Steps: 63 | Train Loss: 0.4155835 Vali Loss: 0.9268927 Test Loss: 0.4147432
EarlyStopping counter: 3 out of 100
Updating learning rate to 1.8530201888518416e-05
Epoch: 20 cost time: 1.8927462100982666
Epoch: 20, Steps: 63 | Train Loss: 0.4152696 Vali Loss: 0.9266998 Test Loss: 0.4145333
EarlyStopping counter: 4 out of 100
Updating learning rate to 1.6677181699666577e-05
Epoch: 21 cost time: 1.9356577396392822
Epoch: 21, Steps: 63 | Train Loss: 0.4147748 Vali Loss: 0.9268020 Test Loss: 0.4143802
EarlyStopping counter: 5 out of 100
Updating learning rate to 1.5009463529699919e-05
Epoch: 22 cost time: 1.9058308601379395
Epoch: 22, Steps: 63 | Train Loss: 0.4150646 Vali Loss: 0.9265830 Test Loss: 0.4143822
EarlyStopping counter: 6 out of 100
Updating learning rate to 1.3508517176729929e-05
Epoch: 23 cost time: 1.9812700748443604
Epoch: 23, Steps: 63 | Train Loss: 0.4144427 Vali Loss: 0.9262886 Test Loss: 0.4141925
EarlyStopping counter: 7 out of 100
Updating learning rate to 1.2157665459056936e-05
Epoch: 24 cost time: 2.0995240211486816
Epoch: 24, Steps: 63 | Train Loss: 0.4142923 Vali Loss: 0.9263760 Test Loss: 0.4141634
EarlyStopping counter: 8 out of 100
Updating learning rate to 1.0941898913151242e-05
Epoch: 25 cost time: 1.9683351516723633
Epoch: 25, Steps: 63 | Train Loss: 0.4141537 Vali Loss: 0.9261563 Test Loss: 0.4140532
Validation loss decreased (0.926212 --> 0.926156).  Saving model ...
Updating learning rate to 9.847709021836118e-06
Epoch: 26 cost time: 1.9054131507873535
Epoch: 26, Steps: 63 | Train Loss: 0.4138422 Vali Loss: 0.9260783 Test Loss: 0.4140596
Validation loss decreased (0.926156 --> 0.926078).  Saving model ...
Updating learning rate to 8.862938119652508e-06
Epoch: 27 cost time: 1.9278266429901123
Epoch: 27, Steps: 63 | Train Loss: 0.4137416 Vali Loss: 0.9261996 Test Loss: 0.4139599
EarlyStopping counter: 1 out of 100
Updating learning rate to 7.976644307687255e-06
Epoch: 28 cost time: 1.7954463958740234
Epoch: 28, Steps: 63 | Train Loss: 0.4135633 Vali Loss: 0.9261745 Test Loss: 0.4139630
EarlyStopping counter: 2 out of 100
Updating learning rate to 7.178979876918531e-06
Epoch: 29 cost time: 1.9410479068756104
Epoch: 29, Steps: 63 | Train Loss: 0.4132842 Vali Loss: 0.9257631 Test Loss: 0.4138927
Validation loss decreased (0.926078 --> 0.925763).  Saving model ...
Updating learning rate to 6.4610818892266776e-06
Epoch: 30 cost time: 1.9358799457550049
Epoch: 30, Steps: 63 | Train Loss: 0.4137003 Vali Loss: 0.9262300 Test Loss: 0.4138346
EarlyStopping counter: 1 out of 100
Updating learning rate to 5.8149737003040096e-06
Epoch: 31 cost time: 1.9614536762237549
Epoch: 31, Steps: 63 | Train Loss: 0.4128338 Vali Loss: 0.9263815 Test Loss: 0.4137719
EarlyStopping counter: 2 out of 100
Updating learning rate to 5.23347633027361e-06
Epoch: 32 cost time: 1.9155151844024658
Epoch: 32, Steps: 63 | Train Loss: 0.4128762 Vali Loss: 0.9260045 Test Loss: 0.4137782
EarlyStopping counter: 3 out of 100
Updating learning rate to 4.710128697246249e-06
Epoch: 33 cost time: 1.8882689476013184
Epoch: 33, Steps: 63 | Train Loss: 0.4135243 Vali Loss: 0.9257937 Test Loss: 0.4137866
EarlyStopping counter: 4 out of 100
Updating learning rate to 4.239115827521624e-06
Epoch: 34 cost time: 2.055629014968872
Epoch: 34, Steps: 63 | Train Loss: 0.4131257 Vali Loss: 0.9255704 Test Loss: 0.4137607
Validation loss decreased (0.925763 --> 0.925570).  Saving model ...
Updating learning rate to 3.815204244769462e-06
Epoch: 35 cost time: 1.9054386615753174
Epoch: 35, Steps: 63 | Train Loss: 0.4129668 Vali Loss: 0.9261754 Test Loss: 0.4137944
EarlyStopping counter: 1 out of 100
Updating learning rate to 3.4336838202925152e-06
Epoch: 36 cost time: 1.9510626792907715
Epoch: 36, Steps: 63 | Train Loss: 0.4126831 Vali Loss: 0.9260119 Test Loss: 0.4136671
EarlyStopping counter: 2 out of 100
Updating learning rate to 3.090315438263264e-06
Epoch: 37 cost time: 2.1572132110595703
Epoch: 37, Steps: 63 | Train Loss: 0.4127391 Vali Loss: 0.9261128 Test Loss: 0.4137509
EarlyStopping counter: 3 out of 100
Updating learning rate to 2.7812838944369375e-06
Epoch: 38 cost time: 1.9005463123321533
Epoch: 38, Steps: 63 | Train Loss: 0.4125359 Vali Loss: 0.9255279 Test Loss: 0.4136636
Validation loss decreased (0.925570 --> 0.925528).  Saving model ...
Updating learning rate to 2.503155504993244e-06
Epoch: 39 cost time: 1.9925212860107422
Epoch: 39, Steps: 63 | Train Loss: 0.4124679 Vali Loss: 0.9256786 Test Loss: 0.4136942
EarlyStopping counter: 1 out of 100
Updating learning rate to 2.2528399544939195e-06
Epoch: 40 cost time: 1.953277826309204
Epoch: 40, Steps: 63 | Train Loss: 0.4123776 Vali Loss: 0.9258350 Test Loss: 0.4137197
EarlyStopping counter: 2 out of 100
Updating learning rate to 2.0275559590445276e-06
Epoch: 41 cost time: 2.0449795722961426
Epoch: 41, Steps: 63 | Train Loss: 0.4124369 Vali Loss: 0.9256974 Test Loss: 0.4136555
EarlyStopping counter: 3 out of 100
Updating learning rate to 1.8248003631400751e-06
Epoch: 42 cost time: 1.859236717224121
Epoch: 42, Steps: 63 | Train Loss: 0.4122396 Vali Loss: 0.9259589 Test Loss: 0.4136496
EarlyStopping counter: 4 out of 100
Updating learning rate to 1.6423203268260676e-06
Epoch: 43 cost time: 2.045030355453491
Epoch: 43, Steps: 63 | Train Loss: 0.4123332 Vali Loss: 0.9260710 Test Loss: 0.4135818
EarlyStopping counter: 5 out of 100
Updating learning rate to 1.4780882941434609e-06
Epoch: 44 cost time: 1.8866877555847168
Epoch: 44, Steps: 63 | Train Loss: 0.4124953 Vali Loss: 0.9257686 Test Loss: 0.4136201
EarlyStopping counter: 6 out of 100
Updating learning rate to 1.3302794647291146e-06
Epoch: 45 cost time: 2.0866098403930664
Epoch: 45, Steps: 63 | Train Loss: 0.4120420 Vali Loss: 0.9256479 Test Loss: 0.4136816
EarlyStopping counter: 7 out of 100
Updating learning rate to 1.1972515182562034e-06
Epoch: 46 cost time: 1.9253106117248535
Epoch: 46, Steps: 63 | Train Loss: 0.4119804 Vali Loss: 0.9258041 Test Loss: 0.4136272
EarlyStopping counter: 8 out of 100
Updating learning rate to 1.077526366430583e-06
Epoch: 47 cost time: 2.016083240509033
Epoch: 47, Steps: 63 | Train Loss: 0.4123305 Vali Loss: 0.9256224 Test Loss: 0.4136536
EarlyStopping counter: 9 out of 100
Updating learning rate to 9.697737297875248e-07
Epoch: 48 cost time: 2.075256586074829
Epoch: 48, Steps: 63 | Train Loss: 0.4119692 Vali Loss: 0.9256450 Test Loss: 0.4135818
EarlyStopping counter: 10 out of 100
Updating learning rate to 8.727963568087723e-07
Epoch: 49 cost time: 2.101231813430786
Epoch: 49, Steps: 63 | Train Loss: 0.4125281 Vali Loss: 0.9259236 Test Loss: 0.4135832
EarlyStopping counter: 11 out of 100
Updating learning rate to 7.855167211278951e-07
Epoch: 50 cost time: 2.036194324493408
Epoch: 50, Steps: 63 | Train Loss: 0.4125653 Vali Loss: 0.9261544 Test Loss: 0.4136528
EarlyStopping counter: 12 out of 100
Updating learning rate to 7.069650490151056e-07
Epoch: 51 cost time: 2.0729639530181885
Epoch: 51, Steps: 63 | Train Loss: 0.4119749 Vali Loss: 0.9258685 Test Loss: 0.4136480
EarlyStopping counter: 13 out of 100
Updating learning rate to 6.36268544113595e-07
Epoch: 52 cost time: 2.2106869220733643
Epoch: 52, Steps: 63 | Train Loss: 0.4119733 Vali Loss: 0.9258532 Test Loss: 0.4135901
EarlyStopping counter: 14 out of 100
Updating learning rate to 5.726416897022355e-07
Epoch: 53 cost time: 1.920433521270752
Epoch: 53, Steps: 63 | Train Loss: 0.4124257 Vali Loss: 0.9260411 Test Loss: 0.4136003
EarlyStopping counter: 15 out of 100
Updating learning rate to 5.15377520732012e-07
Epoch: 54 cost time: 1.9930171966552734
Epoch: 54, Steps: 63 | Train Loss: 0.4123567 Vali Loss: 0.9257894 Test Loss: 0.4135918
EarlyStopping counter: 16 out of 100
Updating learning rate to 4.6383976865881085e-07
Epoch: 55 cost time: 1.883089303970337
Epoch: 55, Steps: 63 | Train Loss: 0.4122338 Vali Loss: 0.9261535 Test Loss: 0.4135849
EarlyStopping counter: 17 out of 100
Updating learning rate to 4.174557917929298e-07
Epoch: 56 cost time: 2.141178846359253
Epoch: 56, Steps: 63 | Train Loss: 0.4119180 Vali Loss: 0.9259791 Test Loss: 0.4135773
EarlyStopping counter: 18 out of 100
Updating learning rate to 3.7571021261363677e-07
Epoch: 57 cost time: 2.059087038040161
Epoch: 57, Steps: 63 | Train Loss: 0.4121292 Vali Loss: 0.9259921 Test Loss: 0.4136278
EarlyStopping counter: 19 out of 100
Updating learning rate to 3.381391913522731e-07
Epoch: 58 cost time: 2.1986818313598633
Epoch: 58, Steps: 63 | Train Loss: 0.4119384 Vali Loss: 0.9260408 Test Loss: 0.4135419
EarlyStopping counter: 20 out of 100
Updating learning rate to 3.043252722170458e-07
Epoch: 59 cost time: 1.9319818019866943
Epoch: 59, Steps: 63 | Train Loss: 0.4119210 Vali Loss: 0.9260843 Test Loss: 0.4135940
EarlyStopping counter: 21 out of 100
Updating learning rate to 2.7389274499534124e-07
Epoch: 60 cost time: 1.9882619380950928
Epoch: 60, Steps: 63 | Train Loss: 0.4119709 Vali Loss: 0.9261042 Test Loss: 0.4135996
EarlyStopping counter: 22 out of 100
Updating learning rate to 2.465034704958071e-07
Epoch: 61 cost time: 1.9019126892089844
Epoch: 61, Steps: 63 | Train Loss: 0.4120365 Vali Loss: 0.9259219 Test Loss: 0.4135773
EarlyStopping counter: 23 out of 100
Updating learning rate to 2.218531234462264e-07
Epoch: 62 cost time: 2.102587938308716
Epoch: 62, Steps: 63 | Train Loss: 0.4125128 Vali Loss: 0.9256904 Test Loss: 0.4136368
EarlyStopping counter: 24 out of 100
Updating learning rate to 1.9966781110160376e-07
Epoch: 63 cost time: 2.0466978549957275
Epoch: 63, Steps: 63 | Train Loss: 0.4122114 Vali Loss: 0.9260871 Test Loss: 0.4135582
EarlyStopping counter: 25 out of 100
Updating learning rate to 1.797010299914434e-07
Epoch: 64 cost time: 2.025099992752075
Epoch: 64, Steps: 63 | Train Loss: 0.4115326 Vali Loss: 0.9255919 Test Loss: 0.4136853
EarlyStopping counter: 26 out of 100
Updating learning rate to 1.6173092699229907e-07
Epoch: 65 cost time: 2.0627474784851074
Epoch: 65, Steps: 63 | Train Loss: 0.4120118 Vali Loss: 0.9260188 Test Loss: 0.4135543
EarlyStopping counter: 27 out of 100
Updating learning rate to 1.4555783429306916e-07
Epoch: 66 cost time: 1.956782341003418
Epoch: 66, Steps: 63 | Train Loss: 0.4117853 Vali Loss: 0.9259671 Test Loss: 0.4136226
EarlyStopping counter: 28 out of 100
Updating learning rate to 1.3100205086376224e-07
Epoch: 67 cost time: 1.9178211688995361
Epoch: 67, Steps: 63 | Train Loss: 0.4117676 Vali Loss: 0.9260666 Test Loss: 0.4136413
EarlyStopping counter: 29 out of 100
Updating learning rate to 1.1790184577738603e-07
Epoch: 68 cost time: 1.9218661785125732
Epoch: 68, Steps: 63 | Train Loss: 0.4123172 Vali Loss: 0.9260635 Test Loss: 0.4136778
EarlyStopping counter: 30 out of 100
Updating learning rate to 1.0611166119964742e-07
Epoch: 69 cost time: 1.881701946258545
Epoch: 69, Steps: 63 | Train Loss: 0.4114627 Vali Loss: 0.9260548 Test Loss: 0.4135978
EarlyStopping counter: 31 out of 100
Updating learning rate to 9.550049507968268e-08
Epoch: 70 cost time: 1.9643011093139648
Epoch: 70, Steps: 63 | Train Loss: 0.4123010 Vali Loss: 0.9252002 Test Loss: 0.4136173
Validation loss decreased (0.925528 --> 0.925200).  Saving model ...
Updating learning rate to 8.595044557171442e-08
Epoch: 71 cost time: 1.983077049255371
Epoch: 71, Steps: 63 | Train Loss: 0.4119771 Vali Loss: 0.9259903 Test Loss: 0.4135655
EarlyStopping counter: 1 out of 100
Updating learning rate to 7.735540101454298e-08
Epoch: 72 cost time: 1.9787554740905762
Epoch: 72, Steps: 63 | Train Loss: 0.4119516 Vali Loss: 0.9258474 Test Loss: 0.4135791
EarlyStopping counter: 2 out of 100
Updating learning rate to 6.961986091308869e-08
Epoch: 73 cost time: 2.0381674766540527
Epoch: 73, Steps: 63 | Train Loss: 0.4117069 Vali Loss: 0.9257325 Test Loss: 0.4135942
EarlyStopping counter: 3 out of 100
Updating learning rate to 6.265787482177981e-08
Epoch: 74 cost time: 1.9995486736297607
Epoch: 74, Steps: 63 | Train Loss: 0.4119120 Vali Loss: 0.9260392 Test Loss: 0.4135969
EarlyStopping counter: 4 out of 100
Updating learning rate to 5.639208733960184e-08
Epoch: 75 cost time: 1.8264524936676025
Epoch: 75, Steps: 63 | Train Loss: 0.4124121 Vali Loss: 0.9257104 Test Loss: 0.4135999
EarlyStopping counter: 5 out of 100
Updating learning rate to 5.075287860564165e-08
Epoch: 76 cost time: 1.9802546501159668
Epoch: 76, Steps: 63 | Train Loss: 0.4121969 Vali Loss: 0.9259848 Test Loss: 0.4136421
EarlyStopping counter: 6 out of 100
Updating learning rate to 4.567759074507749e-08
Epoch: 77 cost time: 1.9490151405334473
Epoch: 77, Steps: 63 | Train Loss: 0.4121700 Vali Loss: 0.9257411 Test Loss: 0.4135956
EarlyStopping counter: 7 out of 100
Updating learning rate to 4.1109831670569744e-08
Epoch: 78 cost time: 1.920842170715332
Epoch: 78, Steps: 63 | Train Loss: 0.4120550 Vali Loss: 0.9262128 Test Loss: 0.4136106
EarlyStopping counter: 8 out of 100
Updating learning rate to 3.6998848503512764e-08
Epoch: 79 cost time: 2.020545721054077
Epoch: 79, Steps: 63 | Train Loss: 0.4124637 Vali Loss: 0.9261200 Test Loss: 0.4135949
EarlyStopping counter: 9 out of 100
Updating learning rate to 3.3298963653161496e-08
Epoch: 80 cost time: 1.9004342555999756
Epoch: 80, Steps: 63 | Train Loss: 0.4122546 Vali Loss: 0.9259536 Test Loss: 0.4135993
EarlyStopping counter: 10 out of 100
Updating learning rate to 2.996906728784534e-08
Epoch: 81 cost time: 2.0199389457702637
Epoch: 81, Steps: 63 | Train Loss: 0.4113455 Vali Loss: 0.9257310 Test Loss: 0.4136287
EarlyStopping counter: 11 out of 100
Updating learning rate to 2.697216055906081e-08
Epoch: 82 cost time: 1.9223213195800781
Epoch: 82, Steps: 63 | Train Loss: 0.4123173 Vali Loss: 0.9259439 Test Loss: 0.4135618
EarlyStopping counter: 12 out of 100
Updating learning rate to 2.427494450315473e-08
Epoch: 83 cost time: 2.1345388889312744
Epoch: 83, Steps: 63 | Train Loss: 0.4119501 Vali Loss: 0.9260926 Test Loss: 0.4135750
EarlyStopping counter: 13 out of 100
Updating learning rate to 2.1847450052839257e-08
Epoch: 84 cost time: 1.9030578136444092
Epoch: 84, Steps: 63 | Train Loss: 0.4123551 Vali Loss: 0.9254712 Test Loss: 0.4135486
EarlyStopping counter: 14 out of 100
Updating learning rate to 1.9662705047555332e-08
Epoch: 85 cost time: 1.9780488014221191
Epoch: 85, Steps: 63 | Train Loss: 0.4117413 Vali Loss: 0.9259861 Test Loss: 0.4135889
EarlyStopping counter: 15 out of 100
Updating learning rate to 1.7696434542799797e-08
Epoch: 86 cost time: 2.0948426723480225
Epoch: 86, Steps: 63 | Train Loss: 0.4118078 Vali Loss: 0.9259902 Test Loss: 0.4135985
EarlyStopping counter: 16 out of 100
Updating learning rate to 1.5926791088519817e-08
Epoch: 87 cost time: 1.9395270347595215
Epoch: 87, Steps: 63 | Train Loss: 0.4123416 Vali Loss: 0.9252288 Test Loss: 0.4135787
EarlyStopping counter: 17 out of 100
Updating learning rate to 1.4334111979667836e-08
Epoch: 88 cost time: 1.9930222034454346
Epoch: 88, Steps: 63 | Train Loss: 0.4121300 Vali Loss: 0.9260440 Test Loss: 0.4135858
EarlyStopping counter: 18 out of 100
Updating learning rate to 1.2900700781701054e-08
Epoch: 89 cost time: 1.8959102630615234
Epoch: 89, Steps: 63 | Train Loss: 0.4120968 Vali Loss: 0.9258496 Test Loss: 0.4135611
EarlyStopping counter: 19 out of 100
Updating learning rate to 1.161063070353095e-08
Epoch: 90 cost time: 1.8578228950500488
Epoch: 90, Steps: 63 | Train Loss: 0.4118122 Vali Loss: 0.9260021 Test Loss: 0.4135672
EarlyStopping counter: 20 out of 100
Updating learning rate to 1.0449567633177854e-08
Epoch: 91 cost time: 2.0521140098571777
Epoch: 91, Steps: 63 | Train Loss: 0.4122021 Vali Loss: 0.9254277 Test Loss: 0.4136651
EarlyStopping counter: 21 out of 100
Updating learning rate to 9.404610869860069e-09
Epoch: 92 cost time: 1.9325792789459229
Epoch: 92, Steps: 63 | Train Loss: 0.4122618 Vali Loss: 0.9260505 Test Loss: 0.4135858
EarlyStopping counter: 22 out of 100
Updating learning rate to 8.464149782874063e-09
Epoch: 93 cost time: 1.976431131362915
Epoch: 93, Steps: 63 | Train Loss: 0.4123185 Vali Loss: 0.9257447 Test Loss: 0.4136671
EarlyStopping counter: 23 out of 100
Updating learning rate to 7.617734804586658e-09
Epoch: 94 cost time: 2.0301904678344727
Epoch: 94, Steps: 63 | Train Loss: 0.4124429 Vali Loss: 0.9255341 Test Loss: 0.4135852
EarlyStopping counter: 24 out of 100
Updating learning rate to 6.855961324127991e-09
Epoch: 95 cost time: 1.9211208820343018
Epoch: 95, Steps: 63 | Train Loss: 0.4121130 Vali Loss: 0.9259855 Test Loss: 0.4136083
EarlyStopping counter: 25 out of 100
Updating learning rate to 6.170365191715193e-09
Epoch: 96 cost time: 1.8862528800964355
Epoch: 96, Steps: 63 | Train Loss: 0.4121521 Vali Loss: 0.9260536 Test Loss: 0.4135665
EarlyStopping counter: 26 out of 100
Updating learning rate to 5.5533286725436726e-09
Epoch: 97 cost time: 1.948153018951416
Epoch: 97, Steps: 63 | Train Loss: 0.4124950 Vali Loss: 0.9255897 Test Loss: 0.4136025
EarlyStopping counter: 27 out of 100
Updating learning rate to 4.997995805289306e-09
Epoch: 98 cost time: 1.9978299140930176
Epoch: 98, Steps: 63 | Train Loss: 0.4119757 Vali Loss: 0.9257848 Test Loss: 0.4135185
EarlyStopping counter: 28 out of 100
Updating learning rate to 4.498196224760375e-09
Epoch: 99 cost time: 1.9807403087615967
Epoch: 99, Steps: 63 | Train Loss: 0.4120813 Vali Loss: 0.9260825 Test Loss: 0.4136304
EarlyStopping counter: 29 out of 100
Updating learning rate to 4.048376602284338e-09
Epoch: 100 cost time: 1.7963593006134033
Epoch: 100, Steps: 63 | Train Loss: 0.4114774 Vali Loss: 0.9260945 Test Loss: 0.4135517
EarlyStopping counter: 30 out of 100
Updating learning rate to 3.643538942055904e-09
>>>>>>>testing : 336_192_PatchTST_ETTh1_ftM_sl336_ll48_pl192_dm16_nh4_el3_dl1_df128_fc1_ebtimeF_dtTrue_Exp_0<<<<<<<<<<<<<<<<<<<<<<<<<<<<<<<<<
test 2689
mse:0.41361740231513977, mae:0.4210416078567505, rse:0.6107326149940491
