Args in experiment:
Namespace(activation='gelu', affine=0, batch_size=128, c_out=7, checkpoints='./checkpoints/', d_ff=128, d_layers=1, d_model=16, data='ETTh2', data_path='ETTh2.csv', dec_in=7, decomposition=0, des='Exp', devices='0,1,2,3', distil=True, do_predict=False, dropout=0.3, e_layers=3, embed='timeF', embed_type=0, enc_in=7, factor=1, fc_dropout=0.3, features='M', freq='h', gpu=0, head_dropout=0.0, individual=0, is_training=1, itr=1, kernel_size=25, label_len=48, learning_rate=0.0001, loss='mse', lradj='type3', model='PatchTST', model_id='336_192', moving_avg=25, n_heads=4, num_workers=4, output_attention=False, padding_patch='end', patch_len=16, patience=100, pct_start=0.3, pred_len=192, random_seed=2021, revin=1, root_path='./dataset/', seq_len=336, stride=8, subtract_last=0, target='OT', test_flop=False, train_epochs=100, use_amp=False, use_gpu=True, use_multi_gpu=False)
Use GPU: cuda:0
>>>>>>>start training : 336_192_PatchTST_ETTh2_ftM_sl336_ll48_pl192_dm16_nh4_el3_dl1_df128_fc1_ebtimeF_dtTrue_Exp_0>>>>>>>>>>>>>>>>>>>>>>>>>>
train 8113
val 2689
test 2689
Epoch: 1 cost time: 2.018465757369995
Epoch: 1, Steps: 63 | Train Loss: 0.7362675 Vali Loss: 0.4132686 Test Loss: 0.4348222
Validation loss decreased (inf --> 0.413269).  Saving model ...
Updating learning rate to 0.0001
Epoch: 2 cost time: 1.7649452686309814
Epoch: 2, Steps: 63 | Train Loss: 0.6597964 Vali Loss: 0.3227203 Test Loss: 0.3830052
Validation loss decreased (0.413269 --> 0.322720).  Saving model ...
Updating learning rate to 0.0001
Epoch: 3 cost time: 1.752096176147461
Epoch: 3, Steps: 63 | Train Loss: 0.5891114 Vali Loss: 0.3014870 Test Loss: 0.3621424
Validation loss decreased (0.322720 --> 0.301487).  Saving model ...
Updating learning rate to 0.0001
Epoch: 4 cost time: 1.831040382385254
Epoch: 4, Steps: 63 | Train Loss: 0.5590998 Vali Loss: 0.2910955 Test Loss: 0.3527487
Validation loss decreased (0.301487 --> 0.291096).  Saving model ...
Updating learning rate to 9e-05
Epoch: 5 cost time: 1.9181709289550781
Epoch: 5, Steps: 63 | Train Loss: 0.5413218 Vali Loss: 0.2863686 Test Loss: 0.3464928
Validation loss decreased (0.291096 --> 0.286369).  Saving model ...
Updating learning rate to 8.1e-05
Epoch: 6 cost time: 1.7596068382263184
Epoch: 6, Steps: 63 | Train Loss: 0.5344639 Vali Loss: 0.2818695 Test Loss: 0.3446107
Validation loss decreased (0.286369 --> 0.281869).  Saving model ...
Updating learning rate to 7.290000000000001e-05
Epoch: 7 cost time: 1.9088125228881836
Epoch: 7, Steps: 63 | Train Loss: 0.5269234 Vali Loss: 0.2802908 Test Loss: 0.3425539
Validation loss decreased (0.281869 --> 0.280291).  Saving model ...
Updating learning rate to 6.561e-05
Epoch: 8 cost time: 1.8021950721740723
Epoch: 8, Steps: 63 | Train Loss: 0.5232201 Vali Loss: 0.2800362 Test Loss: 0.3404351
Validation loss decreased (0.280291 --> 0.280036).  Saving model ...
Updating learning rate to 5.904900000000001e-05
Epoch: 9 cost time: 1.7207801342010498
Epoch: 9, Steps: 63 | Train Loss: 0.5190600 Vali Loss: 0.2782537 Test Loss: 0.3401320
Validation loss decreased (0.280036 --> 0.278254).  Saving model ...
Updating learning rate to 5.3144100000000005e-05
Epoch: 10 cost time: 1.79347562789917
Epoch: 10, Steps: 63 | Train Loss: 0.5173954 Vali Loss: 0.2782114 Test Loss: 0.3388045
Validation loss decreased (0.278254 --> 0.278211).  Saving model ...
Updating learning rate to 4.782969000000001e-05
Epoch: 11 cost time: 1.7699379920959473
Epoch: 11, Steps: 63 | Train Loss: 0.5143334 Vali Loss: 0.2782117 Test Loss: 0.3385072
EarlyStopping counter: 1 out of 100
Updating learning rate to 4.304672100000001e-05
Epoch: 12 cost time: 1.7664709091186523
Epoch: 12, Steps: 63 | Train Loss: 0.5128853 Vali Loss: 0.2777954 Test Loss: 0.3385494
Validation loss decreased (0.278211 --> 0.277795).  Saving model ...
Updating learning rate to 3.874204890000001e-05
Epoch: 13 cost time: 1.7198221683502197
Epoch: 13, Steps: 63 | Train Loss: 0.5101085 Vali Loss: 0.2782429 Test Loss: 0.3379116
EarlyStopping counter: 1 out of 100
Updating learning rate to 3.486784401000001e-05
Epoch: 14 cost time: 1.836296558380127
Epoch: 14, Steps: 63 | Train Loss: 0.5062388 Vali Loss: 0.2777475 Test Loss: 0.3377823
Validation loss decreased (0.277795 --> 0.277748).  Saving model ...
Updating learning rate to 3.138105960900001e-05
Epoch: 15 cost time: 1.8135299682617188
Epoch: 15, Steps: 63 | Train Loss: 0.5044634 Vali Loss: 0.2784858 Test Loss: 0.3380390
EarlyStopping counter: 1 out of 100
Updating learning rate to 2.824295364810001e-05
Epoch: 16 cost time: 1.7742557525634766
Epoch: 16, Steps: 63 | Train Loss: 0.5047601 Vali Loss: 0.2789138 Test Loss: 0.3375708
EarlyStopping counter: 2 out of 100
Updating learning rate to 2.541865828329001e-05
Epoch: 17 cost time: 1.894916296005249
Epoch: 17, Steps: 63 | Train Loss: 0.5019973 Vali Loss: 0.2788403 Test Loss: 0.3378582
EarlyStopping counter: 3 out of 100
Updating learning rate to 2.287679245496101e-05
Epoch: 18 cost time: 1.868546724319458
Epoch: 18, Steps: 63 | Train Loss: 0.5016793 Vali Loss: 0.2789949 Test Loss: 0.3378543
EarlyStopping counter: 4 out of 100
Updating learning rate to 2.0589113209464907e-05
Epoch: 19 cost time: 1.9187111854553223
Epoch: 19, Steps: 63 | Train Loss: 0.5017296 Vali Loss: 0.2796822 Test Loss: 0.3377022
EarlyStopping counter: 5 out of 100
Updating learning rate to 1.8530201888518416e-05
Epoch: 20 cost time: 2.1629416942596436
Epoch: 20, Steps: 63 | Train Loss: 0.4984769 Vali Loss: 0.2790809 Test Loss: 0.3382524
EarlyStopping counter: 6 out of 100
Updating learning rate to 1.6677181699666577e-05
Epoch: 21 cost time: 1.9253008365631104
Epoch: 21, Steps: 63 | Train Loss: 0.4994652 Vali Loss: 0.2790362 Test Loss: 0.3383241
EarlyStopping counter: 7 out of 100
Updating learning rate to 1.5009463529699919e-05
Epoch: 22 cost time: 1.828016757965088
Epoch: 22, Steps: 63 | Train Loss: 0.4986383 Vali Loss: 0.2792845 Test Loss: 0.3383282
EarlyStopping counter: 8 out of 100
Updating learning rate to 1.3508517176729929e-05
Epoch: 23 cost time: 2.0111308097839355
Epoch: 23, Steps: 63 | Train Loss: 0.4985135 Vali Loss: 0.2787533 Test Loss: 0.3385573
EarlyStopping counter: 9 out of 100
Updating learning rate to 1.2157665459056936e-05
Epoch: 24 cost time: 1.7674684524536133
Epoch: 24, Steps: 63 | Train Loss: 0.4955573 Vali Loss: 0.2790968 Test Loss: 0.3383801
EarlyStopping counter: 10 out of 100
Updating learning rate to 1.0941898913151242e-05
Epoch: 25 cost time: 2.0093724727630615
Epoch: 25, Steps: 63 | Train Loss: 0.4966958 Vali Loss: 0.2788098 Test Loss: 0.3384514
EarlyStopping counter: 11 out of 100
Updating learning rate to 9.847709021836118e-06
Epoch: 26 cost time: 1.7427010536193848
Epoch: 26, Steps: 63 | Train Loss: 0.4965742 Vali Loss: 0.2794785 Test Loss: 0.3382561
EarlyStopping counter: 12 out of 100
Updating learning rate to 8.862938119652508e-06
Epoch: 27 cost time: 1.6835978031158447
Epoch: 27, Steps: 63 | Train Loss: 0.4947826 Vali Loss: 0.2790740 Test Loss: 0.3384830
EarlyStopping counter: 13 out of 100
Updating learning rate to 7.976644307687255e-06
Epoch: 28 cost time: 1.7609996795654297
Epoch: 28, Steps: 63 | Train Loss: 0.4959899 Vali Loss: 0.2790665 Test Loss: 0.3386768
EarlyStopping counter: 14 out of 100
Updating learning rate to 7.178979876918531e-06
Epoch: 29 cost time: 2.0490567684173584
Epoch: 29, Steps: 63 | Train Loss: 0.4955008 Vali Loss: 0.2793739 Test Loss: 0.3385448
EarlyStopping counter: 15 out of 100
Updating learning rate to 6.4610818892266776e-06
Epoch: 30 cost time: 1.7551765441894531
Epoch: 30, Steps: 63 | Train Loss: 0.4964577 Vali Loss: 0.2788904 Test Loss: 0.3386075
EarlyStopping counter: 16 out of 100
Updating learning rate to 5.8149737003040096e-06
Epoch: 31 cost time: 1.8708631992340088
Epoch: 31, Steps: 63 | Train Loss: 0.4943353 Vali Loss: 0.2791738 Test Loss: 0.3386918
EarlyStopping counter: 17 out of 100
Updating learning rate to 5.23347633027361e-06
Epoch: 32 cost time: 1.8650007247924805
Epoch: 32, Steps: 63 | Train Loss: 0.4952224 Vali Loss: 0.2789455 Test Loss: 0.3388476
EarlyStopping counter: 18 out of 100
Updating learning rate to 4.710128697246249e-06
Epoch: 33 cost time: 1.711958885192871
Epoch: 33, Steps: 63 | Train Loss: 0.4955150 Vali Loss: 0.2788916 Test Loss: 0.3388394
EarlyStopping counter: 19 out of 100
Updating learning rate to 4.239115827521624e-06
Epoch: 34 cost time: 1.8247661590576172
Epoch: 34, Steps: 63 | Train Loss: 0.4945182 Vali Loss: 0.2790166 Test Loss: 0.3389491
EarlyStopping counter: 20 out of 100
Updating learning rate to 3.815204244769462e-06
Epoch: 35 cost time: 2.08603572845459
Epoch: 35, Steps: 63 | Train Loss: 0.4947593 Vali Loss: 0.2785937 Test Loss: 0.3388839
EarlyStopping counter: 21 out of 100
Updating learning rate to 3.4336838202925152e-06
Epoch: 36 cost time: 1.8145992755889893
Epoch: 36, Steps: 63 | Train Loss: 0.4952750 Vali Loss: 0.2789989 Test Loss: 0.3387340
EarlyStopping counter: 22 out of 100
Updating learning rate to 3.090315438263264e-06
Epoch: 37 cost time: 1.8682842254638672
Epoch: 37, Steps: 63 | Train Loss: 0.4951770 Vali Loss: 0.2791219 Test Loss: 0.3387893
EarlyStopping counter: 23 out of 100
Updating learning rate to 2.7812838944369375e-06
Epoch: 38 cost time: 2.0955257415771484
Epoch: 38, Steps: 63 | Train Loss: 0.4929933 Vali Loss: 0.2790902 Test Loss: 0.3387900
EarlyStopping counter: 24 out of 100
Updating learning rate to 2.503155504993244e-06
Epoch: 39 cost time: 1.7655670642852783
Epoch: 39, Steps: 63 | Train Loss: 0.4949194 Vali Loss: 0.2789929 Test Loss: 0.3389441
EarlyStopping counter: 25 out of 100
Updating learning rate to 2.2528399544939195e-06
Epoch: 40 cost time: 1.8141536712646484
Epoch: 40, Steps: 63 | Train Loss: 0.4936165 Vali Loss: 0.2790010 Test Loss: 0.3389328
EarlyStopping counter: 26 out of 100
Updating learning rate to 2.0275559590445276e-06
Epoch: 41 cost time: 1.8036518096923828
Epoch: 41, Steps: 63 | Train Loss: 0.4935141 Vali Loss: 0.2788567 Test Loss: 0.3388591
EarlyStopping counter: 27 out of 100
Updating learning rate to 1.8248003631400751e-06
Epoch: 42 cost time: 1.7700932025909424
Epoch: 42, Steps: 63 | Train Loss: 0.4942634 Vali Loss: 0.2785225 Test Loss: 0.3388782
EarlyStopping counter: 28 out of 100
Updating learning rate to 1.6423203268260676e-06
Epoch: 43 cost time: 1.7435104846954346
Epoch: 43, Steps: 63 | Train Loss: 0.4943010 Vali Loss: 0.2784629 Test Loss: 0.3388949
EarlyStopping counter: 29 out of 100
Updating learning rate to 1.4780882941434609e-06
Epoch: 44 cost time: 2.1094958782196045
Epoch: 44, Steps: 63 | Train Loss: 0.4928587 Vali Loss: 0.2788704 Test Loss: 0.3389673
EarlyStopping counter: 30 out of 100
Updating learning rate to 1.3302794647291146e-06
Epoch: 45 cost time: 1.9866719245910645
Epoch: 45, Steps: 63 | Train Loss: 0.4939533 Vali Loss: 0.2790476 Test Loss: 0.3390246
EarlyStopping counter: 31 out of 100
Updating learning rate to 1.1972515182562034e-06
Epoch: 46 cost time: 1.8909904956817627
Epoch: 46, Steps: 63 | Train Loss: 0.4941253 Vali Loss: 0.2793297 Test Loss: 0.3388619
EarlyStopping counter: 32 out of 100
Updating learning rate to 1.077526366430583e-06
Epoch: 47 cost time: 1.7679691314697266
Epoch: 47, Steps: 63 | Train Loss: 0.4923739 Vali Loss: 0.2789341 Test Loss: 0.3390037
EarlyStopping counter: 33 out of 100
Updating learning rate to 9.697737297875248e-07
Epoch: 48 cost time: 1.7866120338439941
Epoch: 48, Steps: 63 | Train Loss: 0.4919532 Vali Loss: 0.2789823 Test Loss: 0.3388632
EarlyStopping counter: 34 out of 100
Updating learning rate to 8.727963568087723e-07
Epoch: 49 cost time: 1.70296049118042
Epoch: 49, Steps: 63 | Train Loss: 0.4923070 Vali Loss: 0.2788816 Test Loss: 0.3389762
EarlyStopping counter: 35 out of 100
Updating learning rate to 7.855167211278951e-07
Epoch: 50 cost time: 1.8481128215789795
Epoch: 50, Steps: 63 | Train Loss: 0.4953738 Vali Loss: 0.2788675 Test Loss: 0.3389387
EarlyStopping counter: 36 out of 100
Updating learning rate to 7.069650490151056e-07
Epoch: 51 cost time: 1.7973783016204834
Epoch: 51, Steps: 63 | Train Loss: 0.4938262 Vali Loss: 0.2787810 Test Loss: 0.3388781
EarlyStopping counter: 37 out of 100
Updating learning rate to 6.36268544113595e-07
Epoch: 52 cost time: 1.7743895053863525
Epoch: 52, Steps: 63 | Train Loss: 0.4932681 Vali Loss: 0.2791443 Test Loss: 0.3388412
EarlyStopping counter: 38 out of 100
Updating learning rate to 5.726416897022355e-07
Epoch: 53 cost time: 1.8641314506530762
Epoch: 53, Steps: 63 | Train Loss: 0.4941756 Vali Loss: 0.2789366 Test Loss: 0.3389516
EarlyStopping counter: 39 out of 100
Updating learning rate to 5.15377520732012e-07
Epoch: 54 cost time: 2.061091899871826
Epoch: 54, Steps: 63 | Train Loss: 0.4928057 Vali Loss: 0.2786883 Test Loss: 0.3389907
EarlyStopping counter: 40 out of 100
Updating learning rate to 4.6383976865881085e-07
Epoch: 55 cost time: 2.14591383934021
Epoch: 55, Steps: 63 | Train Loss: 0.4933599 Vali Loss: 0.2789437 Test Loss: 0.3388563
EarlyStopping counter: 41 out of 100
Updating learning rate to 4.174557917929298e-07
Epoch: 56 cost time: 1.9387710094451904
Epoch: 56, Steps: 63 | Train Loss: 0.4945762 Vali Loss: 0.2791043 Test Loss: 0.3388733
EarlyStopping counter: 42 out of 100
Updating learning rate to 3.7571021261363677e-07
Epoch: 57 cost time: 1.8226850032806396
Epoch: 57, Steps: 63 | Train Loss: 0.4940735 Vali Loss: 0.2789973 Test Loss: 0.3388140
EarlyStopping counter: 43 out of 100
Updating learning rate to 3.381391913522731e-07
Epoch: 58 cost time: 1.794255018234253
Epoch: 58, Steps: 63 | Train Loss: 0.4933081 Vali Loss: 0.2789677 Test Loss: 0.3388868
EarlyStopping counter: 44 out of 100
Updating learning rate to 3.043252722170458e-07
Epoch: 59 cost time: 1.8837971687316895
Epoch: 59, Steps: 63 | Train Loss: 0.4930847 Vali Loss: 0.2788612 Test Loss: 0.3390387
EarlyStopping counter: 45 out of 100
Updating learning rate to 2.7389274499534124e-07
Epoch: 60 cost time: 1.9150609970092773
Epoch: 60, Steps: 63 | Train Loss: 0.4922510 Vali Loss: 0.2787558 Test Loss: 0.3389383
EarlyStopping counter: 46 out of 100
Updating learning rate to 2.465034704958071e-07
Epoch: 61 cost time: 1.765685796737671
Epoch: 61, Steps: 63 | Train Loss: 0.4938812 Vali Loss: 0.2787063 Test Loss: 0.3390026
EarlyStopping counter: 47 out of 100
Updating learning rate to 2.218531234462264e-07
Epoch: 62 cost time: 1.9275434017181396
Epoch: 62, Steps: 63 | Train Loss: 0.4930613 Vali Loss: 0.2789126 Test Loss: 0.3390054
EarlyStopping counter: 48 out of 100
Updating learning rate to 1.9966781110160376e-07
Epoch: 63 cost time: 1.884002685546875
Epoch: 63, Steps: 63 | Train Loss: 0.4932013 Vali Loss: 0.2787868 Test Loss: 0.3390350
EarlyStopping counter: 49 out of 100
Updating learning rate to 1.797010299914434e-07
Epoch: 64 cost time: 1.9328107833862305
Epoch: 64, Steps: 63 | Train Loss: 0.4929814 Vali Loss: 0.2787307 Test Loss: 0.3390211
EarlyStopping counter: 50 out of 100
Updating learning rate to 1.6173092699229907e-07
Epoch: 65 cost time: 1.8823966979980469
Epoch: 65, Steps: 63 | Train Loss: 0.4935198 Vali Loss: 0.2788519 Test Loss: 0.3390495
EarlyStopping counter: 51 out of 100
Updating learning rate to 1.4555783429306916e-07
Epoch: 66 cost time: 1.7481052875518799
Epoch: 66, Steps: 63 | Train Loss: 0.4945388 Vali Loss: 0.2788776 Test Loss: 0.3390413
EarlyStopping counter: 52 out of 100
Updating learning rate to 1.3100205086376224e-07
Epoch: 67 cost time: 1.8966689109802246
Epoch: 67, Steps: 63 | Train Loss: 0.4925344 Vali Loss: 0.2787001 Test Loss: 0.3390794
EarlyStopping counter: 53 out of 100
Updating learning rate to 1.1790184577738603e-07
Epoch: 68 cost time: 1.9980058670043945
Epoch: 68, Steps: 63 | Train Loss: 0.4937401 Vali Loss: 0.2784688 Test Loss: 0.3390191
EarlyStopping counter: 54 out of 100
Updating learning rate to 1.0611166119964742e-07
Epoch: 69 cost time: 1.9373211860656738
Epoch: 69, Steps: 63 | Train Loss: 0.4926501 Vali Loss: 0.2783933 Test Loss: 0.3390238
EarlyStopping counter: 55 out of 100
Updating learning rate to 9.550049507968268e-08
Epoch: 70 cost time: 1.747817039489746
Epoch: 70, Steps: 63 | Train Loss: 0.4941617 Vali Loss: 0.2788494 Test Loss: 0.3390533
EarlyStopping counter: 56 out of 100
Updating learning rate to 8.595044557171442e-08
Epoch: 71 cost time: 1.8560502529144287
Epoch: 71, Steps: 63 | Train Loss: 0.4928686 Vali Loss: 0.2789796 Test Loss: 0.3389167
EarlyStopping counter: 57 out of 100
Updating learning rate to 7.735540101454298e-08
Epoch: 72 cost time: 1.8315272331237793
Epoch: 72, Steps: 63 | Train Loss: 0.4934603 Vali Loss: 0.2787734 Test Loss: 0.3390380
EarlyStopping counter: 58 out of 100
Updating learning rate to 6.961986091308869e-08
Epoch: 73 cost time: 1.8768963813781738
Epoch: 73, Steps: 63 | Train Loss: 0.4936359 Vali Loss: 0.2790243 Test Loss: 0.3389986
EarlyStopping counter: 59 out of 100
Updating learning rate to 6.265787482177981e-08
Epoch: 74 cost time: 1.976886510848999
Epoch: 74, Steps: 63 | Train Loss: 0.4921984 Vali Loss: 0.2790301 Test Loss: 0.3389623
EarlyStopping counter: 60 out of 100
Updating learning rate to 5.639208733960184e-08
Epoch: 75 cost time: 1.8409340381622314
Epoch: 75, Steps: 63 | Train Loss: 0.4937421 Vali Loss: 0.2788251 Test Loss: 0.3390617
EarlyStopping counter: 61 out of 100
Updating learning rate to 5.075287860564165e-08
Epoch: 76 cost time: 1.8001599311828613
Epoch: 76, Steps: 63 | Train Loss: 0.4938567 Vali Loss: 0.2789072 Test Loss: 0.3389156
EarlyStopping counter: 62 out of 100
Updating learning rate to 4.567759074507749e-08
Epoch: 77 cost time: 2.027707815170288
Epoch: 77, Steps: 63 | Train Loss: 0.4919134 Vali Loss: 0.2789114 Test Loss: 0.3389608
EarlyStopping counter: 63 out of 100
Updating learning rate to 4.1109831670569744e-08
Epoch: 78 cost time: 1.9030237197875977
Epoch: 78, Steps: 63 | Train Loss: 0.4928958 Vali Loss: 0.2789788 Test Loss: 0.3391078
EarlyStopping counter: 64 out of 100
Updating learning rate to 3.6998848503512764e-08
Epoch: 79 cost time: 1.727637767791748
Epoch: 79, Steps: 63 | Train Loss: 0.4933731 Vali Loss: 0.2787554 Test Loss: 0.3390722
EarlyStopping counter: 65 out of 100
Updating learning rate to 3.3298963653161496e-08
Epoch: 80 cost time: 2.027337074279785
Epoch: 80, Steps: 63 | Train Loss: 0.4932221 Vali Loss: 0.2788659 Test Loss: 0.3391375
EarlyStopping counter: 66 out of 100
Updating learning rate to 2.996906728784534e-08
Epoch: 81 cost time: 1.7932045459747314
Epoch: 81, Steps: 63 | Train Loss: 0.4930703 Vali Loss: 0.2787036 Test Loss: 0.3391140
EarlyStopping counter: 67 out of 100
Updating learning rate to 2.697216055906081e-08
Epoch: 82 cost time: 1.839172601699829
Epoch: 82, Steps: 63 | Train Loss: 0.4926945 Vali Loss: 0.2788206 Test Loss: 0.3390518
EarlyStopping counter: 68 out of 100
Updating learning rate to 2.427494450315473e-08
Epoch: 83 cost time: 1.771472692489624
Epoch: 83, Steps: 63 | Train Loss: 0.4932292 Vali Loss: 0.2790239 Test Loss: 0.3390006
EarlyStopping counter: 69 out of 100
Updating learning rate to 2.1847450052839257e-08
Epoch: 84 cost time: 1.8083899021148682
Epoch: 84, Steps: 63 | Train Loss: 0.4904619 Vali Loss: 0.2788306 Test Loss: 0.3390631
EarlyStopping counter: 70 out of 100
Updating learning rate to 1.9662705047555332e-08
Epoch: 85 cost time: 1.7541334629058838
Epoch: 85, Steps: 63 | Train Loss: 0.4926599 Vali Loss: 0.2788376 Test Loss: 0.3391392
EarlyStopping counter: 71 out of 100
Updating learning rate to 1.7696434542799797e-08
Epoch: 86 cost time: 1.960768461227417
Epoch: 86, Steps: 63 | Train Loss: 0.4928896 Vali Loss: 0.2787554 Test Loss: 0.3390148
EarlyStopping counter: 72 out of 100
Updating learning rate to 1.5926791088519817e-08
Epoch: 87 cost time: 1.9333693981170654
Epoch: 87, Steps: 63 | Train Loss: 0.4938207 Vali Loss: 0.2785686 Test Loss: 0.3390514
EarlyStopping counter: 73 out of 100
Updating learning rate to 1.4334111979667836e-08
Epoch: 88 cost time: 2.005368232727051
Epoch: 88, Steps: 63 | Train Loss: 0.4915002 Vali Loss: 0.2787039 Test Loss: 0.3389749
EarlyStopping counter: 74 out of 100
Updating learning rate to 1.2900700781701054e-08
Epoch: 89 cost time: 2.0600028038024902
Epoch: 89, Steps: 63 | Train Loss: 0.4938890 Vali Loss: 0.2791686 Test Loss: 0.3389968
EarlyStopping counter: 75 out of 100
Updating learning rate to 1.161063070353095e-08
Epoch: 90 cost time: 1.7999532222747803
Epoch: 90, Steps: 63 | Train Loss: 0.4938772 Vali Loss: 0.2788718 Test Loss: 0.3390155
EarlyStopping counter: 76 out of 100
Updating learning rate to 1.0449567633177854e-08
Epoch: 91 cost time: 1.8098485469818115
Epoch: 91, Steps: 63 | Train Loss: 0.4937047 Vali Loss: 0.2787260 Test Loss: 0.3391048
EarlyStopping counter: 77 out of 100
Updating learning rate to 9.404610869860069e-09
Epoch: 92 cost time: 1.764214038848877
Epoch: 92, Steps: 63 | Train Loss: 0.4922665 Vali Loss: 0.2789108 Test Loss: 0.3390632
EarlyStopping counter: 78 out of 100
Updating learning rate to 8.464149782874063e-09
Epoch: 93 cost time: 1.794844627380371
Epoch: 93, Steps: 63 | Train Loss: 0.4925693 Vali Loss: 0.2786004 Test Loss: 0.3391444
EarlyStopping counter: 79 out of 100
Updating learning rate to 7.617734804586658e-09
Epoch: 94 cost time: 1.7934620380401611
Epoch: 94, Steps: 63 | Train Loss: 0.4943181 Vali Loss: 0.2789938 Test Loss: 0.3389497
EarlyStopping counter: 80 out of 100
Updating learning rate to 6.855961324127991e-09
Epoch: 95 cost time: 1.8552029132843018
Epoch: 95, Steps: 63 | Train Loss: 0.4933641 Vali Loss: 0.2789374 Test Loss: 0.3388962
EarlyStopping counter: 81 out of 100
Updating learning rate to 6.170365191715193e-09
Epoch: 96 cost time: 2.0404834747314453
Epoch: 96, Steps: 63 | Train Loss: 0.4948173 Vali Loss: 0.2787298 Test Loss: 0.3391562
EarlyStopping counter: 82 out of 100
Updating learning rate to 5.5533286725436726e-09
Epoch: 97 cost time: 2.0641918182373047
Epoch: 97, Steps: 63 | Train Loss: 0.4941101 Vali Loss: 0.2788076 Test Loss: 0.3389956
EarlyStopping counter: 83 out of 100
Updating learning rate to 4.997995805289306e-09
Epoch: 98 cost time: 2.0714499950408936
Epoch: 98, Steps: 63 | Train Loss: 0.4933625 Vali Loss: 0.2789789 Test Loss: 0.3389622
EarlyStopping counter: 84 out of 100
Updating learning rate to 4.498196224760375e-09
Epoch: 99 cost time: 1.924905776977539
Epoch: 99, Steps: 63 | Train Loss: 0.4934951 Vali Loss: 0.2789496 Test Loss: 0.3388484
EarlyStopping counter: 85 out of 100
Updating learning rate to 4.048376602284338e-09
Epoch: 100 cost time: 2.1420786380767822
Epoch: 100, Steps: 63 | Train Loss: 0.4919955 Vali Loss: 0.2789864 Test Loss: 0.3389832
EarlyStopping counter: 86 out of 100
Updating learning rate to 3.643538942055904e-09
>>>>>>>testing : 336_192_PatchTST_ETTh2_ftM_sl336_ll48_pl192_dm16_nh4_el3_dl1_df128_fc1_ebtimeF_dtTrue_Exp_0<<<<<<<<<<<<<<<<<<<<<<<<<<<<<<<<<
test 2689
mse:0.3377823829650879, mae:0.37799540162086487, rse:0.4660366177558899
