Args in experiment:
Namespace(activation='gelu', affine=0, batch_size=128, c_out=7, checkpoints='./checkpoints/', d_ff=128, d_layers=1, d_model=16, data='ETTh2', data_path='ETTh2.csv', dec_in=7, decomposition=0, des='Exp', devices='0,1,2,3', distil=True, do_predict=False, dropout=0.3, e_layers=3, embed='timeF', embed_type=0, enc_in=7, factor=1, fc_dropout=0.3, features='M', freq='h', gpu=0, head_dropout=0.0, individual=0, is_training=1, itr=1, kernel_size=25, label_len=48, learning_rate=0.0001, loss='mse', lradj='type3', model='PatchTSFL', model_id='336_96', moving_avg=25, n_heads=4, num_workers=4, output_attention=False, padding_patch='end', patch_len=16, patience=100, pct_start=0.3, pred_len=96, random_seed=2021, revin=1, root_path='./dataset/', seq_len=336, stride=8, subtract_last=0, target='OT', test_flop=False, train_epochs=100, use_amp=False, use_gpu=True, use_multi_gpu=False)
Use GPU: cuda:0
fourier enhanced block used!
modes=0, index=[]
>>>>>>>start training : 336_96_PatchTSFL_ETTh2_ftM_sl336_ll48_pl96_dm16_nh4_el3_dl1_df128_fc1_ebtimeF_dtTrue_Exp_0>>>>>>>>>>>>>>>>>>>>>>>>>>
train 8209
val 2785
test 2785
Epoch: 1 cost time: 1.3375730514526367
Epoch: 1, Steps: 64 | Train Loss: 0.5783556 Vali Loss: 0.3341602 Test Loss: 0.3712502
Validation loss decreased (inf --> 0.334160).  Saving model ...
Updating learning rate to 0.0001
Epoch: 2 cost time: 1.303335189819336
Epoch: 2, Steps: 64 | Train Loss: 0.5783112 Vali Loss: 0.3342572 Test Loss: 0.3711997
EarlyStopping counter: 1 out of 100
Updating learning rate to 0.0001
Epoch: 3 cost time: 1.3147196769714355
Epoch: 3, Steps: 64 | Train Loss: 0.5780570 Vali Loss: 0.3335349 Test Loss: 0.3711604
Validation loss decreased (0.334160 --> 0.333535).  Saving model ...
Updating learning rate to 0.0001
Epoch: 4 cost time: 1.2595088481903076
Epoch: 4, Steps: 64 | Train Loss: 0.5769654 Vali Loss: 0.3320248 Test Loss: 0.3711216
Validation loss decreased (0.333535 --> 0.332025).  Saving model ...
Updating learning rate to 9e-05
Epoch: 5 cost time: 1.3305184841156006
Epoch: 5, Steps: 64 | Train Loss: 0.5778566 Vali Loss: 0.3329154 Test Loss: 0.3710924
EarlyStopping counter: 1 out of 100
Updating learning rate to 8.1e-05
Epoch: 6 cost time: 1.4481370449066162
Epoch: 6, Steps: 64 | Train Loss: 0.5771424 Vali Loss: 0.3333284 Test Loss: 0.3710710
EarlyStopping counter: 2 out of 100
Updating learning rate to 7.290000000000001e-05
Epoch: 7 cost time: 1.3750722408294678
Epoch: 7, Steps: 64 | Train Loss: 0.5771876 Vali Loss: 0.3324870 Test Loss: 0.3710513
EarlyStopping counter: 3 out of 100
Updating learning rate to 6.561e-05
Epoch: 8 cost time: 1.319943904876709
Epoch: 8, Steps: 64 | Train Loss: 0.5760108 Vali Loss: 0.3328055 Test Loss: 0.3710372
EarlyStopping counter: 4 out of 100
Updating learning rate to 5.904900000000001e-05
Epoch: 9 cost time: 1.269007682800293
Epoch: 9, Steps: 64 | Train Loss: 0.5763612 Vali Loss: 0.3331612 Test Loss: 0.3710258
EarlyStopping counter: 5 out of 100
Updating learning rate to 5.3144100000000005e-05
Epoch: 10 cost time: 1.3147695064544678
Epoch: 10, Steps: 64 | Train Loss: 0.5774010 Vali Loss: 0.3323720 Test Loss: 0.3710164
EarlyStopping counter: 6 out of 100
Updating learning rate to 4.782969000000001e-05
Epoch: 11 cost time: 1.0611159801483154
Epoch: 11, Steps: 64 | Train Loss: 0.5771364 Vali Loss: 0.3311813 Test Loss: 0.3710075
Validation loss decreased (0.332025 --> 0.331181).  Saving model ...
Updating learning rate to 4.304672100000001e-05
Epoch: 12 cost time: 1.0845983028411865
Epoch: 12, Steps: 64 | Train Loss: 0.5771175 Vali Loss: 0.3321235 Test Loss: 0.3710018
EarlyStopping counter: 1 out of 100
Updating learning rate to 3.874204890000001e-05
Epoch: 13 cost time: 1.188220739364624
Epoch: 13, Steps: 64 | Train Loss: 0.5769001 Vali Loss: 0.3301591 Test Loss: 0.3709966
Validation loss decreased (0.331181 --> 0.330159).  Saving model ...
Updating learning rate to 3.486784401000001e-05
Epoch: 14 cost time: 1.2392816543579102
Epoch: 14, Steps: 64 | Train Loss: 0.5774263 Vali Loss: 0.3299983 Test Loss: 0.3709921
Validation loss decreased (0.330159 --> 0.329998).  Saving model ...
Updating learning rate to 3.138105960900001e-05
Epoch: 15 cost time: 1.3397934436798096
Epoch: 15, Steps: 64 | Train Loss: 0.5769229 Vali Loss: 0.3313518 Test Loss: 0.3709885
EarlyStopping counter: 1 out of 100
Updating learning rate to 2.824295364810001e-05
Epoch: 16 cost time: 1.2110133171081543
Epoch: 16, Steps: 64 | Train Loss: 0.5767544 Vali Loss: 0.3312809 Test Loss: 0.3709856
EarlyStopping counter: 2 out of 100
Updating learning rate to 2.541865828329001e-05
Epoch: 17 cost time: 1.3854129314422607
Epoch: 17, Steps: 64 | Train Loss: 0.5768363 Vali Loss: 0.3319790 Test Loss: 0.3709830
EarlyStopping counter: 3 out of 100
Updating learning rate to 2.287679245496101e-05
Epoch: 18 cost time: 1.2190985679626465
Epoch: 18, Steps: 64 | Train Loss: 0.5758140 Vali Loss: 0.3307737 Test Loss: 0.3709808
EarlyStopping counter: 4 out of 100
Updating learning rate to 2.0589113209464907e-05
Epoch: 19 cost time: 1.2862029075622559
Epoch: 19, Steps: 64 | Train Loss: 0.5758838 Vali Loss: 0.3308548 Test Loss: 0.3709789
EarlyStopping counter: 5 out of 100
Updating learning rate to 1.8530201888518416e-05
Epoch: 20 cost time: 1.2004539966583252
Epoch: 20, Steps: 64 | Train Loss: 0.5772295 Vali Loss: 0.3309831 Test Loss: 0.3709774
EarlyStopping counter: 6 out of 100
Updating learning rate to 1.6677181699666577e-05
Epoch: 21 cost time: 1.1868469715118408
Epoch: 21, Steps: 64 | Train Loss: 0.5765959 Vali Loss: 0.3326467 Test Loss: 0.3709761
EarlyStopping counter: 7 out of 100
Updating learning rate to 1.5009463529699919e-05
Epoch: 22 cost time: 1.3515863418579102
Epoch: 22, Steps: 64 | Train Loss: 0.5763640 Vali Loss: 0.3323232 Test Loss: 0.3709749
EarlyStopping counter: 8 out of 100
Updating learning rate to 1.3508517176729929e-05
Epoch: 23 cost time: 1.1597723960876465
Epoch: 23, Steps: 64 | Train Loss: 0.5772297 Vali Loss: 0.3312477 Test Loss: 0.3709739
EarlyStopping counter: 9 out of 100
Updating learning rate to 1.2157665459056936e-05
Epoch: 24 cost time: 1.1794850826263428
Epoch: 24, Steps: 64 | Train Loss: 0.5747116 Vali Loss: 0.3294859 Test Loss: 0.3709731
Validation loss decreased (0.329998 --> 0.329486).  Saving model ...
Updating learning rate to 1.0941898913151242e-05
Epoch: 25 cost time: 1.1469790935516357
Epoch: 25, Steps: 64 | Train Loss: 0.5766651 Vali Loss: 0.3318154 Test Loss: 0.3709722
EarlyStopping counter: 1 out of 100
Updating learning rate to 9.847709021836118e-06
Epoch: 26 cost time: 1.1525371074676514
Epoch: 26, Steps: 64 | Train Loss: 0.5756299 Vali Loss: 0.3295520 Test Loss: 0.3709715
EarlyStopping counter: 2 out of 100
Updating learning rate to 8.862938119652508e-06
Epoch: 27 cost time: 1.2175955772399902
Epoch: 27, Steps: 64 | Train Loss: 0.5770796 Vali Loss: 0.3316436 Test Loss: 0.3709711
EarlyStopping counter: 3 out of 100
Updating learning rate to 7.976644307687255e-06
Epoch: 28 cost time: 1.170337438583374
Epoch: 28, Steps: 64 | Train Loss: 0.5769068 Vali Loss: 0.3297212 Test Loss: 0.3709705
EarlyStopping counter: 4 out of 100
Updating learning rate to 7.178979876918531e-06
Epoch: 29 cost time: 1.223694086074829
Epoch: 29, Steps: 64 | Train Loss: 0.5769059 Vali Loss: 0.3311290 Test Loss: 0.3709700
EarlyStopping counter: 5 out of 100
Updating learning rate to 6.4610818892266776e-06
Epoch: 30 cost time: 1.1908280849456787
Epoch: 30, Steps: 64 | Train Loss: 0.5763856 Vali Loss: 0.3313021 Test Loss: 0.3709697
EarlyStopping counter: 6 out of 100
Updating learning rate to 5.8149737003040096e-06
Epoch: 31 cost time: 1.161996841430664
Epoch: 31, Steps: 64 | Train Loss: 0.5770327 Vali Loss: 0.3309661 Test Loss: 0.3709693
EarlyStopping counter: 7 out of 100
Updating learning rate to 5.23347633027361e-06
Epoch: 32 cost time: 1.2891623973846436
Epoch: 32, Steps: 64 | Train Loss: 0.5773697 Vali Loss: 0.3314928 Test Loss: 0.3709690
EarlyStopping counter: 8 out of 100
Updating learning rate to 4.710128697246249e-06
Epoch: 33 cost time: 1.3605985641479492
Epoch: 33, Steps: 64 | Train Loss: 0.5772554 Vali Loss: 0.3314800 Test Loss: 0.3709688
EarlyStopping counter: 9 out of 100
Updating learning rate to 4.239115827521624e-06
Epoch: 34 cost time: 1.327939510345459
Epoch: 34, Steps: 64 | Train Loss: 0.5770743 Vali Loss: 0.3310597 Test Loss: 0.3709685
EarlyStopping counter: 10 out of 100
Updating learning rate to 3.815204244769462e-06
Epoch: 35 cost time: 1.3037638664245605
Epoch: 35, Steps: 64 | Train Loss: 0.5767334 Vali Loss: 0.3313110 Test Loss: 0.3709683
EarlyStopping counter: 11 out of 100
Updating learning rate to 3.4336838202925152e-06
Epoch: 36 cost time: 1.250967025756836
Epoch: 36, Steps: 64 | Train Loss: 0.5771972 Vali Loss: 0.3289852 Test Loss: 0.3709681
Validation loss decreased (0.329486 --> 0.328985).  Saving model ...
Updating learning rate to 3.090315438263264e-06
Epoch: 37 cost time: 1.2468714714050293
Epoch: 37, Steps: 64 | Train Loss: 0.5766077 Vali Loss: 0.3291310 Test Loss: 0.3709680
EarlyStopping counter: 1 out of 100
Updating learning rate to 2.7812838944369375e-06
Epoch: 38 cost time: 1.2796955108642578
Epoch: 38, Steps: 64 | Train Loss: 0.5768250 Vali Loss: 0.3315936 Test Loss: 0.3709678
EarlyStopping counter: 2 out of 100
Updating learning rate to 2.503155504993244e-06
Epoch: 39 cost time: 1.2013604640960693
Epoch: 39, Steps: 64 | Train Loss: 0.5767355 Vali Loss: 0.3301957 Test Loss: 0.3709677
EarlyStopping counter: 3 out of 100
Updating learning rate to 2.2528399544939195e-06
Epoch: 40 cost time: 1.166900396347046
Epoch: 40, Steps: 64 | Train Loss: 0.5760417 Vali Loss: 0.3312929 Test Loss: 0.3709676
EarlyStopping counter: 4 out of 100
Updating learning rate to 2.0275559590445276e-06
Epoch: 41 cost time: 1.1670830249786377
Epoch: 41, Steps: 64 | Train Loss: 0.5756802 Vali Loss: 0.3297323 Test Loss: 0.3709675
EarlyStopping counter: 5 out of 100
Updating learning rate to 1.8248003631400751e-06
Epoch: 42 cost time: 1.1801443099975586
Epoch: 42, Steps: 64 | Train Loss: 0.5770211 Vali Loss: 0.3314866 Test Loss: 0.3709674
EarlyStopping counter: 6 out of 100
Updating learning rate to 1.6423203268260676e-06
Epoch: 43 cost time: 1.159458875656128
Epoch: 43, Steps: 64 | Train Loss: 0.5768025 Vali Loss: 0.3306215 Test Loss: 0.3709673
EarlyStopping counter: 7 out of 100
Updating learning rate to 1.4780882941434609e-06
Epoch: 44 cost time: 1.2347404956817627
Epoch: 44, Steps: 64 | Train Loss: 0.5756639 Vali Loss: 0.3296382 Test Loss: 0.3709672
EarlyStopping counter: 8 out of 100
Updating learning rate to 1.3302794647291146e-06
Epoch: 45 cost time: 1.309924840927124
Epoch: 45, Steps: 64 | Train Loss: 0.5764257 Vali Loss: 0.3307558 Test Loss: 0.3709671
EarlyStopping counter: 9 out of 100
Updating learning rate to 1.1972515182562034e-06
Epoch: 46 cost time: 1.2361266613006592
Epoch: 46, Steps: 64 | Train Loss: 0.5763774 Vali Loss: 0.3303784 Test Loss: 0.3709671
EarlyStopping counter: 10 out of 100
Updating learning rate to 1.077526366430583e-06
Epoch: 47 cost time: 1.3942270278930664
Epoch: 47, Steps: 64 | Train Loss: 0.5764623 Vali Loss: 0.3301547 Test Loss: 0.3709670
EarlyStopping counter: 11 out of 100
Updating learning rate to 9.697737297875248e-07
Epoch: 48 cost time: 1.3781893253326416
Epoch: 48, Steps: 64 | Train Loss: 0.5770235 Vali Loss: 0.3327429 Test Loss: 0.3709670
EarlyStopping counter: 12 out of 100
Updating learning rate to 8.727963568087723e-07
Epoch: 49 cost time: 1.2957446575164795
Epoch: 49, Steps: 64 | Train Loss: 0.5767302 Vali Loss: 0.3321006 Test Loss: 0.3709669
EarlyStopping counter: 13 out of 100
Updating learning rate to 7.855167211278951e-07
Epoch: 50 cost time: 1.165231466293335
Epoch: 50, Steps: 64 | Train Loss: 0.5769344 Vali Loss: 0.3326654 Test Loss: 0.3709669
EarlyStopping counter: 14 out of 100
Updating learning rate to 7.069650490151056e-07
Epoch: 51 cost time: 1.1265110969543457
Epoch: 51, Steps: 64 | Train Loss: 0.5768887 Vali Loss: 0.3301609 Test Loss: 0.3709669
EarlyStopping counter: 15 out of 100
Updating learning rate to 6.36268544113595e-07
Epoch: 52 cost time: 1.4025943279266357
Epoch: 52, Steps: 64 | Train Loss: 0.5762286 Vali Loss: 0.3308081 Test Loss: 0.3709669
EarlyStopping counter: 16 out of 100
Updating learning rate to 5.726416897022355e-07
Epoch: 53 cost time: 1.1782846450805664
Epoch: 53, Steps: 64 | Train Loss: 0.5755699 Vali Loss: 0.3308958 Test Loss: 0.3709668
EarlyStopping counter: 17 out of 100
Updating learning rate to 5.15377520732012e-07
Epoch: 54 cost time: 1.3021769523620605
Epoch: 54, Steps: 64 | Train Loss: 0.5771987 Vali Loss: 0.3320056 Test Loss: 0.3709668
EarlyStopping counter: 18 out of 100
Updating learning rate to 4.6383976865881085e-07
Epoch: 55 cost time: 1.2350866794586182
Epoch: 55, Steps: 64 | Train Loss: 0.5771816 Vali Loss: 0.3306359 Test Loss: 0.3709667
EarlyStopping counter: 19 out of 100
Updating learning rate to 4.174557917929298e-07
Epoch: 56 cost time: 1.2301859855651855
Epoch: 56, Steps: 64 | Train Loss: 0.5768964 Vali Loss: 0.3305421 Test Loss: 0.3709667
EarlyStopping counter: 20 out of 100
Updating learning rate to 3.7571021261363677e-07
Epoch: 57 cost time: 1.3066277503967285
Epoch: 57, Steps: 64 | Train Loss: 0.5770749 Vali Loss: 0.3308440 Test Loss: 0.3709667
EarlyStopping counter: 21 out of 100
Updating learning rate to 3.381391913522731e-07
Epoch: 58 cost time: 1.2580926418304443
Epoch: 58, Steps: 64 | Train Loss: 0.5760185 Vali Loss: 0.3313239 Test Loss: 0.3709667
EarlyStopping counter: 22 out of 100
Updating learning rate to 3.043252722170458e-07
Epoch: 59 cost time: 1.3073489665985107
Epoch: 59, Steps: 64 | Train Loss: 0.5771440 Vali Loss: 0.3298942 Test Loss: 0.3709667
EarlyStopping counter: 23 out of 100
Updating learning rate to 2.7389274499534124e-07
Epoch: 60 cost time: 1.2473058700561523
Epoch: 60, Steps: 64 | Train Loss: 0.5761242 Vali Loss: 0.3277894 Test Loss: 0.3709666
Validation loss decreased (0.328985 --> 0.327789).  Saving model ...
Updating learning rate to 2.465034704958071e-07
Epoch: 61 cost time: 1.3012235164642334
Epoch: 61, Steps: 64 | Train Loss: 0.5771043 Vali Loss: 0.3310013 Test Loss: 0.3709667
EarlyStopping counter: 1 out of 100
Updating learning rate to 2.218531234462264e-07
Epoch: 62 cost time: 1.2561209201812744
Epoch: 62, Steps: 64 | Train Loss: 0.5771084 Vali Loss: 0.3307407 Test Loss: 0.3709666
EarlyStopping counter: 2 out of 100
Updating learning rate to 1.9966781110160376e-07
Epoch: 63 cost time: 1.298966407775879
Epoch: 63, Steps: 64 | Train Loss: 0.5770048 Vali Loss: 0.3319770 Test Loss: 0.3709666
EarlyStopping counter: 3 out of 100
Updating learning rate to 1.797010299914434e-07
Epoch: 64 cost time: 1.346872091293335
Epoch: 64, Steps: 64 | Train Loss: 0.5761541 Vali Loss: 0.3311888 Test Loss: 0.3709666
EarlyStopping counter: 4 out of 100
Updating learning rate to 1.6173092699229907e-07
Epoch: 65 cost time: 1.3989412784576416
Epoch: 65, Steps: 64 | Train Loss: 0.5766536 Vali Loss: 0.3314971 Test Loss: 0.3709666
EarlyStopping counter: 5 out of 100
Updating learning rate to 1.4555783429306916e-07
Epoch: 66 cost time: 1.1598033905029297
Epoch: 66, Steps: 64 | Train Loss: 0.5761016 Vali Loss: 0.3317136 Test Loss: 0.3709666
EarlyStopping counter: 6 out of 100
Updating learning rate to 1.3100205086376224e-07
Epoch: 67 cost time: 1.1864862442016602
Epoch: 67, Steps: 64 | Train Loss: 0.5770749 Vali Loss: 0.3303589 Test Loss: 0.3709666
EarlyStopping counter: 7 out of 100
Updating learning rate to 1.1790184577738603e-07
Epoch: 68 cost time: 1.276094675064087
Epoch: 68, Steps: 64 | Train Loss: 0.5770951 Vali Loss: 0.3307783 Test Loss: 0.3709666
EarlyStopping counter: 8 out of 100
Updating learning rate to 1.0611166119964742e-07
Epoch: 69 cost time: 1.2355685234069824
Epoch: 69, Steps: 64 | Train Loss: 0.5770885 Vali Loss: 0.3315205 Test Loss: 0.3709666
EarlyStopping counter: 9 out of 100
Updating learning rate to 9.550049507968268e-08
Epoch: 70 cost time: 1.2595860958099365
Epoch: 70, Steps: 64 | Train Loss: 0.5767616 Vali Loss: 0.3319682 Test Loss: 0.3709666
EarlyStopping counter: 10 out of 100
Updating learning rate to 8.595044557171442e-08
Epoch: 71 cost time: 1.120420217514038
Epoch: 71, Steps: 64 | Train Loss: 0.5761160 Vali Loss: 0.3307452 Test Loss: 0.3709666
EarlyStopping counter: 11 out of 100
Updating learning rate to 7.735540101454298e-08
Epoch: 72 cost time: 1.1959030628204346
Epoch: 72, Steps: 64 | Train Loss: 0.5763555 Vali Loss: 0.3317018 Test Loss: 0.3709666
EarlyStopping counter: 12 out of 100
Updating learning rate to 6.961986091308869e-08
Epoch: 73 cost time: 1.2900538444519043
Epoch: 73, Steps: 64 | Train Loss: 0.5760502 Vali Loss: 0.3307560 Test Loss: 0.3709666
EarlyStopping counter: 13 out of 100
Updating learning rate to 6.265787482177981e-08
Epoch: 74 cost time: 1.2893359661102295
Epoch: 74, Steps: 64 | Train Loss: 0.5769670 Vali Loss: 0.3304229 Test Loss: 0.3709666
EarlyStopping counter: 14 out of 100
Updating learning rate to 5.639208733960184e-08
Epoch: 75 cost time: 1.3224949836730957
Epoch: 75, Steps: 64 | Train Loss: 0.5769250 Vali Loss: 0.3319114 Test Loss: 0.3709666
EarlyStopping counter: 15 out of 100
Updating learning rate to 5.075287860564165e-08
Epoch: 76 cost time: 1.3677866458892822
Epoch: 76, Steps: 64 | Train Loss: 0.5768671 Vali Loss: 0.3305474 Test Loss: 0.3709666
EarlyStopping counter: 16 out of 100
Updating learning rate to 4.567759074507749e-08
Epoch: 77 cost time: 1.1323835849761963
Epoch: 77, Steps: 64 | Train Loss: 0.5770058 Vali Loss: 0.3315516 Test Loss: 0.3709666
EarlyStopping counter: 17 out of 100
Updating learning rate to 4.1109831670569744e-08
Epoch: 78 cost time: 1.1889495849609375
Epoch: 78, Steps: 64 | Train Loss: 0.5764358 Vali Loss: 0.3304072 Test Loss: 0.3709666
EarlyStopping counter: 18 out of 100
Updating learning rate to 3.6998848503512764e-08
Epoch: 79 cost time: 1.3460605144500732
Epoch: 79, Steps: 64 | Train Loss: 0.5765998 Vali Loss: 0.3325813 Test Loss: 0.3709666
EarlyStopping counter: 19 out of 100
Updating learning rate to 3.3298963653161496e-08
Epoch: 80 cost time: 1.268650770187378
Epoch: 80, Steps: 64 | Train Loss: 0.5767703 Vali Loss: 0.3307518 Test Loss: 0.3709666
EarlyStopping counter: 20 out of 100
Updating learning rate to 2.996906728784534e-08
Epoch: 81 cost time: 1.3820538520812988
Epoch: 81, Steps: 64 | Train Loss: 0.5754761 Vali Loss: 0.3302682 Test Loss: 0.3709666
EarlyStopping counter: 21 out of 100
Updating learning rate to 2.697216055906081e-08
Epoch: 82 cost time: 1.2786312103271484
Epoch: 82, Steps: 64 | Train Loss: 0.5771244 Vali Loss: 0.3310123 Test Loss: 0.3709666
EarlyStopping counter: 22 out of 100
Updating learning rate to 2.427494450315473e-08
Epoch: 83 cost time: 1.2077157497406006
Epoch: 83, Steps: 64 | Train Loss: 0.5769233 Vali Loss: 0.3312454 Test Loss: 0.3709666
EarlyStopping counter: 23 out of 100
Updating learning rate to 2.1847450052839257e-08
Epoch: 84 cost time: 1.0837512016296387
Epoch: 84, Steps: 64 | Train Loss: 0.5748068 Vali Loss: 0.3306274 Test Loss: 0.3709665
EarlyStopping counter: 24 out of 100
Updating learning rate to 1.9662705047555332e-08
Epoch: 85 cost time: 1.1448783874511719
Epoch: 85, Steps: 64 | Train Loss: 0.5768266 Vali Loss: 0.3310925 Test Loss: 0.3709666
EarlyStopping counter: 25 out of 100
Updating learning rate to 1.7696434542799797e-08
Epoch: 86 cost time: 1.1153814792633057
Epoch: 86, Steps: 64 | Train Loss: 0.5769388 Vali Loss: 0.3298789 Test Loss: 0.3709666
EarlyStopping counter: 26 out of 100
Updating learning rate to 1.5926791088519817e-08
Epoch: 87 cost time: 1.1621930599212646
Epoch: 87, Steps: 64 | Train Loss: 0.5771535 Vali Loss: 0.3304461 Test Loss: 0.3709666
EarlyStopping counter: 27 out of 100
Updating learning rate to 1.4334111979667836e-08
Epoch: 88 cost time: 1.2302825450897217
Epoch: 88, Steps: 64 | Train Loss: 0.5770194 Vali Loss: 0.3301734 Test Loss: 0.3709666
EarlyStopping counter: 28 out of 100
Updating learning rate to 1.2900700781701054e-08
Epoch: 89 cost time: 1.1769919395446777
Epoch: 89, Steps: 64 | Train Loss: 0.5759334 Vali Loss: 0.3312671 Test Loss: 0.3709666
EarlyStopping counter: 29 out of 100
Updating learning rate to 1.161063070353095e-08
Epoch: 90 cost time: 1.3125545978546143
Epoch: 90, Steps: 64 | Train Loss: 0.5770721 Vali Loss: 0.3320295 Test Loss: 0.3709666
EarlyStopping counter: 30 out of 100
Updating learning rate to 1.0449567633177854e-08
Epoch: 91 cost time: 1.2679510116577148
Epoch: 91, Steps: 64 | Train Loss: 0.5769573 Vali Loss: 0.3307479 Test Loss: 0.3709665
EarlyStopping counter: 31 out of 100
Updating learning rate to 9.404610869860069e-09
Epoch: 92 cost time: 1.1613271236419678
Epoch: 92, Steps: 64 | Train Loss: 0.5752718 Vali Loss: 0.3314760 Test Loss: 0.3709665
EarlyStopping counter: 32 out of 100
Updating learning rate to 8.464149782874063e-09
Epoch: 93 cost time: 1.1727690696716309
Epoch: 93, Steps: 64 | Train Loss: 0.5771670 Vali Loss: 0.3297704 Test Loss: 0.3709666
EarlyStopping counter: 33 out of 100
Updating learning rate to 7.617734804586658e-09
Epoch: 94 cost time: 1.2567100524902344
Epoch: 94, Steps: 64 | Train Loss: 0.5765376 Vali Loss: 0.3310443 Test Loss: 0.3709666
EarlyStopping counter: 34 out of 100
Updating learning rate to 6.855961324127991e-09
Epoch: 95 cost time: 1.2615785598754883
Epoch: 95, Steps: 64 | Train Loss: 0.5768089 Vali Loss: 0.3325353 Test Loss: 0.3709666
EarlyStopping counter: 35 out of 100
Updating learning rate to 6.170365191715193e-09
Epoch: 96 cost time: 1.2313556671142578
Epoch: 96, Steps: 64 | Train Loss: 0.5761267 Vali Loss: 0.3320763 Test Loss: 0.3709665
EarlyStopping counter: 36 out of 100
Updating learning rate to 5.5533286725436726e-09
Epoch: 97 cost time: 1.2507615089416504
Epoch: 97, Steps: 64 | Train Loss: 0.5770187 Vali Loss: 0.3305844 Test Loss: 0.3709665
EarlyStopping counter: 37 out of 100
Updating learning rate to 4.997995805289306e-09
Epoch: 98 cost time: 1.13932204246521
Epoch: 98, Steps: 64 | Train Loss: 0.5769870 Vali Loss: 0.3305406 Test Loss: 0.3709665
EarlyStopping counter: 38 out of 100
Updating learning rate to 4.498196224760375e-09
Epoch: 99 cost time: 1.2129771709442139
Epoch: 99, Steps: 64 | Train Loss: 0.5767315 Vali Loss: 0.3307283 Test Loss: 0.3709665
EarlyStopping counter: 39 out of 100
Updating learning rate to 4.048376602284338e-09
Epoch: 100 cost time: 1.4064972400665283
Epoch: 100, Steps: 64 | Train Loss: 0.5766078 Vali Loss: 0.3309287 Test Loss: 0.3709665
EarlyStopping counter: 40 out of 100
Updating learning rate to 3.643538942055904e-09
>>>>>>>testing : 336_96_PatchTSFL_ETTh2_ftM_sl336_ll48_pl96_dm16_nh4_el3_dl1_df128_fc1_ebtimeF_dtTrue_Exp_0<<<<<<<<<<<<<<<<<<<<<<<<<<<<<<<<<
test 2785
mse:0.37096670269966125, mae:0.41014620661735535, rse:0.48656147718429565
