Args in experiment:
Namespace(activation='gelu', affine=0, batch_size=128, c_out=7, checkpoints='./checkpoints/', d_ff=256, d_layers=1, d_model=128, data='ETTm1', data_path='ETTm1.csv', dec_in=7, decomposition=0, des='Exp', devices='0,1,2,3', distil=True, do_predict=False, dropout=0.2, e_layers=3, embed='timeF', embed_type=0, enc_in=7, factor=1, fc_dropout=0.2, features='M', freq='h', gpu=0, head_dropout=0.0, individual=0, is_training=1, itr=1, kernel_size=25, label_len=48, learning_rate=0.0001, loss='mse', lradj='TST', model='PatchTSFL', model_id='336_192', moving_avg=25, n_heads=16, num_workers=4, output_attention=False, padding_patch='end', patch_len=16, patience=20, pct_start=0.4, pred_len=192, random_seed=2021, revin=1, root_path='./dataset/', seq_len=336, stride=8, subtract_last=0, target='OT', test_flop=False, train_epochs=100, use_amp=False, use_gpu=True, use_multi_gpu=False)
Use GPU: cuda:0
fourier enhanced block used!
modes=0, index=[]
>>>>>>>start training : 336_192_PatchTSFL_ETTm1_ftM_sl336_ll48_pl192_dm128_nh16_el3_dl1_df256_fc1_ebtimeF_dtTrue_Exp_0>>>>>>>>>>>>>>>>>>>>>>>>>>
train 34033
val 11329
test 11329
	iters: 100, epoch: 1 | loss: 0.5176828
	speed: 0.0147s/iter; left time: 388.0953s
	iters: 200, epoch: 1 | loss: 0.5281850
	speed: 0.0067s/iter; left time: 175.7707s
Epoch: 1 cost time: 2.7003562450408936
Epoch: 1, Steps: 265 | Train Loss: 0.5129498 Vali Loss: 0.9851552 Test Loss: 0.6909277
Validation loss decreased (inf --> 0.985155).  Saving model ...
Updating learning rate to 4.147995888890545e-06
	iters: 100, epoch: 2 | loss: 0.5324489
	speed: 0.0508s/iter; left time: 1326.5833s
	iters: 200, epoch: 2 | loss: 0.4964403
	speed: 0.0075s/iter; left time: 194.9512s
Epoch: 2 cost time: 2.760796070098877
Epoch: 2, Steps: 265 | Train Loss: 0.5129066 Vali Loss: 0.9842057 Test Loss: 0.6909313
Validation loss decreased (0.985155 --> 0.984206).  Saving model ...
Updating learning rate to 4.591070939598485e-06
	iters: 100, epoch: 3 | loss: 0.5053947
	speed: 0.0499s/iter; left time: 1290.9348s
	iters: 200, epoch: 3 | loss: 0.4888126
	speed: 0.0072s/iter; left time: 186.5321s
Epoch: 3 cost time: 2.728738784790039
Epoch: 3, Steps: 265 | Train Loss: 0.5128878 Vali Loss: 0.9852645 Test Loss: 0.6909357
EarlyStopping counter: 1 out of 20
Updating learning rate to 5.326492931874866e-06
	iters: 100, epoch: 4 | loss: 0.5037271
	speed: 0.0488s/iter; left time: 1248.8197s
	iters: 200, epoch: 4 | loss: 0.5574479
	speed: 0.0069s/iter; left time: 176.8724s
Epoch: 4 cost time: 2.712102174758911
Epoch: 4, Steps: 265 | Train Loss: 0.5129442 Vali Loss: 0.9851700 Test Loss: 0.6909413
EarlyStopping counter: 2 out of 20
Updating learning rate to 6.349726889409005e-06
	iters: 100, epoch: 5 | loss: 0.5021921
	speed: 0.0483s/iter; left time: 1224.3403s
	iters: 200, epoch: 5 | loss: 0.5420275
	speed: 0.0069s/iter; left time: 174.5676s
Epoch: 5 cost time: 2.607088565826416
Epoch: 5, Steps: 265 | Train Loss: 0.5129471 Vali Loss: 0.9851053 Test Loss: 0.6909476
EarlyStopping counter: 3 out of 20
Updating learning rate to 7.654463044738896e-06
	iters: 100, epoch: 6 | loss: 0.4967085
	speed: 0.0490s/iter; left time: 1229.8100s
	iters: 200, epoch: 6 | loss: 0.5048724
	speed: 0.0071s/iter; left time: 178.0618s
Epoch: 6 cost time: 2.6127381324768066
Epoch: 6, Steps: 265 | Train Loss: 0.5129055 Vali Loss: 0.9850920 Test Loss: 0.6909556
EarlyStopping counter: 4 out of 20
Updating learning rate to 9.232655748403029e-06
	iters: 100, epoch: 7 | loss: 0.4977857
	speed: 0.0456s/iter; left time: 1132.5727s
	iters: 200, epoch: 7 | loss: 0.5157292
	speed: 0.0072s/iter; left time: 177.0605s
Epoch: 7 cost time: 2.6231329441070557
Epoch: 7, Steps: 265 | Train Loss: 0.5129885 Vali Loss: 0.9851829 Test Loss: 0.6909654
EarlyStopping counter: 5 out of 20
Updating learning rate to 1.107457308240065e-05
	iters: 100, epoch: 8 | loss: 0.5115511
	speed: 0.0481s/iter; left time: 1180.2480s
	iters: 200, epoch: 8 | loss: 0.5095654
	speed: 0.0071s/iter; left time: 174.6830s
Epoch: 8 cost time: 2.6746346950531006
Epoch: 8, Steps: 265 | Train Loss: 0.5129243 Vali Loss: 0.9856783 Test Loss: 0.6909765
EarlyStopping counter: 6 out of 20
Updating learning rate to 1.3168856872018862e-05
	iters: 100, epoch: 9 | loss: 0.5220747
	speed: 0.0489s/iter; left time: 1186.5067s
	iters: 200, epoch: 9 | loss: 0.5056786
	speed: 0.0070s/iter; left time: 169.5690s
Epoch: 9 cost time: 2.6762263774871826
Epoch: 9, Steps: 265 | Train Loss: 0.5130130 Vali Loss: 0.9847550 Test Loss: 0.6909914
EarlyStopping counter: 7 out of 20
Updating learning rate to 1.550259272596464e-05
	iters: 100, epoch: 10 | loss: 0.4859284
	speed: 0.0487s/iter; left time: 1170.4872s
	iters: 200, epoch: 10 | loss: 0.5014235
	speed: 0.0071s/iter; left time: 169.3479s
Epoch: 10 cost time: 2.606539011001587
Epoch: 10, Steps: 265 | Train Loss: 0.5128257 Vali Loss: 0.9850603 Test Loss: 0.6910079
EarlyStopping counter: 8 out of 20
Updating learning rate to 1.806138967289881e-05
	iters: 100, epoch: 11 | loss: 0.5767280
	speed: 0.0471s/iter; left time: 1118.9017s
	iters: 200, epoch: 11 | loss: 0.5032676
	speed: 0.0070s/iter; left time: 165.9529s
Epoch: 11 cost time: 2.5639073848724365
Epoch: 11, Steps: 265 | Train Loss: 0.5129471 Vali Loss: 0.9849792 Test Loss: 0.6910260
EarlyStopping counter: 9 out of 20
Updating learning rate to 2.0829468903294163e-05
	iters: 100, epoch: 12 | loss: 0.5250729
	speed: 0.0472s/iter; left time: 1109.6529s
	iters: 200, epoch: 12 | loss: 0.4932956
	speed: 0.0071s/iter; left time: 165.7832s
Epoch: 12 cost time: 2.5590097904205322
Epoch: 12, Steps: 265 | Train Loss: 0.5128207 Vali Loss: 0.9847004 Test Loss: 0.6910509
EarlyStopping counter: 10 out of 20
Updating learning rate to 2.3789761069391508e-05
	iters: 100, epoch: 13 | loss: 0.5730655
	speed: 0.0496s/iter; left time: 1151.2260s
	iters: 200, epoch: 13 | loss: 0.5315944
	speed: 0.0070s/iter; left time: 161.6255s
Epoch: 13 cost time: 2.7160918712615967
Epoch: 13, Steps: 265 | Train Loss: 0.5128976 Vali Loss: 0.9845569 Test Loss: 0.6910730
EarlyStopping counter: 11 out of 20
Updating learning rate to 2.692401154325343e-05
	iters: 100, epoch: 14 | loss: 0.5015344
	speed: 0.0488s/iter; left time: 1120.9054s
	iters: 200, epoch: 14 | loss: 0.5333681
	speed: 0.0072s/iter; left time: 163.6842s
Epoch: 14 cost time: 2.6675825119018555
Epoch: 14, Steps: 265 | Train Loss: 0.5129017 Vali Loss: 0.9845539 Test Loss: 0.6911008
EarlyStopping counter: 12 out of 20
Updating learning rate to 3.0212892983843068e-05
	iters: 100, epoch: 15 | loss: 0.5032877
	speed: 0.0468s/iter; left time: 1062.8901s
	iters: 200, epoch: 15 | loss: 0.5610294
	speed: 0.0070s/iter; left time: 159.0525s
Epoch: 15 cost time: 2.6223344802856445
Epoch: 15, Steps: 265 | Train Loss: 0.5128314 Vali Loss: 0.9851860 Test Loss: 0.6911275
EarlyStopping counter: 13 out of 20
Updating learning rate to 3.3636124518983084e-05
	iters: 100, epoch: 16 | loss: 0.5637699
	speed: 0.0478s/iter; left time: 1072.3035s
	iters: 200, epoch: 16 | loss: 0.4858411
	speed: 0.0071s/iter; left time: 157.7213s
Epoch: 16 cost time: 2.6254773139953613
Epoch: 16, Steps: 265 | Train Loss: 0.5127266 Vali Loss: 0.9857250 Test Loss: 0.6911584
EarlyStopping counter: 14 out of 20
Updating learning rate to 3.717259680726015e-05
	iters: 100, epoch: 17 | loss: 0.4757925
	speed: 0.0469s/iter; left time: 1040.3762s
	iters: 200, epoch: 17 | loss: 0.5037485
	speed: 0.0070s/iter; left time: 153.5140s
Epoch: 17 cost time: 2.669248342514038
Epoch: 17, Steps: 265 | Train Loss: 0.5128164 Vali Loss: 0.9853525 Test Loss: 0.6911930
EarlyStopping counter: 15 out of 20
Updating learning rate to 4.080050220868085e-05
	iters: 100, epoch: 18 | loss: 0.5274720
	speed: 0.0485s/iter; left time: 1062.1423s
	iters: 200, epoch: 18 | loss: 0.5515617
	speed: 0.0071s/iter; left time: 155.1854s
Epoch: 18 cost time: 2.648660659790039
Epoch: 18, Steps: 265 | Train Loss: 0.5127925 Vali Loss: 0.9853503 Test Loss: 0.6912205
EarlyStopping counter: 16 out of 20
Updating learning rate to 4.449746926138297e-05
	iters: 100, epoch: 19 | loss: 0.5367479
	speed: 0.0480s/iter; left time: 1037.5759s
	iters: 200, epoch: 19 | loss: 0.5126112
	speed: 0.0072s/iter; left time: 154.4505s
Epoch: 19 cost time: 2.6022775173187256
Epoch: 19, Steps: 265 | Train Loss: 0.5128190 Vali Loss: 0.9853637 Test Loss: 0.6912495
EarlyStopping counter: 17 out of 20
Updating learning rate to 4.824070063515135e-05
	iters: 100, epoch: 20 | loss: 0.5070279
	speed: 0.0490s/iter; left time: 1046.9205s
	iters: 200, epoch: 20 | loss: 0.5432360
	speed: 0.0073s/iter; left time: 154.8959s
Epoch: 20 cost time: 2.688744068145752
Epoch: 20, Steps: 265 | Train Loss: 0.5129174 Vali Loss: 0.9855249 Test Loss: 0.6912795
EarlyStopping counter: 18 out of 20
Updating learning rate to 5.200711371104918e-05
	iters: 100, epoch: 21 | loss: 0.5111998
	speed: 0.0479s/iter; left time: 1011.0429s
	iters: 200, epoch: 21 | loss: 0.5002201
	speed: 0.0070s/iter; left time: 146.0379s
Epoch: 21 cost time: 2.624574899673462
Epoch: 21, Steps: 265 | Train Loss: 0.5128426 Vali Loss: 0.9851504 Test Loss: 0.6913059
EarlyStopping counter: 19 out of 20
Updating learning rate to 5.577348292028073e-05
	iters: 100, epoch: 22 | loss: 0.5049034
	speed: 0.0488s/iter; left time: 1016.5116s
	iters: 200, epoch: 22 | loss: 0.4908678
	speed: 0.0070s/iter; left time: 144.9905s
Epoch: 22 cost time: 2.6074953079223633
Epoch: 22, Steps: 265 | Train Loss: 0.5129565 Vali Loss: 0.9850104 Test Loss: 0.6913326
EarlyStopping counter: 20 out of 20
Early stopping
>>>>>>>testing : 336_192_PatchTSFL_ETTm1_ftM_sl336_ll48_pl192_dm128_nh16_el3_dl1_df256_fc1_ebtimeF_dtTrue_Exp_0<<<<<<<<<<<<<<<<<<<<<<<<<<<<<<<<<
test 11329
mse:0.6909314393997192, mae:0.550631046295166, rse:0.7906093001365662
