Args in experiment:
Namespace(activation='gelu', affine=0, batch_size=16, c_out=7, checkpoints='./checkpoints/', d_ff=128, d_layers=1, d_model=16, data='custom', data_path='national_illness.csv', dec_in=7, decomposition=0, des='Exp', devices='0,1,2,3', distil=True, do_predict=False, dropout=0.3, e_layers=3, embed='timeF', embed_type=0, enc_in=7, factor=1, fc_dropout=0.3, features='M', freq='h', gpu=0, head_dropout=0.0, individual=0, is_training=1, itr=1, kernel_size=25, label_len=48, learning_rate=0.0025, loss='mse', lradj='constant', model='PatchTSFL', model_id='104_36', moving_avg=25, n_heads=4, num_workers=10, output_attention=False, padding_patch='end', patch_len=24, patience=100, pct_start=0.3, pred_len=36, random_seed=2021, revin=1, root_path='./dataset/', seq_len=104, stride=2, subtract_last=0, target='OT', test_flop=False, train_epochs=100, use_amp=False, use_gpu=True, use_multi_gpu=False)
Use GPU: cuda:0
fourier enhanced block used!
modes=0, index=[]
>>>>>>>start training : 104_36_PatchTSFL_custom_ftM_sl104_ll48_pl36_dm16_nh4_el3_dl1_df128_fc1_ebtimeF_dtTrue_Exp_0>>>>>>>>>>>>>>>>>>>>>>>>>>
train 537
val 62
test 158
Epoch: 1 cost time: 1.8524582386016846
Epoch: 1, Steps: 33 | Train Loss: 0.8778646 Vali Loss: 0.6699095 Test Loss: 4.2676826
Validation loss decreased (inf --> 0.669910).  Saving model ...
Updating learning rate to 0.0025
Epoch: 2 cost time: 1.6969640254974365
Epoch: 2, Steps: 33 | Train Loss: 0.8686966 Vali Loss: 0.6650729 Test Loss: 4.2279844
Validation loss decreased (0.669910 --> 0.665073).  Saving model ...
Updating learning rate to 0.0025
Epoch: 3 cost time: 1.6912994384765625
Epoch: 3, Steps: 33 | Train Loss: 0.8732024 Vali Loss: 0.6629125 Test Loss: 4.1973591
Validation loss decreased (0.665073 --> 0.662913).  Saving model ...
Updating learning rate to 0.0025
Epoch: 4 cost time: 1.666294813156128
Epoch: 4, Steps: 33 | Train Loss: 0.8723778 Vali Loss: 0.6606883 Test Loss: 4.1854215
Validation loss decreased (0.662913 --> 0.660688).  Saving model ...
Updating learning rate to 0.0025
Epoch: 5 cost time: 1.7004058361053467
Epoch: 5, Steps: 33 | Train Loss: 0.8688187 Vali Loss: 0.6448824 Test Loss: 4.1727138
Validation loss decreased (0.660688 --> 0.644882).  Saving model ...
Updating learning rate to 0.0025
Epoch: 6 cost time: 1.7145256996154785
Epoch: 6, Steps: 33 | Train Loss: 0.8602931 Vali Loss: 0.6774163 Test Loss: 4.1600742
EarlyStopping counter: 1 out of 100
Updating learning rate to 0.0025
Epoch: 7 cost time: 1.7341299057006836
Epoch: 7, Steps: 33 | Train Loss: 0.8704174 Vali Loss: 0.6443209 Test Loss: 4.1603675
Validation loss decreased (0.644882 --> 0.644321).  Saving model ...
Updating learning rate to 0.0025
Epoch: 8 cost time: 1.675560474395752
Epoch: 8, Steps: 33 | Train Loss: 0.8697137 Vali Loss: 0.6515952 Test Loss: 4.1577411
EarlyStopping counter: 1 out of 100
Updating learning rate to 0.0025
Epoch: 9 cost time: 1.6998951435089111
Epoch: 9, Steps: 33 | Train Loss: 0.8704898 Vali Loss: 0.6657429 Test Loss: 4.1538005
EarlyStopping counter: 2 out of 100
Updating learning rate to 0.0025
Epoch: 10 cost time: 1.6118338108062744
Epoch: 10, Steps: 33 | Train Loss: 0.8739929 Vali Loss: 0.6916193 Test Loss: 4.1505179
EarlyStopping counter: 3 out of 100
Updating learning rate to 0.0025
Epoch: 11 cost time: 1.740983009338379
Epoch: 11, Steps: 33 | Train Loss: 0.8677257 Vali Loss: 0.6768186 Test Loss: 4.1494656
EarlyStopping counter: 4 out of 100
Updating learning rate to 0.0025
Epoch: 12 cost time: 1.6646623611450195
Epoch: 12, Steps: 33 | Train Loss: 0.8704613 Vali Loss: 0.6495194 Test Loss: 4.1483755
EarlyStopping counter: 5 out of 100
Updating learning rate to 0.0025
Epoch: 13 cost time: 1.8705008029937744
Epoch: 13, Steps: 33 | Train Loss: 0.8740553 Vali Loss: 0.6478491 Test Loss: 4.1505423
EarlyStopping counter: 6 out of 100
Updating learning rate to 0.0025
Epoch: 14 cost time: 1.7112550735473633
Epoch: 14, Steps: 33 | Train Loss: 0.8624240 Vali Loss: 0.6379536 Test Loss: 4.1484127
Validation loss decreased (0.644321 --> 0.637954).  Saving model ...
Updating learning rate to 0.0025
Epoch: 15 cost time: 1.7089862823486328
Epoch: 15, Steps: 33 | Train Loss: 0.8554267 Vali Loss: 0.6146968 Test Loss: 4.1517668
Validation loss decreased (0.637954 --> 0.614697).  Saving model ...
Updating learning rate to 0.0025
Epoch: 16 cost time: 1.8138184547424316
Epoch: 16, Steps: 33 | Train Loss: 0.8727006 Vali Loss: 0.6641147 Test Loss: 4.1526394
EarlyStopping counter: 1 out of 100
Updating learning rate to 0.0025
Epoch: 17 cost time: 1.5542113780975342
Epoch: 17, Steps: 33 | Train Loss: 0.8639589 Vali Loss: 0.6486555 Test Loss: 4.1495457
EarlyStopping counter: 2 out of 100
Updating learning rate to 0.0025
Epoch: 18 cost time: 1.6857833862304688
Epoch: 18, Steps: 33 | Train Loss: 0.8659979 Vali Loss: 0.6616874 Test Loss: 4.1507716
EarlyStopping counter: 3 out of 100
Updating learning rate to 0.0025
Epoch: 19 cost time: 1.705167293548584
Epoch: 19, Steps: 33 | Train Loss: 0.8697314 Vali Loss: 0.6374108 Test Loss: 4.1532459
EarlyStopping counter: 4 out of 100
Updating learning rate to 0.0025
Epoch: 20 cost time: 1.6983520984649658
Epoch: 20, Steps: 33 | Train Loss: 0.8649141 Vali Loss: 0.6724799 Test Loss: 4.1501040
EarlyStopping counter: 5 out of 100
Updating learning rate to 0.0025
Epoch: 21 cost time: 1.651869773864746
Epoch: 21, Steps: 33 | Train Loss: 0.8709663 Vali Loss: 0.6447284 Test Loss: 4.1473031
EarlyStopping counter: 6 out of 100
Updating learning rate to 0.0025
Epoch: 22 cost time: 1.6805806159973145
Epoch: 22, Steps: 33 | Train Loss: 0.8628809 Vali Loss: 0.6511565 Test Loss: 4.1523662
EarlyStopping counter: 7 out of 100
Updating learning rate to 0.0025
Epoch: 23 cost time: 1.7425079345703125
Epoch: 23, Steps: 33 | Train Loss: 0.8643683 Vali Loss: 0.6489629 Test Loss: 4.1527691
EarlyStopping counter: 8 out of 100
Updating learning rate to 0.0025
Epoch: 24 cost time: 1.7784943580627441
Epoch: 24, Steps: 33 | Train Loss: 0.8685665 Vali Loss: 0.6549658 Test Loss: 4.1509509
EarlyStopping counter: 9 out of 100
Updating learning rate to 0.0025
Epoch: 25 cost time: 1.4389171600341797
Epoch: 25, Steps: 33 | Train Loss: 0.8742145 Vali Loss: 0.6666350 Test Loss: 4.1546688
EarlyStopping counter: 10 out of 100
Updating learning rate to 0.0025
Epoch: 26 cost time: 1.4848878383636475
Epoch: 26, Steps: 33 | Train Loss: 0.8628823 Vali Loss: 0.6504704 Test Loss: 4.1495972
EarlyStopping counter: 11 out of 100
Updating learning rate to 0.0025
Epoch: 27 cost time: 1.7059402465820312
Epoch: 27, Steps: 33 | Train Loss: 0.8697461 Vali Loss: 0.6042290 Test Loss: 4.1508207
Validation loss decreased (0.614697 --> 0.604229).  Saving model ...
Updating learning rate to 0.0025
Epoch: 28 cost time: 1.6831440925598145
Epoch: 28, Steps: 33 | Train Loss: 0.8633131 Vali Loss: 0.6596125 Test Loss: 4.1541343
EarlyStopping counter: 1 out of 100
Updating learning rate to 0.0025
Epoch: 29 cost time: 1.5096426010131836
Epoch: 29, Steps: 33 | Train Loss: 0.8600657 Vali Loss: 0.6343901 Test Loss: 4.1504154
EarlyStopping counter: 2 out of 100
Updating learning rate to 0.0025
Epoch: 30 cost time: 1.7293717861175537
Epoch: 30, Steps: 33 | Train Loss: 0.8678329 Vali Loss: 0.6698902 Test Loss: 4.1511025
EarlyStopping counter: 3 out of 100
Updating learning rate to 0.0025
Epoch: 31 cost time: 1.5638408660888672
Epoch: 31, Steps: 33 | Train Loss: 0.8629536 Vali Loss: 0.6517605 Test Loss: 4.1555343
EarlyStopping counter: 4 out of 100
Updating learning rate to 0.0025
Epoch: 32 cost time: 1.6208486557006836
Epoch: 32, Steps: 33 | Train Loss: 0.8647158 Vali Loss: 0.6482591 Test Loss: 4.1526880
EarlyStopping counter: 5 out of 100
Updating learning rate to 0.0025
Epoch: 33 cost time: 1.7516019344329834
Epoch: 33, Steps: 33 | Train Loss: 0.8653404 Vali Loss: 0.6253346 Test Loss: 4.1516690
EarlyStopping counter: 6 out of 100
Updating learning rate to 0.0025
Epoch: 34 cost time: 1.8032517433166504
Epoch: 34, Steps: 33 | Train Loss: 0.8696251 Vali Loss: 0.6169369 Test Loss: 4.1506834
EarlyStopping counter: 7 out of 100
Updating learning rate to 0.0025
Epoch: 35 cost time: 1.6799232959747314
Epoch: 35, Steps: 33 | Train Loss: 0.8646578 Vali Loss: 0.6628230 Test Loss: 4.1505694
EarlyStopping counter: 8 out of 100
Updating learning rate to 0.0025
Epoch: 36 cost time: 1.5420610904693604
Epoch: 36, Steps: 33 | Train Loss: 0.8720853 Vali Loss: 0.6676230 Test Loss: 4.1492882
EarlyStopping counter: 9 out of 100
Updating learning rate to 0.0025
Epoch: 37 cost time: 1.5933210849761963
Epoch: 37, Steps: 33 | Train Loss: 0.8686069 Vali Loss: 0.6288033 Test Loss: 4.1489472
EarlyStopping counter: 10 out of 100
Updating learning rate to 0.0025
Epoch: 38 cost time: 1.8575880527496338
Epoch: 38, Steps: 33 | Train Loss: 0.8697878 Vali Loss: 0.6715498 Test Loss: 4.1480932
EarlyStopping counter: 11 out of 100
Updating learning rate to 0.0025
Epoch: 39 cost time: 1.6492576599121094
Epoch: 39, Steps: 33 | Train Loss: 0.8612347 Vali Loss: 0.6367058 Test Loss: 4.1491604
EarlyStopping counter: 12 out of 100
Updating learning rate to 0.0025
Epoch: 40 cost time: 1.6182005405426025
Epoch: 40, Steps: 33 | Train Loss: 0.8624445 Vali Loss: 0.6833751 Test Loss: 4.1514258
EarlyStopping counter: 13 out of 100
Updating learning rate to 0.0025
Epoch: 41 cost time: 1.8271644115447998
Epoch: 41, Steps: 33 | Train Loss: 0.8705114 Vali Loss: 0.6765824 Test Loss: 4.1521072
EarlyStopping counter: 14 out of 100
Updating learning rate to 0.0025
Epoch: 42 cost time: 1.5431530475616455
Epoch: 42, Steps: 33 | Train Loss: 0.8706727 Vali Loss: 0.6372726 Test Loss: 4.1506057
EarlyStopping counter: 15 out of 100
Updating learning rate to 0.0025
Epoch: 43 cost time: 1.7449004650115967
Epoch: 43, Steps: 33 | Train Loss: 0.8682928 Vali Loss: 0.6468012 Test Loss: 4.1439681
EarlyStopping counter: 16 out of 100
Updating learning rate to 0.0025
Epoch: 44 cost time: 1.6864564418792725
Epoch: 44, Steps: 33 | Train Loss: 0.8581867 Vali Loss: 0.6317239 Test Loss: 4.1478138
EarlyStopping counter: 17 out of 100
Updating learning rate to 0.0025
Epoch: 45 cost time: 1.8653976917266846
Epoch: 45, Steps: 33 | Train Loss: 0.8548249 Vali Loss: 0.6382509 Test Loss: 4.1499524
EarlyStopping counter: 18 out of 100
Updating learning rate to 0.0025
Epoch: 46 cost time: 1.6939246654510498
Epoch: 46, Steps: 33 | Train Loss: 0.8615256 Vali Loss: 0.6751566 Test Loss: 4.1532326
EarlyStopping counter: 19 out of 100
Updating learning rate to 0.0025
Epoch: 47 cost time: 1.7124300003051758
Epoch: 47, Steps: 33 | Train Loss: 0.8667298 Vali Loss: 0.6466355 Test Loss: 4.1498432
EarlyStopping counter: 20 out of 100
Updating learning rate to 0.0025
Epoch: 48 cost time: 1.617445945739746
Epoch: 48, Steps: 33 | Train Loss: 0.8664176 Vali Loss: 0.6398742 Test Loss: 4.1502609
EarlyStopping counter: 21 out of 100
Updating learning rate to 0.0025
Epoch: 49 cost time: 1.720461130142212
Epoch: 49, Steps: 33 | Train Loss: 0.8649555 Vali Loss: 0.6283197 Test Loss: 4.1471543
EarlyStopping counter: 22 out of 100
Updating learning rate to 0.0025
Epoch: 50 cost time: 1.8160638809204102
Epoch: 50, Steps: 33 | Train Loss: 0.8716127 Vali Loss: 0.6686828 Test Loss: 4.1482673
EarlyStopping counter: 23 out of 100
Updating learning rate to 0.0025
Epoch: 51 cost time: 1.5779900550842285
Epoch: 51, Steps: 33 | Train Loss: 0.8626208 Vali Loss: 0.6355647 Test Loss: 4.1480680
EarlyStopping counter: 24 out of 100
Updating learning rate to 0.0025
Epoch: 52 cost time: 1.5955848693847656
Epoch: 52, Steps: 33 | Train Loss: 0.8701267 Vali Loss: 0.6265924 Test Loss: 4.1459026
EarlyStopping counter: 25 out of 100
Updating learning rate to 0.0025
Epoch: 53 cost time: 1.601506233215332
Epoch: 53, Steps: 33 | Train Loss: 0.8726298 Vali Loss: 0.6569735 Test Loss: 4.1474919
EarlyStopping counter: 26 out of 100
Updating learning rate to 0.0025
Epoch: 54 cost time: 1.6775076389312744
Epoch: 54, Steps: 33 | Train Loss: 0.8576772 Vali Loss: 0.6505995 Test Loss: 4.1481400
EarlyStopping counter: 27 out of 100
Updating learning rate to 0.0025
Epoch: 55 cost time: 1.8449182510375977
Epoch: 55, Steps: 33 | Train Loss: 0.8608570 Vali Loss: 0.6392308 Test Loss: 4.1494284
EarlyStopping counter: 28 out of 100
Updating learning rate to 0.0025
Epoch: 56 cost time: 1.673161506652832
Epoch: 56, Steps: 33 | Train Loss: 0.8656788 Vali Loss: 0.6633235 Test Loss: 4.1546035
EarlyStopping counter: 29 out of 100
Updating learning rate to 0.0025
Epoch: 57 cost time: 1.5945773124694824
Epoch: 57, Steps: 33 | Train Loss: 0.8689377 Vali Loss: 0.6430305 Test Loss: 4.1498084
EarlyStopping counter: 30 out of 100
Updating learning rate to 0.0025
Epoch: 58 cost time: 1.8483405113220215
Epoch: 58, Steps: 33 | Train Loss: 0.8661053 Vali Loss: 0.6687387 Test Loss: 4.1516738
EarlyStopping counter: 31 out of 100
Updating learning rate to 0.0025
Epoch: 59 cost time: 1.6694769859313965
Epoch: 59, Steps: 33 | Train Loss: 0.8711485 Vali Loss: 0.6562055 Test Loss: 4.1509776
EarlyStopping counter: 32 out of 100
Updating learning rate to 0.0025
Epoch: 60 cost time: 1.7137744426727295
Epoch: 60, Steps: 33 | Train Loss: 0.8668091 Vali Loss: 0.6592333 Test Loss: 4.1506000
EarlyStopping counter: 33 out of 100
Updating learning rate to 0.0025
Epoch: 61 cost time: 1.7936222553253174
Epoch: 61, Steps: 33 | Train Loss: 0.8719793 Vali Loss: 0.6450741 Test Loss: 4.1465373
EarlyStopping counter: 34 out of 100
Updating learning rate to 0.0025
Epoch: 62 cost time: 1.651010513305664
Epoch: 62, Steps: 33 | Train Loss: 0.8727349 Vali Loss: 0.6638896 Test Loss: 4.1486902
EarlyStopping counter: 35 out of 100
Updating learning rate to 0.0025
Epoch: 63 cost time: 1.6789250373840332
Epoch: 63, Steps: 33 | Train Loss: 0.8679118 Vali Loss: 0.6201499 Test Loss: 4.1472797
EarlyStopping counter: 36 out of 100
Updating learning rate to 0.0025
Epoch: 64 cost time: 1.7561092376708984
Epoch: 64, Steps: 33 | Train Loss: 0.8657042 Vali Loss: 0.6462743 Test Loss: 4.1508579
EarlyStopping counter: 37 out of 100
Updating learning rate to 0.0025
Epoch: 65 cost time: 1.616727352142334
Epoch: 65, Steps: 33 | Train Loss: 0.8670329 Vali Loss: 0.6629065 Test Loss: 4.1484232
EarlyStopping counter: 38 out of 100
Updating learning rate to 0.0025
Epoch: 66 cost time: 1.6064085960388184
Epoch: 66, Steps: 33 | Train Loss: 0.8652935 Vali Loss: 0.6418069 Test Loss: 4.1514030
EarlyStopping counter: 39 out of 100
Updating learning rate to 0.0025
Epoch: 67 cost time: 1.6501789093017578
Epoch: 67, Steps: 33 | Train Loss: 0.8603609 Vali Loss: 0.6564333 Test Loss: 4.1464024
EarlyStopping counter: 40 out of 100
Updating learning rate to 0.0025
Epoch: 68 cost time: 1.7654697895050049
Epoch: 68, Steps: 33 | Train Loss: 0.8685316 Vali Loss: 0.6184279 Test Loss: 4.1466103
EarlyStopping counter: 41 out of 100
Updating learning rate to 0.0025
Epoch: 69 cost time: 1.555152177810669
Epoch: 69, Steps: 33 | Train Loss: 0.8720325 Vali Loss: 0.6414965 Test Loss: 4.1451168
EarlyStopping counter: 42 out of 100
Updating learning rate to 0.0025
Epoch: 70 cost time: 1.9319932460784912
Epoch: 70, Steps: 33 | Train Loss: 0.8688459 Vali Loss: 0.6550694 Test Loss: 4.1490879
EarlyStopping counter: 43 out of 100
Updating learning rate to 0.0025
Epoch: 71 cost time: 1.6496155261993408
Epoch: 71, Steps: 33 | Train Loss: 0.8699817 Vali Loss: 0.6692173 Test Loss: 4.1514335
EarlyStopping counter: 44 out of 100
Updating learning rate to 0.0025
Epoch: 72 cost time: 1.574507713317871
Epoch: 72, Steps: 33 | Train Loss: 0.8580013 Vali Loss: 0.6453802 Test Loss: 4.1513705
EarlyStopping counter: 45 out of 100
Updating learning rate to 0.0025
Epoch: 73 cost time: 1.5549495220184326
Epoch: 73, Steps: 33 | Train Loss: 0.8634969 Vali Loss: 0.6417302 Test Loss: 4.1572242
EarlyStopping counter: 46 out of 100
Updating learning rate to 0.0025
Epoch: 74 cost time: 1.7728970050811768
Epoch: 74, Steps: 33 | Train Loss: 0.8716492 Vali Loss: 0.6545299 Test Loss: 4.1518049
EarlyStopping counter: 47 out of 100
Updating learning rate to 0.0025
Epoch: 75 cost time: 1.7255685329437256
Epoch: 75, Steps: 33 | Train Loss: 0.8622452 Vali Loss: 0.6554931 Test Loss: 4.1515093
EarlyStopping counter: 48 out of 100
Updating learning rate to 0.0025
Epoch: 76 cost time: 1.7609243392944336
Epoch: 76, Steps: 33 | Train Loss: 0.8723914 Vali Loss: 0.6227601 Test Loss: 4.1453161
EarlyStopping counter: 49 out of 100
Updating learning rate to 0.0025
Epoch: 77 cost time: 1.7396860122680664
Epoch: 77, Steps: 33 | Train Loss: 0.8733261 Vali Loss: 0.6423141 Test Loss: 4.1484313
EarlyStopping counter: 50 out of 100
Updating learning rate to 0.0025
Epoch: 78 cost time: 1.7098579406738281
Epoch: 78, Steps: 33 | Train Loss: 0.8578056 Vali Loss: 0.6412207 Test Loss: 4.1503654
EarlyStopping counter: 51 out of 100
Updating learning rate to 0.0025
Epoch: 79 cost time: 1.6064813137054443
Epoch: 79, Steps: 33 | Train Loss: 0.8514928 Vali Loss: 0.6622950 Test Loss: 4.1499519
EarlyStopping counter: 52 out of 100
Updating learning rate to 0.0025
Epoch: 80 cost time: 1.6847705841064453
Epoch: 80, Steps: 33 | Train Loss: 0.8704895 Vali Loss: 0.6442011 Test Loss: 4.1547713
EarlyStopping counter: 53 out of 100
Updating learning rate to 0.0025
Epoch: 81 cost time: 1.596933126449585
Epoch: 81, Steps: 33 | Train Loss: 0.8721699 Vali Loss: 0.6355849 Test Loss: 4.1500602
EarlyStopping counter: 54 out of 100
Updating learning rate to 0.0025
Epoch: 82 cost time: 1.6931178569793701
Epoch: 82, Steps: 33 | Train Loss: 0.8726482 Vali Loss: 0.6378599 Test Loss: 4.1519375
EarlyStopping counter: 55 out of 100
Updating learning rate to 0.0025
Epoch: 83 cost time: 1.7844059467315674
Epoch: 83, Steps: 33 | Train Loss: 0.8653936 Vali Loss: 0.6302225 Test Loss: 4.1508341
EarlyStopping counter: 56 out of 100
Updating learning rate to 0.0025
Epoch: 84 cost time: 1.7956273555755615
Epoch: 84, Steps: 33 | Train Loss: 0.8647074 Vali Loss: 0.6756113 Test Loss: 4.1488824
EarlyStopping counter: 57 out of 100
Updating learning rate to 0.0025
Epoch: 85 cost time: 1.6641285419464111
Epoch: 85, Steps: 33 | Train Loss: 0.8720493 Vali Loss: 0.6143057 Test Loss: 4.1471000
EarlyStopping counter: 58 out of 100
Updating learning rate to 0.0025
Epoch: 86 cost time: 1.6933841705322266
Epoch: 86, Steps: 33 | Train Loss: 0.8661340 Vali Loss: 0.6370715 Test Loss: 4.1477985
EarlyStopping counter: 59 out of 100
Updating learning rate to 0.0025
Epoch: 87 cost time: 1.7059917449951172
Epoch: 87, Steps: 33 | Train Loss: 0.8707092 Vali Loss: 0.6559468 Test Loss: 4.1518583
EarlyStopping counter: 60 out of 100
Updating learning rate to 0.0025
Epoch: 88 cost time: 1.5797934532165527
Epoch: 88, Steps: 33 | Train Loss: 0.8623332 Vali Loss: 0.6556792 Test Loss: 4.1507492
EarlyStopping counter: 61 out of 100
Updating learning rate to 0.0025
Epoch: 89 cost time: 1.669893741607666
Epoch: 89, Steps: 33 | Train Loss: 0.8676534 Vali Loss: 0.6420378 Test Loss: 4.1487169
EarlyStopping counter: 62 out of 100
Updating learning rate to 0.0025
Epoch: 90 cost time: 1.7728142738342285
Epoch: 90, Steps: 33 | Train Loss: 0.8740499 Vali Loss: 0.6783873 Test Loss: 4.1544008
EarlyStopping counter: 63 out of 100
Updating learning rate to 0.0025
Epoch: 91 cost time: 1.7070822715759277
Epoch: 91, Steps: 33 | Train Loss: 0.8630352 Vali Loss: 0.6389653 Test Loss: 4.1518340
EarlyStopping counter: 64 out of 100
Updating learning rate to 0.0025
Epoch: 92 cost time: 1.6528089046478271
Epoch: 92, Steps: 33 | Train Loss: 0.8722209 Vali Loss: 0.6304252 Test Loss: 4.1521897
EarlyStopping counter: 65 out of 100
Updating learning rate to 0.0025
Epoch: 93 cost time: 1.807884693145752
Epoch: 93, Steps: 33 | Train Loss: 0.8636872 Vali Loss: 0.6126974 Test Loss: 4.1511021
EarlyStopping counter: 66 out of 100
Updating learning rate to 0.0025
Epoch: 94 cost time: 1.6948771476745605
Epoch: 94, Steps: 33 | Train Loss: 0.8632729 Vali Loss: 0.6277880 Test Loss: 4.1479468
EarlyStopping counter: 67 out of 100
Updating learning rate to 0.0025
Epoch: 95 cost time: 1.6081914901733398
Epoch: 95, Steps: 33 | Train Loss: 0.8636242 Vali Loss: 0.6438149 Test Loss: 4.1464195
EarlyStopping counter: 68 out of 100
Updating learning rate to 0.0025
Epoch: 96 cost time: 1.7172267436981201
Epoch: 96, Steps: 33 | Train Loss: 0.8627737 Vali Loss: 0.6553845 Test Loss: 4.1483264
EarlyStopping counter: 69 out of 100
Updating learning rate to 0.0025
Epoch: 97 cost time: 1.5947675704956055
Epoch: 97, Steps: 33 | Train Loss: 0.8553183 Vali Loss: 0.6571785 Test Loss: 4.1527233
EarlyStopping counter: 70 out of 100
Updating learning rate to 0.0025
Epoch: 98 cost time: 1.7760281562805176
Epoch: 98, Steps: 33 | Train Loss: 0.8663101 Vali Loss: 0.6695240 Test Loss: 4.1577477
EarlyStopping counter: 71 out of 100
Updating learning rate to 0.0025
Epoch: 99 cost time: 1.762943983078003
Epoch: 99, Steps: 33 | Train Loss: 0.8565897 Vali Loss: 0.6194438 Test Loss: 4.1568480
EarlyStopping counter: 72 out of 100
Updating learning rate to 0.0025
Epoch: 100 cost time: 1.5384564399719238
Epoch: 100, Steps: 33 | Train Loss: 0.8694656 Vali Loss: 0.6853135 Test Loss: 4.1468124
EarlyStopping counter: 73 out of 100
Updating learning rate to 0.0025
>>>>>>>testing : 104_36_PatchTSFL_custom_ftM_sl104_ll48_pl36_dm16_nh4_el3_dl1_df128_fc1_ebtimeF_dtTrue_Exp_0<<<<<<<<<<<<<<<<<<<<<<<<<<<<<<<<<
test 158
mse:4.150820732116699, mae:1.4936362504959106, rse:0.9771314263343811
