Args in experiment:
Namespace(activation='gelu', affine=0, batch_size=128, c_out=7, checkpoints='./checkpoints/', d_ff=256, d_layers=1, d_model=128, data='custom', data_path='weather.csv', dec_in=7, decomposition=0, des='Exp', devices='0,1,2,3', distil=True, do_predict=False, dropout=0.2, e_layers=3, embed='timeF', embed_type=0, enc_in=21, factor=1, fc_dropout=0.2, features='M', freq='h', gpu=0, head_dropout=0.0, individual=0, is_training=1, itr=1, kernel_size=25, label_len=48, learning_rate=0.0001, loss='mse', lradj='type3', model='PatchTSFL', model_id='336_336', moving_avg=25, n_heads=16, num_workers=10, output_attention=False, padding_patch='end', patch_len=16, patience=20, pct_start=0.3, pred_len=336, random_seed=2021, revin=1, root_path='./dataset/', seq_len=336, stride=8, subtract_last=0, target='OT', test_flop=False, train_epochs=100, use_amp=False, use_gpu=True, use_multi_gpu=False)
Use GPU: cuda:0
fourier enhanced block used!
modes=0, index=[]
>>>>>>>start training : 336_336_PatchTSFL_custom_ftM_sl336_ll48_pl336_dm128_nh16_el3_dl1_df256_fc1_ebtimeF_dtTrue_Exp_0>>>>>>>>>>>>>>>>>>>>>>>>>>
train 36216
val 4935
test 10204
	iters: 100, epoch: 1 | loss: 0.6569467
	speed: 0.0249s/iter; left time: 700.9775s
	iters: 200, epoch: 1 | loss: 0.7913206
	speed: 0.0109s/iter; left time: 304.2620s
Epoch: 1 cost time: 4.584737539291382
Epoch: 1, Steps: 282 | Train Loss: 0.7366618 Vali Loss: 0.7381837 Test Loss: 0.3176398
Validation loss decreased (inf --> 0.738184).  Saving model ...
Updating learning rate to 0.0001
	iters: 100, epoch: 2 | loss: 0.6344106
	speed: 0.0809s/iter; left time: 2249.5717s
	iters: 200, epoch: 2 | loss: 0.6936831
	speed: 0.0104s/iter; left time: 288.6900s
Epoch: 2 cost time: 4.382734298706055
Epoch: 2, Steps: 282 | Train Loss: 0.7369772 Vali Loss: 0.7365907 Test Loss: 0.3173259
Validation loss decreased (0.738184 --> 0.736591).  Saving model ...
Updating learning rate to 0.0001
	iters: 100, epoch: 3 | loss: 0.6498320
	speed: 0.0836s/iter; left time: 2302.6494s
	iters: 200, epoch: 3 | loss: 0.6980579
	speed: 0.0105s/iter; left time: 287.4082s
Epoch: 3 cost time: 4.588066339492798
Epoch: 3, Steps: 282 | Train Loss: 0.7363313 Vali Loss: 0.7345338 Test Loss: 0.3171401
Validation loss decreased (0.736591 --> 0.734534).  Saving model ...
Updating learning rate to 0.0001
	iters: 100, epoch: 4 | loss: 0.6438103
	speed: 0.0851s/iter; left time: 2320.5117s
	iters: 200, epoch: 4 | loss: 0.6807512
	speed: 0.0107s/iter; left time: 291.0112s
Epoch: 4 cost time: 4.69365668296814
Epoch: 4, Steps: 282 | Train Loss: 0.7364714 Vali Loss: 0.7367991 Test Loss: 0.3170547
EarlyStopping counter: 1 out of 20
Updating learning rate to 9e-05
	iters: 100, epoch: 5 | loss: 0.8445138
	speed: 0.0830s/iter; left time: 2238.7431s
	iters: 200, epoch: 5 | loss: 0.8587301
	speed: 0.0106s/iter; left time: 285.9833s
Epoch: 5 cost time: 4.576094388961792
Epoch: 5, Steps: 282 | Train Loss: 0.7365534 Vali Loss: 0.7359247 Test Loss: 0.3170021
EarlyStopping counter: 2 out of 20
Updating learning rate to 8.1e-05
	iters: 100, epoch: 6 | loss: 0.6774457
	speed: 0.0838s/iter; left time: 2235.9043s
	iters: 200, epoch: 6 | loss: 0.7822905
	speed: 0.0111s/iter; left time: 294.9084s
Epoch: 6 cost time: 4.70379376411438
Epoch: 6, Steps: 282 | Train Loss: 0.7364228 Vali Loss: 0.7337147 Test Loss: 0.3169797
Validation loss decreased (0.734534 --> 0.733715).  Saving model ...
Updating learning rate to 7.290000000000001e-05
	iters: 100, epoch: 7 | loss: 0.7110761
	speed: 0.0907s/iter; left time: 2394.9138s
	iters: 200, epoch: 7 | loss: 0.8096497
	speed: 0.0111s/iter; left time: 291.5396s
Epoch: 7 cost time: 4.817178010940552
Epoch: 7, Steps: 282 | Train Loss: 0.7367324 Vali Loss: 0.7352480 Test Loss: 0.3169656
EarlyStopping counter: 1 out of 20
Updating learning rate to 6.561e-05
	iters: 100, epoch: 8 | loss: 0.8464151
	speed: 0.0856s/iter; left time: 2236.0231s
	iters: 200, epoch: 8 | loss: 0.7059013
	speed: 0.0109s/iter; left time: 284.9211s
Epoch: 8 cost time: 4.876095533370972
Epoch: 8, Steps: 282 | Train Loss: 0.7368301 Vali Loss: 0.7349595 Test Loss: 0.3169641
EarlyStopping counter: 2 out of 20
Updating learning rate to 5.904900000000001e-05
	iters: 100, epoch: 9 | loss: 0.8579104
	speed: 0.0897s/iter; left time: 2318.2425s
	iters: 200, epoch: 9 | loss: 0.7817448
	speed: 0.0112s/iter; left time: 288.4351s
Epoch: 9 cost time: 4.949707984924316
Epoch: 9, Steps: 282 | Train Loss: 0.7365562 Vali Loss: 0.7348812 Test Loss: 0.3169525
EarlyStopping counter: 3 out of 20
Updating learning rate to 5.3144100000000005e-05
	iters: 100, epoch: 10 | loss: 0.6810704
	speed: 0.0858s/iter; left time: 2193.4499s
	iters: 200, epoch: 10 | loss: 0.6762705
	speed: 0.0110s/iter; left time: 280.4727s
Epoch: 10 cost time: 4.852014064788818
Epoch: 10, Steps: 282 | Train Loss: 0.7369440 Vali Loss: 0.7352435 Test Loss: 0.3169446
EarlyStopping counter: 4 out of 20
Updating learning rate to 4.782969000000001e-05
	iters: 100, epoch: 11 | loss: 0.6773527
	speed: 0.0861s/iter; left time: 2175.9194s
	iters: 200, epoch: 11 | loss: 0.7490882
	speed: 0.0106s/iter; left time: 267.6492s
Epoch: 11 cost time: 4.671234130859375
Epoch: 11, Steps: 282 | Train Loss: 0.7357973 Vali Loss: 0.7321811 Test Loss: 0.3169453
Validation loss decreased (0.733715 --> 0.732181).  Saving model ...
Updating learning rate to 4.304672100000001e-05
	iters: 100, epoch: 12 | loss: 0.7942570
	speed: 0.0849s/iter; left time: 2121.4920s
	iters: 200, epoch: 12 | loss: 0.7262281
	speed: 0.0108s/iter; left time: 269.1640s
Epoch: 12 cost time: 4.749948978424072
Epoch: 12, Steps: 282 | Train Loss: 0.7367232 Vali Loss: 0.7356917 Test Loss: 0.3169460
EarlyStopping counter: 1 out of 20
Updating learning rate to 3.874204890000001e-05
	iters: 100, epoch: 13 | loss: 0.7407126
	speed: 0.0802s/iter; left time: 1982.6345s
	iters: 200, epoch: 13 | loss: 0.6307996
	speed: 0.0112s/iter; left time: 274.7550s
Epoch: 13 cost time: 4.7222020626068115
Epoch: 13, Steps: 282 | Train Loss: 0.7362774 Vali Loss: 0.7344003 Test Loss: 0.3169385
EarlyStopping counter: 2 out of 20
Updating learning rate to 3.486784401000001e-05
	iters: 100, epoch: 14 | loss: 0.7370192
	speed: 0.0835s/iter; left time: 2041.5033s
	iters: 200, epoch: 14 | loss: 0.7669088
	speed: 0.0112s/iter; left time: 271.8533s
Epoch: 14 cost time: 4.791384220123291
Epoch: 14, Steps: 282 | Train Loss: 0.7365758 Vali Loss: 0.7362391 Test Loss: 0.3169415
EarlyStopping counter: 3 out of 20
Updating learning rate to 3.138105960900001e-05
	iters: 100, epoch: 15 | loss: 0.6866390
	speed: 0.0902s/iter; left time: 2179.4327s
	iters: 200, epoch: 15 | loss: 0.7483026
	speed: 0.0120s/iter; left time: 289.8272s
Epoch: 15 cost time: 5.049112558364868
Epoch: 15, Steps: 282 | Train Loss: 0.7367843 Vali Loss: 0.7353413 Test Loss: 0.3169399
EarlyStopping counter: 4 out of 20
Updating learning rate to 2.824295364810001e-05
	iters: 100, epoch: 16 | loss: 0.6527221
	speed: 0.0847s/iter; left time: 2021.8892s
	iters: 200, epoch: 16 | loss: 0.7322218
	speed: 0.0108s/iter; left time: 257.7617s
Epoch: 16 cost time: 4.50926399230957
Epoch: 16, Steps: 282 | Train Loss: 0.7365862 Vali Loss: 0.7347396 Test Loss: 0.3169384
EarlyStopping counter: 5 out of 20
Updating learning rate to 2.541865828329001e-05
	iters: 100, epoch: 17 | loss: 0.7595399
	speed: 0.0817s/iter; left time: 1928.3089s
	iters: 200, epoch: 17 | loss: 0.6731762
	speed: 0.0110s/iter; left time: 258.2637s
Epoch: 17 cost time: 4.6964616775512695
Epoch: 17, Steps: 282 | Train Loss: 0.7362911 Vali Loss: 0.7357677 Test Loss: 0.3169389
EarlyStopping counter: 6 out of 20
Updating learning rate to 2.287679245496101e-05
	iters: 100, epoch: 18 | loss: 0.7521573
	speed: 0.0854s/iter; left time: 1991.5390s
	iters: 200, epoch: 18 | loss: 0.8129387
	speed: 0.0111s/iter; left time: 257.0159s
Epoch: 18 cost time: 4.786563873291016
Epoch: 18, Steps: 282 | Train Loss: 0.7364412 Vali Loss: 0.7336698 Test Loss: 0.3169388
EarlyStopping counter: 7 out of 20
Updating learning rate to 2.0589113209464907e-05
	iters: 100, epoch: 19 | loss: 0.6614599
	speed: 0.0829s/iter; left time: 1909.2594s
	iters: 200, epoch: 19 | loss: 0.7218249
	speed: 0.0110s/iter; left time: 252.7817s
Epoch: 19 cost time: 4.6324262619018555
Epoch: 19, Steps: 282 | Train Loss: 0.7365060 Vali Loss: 0.7336949 Test Loss: 0.3169383
EarlyStopping counter: 8 out of 20
Updating learning rate to 1.8530201888518416e-05
	iters: 100, epoch: 20 | loss: 0.6951317
	speed: 0.0798s/iter; left time: 1814.5412s
	iters: 200, epoch: 20 | loss: 0.8184959
	speed: 0.0107s/iter; left time: 243.2852s
Epoch: 20 cost time: 4.55829381942749
Epoch: 20, Steps: 282 | Train Loss: 0.7354706 Vali Loss: 0.7339638 Test Loss: 0.3169368
EarlyStopping counter: 9 out of 20
Updating learning rate to 1.6677181699666577e-05
	iters: 100, epoch: 21 | loss: 0.7689256
	speed: 0.0852s/iter; left time: 1913.7497s
	iters: 200, epoch: 21 | loss: 0.7560426
	speed: 0.0109s/iter; left time: 243.6110s
Epoch: 21 cost time: 4.658690690994263
Epoch: 21, Steps: 282 | Train Loss: 0.7369020 Vali Loss: 0.7352128 Test Loss: 0.3169385
EarlyStopping counter: 10 out of 20
Updating learning rate to 1.5009463529699919e-05
	iters: 100, epoch: 22 | loss: 0.6583003
	speed: 0.0862s/iter; left time: 1912.8518s
	iters: 200, epoch: 22 | loss: 0.7182054
	speed: 0.0108s/iter; left time: 237.6666s
Epoch: 22 cost time: 4.746541500091553
Epoch: 22, Steps: 282 | Train Loss: 0.7355932 Vali Loss: 0.7336827 Test Loss: 0.3169383
EarlyStopping counter: 11 out of 20
Updating learning rate to 1.3508517176729929e-05
	iters: 100, epoch: 23 | loss: 0.6654104
	speed: 0.0847s/iter; left time: 1855.2676s
	iters: 200, epoch: 23 | loss: 0.8601242
	speed: 0.0113s/iter; left time: 247.3718s
Epoch: 23 cost time: 4.6879661083221436
Epoch: 23, Steps: 282 | Train Loss: 0.7357102 Vali Loss: 0.7337759 Test Loss: 0.3169388
EarlyStopping counter: 12 out of 20
Updating learning rate to 1.2157665459056936e-05
	iters: 100, epoch: 24 | loss: 0.7829126
	speed: 0.0887s/iter; left time: 1917.4427s
	iters: 200, epoch: 24 | loss: 0.7590718
	speed: 0.0113s/iter; left time: 243.4578s
Epoch: 24 cost time: 4.927343845367432
Epoch: 24, Steps: 282 | Train Loss: 0.7369227 Vali Loss: 0.7346058 Test Loss: 0.3169381
EarlyStopping counter: 13 out of 20
Updating learning rate to 1.0941898913151242e-05
	iters: 100, epoch: 25 | loss: 0.6229706
	speed: 0.0850s/iter; left time: 1813.6592s
	iters: 200, epoch: 25 | loss: 0.7050207
	speed: 0.0105s/iter; left time: 223.8576s
Epoch: 25 cost time: 4.6161720752716064
Epoch: 25, Steps: 282 | Train Loss: 0.7367030 Vali Loss: 0.7337283 Test Loss: 0.3169391
EarlyStopping counter: 14 out of 20
Updating learning rate to 9.847709021836118e-06
	iters: 100, epoch: 26 | loss: 0.8054968
	speed: 0.0857s/iter; left time: 1803.4794s
	iters: 200, epoch: 26 | loss: 0.5988593
	speed: 0.0112s/iter; left time: 234.2775s
Epoch: 26 cost time: 4.885635852813721
Epoch: 26, Steps: 282 | Train Loss: 0.7362134 Vali Loss: 0.7349696 Test Loss: 0.3169385
EarlyStopping counter: 15 out of 20
Updating learning rate to 8.862938119652508e-06
	iters: 100, epoch: 27 | loss: 0.7712959
	speed: 0.0834s/iter; left time: 1732.9636s
	iters: 200, epoch: 27 | loss: 0.6665193
	speed: 0.0108s/iter; left time: 223.0423s
Epoch: 27 cost time: 4.748664855957031
Epoch: 27, Steps: 282 | Train Loss: 0.7367392 Vali Loss: 0.7348118 Test Loss: 0.3169389
EarlyStopping counter: 16 out of 20
Updating learning rate to 7.976644307687255e-06
	iters: 100, epoch: 28 | loss: 0.7516070
	speed: 0.0868s/iter; left time: 1778.0014s
	iters: 200, epoch: 28 | loss: 0.8307448
	speed: 0.0109s/iter; left time: 222.6531s
Epoch: 28 cost time: 4.70279335975647
Epoch: 28, Steps: 282 | Train Loss: 0.7367947 Vali Loss: 0.7335000 Test Loss: 0.3169392
EarlyStopping counter: 17 out of 20
Updating learning rate to 7.178979876918531e-06
	iters: 100, epoch: 29 | loss: 0.7923717
	speed: 0.0856s/iter; left time: 1729.6829s
	iters: 200, epoch: 29 | loss: 0.6334451
	speed: 0.0114s/iter; left time: 228.4327s
Epoch: 29 cost time: 4.691638231277466
Epoch: 29, Steps: 282 | Train Loss: 0.7365732 Vali Loss: 0.7356094 Test Loss: 0.3169389
EarlyStopping counter: 18 out of 20
Updating learning rate to 6.4610818892266776e-06
	iters: 100, epoch: 30 | loss: 0.8274699
	speed: 0.0886s/iter; left time: 1764.2548s
	iters: 200, epoch: 30 | loss: 0.6846427
	speed: 0.0109s/iter; left time: 216.1144s
Epoch: 30 cost time: 4.685875415802002
Epoch: 30, Steps: 282 | Train Loss: 0.7362196 Vali Loss: 0.7334091 Test Loss: 0.3169393
EarlyStopping counter: 19 out of 20
Updating learning rate to 5.8149737003040096e-06
	iters: 100, epoch: 31 | loss: 0.6461633
	speed: 0.0864s/iter; left time: 1696.2545s
	iters: 200, epoch: 31 | loss: 0.6730028
	speed: 0.0110s/iter; left time: 215.6657s
Epoch: 31 cost time: 4.788180828094482
Epoch: 31, Steps: 282 | Train Loss: 0.7362569 Vali Loss: 0.7332802 Test Loss: 0.3169391
EarlyStopping counter: 20 out of 20
Early stopping
>>>>>>>testing : 336_336_PatchTSFL_custom_ftM_sl336_ll48_pl336_dm128_nh16_el3_dl1_df256_fc1_ebtimeF_dtTrue_Exp_0<<<<<<<<<<<<<<<<<<<<<<<<<<<<<<<<<
test 10204
mse:0.31694480776786804, mae:0.3465098440647125, rse:0.7395268082618713
