Args in experiment:
Namespace(activation='gelu', affine=0, batch_size=32, c_out=7, checkpoints='./checkpoints/', d_ff=256, d_layers=1, d_model=128, data='custom', data_path='electricity.csv', dec_in=7, decomposition=0, des='Exp', devices='0,1,2,3', distil=True, do_predict=False, dropout=0.2, e_layers=3, embed='timeF', embed_type=0, enc_in=321, factor=1, fc_dropout=0.2, features='M', freq='h', gpu=0, head_dropout=0.0, individual=0, is_training=1, itr=1, kernel_size=25, label_len=48, learning_rate=0.0001, loss='mse', lradj='TST', model='PatchTSFL', model_id='336_192', moving_avg=25, n_heads=16, num_workers=10, output_attention=False, padding_patch='end', patch_len=16, patience=10, pct_start=0.2, pred_len=192, random_seed=2021, revin=1, root_path='./dataset/', seq_len=336, stride=8, subtract_last=0, target='OT', test_flop=False, train_epochs=100, use_amp=False, use_gpu=True, use_multi_gpu=False)
Use GPU: cuda:0
fourier enhanced block used!
modes=0, index=[]
>>>>>>>start training : 336_192_PatchTSFL_custom_ftM_sl336_ll48_pl192_dm128_nh16_el3_dl1_df256_fc1_ebtimeF_dtTrue_Exp_0>>>>>>>>>>>>>>>>>>>>>>>>>>
train 17885
val 2441
test 5069
	iters: 100, epoch: 1 | loss: 0.8848167
	speed: 0.0463s/iter; left time: 2579.4157s
	iters: 200, epoch: 1 | loss: 0.8856806
	speed: 0.0303s/iter; left time: 1682.8641s
	iters: 300, epoch: 1 | loss: 0.8650507
	speed: 0.0303s/iter; left time: 1681.8023s
	iters: 400, epoch: 1 | loss: 0.8578464
	speed: 0.0302s/iter; left time: 1672.3150s
	iters: 500, epoch: 1 | loss: 0.8376442
	speed: 0.0302s/iter; left time: 1671.6579s
Epoch: 1 cost time: 18.62510657310486
Epoch: 1, Steps: 558 | Train Loss: 0.8660925 Vali Loss: 0.7359797 Test Loss: 0.8441916
Validation loss decreased (inf --> 0.735980).  Saving model ...
Updating learning rate to 4.5910653544975e-06
	iters: 100, epoch: 2 | loss: 0.8648644
	speed: 0.1809s/iter; left time: 9976.3218s
	iters: 200, epoch: 2 | loss: 0.8783352
	speed: 0.0303s/iter; left time: 1668.5849s
	iters: 300, epoch: 2 | loss: 0.8584127
	speed: 0.0305s/iter; left time: 1675.2792s
	iters: 400, epoch: 2 | loss: 0.8542767
	speed: 0.0303s/iter; left time: 1663.9712s
	iters: 500, epoch: 2 | loss: 0.7986551
	speed: 0.0308s/iter; left time: 1684.7419s
Epoch: 2 cost time: 18.65213656425476
Epoch: 2, Steps: 558 | Train Loss: 0.8662286 Vali Loss: 0.7360131 Test Loss: 0.8441901
EarlyStopping counter: 1 out of 10
Updating learning rate to 6.34970482410307e-06
	iters: 100, epoch: 3 | loss: 0.8733210
	speed: 0.1860s/iter; left time: 10151.6123s
	iters: 200, epoch: 3 | loss: 0.8796524
	speed: 0.0306s/iter; left time: 1668.4106s
	iters: 300, epoch: 3 | loss: 0.8413007
	speed: 0.0304s/iter; left time: 1655.0128s
	iters: 400, epoch: 3 | loss: 0.9022311
	speed: 0.0299s/iter; left time: 1624.5728s
	iters: 500, epoch: 3 | loss: 0.8899286
	speed: 0.0313s/iter; left time: 1693.3719s
Epoch: 3 cost time: 18.72975254058838
Epoch: 3, Steps: 558 | Train Loss: 0.8661975 Vali Loss: 0.7360139 Test Loss: 0.8441885
EarlyStopping counter: 2 out of 10
Updating learning rate to 9.232607122919344e-06
	iters: 100, epoch: 4 | loss: 0.8354629
	speed: 0.1847s/iter; left time: 9980.1676s
	iters: 200, epoch: 4 | loss: 0.8369303
	speed: 0.0306s/iter; left time: 1647.6325s
	iters: 300, epoch: 4 | loss: 0.8968514
	speed: 0.0307s/iter; left time: 1651.6609s
	iters: 400, epoch: 4 | loss: 0.8718250
	speed: 0.0304s/iter; left time: 1634.1558s
	iters: 500, epoch: 4 | loss: 0.8719894
	speed: 0.0304s/iter; left time: 1632.2459s
Epoch: 4 cost time: 18.863850116729736
Epoch: 4, Steps: 558 | Train Loss: 0.8661179 Vali Loss: 0.7360064 Test Loss: 0.8441863
EarlyStopping counter: 3 out of 10
Updating learning rate to 1.3168772931395015e-05
	iters: 100, epoch: 5 | loss: 0.8195033
	speed: 0.1886s/iter; left time: 10084.8468s
	iters: 200, epoch: 5 | loss: 0.8639865
	speed: 0.0312s/iter; left time: 1664.4489s
	iters: 300, epoch: 5 | loss: 0.8466163
	speed: 0.0313s/iter; left time: 1668.0640s
	iters: 400, epoch: 5 | loss: 0.8310930
	speed: 0.0308s/iter; left time: 1635.7852s
	iters: 500, epoch: 5 | loss: 0.8762277
	speed: 0.0312s/iter; left time: 1655.2912s
Epoch: 5 cost time: 19.071755170822144
Epoch: 5, Steps: 558 | Train Loss: 0.8661738 Vali Loss: 0.7358701 Test Loss: 0.8441847
Validation loss decreased (0.735980 --> 0.735870).  Saving model ...
Updating learning rate to 1.8061263447907304e-05
	iters: 100, epoch: 6 | loss: 0.8060317
	speed: 0.1871s/iter; left time: 9898.3101s
	iters: 200, epoch: 6 | loss: 0.8968570
	speed: 0.0305s/iter; left time: 1609.5650s
	iters: 300, epoch: 6 | loss: 0.8644728
	speed: 0.0309s/iter; left time: 1630.8820s
	iters: 400, epoch: 6 | loss: 0.8611238
	speed: 0.0314s/iter; left time: 1649.5239s
	iters: 500, epoch: 6 | loss: 0.8481265
	speed: 0.0313s/iter; left time: 1645.5056s
Epoch: 6 cost time: 19.099916458129883
Epoch: 6, Steps: 558 | Train Loss: 0.8661234 Vali Loss: 0.7359101 Test Loss: 0.8441836
EarlyStopping counter: 1 out of 10
Updating learning rate to 2.3789587770726254e-05
	iters: 100, epoch: 7 | loss: 0.8415840
	speed: 0.1865s/iter; left time: 9764.9668s
	iters: 200, epoch: 7 | loss: 0.8711021
	speed: 0.0310s/iter; left time: 1618.4179s
	iters: 300, epoch: 7 | loss: 0.8956205
	speed: 0.0306s/iter; left time: 1593.6780s
	iters: 400, epoch: 7 | loss: 0.8707522
	speed: 0.0312s/iter; left time: 1622.2925s
	iters: 500, epoch: 7 | loss: 0.8480564
	speed: 0.0311s/iter; left time: 1614.3953s
Epoch: 7 cost time: 19.10653018951416
Epoch: 7, Steps: 558 | Train Loss: 0.8660338 Vali Loss: 0.7359033 Test Loss: 0.8441842
EarlyStopping counter: 2 out of 10
Updating learning rate to 3.021267031457922e-05
	iters: 100, epoch: 8 | loss: 0.8492388
	speed: 0.1836s/iter; left time: 9507.9905s
	iters: 200, epoch: 8 | loss: 0.8797507
	speed: 0.0302s/iter; left time: 1561.2021s
	iters: 300, epoch: 8 | loss: 0.8798683
	speed: 0.0314s/iter; left time: 1618.7298s
	iters: 400, epoch: 8 | loss: 0.8790401
	speed: 0.0308s/iter; left time: 1586.5272s
	iters: 500, epoch: 8 | loss: 0.8534352
	speed: 0.0303s/iter; left time: 1557.5566s
Epoch: 8 cost time: 19.0399808883667
Epoch: 8, Steps: 558 | Train Loss: 0.8661147 Vali Loss: 0.7357185 Test Loss: 0.8441870
Validation loss decreased (0.735870 --> 0.735718).  Saving model ...
Updating learning rate to 3.7172325181101666e-05
	iters: 100, epoch: 9 | loss: 0.9132223
	speed: 0.1885s/iter; left time: 9660.6617s
	iters: 200, epoch: 9 | loss: 0.8801132
	speed: 0.0308s/iter; left time: 1574.4997s
	iters: 300, epoch: 9 | loss: 0.9142451
	speed: 0.0306s/iter; left time: 1560.8914s
	iters: 400, epoch: 9 | loss: 0.8645483
	speed: 0.0308s/iter; left time: 1568.2295s
	iters: 500, epoch: 9 | loss: 0.8457900
	speed: 0.0309s/iter; left time: 1570.2824s
Epoch: 9 cost time: 19.290955305099487
Epoch: 9, Steps: 558 | Train Loss: 0.8659721 Vali Loss: 0.7356213 Test Loss: 0.8441926
Validation loss decreased (0.735718 --> 0.735621).  Saving model ...
Updating learning rate to 4.449715191734102e-05
	iters: 100, epoch: 10 | loss: 0.8831512
	speed: 0.1846s/iter; left time: 9354.0986s
	iters: 200, epoch: 10 | loss: 0.8506006
	speed: 0.0303s/iter; left time: 1535.0002s
	iters: 300, epoch: 10 | loss: 0.8627740
	speed: 0.0302s/iter; left time: 1526.7480s
	iters: 400, epoch: 10 | loss: 0.9100602
	speed: 0.0307s/iter; left time: 1547.5725s
	iters: 500, epoch: 10 | loss: 0.8463651
	speed: 0.0309s/iter; left time: 1553.6395s
Epoch: 10 cost time: 18.770198822021484
Epoch: 10, Steps: 558 | Train Loss: 0.8661269 Vali Loss: 0.7356923 Test Loss: 0.8442006
EarlyStopping counter: 1 out of 10
Updating learning rate to 5.2006756718651956e-05
	iters: 100, epoch: 11 | loss: 0.8873616
	speed: 0.1826s/iter; left time: 9149.8415s
	iters: 200, epoch: 11 | loss: 0.8766690
	speed: 0.0309s/iter; left time: 1544.3483s
	iters: 300, epoch: 11 | loss: 0.9206466
	speed: 0.0306s/iter; left time: 1526.4662s
	iters: 400, epoch: 11 | loss: 0.8493053
	speed: 0.0306s/iter; left time: 1523.8696s
	iters: 500, epoch: 11 | loss: 0.8725850
	speed: 0.0305s/iter; left time: 1516.1750s
Epoch: 11 cost time: 18.845000743865967
Epoch: 11, Steps: 558 | Train Loss: 0.8659801 Vali Loss: 0.7356381 Test Loss: 0.8442104
EarlyStopping counter: 2 out of 10
Updating learning rate to 5.9516195117366834e-05
	iters: 100, epoch: 12 | loss: 0.8684012
	speed: 0.1865s/iter; left time: 9245.5398s
	iters: 200, epoch: 12 | loss: 0.8581749
	speed: 0.0305s/iter; left time: 1509.8889s
	iters: 300, epoch: 12 | loss: 0.8701776
	speed: 0.0303s/iter; left time: 1497.0652s
	iters: 400, epoch: 12 | loss: 0.9017310
	speed: 0.0304s/iter; left time: 1496.2512s
	iters: 500, epoch: 12 | loss: 0.9125634
	speed: 0.0307s/iter; left time: 1510.8462s
Epoch: 12 cost time: 18.827577352523804
Epoch: 12, Steps: 558 | Train Loss: 0.8660078 Vali Loss: 0.7357537 Test Loss: 0.8442200
EarlyStopping counter: 3 out of 10
Updating learning rate to 6.68405267439351e-05
	iters: 100, epoch: 13 | loss: 0.8731421
	speed: 0.1847s/iter; left time: 9051.1626s
	iters: 200, epoch: 13 | loss: 0.9052404
	speed: 0.0303s/iter; left time: 1482.6880s
	iters: 300, epoch: 13 | loss: 0.8619116
	speed: 0.0303s/iter; left time: 1476.9916s
	iters: 400, epoch: 13 | loss: 0.8432448
	speed: 0.0304s/iter; left time: 1478.5692s
	iters: 500, epoch: 13 | loss: 0.8833463
	speed: 0.0310s/iter; left time: 1508.6856s
Epoch: 13 cost time: 18.917646884918213
Epoch: 13, Steps: 558 | Train Loss: 0.8660806 Vali Loss: 0.7357504 Test Loss: 0.8442305
EarlyStopping counter: 4 out of 10
Updating learning rate to 7.379936998713528e-05
	iters: 100, epoch: 14 | loss: 0.8319619
	speed: 0.1841s/iter; left time: 8918.0749s
	iters: 200, epoch: 14 | loss: 0.8517348
	speed: 0.0313s/iter; left time: 1512.8922s
	iters: 300, epoch: 14 | loss: 0.8884661
	speed: 0.0309s/iter; left time: 1491.2224s
	iters: 400, epoch: 14 | loss: 0.8398620
	speed: 0.0306s/iter; left time: 1473.7968s
	iters: 500, epoch: 14 | loss: 0.8781709
	speed: 0.0303s/iter; left time: 1456.3368s
Epoch: 14 cost time: 18.949952363967896
Epoch: 14, Steps: 558 | Train Loss: 0.8659588 Vali Loss: 0.7357671 Test Loss: 0.8442401
EarlyStopping counter: 5 out of 10
Updating learning rate to 8.022134438244928e-05
	iters: 100, epoch: 15 | loss: 0.8499434
	speed: 0.1849s/iter; left time: 8856.5606s
	iters: 200, epoch: 15 | loss: 0.8363160
	speed: 0.0304s/iter; left time: 1451.4360s
	iters: 300, epoch: 15 | loss: 0.8395468
	speed: 0.0304s/iter; left time: 1448.1340s
	iters: 400, epoch: 15 | loss: 0.8431557
	speed: 0.0302s/iter; left time: 1436.4102s
	iters: 500, epoch: 15 | loss: 0.9111460
	speed: 0.0305s/iter; left time: 1447.2198s
Epoch: 15 cost time: 18.86281728744507
Epoch: 15, Steps: 558 | Train Loss: 0.8659753 Vali Loss: 0.7355738 Test Loss: 0.8442478
Validation loss decreased (0.735621 --> 0.735574).  Saving model ...
Updating learning rate to 8.594829132268792e-05
	iters: 100, epoch: 16 | loss: 0.9172674
	speed: 0.1847s/iter; left time: 8741.8529s
	iters: 200, epoch: 16 | loss: 0.8665455
	speed: 0.0307s/iter; left time: 1451.8401s
	iters: 300, epoch: 16 | loss: 0.8669500
	speed: 0.0306s/iter; left time: 1442.7722s
	iters: 400, epoch: 16 | loss: 0.8684871
	speed: 0.0306s/iter; left time: 1441.3508s
	iters: 500, epoch: 16 | loss: 0.8535961
	speed: 0.0309s/iter; left time: 1451.0815s
Epoch: 16 cost time: 18.87469983100891
Epoch: 16, Steps: 558 | Train Loss: 0.8660459 Vali Loss: 0.7354714 Test Loss: 0.8442547
Validation loss decreased (0.735574 --> 0.735471).  Saving model ...
Updating learning rate to 9.083916914437535e-05
	iters: 100, epoch: 17 | loss: 0.8242269
	speed: 0.1838s/iter; left time: 8596.6309s
	iters: 200, epoch: 17 | loss: 0.8371077
	speed: 0.0307s/iter; left time: 1434.9199s
	iters: 300, epoch: 17 | loss: 0.8486194
	speed: 0.0303s/iter; left time: 1410.2035s
	iters: 400, epoch: 17 | loss: 0.9070315
	speed: 0.0304s/iter; left time: 1412.7697s
	iters: 500, epoch: 17 | loss: 0.8591494
	speed: 0.0303s/iter; left time: 1406.0056s
Epoch: 17 cost time: 18.654188632965088
Epoch: 17, Steps: 558 | Train Loss: 0.8660429 Vali Loss: 0.7355283 Test Loss: 0.8442593
EarlyStopping counter: 1 out of 10
Updating learning rate to 9.477352666278324e-05
	iters: 100, epoch: 18 | loss: 0.8325628
	speed: 0.1859s/iter; left time: 8591.5433s
	iters: 200, epoch: 18 | loss: 0.8370273
	speed: 0.0310s/iter; left time: 1431.1330s
	iters: 300, epoch: 18 | loss: 0.8775370
	speed: 0.0308s/iter; left time: 1416.3741s
	iters: 400, epoch: 18 | loss: 0.8459829
	speed: 0.0308s/iter; left time: 1414.1466s
	iters: 500, epoch: 18 | loss: 0.8524804
	speed: 0.0307s/iter; left time: 1408.2192s
Epoch: 18 cost time: 19.116990327835083
Epoch: 18, Steps: 558 | Train Loss: 0.8659594 Vali Loss: 0.7357213 Test Loss: 0.8442618
EarlyStopping counter: 2 out of 10
Updating learning rate to 9.765446961035586e-05
	iters: 100, epoch: 19 | loss: 0.8584857
	speed: 0.1876s/iter; left time: 8566.7708s
	iters: 200, epoch: 19 | loss: 0.8800068
	speed: 0.0305s/iter; left time: 1389.6702s
	iters: 300, epoch: 19 | loss: 0.9075775
	speed: 0.0304s/iter; left time: 1382.7982s
	iters: 400, epoch: 19 | loss: 0.8845938
	speed: 0.0307s/iter; left time: 1390.8960s
	iters: 500, epoch: 19 | loss: 0.8661786
	speed: 0.0309s/iter; left time: 1397.3246s
Epoch: 19 cost time: 18.951918601989746
Epoch: 19, Steps: 558 | Train Loss: 0.8659188 Vali Loss: 0.7356340 Test Loss: 0.8442636
EarlyStopping counter: 3 out of 10
Updating learning rate to 9.941104692190178e-05
	iters: 100, epoch: 20 | loss: 0.8635460
	speed: 0.1819s/iter; left time: 8203.8092s
	iters: 200, epoch: 20 | loss: 0.8944426
	speed: 0.0310s/iter; left time: 1395.3128s
	iters: 300, epoch: 20 | loss: 0.8741385
	speed: 0.0310s/iter; left time: 1390.2002s
	iters: 400, epoch: 20 | loss: 0.8995556
	speed: 0.0306s/iter; left time: 1368.9576s
	iters: 500, epoch: 20 | loss: 0.8444145
	speed: 0.0301s/iter; left time: 1345.5431s
Epoch: 20 cost time: 18.706263780593872
Epoch: 20, Steps: 558 | Train Loss: 0.8659246 Vali Loss: 0.7356312 Test Loss: 0.8442656
EarlyStopping counter: 4 out of 10
Updating learning rate to 9.999999987618034e-05
	iters: 100, epoch: 21 | loss: 0.9055274
	speed: 0.1797s/iter; left time: 8001.8207s
	iters: 200, epoch: 21 | loss: 0.8719436
	speed: 0.0303s/iter; left time: 1347.5313s
	iters: 300, epoch: 21 | loss: 0.9083759
	speed: 0.0304s/iter; left time: 1345.9860s
	iters: 400, epoch: 21 | loss: 0.8725595
	speed: 0.0304s/iter; left time: 1345.7140s
	iters: 500, epoch: 21 | loss: 0.8642121
	speed: 0.0303s/iter; left time: 1339.3615s
Epoch: 21 cost time: 18.600175857543945
Epoch: 21, Steps: 558 | Train Loss: 0.8659747 Vali Loss: 0.7355868 Test Loss: 0.8442669
EarlyStopping counter: 5 out of 10
Updating learning rate to 9.996131369526531e-05
	iters: 100, epoch: 22 | loss: 0.8852147
	speed: 0.1871s/iter; left time: 8228.3812s
	iters: 200, epoch: 22 | loss: 0.8691620
	speed: 0.0302s/iter; left time: 1325.2329s
	iters: 300, epoch: 22 | loss: 0.8513512
	speed: 0.0303s/iter; left time: 1328.2131s
	iters: 400, epoch: 22 | loss: 0.8315007
	speed: 0.0306s/iter; left time: 1335.2998s
	iters: 500, epoch: 22 | loss: 0.8565661
	speed: 0.0306s/iter; left time: 1332.2825s
Epoch: 22 cost time: 18.700389623641968
Epoch: 22, Steps: 558 | Train Loss: 0.8660371 Vali Loss: 0.7355683 Test Loss: 0.8442677
EarlyStopping counter: 6 out of 10
Updating learning rate to 9.984559109828595e-05
	iters: 100, epoch: 23 | loss: 0.8776395
	speed: 0.1813s/iter; left time: 7871.2900s
	iters: 200, epoch: 23 | loss: 0.8558521
	speed: 0.0308s/iter; left time: 1333.8893s
	iters: 300, epoch: 23 | loss: 0.8811685
	speed: 0.0304s/iter; left time: 1313.6233s
	iters: 400, epoch: 23 | loss: 0.8643401
	speed: 0.0305s/iter; left time: 1316.4943s
	iters: 500, epoch: 23 | loss: 0.9307417
	speed: 0.0302s/iter; left time: 1299.1668s
Epoch: 23 cost time: 18.795515060424805
Epoch: 23, Steps: 558 | Train Loss: 0.8659899 Vali Loss: 0.7356505 Test Loss: 0.8442694
EarlyStopping counter: 7 out of 10
Updating learning rate to 9.965301052109906e-05
	iters: 100, epoch: 24 | loss: 0.8662056
	speed: 0.1856s/iter; left time: 7955.8006s
	iters: 200, epoch: 24 | loss: 0.8935809
	speed: 0.0306s/iter; left time: 1308.2690s
	iters: 300, epoch: 24 | loss: 0.8630338
	speed: 0.0303s/iter; left time: 1293.3377s
	iters: 400, epoch: 24 | loss: 0.8678335
	speed: 0.0307s/iter; left time: 1308.4401s
	iters: 500, epoch: 24 | loss: 0.7967194
	speed: 0.0310s/iter; left time: 1316.8221s
Epoch: 24 cost time: 18.702242374420166
Epoch: 24, Steps: 558 | Train Loss: 0.8659743 Vali Loss: 0.7355971 Test Loss: 0.8442696
EarlyStopping counter: 8 out of 10
Updating learning rate to 9.938386890899613e-05
	iters: 100, epoch: 25 | loss: 0.8303689
	speed: 0.1854s/iter; left time: 7843.7197s
	iters: 200, epoch: 25 | loss: 0.8464586
	speed: 0.0301s/iter; left time: 1271.8883s
	iters: 300, epoch: 25 | loss: 0.8145552
	speed: 0.0305s/iter; left time: 1285.7514s
	iters: 400, epoch: 25 | loss: 0.8782520
	speed: 0.0310s/iter; left time: 1300.3682s
	iters: 500, epoch: 25 | loss: 0.8580588
	speed: 0.0304s/iter; left time: 1273.2954s
Epoch: 25 cost time: 18.812546014785767
Epoch: 25, Steps: 558 | Train Loss: 0.8658812 Vali Loss: 0.7356827 Test Loss: 0.8442686
EarlyStopping counter: 9 out of 10
Updating learning rate to 9.903858125883524e-05
	iters: 100, epoch: 26 | loss: 0.9266610
	speed: 0.1830s/iter; left time: 7641.1588s
	iters: 200, epoch: 26 | loss: 0.8800319
	speed: 0.0319s/iter; left time: 1328.4147s
	iters: 300, epoch: 26 | loss: 0.9076555
	speed: 0.0304s/iter; left time: 1264.9720s
	iters: 400, epoch: 26 | loss: 0.8718287
	speed: 0.0306s/iter; left time: 1267.9844s
	iters: 500, epoch: 26 | loss: 0.8762336
	speed: 0.0302s/iter; left time: 1248.8806s
Epoch: 26 cost time: 18.99283480644226
Epoch: 26, Steps: 558 | Train Loss: 0.8660307 Vali Loss: 0.7355803 Test Loss: 0.8442682
EarlyStopping counter: 10 out of 10
Early stopping
>>>>>>>testing : 336_192_PatchTSFL_custom_ftM_sl336_ll48_pl192_dm128_nh16_el3_dl1_df256_fc1_ebtimeF_dtTrue_Exp_0<<<<<<<<<<<<<<<<<<<<<<<<<<<<<<<<<
test 5069
mse:0.8442566394805908, mae:0.7605211734771729, rse:0.9139609336853027
