Args in experiment:
Namespace(activation='gelu', affine=0, batch_size=128, c_out=7, checkpoints='./checkpoints/', d_ff=2048, d_layers=1, d_model=512, data='ETTh2', data_path='ETTh2.csv', dec_in=7, decomposition=0, des='Exp', devices='0,1,2,3', distil=True, do_predict=False, dropout=0.05, e_layers=2, embed='timeF', embed_type=0, enc_in=7, factor=3, fc_dropout=0.05, features='M', freq='h', gpu=0, head_dropout=0.0, individual=0, is_training=1, itr=1, kernel_size=25, label_len=48, learning_rate=0.0001, loss='mse', lradj='type3', model='Informer', model_id='ETTh2_96_720', moving_avg=25, n_heads=8, num_workers=4, output_attention=False, padding_patch='end', patch_len=16, patience=100, pct_start=0.3, pred_len=720, random_seed=2021, revin=1, root_path='./dataset/', seq_len=96, stride=8, subtract_last=0, target='OT', test_flop=False, train_epochs=100, use_amp=False, use_gpu=True, use_multi_gpu=False)
Use GPU: cuda:0
>>>>>>>start training : ETTh2_96_720_Informer_ETTh2_ftM_sl96_ll48_pl720_dm512_nh8_el2_dl1_df2048_fc3_ebtimeF_dtTrue_Exp_0>>>>>>>>>>>>>>>>>>>>>>>>>>
train 7825
val 2161
test 2161
Epoch: 1 cost time: 16.912444353103638
Epoch: 1, Steps: 61 | Train Loss: 1.0400695 Vali Loss: 1.1933769 Test Loss: 2.7720733
Validation loss decreased (inf --> 1.193377).  Saving model ...
Updating learning rate to 0.0001
Epoch: 2 cost time: 16.63733196258545
Epoch: 2, Steps: 61 | Train Loss: 0.6077429 Vali Loss: 1.1591380 Test Loss: 4.4203053
Validation loss decreased (1.193377 --> 1.159138).  Saving model ...
Updating learning rate to 0.0001
Epoch: 3 cost time: 16.639086961746216
Epoch: 3, Steps: 61 | Train Loss: 0.4506950 Vali Loss: 1.1439468 Test Loss: 4.1733999
Validation loss decreased (1.159138 --> 1.143947).  Saving model ...
Updating learning rate to 0.0001
Epoch: 4 cost time: 16.607064962387085
Epoch: 4, Steps: 61 | Train Loss: 0.4074520 Vali Loss: 1.1482959 Test Loss: 3.8144913
EarlyStopping counter: 1 out of 100
Updating learning rate to 9e-05
Epoch: 5 cost time: 16.50263810157776
Epoch: 5, Steps: 61 | Train Loss: 0.3721525 Vali Loss: 1.3628232 Test Loss: 3.6169660
EarlyStopping counter: 2 out of 100
Updating learning rate to 8.1e-05
Epoch: 6 cost time: 16.57080841064453
Epoch: 6, Steps: 61 | Train Loss: 0.3461606 Vali Loss: 1.3369446 Test Loss: 3.4054461
EarlyStopping counter: 3 out of 100
Updating learning rate to 7.290000000000001e-05
Epoch: 7 cost time: 16.54159951210022
Epoch: 7, Steps: 61 | Train Loss: 0.3292138 Vali Loss: 1.3159277 Test Loss: 3.3414168
EarlyStopping counter: 4 out of 100
Updating learning rate to 6.561e-05
Epoch: 8 cost time: 16.72589874267578
Epoch: 8, Steps: 61 | Train Loss: 0.3142445 Vali Loss: 1.3421044 Test Loss: 3.6080289
EarlyStopping counter: 5 out of 100
Updating learning rate to 5.904900000000001e-05
Epoch: 9 cost time: 16.596787452697754
Epoch: 9, Steps: 61 | Train Loss: 0.3033214 Vali Loss: 1.3243384 Test Loss: 3.3417473
EarlyStopping counter: 6 out of 100
Updating learning rate to 5.3144100000000005e-05
Epoch: 10 cost time: 16.70081901550293
Epoch: 10, Steps: 61 | Train Loss: 0.2948413 Vali Loss: 1.3050579 Test Loss: 3.4589207
EarlyStopping counter: 7 out of 100
Updating learning rate to 4.782969000000001e-05
Epoch: 11 cost time: 16.682801008224487
Epoch: 11, Steps: 61 | Train Loss: 0.2866892 Vali Loss: 1.3178818 Test Loss: 3.3474109
EarlyStopping counter: 8 out of 100
Updating learning rate to 4.304672100000001e-05
Epoch: 12 cost time: 16.757349729537964
Epoch: 12, Steps: 61 | Train Loss: 0.2810816 Vali Loss: 1.3327084 Test Loss: 3.6533079
EarlyStopping counter: 9 out of 100
Updating learning rate to 3.874204890000001e-05
Epoch: 13 cost time: 16.696282625198364
Epoch: 13, Steps: 61 | Train Loss: 0.2752539 Vali Loss: 1.3083062 Test Loss: 3.6031199
EarlyStopping counter: 10 out of 100
Updating learning rate to 3.486784401000001e-05
Epoch: 14 cost time: 16.57744026184082
Epoch: 14, Steps: 61 | Train Loss: 0.2700196 Vali Loss: 1.3110410 Test Loss: 3.7742078
EarlyStopping counter: 11 out of 100
Updating learning rate to 3.138105960900001e-05
Epoch: 15 cost time: 16.6451997756958
Epoch: 15, Steps: 61 | Train Loss: 0.2665937 Vali Loss: 1.3214649 Test Loss: 3.6851583
EarlyStopping counter: 12 out of 100
Updating learning rate to 2.824295364810001e-05
Epoch: 16 cost time: 16.761904001235962
Epoch: 16, Steps: 61 | Train Loss: 0.2620816 Vali Loss: 1.3657976 Test Loss: 3.9951606
EarlyStopping counter: 13 out of 100
Updating learning rate to 2.541865828329001e-05
Epoch: 17 cost time: 16.85441303253174
Epoch: 17, Steps: 61 | Train Loss: 0.2583502 Vali Loss: 1.3507898 Test Loss: 3.8706276
EarlyStopping counter: 14 out of 100
Updating learning rate to 2.287679245496101e-05
Epoch: 18 cost time: 16.691630363464355
Epoch: 18, Steps: 61 | Train Loss: 0.2559941 Vali Loss: 1.3704906 Test Loss: 4.1067243
EarlyStopping counter: 15 out of 100
Updating learning rate to 2.0589113209464907e-05
Epoch: 19 cost time: 17.02970004081726
Epoch: 19, Steps: 61 | Train Loss: 0.2530128 Vali Loss: 1.3614608 Test Loss: 4.0346389
EarlyStopping counter: 16 out of 100
Updating learning rate to 1.8530201888518416e-05
Epoch: 20 cost time: 16.69885230064392
Epoch: 20, Steps: 61 | Train Loss: 0.2491811 Vali Loss: 1.3964210 Test Loss: 4.1337676
EarlyStopping counter: 17 out of 100
Updating learning rate to 1.6677181699666577e-05
Epoch: 21 cost time: 16.62184500694275
Epoch: 21, Steps: 61 | Train Loss: 0.2473551 Vali Loss: 1.3914802 Test Loss: 4.1486068
EarlyStopping counter: 18 out of 100
Updating learning rate to 1.5009463529699919e-05
Epoch: 22 cost time: 16.678990364074707
Epoch: 22, Steps: 61 | Train Loss: 0.2453548 Vali Loss: 1.4118959 Test Loss: 4.2308807
EarlyStopping counter: 19 out of 100
Updating learning rate to 1.3508517176729929e-05
Epoch: 23 cost time: 16.829400300979614
Epoch: 23, Steps: 61 | Train Loss: 0.2449100 Vali Loss: 1.4059194 Test Loss: 4.2192369
EarlyStopping counter: 20 out of 100
Updating learning rate to 1.2157665459056936e-05
Epoch: 24 cost time: 16.664213180541992
Epoch: 24, Steps: 61 | Train Loss: 0.2421504 Vali Loss: 1.4062116 Test Loss: 4.2667189
EarlyStopping counter: 21 out of 100
Updating learning rate to 1.0941898913151242e-05
Epoch: 25 cost time: 16.627950191497803
Epoch: 25, Steps: 61 | Train Loss: 0.2405507 Vali Loss: 1.4262078 Test Loss: 4.3944340
EarlyStopping counter: 22 out of 100
Updating learning rate to 9.847709021836118e-06
Epoch: 26 cost time: 16.636342525482178
Epoch: 26, Steps: 61 | Train Loss: 0.2387914 Vali Loss: 1.4096050 Test Loss: 4.3048325
EarlyStopping counter: 23 out of 100
Updating learning rate to 8.862938119652508e-06
Epoch: 27 cost time: 16.633877515792847
Epoch: 27, Steps: 61 | Train Loss: 0.2378955 Vali Loss: 1.4253985 Test Loss: 4.3778973
EarlyStopping counter: 24 out of 100
Updating learning rate to 7.976644307687255e-06
Epoch: 28 cost time: 16.56495428085327
Epoch: 28, Steps: 61 | Train Loss: 0.2370649 Vali Loss: 1.4299498 Test Loss: 4.2501731
EarlyStopping counter: 25 out of 100
Updating learning rate to 7.178979876918531e-06
Epoch: 29 cost time: 16.64494276046753
Epoch: 29, Steps: 61 | Train Loss: 0.2355970 Vali Loss: 1.4209058 Test Loss: 4.2819972
EarlyStopping counter: 26 out of 100
Updating learning rate to 6.4610818892266776e-06
Epoch: 30 cost time: 16.867867708206177
Epoch: 30, Steps: 61 | Train Loss: 0.2349245 Vali Loss: 1.4164786 Test Loss: 4.3168688
EarlyStopping counter: 27 out of 100
Updating learning rate to 5.8149737003040096e-06
Epoch: 31 cost time: 16.5648410320282
Epoch: 31, Steps: 61 | Train Loss: 0.2341406 Vali Loss: 1.4246081 Test Loss: 4.3083115
EarlyStopping counter: 28 out of 100
Updating learning rate to 5.23347633027361e-06
Epoch: 32 cost time: 16.64164710044861
Epoch: 32, Steps: 61 | Train Loss: 0.2332597 Vali Loss: 1.4437717 Test Loss: 4.3375716
EarlyStopping counter: 29 out of 100
Updating learning rate to 4.710128697246249e-06
Epoch: 33 cost time: 16.635170221328735
Epoch: 33, Steps: 61 | Train Loss: 0.2330792 Vali Loss: 1.4451292 Test Loss: 4.2898626
EarlyStopping counter: 30 out of 100
Updating learning rate to 4.239115827521624e-06
Epoch: 34 cost time: 16.767977714538574
Epoch: 34, Steps: 61 | Train Loss: 0.2324758 Vali Loss: 1.4180367 Test Loss: 4.3166876
EarlyStopping counter: 31 out of 100
Updating learning rate to 3.815204244769462e-06
Epoch: 35 cost time: 16.87582564353943
Epoch: 35, Steps: 61 | Train Loss: 0.2316975 Vali Loss: 1.4314985 Test Loss: 4.3543353
EarlyStopping counter: 32 out of 100
Updating learning rate to 3.4336838202925152e-06
Epoch: 36 cost time: 16.87403392791748
Epoch: 36, Steps: 61 | Train Loss: 0.2316549 Vali Loss: 1.4291670 Test Loss: 4.3133831
EarlyStopping counter: 33 out of 100
Updating learning rate to 3.090315438263264e-06
Epoch: 37 cost time: 16.66605257987976
Epoch: 37, Steps: 61 | Train Loss: 0.2311431 Vali Loss: 1.4303739 Test Loss: 4.3300867
EarlyStopping counter: 34 out of 100
Updating learning rate to 2.7812838944369375e-06
Epoch: 38 cost time: 16.931567907333374
Epoch: 38, Steps: 61 | Train Loss: 0.2306471 Vali Loss: 1.4399265 Test Loss: 4.2493649
EarlyStopping counter: 35 out of 100
Updating learning rate to 2.503155504993244e-06
Epoch: 39 cost time: 16.65954327583313
Epoch: 39, Steps: 61 | Train Loss: 0.2305049 Vali Loss: 1.4396759 Test Loss: 4.3179102
EarlyStopping counter: 36 out of 100
Updating learning rate to 2.2528399544939195e-06
Epoch: 40 cost time: 16.66811513900757
Epoch: 40, Steps: 61 | Train Loss: 0.2300282 Vali Loss: 1.4368196 Test Loss: 4.3388605
EarlyStopping counter: 37 out of 100
Updating learning rate to 2.0275559590445276e-06
Epoch: 41 cost time: 16.624284744262695
Epoch: 41, Steps: 61 | Train Loss: 0.2293656 Vali Loss: 1.4285300 Test Loss: 4.2900381
EarlyStopping counter: 38 out of 100
Updating learning rate to 1.8248003631400751e-06
Epoch: 42 cost time: 16.73587203025818
Epoch: 42, Steps: 61 | Train Loss: 0.2296100 Vali Loss: 1.4304073 Test Loss: 4.2988110
EarlyStopping counter: 39 out of 100
Updating learning rate to 1.6423203268260676e-06
Epoch: 43 cost time: 16.7643940448761
Epoch: 43, Steps: 61 | Train Loss: 0.2290542 Vali Loss: 1.4461640 Test Loss: 4.3109055
EarlyStopping counter: 40 out of 100
Updating learning rate to 1.4780882941434609e-06
Epoch: 44 cost time: 16.646784782409668
Epoch: 44, Steps: 61 | Train Loss: 0.2288436 Vali Loss: 1.4410343 Test Loss: 4.3038807
EarlyStopping counter: 41 out of 100
Updating learning rate to 1.3302794647291146e-06
Epoch: 45 cost time: 16.565164804458618
Epoch: 45, Steps: 61 | Train Loss: 0.2286857 Vali Loss: 1.4412088 Test Loss: 4.3124924
EarlyStopping counter: 42 out of 100
Updating learning rate to 1.1972515182562034e-06
Epoch: 46 cost time: 16.89382576942444
Epoch: 46, Steps: 61 | Train Loss: 0.2287573 Vali Loss: 1.4363207 Test Loss: 4.3171577
EarlyStopping counter: 43 out of 100
Updating learning rate to 1.077526366430583e-06
Epoch: 47 cost time: 16.777080535888672
Epoch: 47, Steps: 61 | Train Loss: 0.2285252 Vali Loss: 1.4327527 Test Loss: 4.3003273
EarlyStopping counter: 44 out of 100
Updating learning rate to 9.697737297875248e-07
Epoch: 48 cost time: 16.82898211479187
Epoch: 48, Steps: 61 | Train Loss: 0.2287812 Vali Loss: 1.4345973 Test Loss: 4.3193703
EarlyStopping counter: 45 out of 100
Updating learning rate to 8.727963568087723e-07
Epoch: 49 cost time: 16.698695182800293
Epoch: 49, Steps: 61 | Train Loss: 0.2281563 Vali Loss: 1.4349475 Test Loss: 4.3054824
EarlyStopping counter: 46 out of 100
Updating learning rate to 7.855167211278951e-07
Epoch: 50 cost time: 16.844741821289062
Epoch: 50, Steps: 61 | Train Loss: 0.2281688 Vali Loss: 1.4360445 Test Loss: 4.2975841
EarlyStopping counter: 47 out of 100
Updating learning rate to 7.069650490151056e-07
Epoch: 51 cost time: 17.040619373321533
Epoch: 51, Steps: 61 | Train Loss: 0.2279927 Vali Loss: 1.4399455 Test Loss: 4.3099136
EarlyStopping counter: 48 out of 100
Updating learning rate to 6.36268544113595e-07
Epoch: 52 cost time: 16.844123363494873
Epoch: 52, Steps: 61 | Train Loss: 0.2278996 Vali Loss: 1.4413877 Test Loss: 4.2801113
EarlyStopping counter: 49 out of 100
Updating learning rate to 5.726416897022355e-07
Epoch: 53 cost time: 16.978522777557373
Epoch: 53, Steps: 61 | Train Loss: 0.2279113 Vali Loss: 1.4353158 Test Loss: 4.2960505
EarlyStopping counter: 50 out of 100
Updating learning rate to 5.15377520732012e-07
Epoch: 54 cost time: 16.826181411743164
Epoch: 54, Steps: 61 | Train Loss: 0.2280264 Vali Loss: 1.4435054 Test Loss: 4.3104448
EarlyStopping counter: 51 out of 100
Updating learning rate to 4.6383976865881085e-07
Epoch: 55 cost time: 16.78538966178894
Epoch: 55, Steps: 61 | Train Loss: 0.2276966 Vali Loss: 1.4387546 Test Loss: 4.3345332
EarlyStopping counter: 52 out of 100
Updating learning rate to 4.174557917929298e-07
Epoch: 56 cost time: 16.906243324279785
Epoch: 56, Steps: 61 | Train Loss: 0.2281089 Vali Loss: 1.4438452 Test Loss: 4.3252916
EarlyStopping counter: 53 out of 100
Updating learning rate to 3.7571021261363677e-07
Epoch: 57 cost time: 16.959768533706665
Epoch: 57, Steps: 61 | Train Loss: 0.2276651 Vali Loss: 1.4295841 Test Loss: 4.3013525
EarlyStopping counter: 54 out of 100
Updating learning rate to 3.381391913522731e-07
Epoch: 58 cost time: 16.860854387283325
Epoch: 58, Steps: 61 | Train Loss: 0.2273976 Vali Loss: 1.4402369 Test Loss: 4.3407450
EarlyStopping counter: 55 out of 100
Updating learning rate to 3.043252722170458e-07
Epoch: 59 cost time: 16.863043785095215
Epoch: 59, Steps: 61 | Train Loss: 0.2273044 Vali Loss: 1.4421468 Test Loss: 4.2868404
EarlyStopping counter: 56 out of 100
Updating learning rate to 2.7389274499534124e-07
Epoch: 60 cost time: 16.818663120269775
Epoch: 60, Steps: 61 | Train Loss: 0.2273505 Vali Loss: 1.4266329 Test Loss: 4.2767706
EarlyStopping counter: 57 out of 100
Updating learning rate to 2.465034704958071e-07
Epoch: 61 cost time: 16.76548171043396
Epoch: 61, Steps: 61 | Train Loss: 0.2277101 Vali Loss: 1.4439384 Test Loss: 4.3091974
EarlyStopping counter: 58 out of 100
Updating learning rate to 2.218531234462264e-07
Epoch: 62 cost time: 16.865797758102417
Epoch: 62, Steps: 61 | Train Loss: 0.2269384 Vali Loss: 1.4336584 Test Loss: 4.2912979
EarlyStopping counter: 59 out of 100
Updating learning rate to 1.9966781110160376e-07
Epoch: 63 cost time: 16.724963188171387
Epoch: 63, Steps: 61 | Train Loss: 0.2277217 Vali Loss: 1.4438932 Test Loss: 4.2963343
EarlyStopping counter: 60 out of 100
Updating learning rate to 1.797010299914434e-07
Epoch: 64 cost time: 16.82724666595459
Epoch: 64, Steps: 61 | Train Loss: 0.2272793 Vali Loss: 1.4439597 Test Loss: 4.2996936
EarlyStopping counter: 61 out of 100
Updating learning rate to 1.6173092699229907e-07
Epoch: 65 cost time: 16.802338361740112
Epoch: 65, Steps: 61 | Train Loss: 0.2274388 Vali Loss: 1.4375859 Test Loss: 4.2667580
EarlyStopping counter: 62 out of 100
Updating learning rate to 1.4555783429306916e-07
Epoch: 66 cost time: 16.742530584335327
Epoch: 66, Steps: 61 | Train Loss: 0.2272213 Vali Loss: 1.4328008 Test Loss: 4.2868443
EarlyStopping counter: 63 out of 100
Updating learning rate to 1.3100205086376224e-07
Epoch: 67 cost time: 16.923224210739136
Epoch: 67, Steps: 61 | Train Loss: 0.2274037 Vali Loss: 1.4392375 Test Loss: 4.2913942
EarlyStopping counter: 64 out of 100
Updating learning rate to 1.1790184577738603e-07
Epoch: 68 cost time: 17.076560974121094
Epoch: 68, Steps: 61 | Train Loss: 0.2273154 Vali Loss: 1.4392023 Test Loss: 4.3080740
EarlyStopping counter: 65 out of 100
Updating learning rate to 1.0611166119964742e-07
Epoch: 69 cost time: 16.762585163116455
Epoch: 69, Steps: 61 | Train Loss: 0.2274233 Vali Loss: 1.4415255 Test Loss: 4.3092895
EarlyStopping counter: 66 out of 100
Updating learning rate to 9.550049507968268e-08
Epoch: 70 cost time: 16.845731019973755
Epoch: 70, Steps: 61 | Train Loss: 0.2272847 Vali Loss: 1.4378071 Test Loss: 4.2925930
EarlyStopping counter: 67 out of 100
Updating learning rate to 8.595044557171442e-08
Epoch: 71 cost time: 16.86511254310608
Epoch: 71, Steps: 61 | Train Loss: 0.2272811 Vali Loss: 1.4450788 Test Loss: 4.2894173
EarlyStopping counter: 68 out of 100
Updating learning rate to 7.735540101454298e-08
Epoch: 72 cost time: 16.786662578582764
Epoch: 72, Steps: 61 | Train Loss: 0.2269674 Vali Loss: 1.4329400 Test Loss: 4.2893810
EarlyStopping counter: 69 out of 100
Updating learning rate to 6.961986091308869e-08
Epoch: 73 cost time: 16.9603910446167
Epoch: 73, Steps: 61 | Train Loss: 0.2269631 Vali Loss: 1.4345512 Test Loss: 4.3133373
EarlyStopping counter: 70 out of 100
Updating learning rate to 6.265787482177981e-08
Epoch: 74 cost time: 16.89249038696289
Epoch: 74, Steps: 61 | Train Loss: 0.2270592 Vali Loss: 1.4352751 Test Loss: 4.2906685
EarlyStopping counter: 71 out of 100
Updating learning rate to 5.639208733960184e-08
Epoch: 75 cost time: 16.979164838790894
Epoch: 75, Steps: 61 | Train Loss: 0.2273284 Vali Loss: 1.4361258 Test Loss: 4.2766380
EarlyStopping counter: 72 out of 100
Updating learning rate to 5.075287860564165e-08
Epoch: 76 cost time: 16.962735891342163
Epoch: 76, Steps: 61 | Train Loss: 0.2268981 Vali Loss: 1.4406259 Test Loss: 4.2904782
EarlyStopping counter: 73 out of 100
Updating learning rate to 4.567759074507749e-08
Epoch: 77 cost time: 16.8770432472229
Epoch: 77, Steps: 61 | Train Loss: 0.2275965 Vali Loss: 1.4348637 Test Loss: 4.2785225
EarlyStopping counter: 74 out of 100
Updating learning rate to 4.1109831670569744e-08
Epoch: 78 cost time: 17.03295588493347
Epoch: 78, Steps: 61 | Train Loss: 0.2270141 Vali Loss: 1.4278775 Test Loss: 4.2691956
EarlyStopping counter: 75 out of 100
Updating learning rate to 3.6998848503512764e-08
Epoch: 79 cost time: 16.843316078186035
Epoch: 79, Steps: 61 | Train Loss: 0.2272090 Vali Loss: 1.4278166 Test Loss: 4.3146825
EarlyStopping counter: 76 out of 100
Updating learning rate to 3.3298963653161496e-08
Epoch: 80 cost time: 16.942107915878296
Epoch: 80, Steps: 61 | Train Loss: 0.2269046 Vali Loss: 1.4372258 Test Loss: 4.3297658
EarlyStopping counter: 77 out of 100
Updating learning rate to 2.996906728784534e-08
Epoch: 81 cost time: 16.931823015213013
Epoch: 81, Steps: 61 | Train Loss: 0.2272181 Vali Loss: 1.4400408 Test Loss: 4.3048611
EarlyStopping counter: 78 out of 100
Updating learning rate to 2.697216055906081e-08
Epoch: 82 cost time: 17.042922973632812
Epoch: 82, Steps: 61 | Train Loss: 0.2271440 Vali Loss: 1.4352784 Test Loss: 4.2751093
EarlyStopping counter: 79 out of 100
Updating learning rate to 2.427494450315473e-08
Epoch: 83 cost time: 16.75332522392273
Epoch: 83, Steps: 61 | Train Loss: 0.2270102 Vali Loss: 1.4405786 Test Loss: 4.2859745
EarlyStopping counter: 80 out of 100
Updating learning rate to 2.1847450052839257e-08
Epoch: 84 cost time: 16.835986852645874
Epoch: 84, Steps: 61 | Train Loss: 0.2270267 Vali Loss: 1.4417067 Test Loss: 4.2907982
EarlyStopping counter: 81 out of 100
Updating learning rate to 1.9662705047555332e-08
Epoch: 85 cost time: 16.867331743240356
Epoch: 85, Steps: 61 | Train Loss: 0.2271029 Vali Loss: 1.4312942 Test Loss: 4.2783828
EarlyStopping counter: 82 out of 100
Updating learning rate to 1.7696434542799797e-08
Epoch: 86 cost time: 16.829030990600586
Epoch: 86, Steps: 61 | Train Loss: 0.2271001 Vali Loss: 1.4359248 Test Loss: 4.2959313
EarlyStopping counter: 83 out of 100
Updating learning rate to 1.5926791088519817e-08
Epoch: 87 cost time: 16.84127640724182
Epoch: 87, Steps: 61 | Train Loss: 0.2267392 Vali Loss: 1.4399023 Test Loss: 4.2946548
EarlyStopping counter: 84 out of 100
Updating learning rate to 1.4334111979667836e-08
Epoch: 88 cost time: 16.847781896591187
Epoch: 88, Steps: 61 | Train Loss: 0.2268099 Vali Loss: 1.4390787 Test Loss: 4.2988729
EarlyStopping counter: 85 out of 100
Updating learning rate to 1.2900700781701054e-08
Epoch: 89 cost time: 16.67855668067932
Epoch: 89, Steps: 61 | Train Loss: 0.2269493 Vali Loss: 1.4359710 Test Loss: 4.2857842
EarlyStopping counter: 86 out of 100
Updating learning rate to 1.161063070353095e-08
Epoch: 90 cost time: 16.950591325759888
Epoch: 90, Steps: 61 | Train Loss: 0.2272122 Vali Loss: 1.4273310 Test Loss: 4.2926788
EarlyStopping counter: 87 out of 100
Updating learning rate to 1.0449567633177854e-08
Epoch: 91 cost time: 16.795595169067383
Epoch: 91, Steps: 61 | Train Loss: 0.2270264 Vali Loss: 1.4362519 Test Loss: 4.3002167
EarlyStopping counter: 88 out of 100
Updating learning rate to 9.404610869860069e-09
Epoch: 92 cost time: 16.73603916168213
Epoch: 92, Steps: 61 | Train Loss: 0.2267448 Vali Loss: 1.4406047 Test Loss: 4.3026314
EarlyStopping counter: 89 out of 100
Updating learning rate to 8.464149782874063e-09
Epoch: 93 cost time: 16.872845888137817
Epoch: 93, Steps: 61 | Train Loss: 0.2268082 Vali Loss: 1.4392891 Test Loss: 4.3101740
EarlyStopping counter: 90 out of 100
Updating learning rate to 7.617734804586658e-09
Epoch: 94 cost time: 16.725964546203613
Epoch: 94, Steps: 61 | Train Loss: 0.2269467 Vali Loss: 1.4384375 Test Loss: 4.2651339
EarlyStopping counter: 91 out of 100
Updating learning rate to 6.855961324127991e-09
Epoch: 95 cost time: 16.743804454803467
Epoch: 95, Steps: 61 | Train Loss: 0.2272934 Vali Loss: 1.4423974 Test Loss: 4.2801690
EarlyStopping counter: 92 out of 100
Updating learning rate to 6.170365191715193e-09
Epoch: 96 cost time: 16.83238124847412
Epoch: 96, Steps: 61 | Train Loss: 0.2272796 Vali Loss: 1.4350904 Test Loss: 4.2741418
EarlyStopping counter: 93 out of 100
Updating learning rate to 5.5533286725436726e-09
Epoch: 97 cost time: 16.854674577713013
Epoch: 97, Steps: 61 | Train Loss: 0.2272870 Vali Loss: 1.4331533 Test Loss: 4.2988944
EarlyStopping counter: 94 out of 100
Updating learning rate to 4.997995805289306e-09
Epoch: 98 cost time: 16.885034322738647
Epoch: 98, Steps: 61 | Train Loss: 0.2267598 Vali Loss: 1.4437482 Test Loss: 4.3185711
EarlyStopping counter: 95 out of 100
Updating learning rate to 4.498196224760375e-09
Epoch: 99 cost time: 16.7467942237854
Epoch: 99, Steps: 61 | Train Loss: 0.2271510 Vali Loss: 1.4413880 Test Loss: 4.2876267
EarlyStopping counter: 96 out of 100
Updating learning rate to 4.048376602284338e-09
Epoch: 100 cost time: 16.804978132247925
Epoch: 100, Steps: 61 | Train Loss: 0.2273837 Vali Loss: 1.4454296 Test Loss: 4.2852407
EarlyStopping counter: 97 out of 100
Updating learning rate to 3.643538942055904e-09
>>>>>>>testing : ETTh2_96_720_Informer_ETTh2_ftM_sl96_ll48_pl720_dm512_nh8_el2_dl1_df2048_fc3_ebtimeF_dtTrue_Exp_0<<<<<<<<<<<<<<<<<<<<<<<<<<<<<<<<<
test 2161
mse:4.174416542053223, mae:1.7901642322540283, rse:1.6380423307418823
