Args in experiment:
Namespace(activation='gelu', affine=0, batch_size=128, c_out=7, checkpoints='./checkpoints/', d_ff=2048, d_layers=1, d_model=512, data='ETTh2', data_path='ETTh2.csv', dec_in=7, decomposition=0, des='Exp', devices='0,1,2,3', distil=True, do_predict=False, dropout=0.05, e_layers=2, embed='timeF', embed_type=0, enc_in=7, factor=3, fc_dropout=0.05, features='M', freq='h', gpu=0, head_dropout=0.0, individual=0, is_training=1, itr=1, kernel_size=25, label_len=48, learning_rate=0.0001, loss='mse', lradj='type3', model='Informer', model_id='ETTh2_96_336', moving_avg=25, n_heads=8, num_workers=4, output_attention=False, padding_patch='end', patch_len=16, patience=100, pct_start=0.3, pred_len=336, random_seed=2021, revin=1, root_path='./dataset/', seq_len=96, stride=8, subtract_last=0, target='OT', test_flop=False, train_epochs=100, use_amp=False, use_gpu=True, use_multi_gpu=False)
Use GPU: cuda:0
>>>>>>>start training : ETTh2_96_336_Informer_ETTh2_ftM_sl96_ll48_pl336_dm512_nh8_el2_dl1_df2048_fc3_ebtimeF_dtTrue_Exp_0>>>>>>>>>>>>>>>>>>>>>>>>>>
train 8209
val 2545
test 2545
Epoch: 1 cost time: 10.358241319656372
Epoch: 1, Steps: 64 | Train Loss: 1.0242463 Vali Loss: 1.1435124 Test Loss: 2.5991764
Validation loss decreased (inf --> 1.143512).  Saving model ...
Updating learning rate to 0.0001
Epoch: 2 cost time: 10.423990964889526
Epoch: 2, Steps: 64 | Train Loss: 0.5657163 Vali Loss: 1.2167432 Test Loss: 4.7917156
EarlyStopping counter: 1 out of 100
Updating learning rate to 0.0001
Epoch: 3 cost time: 10.352665901184082
Epoch: 3, Steps: 64 | Train Loss: 0.4119261 Vali Loss: 1.3752304 Test Loss: 5.5078969
EarlyStopping counter: 2 out of 100
Updating learning rate to 0.0001
Epoch: 4 cost time: 10.39354658126831
Epoch: 4, Steps: 64 | Train Loss: 0.3620403 Vali Loss: 1.3510604 Test Loss: 5.1322594
EarlyStopping counter: 3 out of 100
Updating learning rate to 9e-05
Epoch: 5 cost time: 10.292882919311523
Epoch: 5, Steps: 64 | Train Loss: 0.3276515 Vali Loss: 1.1387414 Test Loss: 4.5713229
Validation loss decreased (1.143512 --> 1.138741).  Saving model ...
Updating learning rate to 8.1e-05
Epoch: 6 cost time: 10.535641431808472
Epoch: 6, Steps: 64 | Train Loss: 0.3043766 Vali Loss: 1.0973481 Test Loss: 4.6494946
Validation loss decreased (1.138741 --> 1.097348).  Saving model ...
Updating learning rate to 7.290000000000001e-05
Epoch: 7 cost time: 10.439838647842407
Epoch: 7, Steps: 64 | Train Loss: 0.2877392 Vali Loss: 1.0450951 Test Loss: 4.5720305
Validation loss decreased (1.097348 --> 1.045095).  Saving model ...
Updating learning rate to 6.561e-05
Epoch: 8 cost time: 10.3973388671875
Epoch: 8, Steps: 64 | Train Loss: 0.2705249 Vali Loss: 1.0370541 Test Loss: 4.7662363
Validation loss decreased (1.045095 --> 1.037054).  Saving model ...
Updating learning rate to 5.904900000000001e-05
Epoch: 9 cost time: 10.575758218765259
Epoch: 9, Steps: 64 | Train Loss: 0.2602685 Vali Loss: 1.1007059 Test Loss: 5.1234550
EarlyStopping counter: 1 out of 100
Updating learning rate to 5.3144100000000005e-05
Epoch: 10 cost time: 10.515825033187866
Epoch: 10, Steps: 64 | Train Loss: 0.2525272 Vali Loss: 1.0942034 Test Loss: 5.2776833
EarlyStopping counter: 2 out of 100
Updating learning rate to 4.782969000000001e-05
Epoch: 11 cost time: 10.408499956130981
Epoch: 11, Steps: 64 | Train Loss: 0.2454143 Vali Loss: 1.0867598 Test Loss: 5.0404897
EarlyStopping counter: 3 out of 100
Updating learning rate to 4.304672100000001e-05
Epoch: 12 cost time: 10.417509078979492
Epoch: 12, Steps: 64 | Train Loss: 0.2393536 Vali Loss: 1.1074662 Test Loss: 5.2262211
EarlyStopping counter: 4 out of 100
Updating learning rate to 3.874204890000001e-05
Epoch: 13 cost time: 10.308826923370361
Epoch: 13, Steps: 64 | Train Loss: 0.2342187 Vali Loss: 1.1469717 Test Loss: 5.4036531
EarlyStopping counter: 5 out of 100
Updating learning rate to 3.486784401000001e-05
Epoch: 14 cost time: 10.41165041923523
Epoch: 14, Steps: 64 | Train Loss: 0.2300173 Vali Loss: 1.1692249 Test Loss: 5.2134576
EarlyStopping counter: 6 out of 100
Updating learning rate to 3.138105960900001e-05
Epoch: 15 cost time: 10.354519605636597
Epoch: 15, Steps: 64 | Train Loss: 0.2280721 Vali Loss: 1.1371406 Test Loss: 5.0210176
EarlyStopping counter: 7 out of 100
Updating learning rate to 2.824295364810001e-05
Epoch: 16 cost time: 10.331697225570679
Epoch: 16, Steps: 64 | Train Loss: 0.2241512 Vali Loss: 1.1771696 Test Loss: 5.2816277
EarlyStopping counter: 8 out of 100
Updating learning rate to 2.541865828329001e-05
Epoch: 17 cost time: 10.470387697219849
Epoch: 17, Steps: 64 | Train Loss: 0.2221748 Vali Loss: 1.2010078 Test Loss: 5.4918542
EarlyStopping counter: 9 out of 100
Updating learning rate to 2.287679245496101e-05
Epoch: 18 cost time: 10.466135740280151
Epoch: 18, Steps: 64 | Train Loss: 0.2200215 Vali Loss: 1.2560600 Test Loss: 5.5776720
EarlyStopping counter: 10 out of 100
Updating learning rate to 2.0589113209464907e-05
Epoch: 19 cost time: 10.53641152381897
Epoch: 19, Steps: 64 | Train Loss: 0.2171889 Vali Loss: 1.2052948 Test Loss: 5.4956818
EarlyStopping counter: 11 out of 100
Updating learning rate to 1.8530201888518416e-05
Epoch: 20 cost time: 10.617720365524292
Epoch: 20, Steps: 64 | Train Loss: 0.2151443 Vali Loss: 1.2459521 Test Loss: 5.4631929
EarlyStopping counter: 12 out of 100
Updating learning rate to 1.6677181699666577e-05
Epoch: 21 cost time: 10.484077215194702
Epoch: 21, Steps: 64 | Train Loss: 0.2138585 Vali Loss: 1.2365122 Test Loss: 5.4813013
EarlyStopping counter: 13 out of 100
Updating learning rate to 1.5009463529699919e-05
Epoch: 22 cost time: 10.447092294692993
Epoch: 22, Steps: 64 | Train Loss: 0.2127757 Vali Loss: 1.2128476 Test Loss: 5.3528333
EarlyStopping counter: 14 out of 100
Updating learning rate to 1.3508517176729929e-05
Epoch: 23 cost time: 10.292187213897705
Epoch: 23, Steps: 64 | Train Loss: 0.2109839 Vali Loss: 1.2253690 Test Loss: 5.3424020
EarlyStopping counter: 15 out of 100
Updating learning rate to 1.2157665459056936e-05
Epoch: 24 cost time: 10.34868597984314
Epoch: 24, Steps: 64 | Train Loss: 0.2098701 Vali Loss: 1.2341483 Test Loss: 5.4112077
EarlyStopping counter: 16 out of 100
Updating learning rate to 1.0941898913151242e-05
Epoch: 25 cost time: 10.524823427200317
Epoch: 25, Steps: 64 | Train Loss: 0.2093361 Vali Loss: 1.2587789 Test Loss: 5.5492287
EarlyStopping counter: 17 out of 100
Updating learning rate to 9.847709021836118e-06
Epoch: 26 cost time: 10.47672700881958
Epoch: 26, Steps: 64 | Train Loss: 0.2075238 Vali Loss: 1.2541705 Test Loss: 5.3897285
EarlyStopping counter: 18 out of 100
Updating learning rate to 8.862938119652508e-06
Epoch: 27 cost time: 10.34273886680603
Epoch: 27, Steps: 64 | Train Loss: 0.2068351 Vali Loss: 1.2504835 Test Loss: 5.5055251
EarlyStopping counter: 19 out of 100
Updating learning rate to 7.976644307687255e-06
Epoch: 28 cost time: 10.413811445236206
Epoch: 28, Steps: 64 | Train Loss: 0.2058712 Vali Loss: 1.2474800 Test Loss: 5.4735527
EarlyStopping counter: 20 out of 100
Updating learning rate to 7.178979876918531e-06
Epoch: 29 cost time: 10.373597383499146
Epoch: 29, Steps: 64 | Train Loss: 0.2049415 Vali Loss: 1.2331086 Test Loss: 5.4477315
EarlyStopping counter: 21 out of 100
Updating learning rate to 6.4610818892266776e-06
Epoch: 30 cost time: 10.436350107192993
Epoch: 30, Steps: 64 | Train Loss: 0.2046322 Vali Loss: 1.2452307 Test Loss: 5.4418831
EarlyStopping counter: 22 out of 100
Updating learning rate to 5.8149737003040096e-06
Epoch: 31 cost time: 10.372611284255981
Epoch: 31, Steps: 64 | Train Loss: 0.2045137 Vali Loss: 1.2557282 Test Loss: 5.5211387
EarlyStopping counter: 23 out of 100
Updating learning rate to 5.23347633027361e-06
Epoch: 32 cost time: 10.396382570266724
Epoch: 32, Steps: 64 | Train Loss: 0.2038249 Vali Loss: 1.2531481 Test Loss: 5.4544492
EarlyStopping counter: 24 out of 100
Updating learning rate to 4.710128697246249e-06
Epoch: 33 cost time: 10.319888830184937
Epoch: 33, Steps: 64 | Train Loss: 0.2029521 Vali Loss: 1.2578683 Test Loss: 5.4643769
EarlyStopping counter: 25 out of 100
Updating learning rate to 4.239115827521624e-06
Epoch: 34 cost time: 10.370954513549805
Epoch: 34, Steps: 64 | Train Loss: 0.2028407 Vali Loss: 1.2447217 Test Loss: 5.4319668
EarlyStopping counter: 26 out of 100
Updating learning rate to 3.815204244769462e-06
Epoch: 35 cost time: 10.45003080368042
Epoch: 35, Steps: 64 | Train Loss: 0.2020332 Vali Loss: 1.2306489 Test Loss: 5.3636765
EarlyStopping counter: 27 out of 100
Updating learning rate to 3.4336838202925152e-06
Epoch: 36 cost time: 10.398885726928711
Epoch: 36, Steps: 64 | Train Loss: 0.2019192 Vali Loss: 1.2479045 Test Loss: 5.4140334
EarlyStopping counter: 28 out of 100
Updating learning rate to 3.090315438263264e-06
Epoch: 37 cost time: 10.404767990112305
Epoch: 37, Steps: 64 | Train Loss: 0.2016333 Vali Loss: 1.2423459 Test Loss: 5.3992310
EarlyStopping counter: 29 out of 100
Updating learning rate to 2.7812838944369375e-06
Epoch: 38 cost time: 10.409938335418701
Epoch: 38, Steps: 64 | Train Loss: 0.2011922 Vali Loss: 1.2430702 Test Loss: 5.3931723
EarlyStopping counter: 30 out of 100
Updating learning rate to 2.503155504993244e-06
Epoch: 39 cost time: 10.37453842163086
Epoch: 39, Steps: 64 | Train Loss: 0.2010923 Vali Loss: 1.2444015 Test Loss: 5.4539595
EarlyStopping counter: 31 out of 100
Updating learning rate to 2.2528399544939195e-06
Epoch: 40 cost time: 10.366505146026611
Epoch: 40, Steps: 64 | Train Loss: 0.2010084 Vali Loss: 1.2663380 Test Loss: 5.4474635
EarlyStopping counter: 32 out of 100
Updating learning rate to 2.0275559590445276e-06
Epoch: 41 cost time: 10.353378534317017
Epoch: 41, Steps: 64 | Train Loss: 0.2005045 Vali Loss: 1.2570322 Test Loss: 5.4066019
EarlyStopping counter: 33 out of 100
Updating learning rate to 1.8248003631400751e-06
Epoch: 42 cost time: 10.353699922561646
Epoch: 42, Steps: 64 | Train Loss: 0.2002192 Vali Loss: 1.2409261 Test Loss: 5.3764296
EarlyStopping counter: 34 out of 100
Updating learning rate to 1.6423203268260676e-06
Epoch: 43 cost time: 10.332972049713135
Epoch: 43, Steps: 64 | Train Loss: 0.2002756 Vali Loss: 1.2599127 Test Loss: 5.4331298
EarlyStopping counter: 35 out of 100
Updating learning rate to 1.4780882941434609e-06
Epoch: 44 cost time: 10.413527965545654
Epoch: 44, Steps: 64 | Train Loss: 0.1999754 Vali Loss: 1.2639019 Test Loss: 5.4183974
EarlyStopping counter: 36 out of 100
Updating learning rate to 1.3302794647291146e-06
Epoch: 45 cost time: 10.403597593307495
Epoch: 45, Steps: 64 | Train Loss: 0.1999217 Vali Loss: 1.2589886 Test Loss: 5.3946695
EarlyStopping counter: 37 out of 100
Updating learning rate to 1.1972515182562034e-06
Epoch: 46 cost time: 10.614194393157959
Epoch: 46, Steps: 64 | Train Loss: 0.1998022 Vali Loss: 1.2415696 Test Loss: 5.4138861
EarlyStopping counter: 38 out of 100
Updating learning rate to 1.077526366430583e-06
Epoch: 47 cost time: 10.436712503433228
Epoch: 47, Steps: 64 | Train Loss: 0.1997499 Vali Loss: 1.2574089 Test Loss: 5.4431729
EarlyStopping counter: 39 out of 100
Updating learning rate to 9.697737297875248e-07
Epoch: 48 cost time: 10.439451217651367
Epoch: 48, Steps: 64 | Train Loss: 0.1993975 Vali Loss: 1.2401916 Test Loss: 5.3581672
EarlyStopping counter: 40 out of 100
Updating learning rate to 8.727963568087723e-07
Epoch: 49 cost time: 10.361487627029419
Epoch: 49, Steps: 64 | Train Loss: 0.1997671 Vali Loss: 1.2559577 Test Loss: 5.4096003
EarlyStopping counter: 41 out of 100
Updating learning rate to 7.855167211278951e-07
Epoch: 50 cost time: 10.35038137435913
Epoch: 50, Steps: 64 | Train Loss: 0.1992129 Vali Loss: 1.2568542 Test Loss: 5.4128814
EarlyStopping counter: 42 out of 100
Updating learning rate to 7.069650490151056e-07
Epoch: 51 cost time: 10.356849193572998
Epoch: 51, Steps: 64 | Train Loss: 0.1991810 Vali Loss: 1.2421719 Test Loss: 5.3772092
EarlyStopping counter: 43 out of 100
Updating learning rate to 6.36268544113595e-07
Epoch: 52 cost time: 10.321015357971191
Epoch: 52, Steps: 64 | Train Loss: 0.1990677 Vali Loss: 1.2429880 Test Loss: 5.4058414
EarlyStopping counter: 44 out of 100
Updating learning rate to 5.726416897022355e-07
Epoch: 53 cost time: 10.435927867889404
Epoch: 53, Steps: 64 | Train Loss: 0.1990910 Vali Loss: 1.2620986 Test Loss: 5.4369211
EarlyStopping counter: 45 out of 100
Updating learning rate to 5.15377520732012e-07
Epoch: 54 cost time: 10.579147338867188
Epoch: 54, Steps: 64 | Train Loss: 0.1989886 Vali Loss: 1.2417868 Test Loss: 5.3715577
EarlyStopping counter: 46 out of 100
Updating learning rate to 4.6383976865881085e-07
Epoch: 55 cost time: 10.425978183746338
Epoch: 55, Steps: 64 | Train Loss: 0.1989965 Vali Loss: 1.2626534 Test Loss: 5.4438119
EarlyStopping counter: 47 out of 100
Updating learning rate to 4.174557917929298e-07
Epoch: 56 cost time: 10.44871997833252
Epoch: 56, Steps: 64 | Train Loss: 0.1992191 Vali Loss: 1.2559239 Test Loss: 5.4185905
EarlyStopping counter: 48 out of 100
Updating learning rate to 3.7571021261363677e-07
Epoch: 57 cost time: 10.347753047943115
Epoch: 57, Steps: 64 | Train Loss: 0.1992309 Vali Loss: 1.2608838 Test Loss: 5.4160805
EarlyStopping counter: 49 out of 100
Updating learning rate to 3.381391913522731e-07
Epoch: 58 cost time: 10.582125663757324
Epoch: 58, Steps: 64 | Train Loss: 0.1987840 Vali Loss: 1.2584798 Test Loss: 5.4240022
EarlyStopping counter: 50 out of 100
Updating learning rate to 3.043252722170458e-07
Epoch: 59 cost time: 10.432060480117798
Epoch: 59, Steps: 64 | Train Loss: 0.1991450 Vali Loss: 1.2540646 Test Loss: 5.3961854
EarlyStopping counter: 51 out of 100
Updating learning rate to 2.7389274499534124e-07
Epoch: 60 cost time: 10.469810962677002
Epoch: 60, Steps: 64 | Train Loss: 0.1989589 Vali Loss: 1.2550319 Test Loss: 5.3940916
EarlyStopping counter: 52 out of 100
Updating learning rate to 2.465034704958071e-07
Epoch: 61 cost time: 10.45688271522522
Epoch: 61, Steps: 64 | Train Loss: 0.1989587 Vali Loss: 1.2633644 Test Loss: 5.4121633
EarlyStopping counter: 53 out of 100
Updating learning rate to 2.218531234462264e-07
Epoch: 62 cost time: 10.364595651626587
Epoch: 62, Steps: 64 | Train Loss: 0.1988225 Vali Loss: 1.2456213 Test Loss: 5.3927021
EarlyStopping counter: 54 out of 100
Updating learning rate to 1.9966781110160376e-07
Epoch: 63 cost time: 10.344144582748413
Epoch: 63, Steps: 64 | Train Loss: 0.1988814 Vali Loss: 1.2563845 Test Loss: 5.3854585
EarlyStopping counter: 55 out of 100
Updating learning rate to 1.797010299914434e-07
Epoch: 64 cost time: 10.536381244659424
Epoch: 64, Steps: 64 | Train Loss: 0.1985969 Vali Loss: 1.2572124 Test Loss: 5.4143081
EarlyStopping counter: 56 out of 100
Updating learning rate to 1.6173092699229907e-07
Epoch: 65 cost time: 10.335101842880249
Epoch: 65, Steps: 64 | Train Loss: 0.1986589 Vali Loss: 1.2557222 Test Loss: 5.4256868
EarlyStopping counter: 57 out of 100
Updating learning rate to 1.4555783429306916e-07
Epoch: 66 cost time: 10.402743577957153
Epoch: 66, Steps: 64 | Train Loss: 0.1988167 Vali Loss: 1.2572238 Test Loss: 5.3967381
EarlyStopping counter: 58 out of 100
Updating learning rate to 1.3100205086376224e-07
Epoch: 67 cost time: 10.746203422546387
Epoch: 67, Steps: 64 | Train Loss: 0.1984570 Vali Loss: 1.2601401 Test Loss: 5.3786469
EarlyStopping counter: 59 out of 100
Updating learning rate to 1.1790184577738603e-07
Epoch: 68 cost time: 10.416983366012573
Epoch: 68, Steps: 64 | Train Loss: 0.1984569 Vali Loss: 1.2575760 Test Loss: 5.4029665
EarlyStopping counter: 60 out of 100
Updating learning rate to 1.0611166119964742e-07
Epoch: 69 cost time: 10.46513032913208
Epoch: 69, Steps: 64 | Train Loss: 0.1986424 Vali Loss: 1.2461317 Test Loss: 5.4065375
EarlyStopping counter: 61 out of 100
Updating learning rate to 9.550049507968268e-08
Epoch: 70 cost time: 10.320769786834717
Epoch: 70, Steps: 64 | Train Loss: 0.1985754 Vali Loss: 1.2493105 Test Loss: 5.3925037
EarlyStopping counter: 62 out of 100
Updating learning rate to 8.595044557171442e-08
Epoch: 71 cost time: 10.456527709960938
Epoch: 71, Steps: 64 | Train Loss: 0.1985704 Vali Loss: 1.2468387 Test Loss: 5.3888950
EarlyStopping counter: 63 out of 100
Updating learning rate to 7.735540101454298e-08
Epoch: 72 cost time: 10.392638444900513
Epoch: 72, Steps: 64 | Train Loss: 0.1986336 Vali Loss: 1.2539479 Test Loss: 5.3824687
EarlyStopping counter: 64 out of 100
Updating learning rate to 6.961986091308869e-08
Epoch: 73 cost time: 10.452694416046143
Epoch: 73, Steps: 64 | Train Loss: 0.1987737 Vali Loss: 1.2501153 Test Loss: 5.4205813
EarlyStopping counter: 65 out of 100
Updating learning rate to 6.265787482177981e-08
Epoch: 74 cost time: 10.454225778579712
Epoch: 74, Steps: 64 | Train Loss: 0.1987936 Vali Loss: 1.2522959 Test Loss: 5.4123940
EarlyStopping counter: 66 out of 100
Updating learning rate to 5.639208733960184e-08
Epoch: 75 cost time: 10.367241382598877
Epoch: 75, Steps: 64 | Train Loss: 0.1986657 Vali Loss: 1.2519815 Test Loss: 5.3926635
EarlyStopping counter: 67 out of 100
Updating learning rate to 5.075287860564165e-08
Epoch: 76 cost time: 10.469138383865356
Epoch: 76, Steps: 64 | Train Loss: 0.1985046 Vali Loss: 1.2574998 Test Loss: 5.3893242
EarlyStopping counter: 68 out of 100
Updating learning rate to 4.567759074507749e-08
Epoch: 77 cost time: 10.352622747421265
Epoch: 77, Steps: 64 | Train Loss: 0.1988198 Vali Loss: 1.2441028 Test Loss: 5.3989081
EarlyStopping counter: 69 out of 100
Updating learning rate to 4.1109831670569744e-08
Epoch: 78 cost time: 10.553488969802856
Epoch: 78, Steps: 64 | Train Loss: 0.1984702 Vali Loss: 1.2502255 Test Loss: 5.3920174
EarlyStopping counter: 70 out of 100
Updating learning rate to 3.6998848503512764e-08
Epoch: 79 cost time: 10.333176851272583
Epoch: 79, Steps: 64 | Train Loss: 0.1983354 Vali Loss: 1.2416184 Test Loss: 5.3873620
EarlyStopping counter: 71 out of 100
Updating learning rate to 3.3298963653161496e-08
Epoch: 80 cost time: 10.481865882873535
Epoch: 80, Steps: 64 | Train Loss: 0.1985851 Vali Loss: 1.2448432 Test Loss: 5.3821516
EarlyStopping counter: 72 out of 100
Updating learning rate to 2.996906728784534e-08
Epoch: 81 cost time: 10.43163537979126
Epoch: 81, Steps: 64 | Train Loss: 0.1986622 Vali Loss: 1.2568202 Test Loss: 5.4002929
EarlyStopping counter: 73 out of 100
Updating learning rate to 2.697216055906081e-08
Epoch: 82 cost time: 10.49013876914978
Epoch: 82, Steps: 64 | Train Loss: 0.1984911 Vali Loss: 1.2535102 Test Loss: 5.3793802
EarlyStopping counter: 74 out of 100
Updating learning rate to 2.427494450315473e-08
Epoch: 83 cost time: 10.441204309463501
Epoch: 83, Steps: 64 | Train Loss: 0.1983637 Vali Loss: 1.2559390 Test Loss: 5.4153066
EarlyStopping counter: 75 out of 100
Updating learning rate to 2.1847450052839257e-08
Epoch: 84 cost time: 10.495582342147827
Epoch: 84, Steps: 64 | Train Loss: 0.1985184 Vali Loss: 1.2541515 Test Loss: 5.3937130
EarlyStopping counter: 76 out of 100
Updating learning rate to 1.9662705047555332e-08
Epoch: 85 cost time: 10.341887712478638
Epoch: 85, Steps: 64 | Train Loss: 0.1984945 Vali Loss: 1.2603102 Test Loss: 5.4085498
EarlyStopping counter: 77 out of 100
Updating learning rate to 1.7696434542799797e-08
Epoch: 86 cost time: 10.436347007751465
Epoch: 86, Steps: 64 | Train Loss: 0.1983500 Vali Loss: 1.2359140 Test Loss: 5.3894258
EarlyStopping counter: 78 out of 100
Updating learning rate to 1.5926791088519817e-08
Epoch: 87 cost time: 10.308350324630737
Epoch: 87, Steps: 64 | Train Loss: 0.1990851 Vali Loss: 1.2514309 Test Loss: 5.4182477
EarlyStopping counter: 79 out of 100
Updating learning rate to 1.4334111979667836e-08
Epoch: 88 cost time: 10.32923936843872
Epoch: 88, Steps: 64 | Train Loss: 0.1983281 Vali Loss: 1.2457172 Test Loss: 5.3929152
EarlyStopping counter: 80 out of 100
Updating learning rate to 1.2900700781701054e-08
Epoch: 89 cost time: 10.549208402633667
Epoch: 89, Steps: 64 | Train Loss: 0.1983633 Vali Loss: 1.2471226 Test Loss: 5.3861136
EarlyStopping counter: 81 out of 100
Updating learning rate to 1.161063070353095e-08
Epoch: 90 cost time: 10.629108428955078
Epoch: 90, Steps: 64 | Train Loss: 0.1985943 Vali Loss: 1.2465770 Test Loss: 5.3822980
EarlyStopping counter: 82 out of 100
Updating learning rate to 1.0449567633177854e-08
Epoch: 91 cost time: 10.659221887588501
Epoch: 91, Steps: 64 | Train Loss: 0.1985951 Vali Loss: 1.2607459 Test Loss: 5.4041786
EarlyStopping counter: 83 out of 100
Updating learning rate to 9.404610869860069e-09
Epoch: 92 cost time: 10.319091558456421
Epoch: 92, Steps: 64 | Train Loss: 0.1984292 Vali Loss: 1.2581798 Test Loss: 5.3795133
EarlyStopping counter: 84 out of 100
Updating learning rate to 8.464149782874063e-09
Epoch: 93 cost time: 10.599042177200317
Epoch: 93, Steps: 64 | Train Loss: 0.1985380 Vali Loss: 1.2570189 Test Loss: 5.3830128
EarlyStopping counter: 85 out of 100
Updating learning rate to 7.617734804586658e-09
Epoch: 94 cost time: 10.409832954406738
Epoch: 94, Steps: 64 | Train Loss: 0.1985858 Vali Loss: 1.2525972 Test Loss: 5.4157877
EarlyStopping counter: 86 out of 100
Updating learning rate to 6.855961324127991e-09
Epoch: 95 cost time: 10.455437183380127
Epoch: 95, Steps: 64 | Train Loss: 0.1984143 Vali Loss: 1.2464542 Test Loss: 5.3708553
EarlyStopping counter: 87 out of 100
Updating learning rate to 6.170365191715193e-09
Epoch: 96 cost time: 10.414460897445679
Epoch: 96, Steps: 64 | Train Loss: 0.1985460 Vali Loss: 1.2464569 Test Loss: 5.3873811
EarlyStopping counter: 88 out of 100
Updating learning rate to 5.5533286725436726e-09
Epoch: 97 cost time: 10.38838791847229
Epoch: 97, Steps: 64 | Train Loss: 0.1986388 Vali Loss: 1.2560949 Test Loss: 5.3857589
EarlyStopping counter: 89 out of 100
Updating learning rate to 4.997995805289306e-09
Epoch: 98 cost time: 10.385149240493774
Epoch: 98, Steps: 64 | Train Loss: 0.1984869 Vali Loss: 1.2457136 Test Loss: 5.3832283
EarlyStopping counter: 90 out of 100
Updating learning rate to 4.498196224760375e-09
Epoch: 99 cost time: 10.374865531921387
Epoch: 99, Steps: 64 | Train Loss: 0.1985864 Vali Loss: 1.2489022 Test Loss: 5.4001417
EarlyStopping counter: 91 out of 100
Updating learning rate to 4.048376602284338e-09
Epoch: 100 cost time: 10.374679803848267
Epoch: 100, Steps: 64 | Train Loss: 0.1987396 Vali Loss: 1.2498674 Test Loss: 5.4072127
EarlyStopping counter: 92 out of 100
Updating learning rate to 3.643538942055904e-09
>>>>>>>testing : ETTh2_96_336_Informer_ETTh2_ftM_sl96_ll48_pl336_dm512_nh8_el2_dl1_df2048_fc3_ebtimeF_dtTrue_Exp_0<<<<<<<<<<<<<<<<<<<<<<<<<<<<<<<<<
test 2545
mse:4.76618766784668, mae:1.8152141571044922, rse:1.744106411933899
