Args in experiment:
Namespace(activation='gelu', affine=0, batch_size=128, c_out=7, checkpoints='./checkpoints/', d_ff=2048, d_layers=1, d_model=512, data='ETTm2', data_path='ETTm2.csv', dec_in=7, decomposition=0, des='Exp', devices='0,1,2,3', distil=True, do_predict=False, dropout=0.05, e_layers=2, embed='timeF', embed_type=0, enc_in=7, factor=3, fc_dropout=0.05, features='M', freq='h', gpu=0, head_dropout=0.0, individual=0, is_training=1, itr=1, kernel_size=25, label_len=48, learning_rate=0.0001, loss='mse', lradj='type3', model='Informer', model_id='ETTm2_96_192', moving_avg=25, n_heads=8, num_workers=4, output_attention=False, padding_patch='end', patch_len=16, patience=100, pct_start=0.3, pred_len=192, random_seed=2021, revin=1, root_path='./dataset/', seq_len=96, stride=8, subtract_last=0, target='OT', test_flop=False, train_epochs=100, use_amp=False, use_gpu=True, use_multi_gpu=False)
Use GPU: cuda:0
>>>>>>>start training : ETTm2_96_192_Informer_ETTm2_ftM_sl96_ll48_pl192_dm512_nh8_el2_dl1_df2048_fc3_ebtimeF_dtTrue_Exp_0>>>>>>>>>>>>>>>>>>>>>>>>>>
train 34273
val 11329
test 11329
	iters: 100, epoch: 1 | loss: 0.5613302
	speed: 0.1185s/iter; left time: 3152.4935s
	iters: 200, epoch: 1 | loss: 0.5589050
	speed: 0.1116s/iter; left time: 2957.9815s
Epoch: 1 cost time: 30.670254468917847
Epoch: 1, Steps: 267 | Train Loss: 0.5802145 Vali Loss: 0.4613829 Test Loss: 1.0593839
Validation loss decreased (inf --> 0.461383).  Saving model ...
Updating learning rate to 0.0001
	iters: 100, epoch: 2 | loss: 0.3226064
	speed: 0.2910s/iter; left time: 7663.2352s
	iters: 200, epoch: 2 | loss: 0.2310526
	speed: 0.1112s/iter; left time: 2917.2517s
Epoch: 2 cost time: 30.402934312820435
Epoch: 2, Steps: 267 | Train Loss: 0.2738080 Vali Loss: 0.4080876 Test Loss: 0.8309715
Validation loss decreased (0.461383 --> 0.408088).  Saving model ...
Updating learning rate to 0.0001
	iters: 100, epoch: 3 | loss: 0.1857424
	speed: 0.2889s/iter; left time: 7530.4328s
	iters: 200, epoch: 3 | loss: 0.2208115
	speed: 0.1112s/iter; left time: 2887.3188s
Epoch: 3 cost time: 30.320788621902466
Epoch: 3, Steps: 267 | Train Loss: 0.2156449 Vali Loss: 0.3963680 Test Loss: 0.7444635
Validation loss decreased (0.408088 --> 0.396368).  Saving model ...
Updating learning rate to 0.0001
	iters: 100, epoch: 4 | loss: 0.1812940
	speed: 0.2924s/iter; left time: 7543.9525s
	iters: 200, epoch: 4 | loss: 0.1759606
	speed: 0.1113s/iter; left time: 2859.8175s
Epoch: 4 cost time: 30.50155472755432
Epoch: 4, Steps: 267 | Train Loss: 0.1874975 Vali Loss: 0.3893987 Test Loss: 0.6658482
Validation loss decreased (0.396368 --> 0.389399).  Saving model ...
Updating learning rate to 9e-05
	iters: 100, epoch: 5 | loss: 0.1770492
	speed: 0.2914s/iter; left time: 7439.1716s
	iters: 200, epoch: 5 | loss: 0.1517371
	speed: 0.1112s/iter; left time: 2828.7646s
Epoch: 5 cost time: 30.32938027381897
Epoch: 5, Steps: 267 | Train Loss: 0.1665157 Vali Loss: 0.5722222 Test Loss: 0.9877482
EarlyStopping counter: 1 out of 100
Updating learning rate to 8.1e-05
	iters: 100, epoch: 6 | loss: 0.1414917
	speed: 0.2895s/iter; left time: 7313.7301s
	iters: 200, epoch: 6 | loss: 0.1382050
	speed: 0.1111s/iter; left time: 2797.0994s
Epoch: 6 cost time: 30.405640840530396
Epoch: 6, Steps: 267 | Train Loss: 0.1502205 Vali Loss: 0.5846515 Test Loss: 1.0728192
EarlyStopping counter: 2 out of 100
Updating learning rate to 7.290000000000001e-05
	iters: 100, epoch: 7 | loss: 0.1333839
	speed: 0.2863s/iter; left time: 7157.4797s
	iters: 200, epoch: 7 | loss: 0.1443989
	speed: 0.1114s/iter; left time: 2773.4814s
Epoch: 7 cost time: 30.352278470993042
Epoch: 7, Steps: 267 | Train Loss: 0.1359561 Vali Loss: 0.6335374 Test Loss: 1.1189790
EarlyStopping counter: 3 out of 100
Updating learning rate to 6.561e-05
	iters: 100, epoch: 8 | loss: 0.1407079
	speed: 0.2891s/iter; left time: 7148.7969s
	iters: 200, epoch: 8 | loss: 0.1277222
	speed: 0.1113s/iter; left time: 2741.9202s
Epoch: 8 cost time: 30.405616998672485
Epoch: 8, Steps: 267 | Train Loss: 0.1251436 Vali Loss: 0.6551033 Test Loss: 1.4400281
EarlyStopping counter: 4 out of 100
Updating learning rate to 5.904900000000001e-05
	iters: 100, epoch: 9 | loss: 0.1204967
	speed: 0.2889s/iter; left time: 7067.3878s
	iters: 200, epoch: 9 | loss: 0.1147939
	speed: 0.1113s/iter; left time: 2711.1183s
Epoch: 9 cost time: 30.340806245803833
Epoch: 9, Steps: 267 | Train Loss: 0.1173153 Vali Loss: 0.6545112 Test Loss: 1.2911757
EarlyStopping counter: 5 out of 100
Updating learning rate to 5.3144100000000005e-05
	iters: 100, epoch: 10 | loss: 0.1011268
	speed: 0.2881s/iter; left time: 6970.4000s
	iters: 200, epoch: 10 | loss: 0.1148862
	speed: 0.1118s/iter; left time: 2693.3738s
Epoch: 10 cost time: 30.545955419540405
Epoch: 10, Steps: 267 | Train Loss: 0.1110321 Vali Loss: 0.6987973 Test Loss: 1.4027729
EarlyStopping counter: 6 out of 100
Updating learning rate to 4.782969000000001e-05
	iters: 100, epoch: 11 | loss: 0.1057920
	speed: 0.2948s/iter; left time: 7054.9646s
	iters: 200, epoch: 11 | loss: 0.1176864
	speed: 0.1148s/iter; left time: 2735.3067s
Epoch: 11 cost time: 31.466476917266846
Epoch: 11, Steps: 267 | Train Loss: 0.1051436 Vali Loss: 0.7009261 Test Loss: 1.2360581
EarlyStopping counter: 7 out of 100
Updating learning rate to 4.304672100000001e-05
	iters: 100, epoch: 12 | loss: 0.0948887
	speed: 0.2936s/iter; left time: 6947.7181s
	iters: 200, epoch: 12 | loss: 0.0986325
	speed: 0.1128s/iter; left time: 2658.1739s
Epoch: 12 cost time: 31.117178201675415
Epoch: 12, Steps: 267 | Train Loss: 0.1006419 Vali Loss: 0.7104756 Test Loss: 1.1912946
EarlyStopping counter: 8 out of 100
Updating learning rate to 3.874204890000001e-05
	iters: 100, epoch: 13 | loss: 0.0995533
	speed: 0.2974s/iter; left time: 6957.9527s
	iters: 200, epoch: 13 | loss: 0.1047575
	speed: 0.1130s/iter; left time: 2632.0262s
Epoch: 13 cost time: 30.96807026863098
Epoch: 13, Steps: 267 | Train Loss: 0.0974190 Vali Loss: 0.7210239 Test Loss: 1.2451146
EarlyStopping counter: 9 out of 100
Updating learning rate to 3.486784401000001e-05
	iters: 100, epoch: 14 | loss: 0.0861898
	speed: 0.2927s/iter; left time: 6770.9746s
	iters: 200, epoch: 14 | loss: 0.0902545
	speed: 0.1119s/iter; left time: 2577.2294s
Epoch: 14 cost time: 30.863849639892578
Epoch: 14, Steps: 267 | Train Loss: 0.0948210 Vali Loss: 0.7135975 Test Loss: 1.2159961
EarlyStopping counter: 10 out of 100
Updating learning rate to 3.138105960900001e-05
	iters: 100, epoch: 15 | loss: 0.0852765
	speed: 0.2904s/iter; left time: 6638.3896s
	iters: 200, epoch: 15 | loss: 0.0904546
	speed: 0.1112s/iter; left time: 2530.6244s
Epoch: 15 cost time: 30.35800313949585
Epoch: 15, Steps: 267 | Train Loss: 0.0919410 Vali Loss: 0.6605898 Test Loss: 1.2209674
EarlyStopping counter: 11 out of 100
Updating learning rate to 2.824295364810001e-05
	iters: 100, epoch: 16 | loss: 0.0877862
	speed: 0.2890s/iter; left time: 6530.2713s
	iters: 200, epoch: 16 | loss: 0.0943451
	speed: 0.1117s/iter; left time: 2512.9632s
Epoch: 16 cost time: 30.57548189163208
Epoch: 16, Steps: 267 | Train Loss: 0.0895200 Vali Loss: 0.6905758 Test Loss: 1.2225862
EarlyStopping counter: 12 out of 100
Updating learning rate to 2.541865828329001e-05
	iters: 100, epoch: 17 | loss: 0.0860453
	speed: 0.2906s/iter; left time: 6489.0366s
	iters: 200, epoch: 17 | loss: 0.0805095
	speed: 0.1119s/iter; left time: 2488.3909s
Epoch: 17 cost time: 30.61918830871582
Epoch: 17, Steps: 267 | Train Loss: 0.0879602 Vali Loss: 0.6801442 Test Loss: 1.2019459
EarlyStopping counter: 13 out of 100
Updating learning rate to 2.287679245496101e-05
	iters: 100, epoch: 18 | loss: 0.0858929
	speed: 0.2954s/iter; left time: 6517.6150s
	iters: 200, epoch: 18 | loss: 0.0827327
	speed: 0.1126s/iter; left time: 2471.8310s
Epoch: 18 cost time: 31.09290075302124
Epoch: 18, Steps: 267 | Train Loss: 0.0860213 Vali Loss: 0.6875429 Test Loss: 1.2073692
EarlyStopping counter: 14 out of 100
Updating learning rate to 2.0589113209464907e-05
	iters: 100, epoch: 19 | loss: 0.0990509
	speed: 0.2960s/iter; left time: 6450.7578s
	iters: 200, epoch: 19 | loss: 0.0812163
	speed: 0.1130s/iter; left time: 2451.0908s
Epoch: 19 cost time: 31.106223583221436
Epoch: 19, Steps: 267 | Train Loss: 0.0846280 Vali Loss: 0.6852906 Test Loss: 1.1976256
EarlyStopping counter: 15 out of 100
Updating learning rate to 1.8530201888518416e-05
	iters: 100, epoch: 20 | loss: 0.0796459
	speed: 0.3004s/iter; left time: 6466.0554s
	iters: 200, epoch: 20 | loss: 0.0843669
	speed: 0.1128s/iter; left time: 2417.6456s
Epoch: 20 cost time: 31.107707500457764
Epoch: 20, Steps: 267 | Train Loss: 0.0833816 Vali Loss: 0.6951864 Test Loss: 1.1982408
EarlyStopping counter: 16 out of 100
Updating learning rate to 1.6677181699666577e-05
	iters: 100, epoch: 21 | loss: 0.0767475
	speed: 0.2998s/iter; left time: 6373.7856s
	iters: 200, epoch: 21 | loss: 0.0884467
	speed: 0.1125s/iter; left time: 2380.8241s
Epoch: 21 cost time: 31.082841873168945
Epoch: 21, Steps: 267 | Train Loss: 0.0821271 Vali Loss: 0.6875978 Test Loss: 1.1659962
EarlyStopping counter: 17 out of 100
Updating learning rate to 1.5009463529699919e-05
	iters: 100, epoch: 22 | loss: 0.0829447
	speed: 0.3002s/iter; left time: 6301.9814s
	iters: 200, epoch: 22 | loss: 0.0762151
	speed: 0.1123s/iter; left time: 2347.0473s
Epoch: 22 cost time: 31.08384943008423
Epoch: 22, Steps: 267 | Train Loss: 0.0810358 Vali Loss: 0.6987726 Test Loss: 1.1792756
EarlyStopping counter: 18 out of 100
Updating learning rate to 1.3508517176729929e-05
	iters: 100, epoch: 23 | loss: 0.0820985
	speed: 0.3000s/iter; left time: 6217.6235s
	iters: 200, epoch: 23 | loss: 0.0738540
	speed: 0.1127s/iter; left time: 2324.5681s
Epoch: 23 cost time: 31.091294527053833
Epoch: 23, Steps: 267 | Train Loss: 0.0802023 Vali Loss: 0.7020100 Test Loss: 1.1557722
EarlyStopping counter: 19 out of 100
Updating learning rate to 1.2157665459056936e-05
	iters: 100, epoch: 24 | loss: 0.0825771
	speed: 0.2990s/iter; left time: 6118.0118s
	iters: 200, epoch: 24 | loss: 0.0804653
	speed: 0.1131s/iter; left time: 2302.8119s
Epoch: 24 cost time: 31.131359338760376
Epoch: 24, Steps: 267 | Train Loss: 0.0791638 Vali Loss: 0.7104675 Test Loss: 1.1878413
EarlyStopping counter: 20 out of 100
Updating learning rate to 1.0941898913151242e-05
	iters: 100, epoch: 25 | loss: 0.0789217
	speed: 0.3012s/iter; left time: 6082.3022s
	iters: 200, epoch: 25 | loss: 0.0725814
	speed: 0.1126s/iter; left time: 2263.3773s
Epoch: 25 cost time: 31.16154456138611
Epoch: 25, Steps: 267 | Train Loss: 0.0785345 Vali Loss: 0.7004657 Test Loss: 1.1654834
EarlyStopping counter: 21 out of 100
Updating learning rate to 9.847709021836118e-06
	iters: 100, epoch: 26 | loss: 0.0875243
	speed: 0.2999s/iter; left time: 5975.9767s
	iters: 200, epoch: 26 | loss: 0.0693288
	speed: 0.1125s/iter; left time: 2229.9243s
Epoch: 26 cost time: 31.050583362579346
Epoch: 26, Steps: 267 | Train Loss: 0.0778424 Vali Loss: 0.7184323 Test Loss: 1.1677057
EarlyStopping counter: 22 out of 100
Updating learning rate to 8.862938119652508e-06
	iters: 100, epoch: 27 | loss: 0.0806096
	speed: 0.2994s/iter; left time: 5886.0995s
	iters: 200, epoch: 27 | loss: 0.0791144
	speed: 0.1127s/iter; left time: 2203.6027s
Epoch: 27 cost time: 31.055182218551636
Epoch: 27, Steps: 267 | Train Loss: 0.0771719 Vali Loss: 0.7194198 Test Loss: 1.1945771
EarlyStopping counter: 23 out of 100
Updating learning rate to 7.976644307687255e-06
	iters: 100, epoch: 28 | loss: 0.0706574
	speed: 0.3002s/iter; left time: 5821.0756s
	iters: 200, epoch: 28 | loss: 0.0754970
	speed: 0.1121s/iter; left time: 2163.3493s
Epoch: 28 cost time: 31.02246928215027
Epoch: 28, Steps: 267 | Train Loss: 0.0766838 Vali Loss: 0.7127146 Test Loss: 1.1981781
EarlyStopping counter: 24 out of 100
Updating learning rate to 7.178979876918531e-06
	iters: 100, epoch: 29 | loss: 0.0774042
	speed: 0.2984s/iter; left time: 5706.4235s
	iters: 200, epoch: 29 | loss: 0.0742850
	speed: 0.1123s/iter; left time: 2135.9163s
Epoch: 29 cost time: 30.967508792877197
Epoch: 29, Steps: 267 | Train Loss: 0.0762322 Vali Loss: 0.7144272 Test Loss: 1.1741424
EarlyStopping counter: 25 out of 100
Updating learning rate to 6.4610818892266776e-06
	iters: 100, epoch: 30 | loss: 0.0732787
	speed: 0.2976s/iter; left time: 5611.3823s
	iters: 200, epoch: 30 | loss: 0.0705926
	speed: 0.1122s/iter; left time: 2104.1396s
Epoch: 30 cost time: 30.95738387107849
Epoch: 30, Steps: 267 | Train Loss: 0.0757053 Vali Loss: 0.7213352 Test Loss: 1.1743991
EarlyStopping counter: 26 out of 100
Updating learning rate to 5.8149737003040096e-06
	iters: 100, epoch: 31 | loss: 0.0724580
	speed: 0.3003s/iter; left time: 5583.0263s
	iters: 200, epoch: 31 | loss: 0.0788562
	speed: 0.1123s/iter; left time: 2077.0723s
Epoch: 31 cost time: 31.0448956489563
Epoch: 31, Steps: 267 | Train Loss: 0.0752571 Vali Loss: 0.7218632 Test Loss: 1.1558712
EarlyStopping counter: 27 out of 100
Updating learning rate to 5.23347633027361e-06
	iters: 100, epoch: 32 | loss: 0.0729848
	speed: 0.2980s/iter; left time: 5459.8232s
	iters: 200, epoch: 32 | loss: 0.0740448
	speed: 0.1125s/iter; left time: 2049.4123s
Epoch: 32 cost time: 30.931373119354248
Epoch: 32, Steps: 267 | Train Loss: 0.0749589 Vali Loss: 0.7206023 Test Loss: 1.1639259
EarlyStopping counter: 28 out of 100
Updating learning rate to 4.710128697246249e-06
	iters: 100, epoch: 33 | loss: 0.0774330
	speed: 0.2986s/iter; left time: 5391.5712s
	iters: 200, epoch: 33 | loss: 0.0713872
	speed: 0.1130s/iter; left time: 2029.0939s
Epoch: 33 cost time: 31.02863645553589
Epoch: 33, Steps: 267 | Train Loss: 0.0746227 Vali Loss: 0.7218210 Test Loss: 1.1730196
EarlyStopping counter: 29 out of 100
Updating learning rate to 4.239115827521624e-06
	iters: 100, epoch: 34 | loss: 0.0734973
	speed: 0.2994s/iter; left time: 5326.5874s
	iters: 200, epoch: 34 | loss: 0.0692536
	speed: 0.1130s/iter; left time: 1999.8188s
Epoch: 34 cost time: 31.101126432418823
Epoch: 34, Steps: 267 | Train Loss: 0.0742989 Vali Loss: 0.7280615 Test Loss: 1.1745404
EarlyStopping counter: 30 out of 100
Updating learning rate to 3.815204244769462e-06
	iters: 100, epoch: 35 | loss: 0.0803556
	speed: 0.2974s/iter; left time: 5210.5370s
	iters: 200, epoch: 35 | loss: 0.0731871
	speed: 0.1123s/iter; left time: 1955.9025s
Epoch: 35 cost time: 30.870521783828735
Epoch: 35, Steps: 267 | Train Loss: 0.0740249 Vali Loss: 0.7360510 Test Loss: 1.1801929
EarlyStopping counter: 31 out of 100
Updating learning rate to 3.4336838202925152e-06
	iters: 100, epoch: 36 | loss: 0.0723450
	speed: 0.2989s/iter; left time: 5157.8912s
	iters: 200, epoch: 36 | loss: 0.0794145
	speed: 0.1132s/iter; left time: 1942.6978s
Epoch: 36 cost time: 31.0989830493927
Epoch: 36, Steps: 267 | Train Loss: 0.0737796 Vali Loss: 0.7311090 Test Loss: 1.1773838
EarlyStopping counter: 32 out of 100
Updating learning rate to 3.090315438263264e-06
	iters: 100, epoch: 37 | loss: 0.0744594
	speed: 0.2984s/iter; left time: 5068.9546s
	iters: 200, epoch: 37 | loss: 0.0717239
	speed: 0.1131s/iter; left time: 1909.4312s
Epoch: 37 cost time: 31.049944639205933
Epoch: 37, Steps: 267 | Train Loss: 0.0735775 Vali Loss: 0.7286541 Test Loss: 1.1802455
EarlyStopping counter: 33 out of 100
Updating learning rate to 2.7812838944369375e-06
	iters: 100, epoch: 38 | loss: 0.0734194
	speed: 0.2985s/iter; left time: 4991.0488s
	iters: 200, epoch: 38 | loss: 0.0712834
	speed: 0.1123s/iter; left time: 1866.3126s
Epoch: 38 cost time: 30.9067804813385
Epoch: 38, Steps: 267 | Train Loss: 0.0733667 Vali Loss: 0.7348841 Test Loss: 1.1763604
EarlyStopping counter: 34 out of 100
Updating learning rate to 2.503155504993244e-06
	iters: 100, epoch: 39 | loss: 0.0730978
	speed: 0.2974s/iter; left time: 4892.9805s
	iters: 200, epoch: 39 | loss: 0.0775421
	speed: 0.1125s/iter; left time: 1839.5864s
Epoch: 39 cost time: 30.99161386489868
Epoch: 39, Steps: 267 | Train Loss: 0.0731597 Vali Loss: 0.7374929 Test Loss: 1.1717342
EarlyStopping counter: 35 out of 100
Updating learning rate to 2.2528399544939195e-06
	iters: 100, epoch: 40 | loss: 0.0700962
	speed: 0.2989s/iter; left time: 4839.2217s
	iters: 200, epoch: 40 | loss: 0.0726746
	speed: 0.1129s/iter; left time: 1815.9338s
Epoch: 40 cost time: 31.079499006271362
Epoch: 40, Steps: 267 | Train Loss: 0.0730430 Vali Loss: 0.7369538 Test Loss: 1.1836995
EarlyStopping counter: 36 out of 100
Updating learning rate to 2.0275559590445276e-06
	iters: 100, epoch: 41 | loss: 0.0755478
	speed: 0.2971s/iter; left time: 4730.8660s
	iters: 200, epoch: 41 | loss: 0.0751503
	speed: 0.1123s/iter; left time: 1776.0642s
Epoch: 41 cost time: 30.94166111946106
Epoch: 41, Steps: 267 | Train Loss: 0.0727903 Vali Loss: 0.7385628 Test Loss: 1.1814765
EarlyStopping counter: 37 out of 100
Updating learning rate to 1.8248003631400751e-06
	iters: 100, epoch: 42 | loss: 0.0771334
	speed: 0.2999s/iter; left time: 4695.1086s
	iters: 200, epoch: 42 | loss: 0.0739186
	speed: 0.1123s/iter; left time: 1745.9442s
Epoch: 42 cost time: 31.033496141433716
Epoch: 42, Steps: 267 | Train Loss: 0.0726987 Vali Loss: 0.7350525 Test Loss: 1.1819893
EarlyStopping counter: 38 out of 100
Updating learning rate to 1.6423203268260676e-06
	iters: 100, epoch: 43 | loss: 0.0706583
	speed: 0.2985s/iter; left time: 4592.3058s
	iters: 200, epoch: 43 | loss: 0.0703449
	speed: 0.1128s/iter; left time: 1723.7287s
Epoch: 43 cost time: 31.12246584892273
Epoch: 43, Steps: 267 | Train Loss: 0.0725762 Vali Loss: 0.7304975 Test Loss: 1.1710974
EarlyStopping counter: 39 out of 100
Updating learning rate to 1.4780882941434609e-06
	iters: 100, epoch: 44 | loss: 0.0713222
	speed: 0.3000s/iter; left time: 4536.5368s
	iters: 200, epoch: 44 | loss: 0.0717549
	speed: 0.1124s/iter; left time: 1688.7180s
Epoch: 44 cost time: 30.973915815353394
Epoch: 44, Steps: 267 | Train Loss: 0.0724808 Vali Loss: 0.7404345 Test Loss: 1.1741294
EarlyStopping counter: 40 out of 100
Updating learning rate to 1.3302794647291146e-06
	iters: 100, epoch: 45 | loss: 0.0762113
	speed: 0.3001s/iter; left time: 4456.9528s
	iters: 200, epoch: 45 | loss: 0.0742096
	speed: 0.1122s/iter; left time: 1655.6455s
Epoch: 45 cost time: 31.029334545135498
Epoch: 45, Steps: 267 | Train Loss: 0.0724404 Vali Loss: 0.7393944 Test Loss: 1.1745620
EarlyStopping counter: 41 out of 100
Updating learning rate to 1.1972515182562034e-06
	iters: 100, epoch: 46 | loss: 0.0690133
	speed: 0.2986s/iter; left time: 4354.8191s
	iters: 200, epoch: 46 | loss: 0.0705356
	speed: 0.1129s/iter; left time: 1635.0521s
Epoch: 46 cost time: 31.032140493392944
Epoch: 46, Steps: 267 | Train Loss: 0.0723651 Vali Loss: 0.7421901 Test Loss: 1.1695328
EarlyStopping counter: 42 out of 100
Updating learning rate to 1.077526366430583e-06
	iters: 100, epoch: 47 | loss: 0.0747232
	speed: 0.2977s/iter; left time: 4262.6139s
	iters: 200, epoch: 47 | loss: 0.0791074
	speed: 0.1124s/iter; left time: 1598.5724s
Epoch: 47 cost time: 30.930723905563354
Epoch: 47, Steps: 267 | Train Loss: 0.0722701 Vali Loss: 0.7347563 Test Loss: 1.1833736
EarlyStopping counter: 43 out of 100
Updating learning rate to 9.697737297875248e-07
	iters: 100, epoch: 48 | loss: 0.0702010
	speed: 0.3003s/iter; left time: 4220.1946s
	iters: 200, epoch: 48 | loss: 0.0793170
	speed: 0.1124s/iter; left time: 1567.8082s
Epoch: 48 cost time: 31.04343819618225
Epoch: 48, Steps: 267 | Train Loss: 0.0721706 Vali Loss: 0.7399422 Test Loss: 1.1716462
EarlyStopping counter: 44 out of 100
Updating learning rate to 8.727963568087723e-07
	iters: 100, epoch: 49 | loss: 0.0686982
	speed: 0.2990s/iter; left time: 4121.9843s
	iters: 200, epoch: 49 | loss: 0.0755064
	speed: 0.1125s/iter; left time: 1539.3160s
Epoch: 49 cost time: 30.96229600906372
Epoch: 49, Steps: 267 | Train Loss: 0.0721916 Vali Loss: 0.7453076 Test Loss: 1.1823689
EarlyStopping counter: 45 out of 100
Updating learning rate to 7.855167211278951e-07
	iters: 100, epoch: 50 | loss: 0.0695072
	speed: 0.2981s/iter; left time: 4029.3319s
	iters: 200, epoch: 50 | loss: 0.0745818
	speed: 0.1129s/iter; left time: 1515.2555s
Epoch: 50 cost time: 31.046239852905273
Epoch: 50, Steps: 267 | Train Loss: 0.0720727 Vali Loss: 0.7446046 Test Loss: 1.1813477
EarlyStopping counter: 46 out of 100
Updating learning rate to 7.069650490151056e-07
	iters: 100, epoch: 51 | loss: 0.0680463
	speed: 0.2995s/iter; left time: 3968.8413s
	iters: 200, epoch: 51 | loss: 0.0733625
	speed: 0.1125s/iter; left time: 1479.5993s
Epoch: 51 cost time: 31.03654956817627
Epoch: 51, Steps: 267 | Train Loss: 0.0720165 Vali Loss: 0.7438226 Test Loss: 1.1822222
EarlyStopping counter: 47 out of 100
Updating learning rate to 6.36268544113595e-07
	iters: 100, epoch: 52 | loss: 0.0723147
	speed: 0.2986s/iter; left time: 3877.1865s
	iters: 200, epoch: 52 | loss: 0.0737402
	speed: 0.1122s/iter; left time: 1445.5861s
Epoch: 52 cost time: 30.935919284820557
Epoch: 52, Steps: 267 | Train Loss: 0.0719137 Vali Loss: 0.7457941 Test Loss: 1.1852784
EarlyStopping counter: 48 out of 100
Updating learning rate to 5.726416897022355e-07
	iters: 100, epoch: 53 | loss: 0.0732118
	speed: 0.2978s/iter; left time: 3787.0342s
	iters: 200, epoch: 53 | loss: 0.0707268
	speed: 0.1130s/iter; left time: 1425.5646s
Epoch: 53 cost time: 31.04713010787964
Epoch: 53, Steps: 267 | Train Loss: 0.0719230 Vali Loss: 0.7413580 Test Loss: 1.1772923
EarlyStopping counter: 49 out of 100
Updating learning rate to 5.15377520732012e-07
	iters: 100, epoch: 54 | loss: 0.0731852
	speed: 0.2960s/iter; left time: 3685.2058s
	iters: 200, epoch: 54 | loss: 0.0700886
	speed: 0.1129s/iter; left time: 1394.8090s
Epoch: 54 cost time: 30.916847944259644
Epoch: 54, Steps: 267 | Train Loss: 0.0718732 Vali Loss: 0.7412550 Test Loss: 1.1778703
EarlyStopping counter: 50 out of 100
Updating learning rate to 4.6383976865881085e-07
	iters: 100, epoch: 55 | loss: 0.0664796
	speed: 0.2982s/iter; left time: 3632.5910s
	iters: 200, epoch: 55 | loss: 0.0710595
	speed: 0.1129s/iter; left time: 1364.0479s
Epoch: 55 cost time: 31.028117895126343
Epoch: 55, Steps: 267 | Train Loss: 0.0718362 Vali Loss: 0.7420332 Test Loss: 1.1756905
EarlyStopping counter: 51 out of 100
Updating learning rate to 4.174557917929298e-07
	iters: 100, epoch: 56 | loss: 0.0708391
	speed: 0.3004s/iter; left time: 3579.5667s
	iters: 200, epoch: 56 | loss: 0.0746596
	speed: 0.1124s/iter; left time: 1328.3386s
Epoch: 56 cost time: 31.000781297683716
Epoch: 56, Steps: 267 | Train Loss: 0.0718034 Vali Loss: 0.7439317 Test Loss: 1.1709759
EarlyStopping counter: 52 out of 100
Updating learning rate to 3.7571021261363677e-07
	iters: 100, epoch: 57 | loss: 0.0742199
	speed: 0.2974s/iter; left time: 3464.6173s
	iters: 200, epoch: 57 | loss: 0.0686597
	speed: 0.1124s/iter; left time: 1297.7914s
Epoch: 57 cost time: 30.967451333999634
Epoch: 57, Steps: 267 | Train Loss: 0.0718061 Vali Loss: 0.7470154 Test Loss: 1.1801685
EarlyStopping counter: 53 out of 100
Updating learning rate to 3.381391913522731e-07
	iters: 100, epoch: 58 | loss: 0.0707411
	speed: 0.2974s/iter; left time: 3384.6125s
	iters: 200, epoch: 58 | loss: 0.0706843
	speed: 0.1123s/iter; left time: 1266.5765s
Epoch: 58 cost time: 30.825197219848633
Epoch: 58, Steps: 267 | Train Loss: 0.0717776 Vali Loss: 0.7468166 Test Loss: 1.1819962
EarlyStopping counter: 54 out of 100
Updating learning rate to 3.043252722170458e-07
	iters: 100, epoch: 59 | loss: 0.0729287
	speed: 0.3004s/iter; left time: 3338.5775s
	iters: 200, epoch: 59 | loss: 0.0718896
	speed: 0.1133s/iter; left time: 1248.1763s
Epoch: 59 cost time: 31.13520884513855
Epoch: 59, Steps: 267 | Train Loss: 0.0717241 Vali Loss: 0.7448564 Test Loss: 1.1812857
EarlyStopping counter: 55 out of 100
Updating learning rate to 2.7389274499534124e-07
	iters: 100, epoch: 60 | loss: 0.0708119
	speed: 0.2972s/iter; left time: 3223.6636s
	iters: 200, epoch: 60 | loss: 0.0685682
	speed: 0.1124s/iter; left time: 1208.1423s
Epoch: 60 cost time: 30.96625828742981
Epoch: 60, Steps: 267 | Train Loss: 0.0717150 Vali Loss: 0.7440795 Test Loss: 1.1798297
EarlyStopping counter: 56 out of 100
Updating learning rate to 2.465034704958071e-07
	iters: 100, epoch: 61 | loss: 0.0688214
	speed: 0.3005s/iter; left time: 3179.3685s
	iters: 200, epoch: 61 | loss: 0.0727556
	speed: 0.1139s/iter; left time: 1193.9176s
Epoch: 61 cost time: 31.301186084747314
Epoch: 61, Steps: 267 | Train Loss: 0.0716939 Vali Loss: 0.7471357 Test Loss: 1.1849691
EarlyStopping counter: 57 out of 100
Updating learning rate to 2.218531234462264e-07
	iters: 100, epoch: 62 | loss: 0.0726514
	speed: 0.3012s/iter; left time: 3106.0764s
	iters: 200, epoch: 62 | loss: 0.0698159
	speed: 0.1123s/iter; left time: 1146.9722s
Epoch: 62 cost time: 31.044337272644043
Epoch: 62, Steps: 267 | Train Loss: 0.0716938 Vali Loss: 0.7442472 Test Loss: 1.1754460
EarlyStopping counter: 58 out of 100
Updating learning rate to 1.9966781110160376e-07
	iters: 100, epoch: 63 | loss: 0.0724408
	speed: 0.2987s/iter; left time: 3001.0443s
	iters: 200, epoch: 63 | loss: 0.0703899
	speed: 0.1123s/iter; left time: 1117.5349s
Epoch: 63 cost time: 30.911548137664795
Epoch: 63, Steps: 267 | Train Loss: 0.0716926 Vali Loss: 0.7481161 Test Loss: 1.1768742
EarlyStopping counter: 59 out of 100
Updating learning rate to 1.797010299914434e-07
	iters: 100, epoch: 64 | loss: 0.0716346
	speed: 0.2965s/iter; left time: 2899.9208s
	iters: 200, epoch: 64 | loss: 0.0737974
	speed: 0.1125s/iter; left time: 1088.7956s
Epoch: 64 cost time: 30.925459146499634
Epoch: 64, Steps: 267 | Train Loss: 0.0716406 Vali Loss: 0.7437745 Test Loss: 1.1783916
EarlyStopping counter: 60 out of 100
Updating learning rate to 1.6173092699229907e-07
	iters: 100, epoch: 65 | loss: 0.0665516
	speed: 0.3002s/iter; left time: 2855.8612s
	iters: 200, epoch: 65 | loss: 0.0703527
	speed: 0.1122s/iter; left time: 1056.1983s
Epoch: 65 cost time: 31.02547597885132
Epoch: 65, Steps: 267 | Train Loss: 0.0716396 Vali Loss: 0.7474176 Test Loss: 1.1786702
EarlyStopping counter: 61 out of 100
Updating learning rate to 1.4555783429306916e-07
	iters: 100, epoch: 66 | loss: 0.0742137
	speed: 0.2980s/iter; left time: 2755.0463s
	iters: 200, epoch: 66 | loss: 0.0706503
	speed: 0.1121s/iter; left time: 1024.8381s
Epoch: 66 cost time: 30.871443510055542
Epoch: 66, Steps: 267 | Train Loss: 0.0716853 Vali Loss: 0.7475441 Test Loss: 1.1791298
EarlyStopping counter: 62 out of 100
Updating learning rate to 1.3100205086376224e-07
	iters: 100, epoch: 67 | loss: 0.0701404
	speed: 0.2983s/iter; left time: 2678.1643s
	iters: 200, epoch: 67 | loss: 0.0708344
	speed: 0.1125s/iter; left time: 998.5697s
Epoch: 67 cost time: 31.084723949432373
Epoch: 67, Steps: 267 | Train Loss: 0.0716049 Vali Loss: 0.7483072 Test Loss: 1.1788568
EarlyStopping counter: 63 out of 100
Updating learning rate to 1.1790184577738603e-07
	iters: 100, epoch: 68 | loss: 0.0800304
	speed: 0.2990s/iter; left time: 2604.5448s
	iters: 200, epoch: 68 | loss: 0.0683527
	speed: 0.1130s/iter; left time: 972.8917s
Epoch: 68 cost time: 31.041784524917603
Epoch: 68, Steps: 267 | Train Loss: 0.0716622 Vali Loss: 0.7453676 Test Loss: 1.1750615
EarlyStopping counter: 64 out of 100
Updating learning rate to 1.0611166119964742e-07
	iters: 100, epoch: 69 | loss: 0.0696113
	speed: 0.3001s/iter; left time: 2534.5883s
	iters: 200, epoch: 69 | loss: 0.0700945
	speed: 0.1122s/iter; left time: 936.4052s
Epoch: 69 cost time: 31.02174425125122
Epoch: 69, Steps: 267 | Train Loss: 0.0716099 Vali Loss: 0.7487411 Test Loss: 1.1824028
EarlyStopping counter: 65 out of 100
Updating learning rate to 9.550049507968268e-08
	iters: 100, epoch: 70 | loss: 0.0710972
	speed: 0.2970s/iter; left time: 2428.5835s
	iters: 200, epoch: 70 | loss: 0.0677074
	speed: 0.1124s/iter; left time: 907.9844s
Epoch: 70 cost time: 30.943567276000977
Epoch: 70, Steps: 267 | Train Loss: 0.0715835 Vali Loss: 0.7478563 Test Loss: 1.1798612
EarlyStopping counter: 66 out of 100
Updating learning rate to 8.595044557171442e-08
	iters: 100, epoch: 71 | loss: 0.0634942
	speed: 0.2983s/iter; left time: 2360.2449s
	iters: 200, epoch: 71 | loss: 0.0744125
	speed: 0.1124s/iter; left time: 877.5808s
Epoch: 71 cost time: 30.958558797836304
Epoch: 71, Steps: 267 | Train Loss: 0.0716925 Vali Loss: 0.7473934 Test Loss: 1.1822429
EarlyStopping counter: 67 out of 100
Updating learning rate to 7.735540101454298e-08
	iters: 100, epoch: 72 | loss: 0.0698700
	speed: 0.2974s/iter; left time: 2273.0410s
	iters: 200, epoch: 72 | loss: 0.0744976
	speed: 0.1124s/iter; left time: 847.9100s
Epoch: 72 cost time: 31.00757622718811
Epoch: 72, Steps: 267 | Train Loss: 0.0716103 Vali Loss: 0.7499118 Test Loss: 1.1797210
EarlyStopping counter: 68 out of 100
Updating learning rate to 6.961986091308869e-08
	iters: 100, epoch: 73 | loss: 0.0741571
	speed: 0.2986s/iter; left time: 2202.8852s
	iters: 200, epoch: 73 | loss: 0.0644908
	speed: 0.1136s/iter; left time: 826.5532s
Epoch: 73 cost time: 31.34079933166504
Epoch: 73, Steps: 267 | Train Loss: 0.0716418 Vali Loss: 0.7488096 Test Loss: 1.1793984
EarlyStopping counter: 69 out of 100
Updating learning rate to 6.265787482177981e-08
	iters: 100, epoch: 74 | loss: 0.0688367
	speed: 0.3003s/iter; left time: 2135.3532s
	iters: 200, epoch: 74 | loss: 0.0684474
	speed: 0.1130s/iter; left time: 791.9948s
Epoch: 74 cost time: 31.219744443893433
Epoch: 74, Steps: 267 | Train Loss: 0.0715457 Vali Loss: 0.7474115 Test Loss: 1.1796746
EarlyStopping counter: 70 out of 100
Updating learning rate to 5.639208733960184e-08
	iters: 100, epoch: 75 | loss: 0.0783027
	speed: 0.3013s/iter; left time: 2062.0689s
	iters: 200, epoch: 75 | loss: 0.0714184
	speed: 0.1131s/iter; left time: 762.8108s
Epoch: 75 cost time: 31.31552004814148
Epoch: 75, Steps: 267 | Train Loss: 0.0715852 Vali Loss: 0.7457308 Test Loss: 1.1821101
EarlyStopping counter: 71 out of 100
Updating learning rate to 5.075287860564165e-08
	iters: 100, epoch: 76 | loss: 0.0677925
	speed: 0.3023s/iter; left time: 1987.6726s
	iters: 200, epoch: 76 | loss: 0.0711501
	speed: 0.1136s/iter; left time: 735.9878s
Epoch: 76 cost time: 31.32040309906006
Epoch: 76, Steps: 267 | Train Loss: 0.0716215 Vali Loss: 0.7461790 Test Loss: 1.1840858
EarlyStopping counter: 72 out of 100
Updating learning rate to 4.567759074507749e-08
	iters: 100, epoch: 77 | loss: 0.0685417
	speed: 0.3012s/iter; left time: 1900.4651s
	iters: 200, epoch: 77 | loss: 0.0702625
	speed: 0.1135s/iter; left time: 704.6240s
Epoch: 77 cost time: 31.3280029296875
Epoch: 77, Steps: 267 | Train Loss: 0.0716226 Vali Loss: 0.7470887 Test Loss: 1.1782880
EarlyStopping counter: 73 out of 100
Updating learning rate to 4.1109831670569744e-08
	iters: 100, epoch: 78 | loss: 0.0767074
	speed: 0.2998s/iter; left time: 1811.4130s
	iters: 200, epoch: 78 | loss: 0.0697598
	speed: 0.1132s/iter; left time: 672.6045s
Epoch: 78 cost time: 31.12783122062683
Epoch: 78, Steps: 267 | Train Loss: 0.0715601 Vali Loss: 0.7467284 Test Loss: 1.1790140
EarlyStopping counter: 74 out of 100
Updating learning rate to 3.6998848503512764e-08
	iters: 100, epoch: 79 | loss: 0.0733753
	speed: 0.3010s/iter; left time: 1738.4436s
	iters: 200, epoch: 79 | loss: 0.0689805
	speed: 0.1129s/iter; left time: 640.7520s
Epoch: 79 cost time: 31.165879249572754
Epoch: 79, Steps: 267 | Train Loss: 0.0715742 Vali Loss: 0.7474447 Test Loss: 1.1811258
EarlyStopping counter: 75 out of 100
Updating learning rate to 3.3298963653161496e-08
	iters: 100, epoch: 80 | loss: 0.0734928
	speed: 0.3001s/iter; left time: 1653.2028s
	iters: 200, epoch: 80 | loss: 0.0752156
	speed: 0.1134s/iter; left time: 613.4457s
Epoch: 80 cost time: 31.263166427612305
Epoch: 80, Steps: 267 | Train Loss: 0.0715941 Vali Loss: 0.7448111 Test Loss: 1.1747853
EarlyStopping counter: 76 out of 100
Updating learning rate to 2.996906728784534e-08
	iters: 100, epoch: 81 | loss: 0.0680399
	speed: 0.3005s/iter; left time: 1574.6793s
	iters: 200, epoch: 81 | loss: 0.0779146
	speed: 0.1132s/iter; left time: 582.0294s
Epoch: 81 cost time: 31.26840353012085
Epoch: 81, Steps: 267 | Train Loss: 0.0715561 Vali Loss: 0.7480304 Test Loss: 1.1788857
EarlyStopping counter: 77 out of 100
Updating learning rate to 2.697216055906081e-08
	iters: 100, epoch: 82 | loss: 0.0714487
	speed: 0.3012s/iter; left time: 1498.1072s
	iters: 200, epoch: 82 | loss: 0.0729332
	speed: 0.1136s/iter; left time: 553.7476s
Epoch: 82 cost time: 31.099565744400024
Epoch: 82, Steps: 267 | Train Loss: 0.0716048 Vali Loss: 0.7477261 Test Loss: 1.1825455
EarlyStopping counter: 78 out of 100
Updating learning rate to 2.427494450315473e-08
	iters: 100, epoch: 83 | loss: 0.0727058
	speed: 0.3010s/iter; left time: 1416.8923s
	iters: 200, epoch: 83 | loss: 0.0762439
	speed: 0.1136s/iter; left time: 523.5491s
Epoch: 83 cost time: 31.283522129058838
Epoch: 83, Steps: 267 | Train Loss: 0.0715823 Vali Loss: 0.7479941 Test Loss: 1.1787997
EarlyStopping counter: 79 out of 100
Updating learning rate to 2.1847450052839257e-08
	iters: 100, epoch: 84 | loss: 0.0688246
	speed: 0.3022s/iter; left time: 1341.5635s
	iters: 200, epoch: 84 | loss: 0.0669740
	speed: 0.1142s/iter; left time: 495.6869s
Epoch: 84 cost time: 31.446170568466187
Epoch: 84, Steps: 267 | Train Loss: 0.0715519 Vali Loss: 0.7443756 Test Loss: 1.1762614
EarlyStopping counter: 80 out of 100
Updating learning rate to 1.9662705047555332e-08
	iters: 100, epoch: 85 | loss: 0.0744247
	speed: 0.3021s/iter; left time: 1260.5734s
	iters: 200, epoch: 85 | loss: 0.0729236
	speed: 0.1137s/iter; left time: 463.2950s
Epoch: 85 cost time: 31.29889225959778
Epoch: 85, Steps: 267 | Train Loss: 0.0715778 Vali Loss: 0.7470979 Test Loss: 1.1831011
EarlyStopping counter: 81 out of 100
Updating learning rate to 1.7696434542799797e-08
	iters: 100, epoch: 86 | loss: 0.0676290
	speed: 0.3003s/iter; left time: 1173.1663s
	iters: 200, epoch: 86 | loss: 0.0754205
	speed: 0.1138s/iter; left time: 433.2278s
Epoch: 86 cost time: 31.29672145843506
Epoch: 86, Steps: 267 | Train Loss: 0.0716321 Vali Loss: 0.7458898 Test Loss: 1.1800046
EarlyStopping counter: 82 out of 100
Updating learning rate to 1.5926791088519817e-08
	iters: 100, epoch: 87 | loss: 0.0715644
	speed: 0.3022s/iter; left time: 1099.7699s
	iters: 200, epoch: 87 | loss: 0.0750804
	speed: 0.1129s/iter; left time: 399.3991s
Epoch: 87 cost time: 31.091394662857056
Epoch: 87, Steps: 267 | Train Loss: 0.0715335 Vali Loss: 0.7475950 Test Loss: 1.1757245
EarlyStopping counter: 83 out of 100
Updating learning rate to 1.4334111979667836e-08
	iters: 100, epoch: 88 | loss: 0.0754871
	speed: 0.2977s/iter; left time: 1003.7989s
	iters: 200, epoch: 88 | loss: 0.0748094
	speed: 0.1127s/iter; left time: 368.8734s
Epoch: 88 cost time: 31.099130868911743
Epoch: 88, Steps: 267 | Train Loss: 0.0715406 Vali Loss: 0.7459570 Test Loss: 1.1787113
EarlyStopping counter: 84 out of 100
Updating learning rate to 1.2900700781701054e-08
	iters: 100, epoch: 89 | loss: 0.0711418
	speed: 0.3008s/iter; left time: 933.8532s
	iters: 200, epoch: 89 | loss: 0.0692969
	speed: 0.1127s/iter; left time: 338.7791s
Epoch: 89 cost time: 31.111592531204224
Epoch: 89, Steps: 267 | Train Loss: 0.0715668 Vali Loss: 0.7492073 Test Loss: 1.1807567
EarlyStopping counter: 85 out of 100
Updating learning rate to 1.161063070353095e-08
	iters: 100, epoch: 90 | loss: 0.0690582
	speed: 0.3013s/iter; left time: 855.0022s
	iters: 200, epoch: 90 | loss: 0.0711943
	speed: 0.1127s/iter; left time: 308.5838s
Epoch: 90 cost time: 31.237956047058105
Epoch: 90, Steps: 267 | Train Loss: 0.0715451 Vali Loss: 0.7472091 Test Loss: 1.1835128
EarlyStopping counter: 86 out of 100
Updating learning rate to 1.0449567633177854e-08
	iters: 100, epoch: 91 | loss: 0.0690165
	speed: 0.3012s/iter; left time: 774.3208s
	iters: 200, epoch: 91 | loss: 0.0729916
	speed: 0.1124s/iter; left time: 277.7811s
Epoch: 91 cost time: 31.179657220840454
Epoch: 91, Steps: 267 | Train Loss: 0.0714592 Vali Loss: 0.7488266 Test Loss: 1.1803303
EarlyStopping counter: 87 out of 100
Updating learning rate to 9.404610869860069e-09
	iters: 100, epoch: 92 | loss: 0.0711896
	speed: 0.2994s/iter; left time: 689.8793s
	iters: 200, epoch: 92 | loss: 0.0709369
	speed: 0.1129s/iter; left time: 248.9026s
Epoch: 92 cost time: 31.165740251541138
Epoch: 92, Steps: 267 | Train Loss: 0.0715536 Vali Loss: 0.7478907 Test Loss: 1.1803919
EarlyStopping counter: 88 out of 100
Updating learning rate to 8.464149782874063e-09
	iters: 100, epoch: 93 | loss: 0.0718595
	speed: 0.2985s/iter; left time: 608.0100s
	iters: 200, epoch: 93 | loss: 0.0761505
	speed: 0.1124s/iter; left time: 217.6377s
Epoch: 93 cost time: 31.050206184387207
Epoch: 93, Steps: 267 | Train Loss: 0.0715682 Vali Loss: 0.7464724 Test Loss: 1.1762576
EarlyStopping counter: 89 out of 100
Updating learning rate to 7.617734804586658e-09
	iters: 100, epoch: 94 | loss: 0.0734886
	speed: 0.3009s/iter; left time: 532.5946s
	iters: 200, epoch: 94 | loss: 0.0649151
	speed: 0.1139s/iter; left time: 190.2924s
Epoch: 94 cost time: 31.461856365203857
Epoch: 94, Steps: 267 | Train Loss: 0.0715559 Vali Loss: 0.7472103 Test Loss: 1.1795341
EarlyStopping counter: 90 out of 100
Updating learning rate to 6.855961324127991e-09
	iters: 100, epoch: 95 | loss: 0.0722066
	speed: 0.3028s/iter; left time: 455.1694s
	iters: 200, epoch: 95 | loss: 0.0733282
	speed: 0.1137s/iter; left time: 159.5480s
Epoch: 95 cost time: 31.418185472488403
Epoch: 95, Steps: 267 | Train Loss: 0.0715736 Vali Loss: 0.7472120 Test Loss: 1.1842079
EarlyStopping counter: 91 out of 100
Updating learning rate to 6.170365191715193e-09
	iters: 100, epoch: 96 | loss: 0.0748093
	speed: 0.3017s/iter; left time: 372.8807s
	iters: 200, epoch: 96 | loss: 0.0723844
	speed: 0.1135s/iter; left time: 128.9433s
Epoch: 96 cost time: 31.283952474594116
Epoch: 96, Steps: 267 | Train Loss: 0.0715627 Vali Loss: 0.7474114 Test Loss: 1.1800960
EarlyStopping counter: 92 out of 100
Updating learning rate to 5.5533286725436726e-09
	iters: 100, epoch: 97 | loss: 0.0691918
	speed: 0.3002s/iter; left time: 290.8974s
	iters: 200, epoch: 97 | loss: 0.0731234
	speed: 0.1139s/iter; left time: 98.9566s
Epoch: 97 cost time: 31.187082767486572
Epoch: 97, Steps: 267 | Train Loss: 0.0715275 Vali Loss: 0.7471927 Test Loss: 1.1856647
EarlyStopping counter: 93 out of 100
Updating learning rate to 4.997995805289306e-09
	iters: 100, epoch: 98 | loss: 0.0683943
	speed: 0.3018s/iter; left time: 211.8758s
	iters: 200, epoch: 98 | loss: 0.0693584
	speed: 0.1137s/iter; left time: 68.4695s
Epoch: 98 cost time: 31.388790130615234
Epoch: 98, Steps: 267 | Train Loss: 0.0715604 Vali Loss: 0.7452639 Test Loss: 1.1823105
EarlyStopping counter: 94 out of 100
Updating learning rate to 4.498196224760375e-09
	iters: 100, epoch: 99 | loss: 0.0789325
	speed: 0.3023s/iter; left time: 131.4926s
	iters: 200, epoch: 99 | loss: 0.0691533
	speed: 0.1135s/iter; left time: 38.0290s
Epoch: 99 cost time: 31.338829517364502
Epoch: 99, Steps: 267 | Train Loss: 0.0715524 Vali Loss: 0.7474104 Test Loss: 1.1831975
EarlyStopping counter: 95 out of 100
Updating learning rate to 4.048376602284338e-09
	iters: 100, epoch: 100 | loss: 0.0681270
	speed: 0.3013s/iter; left time: 50.6224s
	iters: 200, epoch: 100 | loss: 0.0743666
	speed: 0.1135s/iter; left time: 7.7194s
Epoch: 100 cost time: 31.329280376434326
Epoch: 100, Steps: 267 | Train Loss: 0.0715097 Vali Loss: 0.7448335 Test Loss: 1.1831037
EarlyStopping counter: 96 out of 100
Updating learning rate to 3.643538942055904e-09
>>>>>>>testing : ETTm2_96_192_Informer_ETTm2_ftM_sl96_ll48_pl192_dm512_nh8_el2_dl1_df2048_fc3_ebtimeF_dtTrue_Exp_0<<<<<<<<<<<<<<<<<<<<<<<<<<<<<<<<<
test 11329
mse:0.6660851240158081, mae:0.6289588809013367, rse:0.6595889329910278
