Args in experiment:
Namespace(activation='gelu', affine=0, batch_size=128, c_out=862, checkpoints='./checkpoints/', d_ff=2048, d_layers=1, d_model=512, data='custom', data_path='traffic.csv', dec_in=862, decomposition=0, des='Exp', devices='0,1,2,3', distil=True, do_predict=False, dropout=0.05, e_layers=2, embed='timeF', embed_type=0, enc_in=862, factor=3, fc_dropout=0.05, features='M', freq='h', gpu=0, head_dropout=0.0, individual=0, is_training=1, itr=1, kernel_size=25, label_len=48, learning_rate=0.0001, loss='mse', lradj='type3', model='Informer', model_id='traffic_96_192', moving_avg=25, n_heads=8, num_workers=4, output_attention=False, padding_patch='end', patch_len=16, patience=100, pct_start=0.3, pred_len=192, random_seed=2021, revin=1, root_path='./dataset/', seq_len=96, stride=8, subtract_last=0, target='OT', test_flop=False, train_epochs=3, use_amp=False, use_gpu=True, use_multi_gpu=False)
Use GPU: cuda:0
>>>>>>>start training : traffic_96_192_Informer_custom_ftM_sl96_ll48_pl192_dm512_nh8_el2_dl1_df2048_fc3_ebtimeF_dtTrue_Exp_0>>>>>>>>>>>>>>>>>>>>>>>>>>
train 11993
val 1565
test 3317
Epoch: 1 cost time: 21.982491970062256
Epoch: 1, Steps: 93 | Train Loss: 1.2633378 Vali Loss: 1.4885575 Test Loss: 1.6977265
Validation loss decreased (inf --> 1.488557).  Saving model ...
Updating learning rate to 0.0001
Epoch: 2 cost time: 21.938816785812378
Epoch: 2, Steps: 93 | Train Loss: 0.9917268 Vali Loss: 1.2003294 Test Loss: 1.3936379
Validation loss decreased (1.488557 --> 1.200329).  Saving model ...
Updating learning rate to 0.0001
Epoch: 3 cost time: 21.627696752548218
Epoch: 3, Steps: 93 | Train Loss: 0.8728215 Vali Loss: 1.1731747 Test Loss: 1.3634304
Validation loss decreased (1.200329 --> 1.173175).  Saving model ...
Updating learning rate to 0.0001
>>>>>>>testing : traffic_96_192_Informer_custom_ftM_sl96_ll48_pl192_dm512_nh8_el2_dl1_df2048_fc3_ebtimeF_dtTrue_Exp_0<<<<<<<<<<<<<<<<<<<<<<<<<<<<<<<<<
test 3317
mse:1.3630660772323608, mae:0.7385316491127014, rse:0.9574742913246155
