Args in experiment:
Namespace(activation='gelu', affine=0, batch_size=128, c_out=7, checkpoints='./checkpoints/', d_ff=2048, d_layers=1, d_model=512, data='ETTm1', data_path='ETTm1.csv', dec_in=7, decomposition=0, des='Exp', devices='0,1,2,3', distil=True, do_predict=False, dropout=0.05, e_layers=2, embed='timeF', embed_type=0, enc_in=7, factor=3, fc_dropout=0.05, features='M', freq='h', gpu=0, head_dropout=0.0, individual=0, is_training=1, itr=1, kernel_size=25, label_len=48, learning_rate=0.0001, loss='mse', lradj='type3', model='Informer', model_id='ETTm1_96_336', moving_avg=25, n_heads=8, num_workers=4, output_attention=False, padding_patch='end', patch_len=16, patience=100, pct_start=0.3, pred_len=336, random_seed=2021, revin=1, root_path='./dataset/', seq_len=96, stride=8, subtract_last=0, target='OT', test_flop=False, train_epochs=100, use_amp=False, use_gpu=True, use_multi_gpu=False)
Use GPU: cuda:0
>>>>>>>start training : ETTm1_96_336_Informer_ETTm1_ftM_sl96_ll48_pl336_dm512_nh8_el2_dl1_df2048_fc3_ebtimeF_dtTrue_Exp_0>>>>>>>>>>>>>>>>>>>>>>>>>>
train 34129
val 11185
test 11185
	iters: 100, epoch: 1 | loss: 0.6519896
	speed: 0.1565s/iter; left time: 4146.4398s
	iters: 200, epoch: 1 | loss: 0.5481386
	speed: 0.1504s/iter; left time: 3969.6574s
Epoch: 1 cost time: 40.82408618927002
Epoch: 1, Steps: 266 | Train Loss: 0.6846288 Vali Loss: 1.0731694 Test Loss: 0.8340923
Validation loss decreased (inf --> 1.073169).  Saving model ...
Updating learning rate to 0.0001
	iters: 100, epoch: 2 | loss: 0.4579536
	speed: 0.3805s/iter; left time: 9983.5885s
	iters: 200, epoch: 2 | loss: 0.3950087
	speed: 0.1504s/iter; left time: 3932.0080s
Epoch: 2 cost time: 40.75516653060913
Epoch: 2, Steps: 266 | Train Loss: 0.4335118 Vali Loss: 1.0317340 Test Loss: 0.9301409
Validation loss decreased (1.073169 --> 1.031734).  Saving model ...
Updating learning rate to 0.0001
	iters: 100, epoch: 3 | loss: 0.3663761
	speed: 0.3826s/iter; left time: 9935.4955s
	iters: 200, epoch: 3 | loss: 0.3184956
	speed: 0.1511s/iter; left time: 3908.0143s
Epoch: 3 cost time: 40.97584056854248
Epoch: 3, Steps: 266 | Train Loss: 0.3597461 Vali Loss: 1.0289782 Test Loss: 1.0688039
Validation loss decreased (1.031734 --> 1.028978).  Saving model ...
Updating learning rate to 0.0001
	iters: 100, epoch: 4 | loss: 0.2897568
	speed: 0.3823s/iter; left time: 9826.8647s
	iters: 200, epoch: 4 | loss: 0.2931052
	speed: 0.1504s/iter; left time: 3851.3652s
Epoch: 4 cost time: 40.78962802886963
Epoch: 4, Steps: 266 | Train Loss: 0.2994731 Vali Loss: 1.0777044 Test Loss: 1.2155956
EarlyStopping counter: 1 out of 100
Updating learning rate to 9e-05
	iters: 100, epoch: 5 | loss: 0.2758219
	speed: 0.3777s/iter; left time: 9608.7196s
	iters: 200, epoch: 5 | loss: 0.2497223
	speed: 0.1501s/iter; left time: 3803.0507s
Epoch: 5 cost time: 40.69631338119507
Epoch: 5, Steps: 266 | Train Loss: 0.2668284 Vali Loss: 1.1329808 Test Loss: 1.2228297
EarlyStopping counter: 2 out of 100
Updating learning rate to 8.1e-05
	iters: 100, epoch: 6 | loss: 0.2393118
	speed: 0.3823s/iter; left time: 9622.7362s
	iters: 200, epoch: 6 | loss: 0.2354182
	speed: 0.1506s/iter; left time: 3775.2365s
Epoch: 6 cost time: 40.788926124572754
Epoch: 6, Steps: 266 | Train Loss: 0.2410881 Vali Loss: 1.1618471 Test Loss: 1.2896016
EarlyStopping counter: 3 out of 100
Updating learning rate to 7.290000000000001e-05
	iters: 100, epoch: 7 | loss: 0.2229681
	speed: 0.3789s/iter; left time: 9437.5114s
	iters: 200, epoch: 7 | loss: 0.2181819
	speed: 0.1515s/iter; left time: 3758.6231s
Epoch: 7 cost time: 40.88505291938782
Epoch: 7, Steps: 266 | Train Loss: 0.2198235 Vali Loss: 1.1745493 Test Loss: 1.2259967
EarlyStopping counter: 4 out of 100
Updating learning rate to 6.561e-05
	iters: 100, epoch: 8 | loss: 0.2039653
	speed: 0.3820s/iter; left time: 9413.2951s
	iters: 200, epoch: 8 | loss: 0.2077131
	speed: 0.1504s/iter; left time: 3691.4258s
Epoch: 8 cost time: 40.8853542804718
Epoch: 8, Steps: 266 | Train Loss: 0.2039246 Vali Loss: 1.1965532 Test Loss: 1.2710856
EarlyStopping counter: 5 out of 100
Updating learning rate to 5.904900000000001e-05
	iters: 100, epoch: 9 | loss: 0.1843587
	speed: 0.3812s/iter; left time: 9290.6106s
	iters: 200, epoch: 9 | loss: 0.1909800
	speed: 0.1501s/iter; left time: 3643.2214s
Epoch: 9 cost time: 40.64534401893616
Epoch: 9, Steps: 266 | Train Loss: 0.1892035 Vali Loss: 1.2109040 Test Loss: 1.2746483
EarlyStopping counter: 6 out of 100
Updating learning rate to 5.3144100000000005e-05
	iters: 100, epoch: 10 | loss: 0.1826210
	speed: 0.3836s/iter; left time: 9247.5289s
	iters: 200, epoch: 10 | loss: 0.1812191
	speed: 0.1501s/iter; left time: 3603.3473s
Epoch: 10 cost time: 40.84745526313782
Epoch: 10, Steps: 266 | Train Loss: 0.1772028 Vali Loss: 1.2040042 Test Loss: 1.2343916
EarlyStopping counter: 7 out of 100
Updating learning rate to 4.782969000000001e-05
	iters: 100, epoch: 11 | loss: 0.1663143
	speed: 0.3803s/iter; left time: 9066.7375s
	iters: 200, epoch: 11 | loss: 0.1638665
	speed: 0.1502s/iter; left time: 3566.8997s
Epoch: 11 cost time: 40.81604743003845
Epoch: 11, Steps: 266 | Train Loss: 0.1671609 Vali Loss: 1.1813097 Test Loss: 1.2308469
EarlyStopping counter: 8 out of 100
Updating learning rate to 4.304672100000001e-05
	iters: 100, epoch: 12 | loss: 0.1586815
	speed: 0.3796s/iter; left time: 8950.0745s
	iters: 200, epoch: 12 | loss: 0.1549549
	speed: 0.1504s/iter; left time: 3530.3509s
Epoch: 12 cost time: 40.72090172767639
Epoch: 12, Steps: 266 | Train Loss: 0.1582674 Vali Loss: 1.1926094 Test Loss: 1.1924278
EarlyStopping counter: 9 out of 100
Updating learning rate to 3.874204890000001e-05
	iters: 100, epoch: 13 | loss: 0.1460262
	speed: 0.3825s/iter; left time: 8914.8220s
	iters: 200, epoch: 13 | loss: 0.1505307
	speed: 0.1507s/iter; left time: 3498.5812s
Epoch: 13 cost time: 41.00046133995056
Epoch: 13, Steps: 266 | Train Loss: 0.1502870 Vali Loss: 1.1930082 Test Loss: 1.1801146
EarlyStopping counter: 10 out of 100
Updating learning rate to 3.486784401000001e-05
	iters: 100, epoch: 14 | loss: 0.1492203
	speed: 0.3797s/iter; left time: 8749.9957s
	iters: 200, epoch: 14 | loss: 0.1380055
	speed: 0.1507s/iter; left time: 3458.1661s
Epoch: 14 cost time: 40.83381772041321
Epoch: 14, Steps: 266 | Train Loss: 0.1444160 Vali Loss: 1.1884427 Test Loss: 1.1710202
EarlyStopping counter: 11 out of 100
Updating learning rate to 3.138105960900001e-05
	iters: 100, epoch: 15 | loss: 0.1419987
	speed: 0.3823s/iter; left time: 8708.6547s
	iters: 200, epoch: 15 | loss: 0.1372477
	speed: 0.1510s/iter; left time: 3423.5130s
Epoch: 15 cost time: 40.90590572357178
Epoch: 15, Steps: 266 | Train Loss: 0.1385891 Vali Loss: 1.1683362 Test Loss: 1.1549805
EarlyStopping counter: 12 out of 100
Updating learning rate to 2.824295364810001e-05
	iters: 100, epoch: 16 | loss: 0.1353269
	speed: 0.3807s/iter; left time: 8569.7011s
	iters: 200, epoch: 16 | loss: 0.1330686
	speed: 0.1504s/iter; left time: 3371.0181s
Epoch: 16 cost time: 40.78717637062073
Epoch: 16, Steps: 266 | Train Loss: 0.1341927 Vali Loss: 1.1872420 Test Loss: 1.1280135
EarlyStopping counter: 13 out of 100
Updating learning rate to 2.541865828329001e-05
	iters: 100, epoch: 17 | loss: 0.1320376
	speed: 0.3856s/iter; left time: 8577.1502s
	iters: 200, epoch: 17 | loss: 0.1299985
	speed: 0.1505s/iter; left time: 3332.4550s
Epoch: 17 cost time: 41.01601433753967
Epoch: 17, Steps: 266 | Train Loss: 0.1305653 Vali Loss: 1.1886616 Test Loss: 1.1506131
EarlyStopping counter: 14 out of 100
Updating learning rate to 2.287679245496101e-05
	iters: 100, epoch: 18 | loss: 0.1300365
	speed: 0.3810s/iter; left time: 8373.1473s
	iters: 200, epoch: 18 | loss: 0.1247785
	speed: 0.1505s/iter; left time: 3293.5993s
Epoch: 18 cost time: 40.88861870765686
Epoch: 18, Steps: 266 | Train Loss: 0.1268884 Vali Loss: 1.2010897 Test Loss: 1.1406590
EarlyStopping counter: 15 out of 100
Updating learning rate to 2.0589113209464907e-05
	iters: 100, epoch: 19 | loss: 0.1282537
	speed: 0.3812s/iter; left time: 8277.9504s
	iters: 200, epoch: 19 | loss: 0.1242407
	speed: 0.1506s/iter; left time: 3255.1863s
Epoch: 19 cost time: 40.86177587509155
Epoch: 19, Steps: 266 | Train Loss: 0.1240989 Vali Loss: 1.1946868 Test Loss: 1.1286138
EarlyStopping counter: 16 out of 100
Updating learning rate to 1.8530201888518416e-05
	iters: 100, epoch: 20 | loss: 0.1225933
	speed: 0.3813s/iter; left time: 8176.7888s
	iters: 200, epoch: 20 | loss: 0.1208631
	speed: 0.1504s/iter; left time: 3210.0325s
Epoch: 20 cost time: 40.806968212127686
Epoch: 20, Steps: 266 | Train Loss: 0.1216058 Vali Loss: 1.1912229 Test Loss: 1.1090053
EarlyStopping counter: 17 out of 100
Updating learning rate to 1.6677181699666577e-05
	iters: 100, epoch: 21 | loss: 0.1206909
	speed: 0.3806s/iter; left time: 8061.2923s
	iters: 200, epoch: 21 | loss: 0.1200641
	speed: 0.1504s/iter; left time: 3170.2229s
Epoch: 21 cost time: 40.738312005996704
Epoch: 21, Steps: 266 | Train Loss: 0.1195728 Vali Loss: 1.2011975 Test Loss: 1.1164566
EarlyStopping counter: 18 out of 100
Updating learning rate to 1.5009463529699919e-05
	iters: 100, epoch: 22 | loss: 0.1190338
	speed: 0.3805s/iter; left time: 7957.2544s
	iters: 200, epoch: 22 | loss: 0.1166860
	speed: 0.1501s/iter; left time: 3123.6249s
Epoch: 22 cost time: 40.762898445129395
Epoch: 22, Steps: 266 | Train Loss: 0.1178055 Vali Loss: 1.2010814 Test Loss: 1.1097026
EarlyStopping counter: 19 out of 100
Updating learning rate to 1.3508517176729929e-05
	iters: 100, epoch: 23 | loss: 0.1170938
	speed: 0.3788s/iter; left time: 7821.3544s
	iters: 200, epoch: 23 | loss: 0.1149400
	speed: 0.1502s/iter; left time: 3086.4893s
Epoch: 23 cost time: 40.6720917224884
Epoch: 23, Steps: 266 | Train Loss: 0.1161015 Vali Loss: 1.1995461 Test Loss: 1.1099894
EarlyStopping counter: 20 out of 100
Updating learning rate to 1.2157665459056936e-05
	iters: 100, epoch: 24 | loss: 0.1161863
	speed: 0.3811s/iter; left time: 7767.3252s
	iters: 200, epoch: 24 | loss: 0.1153083
	speed: 0.1504s/iter; left time: 3050.7208s
Epoch: 24 cost time: 40.812073945999146
Epoch: 24, Steps: 266 | Train Loss: 0.1147813 Vali Loss: 1.2035743 Test Loss: 1.1237745
EarlyStopping counter: 21 out of 100
Updating learning rate to 1.0941898913151242e-05
	iters: 100, epoch: 25 | loss: 0.1109542
	speed: 0.3799s/iter; left time: 7643.2822s
	iters: 200, epoch: 25 | loss: 0.1144398
	speed: 0.1507s/iter; left time: 3016.9986s
Epoch: 25 cost time: 40.880743741989136
Epoch: 25, Steps: 266 | Train Loss: 0.1133354 Vali Loss: 1.2000992 Test Loss: 1.1006620
EarlyStopping counter: 22 out of 100
Updating learning rate to 9.847709021836118e-06
	iters: 100, epoch: 26 | loss: 0.1103214
	speed: 0.3864s/iter; left time: 7669.6379s
	iters: 200, epoch: 26 | loss: 0.1122928
	speed: 0.1536s/iter; left time: 3033.2797s
Epoch: 26 cost time: 41.687368869781494
Epoch: 26, Steps: 266 | Train Loss: 0.1121838 Vali Loss: 1.2006660 Test Loss: 1.1103191
EarlyStopping counter: 23 out of 100
Updating learning rate to 8.862938119652508e-06
	iters: 100, epoch: 27 | loss: 0.1067364
	speed: 0.3852s/iter; left time: 7545.0262s
	iters: 200, epoch: 27 | loss: 0.1116358
	speed: 0.1502s/iter; left time: 2926.7313s
Epoch: 27 cost time: 40.708133697509766
Epoch: 27, Steps: 266 | Train Loss: 0.1112406 Vali Loss: 1.1892514 Test Loss: 1.0998882
EarlyStopping counter: 24 out of 100
Updating learning rate to 7.976644307687255e-06
	iters: 100, epoch: 28 | loss: 0.1134364
	speed: 0.3810s/iter; left time: 7361.2799s
	iters: 200, epoch: 28 | loss: 0.1087160
	speed: 0.1508s/iter; left time: 2897.8437s
Epoch: 28 cost time: 40.93865156173706
Epoch: 28, Steps: 266 | Train Loss: 0.1105170 Vali Loss: 1.1976045 Test Loss: 1.0873969
EarlyStopping counter: 25 out of 100
Updating learning rate to 7.178979876918531e-06
	iters: 100, epoch: 29 | loss: 0.1091546
	speed: 0.3817s/iter; left time: 7272.3811s
	iters: 200, epoch: 29 | loss: 0.1078242
	speed: 0.1513s/iter; left time: 2867.2740s
Epoch: 29 cost time: 40.95972800254822
Epoch: 29, Steps: 266 | Train Loss: 0.1095517 Vali Loss: 1.1959550 Test Loss: 1.0982907
EarlyStopping counter: 26 out of 100
Updating learning rate to 6.4610818892266776e-06
	iters: 100, epoch: 30 | loss: 0.1120000
	speed: 0.3804s/iter; left time: 7146.2444s
	iters: 200, epoch: 30 | loss: 0.1090477
	speed: 0.1502s/iter; left time: 2807.1636s
Epoch: 30 cost time: 40.707669496536255
Epoch: 30, Steps: 266 | Train Loss: 0.1088170 Vali Loss: 1.1938331 Test Loss: 1.0785195
EarlyStopping counter: 27 out of 100
Updating learning rate to 5.8149737003040096e-06
	iters: 100, epoch: 31 | loss: 0.1031308
	speed: 0.3805s/iter; left time: 7047.5562s
	iters: 200, epoch: 31 | loss: 0.1098367
	speed: 0.1542s/iter; left time: 2841.3700s
Epoch: 31 cost time: 41.375770807266235
Epoch: 31, Steps: 266 | Train Loss: 0.1081380 Vali Loss: 1.1973507 Test Loss: 1.1011814
EarlyStopping counter: 28 out of 100
Updating learning rate to 5.23347633027361e-06
	iters: 100, epoch: 32 | loss: 0.1041359
	speed: 0.3790s/iter; left time: 6918.3277s
	iters: 200, epoch: 32 | loss: 0.1027572
	speed: 0.1503s/iter; left time: 2727.8872s
Epoch: 32 cost time: 40.716460943222046
Epoch: 32, Steps: 266 | Train Loss: 0.1075098 Vali Loss: 1.2033195 Test Loss: 1.1023350
EarlyStopping counter: 29 out of 100
Updating learning rate to 4.710128697246249e-06
	iters: 100, epoch: 33 | loss: 0.1060109
	speed: 0.3805s/iter; left time: 6845.6192s
	iters: 200, epoch: 33 | loss: 0.1117738
	speed: 0.1504s/iter; left time: 2690.8315s
Epoch: 33 cost time: 40.750839948654175
Epoch: 33, Steps: 266 | Train Loss: 0.1069453 Vali Loss: 1.1963974 Test Loss: 1.0867906
EarlyStopping counter: 30 out of 100
Updating learning rate to 4.239115827521624e-06
	iters: 100, epoch: 34 | loss: 0.1041100
	speed: 0.3819s/iter; left time: 6768.7008s
	iters: 200, epoch: 34 | loss: 0.1058963
	speed: 0.1507s/iter; left time: 2655.1243s
Epoch: 34 cost time: 40.87550926208496
Epoch: 34, Steps: 266 | Train Loss: 0.1063665 Vali Loss: 1.2054579 Test Loss: 1.0922241
EarlyStopping counter: 31 out of 100
Updating learning rate to 3.815204244769462e-06
	iters: 100, epoch: 35 | loss: 0.1060987
	speed: 0.3837s/iter; left time: 6698.6195s
	iters: 200, epoch: 35 | loss: 0.1050207
	speed: 0.1508s/iter; left time: 2618.1274s
Epoch: 35 cost time: 40.982460021972656
Epoch: 35, Steps: 266 | Train Loss: 0.1061007 Vali Loss: 1.1987218 Test Loss: 1.0938331
EarlyStopping counter: 32 out of 100
Updating learning rate to 3.4336838202925152e-06
	iters: 100, epoch: 36 | loss: 0.1061850
	speed: 0.3800s/iter; left time: 6532.7139s
	iters: 200, epoch: 36 | loss: 0.1043170
	speed: 0.1520s/iter; left time: 2597.8051s
Epoch: 36 cost time: 40.9614315032959
Epoch: 36, Steps: 266 | Train Loss: 0.1056634 Vali Loss: 1.1983998 Test Loss: 1.0851285
EarlyStopping counter: 33 out of 100
Updating learning rate to 3.090315438263264e-06
	iters: 100, epoch: 37 | loss: 0.1060416
	speed: 0.3806s/iter; left time: 6441.7912s
	iters: 200, epoch: 37 | loss: 0.1066206
	speed: 0.1500s/iter; left time: 2524.4640s
Epoch: 37 cost time: 40.62602162361145
Epoch: 37, Steps: 266 | Train Loss: 0.1052936 Vali Loss: 1.2017158 Test Loss: 1.0871639
EarlyStopping counter: 34 out of 100
Updating learning rate to 2.7812838944369375e-06
	iters: 100, epoch: 38 | loss: 0.1030564
	speed: 0.3780s/iter; left time: 6297.4927s
	iters: 200, epoch: 38 | loss: 0.1043217
	speed: 0.1501s/iter; left time: 2485.3632s
Epoch: 38 cost time: 40.851638078689575
Epoch: 38, Steps: 266 | Train Loss: 0.1049560 Vali Loss: 1.2069541 Test Loss: 1.0945990
EarlyStopping counter: 35 out of 100
Updating learning rate to 2.503155504993244e-06
	iters: 100, epoch: 39 | loss: 0.1048431
	speed: 0.3816s/iter; left time: 6255.7568s
	iters: 200, epoch: 39 | loss: 0.1077281
	speed: 0.1503s/iter; left time: 2448.0426s
Epoch: 39 cost time: 40.773966789245605
Epoch: 39, Steps: 266 | Train Loss: 0.1046432 Vali Loss: 1.2060512 Test Loss: 1.0880772
EarlyStopping counter: 36 out of 100
Updating learning rate to 2.2528399544939195e-06
	iters: 100, epoch: 40 | loss: 0.1049561
	speed: 0.3803s/iter; left time: 6132.9757s
	iters: 200, epoch: 40 | loss: 0.1080998
	speed: 0.1500s/iter; left time: 2403.3557s
Epoch: 40 cost time: 40.775046825408936
Epoch: 40, Steps: 266 | Train Loss: 0.1044388 Vali Loss: 1.2014259 Test Loss: 1.0935967
EarlyStopping counter: 37 out of 100
Updating learning rate to 2.0275559590445276e-06
	iters: 100, epoch: 41 | loss: 0.1044423
	speed: 0.3804s/iter; left time: 6034.1006s
	iters: 200, epoch: 41 | loss: 0.1025677
	speed: 0.1503s/iter; left time: 2369.0692s
Epoch: 41 cost time: 40.814090728759766
Epoch: 41, Steps: 266 | Train Loss: 0.1042193 Vali Loss: 1.2050760 Test Loss: 1.0918100
EarlyStopping counter: 38 out of 100
Updating learning rate to 1.8248003631400751e-06
	iters: 100, epoch: 42 | loss: 0.1060612
	speed: 0.3827s/iter; left time: 5967.6114s
	iters: 200, epoch: 42 | loss: 0.1051958
	speed: 0.1534s/iter; left time: 2376.2170s
Epoch: 42 cost time: 41.370466470718384
Epoch: 42, Steps: 266 | Train Loss: 0.1039120 Vali Loss: 1.2034835 Test Loss: 1.0906737
EarlyStopping counter: 39 out of 100
Updating learning rate to 1.6423203268260676e-06
	iters: 100, epoch: 43 | loss: 0.1024001
	speed: 0.3813s/iter; left time: 5844.8046s
	iters: 200, epoch: 43 | loss: 0.1014958
	speed: 0.1509s/iter; left time: 2297.5931s
Epoch: 43 cost time: 40.908599853515625
Epoch: 43, Steps: 266 | Train Loss: 0.1038075 Vali Loss: 1.2043999 Test Loss: 1.0918924
EarlyStopping counter: 40 out of 100
Updating learning rate to 1.4780882941434609e-06
	iters: 100, epoch: 44 | loss: 0.1061833
	speed: 0.3808s/iter; left time: 5735.6575s
	iters: 200, epoch: 44 | loss: 0.1017271
	speed: 0.1503s/iter; left time: 2249.6122s
Epoch: 44 cost time: 40.811158418655396
Epoch: 44, Steps: 266 | Train Loss: 0.1036777 Vali Loss: 1.2031922 Test Loss: 1.0858217
EarlyStopping counter: 41 out of 100
Updating learning rate to 1.3302794647291146e-06
	iters: 100, epoch: 45 | loss: 0.0999634
	speed: 0.3844s/iter; left time: 5688.1902s
	iters: 200, epoch: 45 | loss: 0.1027581
	speed: 0.1504s/iter; left time: 2210.8956s
Epoch: 45 cost time: 41.12195324897766
Epoch: 45, Steps: 266 | Train Loss: 0.1035398 Vali Loss: 1.2043744 Test Loss: 1.0915800
EarlyStopping counter: 42 out of 100
Updating learning rate to 1.1972515182562034e-06
	iters: 100, epoch: 46 | loss: 0.1054182
	speed: 0.3800s/iter; left time: 5522.0127s
	iters: 200, epoch: 46 | loss: 0.1012580
	speed: 0.1504s/iter; left time: 2169.9490s
Epoch: 46 cost time: 40.728931188583374
Epoch: 46, Steps: 266 | Train Loss: 0.1033183 Vali Loss: 1.2020366 Test Loss: 1.0868284
EarlyStopping counter: 43 out of 100
Updating learning rate to 1.077526366430583e-06
	iters: 100, epoch: 47 | loss: 0.1028867
	speed: 0.3820s/iter; left time: 5449.7955s
	iters: 200, epoch: 47 | loss: 0.1030363
	speed: 0.1506s/iter; left time: 2133.1349s
Epoch: 47 cost time: 40.81738471984863
Epoch: 47, Steps: 266 | Train Loss: 0.1032187 Vali Loss: 1.2046474 Test Loss: 1.0922272
EarlyStopping counter: 44 out of 100
Updating learning rate to 9.697737297875248e-07
	iters: 100, epoch: 48 | loss: 0.1030501
	speed: 0.3825s/iter; left time: 5353.9356s
	iters: 200, epoch: 48 | loss: 0.1022473
	speed: 0.1503s/iter; left time: 2088.9526s
Epoch: 48 cost time: 40.7990243434906
Epoch: 48, Steps: 266 | Train Loss: 0.1031486 Vali Loss: 1.2069690 Test Loss: 1.0898057
EarlyStopping counter: 45 out of 100
Updating learning rate to 8.727963568087723e-07
	iters: 100, epoch: 49 | loss: 0.1060344
	speed: 0.3804s/iter; left time: 5224.2311s
	iters: 200, epoch: 49 | loss: 0.1046509
	speed: 0.1502s/iter; left time: 2047.7960s
Epoch: 49 cost time: 40.74314069747925
Epoch: 49, Steps: 266 | Train Loss: 0.1030964 Vali Loss: 1.2078903 Test Loss: 1.0972667
EarlyStopping counter: 46 out of 100
Updating learning rate to 7.855167211278951e-07
	iters: 100, epoch: 50 | loss: 0.1014952
	speed: 0.3806s/iter; left time: 5125.4234s
	iters: 200, epoch: 50 | loss: 0.1022893
	speed: 0.1505s/iter; left time: 2011.2034s
Epoch: 50 cost time: 40.9362952709198
Epoch: 50, Steps: 266 | Train Loss: 0.1028529 Vali Loss: 1.2032980 Test Loss: 1.0884131
EarlyStopping counter: 47 out of 100
Updating learning rate to 7.069650490151056e-07
	iters: 100, epoch: 51 | loss: 0.1020409
	speed: 0.3827s/iter; left time: 5052.4227s
	iters: 200, epoch: 51 | loss: 0.1020651
	speed: 0.1503s/iter; left time: 1969.0191s
Epoch: 51 cost time: 40.787108182907104
Epoch: 51, Steps: 266 | Train Loss: 0.1028747 Vali Loss: 1.2071942 Test Loss: 1.0916581
EarlyStopping counter: 48 out of 100
Updating learning rate to 6.36268544113595e-07
	iters: 100, epoch: 52 | loss: 0.1021803
	speed: 0.3807s/iter; left time: 4923.9694s
	iters: 200, epoch: 52 | loss: 0.1023335
	speed: 0.1502s/iter; left time: 1927.7615s
Epoch: 52 cost time: 40.76037812232971
Epoch: 52, Steps: 266 | Train Loss: 0.1027352 Vali Loss: 1.2063410 Test Loss: 1.0942401
EarlyStopping counter: 49 out of 100
Updating learning rate to 5.726416897022355e-07
	iters: 100, epoch: 53 | loss: 0.1006814
	speed: 0.3810s/iter; left time: 4827.1890s
	iters: 200, epoch: 53 | loss: 0.1051586
	speed: 0.1503s/iter; left time: 1889.1218s
Epoch: 53 cost time: 40.7890510559082
Epoch: 53, Steps: 266 | Train Loss: 0.1027248 Vali Loss: 1.2088395 Test Loss: 1.0944136
EarlyStopping counter: 50 out of 100
Updating learning rate to 5.15377520732012e-07
	iters: 100, epoch: 54 | loss: 0.1008805
	speed: 0.3808s/iter; left time: 4722.7474s
	iters: 200, epoch: 54 | loss: 0.0995368
	speed: 0.1507s/iter; left time: 1854.3068s
Epoch: 54 cost time: 40.82786774635315
Epoch: 54, Steps: 266 | Train Loss: 0.1026403 Vali Loss: 1.2100772 Test Loss: 1.0939565
EarlyStopping counter: 51 out of 100
Updating learning rate to 4.6383976865881085e-07
	iters: 100, epoch: 55 | loss: 0.1019583
	speed: 0.3807s/iter; left time: 4620.6313s
	iters: 200, epoch: 55 | loss: 0.1000633
	speed: 0.1511s/iter; left time: 1819.3321s
Epoch: 55 cost time: 40.920538902282715
Epoch: 55, Steps: 266 | Train Loss: 0.1025898 Vali Loss: 1.2058917 Test Loss: 1.0911356
EarlyStopping counter: 52 out of 100
Updating learning rate to 4.174557917929298e-07
	iters: 100, epoch: 56 | loss: 0.1006927
	speed: 0.3788s/iter; left time: 4496.4176s
	iters: 200, epoch: 56 | loss: 0.1033369
	speed: 0.1503s/iter; left time: 1769.0154s
Epoch: 56 cost time: 40.76496624946594
Epoch: 56, Steps: 266 | Train Loss: 0.1025800 Vali Loss: 1.2042655 Test Loss: 1.0884233
EarlyStopping counter: 53 out of 100
Updating learning rate to 3.7571021261363677e-07
	iters: 100, epoch: 57 | loss: 0.1023430
	speed: 0.3803s/iter; left time: 4412.9399s
	iters: 200, epoch: 57 | loss: 0.1039016
	speed: 0.1516s/iter; left time: 1744.2234s
Epoch: 57 cost time: 40.87960934638977
Epoch: 57, Steps: 266 | Train Loss: 0.1024661 Vali Loss: 1.2061925 Test Loss: 1.0927750
EarlyStopping counter: 54 out of 100
Updating learning rate to 3.381391913522731e-07
	iters: 100, epoch: 58 | loss: 0.1044427
	speed: 0.3803s/iter; left time: 4312.5440s
	iters: 200, epoch: 58 | loss: 0.1025720
	speed: 0.1505s/iter; left time: 1691.0383s
Epoch: 58 cost time: 40.69430994987488
Epoch: 58, Steps: 266 | Train Loss: 0.1024275 Vali Loss: 1.2077520 Test Loss: 1.0920962
EarlyStopping counter: 55 out of 100
Updating learning rate to 3.043252722170458e-07
	iters: 100, epoch: 59 | loss: 0.1012159
	speed: 0.3796s/iter; left time: 4203.2030s
	iters: 200, epoch: 59 | loss: 0.1032612
	speed: 0.1503s/iter; left time: 1649.7810s
Epoch: 59 cost time: 40.81284260749817
Epoch: 59, Steps: 266 | Train Loss: 0.1023956 Vali Loss: 1.2077429 Test Loss: 1.0953856
EarlyStopping counter: 56 out of 100
Updating learning rate to 2.7389274499534124e-07
	iters: 100, epoch: 60 | loss: 0.1007273
	speed: 0.3821s/iter; left time: 4129.4198s
	iters: 200, epoch: 60 | loss: 0.1004325
	speed: 0.1509s/iter; left time: 1616.0130s
Epoch: 60 cost time: 40.909053802490234
Epoch: 60, Steps: 266 | Train Loss: 0.1023730 Vali Loss: 1.2058777 Test Loss: 1.0846555
EarlyStopping counter: 57 out of 100
Updating learning rate to 2.465034704958071e-07
	iters: 100, epoch: 61 | loss: 0.1002464
	speed: 0.3809s/iter; left time: 4015.2253s
	iters: 200, epoch: 61 | loss: 0.1049421
	speed: 0.1504s/iter; left time: 1570.2956s
Epoch: 61 cost time: 40.7903254032135
Epoch: 61, Steps: 266 | Train Loss: 0.1023822 Vali Loss: 1.2034719 Test Loss: 1.0889698
EarlyStopping counter: 58 out of 100
Updating learning rate to 2.218531234462264e-07
	iters: 100, epoch: 62 | loss: 0.1048593
	speed: 0.3804s/iter; left time: 3908.5130s
	iters: 200, epoch: 62 | loss: 0.0984396
	speed: 0.1522s/iter; left time: 1548.2049s
Epoch: 62 cost time: 40.929954051971436
Epoch: 62, Steps: 266 | Train Loss: 0.1022692 Vali Loss: 1.2062920 Test Loss: 1.0886338
EarlyStopping counter: 59 out of 100
Updating learning rate to 1.9966781110160376e-07
	iters: 100, epoch: 63 | loss: 0.1011594
	speed: 0.3807s/iter; left time: 3810.4226s
	iters: 200, epoch: 63 | loss: 0.1047513
	speed: 0.1503s/iter; left time: 1489.4069s
Epoch: 63 cost time: 40.77612352371216
Epoch: 63, Steps: 266 | Train Loss: 0.1022965 Vali Loss: 1.2076631 Test Loss: 1.0914989
EarlyStopping counter: 60 out of 100
Updating learning rate to 1.797010299914434e-07
	iters: 100, epoch: 64 | loss: 0.1039106
	speed: 0.3797s/iter; left time: 3699.7862s
	iters: 200, epoch: 64 | loss: 0.0985482
	speed: 0.1502s/iter; left time: 1447.9171s
Epoch: 64 cost time: 40.66251540184021
Epoch: 64, Steps: 266 | Train Loss: 0.1022455 Vali Loss: 1.2087767 Test Loss: 1.0915393
EarlyStopping counter: 61 out of 100
Updating learning rate to 1.6173092699229907e-07
	iters: 100, epoch: 65 | loss: 0.1035966
	speed: 0.3817s/iter; left time: 3617.2400s
	iters: 200, epoch: 65 | loss: 0.0976850
	speed: 0.1510s/iter; left time: 1416.0223s
Epoch: 65 cost time: 40.849034547805786
Epoch: 65, Steps: 266 | Train Loss: 0.1022618 Vali Loss: 1.2051238 Test Loss: 1.0901645
EarlyStopping counter: 62 out of 100
Updating learning rate to 1.4555783429306916e-07
	iters: 100, epoch: 66 | loss: 0.1055192
	speed: 0.3802s/iter; left time: 3502.2681s
	iters: 200, epoch: 66 | loss: 0.1004101
	speed: 0.1504s/iter; left time: 1370.0742s
Epoch: 66 cost time: 40.79286241531372
Epoch: 66, Steps: 266 | Train Loss: 0.1021628 Vali Loss: 1.2059065 Test Loss: 1.0901681
EarlyStopping counter: 63 out of 100
Updating learning rate to 1.3100205086376224e-07
	iters: 100, epoch: 67 | loss: 0.1032712
	speed: 0.3806s/iter; left time: 3404.4349s
	iters: 200, epoch: 67 | loss: 0.1062713
	speed: 0.1523s/iter; left time: 1347.4244s
Epoch: 67 cost time: 41.16626691818237
Epoch: 67, Steps: 266 | Train Loss: 0.1022502 Vali Loss: 1.2069210 Test Loss: 1.0934868
EarlyStopping counter: 64 out of 100
Updating learning rate to 1.1790184577738603e-07
	iters: 100, epoch: 68 | loss: 0.1016221
	speed: 0.3824s/iter; left time: 3318.6760s
	iters: 200, epoch: 68 | loss: 0.1033554
	speed: 0.1504s/iter; left time: 1290.4045s
Epoch: 68 cost time: 40.7844614982605
Epoch: 68, Steps: 266 | Train Loss: 0.1022130 Vali Loss: 1.2076395 Test Loss: 1.0904862
EarlyStopping counter: 65 out of 100
Updating learning rate to 1.0611166119964742e-07
	iters: 100, epoch: 69 | loss: 0.0992661
	speed: 0.3804s/iter; left time: 3200.1683s
	iters: 200, epoch: 69 | loss: 0.1058384
	speed: 0.1510s/iter; left time: 1255.1783s
Epoch: 69 cost time: 40.958640336990356
Epoch: 69, Steps: 266 | Train Loss: 0.1022285 Vali Loss: 1.2023005 Test Loss: 1.0887431
EarlyStopping counter: 66 out of 100
Updating learning rate to 9.550049507968268e-08
	iters: 100, epoch: 70 | loss: 0.1012367
	speed: 0.3809s/iter; left time: 3102.8984s
	iters: 200, epoch: 70 | loss: 0.1015930
	speed: 0.1508s/iter; left time: 1213.1897s
Epoch: 70 cost time: 40.78591203689575
Epoch: 70, Steps: 266 | Train Loss: 0.1021462 Vali Loss: 1.2074591 Test Loss: 1.0908879
EarlyStopping counter: 67 out of 100
Updating learning rate to 8.595044557171442e-08
	iters: 100, epoch: 71 | loss: 0.1006051
	speed: 0.3793s/iter; left time: 2989.3054s
	iters: 200, epoch: 71 | loss: 0.1034154
	speed: 0.1508s/iter; left time: 1173.5977s
Epoch: 71 cost time: 40.86127972602844
Epoch: 71, Steps: 266 | Train Loss: 0.1020803 Vali Loss: 1.2051647 Test Loss: 1.0899690
EarlyStopping counter: 68 out of 100
Updating learning rate to 7.735540101454298e-08
	iters: 100, epoch: 72 | loss: 0.1037917
	speed: 0.3812s/iter; left time: 2903.0256s
	iters: 200, epoch: 72 | loss: 0.0992771
	speed: 0.1502s/iter; left time: 1129.1183s
Epoch: 72 cost time: 40.74975395202637
Epoch: 72, Steps: 266 | Train Loss: 0.1021354 Vali Loss: 1.2100947 Test Loss: 1.0942001
EarlyStopping counter: 69 out of 100
Updating learning rate to 6.961986091308869e-08
	iters: 100, epoch: 73 | loss: 0.1011038
	speed: 0.3816s/iter; left time: 2804.5277s
	iters: 200, epoch: 73 | loss: 0.1015559
	speed: 0.1511s/iter; left time: 1095.2358s
Epoch: 73 cost time: 40.92596960067749
Epoch: 73, Steps: 266 | Train Loss: 0.1021538 Vali Loss: 1.2042212 Test Loss: 1.0863634
EarlyStopping counter: 70 out of 100
Updating learning rate to 6.265787482177981e-08
	iters: 100, epoch: 74 | loss: 0.1007428
	speed: 0.3805s/iter; left time: 2695.1236s
	iters: 200, epoch: 74 | loss: 0.1003523
	speed: 0.1509s/iter; left time: 1053.4758s
Epoch: 74 cost time: 40.770395278930664
Epoch: 74, Steps: 266 | Train Loss: 0.1021723 Vali Loss: 1.2048620 Test Loss: 1.0895603
EarlyStopping counter: 71 out of 100
Updating learning rate to 5.639208733960184e-08
	iters: 100, epoch: 75 | loss: 0.1048648
	speed: 0.3798s/iter; left time: 2589.2856s
	iters: 200, epoch: 75 | loss: 0.1027629
	speed: 0.1511s/iter; left time: 1014.7657s
Epoch: 75 cost time: 40.91366672515869
Epoch: 75, Steps: 266 | Train Loss: 0.1021021 Vali Loss: 1.2044861 Test Loss: 1.0874147
EarlyStopping counter: 72 out of 100
Updating learning rate to 5.075287860564165e-08
	iters: 100, epoch: 76 | loss: 0.1005423
	speed: 0.3816s/iter; left time: 2500.1799s
	iters: 200, epoch: 76 | loss: 0.1033882
	speed: 0.1502s/iter; left time: 968.8275s
Epoch: 76 cost time: 40.76697111129761
Epoch: 76, Steps: 266 | Train Loss: 0.1021738 Vali Loss: 1.2080430 Test Loss: 1.0955285
EarlyStopping counter: 73 out of 100
Updating learning rate to 4.567759074507749e-08
	iters: 100, epoch: 77 | loss: 0.1006444
	speed: 0.3805s/iter; left time: 2391.6531s
	iters: 200, epoch: 77 | loss: 0.1035597
	speed: 0.1503s/iter; left time: 929.3997s
Epoch: 77 cost time: 40.688817501068115
Epoch: 77, Steps: 266 | Train Loss: 0.1020804 Vali Loss: 1.2087473 Test Loss: 1.0947983
EarlyStopping counter: 74 out of 100
Updating learning rate to 4.1109831670569744e-08
	iters: 100, epoch: 78 | loss: 0.1034838
	speed: 0.3812s/iter; left time: 2294.7424s
	iters: 200, epoch: 78 | loss: 0.1006139
	speed: 0.1501s/iter; left time: 888.6133s
Epoch: 78 cost time: 40.78323459625244
Epoch: 78, Steps: 266 | Train Loss: 0.1020917 Vali Loss: 1.2004550 Test Loss: 1.0875700
EarlyStopping counter: 75 out of 100
Updating learning rate to 3.6998848503512764e-08
	iters: 100, epoch: 79 | loss: 0.1050706
	speed: 0.3792s/iter; left time: 2181.7765s
	iters: 200, epoch: 79 | loss: 0.1033625
	speed: 0.1507s/iter; left time: 851.7325s
Epoch: 79 cost time: 40.816492557525635
Epoch: 79, Steps: 266 | Train Loss: 0.1021380 Vali Loss: 1.2079005 Test Loss: 1.0923185
EarlyStopping counter: 76 out of 100
Updating learning rate to 3.3298963653161496e-08
	iters: 100, epoch: 80 | loss: 0.1006348
	speed: 0.3821s/iter; left time: 2096.6906s
	iters: 200, epoch: 80 | loss: 0.1049517
	speed: 0.1502s/iter; left time: 809.1738s
Epoch: 80 cost time: 40.79347491264343
Epoch: 80, Steps: 266 | Train Loss: 0.1020783 Vali Loss: 1.2071294 Test Loss: 1.0920930
EarlyStopping counter: 77 out of 100
Updating learning rate to 2.996906728784534e-08
	iters: 100, epoch: 81 | loss: 0.1024000
	speed: 0.3804s/iter; left time: 1985.8375s
	iters: 200, epoch: 81 | loss: 0.1007920
	speed: 0.1504s/iter; left time: 770.1610s
Epoch: 81 cost time: 40.79420328140259
Epoch: 81, Steps: 266 | Train Loss: 0.1020042 Vali Loss: 1.2072439 Test Loss: 1.0918727
EarlyStopping counter: 78 out of 100
Updating learning rate to 2.697216055906081e-08
	iters: 100, epoch: 82 | loss: 0.1042637
	speed: 0.3823s/iter; left time: 1894.2543s
	iters: 200, epoch: 82 | loss: 0.1042737
	speed: 0.1508s/iter; left time: 732.1930s
Epoch: 82 cost time: 40.921199560165405
Epoch: 82, Steps: 266 | Train Loss: 0.1021202 Vali Loss: 1.2050408 Test Loss: 1.0888643
EarlyStopping counter: 79 out of 100
Updating learning rate to 2.427494450315473e-08
	iters: 100, epoch: 83 | loss: 0.1022697
	speed: 0.3800s/iter; left time: 1781.8302s
	iters: 200, epoch: 83 | loss: 0.1020804
	speed: 0.1501s/iter; left time: 688.9660s
Epoch: 83 cost time: 40.68559789657593
Epoch: 83, Steps: 266 | Train Loss: 0.1020951 Vali Loss: 1.2057160 Test Loss: 1.0874372
EarlyStopping counter: 80 out of 100
Updating learning rate to 2.1847450052839257e-08
	iters: 100, epoch: 84 | loss: 0.1034466
	speed: 0.3789s/iter; left time: 1675.8256s
	iters: 200, epoch: 84 | loss: 0.1026334
	speed: 0.1510s/iter; left time: 652.9471s
Epoch: 84 cost time: 40.81167244911194
Epoch: 84, Steps: 266 | Train Loss: 0.1020273 Vali Loss: 1.2077290 Test Loss: 1.0901371
EarlyStopping counter: 81 out of 100
Updating learning rate to 1.9662705047555332e-08
	iters: 100, epoch: 85 | loss: 0.0993857
	speed: 0.3807s/iter; left time: 1582.4897s
	iters: 200, epoch: 85 | loss: 0.0983695
	speed: 0.1501s/iter; left time: 608.7917s
Epoch: 85 cost time: 40.66901469230652
Epoch: 85, Steps: 266 | Train Loss: 0.1021206 Vali Loss: 1.2091454 Test Loss: 1.0925364
EarlyStopping counter: 82 out of 100
Updating learning rate to 1.7696434542799797e-08
	iters: 100, epoch: 86 | loss: 0.1026304
	speed: 0.3813s/iter; left time: 1483.5636s
	iters: 200, epoch: 86 | loss: 0.1029706
	speed: 0.1517s/iter; left time: 574.9216s
Epoch: 86 cost time: 40.97262382507324
Epoch: 86, Steps: 266 | Train Loss: 0.1020640 Vali Loss: 1.2081699 Test Loss: 1.0908201
EarlyStopping counter: 83 out of 100
Updating learning rate to 1.5926791088519817e-08
	iters: 100, epoch: 87 | loss: 0.1042047
	speed: 0.3807s/iter; left time: 1379.9442s
	iters: 200, epoch: 87 | loss: 0.1015174
	speed: 0.1501s/iter; left time: 529.0043s
Epoch: 87 cost time: 40.708890438079834
Epoch: 87, Steps: 266 | Train Loss: 0.1021342 Vali Loss: 1.2018743 Test Loss: 1.0871242
EarlyStopping counter: 84 out of 100
Updating learning rate to 1.4334111979667836e-08
	iters: 100, epoch: 88 | loss: 0.1086571
	speed: 0.3793s/iter; left time: 1273.9892s
	iters: 200, epoch: 88 | loss: 0.1021564
	speed: 0.1500s/iter; left time: 489.0007s
Epoch: 88 cost time: 40.64833307266235
Epoch: 88, Steps: 266 | Train Loss: 0.1020169 Vali Loss: 1.2070957 Test Loss: 1.0852438
EarlyStopping counter: 85 out of 100
Updating learning rate to 1.2900700781701054e-08
	iters: 100, epoch: 89 | loss: 0.1051367
	speed: 0.3803s/iter; left time: 1176.2862s
	iters: 200, epoch: 89 | loss: 0.1042280
	speed: 0.1500s/iter; left time: 448.9459s
Epoch: 89 cost time: 40.63465332984924
Epoch: 89, Steps: 266 | Train Loss: 0.1020589 Vali Loss: 1.2046736 Test Loss: 1.0944053
EarlyStopping counter: 86 out of 100
Updating learning rate to 1.161063070353095e-08
	iters: 100, epoch: 90 | loss: 0.1043110
	speed: 0.3814s/iter; left time: 1078.2987s
	iters: 200, epoch: 90 | loss: 0.1040920
	speed: 0.1501s/iter; left time: 409.4278s
Epoch: 90 cost time: 40.82799220085144
Epoch: 90, Steps: 266 | Train Loss: 0.1019620 Vali Loss: 1.2079785 Test Loss: 1.0902863
EarlyStopping counter: 87 out of 100
Updating learning rate to 1.0449567633177854e-08
	iters: 100, epoch: 91 | loss: 0.1034885
	speed: 0.3803s/iter; left time: 974.0320s
	iters: 200, epoch: 91 | loss: 0.1051601
	speed: 0.1527s/iter; left time: 375.8690s
Epoch: 91 cost time: 40.98884654045105
Epoch: 91, Steps: 266 | Train Loss: 0.1021259 Vali Loss: 1.2100139 Test Loss: 1.0940547
EarlyStopping counter: 88 out of 100
Updating learning rate to 9.404610869860069e-09
	iters: 100, epoch: 92 | loss: 0.1021629
	speed: 0.3790s/iter; left time: 869.8760s
	iters: 200, epoch: 92 | loss: 0.0993618
	speed: 0.1505s/iter; left time: 330.3935s
Epoch: 92 cost time: 40.69081664085388
Epoch: 92, Steps: 266 | Train Loss: 0.1021337 Vali Loss: 1.2064778 Test Loss: 1.0905895
EarlyStopping counter: 89 out of 100
Updating learning rate to 8.464149782874063e-09
	iters: 100, epoch: 93 | loss: 0.1003152
	speed: 0.3809s/iter; left time: 772.7616s
	iters: 200, epoch: 93 | loss: 0.1028580
	speed: 0.1514s/iter; left time: 291.9598s
Epoch: 93 cost time: 40.96196269989014
Epoch: 93, Steps: 266 | Train Loss: 0.1021276 Vali Loss: 1.2098337 Test Loss: 1.0906699
EarlyStopping counter: 90 out of 100
Updating learning rate to 7.617734804586658e-09
	iters: 100, epoch: 94 | loss: 0.1040189
	speed: 0.3804s/iter; left time: 670.6571s
	iters: 200, epoch: 94 | loss: 0.0981875
	speed: 0.1503s/iter; left time: 249.9176s
Epoch: 94 cost time: 40.769227027893066
Epoch: 94, Steps: 266 | Train Loss: 0.1020583 Vali Loss: 1.2045820 Test Loss: 1.0870548
EarlyStopping counter: 91 out of 100
Updating learning rate to 6.855961324127991e-09
	iters: 100, epoch: 95 | loss: 0.1003224
	speed: 0.3787s/iter; left time: 566.9117s
	iters: 200, epoch: 95 | loss: 0.1017961
	speed: 0.1508s/iter; left time: 210.6672s
Epoch: 95 cost time: 40.744099378585815
Epoch: 95, Steps: 266 | Train Loss: 0.1021105 Vali Loss: 1.2058179 Test Loss: 1.0908583
EarlyStopping counter: 92 out of 100
Updating learning rate to 6.170365191715193e-09
	iters: 100, epoch: 96 | loss: 0.0999138
	speed: 0.3817s/iter; left time: 469.9025s
	iters: 200, epoch: 96 | loss: 0.1005255
	speed: 0.1508s/iter; left time: 170.5306s
Epoch: 96 cost time: 40.97824168205261
Epoch: 96, Steps: 266 | Train Loss: 0.1020685 Vali Loss: 1.2054027 Test Loss: 1.0884472
EarlyStopping counter: 93 out of 100
Updating learning rate to 5.5533286725436726e-09
	iters: 100, epoch: 97 | loss: 0.1083369
	speed: 0.3822s/iter; left time: 368.8351s
	iters: 200, epoch: 97 | loss: 0.1003257
	speed: 0.1505s/iter; left time: 130.1724s
Epoch: 97 cost time: 40.85391688346863
Epoch: 97, Steps: 266 | Train Loss: 0.1020495 Vali Loss: 1.2075156 Test Loss: 1.0912648
EarlyStopping counter: 94 out of 100
Updating learning rate to 4.997995805289306e-09
	iters: 100, epoch: 98 | loss: 0.1034391
	speed: 0.3803s/iter; left time: 265.8018s
	iters: 200, epoch: 98 | loss: 0.1054943
	speed: 0.1507s/iter; left time: 90.2709s
Epoch: 98 cost time: 40.7602813243866
Epoch: 98, Steps: 266 | Train Loss: 0.1020392 Vali Loss: 1.2067037 Test Loss: 1.0873905
EarlyStopping counter: 95 out of 100
Updating learning rate to 4.498196224760375e-09
	iters: 100, epoch: 99 | loss: 0.1011981
	speed: 0.3812s/iter; left time: 165.0787s
	iters: 200, epoch: 99 | loss: 0.1065010
	speed: 0.1507s/iter; left time: 50.1863s
Epoch: 99 cost time: 40.76819038391113
Epoch: 99, Steps: 266 | Train Loss: 0.1020494 Vali Loss: 1.2042884 Test Loss: 1.0861205
EarlyStopping counter: 96 out of 100
Updating learning rate to 4.048376602284338e-09
	iters: 100, epoch: 100 | loss: 0.0986910
	speed: 0.3791s/iter; left time: 63.3172s
	iters: 200, epoch: 100 | loss: 0.1007375
	speed: 0.1499s/iter; left time: 10.0466s
Epoch: 100 cost time: 40.59458303451538
Epoch: 100, Steps: 266 | Train Loss: 0.1020844 Vali Loss: 1.2071449 Test Loss: 1.0923973
EarlyStopping counter: 97 out of 100
Updating learning rate to 3.643538942055904e-09
>>>>>>>testing : ETTm1_96_336_Informer_ETTm1_ftM_sl96_ll48_pl336_dm512_nh8_el2_dl1_df2048_fc3_ebtimeF_dtTrue_Exp_0<<<<<<<<<<<<<<<<<<<<<<<<<<<<<<<<<
test 11185
mse:1.0689140558242798, mae:0.8062687516212463, rse:0.9837115406990051
