[Info] parameters: Namespace(CSCM='Bottleneck_Construct', batch_size=32, covariate_size=4, d_bottleneck=128, d_inner_hid=512, d_k=128, d_model=256, d_v=128, data='weather', data_path='weather.csv', dec_in=21, decoder='FC', dropout=0.05, embed_type='CustomEmbedding', enc_in=21, epoch=5, eval=False, hard_sample_mining=False, inner_size=3, input_size=192, inverse=False, iter_num=1, lr=1e-05, lr_step=0.1, model='Pyraformer', n_head=6, n_layer=4, predict_step=336, pretrain=False, root_path='../dataset/', seq_num=1, truncate=False, use_tvm=False, window_size=[4, 4, 4])
[Info] Number of parameters: 11709696
train 36360
test 10204
[ Epoch 1 ]
  - (Training) MSE:  0.62594elapse: 0.584 min
(10204, 336, 21)
test shape:(10204, 336, 21)
Epoch 0, mse:1.3141855001449585, mae:0.8807780742645264, rmse:1.1463793516159058, mape:28.654525756835938, mspe:67316600.0
[ Epoch 2 ]
  - (Training) MSE:  0.51306elapse: 0.585 min
(10204, 336, 21)
test shape:(10204, 336, 21)
Epoch 1, mse:1.2203660011291504, mae:0.8395755887031555, rmse:1.1047017574310303, mape:28.962913513183594, mspe:70501928.0
[ Epoch 3 ]
  - (Training) MSE:  0.50986elapse: 0.584 min
(10204, 336, 21)
test shape:(10204, 336, 21)
Epoch 2, mse:1.18817138671875, mae:0.8259295225143433, rmse:1.090032696723938, mape:28.78215980529785, mspe:69902344.0
[ Epoch 4 ]
  - (Training) MSE:  0.50941elapse: 0.579 min
(10204, 336, 21)
test shape:(10204, 336, 21)
Epoch 3, mse:1.1899614334106445, mae:0.8260553479194641, rmse:1.0908535718917847, mape:28.8787899017334, mspe:70244632.0
[ Epoch 5 ]
  - (Training) MSE:  0.50918elapse: 0.573 min
(10204, 336, 21)
test shape:(10204, 336, 21)
Epoch 4, mse:1.2007297277450562, mae:0.8310340046882629, rmse:1.0957781076431274, mape:29.051273345947266, mspe:71019200.0
Iteration best metrics: [1.18817138671875, 0.8259295225143433, 1.090032696723938, 28.78215980529785, 69902344.0]
Average Metrics: [1.18817139e+00 8.25929523e-01 1.09003270e+00 2.87821598e+01
 6.99023440e+07]
