[Info] parameters: Namespace(CSCM='Bottleneck_Construct', batch_size=32, covariate_size=4, d_bottleneck=128, d_inner_hid=512, d_k=128, d_model=256, d_v=128, data='ili', data_path='national_illness.csv', dec_in=7, decoder='FC', dropout=0.05, embed_type='CustomEmbedding', enc_in=7, epoch=5, eval=False, hard_sample_mining=False, inner_size=3, input_size=24, inverse=False, iter_num=1, lr=1e-05, lr_step=0.1, model='Pyraformer', n_head=6, n_layer=4, predict_step=60, pretrain=False, root_path='../dataset/', seq_num=1, truncate=False, use_tvm=False, window_size=[2, 2, 2])
[Info] Number of parameters: 4805376
train 593
test 134
[ Epoch 1 ]
  - (Training) MSE:  2.18509elapse: 0.007 min
(134, 60, 7)
test shape:(134, 60, 7)
Epoch 0, mse:8.116744041442871, mae:2.125955581665039, rmse:2.848989963531494, mape:3.940220832824707, mspe:1058.541259765625
[ Epoch 2 ]
  - (Training) MSE:  1.91343elapse: 0.006 min
(134, 60, 7)
test shape:(134, 60, 7)
Epoch 1, mse:8.037199974060059, mae:2.114201068878174, rmse:2.8349955081939697, mape:3.8616719245910645, mspe:1040.339599609375
[ Epoch 3 ]
  - (Training) MSE:  1.89897elapse: 0.007 min
(134, 60, 7)
test shape:(134, 60, 7)
Epoch 2, mse:8.026670455932617, mae:2.113058567047119, rmse:2.8331379890441895, mape:3.8572096824645996, mspe:1047.75146484375
[ Epoch 4 ]
  - (Training) MSE:  1.89333elapse: 0.007 min
(134, 60, 7)
test shape:(134, 60, 7)
Epoch 3, mse:8.033670425415039, mae:2.1142475605010986, rmse:2.8343729972839355, mape:3.8660829067230225, mspe:1057.673583984375
[ Epoch 5 ]
  - (Training) MSE:  1.88270elapse: 0.007 min
(134, 60, 7)
test shape:(134, 60, 7)
Epoch 4, mse:8.029752731323242, mae:2.113447666168213, rmse:2.83368182182312, mape:3.862600564956665, mspe:1056.163330078125
Iteration best metrics: [8.026670455932617, 2.113058567047119, 2.8331379890441895, 3.8572096824645996, 1047.75146484375]
Average Metrics: [   8.02667046    2.11305857    2.83313799    3.85720968 1047.75146484]
