[Info] parameters: Namespace(CSCM='Bottleneck_Construct', batch_size=32, covariate_size=4, d_bottleneck=128, d_inner_hid=512, d_k=128, d_model=256, d_v=128, data='weather', data_path='weather.csv', dec_in=21, decoder='FC', dropout=0.05, embed_type='CustomEmbedding', enc_in=21, epoch=5, eval=False, hard_sample_mining=False, inner_size=3, input_size=336, inverse=False, iter_num=1, lr=1e-05, lr_step=0.1, model='Pyraformer', n_head=6, n_layer=4, predict_step=1440, pretrain=False, root_path='../dataset/', seq_num=1, truncate=False, use_tvm=False, window_size=[4, 4, 4])
[Info] Number of parameters: 35450112
train 35112
test 9100
[ Epoch 1 ]
  - (Training) MSE:  0.62936elapse: 1.178 min
(9100, 1440, 21)
test shape:(9100, 1440, 21)
Epoch 0, mse:1.687462329864502, mae:1.0287142992019653, rmse:1.2990236282348633, mape:11.729451179504395, mspe:9836554.0
[ Epoch 2 ]
  - (Training) MSE:  0.55618elapse: 1.186 min
(9100, 1440, 21)
test shape:(9100, 1440, 21)
Epoch 1, mse:1.5216398239135742, mae:0.971442461013794, rmse:1.2335476875305176, mape:10.913776397705078, mspe:8547093.0
[ Epoch 3 ]
  - (Training) MSE:  0.55322elapse: 1.180 min
(9100, 1440, 21)
test shape:(9100, 1440, 21)
Epoch 2, mse:1.4968470335006714, mae:0.9627906680107117, rmse:1.2234569787979126, mape:10.62656021118164, mspe:7950789.5
[ Epoch 4 ]
  - (Training) MSE:  0.55268elapse: 1.179 min
(9100, 1440, 21)
test shape:(9100, 1440, 21)
Epoch 3, mse:1.508993148803711, mae:0.9670661091804504, rmse:1.2284108400344849, mape:10.826231956481934, mspe:8378116.0
[ Epoch 5 ]
  - (Training) MSE:  0.55247elapse: 1.177 min
(9100, 1440, 21)
test shape:(9100, 1440, 21)
Epoch 4, mse:1.5133934020996094, mae:0.9685964584350586, rmse:1.2302005290985107, mape:10.818058967590332, mspe:8353827.5
Iteration best metrics: [1.4968470335006714, 0.9627906680107117, 1.2234569787979126, 10.62656021118164, 7950789.5]
Average Metrics: [1.49684703e+00 9.62790668e-01 1.22345698e+00 1.06265602e+01
 7.95078950e+06]
