[Info] parameters: Namespace(CSCM='Bottleneck_Construct', batch_size=32, covariate_size=4, d_bottleneck=128, d_inner_hid=512, d_k=128, d_model=256, d_v=128, data='electricity', data_path='electricity.csv', dec_in=321, decoder='FC', dropout=0.05, embed_type='CustomEmbedding', enc_in=321, epoch=5, eval=False, hard_sample_mining=False, inner_size=3, input_size=96, inverse=False, iter_num=1, lr=1e-05, lr_step=0.1, model='Pyraformer', n_head=6, n_layer=4, predict_step=192, pretrain=False, root_path='../dataset/', seq_num=1, truncate=False, use_tvm=False, window_size=[4, 4, 4])
[Info] Number of parameters: 67825920
train 18125
test 5069
[ Epoch 1 ]
  - (Training) MSE:  0.48966elapse: 0.338 min
(5069, 192, 321)
test shape:(5069, 192, 321)
Epoch 0, mse:0.38823139667510986, mae:0.44878751039505005, rmse:0.623082160949707, mape:3.264949083328247, mspe:130318.3203125
[ Epoch 2 ]
  - (Training) MSE:  0.31740elapse: 0.329 min
(5069, 192, 321)
test shape:(5069, 192, 321)
Epoch 1, mse:0.37987640500068665, mae:0.4424076974391937, rmse:0.6163411140441895, mape:3.2421669960021973, mspe:161585.65625
[ Epoch 3 ]
  - (Training) MSE:  0.31141elapse: 0.344 min
(5069, 192, 321)
test shape:(5069, 192, 321)
Epoch 2, mse:0.37952765822410583, mae:0.44273650646209717, rmse:0.6160581707954407, mape:3.2534737586975098, mspe:166424.046875
[ Epoch 4 ]
  - (Training) MSE:  0.31064elapse: 0.353 min
(5069, 192, 321)
test shape:(5069, 192, 321)
Epoch 3, mse:0.3790859282016754, mae:0.4420304596424103, rmse:0.6156995296478271, mape:3.233436346054077, mspe:162624.328125
[ Epoch 5 ]
  - (Training) MSE:  0.31072elapse: 0.343 min
(5069, 192, 321)
test shape:(5069, 192, 321)
Epoch 4, mse:0.3798794150352478, mae:0.44207844138145447, rmse:0.6163435578346252, mape:3.2230052947998047, mspe:154693.375
Iteration best metrics: [0.3790859282016754, 0.4420304596424103, 0.6156995296478271, 3.233436346054077, 162624.328125]
Average Metrics: [3.79085928e-01 4.42030460e-01 6.15699530e-01 3.23343635e+00
 1.62624328e+05]
