[Info] parameters: Namespace(CSCM='Bottleneck_Construct', batch_size=32, covariate_size=4, d_bottleneck=128, d_inner_hid=512, d_k=128, d_model=256, d_v=128, data='weather', data_path='weather.csv', dec_in=21, decoder='FC', dropout=0.05, embed_type='CustomEmbedding', enc_in=21, epoch=5, eval=False, hard_sample_mining=False, inner_size=3, input_size=192, inverse=False, iter_num=1, lr=1e-05, lr_step=0.1, model='Pyraformer', n_head=6, n_layer=4, predict_step=1440, pretrain=False, root_path='../dataset/', seq_num=1, truncate=False, use_tvm=False, window_size=[4, 4, 4])
[Info] Number of parameters: 35450112
train 35256
test 9100
[ Epoch 1 ]
  - (Training) MSE:  0.62507elapse: 0.632 min
(9100, 1440, 21)
test shape:(9100, 1440, 21)
Epoch 0, mse:1.852220058441162, mae:1.081880807876587, rmse:1.3609628677368164, mape:12.660066604614258, mspe:10869852.0
[ Epoch 2 ]
  - (Training) MSE:  0.55336elapse: 0.632 min
(9100, 1440, 21)
test shape:(9100, 1440, 21)
Epoch 1, mse:1.7099815607070923, mae:1.035499930381775, rmse:1.3076626062393188, mape:13.260553359985352, mspe:13306249.0
[ Epoch 3 ]
  - (Training) MSE:  0.55091elapse: 0.638 min
(9100, 1440, 21)
test shape:(9100, 1440, 21)
Epoch 2, mse:1.7235298156738281, mae:1.0399930477142334, rmse:1.3128327131271362, mape:13.253589630126953, mspe:13164662.0
[ Epoch 4 ]
  - (Training) MSE:  0.55117elapse: 0.640 min
(9100, 1440, 21)
test shape:(9100, 1440, 21)
Epoch 3, mse:1.7210652828216553, mae:1.0390591621398926, rmse:1.3118938207626343, mape:13.100290298461914, mspe:12738649.0
[ Epoch 5 ]
  - (Training) MSE:  0.55076elapse: 0.639 min
(9100, 1440, 21)
test shape:(9100, 1440, 21)
Epoch 4, mse:1.723732829093933, mae:1.0398403406143188, rmse:1.3129100799560547, mape:13.111138343811035, mspe:12748358.0
Iteration best metrics: [1.7099815607070923, 1.035499930381775, 1.3076626062393188, 13.260553359985352, 13306249.0]
Average Metrics: [1.70998156e+00 1.03549993e+00 1.30766261e+00 1.32605534e+01
 1.33062490e+07]
