[Info] parameters: Namespace(CSCM='Bottleneck_Construct', batch_size=32, covariate_size=4, d_bottleneck=128, d_inner_hid=512, d_k=128, d_model=256, d_v=128, data='electricity', data_path='electricity.csv', dec_in=321, decoder='FC', dropout=0.05, embed_type='CustomEmbedding', enc_in=321, epoch=5, eval=False, hard_sample_mining=False, inner_size=3, input_size=96, inverse=False, iter_num=1, lr=1e-05, lr_step=0.1, model='Pyraformer', n_head=6, n_layer=4, predict_step=96, pretrain=False, root_path='../dataset/', seq_num=1, truncate=False, use_tvm=False, window_size=[4, 4, 4])
[Info] Number of parameters: 36270336
train 18221
test 5165
[ Epoch 1 ]
  - (Training) MSE:  0.50650elapse: 0.295 min
(5165, 96, 321)
test shape:(5165, 96, 321)
Epoch 0, mse:0.39232560992240906, mae:0.4520186483860016, rmse:0.6263589859008789, mape:3.317718267440796, mspe:146773.96875
[ Epoch 2 ]
  - (Training) MSE:  0.32397elapse: 0.295 min
(5165, 96, 321)
test shape:(5165, 96, 321)
Epoch 1, mse:0.3844149112701416, mae:0.44697996973991394, rmse:0.6200120449066162, mape:3.3043298721313477, mspe:156671.328125
[ Epoch 3 ]
  - (Training) MSE:  0.31736elapse: 0.297 min
(5165, 96, 321)
test shape:(5165, 96, 321)
Epoch 2, mse:0.38352036476135254, mae:0.4468204975128174, rmse:0.6192902326583862, mape:3.33107852935791, mspe:171079.578125
[ Epoch 4 ]
  - (Training) MSE:  0.31701elapse: 0.293 min
(5165, 96, 321)
test shape:(5165, 96, 321)
Epoch 3, mse:0.38325247168540955, mae:0.4461301565170288, rmse:0.6190738677978516, mape:3.3158888816833496, mspe:162497.375
[ Epoch 5 ]
  - (Training) MSE:  0.31661elapse: 0.295 min
(5165, 96, 321)
test shape:(5165, 96, 321)
Epoch 4, mse:0.3844076991081238, mae:0.4462432861328125, rmse:0.6200062036514282, mape:3.2943902015686035, mspe:147186.328125
Iteration best metrics: [0.38325247168540955, 0.4461301565170288, 0.6190738677978516, 3.3158888816833496, 162497.375]
Average Metrics: [3.83252472e-01 4.46130157e-01 6.19073868e-01 3.31588888e+00
 1.62497375e+05]
