[Info] parameters: Namespace(CSCM='Bottleneck_Construct', batch_size=32, covariate_size=4, d_bottleneck=128, d_inner_hid=512, d_k=128, d_model=256, d_v=128, data='ili', data_path='national_illness.csv', dec_in=7, decoder='FC', dropout=0.05, embed_type='CustomEmbedding', enc_in=7, epoch=5, eval=False, hard_sample_mining=False, inner_size=3, input_size=24, inverse=False, iter_num=1, lr=1e-05, lr_step=0.1, model='Pyraformer', n_head=6, n_layer=4, predict_step=48, pretrain=False, root_path='../dataset/', seq_num=1, truncate=False, use_tvm=False, window_size=[2, 2, 2])
[Info] Number of parameters: 4719360
train 605
test 146
[ Epoch 1 ]
  - (Training) MSE:  2.29272elapse: 0.007 min
(146, 48, 7)
test shape:(146, 48, 7)
Epoch 0, mse:8.282695770263672, mae:2.1651737689971924, rmse:2.877967357635498, mape:4.385014533996582, mspe:1950.570068359375
[ Epoch 2 ]
  - (Training) MSE:  2.00083elapse: 0.006 min
(146, 48, 7)
test shape:(146, 48, 7)
Epoch 1, mse:8.170694351196289, mae:2.147308349609375, rmse:2.858442544937134, mape:4.298205852508545, mspe:1873.764892578125
[ Epoch 3 ]
  - (Training) MSE:  1.97336elapse: 0.006 min
(146, 48, 7)
test shape:(146, 48, 7)
Epoch 2, mse:8.166515350341797, mae:2.1468312740325928, rmse:2.8577115535736084, mape:4.296596050262451, mspe:1879.2945556640625
[ Epoch 4 ]
  - (Training) MSE:  1.98150elapse: 0.006 min
(146, 48, 7)
test shape:(146, 48, 7)
Epoch 3, mse:8.160665512084961, mae:2.146118640899658, rmse:2.8566877841949463, mape:4.296191692352295, mspe:1875.220703125
[ Epoch 5 ]
  - (Training) MSE:  1.97642elapse: 0.006 min
(146, 48, 7)
test shape:(146, 48, 7)
Epoch 4, mse:8.161935806274414, mae:2.145937442779541, rmse:2.856910228729248, mape:4.298391819000244, mspe:1879.5740966796875
Iteration best metrics: [8.160665512084961, 2.146118640899658, 2.8566877841949463, 4.296191692352295, 1875.220703125]
Average Metrics: [   8.16066551    2.14611864    2.85668778    4.29619169 1875.22070312]
