[Info] parameters: Namespace(CSCM='Bottleneck_Construct', batch_size=32, covariate_size=4, d_bottleneck=128, d_inner_hid=512, d_k=128, d_model=256, d_v=128, data='electricity', data_path='electricity.csv', dec_in=321, decoder='FC', dropout=0.05, embed_type='CustomEmbedding', enc_in=321, epoch=5, eval=False, hard_sample_mining=False, inner_size=3, input_size=96, inverse=False, iter_num=1, lr=1e-05, lr_step=0.1, model='Pyraformer', n_head=6, n_layer=4, predict_step=720, pretrain=False, root_path='../dataset/', seq_num=1, truncate=False, use_tvm=False, window_size=[4, 4, 4])
[Info] Number of parameters: 241381632
train 17597
test 4541
[ Epoch 1 ]
  - (Training) MSE:  0.48993elapse: 0.596 min
(4541, 720, 321)
test shape:(4541, 720, 321)
Epoch 0, mse:0.3851388394832611, mae:0.4501117765903473, rmse:0.6205955743789673, mape:3.267531394958496, mspe:106086.03125
[ Epoch 2 ]
  - (Training) MSE:  0.32271elapse: 0.607 min
(4541, 720, 321)
test shape:(4541, 720, 321)
Epoch 1, mse:0.3742501437664032, mae:0.44272881746292114, rmse:0.6117599010467529, mape:3.2397446632385254, mspe:111553.265625
[ Epoch 3 ]
  - (Training) MSE:  0.31616elapse: 0.609 min
(4541, 720, 321)
test shape:(4541, 720, 321)
Epoch 2, mse:0.37586307525634766, mae:0.44485828280448914, rmse:0.6130767464637756, mape:3.280731678009033, mspe:121224.5859375
[ Epoch 4 ]
  - (Training) MSE:  0.31543elapse: 0.598 min
(4541, 720, 321)
test shape:(4541, 720, 321)
Epoch 3, mse:0.3767171800136566, mae:0.4460528790950775, rmse:0.6137729287147522, mape:3.3044209480285645, mspe:128544.3984375
[ Epoch 5 ]
  - (Training) MSE:  0.31536elapse: 0.605 min
(4541, 720, 321)
test shape:(4541, 720, 321)
Epoch 4, mse:0.3752378523349762, mae:0.44460663199424744, rmse:0.6125665903091431, mape:3.2802374362945557, mspe:122835.0859375
Iteration best metrics: [0.3742501437664032, 0.44272881746292114, 0.6117599010467529, 3.2397446632385254, 111553.265625]
Average Metrics: [3.74250144e-01 4.42728817e-01 6.11759901e-01 3.23974466e+00
 1.11553266e+05]
