[Info] parameters: Namespace(CSCM='Bottleneck_Construct', batch_size=32, covariate_size=4, d_bottleneck=128, d_inner_hid=512, d_k=128, d_model=256, d_v=128, data='traffic', data_path='traffic.csv', dec_in=862, decoder='FC', dropout=0.05, embed_type='CustomEmbedding', enc_in=862, epoch=5, eval=False, hard_sample_mining=False, inner_size=3, input_size=96, inverse=False, iter_num=1, lr=1e-05, lr_step=0.1, model='Pyraformer', n_head=6, n_layer=4, predict_step=720, pretrain=False, root_path='../dataset/', seq_num=1, truncate=False, use_tvm=False, window_size=[4, 4, 4])
[Info] Number of parameters: 640665600
train 11465
test 2789
[ Epoch 1 ]
  - (Training) MSE:  0.60569elapse: 0.884 min
(2789, 720, 862)
test shape:(2789, 720, 862)
Epoch 0, mse:0.9095377326011658, mae:0.4785526990890503, rmse:0.9536968469619751, mape:5.394251346588135, mspe:897395.5625
[ Epoch 2 ]
  - (Training) MSE:  0.46417elapse: 0.873 min
(2789, 720, 862)
test shape:(2789, 720, 862)
Epoch 1, mse:0.8950951099395752, mae:0.4712580740451813, rmse:0.9460946917533875, mape:5.348830223083496, mspe:926306.6875
[ Epoch 3 ]
  - (Training) MSE:  0.45808elapse: 0.888 min
(2789, 720, 862)
test shape:(2789, 720, 862)
Epoch 2, mse:0.8939244151115417, mae:0.4706302881240845, rmse:0.9454757571220398, mape:5.345724582672119, mspe:930410.0
[ Epoch 4 ]
  - (Training) MSE:  0.45757elapse: 0.887 min
(2789, 720, 862)
test shape:(2789, 720, 862)
Epoch 3, mse:0.8936718106269836, mae:0.47054189443588257, rmse:0.9453421831130981, mape:5.35113525390625, mspe:931928.75
[ Epoch 5 ]
  - (Training) MSE:  0.45751elapse: 0.869 min
(2789, 720, 862)
test shape:(2789, 720, 862)
Epoch 4, mse:0.8937134146690369, mae:0.47060102224349976, rmse:0.9453641772270203, mape:5.3504958152771, mspe:931005.1875
Iteration best metrics: [0.8936718106269836, 0.47054189443588257, 0.9453421831130981, 5.35113525390625, 931928.75]
Average Metrics: [8.93671811e-01 4.70541894e-01 9.45342183e-01 5.35113525e+00
 9.31928750e+05]
