Args in experiment:
Namespace(L=3, activation='gelu', base='legendre', batch_size=32, c_out=21, checkpoints='./checkpoints/', cross_activation='tanh', d_ff=2048, d_layers=1, d_model=512, data='custom', data_path='weather.csv', dec_in=21, des='Exp', devices='0,1', distil=True, do_predict=False, dropout=0.05, e_layers=2, embed='timeF', embed_type=0, enc_in=21, factor=3, features='M', freq='h', gpu=0, is_training=1, itr=1, label_len=48, learning_rate=0.0001, loss='mse', lradj='type1', mode_select='random', model='FEDformer', modes=64, moving_avg=[24], n_heads=8, num_workers=10, output_attention=False, patience=3, pred_len=336, root_path='../dataset', seq_len=192, target='OT', task_id='weather', train_epochs=10, use_amp=False, use_gpu=True, use_multi_gpu=False, version='Fourier')
Use GPU: cuda:0
fourier enhanced block used!
modes=64, index=[2, 3, 4, 6, 8, 9, 11, 13, 15, 17, 18, 19, 20, 22, 23, 27, 28, 30, 31, 32, 34, 35, 36, 37, 39, 40, 42, 43, 45, 46, 47, 51, 53, 55, 56, 58, 59, 60, 61, 64, 65, 67, 68, 69, 71, 72, 73, 74, 75, 77, 78, 79, 80, 81, 82, 83, 84, 87, 89, 90, 91, 92, 93, 94]
fourier enhanced block used!
modes=64, index=[1, 2, 5, 6, 8, 9, 14, 15, 21, 22, 26, 28, 36, 37, 41, 46, 48, 58, 60, 63, 64, 65, 72, 76, 78, 80, 84, 93, 94, 96, 98, 106, 113, 117, 120, 123, 127, 129, 132, 133, 139, 140, 141, 145, 146, 150, 152, 155, 156, 163, 172, 178, 179, 182, 183, 186, 190, 197, 198, 199, 200, 202, 207, 213]
 fourier enhanced cross attention used!
modes_q=64, index_q=[0, 2, 3, 8, 13, 16, 17, 24, 26, 29, 30, 32, 34, 43, 45, 52, 56, 62, 73, 74, 76, 79, 80, 81, 82, 85, 86, 87, 88, 90, 93, 99, 100, 101, 114, 115, 116, 121, 130, 131, 138, 146, 148, 152, 155, 157, 161, 166, 167, 171, 172, 180, 184, 186, 188, 190, 192, 197, 201, 202, 204, 207, 209, 212]
modes_kv=64, index_kv=[1, 3, 4, 6, 9, 10, 15, 17, 18, 19, 20, 21, 22, 25, 26, 27, 28, 29, 31, 32, 33, 35, 36, 37, 38, 39, 40, 42, 43, 44, 45, 46, 47, 48, 50, 51, 53, 54, 57, 58, 59, 62, 63, 64, 65, 68, 69, 70, 71, 73, 74, 75, 76, 77, 78, 81, 82, 83, 87, 90, 91, 92, 94, 95]
enc_modes: 64, dec_modes: 64
>>>>>>>start training : weather_FEDformer_random_modes64_custom_ftM_sl192_ll48_pl336_dm512_nh8_el2_dl1_df2048_fc3_ebtimeF_dtTrue_Exp_0>>>>>>>>>>>>>>>>>>>>>>>>>>
train 36360
val 4935
test 10204
Epoch: 1 cost time: 295.1590037345886
Epoch: 1, Steps: 1136 | Train Loss: 0.6033170 Vali Loss: 0.6156962 Test Loss: 0.3384809
Validation loss decreased (inf --> 0.615696).  Saving model ...
Updating learning rate to 0.0001
Epoch: 2 cost time: 295.819287776947
Epoch: 2, Steps: 1136 | Train Loss: 0.5730056 Vali Loss: 0.6006992 Test Loss: 0.3342869
Validation loss decreased (0.615696 --> 0.600699).  Saving model ...
Updating learning rate to 5e-05
Epoch: 3 cost time: 293.3859417438507
Epoch: 3, Steps: 1136 | Train Loss: 0.5617949 Vali Loss: 0.6050525 Test Loss: 0.3362199
EarlyStopping counter: 1 out of 3
Updating learning rate to 2.5e-05
Epoch: 4 cost time: 293.7581353187561
Epoch: 4, Steps: 1136 | Train Loss: 0.5536943 Vali Loss: 0.6103100 Test Loss: 0.3424589
EarlyStopping counter: 2 out of 3
Updating learning rate to 1.25e-05
Epoch: 5 cost time: 292.3467438220978
Epoch: 5, Steps: 1136 | Train Loss: 0.5492708 Vali Loss: 0.6082036 Test Loss: 0.3411753
EarlyStopping counter: 3 out of 3
Early stopping
>>>>>>>testing : weather_FEDformer_random_modes64_custom_ftM_sl192_ll48_pl336_dm512_nh8_el2_dl1_df2048_fc3_ebtimeF_dtTrue_Exp_0<<<<<<<<<<<<<<<<<<<<<<<<<<<<<<<<<
test 10204
test shape: (318, 32, 336, 21) (318, 32, 336, 21)
test shape: (10176, 336, 21) (10176, 336, 21)
mse:0.3342874050140381, mae:0.38001322746276855
