Args in experiment:
Namespace(L=3, activation='gelu', base='legendre', batch_size=32, c_out=7, checkpoints='./checkpoints/', cross_activation='tanh', d_ff=2048, d_layers=1, d_model=512, data='ETTh2', data_path='ETTh2.csv', dec_in=7, des='Exp', devices='0,1', distil=True, do_predict=False, dropout=0.05, e_layers=2, embed='timeF', embed_type=0, enc_in=7, factor=3, features='M', freq='h', gpu=0, is_training=1, itr=1, label_len=48, learning_rate=0.0001, loss='mse', lradj='type1', mode_select='random', model='FEDformer', modes=64, moving_avg=[24], n_heads=8, num_workers=10, output_attention=False, patience=3, pred_len=96, root_path='../dataset', seq_len=96, target='OT', task_id='ETTh2', train_epochs=10, use_amp=False, use_gpu=True, use_multi_gpu=False, version='Fourier')
Use GPU: cuda:0
fourier enhanced block used!
modes=64, index=[0, 1, 2, 3, 4, 5, 6, 7, 8, 9, 10, 11, 12, 13, 14, 15, 16, 17, 18, 19, 20, 21, 22, 23, 24, 25, 26, 27, 28, 29, 30, 31, 32, 33, 34, 35, 36, 37, 38, 39, 40, 41, 42, 43, 44, 45, 46, 47]
fourier enhanced block used!
modes=64, index=[0, 1, 2, 3, 4, 5, 6, 7, 8, 9, 10, 12, 13, 14, 16, 18, 20, 21, 22, 23, 24, 25, 26, 27, 28, 29, 30, 31, 32, 34, 35, 36, 37, 38, 39, 41, 42, 43, 44, 45, 46, 47, 48, 49, 51, 52, 54, 55, 56, 57, 58, 59, 60, 61, 62, 63, 64, 65, 66, 67, 68, 69, 70, 71]
 fourier enhanced cross attention used!
modes_q=64, index_q=[0, 1, 2, 3, 4, 5, 6, 7, 8, 9, 10, 13, 14, 15, 16, 17, 18, 19, 20, 21, 22, 23, 24, 27, 28, 29, 30, 31, 33, 34, 35, 36, 37, 39, 40, 41, 42, 43, 44, 45, 46, 47, 48, 49, 50, 51, 52, 53, 54, 55, 56, 57, 58, 59, 60, 61, 62, 63, 64, 65, 66, 68, 69, 71]
modes_kv=48, index_kv=[0, 1, 2, 3, 4, 5, 6, 7, 8, 9, 10, 11, 12, 13, 14, 15, 16, 17, 18, 19, 20, 21, 22, 23, 24, 25, 26, 27, 28, 29, 30, 31, 32, 33, 34, 35, 36, 37, 38, 39, 40, 41, 42, 43, 44, 45, 46, 47]
enc_modes: 48, dec_modes: 64
>>>>>>>start training : ETTh2_FEDformer_random_modes64_ETTh2_ftM_sl96_ll48_pl96_dm512_nh8_el2_dl1_df2048_fc3_ebtimeF_dtTrue_Exp_0>>>>>>>>>>>>>>>>>>>>>>>>>>
train 8449
val 2785
test 2785
Epoch: 1 cost time: 42.354000091552734
Epoch: 1, Steps: 264 | Train Loss: 0.5062078 Vali Loss: 0.2504908 Test Loss: 0.3473850
Validation loss decreased (inf --> 0.250491).  Saving model ...
Updating learning rate to 0.0001
Epoch: 2 cost time: 43.1296808719635
Epoch: 2, Steps: 264 | Train Loss: 0.4641745 Vali Loss: 0.2484798 Test Loss: 0.3454991
Validation loss decreased (0.250491 --> 0.248480).  Saving model ...
Updating learning rate to 5e-05
Epoch: 3 cost time: 42.97523641586304
Epoch: 3, Steps: 264 | Train Loss: 0.4448748 Vali Loss: 0.2507704 Test Loss: 0.3454801
EarlyStopping counter: 1 out of 3
Updating learning rate to 2.5e-05
Epoch: 4 cost time: 43.6365122795105
Epoch: 4, Steps: 264 | Train Loss: 0.4301291 Vali Loss: 0.2471363 Test Loss: 0.3419717
Validation loss decreased (0.248480 --> 0.247136).  Saving model ...
Updating learning rate to 1.25e-05
Epoch: 5 cost time: 42.69047284126282
Epoch: 5, Steps: 264 | Train Loss: 0.4214312 Vali Loss: 0.2474331 Test Loss: 0.3411590
EarlyStopping counter: 1 out of 3
Updating learning rate to 6.25e-06
Epoch: 6 cost time: 42.07992935180664
Epoch: 6, Steps: 264 | Train Loss: 0.4169592 Vali Loss: 0.2480665 Test Loss: 0.3411023
EarlyStopping counter: 2 out of 3
Updating learning rate to 3.125e-06
Epoch: 7 cost time: 43.28735303878784
Epoch: 7, Steps: 264 | Train Loss: 0.4146867 Vali Loss: 0.2477768 Test Loss: 0.3407866
EarlyStopping counter: 3 out of 3
Early stopping
>>>>>>>testing : ETTh2_FEDformer_random_modes64_ETTh2_ftM_sl96_ll48_pl96_dm512_nh8_el2_dl1_df2048_fc3_ebtimeF_dtTrue_Exp_0<<<<<<<<<<<<<<<<<<<<<<<<<<<<<<<<<
test 2785
test shape: (87, 32, 96, 7) (87, 32, 96, 7)
test shape: (2784, 96, 7) (2784, 96, 7)
mse:0.34197163581848145, mae:0.38511693477630615
