Args in experiment:
Namespace(L=3, activation='gelu', base='legendre', batch_size=32, c_out=7, checkpoints='./checkpoints/', cross_activation='tanh', d_ff=2048, d_layers=1, d_model=512, data='ETTm2', data_path='ETTm2.csv', dec_in=7, des='Exp', devices='0,1', distil=True, do_predict=False, dropout=0.05, e_layers=2, embed='timeF', embed_type=0, enc_in=7, factor=3, features='M', freq='h', gpu=0, is_training=1, itr=1, label_len=48, learning_rate=0.0001, loss='mse', lradj='type1', mode_select='random', model='FEDformer', modes=64, moving_avg=[24], n_heads=8, num_workers=10, output_attention=False, patience=3, pred_len=96, root_path='../dataset', seq_len=96, target='OT', task_id='ETTm2', train_epochs=10, use_amp=False, use_gpu=True, use_multi_gpu=False, version='Fourier')
Use GPU: cuda:0
fourier enhanced block used!
modes=64, index=[0, 1, 2, 3, 4, 5, 6, 7, 8, 9, 10, 11, 12, 13, 14, 15, 16, 17, 18, 19, 20, 21, 22, 23, 24, 25, 26, 27, 28, 29, 30, 31, 32, 33, 34, 35, 36, 37, 38, 39, 40, 41, 42, 43, 44, 45, 46, 47]
fourier enhanced block used!
modes=64, index=[0, 1, 2, 3, 4, 5, 6, 7, 8, 9, 10, 12, 13, 14, 16, 18, 20, 21, 22, 23, 24, 25, 26, 27, 28, 29, 30, 31, 32, 34, 35, 36, 37, 38, 39, 41, 42, 43, 44, 45, 46, 47, 48, 49, 51, 52, 54, 55, 56, 57, 58, 59, 60, 61, 62, 63, 64, 65, 66, 67, 68, 69, 70, 71]
 fourier enhanced cross attention used!
modes_q=64, index_q=[0, 1, 2, 3, 4, 5, 6, 7, 8, 9, 10, 13, 14, 15, 16, 17, 18, 19, 20, 21, 22, 23, 24, 27, 28, 29, 30, 31, 33, 34, 35, 36, 37, 39, 40, 41, 42, 43, 44, 45, 46, 47, 48, 49, 50, 51, 52, 53, 54, 55, 56, 57, 58, 59, 60, 61, 62, 63, 64, 65, 66, 68, 69, 71]
modes_kv=48, index_kv=[0, 1, 2, 3, 4, 5, 6, 7, 8, 9, 10, 11, 12, 13, 14, 15, 16, 17, 18, 19, 20, 21, 22, 23, 24, 25, 26, 27, 28, 29, 30, 31, 32, 33, 34, 35, 36, 37, 38, 39, 40, 41, 42, 43, 44, 45, 46, 47]
enc_modes: 48, dec_modes: 64
>>>>>>>start training : ETTm2_FEDformer_random_modes64_ETTm2_ftM_sl96_ll48_pl96_dm512_nh8_el2_dl1_df2048_fc3_ebtimeF_dtTrue_Exp_0>>>>>>>>>>>>>>>>>>>>>>>>>>
train 34369
val 11425
test 11425
Epoch: 1 cost time: 167.36584162712097
Epoch: 1, Steps: 1074 | Train Loss: 0.2675760 Vali Loss: 0.1373005 Test Loss: 0.1970484
Validation loss decreased (inf --> 0.137300).  Saving model ...
Updating learning rate to 0.0001
Epoch: 2 cost time: 169.6972954273224
Epoch: 2, Steps: 1074 | Train Loss: 0.2305220 Vali Loss: 0.1370943 Test Loss: 0.1934416
Validation loss decreased (0.137300 --> 0.137094).  Saving model ...
Updating learning rate to 5e-05
Epoch: 3 cost time: 171.0361635684967
Epoch: 3, Steps: 1074 | Train Loss: 0.2204804 Vali Loss: 0.1342113 Test Loss: 0.1898952
Validation loss decreased (0.137094 --> 0.134211).  Saving model ...
Updating learning rate to 2.5e-05
Epoch: 4 cost time: 171.2068908214569
Epoch: 4, Steps: 1074 | Train Loss: 0.2165792 Vali Loss: 0.1342025 Test Loss: 0.1896007
Validation loss decreased (0.134211 --> 0.134203).  Saving model ...
Updating learning rate to 1.25e-05
Epoch: 5 cost time: 170.60095071792603
Epoch: 5, Steps: 1074 | Train Loss: 0.2145177 Vali Loss: 0.1346073 Test Loss: 0.1901087
EarlyStopping counter: 1 out of 3
Updating learning rate to 6.25e-06
Epoch: 6 cost time: 170.15920066833496
Epoch: 6, Steps: 1074 | Train Loss: 0.2134308 Vali Loss: 0.1339771 Test Loss: 0.1897695
Validation loss decreased (0.134203 --> 0.133977).  Saving model ...
Updating learning rate to 3.125e-06
Epoch: 7 cost time: 171.5401291847229
Epoch: 7, Steps: 1074 | Train Loss: 0.2127916 Vali Loss: 0.1347207 Test Loss: 0.1897398
EarlyStopping counter: 1 out of 3
Updating learning rate to 1.5625e-06
Epoch: 8 cost time: 172.09547996520996
Epoch: 8, Steps: 1074 | Train Loss: 0.2125574 Vali Loss: 0.1344523 Test Loss: 0.1897560
EarlyStopping counter: 2 out of 3
Updating learning rate to 7.8125e-07
Epoch: 9 cost time: 169.94903564453125
Epoch: 9, Steps: 1074 | Train Loss: 0.2123033 Vali Loss: 0.1343972 Test Loss: 0.1897483
EarlyStopping counter: 3 out of 3
Early stopping
>>>>>>>testing : ETTm2_FEDformer_random_modes64_ETTm2_ftM_sl96_ll48_pl96_dm512_nh8_el2_dl1_df2048_fc3_ebtimeF_dtTrue_Exp_0<<<<<<<<<<<<<<<<<<<<<<<<<<<<<<<<<
test 11425
test shape: (357, 32, 96, 7) (357, 32, 96, 7)
test shape: (11424, 96, 7) (11424, 96, 7)
mse:0.1897694617509842, mae:0.2836373746395111
