Args in experiment:
Namespace(L=3, activation='gelu', base='legendre', batch_size=32, c_out=321, checkpoints='./checkpoints/', cross_activation='tanh', d_ff=2048, d_layers=1, d_model=512, data='custom', data_path='electricity.csv', dec_in=321, des='Exp', devices='0,1', distil=True, do_predict=False, dropout=0.05, e_layers=2, embed='timeF', embed_type=0, enc_in=321, factor=3, features='M', freq='h', gpu=0, is_training=1, itr=1, label_len=48, learning_rate=0.0001, loss='mse', lradj='type1', mode_select='random', model='FEDformer', modes=64, moving_avg=[24], n_heads=8, num_workers=10, output_attention=False, patience=3, pred_len=96, root_path='../dataset', seq_len=96, target='OT', task_id='ECL', train_epochs=10, use_amp=False, use_gpu=True, use_multi_gpu=False, version='Fourier')
Use GPU: cuda:0
fourier enhanced block used!
modes=64, index=[0, 1, 2, 3, 4, 5, 6, 7, 8, 9, 10, 11, 12, 13, 14, 15, 16, 17, 18, 19, 20, 21, 22, 23, 24, 25, 26, 27, 28, 29, 30, 31, 32, 33, 34, 35, 36, 37, 38, 39, 40, 41, 42, 43, 44, 45, 46, 47]
fourier enhanced block used!
modes=64, index=[0, 1, 2, 3, 4, 5, 6, 7, 8, 9, 10, 12, 13, 14, 16, 18, 20, 21, 22, 23, 24, 25, 26, 27, 28, 29, 30, 31, 32, 34, 35, 36, 37, 38, 39, 41, 42, 43, 44, 45, 46, 47, 48, 49, 51, 52, 54, 55, 56, 57, 58, 59, 60, 61, 62, 63, 64, 65, 66, 67, 68, 69, 70, 71]
 fourier enhanced cross attention used!
modes_q=64, index_q=[0, 1, 2, 3, 4, 5, 6, 7, 8, 9, 10, 13, 14, 15, 16, 17, 18, 19, 20, 21, 22, 23, 24, 27, 28, 29, 30, 31, 33, 34, 35, 36, 37, 39, 40, 41, 42, 43, 44, 45, 46, 47, 48, 49, 50, 51, 52, 53, 54, 55, 56, 57, 58, 59, 60, 61, 62, 63, 64, 65, 66, 68, 69, 71]
modes_kv=48, index_kv=[0, 1, 2, 3, 4, 5, 6, 7, 8, 9, 10, 11, 12, 13, 14, 15, 16, 17, 18, 19, 20, 21, 22, 23, 24, 25, 26, 27, 28, 29, 30, 31, 32, 33, 34, 35, 36, 37, 38, 39, 40, 41, 42, 43, 44, 45, 46, 47]
enc_modes: 48, dec_modes: 64
>>>>>>>start training : ECL_FEDformer_random_modes64_custom_ftM_sl96_ll48_pl96_dm512_nh8_el2_dl1_df2048_fc3_ebtimeF_dtTrue_Exp_0>>>>>>>>>>>>>>>>>>>>>>>>>>
train 18221
val 2537
test 5165
Epoch: 1 cost time: 93.5962724685669
Epoch: 1, Steps: 569 | Train Loss: 0.2612594 Vali Loss: 0.1716513 Test Loss: 0.2071483
Validation loss decreased (inf --> 0.171651).  Saving model ...
Updating learning rate to 0.0001
Epoch: 2 cost time: 93.01549553871155
Epoch: 2, Steps: 569 | Train Loss: 0.1840894 Vali Loss: 0.1588609 Test Loss: 0.1950386
Validation loss decreased (0.171651 --> 0.158861).  Saving model ...
Updating learning rate to 5e-05
Epoch: 3 cost time: 93.51515316963196
Epoch: 3, Steps: 569 | Train Loss: 0.1680368 Vali Loss: 0.1554802 Test Loss: 0.1906770
Validation loss decreased (0.158861 --> 0.155480).  Saving model ...
Updating learning rate to 2.5e-05
Epoch: 4 cost time: 92.76636052131653
Epoch: 4, Steps: 569 | Train Loss: 0.1603760 Vali Loss: 0.1555323 Test Loss: 0.1870092
EarlyStopping counter: 1 out of 3
Updating learning rate to 1.25e-05
Epoch: 5 cost time: 93.5094313621521
Epoch: 5, Steps: 569 | Train Loss: 0.1567109 Vali Loss: 0.1539538 Test Loss: 0.1892580
Validation loss decreased (0.155480 --> 0.153954).  Saving model ...
Updating learning rate to 6.25e-06
Epoch: 6 cost time: 93.90638303756714
Epoch: 6, Steps: 569 | Train Loss: 0.1549207 Vali Loss: 0.1534669 Test Loss: 0.1870227
Validation loss decreased (0.153954 --> 0.153467).  Saving model ...
Updating learning rate to 3.125e-06
Epoch: 7 cost time: 93.1491026878357
Epoch: 7, Steps: 569 | Train Loss: 0.1540096 Vali Loss: 0.1530189 Test Loss: 0.1876280
Validation loss decreased (0.153467 --> 0.153019).  Saving model ...
Updating learning rate to 1.5625e-06
Epoch: 8 cost time: 93.73606371879578
Epoch: 8, Steps: 569 | Train Loss: 0.1535702 Vali Loss: 0.1535226 Test Loss: 0.1868805
EarlyStopping counter: 1 out of 3
Updating learning rate to 7.8125e-07
Epoch: 9 cost time: 94.67322707176208
Epoch: 9, Steps: 569 | Train Loss: 0.1533460 Vali Loss: 0.1532205 Test Loss: 0.1869777
EarlyStopping counter: 2 out of 3
Updating learning rate to 3.90625e-07
Epoch: 10 cost time: 93.64390516281128
Epoch: 10, Steps: 569 | Train Loss: 0.1532402 Vali Loss: 0.1532372 Test Loss: 0.1872282
EarlyStopping counter: 3 out of 3
Early stopping
>>>>>>>testing : ECL_FEDformer_random_modes64_custom_ftM_sl96_ll48_pl96_dm512_nh8_el2_dl1_df2048_fc3_ebtimeF_dtTrue_Exp_0<<<<<<<<<<<<<<<<<<<<<<<<<<<<<<<<<
test 5165
test shape: (161, 32, 96, 321) (161, 32, 96, 321)
test shape: (5152, 96, 321) (5152, 96, 321)
mse:0.18762798607349396, mae:0.30271613597869873
