Args in experiment:
Namespace(L=3, activation='gelu', base='legendre', batch_size=32, c_out=21, checkpoints='./checkpoints/', cross_activation='tanh', d_ff=2048, d_layers=1, d_model=512, data='custom', data_path='weather.csv', dec_in=21, des='Exp', devices='0,1', distil=True, do_predict=False, dropout=0.05, e_layers=2, embed='timeF', embed_type=0, enc_in=21, factor=3, features='M', freq='h', gpu=0, is_training=1, itr=1, label_len=48, learning_rate=0.0001, loss='mse', lradj='type1', mode_select='random', model='FEDformer', modes=64, moving_avg=[24], n_heads=8, num_workers=10, output_attention=False, patience=3, pred_len=192, root_path='../dataset', seq_len=336, target='OT', task_id='weather', train_epochs=10, use_amp=False, use_gpu=True, use_multi_gpu=False, version='Fourier')
Use GPU: cuda:0
fourier enhanced block used!
modes=64, index=[0, 2, 4, 6, 8, 10, 12, 13, 14, 22, 23, 24, 28, 30, 34, 35, 36, 41, 42, 43, 45, 52, 55, 56, 58, 59, 64, 65, 66, 68, 69, 72, 73, 74, 77, 79, 81, 83, 86, 91, 95, 96, 97, 98, 104, 107, 112, 117, 118, 121, 125, 126, 131, 134, 136, 138, 139, 142, 143, 148, 149, 154, 161, 162]
fourier enhanced block used!
modes=64, index=[1, 2, 5, 6, 8, 9, 11, 12, 14, 15, 22, 25, 28, 29, 30, 36, 37, 46, 48, 58, 63, 64, 69, 71, 76, 79, 83, 84, 87, 88, 90, 94, 95, 96, 100, 101, 102, 103, 107, 111, 116, 118, 121, 126, 127, 128, 130, 132, 136, 141, 144, 145, 149, 150, 154, 161, 162, 163, 165, 166, 169, 174, 176, 179]
 fourier enhanced cross attention used!
modes_q=64, index_q=[0, 2, 3, 6, 8, 13, 16, 17, 24, 26, 29, 30, 31, 32, 34, 38, 43, 45, 56, 62, 65, 73, 74, 76, 79, 81, 82, 85, 87, 88, 90, 91, 93, 97, 98, 99, 100, 101, 107, 109, 110, 112, 114, 116, 118, 119, 121, 122, 125, 130, 141, 147, 153, 154, 156, 157, 158, 159, 162, 164, 166, 169, 170, 172]
modes_kv=64, index_kv=[3, 6, 9, 16, 17, 18, 19, 20, 28, 30, 32, 34, 35, 36, 40, 42, 44, 46, 47, 48, 58, 61, 63, 72, 73, 74, 75, 79, 81, 82, 84, 85, 90, 96, 98, 101, 104, 105, 109, 112, 114, 117, 124, 128, 130, 132, 134, 136, 137, 138, 140, 145, 148, 149, 150, 156, 157, 158, 159, 160, 163, 164, 165, 166]
enc_modes: 64, dec_modes: 64
>>>>>>>start training : weather_FEDformer_random_modes64_custom_ftM_sl336_ll48_pl192_dm512_nh8_el2_dl1_df2048_fc3_ebtimeF_dtTrue_Exp_0>>>>>>>>>>>>>>>>>>>>>>>>>>
train 36360
val 5079
test 10348
Epoch: 1 cost time: 293.46499490737915
Epoch: 1, Steps: 1136 | Train Loss: 0.5663270 Vali Loss: 0.5662754 Test Loss: 0.3107543
Validation loss decreased (inf --> 0.566275).  Saving model ...
Updating learning rate to 0.0001
Epoch: 2 cost time: 292.3267002105713
Epoch: 2, Steps: 1136 | Train Loss: 0.5335583 Vali Loss: 0.5510074 Test Loss: 0.2934659
Validation loss decreased (0.566275 --> 0.551007).  Saving model ...
Updating learning rate to 5e-05
Epoch: 3 cost time: 293.8260669708252
Epoch: 3, Steps: 1136 | Train Loss: 0.5239324 Vali Loss: 0.5480922 Test Loss: 0.2904625
Validation loss decreased (0.551007 --> 0.548092).  Saving model ...
Updating learning rate to 2.5e-05
Epoch: 4 cost time: 295.233722448349
