Args in experiment:
Namespace(L=3, activation='gelu', base='legendre', batch_size=32, c_out=21, checkpoints='./checkpoints/', cross_activation='tanh', d_ff=2048, d_layers=1, d_model=512, data='custom', data_path='weather.csv', dec_in=21, des='Exp', devices='0,1', distil=True, do_predict=False, dropout=0.05, e_layers=2, embed='timeF', embed_type=0, enc_in=21, factor=3, features='M', freq='h', gpu=0, is_training=1, itr=1, label_len=48, learning_rate=0.0001, loss='mse', lradj='type1', mode_select='random', model='FEDformer', modes=64, moving_avg=[24], n_heads=8, num_workers=10, output_attention=False, patience=3, pred_len=96, root_path='../dataset', seq_len=336, target='OT', task_id='weather', train_epochs=10, use_amp=False, use_gpu=True, use_multi_gpu=False, version='Fourier')
Use GPU: cuda:0
fourier enhanced block used!
modes=64, index=[0, 2, 4, 6, 8, 10, 12, 13, 14, 22, 23, 24, 28, 30, 34, 35, 36, 41, 42, 43, 45, 52, 55, 56, 58, 59, 64, 65, 66, 68, 69, 72, 73, 74, 77, 79, 81, 83, 86, 91, 95, 96, 97, 98, 104, 107, 112, 117, 118, 121, 125, 126, 131, 134, 136, 138, 139, 142, 143, 148, 149, 154, 161, 162]
fourier enhanced block used!
modes=64, index=[1, 2, 5, 6, 8, 9, 11, 12, 13, 14, 15, 20, 21, 22, 26, 28, 30, 31, 36, 37, 41, 46, 48, 55, 60, 63, 64, 65, 66, 69, 71, 72, 76, 77, 78, 79, 80, 81, 82, 83, 87, 94, 95, 96, 98, 101, 104, 107, 108, 109, 110, 111, 112, 114, 116, 118, 120, 122, 123, 125, 127, 129, 130, 131]
 fourier enhanced cross attention used!
modes_q=64, index_q=[0, 4, 10, 11, 13, 15, 16, 20, 21, 24, 27, 29, 32, 33, 34, 35, 37, 39, 41, 45, 46, 49, 50, 52, 58, 61, 63, 64, 66, 68, 70, 72, 73, 75, 76, 78, 79, 81, 82, 83, 87, 88, 99, 100, 101, 102, 104, 107, 108, 111, 112, 113, 114, 116, 118, 119, 120, 121, 122, 125, 127, 128, 129, 131]
modes_kv=64, index_kv=[1, 3, 8, 15, 16, 18, 24, 26, 28, 31, 32, 33, 34, 38, 41, 43, 45, 46, 52, 56, 57, 59, 62, 70, 73, 79, 80, 81, 83, 84, 87, 88, 90, 91, 93, 99, 100, 102, 105, 106, 107, 109, 119, 120, 121, 122, 123, 126, 128, 130, 131, 134, 135, 136, 138, 141, 143, 144, 145, 148, 149, 151, 155, 158]
enc_modes: 64, dec_modes: 64
>>>>>>>start training : weather_FEDformer_random_modes64_custom_ftM_sl336_ll48_pl96_dm512_nh8_el2_dl1_df2048_fc3_ebtimeF_dtTrue_Exp_0>>>>>>>>>>>>>>>>>>>>>>>>>>
train 36456
val 5175
test 10444
Epoch: 1 cost time: 258.54902815818787
Epoch: 1, Steps: 1139 | Train Loss: 0.5335634 Vali Loss: 0.5079603 Test Loss: 0.2750030
Validation loss decreased (inf --> 0.507960).  Saving model ...
Updating learning rate to 0.0001
Epoch: 2 cost time: 259.70162653923035
Epoch: 2, Steps: 1139 | Train Loss: 0.4909460 Vali Loss: 0.4989665 Test Loss: 0.2791741
Validation loss decreased (0.507960 --> 0.498966).  Saving model ...
Updating learning rate to 5e-05
