Args in experiment:
Namespace(activation='gelu', affine=0, batch_size=128, c_out=1, checkpoints='./checkpoints/', d_ff=2048, d_layers=1, d_model=512, data='ETTh1', data_path='ETTh1.csv', dec_in=1, decomposition=0, des='Exp', devices='0,1,2,3', distil=True, do_predict=False, dropout=0.05, e_layers=2, embed='timeF', embed_type=0, enc_in=1, factor=3, fc_dropout=0.05, features='S', freq='h', gpu=0, head_dropout=0.0, individual=0, is_training=1, itr=1, kernel_size=25, label_len=48, learning_rate=0.0001, loss='mse', lradj='type3', model='Informer', model_id='ETTh1_96_336', moving_avg=25, n_heads=8, num_workers=10, output_attention=False, padding_patch='end', patch_len=16, patience=100, pct_start=0.3, pred_len=336, random_seed=2021, revin=1, root_path='./dataset/', seq_len=96, stride=8, subtract_last=0, target='OT', test_flop=False, train_epochs=100, use_amp=False, use_gpu=True, use_multi_gpu=False)
Use GPU: cuda:0
>>>>>>>start training : ETTh1_96_336_Informer_ETTh1_ftS_sl96_ll48_pl336_dm512_nh8_el2_dl1_df2048_fc3_ebtimeF_dtTrue_Exp_0>>>>>>>>>>>>>>>>>>>>>>>>>>
train 8209
val 2545
test 2545
Epoch: 1 cost time: 10.12691068649292
Epoch: 1, Steps: 64 | Train Loss: 0.5993269 Vali Loss: 0.2797877 Test Loss: 0.1901228
Validation loss decreased (inf --> 0.279788).  Saving model ...
Updating learning rate to 0.0001
Epoch: 2 cost time: 10.175628662109375
Epoch: 2, Steps: 64 | Train Loss: 0.2731039 Vali Loss: 0.1405929 Test Loss: 0.2000863
Validation loss decreased (0.279788 --> 0.140593).  Saving model ...
Updating learning rate to 0.0001
Epoch: 3 cost time: 10.253269910812378
Epoch: 3, Steps: 64 | Train Loss: 0.2032329 Vali Loss: 0.1459158 Test Loss: 0.1818565
EarlyStopping counter: 1 out of 100
Updating learning rate to 0.0001
Epoch: 4 cost time: 10.253890991210938
Epoch: 4, Steps: 64 | Train Loss: 0.1874657 Vali Loss: 0.1496052 Test Loss: 0.2520135
EarlyStopping counter: 2 out of 100
Updating learning rate to 9e-05
Epoch: 5 cost time: 10.173475503921509
Epoch: 5, Steps: 64 | Train Loss: 0.1849925 Vali Loss: 0.1355355 Test Loss: 0.3108062
Validation loss decreased (0.140593 --> 0.135536).  Saving model ...
Updating learning rate to 8.1e-05
Epoch: 6 cost time: 10.42368769645691
Epoch: 6, Steps: 64 | Train Loss: 0.1782875 Vali Loss: 0.1374531 Test Loss: 0.3005857
EarlyStopping counter: 1 out of 100
Updating learning rate to 7.290000000000001e-05
Epoch: 7 cost time: 10.12392282485962
Epoch: 7, Steps: 64 | Train Loss: 0.1691033 Vali Loss: 0.1383173 Test Loss: 0.3159661
EarlyStopping counter: 2 out of 100
Updating learning rate to 6.561e-05
Epoch: 8 cost time: 10.2565438747406
Epoch: 8, Steps: 64 | Train Loss: 0.1654983 Vali Loss: 0.1454011 Test Loss: 0.3081216
EarlyStopping counter: 3 out of 100
Updating learning rate to 5.904900000000001e-05
Epoch: 9 cost time: 10.56296443939209
Epoch: 9, Steps: 64 | Train Loss: 0.1614266 Vali Loss: 0.1502724 Test Loss: 0.2040433
EarlyStopping counter: 4 out of 100
Updating learning rate to 5.3144100000000005e-05
Epoch: 10 cost time: 10.3649320602417
Epoch: 10, Steps: 64 | Train Loss: 0.1570758 Vali Loss: 0.1557588 Test Loss: 0.3353073
EarlyStopping counter: 5 out of 100
Updating learning rate to 4.782969000000001e-05
Epoch: 11 cost time: 10.382106065750122
Epoch: 11, Steps: 64 | Train Loss: 0.1552104 Vali Loss: 0.1683716 Test Loss: 0.3079947
EarlyStopping counter: 6 out of 100
Updating learning rate to 4.304672100000001e-05
Epoch: 12 cost time: 10.44462537765503
Epoch: 12, Steps: 64 | Train Loss: 0.1519669 Vali Loss: 0.1538247 Test Loss: 0.3027488
EarlyStopping counter: 7 out of 100
Updating learning rate to 3.874204890000001e-05
Epoch: 13 cost time: 10.267231464385986
Epoch: 13, Steps: 64 | Train Loss: 0.1454838 Vali Loss: 0.1521961 Test Loss: 0.3350363
EarlyStopping counter: 8 out of 100
Updating learning rate to 3.486784401000001e-05
Epoch: 14 cost time: 10.282611846923828
Epoch: 14, Steps: 64 | Train Loss: 0.1424022 Vali Loss: 0.1628317 Test Loss: 0.3652654
EarlyStopping counter: 9 out of 100
Updating learning rate to 3.138105960900001e-05
Epoch: 15 cost time: 10.33749008178711
Epoch: 15, Steps: 64 | Train Loss: 0.1393791 Vali Loss: 0.1707748 Test Loss: 0.3917036
EarlyStopping counter: 10 out of 100
Updating learning rate to 2.824295364810001e-05
Epoch: 16 cost time: 10.387152671813965
Epoch: 16, Steps: 64 | Train Loss: 0.1357085 Vali Loss: 0.1797517 Test Loss: 0.4092570
EarlyStopping counter: 11 out of 100
Updating learning rate to 2.541865828329001e-05
Epoch: 17 cost time: 10.289955615997314
Epoch: 17, Steps: 64 | Train Loss: 0.1331348 Vali Loss: 0.1733588 Test Loss: 0.3299011
EarlyStopping counter: 12 out of 100
Updating learning rate to 2.287679245496101e-05
Epoch: 18 cost time: 10.546094417572021
Epoch: 18, Steps: 64 | Train Loss: 0.1301867 Vali Loss: 0.1773704 Test Loss: 0.3346047
EarlyStopping counter: 13 out of 100
Updating learning rate to 2.0589113209464907e-05
Epoch: 19 cost time: 10.19789743423462
Epoch: 19, Steps: 64 | Train Loss: 0.1278729 Vali Loss: 0.2120724 Test Loss: 0.4201634
EarlyStopping counter: 14 out of 100
Updating learning rate to 1.8530201888518416e-05
Epoch: 20 cost time: 10.225526332855225
Epoch: 20, Steps: 64 | Train Loss: 0.1273215 Vali Loss: 0.2022340 Test Loss: 0.3651939
EarlyStopping counter: 15 out of 100
Updating learning rate to 1.6677181699666577e-05
Epoch: 21 cost time: 10.368090629577637
Epoch: 21, Steps: 64 | Train Loss: 0.1252937 Vali Loss: 0.2220775 Test Loss: 0.3907767
EarlyStopping counter: 16 out of 100
Updating learning rate to 1.5009463529699919e-05
Epoch: 22 cost time: 10.401205062866211
Epoch: 22, Steps: 64 | Train Loss: 0.1242818 Vali Loss: 0.2637817 Test Loss: 0.4755060
EarlyStopping counter: 17 out of 100
Updating learning rate to 1.3508517176729929e-05
Epoch: 23 cost time: 10.542236089706421
Epoch: 23, Steps: 64 | Train Loss: 0.1226461 Vali Loss: 0.2311721 Test Loss: 0.3888962
EarlyStopping counter: 18 out of 100
Updating learning rate to 1.2157665459056936e-05
Epoch: 24 cost time: 10.302281141281128
Epoch: 24, Steps: 64 | Train Loss: 0.1212696 Vali Loss: 0.2788034 Test Loss: 0.4590465
EarlyStopping counter: 19 out of 100
Updating learning rate to 1.0941898913151242e-05
Epoch: 25 cost time: 10.232591152191162
Epoch: 25, Steps: 64 | Train Loss: 0.1209251 Vali Loss: 0.2574036 Test Loss: 0.3946324
EarlyStopping counter: 20 out of 100
Updating learning rate to 9.847709021836118e-06
Epoch: 26 cost time: 10.14981985092163
Epoch: 26, Steps: 64 | Train Loss: 0.1197463 Vali Loss: 0.2476420 Test Loss: 0.3900143
EarlyStopping counter: 21 out of 100
Updating learning rate to 8.862938119652508e-06
Epoch: 27 cost time: 10.393633604049683
Epoch: 27, Steps: 64 | Train Loss: 0.1187375 Vali Loss: 0.2786825 Test Loss: 0.4331287
EarlyStopping counter: 22 out of 100
Updating learning rate to 7.976644307687255e-06
Epoch: 28 cost time: 10.508800506591797
Epoch: 28, Steps: 64 | Train Loss: 0.1187249 Vali Loss: 0.2551416 Test Loss: 0.3545825
EarlyStopping counter: 23 out of 100
Updating learning rate to 7.178979876918531e-06
Epoch: 29 cost time: 10.692630767822266
Epoch: 29, Steps: 64 | Train Loss: 0.1189728 Vali Loss: 0.2585462 Test Loss: 0.4014726
EarlyStopping counter: 24 out of 100
Updating learning rate to 6.4610818892266776e-06
Epoch: 30 cost time: 10.338385343551636
Epoch: 30, Steps: 64 | Train Loss: 0.1173727 Vali Loss: 0.2682516 Test Loss: 0.4024653
EarlyStopping counter: 25 out of 100
Updating learning rate to 5.8149737003040096e-06
Epoch: 31 cost time: 10.614856958389282
Epoch: 31, Steps: 64 | Train Loss: 0.1177999 Vali Loss: 0.3099152 Test Loss: 0.4988749
EarlyStopping counter: 26 out of 100
Updating learning rate to 5.23347633027361e-06
Epoch: 32 cost time: 10.780359745025635
Epoch: 32, Steps: 64 | Train Loss: 0.1165152 Vali Loss: 0.2967693 Test Loss: 0.4621592
EarlyStopping counter: 27 out of 100
Updating learning rate to 4.710128697246249e-06
Epoch: 33 cost time: 10.509458065032959
Epoch: 33, Steps: 64 | Train Loss: 0.1168095 Vali Loss: 0.2897861 Test Loss: 0.3912609
EarlyStopping counter: 28 out of 100
Updating learning rate to 4.239115827521624e-06
Epoch: 34 cost time: 10.337677955627441
Epoch: 34, Steps: 64 | Train Loss: 0.1154277 Vali Loss: 0.2796347 Test Loss: 0.4015933
EarlyStopping counter: 29 out of 100
Updating learning rate to 3.815204244769462e-06
Epoch: 35 cost time: 10.466548681259155
Epoch: 35, Steps: 64 | Train Loss: 0.1155219 Vali Loss: 0.2898775 Test Loss: 0.4154586
EarlyStopping counter: 30 out of 100
Updating learning rate to 3.4336838202925152e-06
Epoch: 36 cost time: 10.342232465744019
Epoch: 36, Steps: 64 | Train Loss: 0.1150878 Vali Loss: 0.2928954 Test Loss: 0.4049051
EarlyStopping counter: 31 out of 100
Updating learning rate to 3.090315438263264e-06
Epoch: 37 cost time: 10.211259603500366
Epoch: 37, Steps: 64 | Train Loss: 0.1152841 Vali Loss: 0.2777953 Test Loss: 0.3691482
EarlyStopping counter: 32 out of 100
Updating learning rate to 2.7812838944369375e-06
Epoch: 38 cost time: 10.964922904968262
Epoch: 38, Steps: 64 | Train Loss: 0.1149770 Vali Loss: 0.2810497 Test Loss: 0.4132736
EarlyStopping counter: 33 out of 100
Updating learning rate to 2.503155504993244e-06
Epoch: 39 cost time: 10.650366067886353
Epoch: 39, Steps: 64 | Train Loss: 0.1143113 Vali Loss: 0.3013556 Test Loss: 0.4422251
EarlyStopping counter: 34 out of 100
Updating learning rate to 2.2528399544939195e-06
Epoch: 40 cost time: 10.343628406524658
Epoch: 40, Steps: 64 | Train Loss: 0.1145316 Vali Loss: 0.3016456 Test Loss: 0.4401924
EarlyStopping counter: 35 out of 100
Updating learning rate to 2.0275559590445276e-06
Epoch: 41 cost time: 10.40689754486084
Epoch: 41, Steps: 64 | Train Loss: 0.1140996 Vali Loss: 0.3072530 Test Loss: 0.4360723
EarlyStopping counter: 36 out of 100
Updating learning rate to 1.8248003631400751e-06
Epoch: 42 cost time: 10.513459920883179
Epoch: 42, Steps: 64 | Train Loss: 0.1145067 Vali Loss: 0.2942824 Test Loss: 0.4177938
EarlyStopping counter: 37 out of 100
Updating learning rate to 1.6423203268260676e-06
Epoch: 43 cost time: 10.449558973312378
Epoch: 43, Steps: 64 | Train Loss: 0.1137589 Vali Loss: 0.3136311 Test Loss: 0.4552678
EarlyStopping counter: 38 out of 100
Updating learning rate to 1.4780882941434609e-06
Epoch: 44 cost time: 10.418150186538696
Epoch: 44, Steps: 64 | Train Loss: 0.1138992 Vali Loss: 0.3075907 Test Loss: 0.4266270
EarlyStopping counter: 39 out of 100
Updating learning rate to 1.3302794647291146e-06
Epoch: 45 cost time: 10.352466821670532
Epoch: 45, Steps: 64 | Train Loss: 0.1131656 Vali Loss: 0.3004314 Test Loss: 0.4208371
EarlyStopping counter: 40 out of 100
Updating learning rate to 1.1972515182562034e-06
Epoch: 46 cost time: 10.641331672668457
Epoch: 46, Steps: 64 | Train Loss: 0.1130978 Vali Loss: 0.3021893 Test Loss: 0.4203103
EarlyStopping counter: 41 out of 100
Updating learning rate to 1.077526366430583e-06
Epoch: 47 cost time: 10.545337200164795
Epoch: 47, Steps: 64 | Train Loss: 0.1131041 Vali Loss: 0.2992122 Test Loss: 0.4163862
EarlyStopping counter: 42 out of 100
Updating learning rate to 9.697737297875248e-07
Epoch: 48 cost time: 10.738929510116577
Epoch: 48, Steps: 64 | Train Loss: 0.1131851 Vali Loss: 0.3068964 Test Loss: 0.4341583
EarlyStopping counter: 43 out of 100
Updating learning rate to 8.727963568087723e-07
Epoch: 49 cost time: 10.744383096694946
Epoch: 49, Steps: 64 | Train Loss: 0.1132949 Vali Loss: 0.3024291 Test Loss: 0.4119340
EarlyStopping counter: 44 out of 100
Updating learning rate to 7.855167211278951e-07
Epoch: 50 cost time: 10.42103099822998
Epoch: 50, Steps: 64 | Train Loss: 0.1129262 Vali Loss: 0.3081455 Test Loss: 0.4349540
EarlyStopping counter: 45 out of 100
Updating learning rate to 7.069650490151056e-07
Epoch: 51 cost time: 10.832506656646729
Epoch: 51, Steps: 64 | Train Loss: 0.1126594 Vali Loss: 0.3040515 Test Loss: 0.4208626
EarlyStopping counter: 46 out of 100
Updating learning rate to 6.36268544113595e-07
Epoch: 52 cost time: 10.336313962936401
Epoch: 52, Steps: 64 | Train Loss: 0.1131553 Vali Loss: 0.3081304 Test Loss: 0.4198754
EarlyStopping counter: 47 out of 100
Updating learning rate to 5.726416897022355e-07
Epoch: 53 cost time: 10.63861083984375
Epoch: 53, Steps: 64 | Train Loss: 0.1128215 Vali Loss: 0.3084496 Test Loss: 0.4342709
EarlyStopping counter: 48 out of 100
Updating learning rate to 5.15377520732012e-07
Epoch: 54 cost time: 10.641138076782227
Epoch: 54, Steps: 64 | Train Loss: 0.1126809 Vali Loss: 0.3028883 Test Loss: 0.4115332
EarlyStopping counter: 49 out of 100
Updating learning rate to 4.6383976865881085e-07
Epoch: 55 cost time: 10.406708240509033
Epoch: 55, Steps: 64 | Train Loss: 0.1126632 Vali Loss: 0.3131600 Test Loss: 0.4362732
EarlyStopping counter: 50 out of 100
Updating learning rate to 4.174557917929298e-07
Epoch: 56 cost time: 10.72249960899353
Epoch: 56, Steps: 64 | Train Loss: 0.1124721 Vali Loss: 0.3098559 Test Loss: 0.4237573
EarlyStopping counter: 51 out of 100
Updating learning rate to 3.7571021261363677e-07
Epoch: 57 cost time: 10.479886293411255
Epoch: 57, Steps: 64 | Train Loss: 0.1125371 Vali Loss: 0.3071913 Test Loss: 0.4277623
EarlyStopping counter: 52 out of 100
Updating learning rate to 3.381391913522731e-07
Epoch: 58 cost time: 10.60831880569458
Epoch: 58, Steps: 64 | Train Loss: 0.1127588 Vali Loss: 0.3160886 Test Loss: 0.4210332
EarlyStopping counter: 53 out of 100
Updating learning rate to 3.043252722170458e-07
Epoch: 59 cost time: 10.550011396408081
Epoch: 59, Steps: 64 | Train Loss: 0.1126349 Vali Loss: 0.3063117 Test Loss: 0.4272719
EarlyStopping counter: 54 out of 100
Updating learning rate to 2.7389274499534124e-07
Epoch: 60 cost time: 10.545321702957153
Epoch: 60, Steps: 64 | Train Loss: 0.1125637 Vali Loss: 0.2988608 Test Loss: 0.4124599
EarlyStopping counter: 55 out of 100
Updating learning rate to 2.465034704958071e-07
Epoch: 61 cost time: 10.630563020706177
Epoch: 61, Steps: 64 | Train Loss: 0.1126472 Vali Loss: 0.2972627 Test Loss: 0.4184114
EarlyStopping counter: 56 out of 100
Updating learning rate to 2.218531234462264e-07
Epoch: 62 cost time: 10.432684659957886
Epoch: 62, Steps: 64 | Train Loss: 0.1123847 Vali Loss: 0.3067285 Test Loss: 0.4256445
EarlyStopping counter: 57 out of 100
Updating learning rate to 1.9966781110160376e-07
Epoch: 63 cost time: 10.727883100509644
Epoch: 63, Steps: 64 | Train Loss: 0.1125659 Vali Loss: 0.3069333 Test Loss: 0.4272035
EarlyStopping counter: 58 out of 100
Updating learning rate to 1.797010299914434e-07
Epoch: 64 cost time: 10.246688604354858
Epoch: 64, Steps: 64 | Train Loss: 0.1124346 Vali Loss: 0.3021386 Test Loss: 0.4184649
EarlyStopping counter: 59 out of 100
Updating learning rate to 1.6173092699229907e-07
Epoch: 65 cost time: 10.56062126159668
Epoch: 65, Steps: 64 | Train Loss: 0.1124312 Vali Loss: 0.3101362 Test Loss: 0.4346451
EarlyStopping counter: 60 out of 100
Updating learning rate to 1.4555783429306916e-07
Epoch: 66 cost time: 10.685711145401001
Epoch: 66, Steps: 64 | Train Loss: 0.1123044 Vali Loss: 0.3139953 Test Loss: 0.4282056
EarlyStopping counter: 61 out of 100
Updating learning rate to 1.3100205086376224e-07
Epoch: 67 cost time: 10.399387121200562
Epoch: 67, Steps: 64 | Train Loss: 0.1123316 Vali Loss: 0.3078394 Test Loss: 0.4273553
EarlyStopping counter: 62 out of 100
Updating learning rate to 1.1790184577738603e-07
Epoch: 68 cost time: 10.65020227432251
Epoch: 68, Steps: 64 | Train Loss: 0.1124381 Vali Loss: 0.3060897 Test Loss: 0.4262959
EarlyStopping counter: 63 out of 100
Updating learning rate to 1.0611166119964742e-07
Epoch: 69 cost time: 10.430994987487793
Epoch: 69, Steps: 64 | Train Loss: 0.1124835 Vali Loss: 0.3065251 Test Loss: 0.4191641
EarlyStopping counter: 64 out of 100
Updating learning rate to 9.550049507968268e-08
Epoch: 70 cost time: 10.64967155456543
Epoch: 70, Steps: 64 | Train Loss: 0.1124948 Vali Loss: 0.3074083 Test Loss: 0.4231084
EarlyStopping counter: 65 out of 100
Updating learning rate to 8.595044557171442e-08
Epoch: 71 cost time: 10.366236686706543
Epoch: 71, Steps: 64 | Train Loss: 0.1125236 Vali Loss: 0.3070323 Test Loss: 0.4304930
EarlyStopping counter: 66 out of 100
Updating learning rate to 7.735540101454298e-08
Epoch: 72 cost time: 10.447033882141113
Epoch: 72, Steps: 64 | Train Loss: 0.1123058 Vali Loss: 0.3067628 Test Loss: 0.4241662
EarlyStopping counter: 67 out of 100
Updating learning rate to 6.961986091308869e-08
Epoch: 73 cost time: 10.302039623260498
Epoch: 73, Steps: 64 | Train Loss: 0.1122755 Vali Loss: 0.3075522 Test Loss: 0.4264389
EarlyStopping counter: 68 out of 100
Updating learning rate to 6.265787482177981e-08
Epoch: 74 cost time: 10.548030138015747
Epoch: 74, Steps: 64 | Train Loss: 0.1121318 Vali Loss: 0.3105875 Test Loss: 0.4271389
EarlyStopping counter: 69 out of 100
Updating learning rate to 5.639208733960184e-08
Epoch: 75 cost time: 10.588122367858887
Epoch: 75, Steps: 64 | Train Loss: 0.1120519 Vali Loss: 0.3044510 Test Loss: 0.4189009
EarlyStopping counter: 70 out of 100
Updating learning rate to 5.075287860564165e-08
Epoch: 76 cost time: 10.971252202987671
Epoch: 76, Steps: 64 | Train Loss: 0.1123042 Vali Loss: 0.3037560 Test Loss: 0.4252548
EarlyStopping counter: 71 out of 100
Updating learning rate to 4.567759074507749e-08
Epoch: 77 cost time: 10.836862087249756
Epoch: 77, Steps: 64 | Train Loss: 0.1119254 Vali Loss: 0.3078628 Test Loss: 0.4213363
EarlyStopping counter: 72 out of 100
Updating learning rate to 4.1109831670569744e-08
Epoch: 78 cost time: 10.612258195877075
Epoch: 78, Steps: 64 | Train Loss: 0.1122906 Vali Loss: 0.3083965 Test Loss: 0.4268459
EarlyStopping counter: 73 out of 100
Updating learning rate to 3.6998848503512764e-08
Epoch: 79 cost time: 10.543012380599976
Epoch: 79, Steps: 64 | Train Loss: 0.1121748 Vali Loss: 0.3126403 Test Loss: 0.4273783
EarlyStopping counter: 74 out of 100
Updating learning rate to 3.3298963653161496e-08
Epoch: 80 cost time: 10.505657196044922
Epoch: 80, Steps: 64 | Train Loss: 0.1123567 Vali Loss: 0.3026945 Test Loss: 0.4231279
EarlyStopping counter: 75 out of 100
Updating learning rate to 2.996906728784534e-08
Epoch: 81 cost time: 10.795346021652222
Epoch: 81, Steps: 64 | Train Loss: 0.1118711 Vali Loss: 0.3086053 Test Loss: 0.4273432
EarlyStopping counter: 76 out of 100
Updating learning rate to 2.697216055906081e-08
Epoch: 82 cost time: 10.927940845489502
Epoch: 82, Steps: 64 | Train Loss: 0.1122830 Vali Loss: 0.3044793 Test Loss: 0.4219619
EarlyStopping counter: 77 out of 100
Updating learning rate to 2.427494450315473e-08
Epoch: 83 cost time: 10.739635944366455
Epoch: 83, Steps: 64 | Train Loss: 0.1121581 Vali Loss: 0.3151968 Test Loss: 0.4320759
EarlyStopping counter: 78 out of 100
Updating learning rate to 2.1847450052839257e-08
Epoch: 84 cost time: 10.383620262145996
Epoch: 84, Steps: 64 | Train Loss: 0.1126866 Vali Loss: 0.3062192 Test Loss: 0.4229859
EarlyStopping counter: 79 out of 100
Updating learning rate to 1.9662705047555332e-08
Epoch: 85 cost time: 10.475835800170898
Epoch: 85, Steps: 64 | Train Loss: 0.1125378 Vali Loss: 0.3082430 Test Loss: 0.4219970
EarlyStopping counter: 80 out of 100
Updating learning rate to 1.7696434542799797e-08
Epoch: 86 cost time: 10.442240715026855
Epoch: 86, Steps: 64 | Train Loss: 0.1123650 Vali Loss: 0.2999314 Test Loss: 0.4216953
EarlyStopping counter: 81 out of 100
Updating learning rate to 1.5926791088519817e-08
Epoch: 87 cost time: 10.454509496688843
Epoch: 87, Steps: 64 | Train Loss: 0.1125906 Vali Loss: 0.3071721 Test Loss: 0.4197766
EarlyStopping counter: 82 out of 100
Updating learning rate to 1.4334111979667836e-08
Epoch: 88 cost time: 10.306529998779297
Epoch: 88, Steps: 64 | Train Loss: 0.1120986 Vali Loss: 0.3080111 Test Loss: 0.4279371
EarlyStopping counter: 83 out of 100
Updating learning rate to 1.2900700781701054e-08
Epoch: 89 cost time: 10.662662982940674
Epoch: 89, Steps: 64 | Train Loss: 0.1121699 Vali Loss: 0.3092096 Test Loss: 0.4308943
EarlyStopping counter: 84 out of 100
Updating learning rate to 1.161063070353095e-08
Epoch: 90 cost time: 10.465707778930664
Epoch: 90, Steps: 64 | Train Loss: 0.1124607 Vali Loss: 0.3105420 Test Loss: 0.4314018
EarlyStopping counter: 85 out of 100
Updating learning rate to 1.0449567633177854e-08
Epoch: 91 cost time: 10.772587060928345
Epoch: 91, Steps: 64 | Train Loss: 0.1120693 Vali Loss: 0.3011936 Test Loss: 0.4184354
EarlyStopping counter: 86 out of 100
Updating learning rate to 9.404610869860069e-09
Epoch: 92 cost time: 10.845351457595825
Epoch: 92, Steps: 64 | Train Loss: 0.1123579 Vali Loss: 0.3063387 Test Loss: 0.4205135
EarlyStopping counter: 87 out of 100
Updating learning rate to 8.464149782874063e-09
Epoch: 93 cost time: 11.229180574417114
Epoch: 93, Steps: 64 | Train Loss: 0.1121097 Vali Loss: 0.3092611 Test Loss: 0.4290162
EarlyStopping counter: 88 out of 100
Updating learning rate to 7.617734804586658e-09
Epoch: 94 cost time: 10.619264125823975
Epoch: 94, Steps: 64 | Train Loss: 0.1119809 Vali Loss: 0.3110881 Test Loss: 0.4284933
EarlyStopping counter: 89 out of 100
Updating learning rate to 6.855961324127991e-09
Epoch: 95 cost time: 10.35837197303772
Epoch: 95, Steps: 64 | Train Loss: 0.1123760 Vali Loss: 0.3074673 Test Loss: 0.4231707
EarlyStopping counter: 90 out of 100
Updating learning rate to 6.170365191715193e-09
Epoch: 96 cost time: 10.450857639312744
Epoch: 96, Steps: 64 | Train Loss: 0.1122036 Vali Loss: 0.3145459 Test Loss: 0.4305561
EarlyStopping counter: 91 out of 100
Updating learning rate to 5.5533286725436726e-09
Epoch: 97 cost time: 10.460607051849365
Epoch: 97, Steps: 64 | Train Loss: 0.1123156 Vali Loss: 0.3102235 Test Loss: 0.4283646
EarlyStopping counter: 92 out of 100
Updating learning rate to 4.997995805289306e-09
Epoch: 98 cost time: 10.530062913894653
Epoch: 98, Steps: 64 | Train Loss: 0.1121852 Vali Loss: 0.3086617 Test Loss: 0.4236192
EarlyStopping counter: 93 out of 100
Updating learning rate to 4.498196224760375e-09
Epoch: 99 cost time: 10.65360951423645
Epoch: 99, Steps: 64 | Train Loss: 0.1126281 Vali Loss: 0.3054545 Test Loss: 0.4242020
EarlyStopping counter: 94 out of 100
Updating learning rate to 4.048376602284338e-09
Epoch: 100 cost time: 10.41202974319458
Epoch: 100, Steps: 64 | Train Loss: 0.1122325 Vali Loss: 0.3029125 Test Loss: 0.4210132
EarlyStopping counter: 95 out of 100
Updating learning rate to 3.643538942055904e-09
>>>>>>>testing : ETTh1_96_336_Informer_ETTh1_ftS_sl96_ll48_pl336_dm512_nh8_el2_dl1_df2048_fc3_ebtimeF_dtTrue_Exp_0<<<<<<<<<<<<<<<<<<<<<<<<<<<<<<<<<
test 2545
mse:0.31077349185943604, mae:0.486229807138443, rse:1.692306637763977
