Args in experiment:
Namespace(activation='gelu', affine=0, batch_size=128, c_out=1, checkpoints='./checkpoints/', d_ff=2048, d_layers=1, d_model=512, data='ETTh2', data_path='ETTh2.csv', dec_in=1, decomposition=0, des='Exp', devices='0,1,2,3', distil=True, do_predict=False, dropout=0.05, e_layers=2, embed='timeF', embed_type=0, enc_in=1, factor=3, fc_dropout=0.05, features='S', freq='h', gpu=0, head_dropout=0.0, individual=0, is_training=1, itr=1, kernel_size=25, label_len=48, learning_rate=0.0001, loss='mse', lradj='type3', model='Informer', model_id='ETTh2_96_336', moving_avg=25, n_heads=8, num_workers=10, output_attention=False, padding_patch='end', patch_len=16, patience=100, pct_start=0.3, pred_len=336, random_seed=2021, revin=1, root_path='./dataset/', seq_len=96, stride=8, subtract_last=0, target='OT', test_flop=False, train_epochs=100, use_amp=False, use_gpu=True, use_multi_gpu=False)
Use GPU: cuda:0
>>>>>>>start training : ETTh2_96_336_Informer_ETTh2_ftS_sl96_ll48_pl336_dm512_nh8_el2_dl1_df2048_fc3_ebtimeF_dtTrue_Exp_0>>>>>>>>>>>>>>>>>>>>>>>>>>
train 8209
val 2545
test 2545
Epoch: 1 cost time: 10.341238498687744
Epoch: 1, Steps: 64 | Train Loss: 0.6354219 Vali Loss: 0.3867060 Test Loss: 0.2796938
Validation loss decreased (inf --> 0.386706).  Saving model ...
Updating learning rate to 0.0001
Epoch: 2 cost time: 10.408016443252563
Epoch: 2, Steps: 64 | Train Loss: 0.3497125 Vali Loss: 0.2684470 Test Loss: 0.3204128
Validation loss decreased (0.386706 --> 0.268447).  Saving model ...
Updating learning rate to 0.0001
Epoch: 3 cost time: 10.557104110717773
Epoch: 3, Steps: 64 | Train Loss: 0.2955631 Vali Loss: 0.2534417 Test Loss: 0.2620417
Validation loss decreased (0.268447 --> 0.253442).  Saving model ...
Updating learning rate to 0.0001
Epoch: 4 cost time: 10.329594135284424
Epoch: 4, Steps: 64 | Train Loss: 0.2780592 Vali Loss: 0.2583264 Test Loss: 0.2766811
EarlyStopping counter: 1 out of 100
Updating learning rate to 9e-05
Epoch: 5 cost time: 10.53904414176941
Epoch: 5, Steps: 64 | Train Loss: 0.2712474 Vali Loss: 0.2626225 Test Loss: 0.3062018
EarlyStopping counter: 2 out of 100
Updating learning rate to 8.1e-05
Epoch: 6 cost time: 10.777618169784546
Epoch: 6, Steps: 64 | Train Loss: 0.2573133 Vali Loss: 0.2852265 Test Loss: 0.3394139
EarlyStopping counter: 3 out of 100
Updating learning rate to 7.290000000000001e-05
Epoch: 7 cost time: 10.520843505859375
Epoch: 7, Steps: 64 | Train Loss: 0.2462807 Vali Loss: 0.2683362 Test Loss: 0.3646520
EarlyStopping counter: 4 out of 100
Updating learning rate to 6.561e-05
Epoch: 8 cost time: 10.591124534606934
Epoch: 8, Steps: 64 | Train Loss: 0.2385248 Vali Loss: 0.2744793 Test Loss: 0.2950365
EarlyStopping counter: 5 out of 100
Updating learning rate to 5.904900000000001e-05
Epoch: 9 cost time: 10.35614800453186
Epoch: 9, Steps: 64 | Train Loss: 0.2274010 Vali Loss: 0.2953104 Test Loss: 0.2490089
EarlyStopping counter: 6 out of 100
Updating learning rate to 5.3144100000000005e-05
Epoch: 10 cost time: 10.551631212234497
Epoch: 10, Steps: 64 | Train Loss: 0.2192076 Vali Loss: 0.3688702 Test Loss: 0.2657956
EarlyStopping counter: 7 out of 100
Updating learning rate to 4.782969000000001e-05
Epoch: 11 cost time: 10.49662971496582
Epoch: 11, Steps: 64 | Train Loss: 0.2179449 Vali Loss: 0.2984987 Test Loss: 0.3119657
EarlyStopping counter: 8 out of 100
Updating learning rate to 4.304672100000001e-05
Epoch: 12 cost time: 10.615313529968262
Epoch: 12, Steps: 64 | Train Loss: 0.2148206 Vali Loss: 0.3028769 Test Loss: 0.3232920
EarlyStopping counter: 9 out of 100
Updating learning rate to 3.874204890000001e-05
Epoch: 13 cost time: 10.523778438568115
Epoch: 13, Steps: 64 | Train Loss: 0.2030934 Vali Loss: 0.3210315 Test Loss: 0.2945505
EarlyStopping counter: 10 out of 100
Updating learning rate to 3.486784401000001e-05
Epoch: 14 cost time: 10.521587610244751
Epoch: 14, Steps: 64 | Train Loss: 0.1983641 Vali Loss: 0.3374356 Test Loss: 0.2685839
EarlyStopping counter: 11 out of 100
Updating learning rate to 3.138105960900001e-05
Epoch: 15 cost time: 10.680788278579712
Epoch: 15, Steps: 64 | Train Loss: 0.1942845 Vali Loss: 0.3101899 Test Loss: 0.3252175
EarlyStopping counter: 12 out of 100
Updating learning rate to 2.824295364810001e-05
Epoch: 16 cost time: 10.624324798583984
Epoch: 16, Steps: 64 | Train Loss: 0.1920796 Vali Loss: 0.3250749 Test Loss: 0.2891777
EarlyStopping counter: 13 out of 100
Updating learning rate to 2.541865828329001e-05
Epoch: 17 cost time: 10.573589563369751
Epoch: 17, Steps: 64 | Train Loss: 0.1881824 Vali Loss: 0.3104004 Test Loss: 0.3077749
EarlyStopping counter: 14 out of 100
Updating learning rate to 2.287679245496101e-05
Epoch: 18 cost time: 10.84131407737732
Epoch: 18, Steps: 64 | Train Loss: 0.1885896 Vali Loss: 0.3065890 Test Loss: 0.2750786
EarlyStopping counter: 15 out of 100
Updating learning rate to 2.0589113209464907e-05
Epoch: 19 cost time: 10.617522716522217
Epoch: 19, Steps: 64 | Train Loss: 0.1848256 Vali Loss: 0.3092956 Test Loss: 0.2961880
EarlyStopping counter: 16 out of 100
Updating learning rate to 1.8530201888518416e-05
Epoch: 20 cost time: 10.675026178359985
Epoch: 20, Steps: 64 | Train Loss: 0.1834731 Vali Loss: 0.3142993 Test Loss: 0.2851278
EarlyStopping counter: 17 out of 100
Updating learning rate to 1.6677181699666577e-05
Epoch: 21 cost time: 10.467296361923218
Epoch: 21, Steps: 64 | Train Loss: 0.1820377 Vali Loss: 0.3037615 Test Loss: 0.3086812
EarlyStopping counter: 18 out of 100
Updating learning rate to 1.5009463529699919e-05
Epoch: 22 cost time: 10.495626449584961
Epoch: 22, Steps: 64 | Train Loss: 0.1804878 Vali Loss: 0.3122481 Test Loss: 0.3239917
EarlyStopping counter: 19 out of 100
Updating learning rate to 1.3508517176729929e-05
Epoch: 23 cost time: 10.509304761886597
Epoch: 23, Steps: 64 | Train Loss: 0.1792941 Vali Loss: 0.3199148 Test Loss: 0.2886489
EarlyStopping counter: 20 out of 100
Updating learning rate to 1.2157665459056936e-05
Epoch: 24 cost time: 10.49107551574707
Epoch: 24, Steps: 64 | Train Loss: 0.1776434 Vali Loss: 0.3136736 Test Loss: 0.2878822
EarlyStopping counter: 21 out of 100
Updating learning rate to 1.0941898913151242e-05
Epoch: 25 cost time: 10.563178777694702
Epoch: 25, Steps: 64 | Train Loss: 0.1775218 Vali Loss: 0.3167504 Test Loss: 0.2788808
EarlyStopping counter: 22 out of 100
Updating learning rate to 9.847709021836118e-06
Epoch: 26 cost time: 10.725253582000732
Epoch: 26, Steps: 64 | Train Loss: 0.1766525 Vali Loss: 0.3145553 Test Loss: 0.3018917
EarlyStopping counter: 23 out of 100
Updating learning rate to 8.862938119652508e-06
Epoch: 27 cost time: 10.46309781074524
Epoch: 27, Steps: 64 | Train Loss: 0.1754677 Vali Loss: 0.3139180 Test Loss: 0.2880963
EarlyStopping counter: 24 out of 100
Updating learning rate to 7.976644307687255e-06
Epoch: 28 cost time: 10.826136827468872
Epoch: 28, Steps: 64 | Train Loss: 0.1749314 Vali Loss: 0.3163087 Test Loss: 0.2933516
EarlyStopping counter: 25 out of 100
Updating learning rate to 7.178979876918531e-06
Epoch: 29 cost time: 10.578872919082642
Epoch: 29, Steps: 64 | Train Loss: 0.1742216 Vali Loss: 0.3183029 Test Loss: 0.2810003
EarlyStopping counter: 26 out of 100
Updating learning rate to 6.4610818892266776e-06
Epoch: 30 cost time: 11.036951303482056
Epoch: 30, Steps: 64 | Train Loss: 0.1737681 Vali Loss: 0.3225576 Test Loss: 0.2788257
EarlyStopping counter: 27 out of 100
Updating learning rate to 5.8149737003040096e-06
Epoch: 31 cost time: 10.506431579589844
Epoch: 31, Steps: 64 | Train Loss: 0.1729476 Vali Loss: 0.3182060 Test Loss: 0.2934605
EarlyStopping counter: 28 out of 100
Updating learning rate to 5.23347633027361e-06
Epoch: 32 cost time: 10.672029256820679
Epoch: 32, Steps: 64 | Train Loss: 0.1728229 Vali Loss: 0.3184002 Test Loss: 0.2819864
EarlyStopping counter: 29 out of 100
Updating learning rate to 4.710128697246249e-06
Epoch: 33 cost time: 10.51603102684021
Epoch: 33, Steps: 64 | Train Loss: 0.1735803 Vali Loss: 0.3143451 Test Loss: 0.2972654
EarlyStopping counter: 30 out of 100
Updating learning rate to 4.239115827521624e-06
Epoch: 34 cost time: 10.675633192062378
Epoch: 34, Steps: 64 | Train Loss: 0.1719197 Vali Loss: 0.3144459 Test Loss: 0.2916404
EarlyStopping counter: 31 out of 100
Updating learning rate to 3.815204244769462e-06
Epoch: 35 cost time: 10.374931335449219
Epoch: 35, Steps: 64 | Train Loss: 0.1713387 Vali Loss: 0.3173976 Test Loss: 0.2914822
EarlyStopping counter: 32 out of 100
Updating learning rate to 3.4336838202925152e-06
Epoch: 36 cost time: 10.685462474822998
Epoch: 36, Steps: 64 | Train Loss: 0.1714481 Vali Loss: 0.3155667 Test Loss: 0.2855918
EarlyStopping counter: 33 out of 100
Updating learning rate to 3.090315438263264e-06
Epoch: 37 cost time: 10.548119306564331
Epoch: 37, Steps: 64 | Train Loss: 0.1712883 Vali Loss: 0.3240830 Test Loss: 0.2768087
EarlyStopping counter: 34 out of 100
Updating learning rate to 2.7812838944369375e-06
Epoch: 38 cost time: 10.708118438720703
Epoch: 38, Steps: 64 | Train Loss: 0.1706214 Vali Loss: 0.3163193 Test Loss: 0.2828929
EarlyStopping counter: 35 out of 100
Updating learning rate to 2.503155504993244e-06
Epoch: 39 cost time: 10.659473896026611
Epoch: 39, Steps: 64 | Train Loss: 0.1702102 Vali Loss: 0.3171443 Test Loss: 0.2891017
EarlyStopping counter: 36 out of 100
Updating learning rate to 2.2528399544939195e-06
Epoch: 40 cost time: 10.607360124588013
Epoch: 40, Steps: 64 | Train Loss: 0.1700146 Vali Loss: 0.3149218 Test Loss: 0.2924386
EarlyStopping counter: 37 out of 100
Updating learning rate to 2.0275559590445276e-06
Epoch: 41 cost time: 10.512904167175293
Epoch: 41, Steps: 64 | Train Loss: 0.1699127 Vali Loss: 0.3194354 Test Loss: 0.2892195
EarlyStopping counter: 38 out of 100
Updating learning rate to 1.8248003631400751e-06
Epoch: 42 cost time: 10.701402187347412
Epoch: 42, Steps: 64 | Train Loss: 0.1702593 Vali Loss: 0.3206260 Test Loss: 0.2849593
EarlyStopping counter: 39 out of 100
Updating learning rate to 1.6423203268260676e-06
Epoch: 43 cost time: 10.34824800491333
Epoch: 43, Steps: 64 | Train Loss: 0.1693707 Vali Loss: 0.3192301 Test Loss: 0.3032825
EarlyStopping counter: 40 out of 100
Updating learning rate to 1.4780882941434609e-06
Epoch: 44 cost time: 10.548971176147461
Epoch: 44, Steps: 64 | Train Loss: 0.1697192 Vali Loss: 0.3159889 Test Loss: 0.2992195
EarlyStopping counter: 41 out of 100
Updating learning rate to 1.3302794647291146e-06
Epoch: 45 cost time: 10.34993314743042
Epoch: 45, Steps: 64 | Train Loss: 0.1694672 Vali Loss: 0.3206312 Test Loss: 0.2829016
EarlyStopping counter: 42 out of 100
Updating learning rate to 1.1972515182562034e-06
Epoch: 46 cost time: 10.552919864654541
Epoch: 46, Steps: 64 | Train Loss: 0.1689725 Vali Loss: 0.3211826 Test Loss: 0.2922648
EarlyStopping counter: 43 out of 100
Updating learning rate to 1.077526366430583e-06
Epoch: 47 cost time: 10.434616804122925
Epoch: 47, Steps: 64 | Train Loss: 0.1693528 Vali Loss: 0.3235092 Test Loss: 0.2882974
EarlyStopping counter: 44 out of 100
Updating learning rate to 9.697737297875248e-07
Epoch: 48 cost time: 10.471327543258667
Epoch: 48, Steps: 64 | Train Loss: 0.1689207 Vali Loss: 0.3164199 Test Loss: 0.2990563
EarlyStopping counter: 45 out of 100
Updating learning rate to 8.727963568087723e-07
Epoch: 49 cost time: 10.442231893539429
Epoch: 49, Steps: 64 | Train Loss: 0.1693293 Vali Loss: 0.3204701 Test Loss: 0.2881754
EarlyStopping counter: 46 out of 100
Updating learning rate to 7.855167211278951e-07
Epoch: 50 cost time: 10.6217520236969
Epoch: 50, Steps: 64 | Train Loss: 0.1688294 Vali Loss: 0.3180790 Test Loss: 0.2995237
EarlyStopping counter: 47 out of 100
Updating learning rate to 7.069650490151056e-07
Epoch: 51 cost time: 10.617811441421509
Epoch: 51, Steps: 64 | Train Loss: 0.1688614 Vali Loss: 0.3181593 Test Loss: 0.2874116
EarlyStopping counter: 48 out of 100
Updating learning rate to 6.36268544113595e-07
Epoch: 52 cost time: 10.530582904815674
Epoch: 52, Steps: 64 | Train Loss: 0.1690980 Vali Loss: 0.3194455 Test Loss: 0.2915268
EarlyStopping counter: 49 out of 100
Updating learning rate to 5.726416897022355e-07
Epoch: 53 cost time: 10.363740682601929
Epoch: 53, Steps: 64 | Train Loss: 0.1686945 Vali Loss: 0.3262122 Test Loss: 0.2915816
EarlyStopping counter: 50 out of 100
Updating learning rate to 5.15377520732012e-07
Epoch: 54 cost time: 10.59825348854065
Epoch: 54, Steps: 64 | Train Loss: 0.1686415 Vali Loss: 0.3173314 Test Loss: 0.2845848
EarlyStopping counter: 51 out of 100
Updating learning rate to 4.6383976865881085e-07
Epoch: 55 cost time: 10.751107454299927
Epoch: 55, Steps: 64 | Train Loss: 0.1685638 Vali Loss: 0.3206627 Test Loss: 0.2940547
EarlyStopping counter: 52 out of 100
Updating learning rate to 4.174557917929298e-07
Epoch: 56 cost time: 10.480916738510132
Epoch: 56, Steps: 64 | Train Loss: 0.1682402 Vali Loss: 0.3198807 Test Loss: 0.2905660
EarlyStopping counter: 53 out of 100
Updating learning rate to 3.7571021261363677e-07
Epoch: 57 cost time: 10.434919357299805
Epoch: 57, Steps: 64 | Train Loss: 0.1686301 Vali Loss: 0.3180288 Test Loss: 0.2942793
EarlyStopping counter: 54 out of 100
Updating learning rate to 3.381391913522731e-07
Epoch: 58 cost time: 10.462157964706421
Epoch: 58, Steps: 64 | Train Loss: 0.1685444 Vali Loss: 0.3227873 Test Loss: 0.2922878
EarlyStopping counter: 55 out of 100
Updating learning rate to 3.043252722170458e-07
Epoch: 59 cost time: 10.295475006103516
Epoch: 59, Steps: 64 | Train Loss: 0.1683449 Vali Loss: 0.3220354 Test Loss: 0.2936073
EarlyStopping counter: 56 out of 100
Updating learning rate to 2.7389274499534124e-07
Epoch: 60 cost time: 10.412787675857544
Epoch: 60, Steps: 64 | Train Loss: 0.1684644 Vali Loss: 0.3176777 Test Loss: 0.2861635
EarlyStopping counter: 57 out of 100
Updating learning rate to 2.465034704958071e-07
Epoch: 61 cost time: 10.45434021949768
Epoch: 61, Steps: 64 | Train Loss: 0.1685317 Vali Loss: 0.3186833 Test Loss: 0.2882198
EarlyStopping counter: 58 out of 100
Updating learning rate to 2.218531234462264e-07
Epoch: 62 cost time: 10.911253690719604
Epoch: 62, Steps: 64 | Train Loss: 0.1685030 Vali Loss: 0.3180033 Test Loss: 0.2933245
EarlyStopping counter: 59 out of 100
Updating learning rate to 1.9966781110160376e-07
Epoch: 63 cost time: 10.511979579925537
Epoch: 63, Steps: 64 | Train Loss: 0.1680601 Vali Loss: 0.3188647 Test Loss: 0.2931519
EarlyStopping counter: 60 out of 100
Updating learning rate to 1.797010299914434e-07
Epoch: 64 cost time: 10.836410284042358
Epoch: 64, Steps: 64 | Train Loss: 0.1686311 Vali Loss: 0.3211672 Test Loss: 0.2890062
EarlyStopping counter: 61 out of 100
Updating learning rate to 1.6173092699229907e-07
Epoch: 65 cost time: 10.73152470588684
Epoch: 65, Steps: 64 | Train Loss: 0.1686191 Vali Loss: 0.3211211 Test Loss: 0.2924478
EarlyStopping counter: 62 out of 100
Updating learning rate to 1.4555783429306916e-07
Epoch: 66 cost time: 10.8751802444458
Epoch: 66, Steps: 64 | Train Loss: 0.1681584 Vali Loss: 0.3217462 Test Loss: 0.2934898
EarlyStopping counter: 63 out of 100
Updating learning rate to 1.3100205086376224e-07
Epoch: 67 cost time: 10.549940824508667
Epoch: 67, Steps: 64 | Train Loss: 0.1683310 Vali Loss: 0.3209967 Test Loss: 0.2917153
EarlyStopping counter: 64 out of 100
Updating learning rate to 1.1790184577738603e-07
Epoch: 68 cost time: 10.524355173110962
Epoch: 68, Steps: 64 | Train Loss: 0.1681876 Vali Loss: 0.3219321 Test Loss: 0.2915812
EarlyStopping counter: 65 out of 100
Updating learning rate to 1.0611166119964742e-07
Epoch: 69 cost time: 10.575525760650635
Epoch: 69, Steps: 64 | Train Loss: 0.1683889 Vali Loss: 0.3204994 Test Loss: 0.2897974
EarlyStopping counter: 66 out of 100
Updating learning rate to 9.550049507968268e-08
Epoch: 70 cost time: 10.540234088897705
Epoch: 70, Steps: 64 | Train Loss: 0.1685157 Vali Loss: 0.3192648 Test Loss: 0.2902251
EarlyStopping counter: 67 out of 100
Updating learning rate to 8.595044557171442e-08
Epoch: 71 cost time: 10.464521646499634
Epoch: 71, Steps: 64 | Train Loss: 0.1686706 Vali Loss: 0.3227755 Test Loss: 0.2927607
EarlyStopping counter: 68 out of 100
Updating learning rate to 7.735540101454298e-08
Epoch: 72 cost time: 10.632861852645874
Epoch: 72, Steps: 64 | Train Loss: 0.1684031 Vali Loss: 0.3188298 Test Loss: 0.2902280
EarlyStopping counter: 69 out of 100
Updating learning rate to 6.961986091308869e-08
Epoch: 73 cost time: 10.606918334960938
Epoch: 73, Steps: 64 | Train Loss: 0.1681939 Vali Loss: 0.3212747 Test Loss: 0.2916978
EarlyStopping counter: 70 out of 100
Updating learning rate to 6.265787482177981e-08
Epoch: 74 cost time: 10.357414722442627
Epoch: 74, Steps: 64 | Train Loss: 0.1683869 Vali Loss: 0.3200556 Test Loss: 0.2912003
EarlyStopping counter: 71 out of 100
Updating learning rate to 5.639208733960184e-08
Epoch: 75 cost time: 10.375608444213867
Epoch: 75, Steps: 64 | Train Loss: 0.1680739 Vali Loss: 0.3186408 Test Loss: 0.2919263
EarlyStopping counter: 72 out of 100
Updating learning rate to 5.075287860564165e-08
Epoch: 76 cost time: 10.547073125839233
Epoch: 76, Steps: 64 | Train Loss: 0.1683933 Vali Loss: 0.3220282 Test Loss: 0.2928658
EarlyStopping counter: 73 out of 100
Updating learning rate to 4.567759074507749e-08
Epoch: 77 cost time: 10.535196781158447
Epoch: 77, Steps: 64 | Train Loss: 0.1680321 Vali Loss: 0.3180754 Test Loss: 0.2916060
EarlyStopping counter: 74 out of 100
Updating learning rate to 4.1109831670569744e-08
Epoch: 78 cost time: 10.466261148452759
Epoch: 78, Steps: 64 | Train Loss: 0.1684702 Vali Loss: 0.3215758 Test Loss: 0.2911847
EarlyStopping counter: 75 out of 100
Updating learning rate to 3.6998848503512764e-08
Epoch: 79 cost time: 10.566344261169434
Epoch: 79, Steps: 64 | Train Loss: 0.1683660 Vali Loss: 0.3191632 Test Loss: 0.2934933
EarlyStopping counter: 76 out of 100
Updating learning rate to 3.3298963653161496e-08
Epoch: 80 cost time: 10.31205129623413
Epoch: 80, Steps: 64 | Train Loss: 0.1686480 Vali Loss: 0.3192376 Test Loss: 0.2914252
EarlyStopping counter: 77 out of 100
Updating learning rate to 2.996906728784534e-08
Epoch: 81 cost time: 10.420724391937256
Epoch: 81, Steps: 64 | Train Loss: 0.1680466 Vali Loss: 0.3199759 Test Loss: 0.2904251
EarlyStopping counter: 78 out of 100
Updating learning rate to 2.697216055906081e-08
Epoch: 82 cost time: 10.694525718688965
Epoch: 82, Steps: 64 | Train Loss: 0.1682985 Vali Loss: 0.3165962 Test Loss: 0.2890175
EarlyStopping counter: 79 out of 100
Updating learning rate to 2.427494450315473e-08
Epoch: 83 cost time: 10.501227140426636
Epoch: 83, Steps: 64 | Train Loss: 0.1679856 Vali Loss: 0.3227899 Test Loss: 0.2948757
EarlyStopping counter: 80 out of 100
Updating learning rate to 2.1847450052839257e-08
Epoch: 84 cost time: 10.491185665130615
Epoch: 84, Steps: 64 | Train Loss: 0.1683945 Vali Loss: 0.3215085 Test Loss: 0.2910315
EarlyStopping counter: 81 out of 100
Updating learning rate to 1.9662705047555332e-08
Epoch: 85 cost time: 10.641932964324951
Epoch: 85, Steps: 64 | Train Loss: 0.1682806 Vali Loss: 0.3182558 Test Loss: 0.2923085
EarlyStopping counter: 82 out of 100
Updating learning rate to 1.7696434542799797e-08
Epoch: 86 cost time: 10.27632999420166
Epoch: 86, Steps: 64 | Train Loss: 0.1677606 Vali Loss: 0.3182918 Test Loss: 0.2915317
EarlyStopping counter: 83 out of 100
Updating learning rate to 1.5926791088519817e-08
Epoch: 87 cost time: 10.602455854415894
Epoch: 87, Steps: 64 | Train Loss: 0.1683290 Vali Loss: 0.3184614 Test Loss: 0.2895333
EarlyStopping counter: 84 out of 100
Updating learning rate to 1.4334111979667836e-08
Epoch: 88 cost time: 10.497105121612549
Epoch: 88, Steps: 64 | Train Loss: 0.1680777 Vali Loss: 0.3210076 Test Loss: 0.2925498
EarlyStopping counter: 85 out of 100
Updating learning rate to 1.2900700781701054e-08
Epoch: 89 cost time: 10.411824703216553
Epoch: 89, Steps: 64 | Train Loss: 0.1681349 Vali Loss: 0.3220192 Test Loss: 0.2892710
EarlyStopping counter: 86 out of 100
Updating learning rate to 1.161063070353095e-08
Epoch: 90 cost time: 10.39622163772583
Epoch: 90, Steps: 64 | Train Loss: 0.1683125 Vali Loss: 0.3223019 Test Loss: 0.2928400
EarlyStopping counter: 87 out of 100
Updating learning rate to 1.0449567633177854e-08
Epoch: 91 cost time: 10.452774286270142
Epoch: 91, Steps: 64 | Train Loss: 0.1679045 Vali Loss: 0.3151219 Test Loss: 0.2888309
EarlyStopping counter: 88 out of 100
Updating learning rate to 9.404610869860069e-09
Epoch: 92 cost time: 10.628605127334595
Epoch: 92, Steps: 64 | Train Loss: 0.1679753 Vali Loss: 0.3163467 Test Loss: 0.2889672
EarlyStopping counter: 89 out of 100
Updating learning rate to 8.464149782874063e-09
Epoch: 93 cost time: 11.121326208114624
Epoch: 93, Steps: 64 | Train Loss: 0.1677348 Vali Loss: 0.3214367 Test Loss: 0.2904663
EarlyStopping counter: 90 out of 100
Updating learning rate to 7.617734804586658e-09
Epoch: 94 cost time: 10.683845520019531
Epoch: 94, Steps: 64 | Train Loss: 0.1682282 Vali Loss: 0.3217317 Test Loss: 0.2922570
EarlyStopping counter: 91 out of 100
Updating learning rate to 6.855961324127991e-09
Epoch: 95 cost time: 10.564978122711182
Epoch: 95, Steps: 64 | Train Loss: 0.1679489 Vali Loss: 0.3178016 Test Loss: 0.2908714
EarlyStopping counter: 92 out of 100
Updating learning rate to 6.170365191715193e-09
Epoch: 96 cost time: 10.665376663208008
Epoch: 96, Steps: 64 | Train Loss: 0.1682002 Vali Loss: 0.3227439 Test Loss: 0.2939216
EarlyStopping counter: 93 out of 100
Updating learning rate to 5.5533286725436726e-09
Epoch: 97 cost time: 10.802263975143433
Epoch: 97, Steps: 64 | Train Loss: 0.1682145 Vali Loss: 0.3206024 Test Loss: 0.2920220
EarlyStopping counter: 94 out of 100
Updating learning rate to 4.997995805289306e-09
Epoch: 98 cost time: 10.490512132644653
Epoch: 98, Steps: 64 | Train Loss: 0.1679858 Vali Loss: 0.3192188 Test Loss: 0.2916563
EarlyStopping counter: 95 out of 100
Updating learning rate to 4.498196224760375e-09
Epoch: 99 cost time: 10.481415748596191
Epoch: 99, Steps: 64 | Train Loss: 0.1684889 Vali Loss: 0.3202946 Test Loss: 0.2906710
EarlyStopping counter: 96 out of 100
Updating learning rate to 4.048376602284338e-09
Epoch: 100 cost time: 10.521657466888428
Epoch: 100, Steps: 64 | Train Loss: 0.1683778 Vali Loss: 0.3180685 Test Loss: 0.2899328
EarlyStopping counter: 97 out of 100
Updating learning rate to 3.643538942055904e-09
>>>>>>>testing : ETTh2_96_336_Informer_ETTh2_ftS_sl96_ll48_pl336_dm512_nh8_el2_dl1_df2048_fc3_ebtimeF_dtTrue_Exp_0<<<<<<<<<<<<<<<<<<<<<<<<<<<<<<<<<
test 2545
mse:0.2619878053665161, mae:0.4120752215385437, rse:0.849297046661377
