Args in experiment:
Namespace(activation='gelu', affine=0, batch_size=128, c_out=1, checkpoints='./checkpoints/', d_ff=2048, d_layers=1, d_model=512, data='ETTh2', data_path='ETTh2.csv', dec_in=1, decomposition=0, des='Exp', devices='0,1,2,3', distil=True, do_predict=False, dropout=0.05, e_layers=2, embed='timeF', embed_type=0, enc_in=1, factor=3, fc_dropout=0.05, features='S', freq='h', gpu=0, head_dropout=0.0, individual=0, is_training=1, itr=1, kernel_size=25, label_len=48, learning_rate=0.0001, loss='mse', lradj='type3', model='Informer', model_id='ETTh2_96_96', moving_avg=25, n_heads=8, num_workers=10, output_attention=False, padding_patch='end', patch_len=16, patience=100, pct_start=0.3, pred_len=96, random_seed=2021, revin=1, root_path='./dataset/', seq_len=96, stride=8, subtract_last=0, target='OT', test_flop=False, train_epochs=100, use_amp=False, use_gpu=True, use_multi_gpu=False)
Use GPU: cuda:0
>>>>>>>start training : ETTh2_96_96_Informer_ETTh2_ftS_sl96_ll48_pl96_dm512_nh8_el2_dl1_df2048_fc3_ebtimeF_dtTrue_Exp_0>>>>>>>>>>>>>>>>>>>>>>>>>>
train 8449
val 2785
test 2785
Epoch: 1 cost time: 7.307460069656372
Epoch: 1, Steps: 66 | Train Loss: 0.5949857 Vali Loss: 0.3768040 Test Loss: 0.2948786
Validation loss decreased (inf --> 0.376804).  Saving model ...
Updating learning rate to 0.0001
Epoch: 2 cost time: 7.497339725494385
Epoch: 2, Steps: 66 | Train Loss: 0.3423681 Vali Loss: 0.2801696 Test Loss: 0.2848736
Validation loss decreased (0.376804 --> 0.280170).  Saving model ...
Updating learning rate to 0.0001
Epoch: 3 cost time: 7.643990516662598
Epoch: 3, Steps: 66 | Train Loss: 0.2611383 Vali Loss: 0.2571745 Test Loss: 0.2047471
Validation loss decreased (0.280170 --> 0.257174).  Saving model ...
Updating learning rate to 0.0001
Epoch: 4 cost time: 7.48700213432312
Epoch: 4, Steps: 66 | Train Loss: 0.2351789 Vali Loss: 0.2502130 Test Loss: 0.2037498
Validation loss decreased (0.257174 --> 0.250213).  Saving model ...
Updating learning rate to 9e-05
Epoch: 5 cost time: 7.424458742141724
Epoch: 5, Steps: 66 | Train Loss: 0.2219573 Vali Loss: 0.2613972 Test Loss: 0.1974590
EarlyStopping counter: 1 out of 100
Updating learning rate to 8.1e-05
Epoch: 6 cost time: 7.540708780288696
Epoch: 6, Steps: 66 | Train Loss: 0.2131911 Vali Loss: 0.2567658 Test Loss: 0.2292582
EarlyStopping counter: 2 out of 100
Updating learning rate to 7.290000000000001e-05
Epoch: 7 cost time: 7.532610177993774
Epoch: 7, Steps: 66 | Train Loss: 0.1979574 Vali Loss: 0.2506002 Test Loss: 0.2532099
EarlyStopping counter: 3 out of 100
Updating learning rate to 6.561e-05
Epoch: 8 cost time: 7.542742490768433
Epoch: 8, Steps: 66 | Train Loss: 0.1943664 Vali Loss: 0.2674308 Test Loss: 0.2006909
EarlyStopping counter: 4 out of 100
Updating learning rate to 5.904900000000001e-05
Epoch: 9 cost time: 7.654627799987793
Epoch: 9, Steps: 66 | Train Loss: 0.1842775 Vali Loss: 0.2695575 Test Loss: 0.2199135
EarlyStopping counter: 5 out of 100
Updating learning rate to 5.3144100000000005e-05
Epoch: 10 cost time: 7.4631359577178955
Epoch: 10, Steps: 66 | Train Loss: 0.1774203 Vali Loss: 0.2685820 Test Loss: 0.2335195
EarlyStopping counter: 6 out of 100
Updating learning rate to 4.782969000000001e-05
Epoch: 11 cost time: 7.6239097118377686
Epoch: 11, Steps: 66 | Train Loss: 0.1726104 Vali Loss: 0.3153592 Test Loss: 0.2136936
EarlyStopping counter: 7 out of 100
Updating learning rate to 4.304672100000001e-05
Epoch: 12 cost time: 7.601498126983643
Epoch: 12, Steps: 66 | Train Loss: 0.1670671 Vali Loss: 0.2802295 Test Loss: 0.2159982
EarlyStopping counter: 8 out of 100
Updating learning rate to 3.874204890000001e-05
Epoch: 13 cost time: 7.5661461353302
Epoch: 13, Steps: 66 | Train Loss: 0.1594514 Vali Loss: 0.2781509 Test Loss: 0.2485998
EarlyStopping counter: 9 out of 100
Updating learning rate to 3.486784401000001e-05
Epoch: 14 cost time: 7.6134192943573
Epoch: 14, Steps: 66 | Train Loss: 0.1576681 Vali Loss: 0.3004189 Test Loss: 0.1993388
EarlyStopping counter: 10 out of 100
Updating learning rate to 3.138105960900001e-05
Epoch: 15 cost time: 7.576859712600708
Epoch: 15, Steps: 66 | Train Loss: 0.1552263 Vali Loss: 0.2839645 Test Loss: 0.2589801
EarlyStopping counter: 11 out of 100
Updating learning rate to 2.824295364810001e-05
Epoch: 16 cost time: 7.467443943023682
Epoch: 16, Steps: 66 | Train Loss: 0.1490903 Vali Loss: 0.2891469 Test Loss: 0.2604124
EarlyStopping counter: 12 out of 100
Updating learning rate to 2.541865828329001e-05
Epoch: 17 cost time: 7.629313945770264
Epoch: 17, Steps: 66 | Train Loss: 0.1487697 Vali Loss: 0.2896671 Test Loss: 0.2580760
EarlyStopping counter: 13 out of 100
Updating learning rate to 2.287679245496101e-05
Epoch: 18 cost time: 7.535519123077393
Epoch: 18, Steps: 66 | Train Loss: 0.1467756 Vali Loss: 0.2835684 Test Loss: 0.3042016
EarlyStopping counter: 14 out of 100
Updating learning rate to 2.0589113209464907e-05
Epoch: 19 cost time: 7.47802734375
Epoch: 19, Steps: 66 | Train Loss: 0.1435222 Vali Loss: 0.2902493 Test Loss: 0.2556449
EarlyStopping counter: 15 out of 100
Updating learning rate to 1.8530201888518416e-05
Epoch: 20 cost time: 7.573263645172119
Epoch: 20, Steps: 66 | Train Loss: 0.1405761 Vali Loss: 0.3004337 Test Loss: 0.2418278
EarlyStopping counter: 16 out of 100
Updating learning rate to 1.6677181699666577e-05
Epoch: 21 cost time: 7.72175145149231
Epoch: 21, Steps: 66 | Train Loss: 0.1402912 Vali Loss: 0.3023373 Test Loss: 0.2172314
EarlyStopping counter: 17 out of 100
Updating learning rate to 1.5009463529699919e-05
Epoch: 22 cost time: 7.476099967956543
Epoch: 22, Steps: 66 | Train Loss: 0.1392605 Vali Loss: 0.3012789 Test Loss: 0.2375258
EarlyStopping counter: 18 out of 100
Updating learning rate to 1.3508517176729929e-05
Epoch: 23 cost time: 7.4593446254730225
Epoch: 23, Steps: 66 | Train Loss: 0.1383118 Vali Loss: 0.3000910 Test Loss: 0.2216044
EarlyStopping counter: 19 out of 100
Updating learning rate to 1.2157665459056936e-05
Epoch: 24 cost time: 7.9385645389556885
Epoch: 24, Steps: 66 | Train Loss: 0.1363459 Vali Loss: 0.3045741 Test Loss: 0.2288745
EarlyStopping counter: 20 out of 100
Updating learning rate to 1.0941898913151242e-05
Epoch: 25 cost time: 7.557841777801514
Epoch: 25, Steps: 66 | Train Loss: 0.1353573 Vali Loss: 0.3031172 Test Loss: 0.2614762
EarlyStopping counter: 21 out of 100
Updating learning rate to 9.847709021836118e-06
Epoch: 26 cost time: 7.812593460083008
Epoch: 26, Steps: 66 | Train Loss: 0.1333989 Vali Loss: 0.3014556 Test Loss: 0.2450583
EarlyStopping counter: 22 out of 100
Updating learning rate to 8.862938119652508e-06
Epoch: 27 cost time: 7.751552104949951
Epoch: 27, Steps: 66 | Train Loss: 0.1337157 Vali Loss: 0.3028407 Test Loss: 0.2528706
EarlyStopping counter: 23 out of 100
Updating learning rate to 7.976644307687255e-06
Epoch: 28 cost time: 7.590150833129883
Epoch: 28, Steps: 66 | Train Loss: 0.1329373 Vali Loss: 0.3047096 Test Loss: 0.2687899
EarlyStopping counter: 24 out of 100
Updating learning rate to 7.178979876918531e-06
Epoch: 29 cost time: 7.546652317047119
Epoch: 29, Steps: 66 | Train Loss: 0.1331453 Vali Loss: 0.3010975 Test Loss: 0.2608076
EarlyStopping counter: 25 out of 100
Updating learning rate to 6.4610818892266776e-06
Epoch: 30 cost time: 7.455265283584595
Epoch: 30, Steps: 66 | Train Loss: 0.1320069 Vali Loss: 0.3050819 Test Loss: 0.2627214
EarlyStopping counter: 26 out of 100
Updating learning rate to 5.8149737003040096e-06
Epoch: 31 cost time: 7.610641002655029
Epoch: 31, Steps: 66 | Train Loss: 0.1313459 Vali Loss: 0.3054719 Test Loss: 0.2474505
EarlyStopping counter: 27 out of 100
Updating learning rate to 5.23347633027361e-06
Epoch: 32 cost time: 7.343167543411255
Epoch: 32, Steps: 66 | Train Loss: 0.1305096 Vali Loss: 0.3066553 Test Loss: 0.2588739
EarlyStopping counter: 28 out of 100
Updating learning rate to 4.710128697246249e-06
Epoch: 33 cost time: 7.717888355255127
Epoch: 33, Steps: 66 | Train Loss: 0.1301147 Vali Loss: 0.3050888 Test Loss: 0.2614643
EarlyStopping counter: 29 out of 100
Updating learning rate to 4.239115827521624e-06
Epoch: 34 cost time: 7.5260169506073
Epoch: 34, Steps: 66 | Train Loss: 0.1302845 Vali Loss: 0.3081882 Test Loss: 0.2475873
EarlyStopping counter: 30 out of 100
Updating learning rate to 3.815204244769462e-06
Epoch: 35 cost time: 7.84428071975708
Epoch: 35, Steps: 66 | Train Loss: 0.1299430 Vali Loss: 0.3073148 Test Loss: 0.2466067
EarlyStopping counter: 31 out of 100
Updating learning rate to 3.4336838202925152e-06
Epoch: 36 cost time: 7.943847894668579
Epoch: 36, Steps: 66 | Train Loss: 0.1297127 Vali Loss: 0.3059831 Test Loss: 0.2539926
EarlyStopping counter: 32 out of 100
Updating learning rate to 3.090315438263264e-06
Epoch: 37 cost time: 8.250458002090454
Epoch: 37, Steps: 66 | Train Loss: 0.1284384 Vali Loss: 0.3081170 Test Loss: 0.2474772
EarlyStopping counter: 33 out of 100
Updating learning rate to 2.7812838944369375e-06
Epoch: 38 cost time: 7.641029596328735
Epoch: 38, Steps: 66 | Train Loss: 0.1289809 Vali Loss: 0.3124469 Test Loss: 0.2383907
EarlyStopping counter: 34 out of 100
Updating learning rate to 2.503155504993244e-06
Epoch: 39 cost time: 7.554835319519043
Epoch: 39, Steps: 66 | Train Loss: 0.1283805 Vali Loss: 0.3094612 Test Loss: 0.2482104
EarlyStopping counter: 35 out of 100
Updating learning rate to 2.2528399544939195e-06
Epoch: 40 cost time: 7.540845155715942
Epoch: 40, Steps: 66 | Train Loss: 0.1282511 Vali Loss: 0.3069153 Test Loss: 0.2544118
EarlyStopping counter: 36 out of 100
Updating learning rate to 2.0275559590445276e-06
Epoch: 41 cost time: 7.405945062637329
Epoch: 41, Steps: 66 | Train Loss: 0.1280637 Vali Loss: 0.3103895 Test Loss: 0.2437446
EarlyStopping counter: 37 out of 100
Updating learning rate to 1.8248003631400751e-06
Epoch: 42 cost time: 7.39982271194458
Epoch: 42, Steps: 66 | Train Loss: 0.1275664 Vali Loss: 0.3100494 Test Loss: 0.2507595
EarlyStopping counter: 38 out of 100
Updating learning rate to 1.6423203268260676e-06
Epoch: 43 cost time: 7.615450382232666
Epoch: 43, Steps: 66 | Train Loss: 0.1276241 Vali Loss: 0.3110578 Test Loss: 0.2546114
EarlyStopping counter: 39 out of 100
Updating learning rate to 1.4780882941434609e-06
Epoch: 44 cost time: 7.719072103500366
Epoch: 44, Steps: 66 | Train Loss: 0.1278540 Vali Loss: 0.3077797 Test Loss: 0.2612672
EarlyStopping counter: 40 out of 100
Updating learning rate to 1.3302794647291146e-06
Epoch: 45 cost time: 7.397417306900024
Epoch: 45, Steps: 66 | Train Loss: 0.1279247 Vali Loss: 0.3069399 Test Loss: 0.2672822
EarlyStopping counter: 41 out of 100
Updating learning rate to 1.1972515182562034e-06
Epoch: 46 cost time: 7.596318483352661
Epoch: 46, Steps: 66 | Train Loss: 0.1272871 Vali Loss: 0.3123225 Test Loss: 0.2387232
EarlyStopping counter: 42 out of 100
Updating learning rate to 1.077526366430583e-06
Epoch: 47 cost time: 7.408381223678589
Epoch: 47, Steps: 66 | Train Loss: 0.1268282 Vali Loss: 0.3110996 Test Loss: 0.2461925
EarlyStopping counter: 43 out of 100
Updating learning rate to 9.697737297875248e-07
Epoch: 48 cost time: 7.312810897827148
Epoch: 48, Steps: 66 | Train Loss: 0.1267775 Vali Loss: 0.3122000 Test Loss: 0.2481330
EarlyStopping counter: 44 out of 100
Updating learning rate to 8.727963568087723e-07
Epoch: 49 cost time: 7.271117687225342
Epoch: 49, Steps: 66 | Train Loss: 0.1268027 Vali Loss: 0.3101278 Test Loss: 0.2475022
EarlyStopping counter: 45 out of 100
Updating learning rate to 7.855167211278951e-07
Epoch: 50 cost time: 7.208830833435059
Epoch: 50, Steps: 66 | Train Loss: 0.1273772 Vali Loss: 0.3080542 Test Loss: 0.2533799
EarlyStopping counter: 46 out of 100
Updating learning rate to 7.069650490151056e-07
Epoch: 51 cost time: 7.313091039657593
Epoch: 51, Steps: 66 | Train Loss: 0.1265416 Vali Loss: 0.3098019 Test Loss: 0.2783073
EarlyStopping counter: 47 out of 100
Updating learning rate to 6.36268544113595e-07
Epoch: 52 cost time: 7.2766969203948975
Epoch: 52, Steps: 66 | Train Loss: 0.1271116 Vali Loss: 0.3097128 Test Loss: 0.2519287
EarlyStopping counter: 48 out of 100
Updating learning rate to 5.726416897022355e-07
Epoch: 53 cost time: 7.223329544067383
Epoch: 53, Steps: 66 | Train Loss: 0.1267973 Vali Loss: 0.3101244 Test Loss: 0.2579349
EarlyStopping counter: 49 out of 100
Updating learning rate to 5.15377520732012e-07
Epoch: 54 cost time: 7.1032726764678955
Epoch: 54, Steps: 66 | Train Loss: 0.1260907 Vali Loss: 0.3074121 Test Loss: 0.2615623
EarlyStopping counter: 50 out of 100
Updating learning rate to 4.6383976865881085e-07
Epoch: 55 cost time: 6.999561548233032
Epoch: 55, Steps: 66 | Train Loss: 0.1267112 Vali Loss: 0.3094933 Test Loss: 0.2560991
EarlyStopping counter: 51 out of 100
Updating learning rate to 4.174557917929298e-07
Epoch: 56 cost time: 7.426374197006226
Epoch: 56, Steps: 66 | Train Loss: 0.1269516 Vali Loss: 0.3097540 Test Loss: 0.2611126
EarlyStopping counter: 52 out of 100
Updating learning rate to 3.7571021261363677e-07
Epoch: 57 cost time: 7.370254755020142
Epoch: 57, Steps: 66 | Train Loss: 0.1263602 Vali Loss: 0.3121650 Test Loss: 0.2489777
EarlyStopping counter: 53 out of 100
Updating learning rate to 3.381391913522731e-07
Epoch: 58 cost time: 7.481675148010254
Epoch: 58, Steps: 66 | Train Loss: 0.1267225 Vali Loss: 0.3099924 Test Loss: 0.2604649
EarlyStopping counter: 54 out of 100
Updating learning rate to 3.043252722170458e-07
Epoch: 59 cost time: 7.391505241394043
Epoch: 59, Steps: 66 | Train Loss: 0.1268240 Vali Loss: 0.3116636 Test Loss: 0.2561215
EarlyStopping counter: 55 out of 100
Updating learning rate to 2.7389274499534124e-07
Epoch: 60 cost time: 7.392139196395874
Epoch: 60, Steps: 66 | Train Loss: 0.1263416 Vali Loss: 0.3100648 Test Loss: 0.2544808
EarlyStopping counter: 56 out of 100
Updating learning rate to 2.465034704958071e-07
Epoch: 61 cost time: 7.416907548904419
Epoch: 61, Steps: 66 | Train Loss: 0.1262053 Vali Loss: 0.3114683 Test Loss: 0.2543697
EarlyStopping counter: 57 out of 100
Updating learning rate to 2.218531234462264e-07
Epoch: 62 cost time: 7.3796422481536865
Epoch: 62, Steps: 66 | Train Loss: 0.1261811 Vali Loss: 0.3101994 Test Loss: 0.2542664
EarlyStopping counter: 58 out of 100
Updating learning rate to 1.9966781110160376e-07
Epoch: 63 cost time: 7.4445576667785645
Epoch: 63, Steps: 66 | Train Loss: 0.1260379 Vali Loss: 0.3107053 Test Loss: 0.2561454
EarlyStopping counter: 59 out of 100
Updating learning rate to 1.797010299914434e-07
Epoch: 64 cost time: 7.44300389289856
Epoch: 64, Steps: 66 | Train Loss: 0.1263858 Vali Loss: 0.3109285 Test Loss: 0.2546032
EarlyStopping counter: 60 out of 100
Updating learning rate to 1.6173092699229907e-07
Epoch: 65 cost time: 7.526851177215576
Epoch: 65, Steps: 66 | Train Loss: 0.1266363 Vali Loss: 0.3115128 Test Loss: 0.2496620
EarlyStopping counter: 61 out of 100
Updating learning rate to 1.4555783429306916e-07
Epoch: 66 cost time: 7.735254764556885
Epoch: 66, Steps: 66 | Train Loss: 0.1261506 Vali Loss: 0.3087980 Test Loss: 0.2572647
EarlyStopping counter: 62 out of 100
Updating learning rate to 1.3100205086376224e-07
Epoch: 67 cost time: 7.5429160594940186
Epoch: 67, Steps: 66 | Train Loss: 0.1262832 Vali Loss: 0.3074742 Test Loss: 0.2607137
EarlyStopping counter: 63 out of 100
Updating learning rate to 1.1790184577738603e-07
Epoch: 68 cost time: 7.927877902984619
Epoch: 68, Steps: 66 | Train Loss: 0.1263028 Vali Loss: 0.3094503 Test Loss: 0.2531844
EarlyStopping counter: 64 out of 100
Updating learning rate to 1.0611166119964742e-07
Epoch: 69 cost time: 7.42927098274231
Epoch: 69, Steps: 66 | Train Loss: 0.1262133 Vali Loss: 0.3106443 Test Loss: 0.2556454
EarlyStopping counter: 65 out of 100
Updating learning rate to 9.550049507968268e-08
Epoch: 70 cost time: 8.170571565628052
Epoch: 70, Steps: 66 | Train Loss: 0.1262957 Vali Loss: 0.3121386 Test Loss: 0.2533209
EarlyStopping counter: 66 out of 100
Updating learning rate to 8.595044557171442e-08
Epoch: 71 cost time: 7.528292179107666
Epoch: 71, Steps: 66 | Train Loss: 0.1259713 Vali Loss: 0.3105347 Test Loss: 0.2596630
EarlyStopping counter: 67 out of 100
Updating learning rate to 7.735540101454298e-08
Epoch: 72 cost time: 7.489877939224243
Epoch: 72, Steps: 66 | Train Loss: 0.1260894 Vali Loss: 0.3113567 Test Loss: 0.2547624
EarlyStopping counter: 68 out of 100
Updating learning rate to 6.961986091308869e-08
Epoch: 73 cost time: 7.562053680419922
Epoch: 73, Steps: 66 | Train Loss: 0.1262695 Vali Loss: 0.3105434 Test Loss: 0.2593358
EarlyStopping counter: 69 out of 100
Updating learning rate to 6.265787482177981e-08
Epoch: 74 cost time: 7.425533771514893
Epoch: 74, Steps: 66 | Train Loss: 0.1260888 Vali Loss: 0.3110060 Test Loss: 0.2589024
EarlyStopping counter: 70 out of 100
Updating learning rate to 5.639208733960184e-08
Epoch: 75 cost time: 7.629456996917725
Epoch: 75, Steps: 66 | Train Loss: 0.1256833 Vali Loss: 0.3106894 Test Loss: 0.2578520
EarlyStopping counter: 71 out of 100
Updating learning rate to 5.075287860564165e-08
Epoch: 76 cost time: 7.657139778137207
Epoch: 76, Steps: 66 | Train Loss: 0.1262565 Vali Loss: 0.3095047 Test Loss: 0.2611568
EarlyStopping counter: 72 out of 100
Updating learning rate to 4.567759074507749e-08
Epoch: 77 cost time: 7.476913928985596
Epoch: 77, Steps: 66 | Train Loss: 0.1258461 Vali Loss: 0.3090094 Test Loss: 0.2543549
EarlyStopping counter: 73 out of 100
Updating learning rate to 4.1109831670569744e-08
Epoch: 78 cost time: 7.42645001411438
Epoch: 78, Steps: 66 | Train Loss: 0.1262323 Vali Loss: 0.3113832 Test Loss: 0.2546440
EarlyStopping counter: 74 out of 100
Updating learning rate to 3.6998848503512764e-08
Epoch: 79 cost time: 7.657862186431885
Epoch: 79, Steps: 66 | Train Loss: 0.1262963 Vali Loss: 0.3115072 Test Loss: 0.2579401
EarlyStopping counter: 75 out of 100
Updating learning rate to 3.3298963653161496e-08
Epoch: 80 cost time: 7.411376714706421
Epoch: 80, Steps: 66 | Train Loss: 0.1259384 Vali Loss: 0.3114862 Test Loss: 0.2576192
EarlyStopping counter: 76 out of 100
Updating learning rate to 2.996906728784534e-08
Epoch: 81 cost time: 7.445201396942139
Epoch: 81, Steps: 66 | Train Loss: 0.1263936 Vali Loss: 0.3111917 Test Loss: 0.2545879
EarlyStopping counter: 77 out of 100
Updating learning rate to 2.697216055906081e-08
Epoch: 82 cost time: 7.140265941619873
Epoch: 82, Steps: 66 | Train Loss: 0.1261907 Vali Loss: 0.3101559 Test Loss: 0.2570162
EarlyStopping counter: 78 out of 100
Updating learning rate to 2.427494450315473e-08
Epoch: 83 cost time: 7.698038578033447
Epoch: 83, Steps: 66 | Train Loss: 0.1261411 Vali Loss: 0.3123667 Test Loss: 0.2567032
EarlyStopping counter: 79 out of 100
Updating learning rate to 2.1847450052839257e-08
Epoch: 84 cost time: 7.484335660934448
Epoch: 84, Steps: 66 | Train Loss: 0.1261857 Vali Loss: 0.3109702 Test Loss: 0.2567537
EarlyStopping counter: 80 out of 100
Updating learning rate to 1.9662705047555332e-08
Epoch: 85 cost time: 7.3651087284088135
Epoch: 85, Steps: 66 | Train Loss: 0.1263222 Vali Loss: 0.3104322 Test Loss: 0.2547740
EarlyStopping counter: 81 out of 100
Updating learning rate to 1.7696434542799797e-08
Epoch: 86 cost time: 7.6891233921051025
Epoch: 86, Steps: 66 | Train Loss: 0.1261526 Vali Loss: 0.3099507 Test Loss: 0.2568006
EarlyStopping counter: 82 out of 100
Updating learning rate to 1.5926791088519817e-08
Epoch: 87 cost time: 7.424490928649902
Epoch: 87, Steps: 66 | Train Loss: 0.1260818 Vali Loss: 0.3109694 Test Loss: 0.2543977
EarlyStopping counter: 83 out of 100
Updating learning rate to 1.4334111979667836e-08
Epoch: 88 cost time: 7.759808778762817
Epoch: 88, Steps: 66 | Train Loss: 0.1260965 Vali Loss: 0.3124142 Test Loss: 0.2594608
EarlyStopping counter: 84 out of 100
Updating learning rate to 1.2900700781701054e-08
Epoch: 89 cost time: 7.331441640853882
Epoch: 89, Steps: 66 | Train Loss: 0.1261742 Vali Loss: 0.3098961 Test Loss: 0.2556483
EarlyStopping counter: 85 out of 100
Updating learning rate to 1.161063070353095e-08
Epoch: 90 cost time: 7.395823240280151
Epoch: 90, Steps: 66 | Train Loss: 0.1256985 Vali Loss: 0.3101479 Test Loss: 0.2510169
EarlyStopping counter: 86 out of 100
Updating learning rate to 1.0449567633177854e-08
Epoch: 91 cost time: 7.431289911270142
Epoch: 91, Steps: 66 | Train Loss: 0.1260926 Vali Loss: 0.3090496 Test Loss: 0.2541429
EarlyStopping counter: 87 out of 100
Updating learning rate to 9.404610869860069e-09
Epoch: 92 cost time: 8.370118618011475
Epoch: 92, Steps: 66 | Train Loss: 0.1262711 Vali Loss: 0.3120031 Test Loss: 0.2543724
EarlyStopping counter: 88 out of 100
Updating learning rate to 8.464149782874063e-09
Epoch: 93 cost time: 7.713876485824585
Epoch: 93, Steps: 66 | Train Loss: 0.1261899 Vali Loss: 0.3099336 Test Loss: 0.2564500
EarlyStopping counter: 89 out of 100
Updating learning rate to 7.617734804586658e-09
Epoch: 94 cost time: 7.435676097869873
Epoch: 94, Steps: 66 | Train Loss: 0.1259008 Vali Loss: 0.3133104 Test Loss: 0.2553034
EarlyStopping counter: 90 out of 100
Updating learning rate to 6.855961324127991e-09
Epoch: 95 cost time: 7.69087290763855
Epoch: 95, Steps: 66 | Train Loss: 0.1260201 Vali Loss: 0.3106194 Test Loss: 0.2539500
EarlyStopping counter: 91 out of 100
Updating learning rate to 6.170365191715193e-09
Epoch: 96 cost time: 7.541403770446777
Epoch: 96, Steps: 66 | Train Loss: 0.1258161 Vali Loss: 0.3108723 Test Loss: 0.2564279
EarlyStopping counter: 92 out of 100
Updating learning rate to 5.5533286725436726e-09
Epoch: 97 cost time: 7.389664649963379
Epoch: 97, Steps: 66 | Train Loss: 0.1261680 Vali Loss: 0.3117167 Test Loss: 0.2546783
EarlyStopping counter: 93 out of 100
Updating learning rate to 4.997995805289306e-09
Epoch: 98 cost time: 7.409297943115234
Epoch: 98, Steps: 66 | Train Loss: 0.1262029 Vali Loss: 0.3101760 Test Loss: 0.2535779
EarlyStopping counter: 94 out of 100
Updating learning rate to 4.498196224760375e-09
Epoch: 99 cost time: 7.388622999191284
Epoch: 99, Steps: 66 | Train Loss: 0.1262639 Vali Loss: 0.3091396 Test Loss: 0.2560180
EarlyStopping counter: 95 out of 100
Updating learning rate to 4.048376602284338e-09
Epoch: 100 cost time: 7.600714206695557
Epoch: 100, Steps: 66 | Train Loss: 0.1264837 Vali Loss: 0.3115826 Test Loss: 0.2538953
EarlyStopping counter: 96 out of 100
Updating learning rate to 3.643538942055904e-09
>>>>>>>testing : ETTh2_96_96_Informer_ETTh2_ftS_sl96_ll48_pl96_dm512_nh8_el2_dl1_df2048_fc3_ebtimeF_dtTrue_Exp_0<<<<<<<<<<<<<<<<<<<<<<<<<<<<<<<<<
test 2785
mse:0.20426802337169647, mae:0.3644964396953583, rse:0.7306650876998901
