Args in experiment:
Namespace(activation='gelu', affine=0, batch_size=128, c_out=1, checkpoints='./checkpoints/', d_ff=2048, d_layers=1, d_model=512, data='ETTh2', data_path='ETTh2.csv', dec_in=1, decomposition=0, des='Exp', devices='0,1,2,3', distil=True, do_predict=False, dropout=0.05, e_layers=2, embed='timeF', embed_type=0, enc_in=1, factor=3, fc_dropout=0.05, features='S', freq='h', gpu=0, head_dropout=0.0, individual=0, is_training=1, itr=1, kernel_size=25, label_len=48, learning_rate=0.0001, loss='mse', lradj='type3', model='Informer', model_id='ETTh2_96_192', moving_avg=25, n_heads=8, num_workers=10, output_attention=False, padding_patch='end', patch_len=16, patience=100, pct_start=0.3, pred_len=192, random_seed=2021, revin=1, root_path='./dataset/', seq_len=96, stride=8, subtract_last=0, target='OT', test_flop=False, train_epochs=100, use_amp=False, use_gpu=True, use_multi_gpu=False)
Use GPU: cuda:0
>>>>>>>start training : ETTh2_96_192_Informer_ETTh2_ftS_sl96_ll48_pl192_dm512_nh8_el2_dl1_df2048_fc3_ebtimeF_dtTrue_Exp_0>>>>>>>>>>>>>>>>>>>>>>>>>>
train 8353
val 2689
test 2689
Epoch: 1 cost time: 8.779671430587769
Epoch: 1, Steps: 65 | Train Loss: 0.6375773 Vali Loss: 0.3853860 Test Loss: 0.2861401
Validation loss decreased (inf --> 0.385386).  Saving model ...
Updating learning rate to 0.0001
Epoch: 2 cost time: 8.672914981842041
Epoch: 2, Steps: 65 | Train Loss: 0.3467496 Vali Loss: 0.2898181 Test Loss: 0.2588103
Validation loss decreased (0.385386 --> 0.289818).  Saving model ...
Updating learning rate to 0.0001
Epoch: 3 cost time: 8.822698831558228
Epoch: 3, Steps: 65 | Train Loss: 0.2900653 Vali Loss: 0.2502237 Test Loss: 0.2889266
Validation loss decreased (0.289818 --> 0.250224).  Saving model ...
Updating learning rate to 0.0001
Epoch: 4 cost time: 8.603202819824219
Epoch: 4, Steps: 65 | Train Loss: 0.2733965 Vali Loss: 0.2504300 Test Loss: 0.2313384
EarlyStopping counter: 1 out of 100
Updating learning rate to 9e-05
Epoch: 5 cost time: 8.803865194320679
Epoch: 5, Steps: 65 | Train Loss: 0.2501147 Vali Loss: 0.2526199 Test Loss: 0.2676108
EarlyStopping counter: 2 out of 100
Updating learning rate to 8.1e-05
Epoch: 6 cost time: 8.888452053070068
Epoch: 6, Steps: 65 | Train Loss: 0.2390499 Vali Loss: 0.2611788 Test Loss: 0.2483384
EarlyStopping counter: 3 out of 100
Updating learning rate to 7.290000000000001e-05
Epoch: 7 cost time: 8.681788206100464
Epoch: 7, Steps: 65 | Train Loss: 0.2271681 Vali Loss: 0.2737802 Test Loss: 0.2615514
EarlyStopping counter: 4 out of 100
Updating learning rate to 6.561e-05
Epoch: 8 cost time: 8.41032099723816
Epoch: 8, Steps: 65 | Train Loss: 0.2201111 Vali Loss: 0.2977921 Test Loss: 0.2522507
EarlyStopping counter: 5 out of 100
Updating learning rate to 5.904900000000001e-05
Epoch: 9 cost time: 8.495206594467163
Epoch: 9, Steps: 65 | Train Loss: 0.2111155 Vali Loss: 0.3194832 Test Loss: 0.2995709
EarlyStopping counter: 6 out of 100
Updating learning rate to 5.3144100000000005e-05
Epoch: 10 cost time: 8.615793704986572
Epoch: 10, Steps: 65 | Train Loss: 0.1996850 Vali Loss: 0.2975201 Test Loss: 0.2689649
EarlyStopping counter: 7 out of 100
Updating learning rate to 4.782969000000001e-05
Epoch: 11 cost time: 8.705566167831421
Epoch: 11, Steps: 65 | Train Loss: 0.1898890 Vali Loss: 0.2898860 Test Loss: 0.2720792
EarlyStopping counter: 8 out of 100
Updating learning rate to 4.304672100000001e-05
Epoch: 12 cost time: 8.715211153030396
Epoch: 12, Steps: 65 | Train Loss: 0.1841358 Vali Loss: 0.2924046 Test Loss: 0.2590494
EarlyStopping counter: 9 out of 100
Updating learning rate to 3.874204890000001e-05
Epoch: 13 cost time: 8.655256748199463
Epoch: 13, Steps: 65 | Train Loss: 0.1797812 Vali Loss: 0.2950520 Test Loss: 0.2855636
EarlyStopping counter: 10 out of 100
Updating learning rate to 3.486784401000001e-05
Epoch: 14 cost time: 8.72916555404663
Epoch: 14, Steps: 65 | Train Loss: 0.1750955 Vali Loss: 0.2882328 Test Loss: 0.2746802
EarlyStopping counter: 11 out of 100
Updating learning rate to 3.138105960900001e-05
Epoch: 15 cost time: 8.681118965148926
Epoch: 15, Steps: 65 | Train Loss: 0.1717641 Vali Loss: 0.3032241 Test Loss: 0.2951837
EarlyStopping counter: 12 out of 100
Updating learning rate to 2.824295364810001e-05
Epoch: 16 cost time: 8.647098779678345
Epoch: 16, Steps: 65 | Train Loss: 0.1678095 Vali Loss: 0.2851714 Test Loss: 0.2604894
EarlyStopping counter: 13 out of 100
Updating learning rate to 2.541865828329001e-05
Epoch: 17 cost time: 8.907140493392944
Epoch: 17, Steps: 65 | Train Loss: 0.1658227 Vali Loss: 0.2911724 Test Loss: 0.2344334
EarlyStopping counter: 14 out of 100
Updating learning rate to 2.287679245496101e-05
Epoch: 18 cost time: 8.653286933898926
Epoch: 18, Steps: 65 | Train Loss: 0.1662378 Vali Loss: 0.3010868 Test Loss: 0.2848920
EarlyStopping counter: 15 out of 100
Updating learning rate to 2.0589113209464907e-05
Epoch: 19 cost time: 8.772907495498657
Epoch: 19, Steps: 65 | Train Loss: 0.1638269 Vali Loss: 0.2769430 Test Loss: 0.2532963
EarlyStopping counter: 16 out of 100
Updating learning rate to 1.8530201888518416e-05
Epoch: 20 cost time: 8.612421989440918
Epoch: 20, Steps: 65 | Train Loss: 0.1602595 Vali Loss: 0.2815780 Test Loss: 0.2592164
EarlyStopping counter: 17 out of 100
Updating learning rate to 1.6677181699666577e-05
Epoch: 21 cost time: 8.938537359237671
Epoch: 21, Steps: 65 | Train Loss: 0.1600754 Vali Loss: 0.2792906 Test Loss: 0.2608171
EarlyStopping counter: 18 out of 100
Updating learning rate to 1.5009463529699919e-05
Epoch: 22 cost time: 9.013551473617554
Epoch: 22, Steps: 65 | Train Loss: 0.1598776 Vali Loss: 0.2765128 Test Loss: 0.2725346
EarlyStopping counter: 19 out of 100
Updating learning rate to 1.3508517176729929e-05
Epoch: 23 cost time: 8.875326156616211
Epoch: 23, Steps: 65 | Train Loss: 0.1569387 Vali Loss: 0.2846811 Test Loss: 0.2617237
EarlyStopping counter: 20 out of 100
Updating learning rate to 1.2157665459056936e-05
Epoch: 24 cost time: 8.675595045089722
Epoch: 24, Steps: 65 | Train Loss: 0.1559243 Vali Loss: 0.2882615 Test Loss: 0.2582225
EarlyStopping counter: 21 out of 100
Updating learning rate to 1.0941898913151242e-05
Epoch: 25 cost time: 8.58449125289917
Epoch: 25, Steps: 65 | Train Loss: 0.1549201 Vali Loss: 0.2822593 Test Loss: 0.2652309
EarlyStopping counter: 22 out of 100
Updating learning rate to 9.847709021836118e-06
Epoch: 26 cost time: 8.487732887268066
Epoch: 26, Steps: 65 | Train Loss: 0.1542142 Vali Loss: 0.2848951 Test Loss: 0.2551206
EarlyStopping counter: 23 out of 100
Updating learning rate to 8.862938119652508e-06
Epoch: 27 cost time: 8.912519216537476
Epoch: 27, Steps: 65 | Train Loss: 0.1542082 Vali Loss: 0.2829312 Test Loss: 0.2707914
EarlyStopping counter: 24 out of 100
Updating learning rate to 7.976644307687255e-06
Epoch: 28 cost time: 9.199162483215332
Epoch: 28, Steps: 65 | Train Loss: 0.1524119 Vali Loss: 0.2853484 Test Loss: 0.2603885
EarlyStopping counter: 25 out of 100
Updating learning rate to 7.178979876918531e-06
Epoch: 29 cost time: 8.469047546386719
Epoch: 29, Steps: 65 | Train Loss: 0.1518456 Vali Loss: 0.2834352 Test Loss: 0.2652099
EarlyStopping counter: 26 out of 100
Updating learning rate to 6.4610818892266776e-06
Epoch: 30 cost time: 8.725186586380005
Epoch: 30, Steps: 65 | Train Loss: 0.1514071 Vali Loss: 0.2871349 Test Loss: 0.2739667
EarlyStopping counter: 27 out of 100
Updating learning rate to 5.8149737003040096e-06
Epoch: 31 cost time: 8.477009534835815
Epoch: 31, Steps: 65 | Train Loss: 0.1513456 Vali Loss: 0.2803545 Test Loss: 0.2531558
EarlyStopping counter: 28 out of 100
Updating learning rate to 5.23347633027361e-06
Epoch: 32 cost time: 8.86926007270813
Epoch: 32, Steps: 65 | Train Loss: 0.1507148 Vali Loss: 0.2860786 Test Loss: 0.2669021
EarlyStopping counter: 29 out of 100
Updating learning rate to 4.710128697246249e-06
Epoch: 33 cost time: 8.679237604141235
Epoch: 33, Steps: 65 | Train Loss: 0.1504469 Vali Loss: 0.2799257 Test Loss: 0.2569346
EarlyStopping counter: 30 out of 100
Updating learning rate to 4.239115827521624e-06
Epoch: 34 cost time: 8.677648305892944
Epoch: 34, Steps: 65 | Train Loss: 0.1500151 Vali Loss: 0.2821662 Test Loss: 0.2671153
EarlyStopping counter: 31 out of 100
Updating learning rate to 3.815204244769462e-06
Epoch: 35 cost time: 8.504426717758179
Epoch: 35, Steps: 65 | Train Loss: 0.1503919 Vali Loss: 0.2838928 Test Loss: 0.2601000
EarlyStopping counter: 32 out of 100
Updating learning rate to 3.4336838202925152e-06
Epoch: 36 cost time: 8.614874839782715
Epoch: 36, Steps: 65 | Train Loss: 0.1501669 Vali Loss: 0.2833412 Test Loss: 0.2576038
EarlyStopping counter: 33 out of 100
Updating learning rate to 3.090315438263264e-06
Epoch: 37 cost time: 8.491675615310669
Epoch: 37, Steps: 65 | Train Loss: 0.1497464 Vali Loss: 0.2840710 Test Loss: 0.2531321
EarlyStopping counter: 34 out of 100
Updating learning rate to 2.7812838944369375e-06
Epoch: 38 cost time: 8.64824104309082
Epoch: 38, Steps: 65 | Train Loss: 0.1492200 Vali Loss: 0.2842979 Test Loss: 0.2712874
EarlyStopping counter: 35 out of 100
Updating learning rate to 2.503155504993244e-06
Epoch: 39 cost time: 8.465651988983154
Epoch: 39, Steps: 65 | Train Loss: 0.1490516 Vali Loss: 0.2805108 Test Loss: 0.2633885
EarlyStopping counter: 36 out of 100
Updating learning rate to 2.2528399544939195e-06
Epoch: 40 cost time: 8.604522705078125
Epoch: 40, Steps: 65 | Train Loss: 0.1488214 Vali Loss: 0.2859865 Test Loss: 0.2734466
EarlyStopping counter: 37 out of 100
Updating learning rate to 2.0275559590445276e-06
Epoch: 41 cost time: 8.641637086868286
Epoch: 41, Steps: 65 | Train Loss: 0.1492838 Vali Loss: 0.2835623 Test Loss: 0.2667315
EarlyStopping counter: 38 out of 100
Updating learning rate to 1.8248003631400751e-06
Epoch: 42 cost time: 8.8661949634552
Epoch: 42, Steps: 65 | Train Loss: 0.1485694 Vali Loss: 0.2844650 Test Loss: 0.2694027
EarlyStopping counter: 39 out of 100
Updating learning rate to 1.6423203268260676e-06
Epoch: 43 cost time: 8.772232055664062
Epoch: 43, Steps: 65 | Train Loss: 0.1488742 Vali Loss: 0.2862260 Test Loss: 0.2620640
EarlyStopping counter: 40 out of 100
Updating learning rate to 1.4780882941434609e-06
Epoch: 44 cost time: 8.658903121948242
Epoch: 44, Steps: 65 | Train Loss: 0.1485326 Vali Loss: 0.2870347 Test Loss: 0.2692469
EarlyStopping counter: 41 out of 100
Updating learning rate to 1.3302794647291146e-06
Epoch: 45 cost time: 8.623974323272705
Epoch: 45, Steps: 65 | Train Loss: 0.1477800 Vali Loss: 0.2847194 Test Loss: 0.2670204
EarlyStopping counter: 42 out of 100
Updating learning rate to 1.1972515182562034e-06
Epoch: 46 cost time: 8.969721794128418
Epoch: 46, Steps: 65 | Train Loss: 0.1479988 Vali Loss: 0.2852407 Test Loss: 0.2640276
EarlyStopping counter: 43 out of 100
Updating learning rate to 1.077526366430583e-06
Epoch: 47 cost time: 8.769179344177246
Epoch: 47, Steps: 65 | Train Loss: 0.1477578 Vali Loss: 0.2847303 Test Loss: 0.2693116
EarlyStopping counter: 44 out of 100
Updating learning rate to 9.697737297875248e-07
Epoch: 48 cost time: 8.61728549003601
Epoch: 48, Steps: 65 | Train Loss: 0.1482009 Vali Loss: 0.2832907 Test Loss: 0.2600855
EarlyStopping counter: 45 out of 100
Updating learning rate to 8.727963568087723e-07
Epoch: 49 cost time: 8.678863525390625
Epoch: 49, Steps: 65 | Train Loss: 0.1477399 Vali Loss: 0.2834452 Test Loss: 0.2695342
EarlyStopping counter: 46 out of 100
Updating learning rate to 7.855167211278951e-07
Epoch: 50 cost time: 8.95236849784851
Epoch: 50, Steps: 65 | Train Loss: 0.1475603 Vali Loss: 0.2844651 Test Loss: 0.2691420
EarlyStopping counter: 47 out of 100
Updating learning rate to 7.069650490151056e-07
Epoch: 51 cost time: 8.721784353256226
Epoch: 51, Steps: 65 | Train Loss: 0.1474145 Vali Loss: 0.2853113 Test Loss: 0.2657994
EarlyStopping counter: 48 out of 100
Updating learning rate to 6.36268544113595e-07
Epoch: 52 cost time: 8.583351373672485
Epoch: 52, Steps: 65 | Train Loss: 0.1478852 Vali Loss: 0.2858633 Test Loss: 0.2667480
EarlyStopping counter: 49 out of 100
Updating learning rate to 5.726416897022355e-07
Epoch: 53 cost time: 8.762359380722046
Epoch: 53, Steps: 65 | Train Loss: 0.1474492 Vali Loss: 0.2829526 Test Loss: 0.2626346
EarlyStopping counter: 50 out of 100
Updating learning rate to 5.15377520732012e-07
Epoch: 54 cost time: 8.420825242996216
Epoch: 54, Steps: 65 | Train Loss: 0.1473494 Vali Loss: 0.2844207 Test Loss: 0.2652082
EarlyStopping counter: 51 out of 100
Updating learning rate to 4.6383976865881085e-07
Epoch: 55 cost time: 8.739106893539429
Epoch: 55, Steps: 65 | Train Loss: 0.1471083 Vali Loss: 0.2860916 Test Loss: 0.2658585
EarlyStopping counter: 52 out of 100
Updating learning rate to 4.174557917929298e-07
Epoch: 56 cost time: 8.611873626708984
Epoch: 56, Steps: 65 | Train Loss: 0.1470543 Vali Loss: 0.2854812 Test Loss: 0.2678398
EarlyStopping counter: 53 out of 100
Updating learning rate to 3.7571021261363677e-07
Epoch: 57 cost time: 8.369647979736328
Epoch: 57, Steps: 65 | Train Loss: 0.1472115 Vali Loss: 0.2856281 Test Loss: 0.2663796
EarlyStopping counter: 54 out of 100
Updating learning rate to 3.381391913522731e-07
Epoch: 58 cost time: 8.891733884811401
Epoch: 58, Steps: 65 | Train Loss: 0.1473289 Vali Loss: 0.2849312 Test Loss: 0.2635062
EarlyStopping counter: 55 out of 100
Updating learning rate to 3.043252722170458e-07
Epoch: 59 cost time: 8.509010076522827
Epoch: 59, Steps: 65 | Train Loss: 0.1471844 Vali Loss: 0.2837121 Test Loss: 0.2626392
EarlyStopping counter: 56 out of 100
Updating learning rate to 2.7389274499534124e-07
Epoch: 60 cost time: 8.659806966781616
Epoch: 60, Steps: 65 | Train Loss: 0.1471678 Vali Loss: 0.2837018 Test Loss: 0.2668364
EarlyStopping counter: 57 out of 100
Updating learning rate to 2.465034704958071e-07
Epoch: 61 cost time: 8.638141393661499
Epoch: 61, Steps: 65 | Train Loss: 0.1474135 Vali Loss: 0.2857858 Test Loss: 0.2665486
EarlyStopping counter: 58 out of 100
Updating learning rate to 2.218531234462264e-07
Epoch: 62 cost time: 8.825258016586304
Epoch: 62, Steps: 65 | Train Loss: 0.1470259 Vali Loss: 0.2855044 Test Loss: 0.2638494
EarlyStopping counter: 59 out of 100
Updating learning rate to 1.9966781110160376e-07
Epoch: 63 cost time: 8.829102277755737
Epoch: 63, Steps: 65 | Train Loss: 0.1473623 Vali Loss: 0.2835019 Test Loss: 0.2643094
EarlyStopping counter: 60 out of 100
Updating learning rate to 1.797010299914434e-07
Epoch: 64 cost time: 8.756366729736328
Epoch: 64, Steps: 65 | Train Loss: 0.1467327 Vali Loss: 0.2854939 Test Loss: 0.2655205
EarlyStopping counter: 61 out of 100
Updating learning rate to 1.6173092699229907e-07
Epoch: 65 cost time: 8.657714366912842
Epoch: 65, Steps: 65 | Train Loss: 0.1466629 Vali Loss: 0.2850792 Test Loss: 0.2657444
EarlyStopping counter: 62 out of 100
Updating learning rate to 1.4555783429306916e-07
Epoch: 66 cost time: 8.500507831573486
Epoch: 66, Steps: 65 | Train Loss: 0.1470587 Vali Loss: 0.2839836 Test Loss: 0.2658430
EarlyStopping counter: 63 out of 100
Updating learning rate to 1.3100205086376224e-07
Epoch: 67 cost time: 8.728231191635132
Epoch: 67, Steps: 65 | Train Loss: 0.1474251 Vali Loss: 0.2847109 Test Loss: 0.2645046
EarlyStopping counter: 64 out of 100
Updating learning rate to 1.1790184577738603e-07
Epoch: 68 cost time: 8.633760452270508
Epoch: 68, Steps: 65 | Train Loss: 0.1470213 Vali Loss: 0.2845387 Test Loss: 0.2641628
EarlyStopping counter: 65 out of 100
Updating learning rate to 1.0611166119964742e-07
Epoch: 69 cost time: 8.603616714477539
Epoch: 69, Steps: 65 | Train Loss: 0.1469591 Vali Loss: 0.2848881 Test Loss: 0.2667335
EarlyStopping counter: 66 out of 100
Updating learning rate to 9.550049507968268e-08
Epoch: 70 cost time: 8.7673180103302
Epoch: 70, Steps: 65 | Train Loss: 0.1471692 Vali Loss: 0.2850420 Test Loss: 0.2651841
EarlyStopping counter: 67 out of 100
Updating learning rate to 8.595044557171442e-08
Epoch: 71 cost time: 8.622138977050781
Epoch: 71, Steps: 65 | Train Loss: 0.1473157 Vali Loss: 0.2847979 Test Loss: 0.2632615
EarlyStopping counter: 68 out of 100
Updating learning rate to 7.735540101454298e-08
Epoch: 72 cost time: 9.156115770339966
Epoch: 72, Steps: 65 | Train Loss: 0.1468993 Vali Loss: 0.2859792 Test Loss: 0.2657061
EarlyStopping counter: 69 out of 100
Updating learning rate to 6.961986091308869e-08
Epoch: 73 cost time: 8.50174880027771
Epoch: 73, Steps: 65 | Train Loss: 0.1466871 Vali Loss: 0.2861764 Test Loss: 0.2634157
EarlyStopping counter: 70 out of 100
Updating learning rate to 6.265787482177981e-08
Epoch: 74 cost time: 8.708847761154175
Epoch: 74, Steps: 65 | Train Loss: 0.1468787 Vali Loss: 0.2859357 Test Loss: 0.2647203
EarlyStopping counter: 71 out of 100
Updating learning rate to 5.639208733960184e-08
Epoch: 75 cost time: 8.68279504776001
Epoch: 75, Steps: 65 | Train Loss: 0.1467070 Vali Loss: 0.2853768 Test Loss: 0.2632340
EarlyStopping counter: 72 out of 100
Updating learning rate to 5.075287860564165e-08
Epoch: 76 cost time: 8.44006061553955
Epoch: 76, Steps: 65 | Train Loss: 0.1467371 Vali Loss: 0.2849424 Test Loss: 0.2662790
EarlyStopping counter: 73 out of 100
Updating learning rate to 4.567759074507749e-08
Epoch: 77 cost time: 8.507513761520386
Epoch: 77, Steps: 65 | Train Loss: 0.1472930 Vali Loss: 0.2858671 Test Loss: 0.2622778
EarlyStopping counter: 74 out of 100
Updating learning rate to 4.1109831670569744e-08
Epoch: 78 cost time: 8.525458574295044
Epoch: 78, Steps: 65 | Train Loss: 0.1469436 Vali Loss: 0.2851347 Test Loss: 0.2664326
EarlyStopping counter: 75 out of 100
Updating learning rate to 3.6998848503512764e-08
Epoch: 79 cost time: 8.310446739196777
Epoch: 79, Steps: 65 | Train Loss: 0.1465759 Vali Loss: 0.2862296 Test Loss: 0.2639478
EarlyStopping counter: 76 out of 100
Updating learning rate to 3.3298963653161496e-08
Epoch: 80 cost time: 8.69022512435913
Epoch: 80, Steps: 65 | Train Loss: 0.1471590 Vali Loss: 0.2844962 Test Loss: 0.2642401
EarlyStopping counter: 77 out of 100
Updating learning rate to 2.996906728784534e-08
Epoch: 81 cost time: 8.58846378326416
Epoch: 81, Steps: 65 | Train Loss: 0.1469590 Vali Loss: 0.2865606 Test Loss: 0.2680008
EarlyStopping counter: 78 out of 100
Updating learning rate to 2.697216055906081e-08
Epoch: 82 cost time: 8.661815881729126
Epoch: 82, Steps: 65 | Train Loss: 0.1467669 Vali Loss: 0.2865129 Test Loss: 0.2658634
EarlyStopping counter: 79 out of 100
Updating learning rate to 2.427494450315473e-08
Epoch: 83 cost time: 8.3917715549469
Epoch: 83, Steps: 65 | Train Loss: 0.1466361 Vali Loss: 0.2859205 Test Loss: 0.2671927
EarlyStopping counter: 80 out of 100
Updating learning rate to 2.1847450052839257e-08
Epoch: 84 cost time: 8.702088832855225
Epoch: 84, Steps: 65 | Train Loss: 0.1464606 Vali Loss: 0.2855560 Test Loss: 0.2645410
EarlyStopping counter: 81 out of 100
Updating learning rate to 1.9662705047555332e-08
Epoch: 85 cost time: 8.658028841018677
Epoch: 85, Steps: 65 | Train Loss: 0.1466606 Vali Loss: 0.2844562 Test Loss: 0.2679844
EarlyStopping counter: 82 out of 100
Updating learning rate to 1.7696434542799797e-08
Epoch: 86 cost time: 8.568726301193237
Epoch: 86, Steps: 65 | Train Loss: 0.1468284 Vali Loss: 0.2849954 Test Loss: 0.2666561
EarlyStopping counter: 83 out of 100
Updating learning rate to 1.5926791088519817e-08
Epoch: 87 cost time: 8.77846097946167
Epoch: 87, Steps: 65 | Train Loss: 0.1473235 Vali Loss: 0.2863646 Test Loss: 0.2670430
EarlyStopping counter: 84 out of 100
Updating learning rate to 1.4334111979667836e-08
Epoch: 88 cost time: 8.498302221298218
Epoch: 88, Steps: 65 | Train Loss: 0.1466721 Vali Loss: 0.2841676 Test Loss: 0.2648003
EarlyStopping counter: 85 out of 100
Updating learning rate to 1.2900700781701054e-08
Epoch: 89 cost time: 8.494387865066528
Epoch: 89, Steps: 65 | Train Loss: 0.1464500 Vali Loss: 0.2853522 Test Loss: 0.2686108
EarlyStopping counter: 86 out of 100
Updating learning rate to 1.161063070353095e-08
Epoch: 90 cost time: 8.688212633132935
Epoch: 90, Steps: 65 | Train Loss: 0.1469267 Vali Loss: 0.2858999 Test Loss: 0.2640523
EarlyStopping counter: 87 out of 100
Updating learning rate to 1.0449567633177854e-08
Epoch: 91 cost time: 8.586559772491455
Epoch: 91, Steps: 65 | Train Loss: 0.1468563 Vali Loss: 0.2850164 Test Loss: 0.2661331
EarlyStopping counter: 88 out of 100
Updating learning rate to 9.404610869860069e-09
Epoch: 92 cost time: 9.023950338363647
Epoch: 92, Steps: 65 | Train Loss: 0.1467186 Vali Loss: 0.2847669 Test Loss: 0.2655410
EarlyStopping counter: 89 out of 100
Updating learning rate to 8.464149782874063e-09
Epoch: 93 cost time: 8.928581237792969
Epoch: 93, Steps: 65 | Train Loss: 0.1470145 Vali Loss: 0.2864273 Test Loss: 0.2634241
EarlyStopping counter: 90 out of 100
Updating learning rate to 7.617734804586658e-09
Epoch: 94 cost time: 8.503739833831787
Epoch: 94, Steps: 65 | Train Loss: 0.1470454 Vali Loss: 0.2863026 Test Loss: 0.2631135
EarlyStopping counter: 91 out of 100
Updating learning rate to 6.855961324127991e-09
Epoch: 95 cost time: 8.384589433670044
Epoch: 95, Steps: 65 | Train Loss: 0.1467292 Vali Loss: 0.2848925 Test Loss: 0.2656066
EarlyStopping counter: 92 out of 100
Updating learning rate to 6.170365191715193e-09
Epoch: 96 cost time: 8.634933233261108
Epoch: 96, Steps: 65 | Train Loss: 0.1469094 Vali Loss: 0.2862079 Test Loss: 0.2646580
EarlyStopping counter: 93 out of 100
Updating learning rate to 5.5533286725436726e-09
Epoch: 97 cost time: 8.7013258934021
Epoch: 97, Steps: 65 | Train Loss: 0.1469248 Vali Loss: 0.2849300 Test Loss: 0.2668062
EarlyStopping counter: 94 out of 100
Updating learning rate to 4.997995805289306e-09
Epoch: 98 cost time: 8.78268575668335
Epoch: 98, Steps: 65 | Train Loss: 0.1469197 Vali Loss: 0.2855403 Test Loss: 0.2665692
EarlyStopping counter: 95 out of 100
Updating learning rate to 4.498196224760375e-09
Epoch: 99 cost time: 8.553857803344727
Epoch: 99, Steps: 65 | Train Loss: 0.1467468 Vali Loss: 0.2857401 Test Loss: 0.2667931
EarlyStopping counter: 96 out of 100
Updating learning rate to 4.048376602284338e-09
Epoch: 100 cost time: 8.523868799209595
Epoch: 100, Steps: 65 | Train Loss: 0.1464963 Vali Loss: 0.2847997 Test Loss: 0.2663647
EarlyStopping counter: 97 out of 100
Updating learning rate to 3.643538942055904e-09
>>>>>>>testing : ETTh2_96_192_Informer_ETTh2_ftS_sl96_ll48_pl192_dm512_nh8_el2_dl1_df2048_fc3_ebtimeF_dtTrue_Exp_0<<<<<<<<<<<<<<<<<<<<<<<<<<<<<<<<<
test 2689
mse:0.28906121850013733, mae:0.43590861558914185, rse:0.8884778022766113
