Args in experiment:
Namespace(activation='gelu', affine=0, batch_size=128, c_out=1, checkpoints='./checkpoints/', d_ff=2048, d_layers=1, d_model=512, data='ETTm2', data_path='ETTm2.csv', dec_in=1, decomposition=0, des='Exp', devices='0,1,2,3', distil=True, do_predict=False, dropout=0.05, e_layers=2, embed='timeF', embed_type=0, enc_in=1, factor=3, fc_dropout=0.05, features='S', freq='h', gpu=0, head_dropout=0.0, individual=0, is_training=1, itr=1, kernel_size=25, label_len=48, learning_rate=0.0001, loss='mse', lradj='type3', model='Informer', model_id='ETTm2_96_192', moving_avg=25, n_heads=8, num_workers=10, output_attention=False, padding_patch='end', patch_len=16, patience=100, pct_start=0.3, pred_len=192, random_seed=2021, revin=1, root_path='./dataset/', seq_len=96, stride=8, subtract_last=0, target='OT', test_flop=False, train_epochs=100, use_amp=False, use_gpu=True, use_multi_gpu=False)
Use GPU: cuda:0
>>>>>>>start training : ETTm2_96_192_Informer_ETTm2_ftS_sl96_ll48_pl192_dm512_nh8_el2_dl1_df2048_fc3_ebtimeF_dtTrue_Exp_0>>>>>>>>>>>>>>>>>>>>>>>>>>
train 34273
val 11329
test 11329
	iters: 100, epoch: 1 | loss: 0.2909401
	speed: 0.1196s/iter; left time: 3182.3264s
	iters: 200, epoch: 1 | loss: 0.2662625
	speed: 0.0997s/iter; left time: 2642.6527s
Epoch: 1 cost time: 28.83012318611145
Epoch: 1, Steps: 267 | Train Loss: 0.3547482 Vali Loss: 0.2595726 Test Loss: 0.2450757
Validation loss decreased (inf --> 0.259573).  Saving model ...
Updating learning rate to 0.0001
	iters: 100, epoch: 2 | loss: 0.2387213
	speed: 0.3092s/iter; left time: 8142.3312s
	iters: 200, epoch: 2 | loss: 0.1559074
	speed: 0.0998s/iter; left time: 2619.0858s
Epoch: 2 cost time: 28.841449975967407
Epoch: 2, Steps: 267 | Train Loss: 0.1788767 Vali Loss: 0.1717472 Test Loss: 0.1399610
Validation loss decreased (0.259573 --> 0.171747).  Saving model ...
Updating learning rate to 0.0001
	iters: 100, epoch: 3 | loss: 0.1365560
	speed: 0.3067s/iter; left time: 7995.5480s
	iters: 200, epoch: 3 | loss: 0.1552246
	speed: 0.0997s/iter; left time: 2587.6464s
Epoch: 3 cost time: 28.875593185424805
Epoch: 3, Steps: 267 | Train Loss: 0.1377769 Vali Loss: 0.1554863 Test Loss: 0.1947252
Validation loss decreased (0.171747 --> 0.155486).  Saving model ...
Updating learning rate to 0.0001
	iters: 100, epoch: 4 | loss: 0.1129795
	speed: 0.3078s/iter; left time: 7940.1364s
	iters: 200, epoch: 4 | loss: 0.1247212
	speed: 0.0990s/iter; left time: 2544.2436s
Epoch: 4 cost time: 28.89119815826416
Epoch: 4, Steps: 267 | Train Loss: 0.1179612 Vali Loss: 0.1516392 Test Loss: 0.1521280
Validation loss decreased (0.155486 --> 0.151639).  Saving model ...
Updating learning rate to 9e-05
	iters: 100, epoch: 5 | loss: 0.1006574
	speed: 0.3065s/iter; left time: 7826.4568s
	iters: 200, epoch: 5 | loss: 0.0997083
	speed: 0.1000s/iter; left time: 2543.8678s
Epoch: 5 cost time: 28.86024832725525
Epoch: 5, Steps: 267 | Train Loss: 0.1052715 Vali Loss: 0.1638279 Test Loss: 0.1156029
EarlyStopping counter: 1 out of 100
Updating learning rate to 8.1e-05
	iters: 100, epoch: 6 | loss: 0.0891994
	speed: 0.3093s/iter; left time: 7815.1506s
	iters: 200, epoch: 6 | loss: 0.0962956
	speed: 0.0999s/iter; left time: 2515.1543s
Epoch: 6 cost time: 28.875555753707886
Epoch: 6, Steps: 267 | Train Loss: 0.0985252 Vali Loss: 0.1438617 Test Loss: 0.1359185
Validation loss decreased (0.151639 --> 0.143862).  Saving model ...
Updating learning rate to 7.290000000000001e-05
	iters: 100, epoch: 7 | loss: 0.0887338
	speed: 0.3090s/iter; left time: 7724.0348s
	iters: 200, epoch: 7 | loss: 0.0974222
	speed: 0.0990s/iter; left time: 2465.1193s
Epoch: 7 cost time: 28.75624370574951
Epoch: 7, Steps: 267 | Train Loss: 0.0905393 Vali Loss: 0.1421766 Test Loss: 0.1225277
Validation loss decreased (0.143862 --> 0.142177).  Saving model ...
Updating learning rate to 6.561e-05
	iters: 100, epoch: 8 | loss: 0.0806229
	speed: 0.3091s/iter; left time: 7645.2200s
	iters: 200, epoch: 8 | loss: 0.0858659
	speed: 0.0994s/iter; left time: 2448.2480s
Epoch: 8 cost time: 28.924683332443237
Epoch: 8, Steps: 267 | Train Loss: 0.0867798 Vali Loss: 0.1444604 Test Loss: 0.1518364
EarlyStopping counter: 1 out of 100
Updating learning rate to 5.904900000000001e-05
	iters: 100, epoch: 9 | loss: 0.0730116
	speed: 0.3061s/iter; left time: 7489.0361s
	iters: 200, epoch: 9 | loss: 0.0827262
	speed: 0.0999s/iter; left time: 2433.3556s
Epoch: 9 cost time: 28.895529747009277
Epoch: 9, Steps: 267 | Train Loss: 0.0817470 Vali Loss: 0.1464318 Test Loss: 0.1335602
EarlyStopping counter: 2 out of 100
Updating learning rate to 5.3144100000000005e-05
	iters: 100, epoch: 10 | loss: 0.0895787
	speed: 0.3041s/iter; left time: 7357.7678s
	iters: 200, epoch: 10 | loss: 0.0754301
	speed: 0.0988s/iter; left time: 2380.1369s
Epoch: 10 cost time: 28.76226568222046
Epoch: 10, Steps: 267 | Train Loss: 0.0775374 Vali Loss: 0.1371039 Test Loss: 0.1237264
Validation loss decreased (0.142177 --> 0.137104).  Saving model ...
Updating learning rate to 4.782969000000001e-05
	iters: 100, epoch: 11 | loss: 0.0773389
	speed: 0.3068s/iter; left time: 7341.0413s
	iters: 200, epoch: 11 | loss: 0.0674167
	speed: 0.0974s/iter; left time: 2322.0709s
Epoch: 11 cost time: 28.953190326690674
Epoch: 11, Steps: 267 | Train Loss: 0.0733247 Vali Loss: 0.1489549 Test Loss: 0.1164019
EarlyStopping counter: 1 out of 100
Updating learning rate to 4.304672100000001e-05
	iters: 100, epoch: 12 | loss: 0.0728852
	speed: 0.3346s/iter; left time: 7917.0245s
	iters: 200, epoch: 12 | loss: 0.0627399
	speed: 0.0982s/iter; left time: 2314.1018s
Epoch: 12 cost time: 28.873148441314697
Epoch: 12, Steps: 267 | Train Loss: 0.0695705 Vali Loss: 0.1519909 Test Loss: 0.1249850
EarlyStopping counter: 2 out of 100
Updating learning rate to 3.874204890000001e-05
	iters: 100, epoch: 13 | loss: 0.0688239
	speed: 0.3054s/iter; left time: 7144.5995s
	iters: 200, epoch: 13 | loss: 0.0617584
	speed: 0.0996s/iter; left time: 2321.3829s
Epoch: 13 cost time: 28.607553958892822
Epoch: 13, Steps: 267 | Train Loss: 0.0674864 Vali Loss: 0.1484371 Test Loss: 0.1176415
EarlyStopping counter: 3 out of 100
Updating learning rate to 3.486784401000001e-05
	iters: 100, epoch: 14 | loss: 0.0633429
	speed: 0.3058s/iter; left time: 7072.7659s
	iters: 200, epoch: 14 | loss: 0.0678970
	speed: 0.0979s/iter; left time: 2254.4198s
Epoch: 14 cost time: 28.678170204162598
Epoch: 14, Steps: 267 | Train Loss: 0.0647451 Vali Loss: 0.1579816 Test Loss: 0.1388777
EarlyStopping counter: 4 out of 100
Updating learning rate to 3.138105960900001e-05
	iters: 100, epoch: 15 | loss: 0.0638046
	speed: 0.3112s/iter; left time: 7114.0641s
	iters: 200, epoch: 15 | loss: 0.0577608
	speed: 0.0974s/iter; left time: 2216.6930s
Epoch: 15 cost time: 28.90608239173889
Epoch: 15, Steps: 267 | Train Loss: 0.0625087 Vali Loss: 0.1541956 Test Loss: 0.1170342
EarlyStopping counter: 5 out of 100
Updating learning rate to 2.824295364810001e-05
	iters: 100, epoch: 16 | loss: 0.0709938
	speed: 0.3050s/iter; left time: 6891.1389s
	iters: 200, epoch: 16 | loss: 0.0677526
	speed: 0.0980s/iter; left time: 2204.4857s
Epoch: 16 cost time: 28.366045236587524
Epoch: 16, Steps: 267 | Train Loss: 0.0603042 Vali Loss: 0.1508455 Test Loss: 0.1368802
EarlyStopping counter: 6 out of 100
Updating learning rate to 2.541865828329001e-05
	iters: 100, epoch: 17 | loss: 0.0533359
	speed: 0.3040s/iter; left time: 6787.0318s
	iters: 200, epoch: 17 | loss: 0.0592565
	speed: 0.0981s/iter; left time: 2179.9170s
Epoch: 17 cost time: 28.47063970565796
Epoch: 17, Steps: 267 | Train Loss: 0.0585562 Vali Loss: 0.1492969 Test Loss: 0.1228068
EarlyStopping counter: 7 out of 100
Updating learning rate to 2.287679245496101e-05
	iters: 100, epoch: 18 | loss: 0.0573712
	speed: 0.3078s/iter; left time: 6790.1417s
	iters: 200, epoch: 18 | loss: 0.0635333
	speed: 0.0988s/iter; left time: 2169.8224s
Epoch: 18 cost time: 28.870073080062866
Epoch: 18, Steps: 267 | Train Loss: 0.0565947 Vali Loss: 0.1543635 Test Loss: 0.1293754
EarlyStopping counter: 8 out of 100
Updating learning rate to 2.0589113209464907e-05
	iters: 100, epoch: 19 | loss: 0.0486932
	speed: 0.3073s/iter; left time: 6697.3796s
	iters: 200, epoch: 19 | loss: 0.0653795
	speed: 0.0981s/iter; left time: 2128.8832s
Epoch: 19 cost time: 28.551321506500244
Epoch: 19, Steps: 267 | Train Loss: 0.0553899 Vali Loss: 0.1589301 Test Loss: 0.1275967
EarlyStopping counter: 9 out of 100
Updating learning rate to 1.8530201888518416e-05
	iters: 100, epoch: 20 | loss: 0.0503155
	speed: 0.3085s/iter; left time: 6642.4033s
	iters: 200, epoch: 20 | loss: 0.0507194
	speed: 0.0976s/iter; left time: 2092.2415s
Epoch: 20 cost time: 28.57139015197754
Epoch: 20, Steps: 267 | Train Loss: 0.0536864 Vali Loss: 0.1618820 Test Loss: 0.1290691
EarlyStopping counter: 10 out of 100
Updating learning rate to 1.6677181699666577e-05
	iters: 100, epoch: 21 | loss: 0.0560453
	speed: 0.3084s/iter; left time: 6557.7021s
	iters: 200, epoch: 21 | loss: 0.0468303
	speed: 0.0988s/iter; left time: 2090.6715s
Epoch: 21 cost time: 28.866618394851685
Epoch: 21, Steps: 267 | Train Loss: 0.0523914 Vali Loss: 0.1564938 Test Loss: 0.1285735
EarlyStopping counter: 11 out of 100
Updating learning rate to 1.5009463529699919e-05
	iters: 100, epoch: 22 | loss: 0.0527616
	speed: 0.3039s/iter; left time: 6380.8411s
	iters: 200, epoch: 22 | loss: 0.0534477
	speed: 0.0980s/iter; left time: 2046.9243s
Epoch: 22 cost time: 28.568385124206543
Epoch: 22, Steps: 267 | Train Loss: 0.0512887 Vali Loss: 0.1631447 Test Loss: 0.1226079
EarlyStopping counter: 12 out of 100
Updating learning rate to 1.3508517176729929e-05
	iters: 100, epoch: 23 | loss: 0.0525384
	speed: 0.3100s/iter; left time: 6425.7691s
	iters: 200, epoch: 23 | loss: 0.0456176
	speed: 0.0989s/iter; left time: 2039.5080s
Epoch: 23 cost time: 29.059924364089966
Epoch: 23, Steps: 267 | Train Loss: 0.0505003 Vali Loss: 0.1644928 Test Loss: 0.1290100
EarlyStopping counter: 13 out of 100
Updating learning rate to 1.2157665459056936e-05
	iters: 100, epoch: 24 | loss: 0.0518302
	speed: 0.3074s/iter; left time: 6288.6277s
	iters: 200, epoch: 24 | loss: 0.0434048
	speed: 0.0979s/iter; left time: 1992.2977s
Epoch: 24 cost time: 28.551384210586548
Epoch: 24, Steps: 267 | Train Loss: 0.0496176 Vali Loss: 0.1687228 Test Loss: 0.1248350
EarlyStopping counter: 14 out of 100
Updating learning rate to 1.0941898913151242e-05
	iters: 100, epoch: 25 | loss: 0.0436967
	speed: 0.3058s/iter; left time: 6175.9211s
	iters: 200, epoch: 25 | loss: 0.0451630
	speed: 0.0978s/iter; left time: 1965.0351s
Epoch: 25 cost time: 28.799793243408203
Epoch: 25, Steps: 267 | Train Loss: 0.0487960 Vali Loss: 0.1632469 Test Loss: 0.1183676
EarlyStopping counter: 15 out of 100
Updating learning rate to 9.847709021836118e-06
	iters: 100, epoch: 26 | loss: 0.0455049
	speed: 0.3075s/iter; left time: 6128.1596s
	iters: 200, epoch: 26 | loss: 0.0501356
	speed: 0.0979s/iter; left time: 1940.1722s
Epoch: 26 cost time: 28.551718711853027
Epoch: 26, Steps: 267 | Train Loss: 0.0479621 Vali Loss: 0.1656783 Test Loss: 0.1194059
EarlyStopping counter: 16 out of 100
Updating learning rate to 8.862938119652508e-06
	iters: 100, epoch: 27 | loss: 0.0519863
	speed: 0.3024s/iter; left time: 5944.7582s
	iters: 200, epoch: 27 | loss: 0.0445193
	speed: 0.0978s/iter; left time: 1912.7045s
Epoch: 27 cost time: 28.447832822799683
Epoch: 27, Steps: 267 | Train Loss: 0.0474075 Vali Loss: 0.1652591 Test Loss: 0.1227657
EarlyStopping counter: 17 out of 100
Updating learning rate to 7.976644307687255e-06
	iters: 100, epoch: 28 | loss: 0.0408045
	speed: 0.3089s/iter; left time: 5989.8122s
	iters: 200, epoch: 28 | loss: 0.0442465
	speed: 0.0983s/iter; left time: 1896.0069s
Epoch: 28 cost time: 28.692834854125977
Epoch: 28, Steps: 267 | Train Loss: 0.0466891 Vali Loss: 0.1645096 Test Loss: 0.1198600
EarlyStopping counter: 18 out of 100
Updating learning rate to 7.178979876918531e-06
	iters: 100, epoch: 29 | loss: 0.0465995
	speed: 0.3029s/iter; left time: 5792.4106s
	iters: 200, epoch: 29 | loss: 0.0473509
	speed: 0.1006s/iter; left time: 1914.5057s
Epoch: 29 cost time: 29.018183708190918
Epoch: 29, Steps: 267 | Train Loss: 0.0463938 Vali Loss: 0.1679239 Test Loss: 0.1315113
EarlyStopping counter: 19 out of 100
Updating learning rate to 6.4610818892266776e-06
	iters: 100, epoch: 30 | loss: 0.0493298
	speed: 0.3114s/iter; left time: 5872.9101s
	iters: 200, epoch: 30 | loss: 0.0511408
	speed: 0.0979s/iter; left time: 1835.6610s
Epoch: 30 cost time: 28.422849655151367
Epoch: 30, Steps: 267 | Train Loss: 0.0461867 Vali Loss: 0.1689836 Test Loss: 0.1230441
EarlyStopping counter: 20 out of 100
Updating learning rate to 5.8149737003040096e-06
	iters: 100, epoch: 31 | loss: 0.0439968
	speed: 0.3062s/iter; left time: 5692.7463s
	iters: 200, epoch: 31 | loss: 0.0399585
	speed: 0.0989s/iter; left time: 1828.9899s
Epoch: 31 cost time: 28.862615823745728
Epoch: 31, Steps: 267 | Train Loss: 0.0452619 Vali Loss: 0.1696532 Test Loss: 0.1272376
EarlyStopping counter: 21 out of 100
Updating learning rate to 5.23347633027361e-06
	iters: 100, epoch: 32 | loss: 0.0407313
	speed: 0.3062s/iter; left time: 5611.1995s
	iters: 200, epoch: 32 | loss: 0.0417376
	speed: 0.0993s/iter; left time: 1809.5017s
Epoch: 32 cost time: 28.745156288146973
Epoch: 32, Steps: 267 | Train Loss: 0.0452710 Vali Loss: 0.1686019 Test Loss: 0.1215317
EarlyStopping counter: 22 out of 100
Updating learning rate to 4.710128697246249e-06
	iters: 100, epoch: 33 | loss: 0.0460881
	speed: 0.3165s/iter; left time: 5714.9690s
	iters: 200, epoch: 33 | loss: 0.0466997
	speed: 0.0981s/iter; left time: 1761.7454s
Epoch: 33 cost time: 29.43721318244934
Epoch: 33, Steps: 267 | Train Loss: 0.0450218 Vali Loss: 0.1708937 Test Loss: 0.1320824
EarlyStopping counter: 23 out of 100
Updating learning rate to 4.239115827521624e-06
	iters: 100, epoch: 34 | loss: 0.0456181
	speed: 0.3043s/iter; left time: 5414.3272s
	iters: 200, epoch: 34 | loss: 0.0382072
	speed: 0.0992s/iter; left time: 1754.3361s
Epoch: 34 cost time: 28.614301919937134
Epoch: 34, Steps: 267 | Train Loss: 0.0443999 Vali Loss: 0.1660437 Test Loss: 0.1193382
EarlyStopping counter: 24 out of 100
Updating learning rate to 3.815204244769462e-06
	iters: 100, epoch: 35 | loss: 0.0471124
	speed: 0.3106s/iter; left time: 5441.9092s
	iters: 200, epoch: 35 | loss: 0.0517825
	speed: 0.0996s/iter; left time: 1734.8750s
Epoch: 35 cost time: 29.575231790542603
Epoch: 35, Steps: 267 | Train Loss: 0.0441611 Vali Loss: 0.1712086 Test Loss: 0.1254770
EarlyStopping counter: 25 out of 100
Updating learning rate to 3.4336838202925152e-06
	iters: 100, epoch: 36 | loss: 0.0474442
	speed: 0.3093s/iter; left time: 5337.8667s
	iters: 200, epoch: 36 | loss: 0.0452867
	speed: 0.0989s/iter; left time: 1697.0542s
Epoch: 36 cost time: 28.988517999649048
Epoch: 36, Steps: 267 | Train Loss: 0.0439468 Vali Loss: 0.1707770 Test Loss: 0.1283053
EarlyStopping counter: 26 out of 100
Updating learning rate to 3.090315438263264e-06
	iters: 100, epoch: 37 | loss: 0.0468410
	speed: 0.3105s/iter; left time: 5275.9300s
	iters: 200, epoch: 37 | loss: 0.0440617
	speed: 0.1023s/iter; left time: 1727.3191s
Epoch: 37 cost time: 29.35495400428772
Epoch: 37, Steps: 267 | Train Loss: 0.0435649 Vali Loss: 0.1684483 Test Loss: 0.1328719
EarlyStopping counter: 27 out of 100
Updating learning rate to 2.7812838944369375e-06
	iters: 100, epoch: 38 | loss: 0.0417301
	speed: 0.3041s/iter; left time: 5085.2683s
	iters: 200, epoch: 38 | loss: 0.0442235
	speed: 0.1007s/iter; left time: 1673.9346s
Epoch: 38 cost time: 29.124430179595947
Epoch: 38, Steps: 267 | Train Loss: 0.0435243 Vali Loss: 0.1676589 Test Loss: 0.1219058
EarlyStopping counter: 28 out of 100
Updating learning rate to 2.503155504993244e-06
	iters: 100, epoch: 39 | loss: 0.0429335
	speed: 0.3103s/iter; left time: 5106.3889s
	iters: 200, epoch: 39 | loss: 0.0453768
	speed: 0.1003s/iter; left time: 1641.2056s
Epoch: 39 cost time: 29.21387505531311
Epoch: 39, Steps: 267 | Train Loss: 0.0431080 Vali Loss: 0.1716821 Test Loss: 0.1258276
EarlyStopping counter: 29 out of 100
Updating learning rate to 2.2528399544939195e-06
	iters: 100, epoch: 40 | loss: 0.0404963
	speed: 0.3091s/iter; left time: 5004.3207s
	iters: 200, epoch: 40 | loss: 0.0480915
	speed: 0.0999s/iter; left time: 1607.8257s
Epoch: 40 cost time: 28.952308893203735
Epoch: 40, Steps: 267 | Train Loss: 0.0430357 Vali Loss: 0.1675972 Test Loss: 0.1281774
EarlyStopping counter: 30 out of 100
Updating learning rate to 2.0275559590445276e-06
	iters: 100, epoch: 41 | loss: 0.0462786
	speed: 0.3098s/iter; left time: 4932.8459s
	iters: 200, epoch: 41 | loss: 0.0481198
	speed: 0.0990s/iter; left time: 1565.9816s
Epoch: 41 cost time: 29.213821172714233
Epoch: 41, Steps: 267 | Train Loss: 0.0428867 Vali Loss: 0.1707377 Test Loss: 0.1269056
EarlyStopping counter: 31 out of 100
Updating learning rate to 1.8248003631400751e-06
	iters: 100, epoch: 42 | loss: 0.0413158
	speed: 0.3032s/iter; left time: 4746.0015s
	iters: 200, epoch: 42 | loss: 0.0448689
	speed: 0.1004s/iter; left time: 1562.3409s
Epoch: 42 cost time: 28.716641426086426
Epoch: 42, Steps: 267 | Train Loss: 0.0426818 Vali Loss: 0.1720738 Test Loss: 0.1280198
EarlyStopping counter: 32 out of 100
Updating learning rate to 1.6423203268260676e-06
	iters: 100, epoch: 43 | loss: 0.0399446
	speed: 0.3100s/iter; left time: 4769.9196s
	iters: 200, epoch: 43 | loss: 0.0409522
	speed: 0.1002s/iter; left time: 1531.1949s
Epoch: 43 cost time: 29.016201496124268
Epoch: 43, Steps: 267 | Train Loss: 0.0426452 Vali Loss: 0.1710450 Test Loss: 0.1262693
EarlyStopping counter: 33 out of 100
Updating learning rate to 1.4780882941434609e-06
	iters: 100, epoch: 44 | loss: 0.0396733
	speed: 0.3080s/iter; left time: 4657.5174s
	iters: 200, epoch: 44 | loss: 0.0422228
	speed: 0.0996s/iter; left time: 1495.2425s
Epoch: 44 cost time: 28.956610202789307
Epoch: 44, Steps: 267 | Train Loss: 0.0423734 Vali Loss: 0.1711950 Test Loss: 0.1285088
EarlyStopping counter: 34 out of 100
Updating learning rate to 1.3302794647291146e-06
	iters: 100, epoch: 45 | loss: 0.0470141
	speed: 0.3076s/iter; left time: 4569.1606s
	iters: 200, epoch: 45 | loss: 0.0379202
	speed: 0.0994s/iter; left time: 1467.1126s
Epoch: 45 cost time: 28.812244653701782
Epoch: 45, Steps: 267 | Train Loss: 0.0425215 Vali Loss: 0.1694390 Test Loss: 0.1260761
EarlyStopping counter: 35 out of 100
Updating learning rate to 1.1972515182562034e-06
	iters: 100, epoch: 46 | loss: 0.0433936
	speed: 0.3067s/iter; left time: 4474.2081s
	iters: 200, epoch: 46 | loss: 0.0425903
	speed: 0.0992s/iter; left time: 1436.3036s
Epoch: 46 cost time: 28.842489004135132
Epoch: 46, Steps: 267 | Train Loss: 0.0422988 Vali Loss: 0.1705433 Test Loss: 0.1276354
EarlyStopping counter: 36 out of 100
Updating learning rate to 1.077526366430583e-06
	iters: 100, epoch: 47 | loss: 0.0445141
	speed: 0.3086s/iter; left time: 4418.2384s
	iters: 200, epoch: 47 | loss: 0.0520164
	speed: 0.1001s/iter; left time: 1423.5575s
Epoch: 47 cost time: 28.883711099624634
Epoch: 47, Steps: 267 | Train Loss: 0.0422230 Vali Loss: 0.1724264 Test Loss: 0.1259715
EarlyStopping counter: 37 out of 100
Updating learning rate to 9.697737297875248e-07
	iters: 100, epoch: 48 | loss: 0.0422569
	speed: 0.3036s/iter; left time: 4265.8794s
	iters: 200, epoch: 48 | loss: 0.0453663
	speed: 0.1003s/iter; left time: 1399.7114s
Epoch: 48 cost time: 28.927780151367188
Epoch: 48, Steps: 267 | Train Loss: 0.0421988 Vali Loss: 0.1733924 Test Loss: 0.1264926
EarlyStopping counter: 38 out of 100
Updating learning rate to 8.727963568087723e-07
	iters: 100, epoch: 49 | loss: 0.0406923
	speed: 0.3014s/iter; left time: 4154.7781s
	iters: 200, epoch: 49 | loss: 0.0446827
	speed: 0.0984s/iter; left time: 1346.2942s
Epoch: 49 cost time: 28.57543420791626
Epoch: 49, Steps: 267 | Train Loss: 0.0422238 Vali Loss: 0.1726131 Test Loss: 0.1271969
EarlyStopping counter: 39 out of 100
Updating learning rate to 7.855167211278951e-07
	iters: 100, epoch: 50 | loss: 0.0398657
	speed: 0.3089s/iter; left time: 4175.1127s
	iters: 200, epoch: 50 | loss: 0.0460369
	speed: 0.0984s/iter; left time: 1320.4718s
Epoch: 50 cost time: 28.917627573013306
Epoch: 50, Steps: 267 | Train Loss: 0.0420129 Vali Loss: 0.1700244 Test Loss: 0.1260959
EarlyStopping counter: 40 out of 100
Updating learning rate to 7.069650490151056e-07
	iters: 100, epoch: 51 | loss: 0.0411195
	speed: 0.3080s/iter; left time: 4081.4642s
	iters: 200, epoch: 51 | loss: 0.0425890
	speed: 0.1000s/iter; left time: 1314.7219s
Epoch: 51 cost time: 29.00923252105713
Epoch: 51, Steps: 267 | Train Loss: 0.0419166 Vali Loss: 0.1724465 Test Loss: 0.1282242
EarlyStopping counter: 41 out of 100
Updating learning rate to 6.36268544113595e-07
	iters: 100, epoch: 52 | loss: 0.0404035
	speed: 0.3091s/iter; left time: 4013.6660s
	iters: 200, epoch: 52 | loss: 0.0420614
	speed: 0.1023s/iter; left time: 1318.1916s
Epoch: 52 cost time: 29.428993940353394
Epoch: 52, Steps: 267 | Train Loss: 0.0417633 Vali Loss: 0.1701205 Test Loss: 0.1272947
EarlyStopping counter: 42 out of 100
Updating learning rate to 5.726416897022355e-07
	iters: 100, epoch: 53 | loss: 0.0425477
	speed: 0.3071s/iter; left time: 3905.5682s
	iters: 200, epoch: 53 | loss: 0.0427229
	speed: 0.0976s/iter; left time: 1231.5597s
Epoch: 53 cost time: 28.454889059066772
Epoch: 53, Steps: 267 | Train Loss: 0.0418216 Vali Loss: 0.1698923 Test Loss: 0.1275293
EarlyStopping counter: 43 out of 100
Updating learning rate to 5.15377520732012e-07
	iters: 100, epoch: 54 | loss: 0.0345818
	speed: 0.3098s/iter; left time: 3857.3051s
	iters: 200, epoch: 54 | loss: 0.0407477
	speed: 0.0974s/iter; left time: 1202.4828s
Epoch: 54 cost time: 28.54843831062317
Epoch: 54, Steps: 267 | Train Loss: 0.0419688 Vali Loss: 0.1718111 Test Loss: 0.1271426
EarlyStopping counter: 44 out of 100
Updating learning rate to 4.6383976865881085e-07
	iters: 100, epoch: 55 | loss: 0.0452586
	speed: 0.2987s/iter; left time: 3639.2837s
	iters: 200, epoch: 55 | loss: 0.0408937
	speed: 0.0981s/iter; left time: 1185.1268s
Epoch: 55 cost time: 28.437212467193604
Epoch: 55, Steps: 267 | Train Loss: 0.0417159 Vali Loss: 0.1709470 Test Loss: 0.1280345
EarlyStopping counter: 45 out of 100
Updating learning rate to 4.174557917929298e-07
	iters: 100, epoch: 56 | loss: 0.0477686
	speed: 0.3081s/iter; left time: 3671.3730s
	iters: 200, epoch: 56 | loss: 0.0439246
	speed: 0.0989s/iter; left time: 1168.1529s
Epoch: 56 cost time: 28.87280583381653
Epoch: 56, Steps: 267 | Train Loss: 0.0416937 Vali Loss: 0.1716319 Test Loss: 0.1255717
EarlyStopping counter: 46 out of 100
Updating learning rate to 3.7571021261363677e-07
	iters: 100, epoch: 57 | loss: 0.0435534
	speed: 0.2982s/iter; left time: 3473.9531s
	iters: 200, epoch: 57 | loss: 0.0403087
	speed: 0.0977s/iter; left time: 1128.1876s
Epoch: 57 cost time: 28.405660390853882
Epoch: 57, Steps: 267 | Train Loss: 0.0417159 Vali Loss: 0.1718605 Test Loss: 0.1281765
EarlyStopping counter: 47 out of 100
Updating learning rate to 3.381391913522731e-07
	iters: 100, epoch: 58 | loss: 0.0443911
	speed: 0.3049s/iter; left time: 3470.2943s
	iters: 200, epoch: 58 | loss: 0.0441693
	speed: 0.0986s/iter; left time: 1112.3746s
Epoch: 58 cost time: 28.665390968322754
Epoch: 58, Steps: 267 | Train Loss: 0.0414066 Vali Loss: 0.1707403 Test Loss: 0.1266558
EarlyStopping counter: 48 out of 100
Updating learning rate to 3.043252722170458e-07
	iters: 100, epoch: 59 | loss: 0.0470930
	speed: 0.3069s/iter; left time: 3411.7003s
	iters: 200, epoch: 59 | loss: 0.0395637
	speed: 0.0978s/iter; left time: 1077.0704s
Epoch: 59 cost time: 28.48070478439331
Epoch: 59, Steps: 267 | Train Loss: 0.0416639 Vali Loss: 0.1711597 Test Loss: 0.1273362
EarlyStopping counter: 49 out of 100
Updating learning rate to 2.7389274499534124e-07
	iters: 100, epoch: 60 | loss: 0.0428515
	speed: 0.2976s/iter; left time: 3228.0081s
	iters: 200, epoch: 60 | loss: 0.0410601
	speed: 0.0982s/iter; left time: 1055.2100s
Epoch: 60 cost time: 28.324504375457764
Epoch: 60, Steps: 267 | Train Loss: 0.0417116 Vali Loss: 0.1717414 Test Loss: 0.1277844
EarlyStopping counter: 50 out of 100
Updating learning rate to 2.465034704958071e-07
	iters: 100, epoch: 61 | loss: 0.0393531
	speed: 0.2985s/iter; left time: 3158.1185s
	iters: 200, epoch: 61 | loss: 0.0404741
	speed: 0.0972s/iter; left time: 1018.4219s
Epoch: 61 cost time: 28.321781873703003
Epoch: 61, Steps: 267 | Train Loss: 0.0415593 Vali Loss: 0.1707578 Test Loss: 0.1277852
EarlyStopping counter: 51 out of 100
Updating learning rate to 2.218531234462264e-07
	iters: 100, epoch: 62 | loss: 0.0477178
	speed: 0.2998s/iter; left time: 3091.8152s
	iters: 200, epoch: 62 | loss: 0.0386301
	speed: 0.0976s/iter; left time: 996.8890s
Epoch: 62 cost time: 28.357844829559326
Epoch: 62, Steps: 267 | Train Loss: 0.0415226 Vali Loss: 0.1710751 Test Loss: 0.1291550
EarlyStopping counter: 52 out of 100
Updating learning rate to 1.9966781110160376e-07
	iters: 100, epoch: 63 | loss: 0.0472558
	speed: 0.3010s/iter; left time: 3023.6470s
	iters: 200, epoch: 63 | loss: 0.0462314
	speed: 0.0974s/iter; left time: 968.8081s
Epoch: 63 cost time: 28.215956449508667
Epoch: 63, Steps: 267 | Train Loss: 0.0414764 Vali Loss: 0.1712061 Test Loss: 0.1288471
EarlyStopping counter: 53 out of 100
Updating learning rate to 1.797010299914434e-07
	iters: 100, epoch: 64 | loss: 0.0389727
	speed: 0.2956s/iter; left time: 2891.1509s
	iters: 200, epoch: 64 | loss: 0.0380882
	speed: 0.0966s/iter; left time: 934.6896s
Epoch: 64 cost time: 27.935630083084106
Epoch: 64, Steps: 267 | Train Loss: 0.0415642 Vali Loss: 0.1722629 Test Loss: 0.1274577
EarlyStopping counter: 54 out of 100
Updating learning rate to 1.6173092699229907e-07
	iters: 100, epoch: 65 | loss: 0.0436942
	speed: 0.2997s/iter; left time: 2851.1629s
	iters: 200, epoch: 65 | loss: 0.0444603
	speed: 0.0985s/iter; left time: 927.2899s
Epoch: 65 cost time: 28.504720449447632
Epoch: 65, Steps: 267 | Train Loss: 0.0413900 Vali Loss: 0.1720152 Test Loss: 0.1281094
EarlyStopping counter: 55 out of 100
Updating learning rate to 1.4555783429306916e-07
	iters: 100, epoch: 66 | loss: 0.0356253
	speed: 0.3015s/iter; left time: 2787.4418s
	iters: 200, epoch: 66 | loss: 0.0370793
	speed: 0.0984s/iter; left time: 899.5953s
Epoch: 66 cost time: 28.320716381072998
Epoch: 66, Steps: 267 | Train Loss: 0.0415077 Vali Loss: 0.1719421 Test Loss: 0.1261296
EarlyStopping counter: 56 out of 100
Updating learning rate to 1.3100205086376224e-07
	iters: 100, epoch: 67 | loss: 0.0459066
	speed: 0.3066s/iter; left time: 2752.9884s
	iters: 200, epoch: 67 | loss: 0.0392008
	speed: 0.0999s/iter; left time: 886.9863s
Epoch: 67 cost time: 28.914910554885864
Epoch: 67, Steps: 267 | Train Loss: 0.0414698 Vali Loss: 0.1707852 Test Loss: 0.1286162
EarlyStopping counter: 57 out of 100
Updating learning rate to 1.1790184577738603e-07
	iters: 100, epoch: 68 | loss: 0.0419816
	speed: 0.3085s/iter; left time: 2687.6265s
	iters: 200, epoch: 68 | loss: 0.0429409
	speed: 0.0985s/iter; left time: 847.9943s
Epoch: 68 cost time: 28.632078409194946
Epoch: 68, Steps: 267 | Train Loss: 0.0414350 Vali Loss: 0.1701440 Test Loss: 0.1282559
EarlyStopping counter: 58 out of 100
Updating learning rate to 1.0611166119964742e-07
	iters: 100, epoch: 69 | loss: 0.0376532
	speed: 0.3087s/iter; left time: 2607.0040s
	iters: 200, epoch: 69 | loss: 0.0436419
	speed: 0.0996s/iter; left time: 830.9076s
Epoch: 69 cost time: 29.079655647277832
Epoch: 69, Steps: 267 | Train Loss: 0.0414263 Vali Loss: 0.1718457 Test Loss: 0.1264925
EarlyStopping counter: 59 out of 100
Updating learning rate to 9.550049507968268e-08
	iters: 100, epoch: 70 | loss: 0.0400611
	speed: 0.3082s/iter; left time: 2520.8025s
	iters: 200, epoch: 70 | loss: 0.0499632
	speed: 0.1002s/iter; left time: 809.7251s
Epoch: 70 cost time: 28.988621473312378
Epoch: 70, Steps: 267 | Train Loss: 0.0414733 Vali Loss: 0.1714293 Test Loss: 0.1279410
EarlyStopping counter: 60 out of 100
Updating learning rate to 8.595044557171442e-08
	iters: 100, epoch: 71 | loss: 0.0419340
	speed: 0.3039s/iter; left time: 2404.3547s
	iters: 200, epoch: 71 | loss: 0.0481920
	speed: 0.0981s/iter; left time: 766.2530s
Epoch: 71 cost time: 28.58638572692871
Epoch: 71, Steps: 267 | Train Loss: 0.0414261 Vali Loss: 0.1713619 Test Loss: 0.1289228
EarlyStopping counter: 61 out of 100
Updating learning rate to 7.735540101454298e-08
	iters: 100, epoch: 72 | loss: 0.0376031
	speed: 0.2997s/iter; left time: 2290.6934s
	iters: 200, epoch: 72 | loss: 0.0445624
	speed: 0.0970s/iter; left time: 731.4180s
Epoch: 72 cost time: 28.15660834312439
Epoch: 72, Steps: 267 | Train Loss: 0.0414694 Vali Loss: 0.1712327 Test Loss: 0.1271235
EarlyStopping counter: 62 out of 100
Updating learning rate to 6.961986091308869e-08
	iters: 100, epoch: 73 | loss: 0.0465031
	speed: 0.3058s/iter; left time: 2255.7770s
	iters: 200, epoch: 73 | loss: 0.0402767
	speed: 0.0978s/iter; left time: 711.4468s
Epoch: 73 cost time: 28.688567638397217
Epoch: 73, Steps: 267 | Train Loss: 0.0414422 Vali Loss: 0.1704830 Test Loss: 0.1279493
EarlyStopping counter: 63 out of 100
Updating learning rate to 6.265787482177981e-08
	iters: 100, epoch: 74 | loss: 0.0339646
	speed: 0.2961s/iter; left time: 2105.3168s
	iters: 200, epoch: 74 | loss: 0.0406809
	speed: 0.0970s/iter; left time: 680.2331s
Epoch: 74 cost time: 28.131078481674194
Epoch: 74, Steps: 267 | Train Loss: 0.0414534 Vali Loss: 0.1715935 Test Loss: 0.1285608
EarlyStopping counter: 64 out of 100
Updating learning rate to 5.639208733960184e-08
	iters: 100, epoch: 75 | loss: 0.0419555
	speed: 0.3011s/iter; left time: 2060.4121s
	iters: 200, epoch: 75 | loss: 0.0411196
	speed: 0.0977s/iter; left time: 658.6721s
Epoch: 75 cost time: 28.462867975234985
Epoch: 75, Steps: 267 | Train Loss: 0.0412688 Vali Loss: 0.1720192 Test Loss: 0.1280761
EarlyStopping counter: 65 out of 100
Updating learning rate to 5.075287860564165e-08
	iters: 100, epoch: 76 | loss: 0.0425925
	speed: 0.3013s/iter; left time: 1981.0752s
	iters: 200, epoch: 76 | loss: 0.0435482
	speed: 0.0974s/iter; left time: 630.8826s
Epoch: 76 cost time: 28.49815058708191
Epoch: 76, Steps: 267 | Train Loss: 0.0414633 Vali Loss: 0.1718144 Test Loss: 0.1264045
EarlyStopping counter: 66 out of 100
Updating learning rate to 4.567759074507749e-08
	iters: 100, epoch: 77 | loss: 0.0412471
	speed: 0.2997s/iter; left time: 1890.5999s
	iters: 200, epoch: 77 | loss: 0.0367778
	speed: 0.0975s/iter; left time: 605.3234s
Epoch: 77 cost time: 28.25330686569214
Epoch: 77, Steps: 267 | Train Loss: 0.0414862 Vali Loss: 0.1720192 Test Loss: 0.1261761
EarlyStopping counter: 67 out of 100
Updating learning rate to 4.1109831670569744e-08
	iters: 100, epoch: 78 | loss: 0.0403385
	speed: 0.2988s/iter; left time: 1805.6233s
	iters: 200, epoch: 78 | loss: 0.0434791
	speed: 0.0972s/iter; left time: 577.5229s
Epoch: 78 cost time: 28.579266786575317
Epoch: 78, Steps: 267 | Train Loss: 0.0413926 Vali Loss: 0.1716467 Test Loss: 0.1284868
EarlyStopping counter: 68 out of 100
Updating learning rate to 3.6998848503512764e-08
	iters: 100, epoch: 79 | loss: 0.0430672
	speed: 0.3004s/iter; left time: 1735.0269s
	iters: 200, epoch: 79 | loss: 0.0394264
	speed: 0.0969s/iter; left time: 549.6823s
Epoch: 79 cost time: 28.29254674911499
Epoch: 79, Steps: 267 | Train Loss: 0.0414526 Vali Loss: 0.1720118 Test Loss: 0.1286577
EarlyStopping counter: 69 out of 100
Updating learning rate to 3.3298963653161496e-08
	iters: 100, epoch: 80 | loss: 0.0365120
	speed: 0.2969s/iter; left time: 1635.5658s
	iters: 200, epoch: 80 | loss: 0.0411530
	speed: 0.0973s/iter; left time: 526.0710s
Epoch: 80 cost time: 28.233790636062622
Epoch: 80, Steps: 267 | Train Loss: 0.0413210 Vali Loss: 0.1701915 Test Loss: 0.1289337
EarlyStopping counter: 70 out of 100
Updating learning rate to 2.996906728784534e-08
	iters: 100, epoch: 81 | loss: 0.0436210
	speed: 0.2980s/iter; left time: 1561.9296s
	iters: 200, epoch: 81 | loss: 0.0388622
	speed: 0.0989s/iter; left time: 508.4917s
Epoch: 81 cost time: 28.63868737220764
Epoch: 81, Steps: 267 | Train Loss: 0.0413855 Vali Loss: 0.1707635 Test Loss: 0.1284238
EarlyStopping counter: 71 out of 100
Updating learning rate to 2.697216055906081e-08
	iters: 100, epoch: 82 | loss: 0.0419563
	speed: 0.3046s/iter; left time: 1514.8990s
	iters: 200, epoch: 82 | loss: 0.0415199
	speed: 0.1004s/iter; left time: 489.2690s
Epoch: 82 cost time: 28.788041353225708
Epoch: 82, Steps: 267 | Train Loss: 0.0415396 Vali Loss: 0.1725974 Test Loss: 0.1265919
EarlyStopping counter: 72 out of 100
Updating learning rate to 2.427494450315473e-08
	iters: 100, epoch: 83 | loss: 0.0395811
	speed: 0.3028s/iter; left time: 1425.4053s
	iters: 200, epoch: 83 | loss: 0.0438633
	speed: 0.0976s/iter; left time: 449.6255s
Epoch: 83 cost time: 28.349485397338867
Epoch: 83, Steps: 267 | Train Loss: 0.0413474 Vali Loss: 0.1722885 Test Loss: 0.1258246
EarlyStopping counter: 73 out of 100
Updating learning rate to 2.1847450052839257e-08
	iters: 100, epoch: 84 | loss: 0.0381430
	speed: 0.3042s/iter; left time: 1350.8449s
	iters: 200, epoch: 84 | loss: 0.0349472
	speed: 0.0992s/iter; left time: 430.5844s
Epoch: 84 cost time: 28.76048707962036
Epoch: 84, Steps: 267 | Train Loss: 0.0413056 Vali Loss: 0.1718492 Test Loss: 0.1282424
EarlyStopping counter: 74 out of 100
Updating learning rate to 1.9662705047555332e-08
	iters: 100, epoch: 85 | loss: 0.0402972
	speed: 0.3073s/iter; left time: 1282.5333s
	iters: 200, epoch: 85 | loss: 0.0488812
	speed: 0.0999s/iter; left time: 407.0180s
Epoch: 85 cost time: 28.857009887695312
Epoch: 85, Steps: 267 | Train Loss: 0.0413403 Vali Loss: 0.1715888 Test Loss: 0.1277086
EarlyStopping counter: 75 out of 100
Updating learning rate to 1.7696434542799797e-08
	iters: 100, epoch: 86 | loss: 0.0437037
	speed: 0.3081s/iter; left time: 1203.5212s
	iters: 200, epoch: 86 | loss: 0.0344936
	speed: 0.0996s/iter; left time: 379.1771s
Epoch: 86 cost time: 28.882108449935913
Epoch: 86, Steps: 267 | Train Loss: 0.0414809 Vali Loss: 0.1702330 Test Loss: 0.1287074
EarlyStopping counter: 76 out of 100
Updating learning rate to 1.5926791088519817e-08
	iters: 100, epoch: 87 | loss: 0.0431528
	speed: 0.3017s/iter; left time: 1097.7245s
	iters: 200, epoch: 87 | loss: 0.0356285
	speed: 0.0971s/iter; left time: 343.5361s
Epoch: 87 cost time: 28.306482791900635
Epoch: 87, Steps: 267 | Train Loss: 0.0413177 Vali Loss: 0.1714791 Test Loss: 0.1284623
EarlyStopping counter: 77 out of 100
Updating learning rate to 1.4334111979667836e-08
	iters: 100, epoch: 88 | loss: 0.0473499
	speed: 0.2976s/iter; left time: 1003.4503s
	iters: 200, epoch: 88 | loss: 0.0442918
	speed: 0.0986s/iter; left time: 322.5915s
Epoch: 88 cost time: 28.5923011302948
Epoch: 88, Steps: 267 | Train Loss: 0.0414767 Vali Loss: 0.1703507 Test Loss: 0.1286454
EarlyStopping counter: 78 out of 100
Updating learning rate to 1.2900700781701054e-08
	iters: 100, epoch: 89 | loss: 0.0450367
	speed: 0.2989s/iter; left time: 928.2115s
	iters: 200, epoch: 89 | loss: 0.0424467
	speed: 0.0962s/iter; left time: 288.9631s
Epoch: 89 cost time: 27.98674702644348
Epoch: 89, Steps: 267 | Train Loss: 0.0412144 Vali Loss: 0.1716929 Test Loss: 0.1271394
EarlyStopping counter: 79 out of 100
Updating learning rate to 1.161063070353095e-08
	iters: 100, epoch: 90 | loss: 0.0415421
	speed: 0.3003s/iter; left time: 852.1982s
	iters: 200, epoch: 90 | loss: 0.0408945
	speed: 0.0975s/iter; left time: 267.0719s
Epoch: 90 cost time: 28.240519046783447
Epoch: 90, Steps: 267 | Train Loss: 0.0414584 Vali Loss: 0.1710765 Test Loss: 0.1285474
EarlyStopping counter: 80 out of 100
Updating learning rate to 1.0449567633177854e-08
	iters: 100, epoch: 91 | loss: 0.0430216
	speed: 0.2996s/iter; left time: 770.3006s
	iters: 200, epoch: 91 | loss: 0.0369923
	speed: 0.0975s/iter; left time: 240.9858s
Epoch: 91 cost time: 28.368701934814453
Epoch: 91, Steps: 267 | Train Loss: 0.0415242 Vali Loss: 0.1719084 Test Loss: 0.1271591
EarlyStopping counter: 81 out of 100
Updating learning rate to 9.404610869860069e-09
	iters: 100, epoch: 92 | loss: 0.0423730
	speed: 0.2969s/iter; left time: 684.0633s
	iters: 200, epoch: 92 | loss: 0.0450087
	speed: 0.0979s/iter; left time: 215.7588s
Epoch: 92 cost time: 28.108734130859375
Epoch: 92, Steps: 267 | Train Loss: 0.0413537 Vali Loss: 0.1712734 Test Loss: 0.1268505
EarlyStopping counter: 82 out of 100
Updating learning rate to 8.464149782874063e-09
	iters: 100, epoch: 93 | loss: 0.0413607
	speed: 0.2968s/iter; left time: 604.6660s
	iters: 200, epoch: 93 | loss: 0.0370474
	speed: 0.1010s/iter; left time: 195.7310s
Epoch: 93 cost time: 28.553014755249023
Epoch: 93, Steps: 267 | Train Loss: 0.0415469 Vali Loss: 0.1719310 Test Loss: 0.1274672
EarlyStopping counter: 83 out of 100
Updating learning rate to 7.617734804586658e-09
	iters: 100, epoch: 94 | loss: 0.0455520
	speed: 0.2972s/iter; left time: 526.1155s
	iters: 200, epoch: 94 | loss: 0.0415062
	speed: 0.0964s/iter; left time: 161.0053s
Epoch: 94 cost time: 28.094457626342773
Epoch: 94, Steps: 267 | Train Loss: 0.0413072 Vali Loss: 0.1716278 Test Loss: 0.1278204
EarlyStopping counter: 84 out of 100
Updating learning rate to 6.855961324127991e-09
	iters: 100, epoch: 95 | loss: 0.0333656
	speed: 0.3001s/iter; left time: 450.9910s
	iters: 200, epoch: 95 | loss: 0.0410659
	speed: 0.0972s/iter; left time: 136.4180s
Epoch: 95 cost time: 28.21986961364746
Epoch: 95, Steps: 267 | Train Loss: 0.0413049 Vali Loss: 0.1718608 Test Loss: 0.1269488
EarlyStopping counter: 85 out of 100
Updating learning rate to 6.170365191715193e-09
	iters: 100, epoch: 96 | loss: 0.0416441
	speed: 0.2990s/iter; left time: 369.5611s
	iters: 200, epoch: 96 | loss: 0.0349742
	speed: 0.0972s/iter; left time: 110.3787s
Epoch: 96 cost time: 28.391090631484985
Epoch: 96, Steps: 267 | Train Loss: 0.0415144 Vali Loss: 0.1706187 Test Loss: 0.1276983
EarlyStopping counter: 86 out of 100
Updating learning rate to 5.5533286725436726e-09
	iters: 100, epoch: 97 | loss: 0.0413205
	speed: 0.3011s/iter; left time: 291.7524s
	iters: 200, epoch: 97 | loss: 0.0429669
	speed: 0.0980s/iter; left time: 85.1633s
Epoch: 97 cost time: 28.413769721984863
Epoch: 97, Steps: 267 | Train Loss: 0.0413167 Vali Loss: 0.1714866 Test Loss: 0.1275831
EarlyStopping counter: 87 out of 100
Updating learning rate to 4.997995805289306e-09
	iters: 100, epoch: 98 | loss: 0.0426499
	speed: 0.3003s/iter; left time: 210.8369s
	iters: 200, epoch: 98 | loss: 0.0372644
	speed: 0.0973s/iter; left time: 58.5604s
Epoch: 98 cost time: 28.451577186584473
Epoch: 98, Steps: 267 | Train Loss: 0.0414110 Vali Loss: 0.1717108 Test Loss: 0.1266221
EarlyStopping counter: 88 out of 100
Updating learning rate to 4.498196224760375e-09
	iters: 100, epoch: 99 | loss: 0.0432550
	speed: 0.2969s/iter; left time: 129.1468s
	iters: 200, epoch: 99 | loss: 0.0409438
	speed: 0.0980s/iter; left time: 32.8322s
Epoch: 99 cost time: 28.274906396865845
Epoch: 99, Steps: 267 | Train Loss: 0.0413758 Vali Loss: 0.1712704 Test Loss: 0.1281327
EarlyStopping counter: 89 out of 100
Updating learning rate to 4.048376602284338e-09
	iters: 100, epoch: 100 | loss: 0.0449046
	speed: 0.3030s/iter; left time: 50.8963s
	iters: 200, epoch: 100 | loss: 0.0444903
	speed: 0.0973s/iter; left time: 6.6157s
Epoch: 100 cost time: 28.379298210144043
Epoch: 100, Steps: 267 | Train Loss: 0.0413380 Vali Loss: 0.1708970 Test Loss: 0.1273948
EarlyStopping counter: 90 out of 100
Updating learning rate to 3.643538942055904e-09
>>>>>>>testing : ETTm2_96_192_Informer_ETTm2_ftS_sl96_ll48_pl192_dm512_nh8_el2_dl1_df2048_fc3_ebtimeF_dtTrue_Exp_0<<<<<<<<<<<<<<<<<<<<<<<<<<<<<<<<<
test 11329
mse:0.12329646199941635, mae:0.2755274176597595, rse:0.5708219408988953
