Args in experiment:
Namespace(activation='gelu', affine=0, batch_size=128, c_out=1, checkpoints='./checkpoints/', d_ff=2048, d_layers=1, d_model=512, data='ETTm1', data_path='ETTm1.csv', dec_in=1, decomposition=0, des='Exp', devices='0,1,2,3', distil=True, do_predict=False, dropout=0.05, e_layers=2, embed='timeF', embed_type=0, enc_in=1, factor=3, fc_dropout=0.05, features='S', freq='h', gpu=0, head_dropout=0.0, individual=0, is_training=1, itr=1, kernel_size=25, label_len=48, learning_rate=0.0001, loss='mse', lradj='type3', model='Informer', model_id='ETTm1_96_192', moving_avg=25, n_heads=8, num_workers=10, output_attention=False, padding_patch='end', patch_len=16, patience=100, pct_start=0.3, pred_len=192, random_seed=2021, revin=1, root_path='./dataset/', seq_len=96, stride=8, subtract_last=0, target='OT', test_flop=False, train_epochs=100, use_amp=False, use_gpu=True, use_multi_gpu=False)
Use GPU: cuda:0
>>>>>>>start training : ETTm1_96_192_Informer_ETTm1_ftS_sl96_ll48_pl192_dm512_nh8_el2_dl1_df2048_fc3_ebtimeF_dtTrue_Exp_0>>>>>>>>>>>>>>>>>>>>>>>>>>
train 34273
val 11329
test 11329
	iters: 100, epoch: 1 | loss: 0.2535971
	speed: 0.1197s/iter; left time: 3183.4662s
	iters: 200, epoch: 1 | loss: 0.2469468
	speed: 0.0976s/iter; left time: 2587.0366s
Epoch: 1 cost time: 28.570385456085205
Epoch: 1, Steps: 267 | Train Loss: 0.3326016 Vali Loss: 0.1430272 Test Loss: 0.2810213
Validation loss decreased (inf --> 0.143027).  Saving model ...
Updating learning rate to 0.0001
	iters: 100, epoch: 2 | loss: 0.1931253
	speed: 0.3022s/iter; left time: 7958.0008s
	iters: 200, epoch: 2 | loss: 0.1647030
	speed: 0.0978s/iter; left time: 2565.2816s
Epoch: 2 cost time: 28.433383464813232
Epoch: 2, Steps: 267 | Train Loss: 0.1494520 Vali Loss: 0.0965014 Test Loss: 0.1144589
Validation loss decreased (0.143027 --> 0.096501).  Saving model ...
Updating learning rate to 0.0001
	iters: 100, epoch: 3 | loss: 0.1240786
	speed: 0.3076s/iter; left time: 8019.2618s
	iters: 200, epoch: 3 | loss: 0.1141656
	speed: 0.0994s/iter; left time: 2582.1815s
Epoch: 3 cost time: 28.869826555252075
Epoch: 3, Steps: 267 | Train Loss: 0.1113827 Vali Loss: 0.1730357 Test Loss: 0.1637698
EarlyStopping counter: 1 out of 100
Updating learning rate to 0.0001
	iters: 100, epoch: 4 | loss: 0.0837230
	speed: 0.3044s/iter; left time: 7852.3977s
	iters: 200, epoch: 4 | loss: 0.0978927
	speed: 0.0982s/iter; left time: 2522.4708s
Epoch: 4 cost time: 28.65874147415161
Epoch: 4, Steps: 267 | Train Loss: 0.1002301 Vali Loss: 0.1905021 Test Loss: 0.2237039
EarlyStopping counter: 2 out of 100
Updating learning rate to 9e-05
	iters: 100, epoch: 5 | loss: 0.0851519
	speed: 0.3018s/iter; left time: 7705.8541s
	iters: 200, epoch: 5 | loss: 0.0897729
	speed: 0.0984s/iter; left time: 2502.1362s
Epoch: 5 cost time: 28.602215051651
Epoch: 5, Steps: 267 | Train Loss: 0.0911455 Vali Loss: 0.1831605 Test Loss: 0.2299883
EarlyStopping counter: 3 out of 100
Updating learning rate to 8.1e-05
	iters: 100, epoch: 6 | loss: 0.0841138
	speed: 0.3000s/iter; left time: 7580.7925s
	iters: 200, epoch: 6 | loss: 0.0812011
	speed: 0.0976s/iter; left time: 2457.0243s
Epoch: 6 cost time: 28.410535097122192
Epoch: 6, Steps: 267 | Train Loss: 0.0863337 Vali Loss: 0.1539937 Test Loss: 0.2408514
EarlyStopping counter: 4 out of 100
Updating learning rate to 7.290000000000001e-05
	iters: 100, epoch: 7 | loss: 0.0684149
	speed: 0.3022s/iter; left time: 7555.7087s
	iters: 200, epoch: 7 | loss: 0.0859569
	speed: 0.0982s/iter; left time: 2443.9732s
Epoch: 7 cost time: 28.527605295181274
Epoch: 7, Steps: 267 | Train Loss: 0.0799731 Vali Loss: 0.1521495 Test Loss: 0.2245884
EarlyStopping counter: 5 out of 100
Updating learning rate to 6.561e-05
	iters: 100, epoch: 8 | loss: 0.0751960
	speed: 0.3026s/iter; left time: 7484.8942s
	iters: 200, epoch: 8 | loss: 0.0733109
	speed: 0.0992s/iter; left time: 2442.7082s
Epoch: 8 cost time: 28.640697479248047
Epoch: 8, Steps: 267 | Train Loss: 0.0767262 Vali Loss: 0.1730571 Test Loss: 0.2644188
EarlyStopping counter: 6 out of 100
Updating learning rate to 5.904900000000001e-05
	iters: 100, epoch: 9 | loss: 0.0645676
	speed: 0.3007s/iter; left time: 7356.9091s
	iters: 200, epoch: 9 | loss: 0.0703025
	speed: 0.0989s/iter; left time: 2410.3376s
Epoch: 9 cost time: 28.42119550704956
Epoch: 9, Steps: 267 | Train Loss: 0.0721220 Vali Loss: 0.1774997 Test Loss: 0.3059113
EarlyStopping counter: 7 out of 100
Updating learning rate to 5.3144100000000005e-05
	iters: 100, epoch: 10 | loss: 0.0741674
	speed: 0.3007s/iter; left time: 7276.0758s
	iters: 200, epoch: 10 | loss: 0.0691105
	speed: 0.0974s/iter; left time: 2346.1079s
Epoch: 10 cost time: 28.594815015792847
Epoch: 10, Steps: 267 | Train Loss: 0.0696984 Vali Loss: 0.1645269 Test Loss: 0.2184785
EarlyStopping counter: 8 out of 100
Updating learning rate to 4.782969000000001e-05
	iters: 100, epoch: 11 | loss: 0.0698157
	speed: 0.3063s/iter; left time: 7328.9263s
	iters: 200, epoch: 11 | loss: 0.0694049
	speed: 0.0985s/iter; left time: 2347.4714s
Epoch: 11 cost time: 28.72935128211975
Epoch: 11, Steps: 267 | Train Loss: 0.0661528 Vali Loss: 0.1469828 Test Loss: 0.2399396
EarlyStopping counter: 9 out of 100
Updating learning rate to 4.304672100000001e-05
	iters: 100, epoch: 12 | loss: 0.0648397
	speed: 0.3011s/iter; left time: 7124.9384s
	iters: 200, epoch: 12 | loss: 0.0663567
	speed: 0.0991s/iter; left time: 2334.9967s
Epoch: 12 cost time: 28.741374492645264
Epoch: 12, Steps: 267 | Train Loss: 0.0631569 Vali Loss: 0.1573763 Test Loss: 0.2401716
EarlyStopping counter: 10 out of 100
Updating learning rate to 3.874204890000001e-05
	iters: 100, epoch: 13 | loss: 0.0691539
	speed: 0.3042s/iter; left time: 7117.4106s
	iters: 200, epoch: 13 | loss: 0.0696715
	speed: 0.0974s/iter; left time: 2269.4003s
Epoch: 13 cost time: 28.36352562904358
Epoch: 13, Steps: 267 | Train Loss: 0.0617284 Vali Loss: 0.1780535 Test Loss: 0.2998622
EarlyStopping counter: 11 out of 100
Updating learning rate to 3.486784401000001e-05
	iters: 100, epoch: 14 | loss: 0.0517280
	speed: 0.3031s/iter; left time: 7011.4433s
	iters: 200, epoch: 14 | loss: 0.0578263
	speed: 0.1001s/iter; left time: 2304.6219s
Epoch: 14 cost time: 28.823848962783813
Epoch: 14, Steps: 267 | Train Loss: 0.0591337 Vali Loss: 0.1654063 Test Loss: 0.2831137
EarlyStopping counter: 12 out of 100
Updating learning rate to 3.138105960900001e-05
	iters: 100, epoch: 15 | loss: 0.0570082
	speed: 0.3022s/iter; left time: 6908.3314s
	iters: 200, epoch: 15 | loss: 0.0512945
	speed: 0.0970s/iter; left time: 2208.5555s
Epoch: 15 cost time: 28.201579809188843
Epoch: 15, Steps: 267 | Train Loss: 0.0581017 Vali Loss: 0.1404946 Test Loss: 0.1924252
EarlyStopping counter: 13 out of 100
Updating learning rate to 2.824295364810001e-05
	iters: 100, epoch: 16 | loss: 0.0592725
	speed: 0.3007s/iter; left time: 6795.2165s
	iters: 200, epoch: 16 | loss: 0.0598907
	speed: 0.0972s/iter; left time: 2187.0056s
Epoch: 16 cost time: 28.440361261367798
Epoch: 16, Steps: 267 | Train Loss: 0.0559291 Vali Loss: 0.1796598 Test Loss: 0.2930723
EarlyStopping counter: 14 out of 100
Updating learning rate to 2.541865828329001e-05
	iters: 100, epoch: 17 | loss: 0.0492584
	speed: 0.2999s/iter; left time: 6695.7590s
	iters: 200, epoch: 17 | loss: 0.0523985
	speed: 0.0963s/iter; left time: 2141.1303s
Epoch: 17 cost time: 28.14785623550415
Epoch: 17, Steps: 267 | Train Loss: 0.0542871 Vali Loss: 0.1578289 Test Loss: 0.2563863
EarlyStopping counter: 15 out of 100
Updating learning rate to 2.287679245496101e-05
	iters: 100, epoch: 18 | loss: 0.0500145
	speed: 0.2989s/iter; left time: 6595.3280s
	iters: 200, epoch: 18 | loss: 0.0537627
	speed: 0.0990s/iter; left time: 2174.9378s
Epoch: 18 cost time: 28.551729679107666
Epoch: 18, Steps: 267 | Train Loss: 0.0528218 Vali Loss: 0.1721673 Test Loss: 0.2554412
EarlyStopping counter: 16 out of 100
Updating learning rate to 2.0589113209464907e-05
	iters: 100, epoch: 19 | loss: 0.0536171
	speed: 0.3027s/iter; left time: 6597.4965s
	iters: 200, epoch: 19 | loss: 0.0541047
	speed: 0.0984s/iter; left time: 2133.9901s
Epoch: 19 cost time: 28.621869325637817
Epoch: 19, Steps: 267 | Train Loss: 0.0517005 Vali Loss: 0.1621475 Test Loss: 0.2785520
EarlyStopping counter: 17 out of 100
Updating learning rate to 1.8530201888518416e-05
	iters: 100, epoch: 20 | loss: 0.0487547
	speed: 0.3010s/iter; left time: 6480.5088s
	iters: 200, epoch: 20 | loss: 0.0485939
	speed: 0.0980s/iter; left time: 2100.8597s
Epoch: 20 cost time: 28.451677799224854
Epoch: 20, Steps: 267 | Train Loss: 0.0504080 Vali Loss: 0.1692921 Test Loss: 0.2915999
EarlyStopping counter: 18 out of 100
Updating learning rate to 1.6677181699666577e-05
	iters: 100, epoch: 21 | loss: 0.0465420
	speed: 0.3009s/iter; left time: 6398.3464s
	iters: 200, epoch: 21 | loss: 0.0405231
	speed: 0.0982s/iter; left time: 2078.9784s
Epoch: 21 cost time: 28.477717876434326
Epoch: 21, Steps: 267 | Train Loss: 0.0494601 Vali Loss: 0.1517049 Test Loss: 0.2592026
EarlyStopping counter: 19 out of 100
Updating learning rate to 1.5009463529699919e-05
	iters: 100, epoch: 22 | loss: 0.0471224
	speed: 0.3008s/iter; left time: 6315.3300s
	iters: 200, epoch: 22 | loss: 0.0484338
	speed: 0.0995s/iter; left time: 2079.6160s
Epoch: 22 cost time: 28.73109245300293
Epoch: 22, Steps: 267 | Train Loss: 0.0481275 Vali Loss: 0.1734759 Test Loss: 0.2692589
EarlyStopping counter: 20 out of 100
Updating learning rate to 1.3508517176729929e-05
	iters: 100, epoch: 23 | loss: 0.0473399
	speed: 0.3019s/iter; left time: 6258.3389s
	iters: 200, epoch: 23 | loss: 0.0434771
	speed: 0.0981s/iter; left time: 2022.7718s
Epoch: 23 cost time: 28.476601362228394
Epoch: 23, Steps: 267 | Train Loss: 0.0473369 Vali Loss: 0.1580129 Test Loss: 0.2621959
EarlyStopping counter: 21 out of 100
Updating learning rate to 1.2157665459056936e-05
	iters: 100, epoch: 24 | loss: 0.0419889
	speed: 0.3003s/iter; left time: 6143.3791s
	iters: 200, epoch: 24 | loss: 0.0443658
	speed: 0.0980s/iter; left time: 1995.0624s
Epoch: 24 cost time: 28.404132843017578
Epoch: 24, Steps: 267 | Train Loss: 0.0467025 Vali Loss: 0.1639578 Test Loss: 0.2807732
EarlyStopping counter: 22 out of 100
Updating learning rate to 1.0941898913151242e-05
	iters: 100, epoch: 25 | loss: 0.0499620
	speed: 0.3018s/iter; left time: 6093.3966s
	iters: 200, epoch: 25 | loss: 0.0464809
	speed: 0.0978s/iter; left time: 1964.9675s
Epoch: 25 cost time: 28.396501064300537
Epoch: 25, Steps: 267 | Train Loss: 0.0460569 Vali Loss: 0.1524017 Test Loss: 0.2438875
EarlyStopping counter: 23 out of 100
Updating learning rate to 9.847709021836118e-06
	iters: 100, epoch: 26 | loss: 0.0428534
	speed: 0.3014s/iter; left time: 6006.1248s
	iters: 200, epoch: 26 | loss: 0.0421536
	speed: 0.0990s/iter; left time: 1963.2634s
Epoch: 26 cost time: 28.75409507751465
Epoch: 26, Steps: 267 | Train Loss: 0.0453870 Vali Loss: 0.1609389 Test Loss: 0.2422279
EarlyStopping counter: 24 out of 100
Updating learning rate to 8.862938119652508e-06
	iters: 100, epoch: 27 | loss: 0.0417457
	speed: 0.3024s/iter; left time: 5945.4304s
	iters: 200, epoch: 27 | loss: 0.0481654
	speed: 0.0984s/iter; left time: 1924.3375s
Epoch: 27 cost time: 28.466464281082153
Epoch: 27, Steps: 267 | Train Loss: 0.0446747 Vali Loss: 0.1515571 Test Loss: 0.2444411
EarlyStopping counter: 25 out of 100
Updating learning rate to 7.976644307687255e-06
	iters: 100, epoch: 28 | loss: 0.0410411
	speed: 0.3017s/iter; left time: 5850.7514s
	iters: 200, epoch: 28 | loss: 0.0420990
	speed: 0.0973s/iter; left time: 1876.5972s
Epoch: 28 cost time: 28.18290686607361
Epoch: 28, Steps: 267 | Train Loss: 0.0440420 Vali Loss: 0.1608301 Test Loss: 0.2527857
EarlyStopping counter: 26 out of 100
Updating learning rate to 7.178979876918531e-06
	iters: 100, epoch: 29 | loss: 0.0449674
	speed: 0.2976s/iter; left time: 5692.1541s
	iters: 200, epoch: 29 | loss: 0.0498725
	speed: 0.0963s/iter; left time: 1831.1890s
Epoch: 29 cost time: 28.059292316436768
Epoch: 29, Steps: 267 | Train Loss: 0.0436479 Vali Loss: 0.1587274 Test Loss: 0.2547315
EarlyStopping counter: 27 out of 100
Updating learning rate to 6.4610818892266776e-06
	iters: 100, epoch: 30 | loss: 0.0436963
	speed: 0.2986s/iter; left time: 5630.1181s
	iters: 200, epoch: 30 | loss: 0.0432599
	speed: 0.0979s/iter; left time: 1835.9959s
Epoch: 30 cost time: 28.201175212860107
Epoch: 30, Steps: 267 | Train Loss: 0.0434425 Vali Loss: 0.1532629 Test Loss: 0.2478017
EarlyStopping counter: 28 out of 100
Updating learning rate to 5.8149737003040096e-06
	iters: 100, epoch: 31 | loss: 0.0393561
	speed: 0.2978s/iter; left time: 5536.4355s
	iters: 200, epoch: 31 | loss: 0.0362379
	speed: 0.0969s/iter; left time: 1792.5526s
Epoch: 31 cost time: 28.2236750125885
Epoch: 31, Steps: 267 | Train Loss: 0.0428822 Vali Loss: 0.1624718 Test Loss: 0.2470037
EarlyStopping counter: 29 out of 100
Updating learning rate to 5.23347633027361e-06
	iters: 100, epoch: 32 | loss: 0.0412208
	speed: 0.2987s/iter; left time: 5473.7484s
	iters: 200, epoch: 32 | loss: 0.0371373
	speed: 0.0971s/iter; left time: 1768.7469s
Epoch: 32 cost time: 28.274005889892578
Epoch: 32, Steps: 267 | Train Loss: 0.0425646 Vali Loss: 0.1571432 Test Loss: 0.2233888
EarlyStopping counter: 30 out of 100
Updating learning rate to 4.710128697246249e-06
	iters: 100, epoch: 33 | loss: 0.0473159
	speed: 0.2978s/iter; left time: 5377.0051s
	iters: 200, epoch: 33 | loss: 0.0434561
	speed: 0.0960s/iter; left time: 1723.9139s
Epoch: 33 cost time: 27.956998109817505
Epoch: 33, Steps: 267 | Train Loss: 0.0423955 Vali Loss: 0.1649821 Test Loss: 0.2622185
EarlyStopping counter: 31 out of 100
Updating learning rate to 4.239115827521624e-06
	iters: 100, epoch: 34 | loss: 0.0421998
	speed: 0.3003s/iter; left time: 5341.6744s
	iters: 200, epoch: 34 | loss: 0.0395214
	speed: 0.0966s/iter; left time: 1709.3412s
Epoch: 34 cost time: 28.1416118144989
Epoch: 34, Steps: 267 | Train Loss: 0.0421191 Vali Loss: 0.1596884 Test Loss: 0.2382565
EarlyStopping counter: 32 out of 100
Updating learning rate to 3.815204244769462e-06
	iters: 100, epoch: 35 | loss: 0.0499836
	speed: 0.3006s/iter; left time: 5268.1069s
	iters: 200, epoch: 35 | loss: 0.0385135
	speed: 0.0968s/iter; left time: 1685.8684s
Epoch: 35 cost time: 28.22771668434143
Epoch: 35, Steps: 267 | Train Loss: 0.0418245 Vali Loss: 0.1592689 Test Loss: 0.2590436
EarlyStopping counter: 33 out of 100
Updating learning rate to 3.4336838202925152e-06
	iters: 100, epoch: 36 | loss: 0.0424754
	speed: 0.2977s/iter; left time: 5136.5147s
	iters: 200, epoch: 36 | loss: 0.0422602
	speed: 0.0982s/iter; left time: 1684.1180s
Epoch: 36 cost time: 28.301514148712158
Epoch: 36, Steps: 267 | Train Loss: 0.0415473 Vali Loss: 0.1635270 Test Loss: 0.2520806
EarlyStopping counter: 34 out of 100
Updating learning rate to 3.090315438263264e-06
	iters: 100, epoch: 37 | loss: 0.0380870
	speed: 0.2948s/iter; left time: 5007.8372s
	iters: 200, epoch: 37 | loss: 0.0398957
	speed: 0.0991s/iter; left time: 1674.3423s
Epoch: 37 cost time: 28.309439659118652
Epoch: 37, Steps: 267 | Train Loss: 0.0415131 Vali Loss: 0.1585523 Test Loss: 0.2474905
EarlyStopping counter: 35 out of 100
Updating learning rate to 2.7812838944369375e-06
	iters: 100, epoch: 38 | loss: 0.0378503
	speed: 0.2961s/iter; left time: 4950.9983s
	iters: 200, epoch: 38 | loss: 0.0422162
	speed: 0.0960s/iter; left time: 1596.1522s
Epoch: 38 cost time: 27.771565198898315
Epoch: 38, Steps: 267 | Train Loss: 0.0411091 Vali Loss: 0.1617631 Test Loss: 0.2428937
EarlyStopping counter: 36 out of 100
Updating learning rate to 2.503155504993244e-06
	iters: 100, epoch: 39 | loss: 0.0406039
	speed: 0.2966s/iter; left time: 4881.2729s
	iters: 200, epoch: 39 | loss: 0.0404094
	speed: 0.0973s/iter; left time: 1590.9605s
Epoch: 39 cost time: 28.44178032875061
Epoch: 39, Steps: 267 | Train Loss: 0.0409348 Vali Loss: 0.1640674 Test Loss: 0.2469693
EarlyStopping counter: 37 out of 100
Updating learning rate to 2.2528399544939195e-06
	iters: 100, epoch: 40 | loss: 0.0358187
	speed: 0.2979s/iter; left time: 4823.0824s
	iters: 200, epoch: 40 | loss: 0.0446274
	speed: 0.0971s/iter; left time: 1562.4830s
Epoch: 40 cost time: 28.105547666549683
Epoch: 40, Steps: 267 | Train Loss: 0.0409744 Vali Loss: 0.1632885 Test Loss: 0.2556630
EarlyStopping counter: 38 out of 100
Updating learning rate to 2.0275559590445276e-06
	iters: 100, epoch: 41 | loss: 0.0442055
	speed: 0.3008s/iter; left time: 4788.8489s
	iters: 200, epoch: 41 | loss: 0.0442579
	speed: 0.0970s/iter; left time: 1534.3765s
Epoch: 41 cost time: 28.407927751541138
Epoch: 41, Steps: 267 | Train Loss: 0.0408229 Vali Loss: 0.1608066 Test Loss: 0.2511110
EarlyStopping counter: 39 out of 100
Updating learning rate to 1.8248003631400751e-06
	iters: 100, epoch: 42 | loss: 0.0441783
	speed: 0.2982s/iter; left time: 4667.5609s
	iters: 200, epoch: 42 | loss: 0.0399810
	speed: 0.0975s/iter; left time: 1517.2379s
Epoch: 42 cost time: 28.33500075340271
Epoch: 42, Steps: 267 | Train Loss: 0.0405478 Vali Loss: 0.1631549 Test Loss: 0.2495892
EarlyStopping counter: 40 out of 100
Updating learning rate to 1.6423203268260676e-06
	iters: 100, epoch: 43 | loss: 0.0402769
	speed: 0.2990s/iter; left time: 4601.1066s
	iters: 200, epoch: 43 | loss: 0.0395010
	speed: 0.0960s/iter; left time: 1467.5994s
Epoch: 43 cost time: 28.032259225845337
Epoch: 43, Steps: 267 | Train Loss: 0.0405263 Vali Loss: 0.1585925 Test Loss: 0.2382001
EarlyStopping counter: 41 out of 100
Updating learning rate to 1.4780882941434609e-06
	iters: 100, epoch: 44 | loss: 0.0365188
	speed: 0.2964s/iter; left time: 4482.2044s
	iters: 200, epoch: 44 | loss: 0.0444455
	speed: 0.0963s/iter; left time: 1446.1777s
Epoch: 44 cost time: 28.02108120918274
Epoch: 44, Steps: 267 | Train Loss: 0.0403823 Vali Loss: 0.1663733 Test Loss: 0.2498352
EarlyStopping counter: 42 out of 100
Updating learning rate to 1.3302794647291146e-06
	iters: 100, epoch: 45 | loss: 0.0364615
	speed: 0.3025s/iter; left time: 4493.1856s
	iters: 200, epoch: 45 | loss: 0.0413147
	speed: 0.0968s/iter; left time: 1428.2211s
Epoch: 45 cost time: 28.31320357322693
Epoch: 45, Steps: 267 | Train Loss: 0.0404630 Vali Loss: 0.1615525 Test Loss: 0.2430244
EarlyStopping counter: 43 out of 100
Updating learning rate to 1.1972515182562034e-06
	iters: 100, epoch: 46 | loss: 0.0416474
	speed: 0.3013s/iter; left time: 4394.9861s
	iters: 200, epoch: 46 | loss: 0.0346363
	speed: 0.0980s/iter; left time: 1419.8208s
Epoch: 46 cost time: 28.44095516204834
Epoch: 46, Steps: 267 | Train Loss: 0.0403036 Vali Loss: 0.1650422 Test Loss: 0.2524212
EarlyStopping counter: 44 out of 100
Updating learning rate to 1.077526366430583e-06
	iters: 100, epoch: 47 | loss: 0.0374030
	speed: 0.2992s/iter; left time: 4284.6914s
	iters: 200, epoch: 47 | loss: 0.0418960
	speed: 0.0974s/iter; left time: 1385.0589s
Epoch: 47 cost time: 28.324185848236084
Epoch: 47, Steps: 267 | Train Loss: 0.0401477 Vali Loss: 0.1628835 Test Loss: 0.2484145
EarlyStopping counter: 45 out of 100
Updating learning rate to 9.697737297875248e-07
	iters: 100, epoch: 48 | loss: 0.0395467
	speed: 0.2976s/iter; left time: 4182.2705s
	iters: 200, epoch: 48 | loss: 0.0407021
	speed: 0.0974s/iter; left time: 1358.7058s
Epoch: 48 cost time: 28.20295476913452
Epoch: 48, Steps: 267 | Train Loss: 0.0401733 Vali Loss: 0.1646333 Test Loss: 0.2538991
EarlyStopping counter: 46 out of 100
Updating learning rate to 8.727963568087723e-07
	iters: 100, epoch: 49 | loss: 0.0413723
	speed: 0.2997s/iter; left time: 4131.8981s
	iters: 200, epoch: 49 | loss: 0.0404720
	speed: 0.0975s/iter; left time: 1334.7653s
Epoch: 49 cost time: 28.215370178222656
Epoch: 49, Steps: 267 | Train Loss: 0.0399724 Vali Loss: 0.1668196 Test Loss: 0.2694022
EarlyStopping counter: 47 out of 100
Updating learning rate to 7.855167211278951e-07
	iters: 100, epoch: 50 | loss: 0.0380369
	speed: 0.3019s/iter; left time: 4080.5937s
	iters: 200, epoch: 50 | loss: 0.0417809
	speed: 0.0982s/iter; left time: 1318.2463s
Epoch: 50 cost time: 28.474122285842896
Epoch: 50, Steps: 267 | Train Loss: 0.0400501 Vali Loss: 0.1629689 Test Loss: 0.2443633
EarlyStopping counter: 48 out of 100
Updating learning rate to 7.069650490151056e-07
	iters: 100, epoch: 51 | loss: 0.0405305
	speed: 0.2974s/iter; left time: 3941.0165s
	iters: 200, epoch: 51 | loss: 0.0430631
	speed: 0.0954s/iter; left time: 1254.7419s
Epoch: 51 cost time: 28.01450252532959
Epoch: 51, Steps: 267 | Train Loss: 0.0400214 Vali Loss: 0.1622491 Test Loss: 0.2549755
EarlyStopping counter: 49 out of 100
Updating learning rate to 6.36268544113595e-07
	iters: 100, epoch: 52 | loss: 0.0394836
	speed: 0.2975s/iter; left time: 3862.9618s
	iters: 200, epoch: 52 | loss: 0.0370317
	speed: 0.0973s/iter; left time: 1253.0541s
Epoch: 52 cost time: 28.228312015533447
Epoch: 52, Steps: 267 | Train Loss: 0.0398575 Vali Loss: 0.1639917 Test Loss: 0.2490122
EarlyStopping counter: 50 out of 100
Updating learning rate to 5.726416897022355e-07
	iters: 100, epoch: 53 | loss: 0.0401098
	speed: 0.3005s/iter; left time: 3821.4587s
	iters: 200, epoch: 53 | loss: 0.0362505
	speed: 0.0982s/iter; left time: 1239.4428s
Epoch: 53 cost time: 28.515970706939697
Epoch: 53, Steps: 267 | Train Loss: 0.0397895 Vali Loss: 0.1593188 Test Loss: 0.2483041
EarlyStopping counter: 51 out of 100
Updating learning rate to 5.15377520732012e-07
	iters: 100, epoch: 54 | loss: 0.0374598
	speed: 0.2999s/iter; left time: 3733.6995s
	iters: 200, epoch: 54 | loss: 0.0419072
	speed: 0.0969s/iter; left time: 1196.6220s
Epoch: 54 cost time: 28.119879722595215
Epoch: 54, Steps: 267 | Train Loss: 0.0400549 Vali Loss: 0.1594173 Test Loss: 0.2387443
EarlyStopping counter: 52 out of 100
Updating learning rate to 4.6383976865881085e-07
	iters: 100, epoch: 55 | loss: 0.0404076
	speed: 0.3010s/iter; left time: 3666.4767s
	iters: 200, epoch: 55 | loss: 0.0387832
	speed: 0.0984s/iter; left time: 1189.1357s
Epoch: 55 cost time: 28.545191049575806
Epoch: 55, Steps: 267 | Train Loss: 0.0397651 Vali Loss: 0.1584827 Test Loss: 0.2401591
EarlyStopping counter: 53 out of 100
Updating learning rate to 4.174557917929298e-07
	iters: 100, epoch: 56 | loss: 0.0432356
	speed: 0.3013s/iter; left time: 3589.9150s
	iters: 200, epoch: 56 | loss: 0.0426151
	speed: 0.0981s/iter; left time: 1159.4222s
Epoch: 56 cost time: 28.617796421051025
Epoch: 56, Steps: 267 | Train Loss: 0.0397852 Vali Loss: 0.1582521 Test Loss: 0.2471926
EarlyStopping counter: 54 out of 100
Updating learning rate to 3.7571021261363677e-07
	iters: 100, epoch: 57 | loss: 0.0410735
	speed: 0.3034s/iter; left time: 3533.9001s
	iters: 200, epoch: 57 | loss: 0.0352431
	speed: 0.0988s/iter; left time: 1141.5520s
Epoch: 57 cost time: 28.51408100128174
Epoch: 57, Steps: 267 | Train Loss: 0.0399282 Vali Loss: 0.1613005 Test Loss: 0.2458637
EarlyStopping counter: 55 out of 100
Updating learning rate to 3.381391913522731e-07
	iters: 100, epoch: 58 | loss: 0.0385839
	speed: 0.3010s/iter; left time: 3426.1540s
	iters: 200, epoch: 58 | loss: 0.0402049
	speed: 0.0973s/iter; left time: 1097.9601s
Epoch: 58 cost time: 28.266451597213745
Epoch: 58, Steps: 267 | Train Loss: 0.0396764 Vali Loss: 0.1598475 Test Loss: 0.2446150
EarlyStopping counter: 56 out of 100
Updating learning rate to 3.043252722170458e-07
	iters: 100, epoch: 59 | loss: 0.0423764
	speed: 0.2992s/iter; left time: 3326.0410s
	iters: 200, epoch: 59 | loss: 0.0342091
	speed: 0.0980s/iter; left time: 1079.9055s
Epoch: 59 cost time: 28.442114114761353
Epoch: 59, Steps: 267 | Train Loss: 0.0396912 Vali Loss: 0.1612168 Test Loss: 0.2541128
EarlyStopping counter: 57 out of 100
Updating learning rate to 2.7389274499534124e-07
	iters: 100, epoch: 60 | loss: 0.0385224
	speed: 0.3000s/iter; left time: 3254.9134s
	iters: 200, epoch: 60 | loss: 0.0393890
	speed: 0.0975s/iter; left time: 1047.6372s
Epoch: 60 cost time: 28.262922525405884
Epoch: 60, Steps: 267 | Train Loss: 0.0396885 Vali Loss: 0.1636446 Test Loss: 0.2512823
EarlyStopping counter: 58 out of 100
Updating learning rate to 2.465034704958071e-07
	iters: 100, epoch: 61 | loss: 0.0430381
	speed: 0.3019s/iter; left time: 3194.3725s
	iters: 200, epoch: 61 | loss: 0.0379585
	speed: 0.0974s/iter; left time: 1020.6752s
Epoch: 61 cost time: 28.45996379852295
Epoch: 61, Steps: 267 | Train Loss: 0.0398081 Vali Loss: 0.1630722 Test Loss: 0.2536759
EarlyStopping counter: 59 out of 100
Updating learning rate to 2.218531234462264e-07
	iters: 100, epoch: 62 | loss: 0.0416871
	speed: 0.3026s/iter; left time: 3120.9498s
	iters: 200, epoch: 62 | loss: 0.0390412
	speed: 0.0976s/iter; left time: 996.5441s
Epoch: 62 cost time: 28.628559350967407
Epoch: 62, Steps: 267 | Train Loss: 0.0396075 Vali Loss: 0.1615867 Test Loss: 0.2468464
EarlyStopping counter: 60 out of 100
Updating learning rate to 1.9966781110160376e-07
	iters: 100, epoch: 63 | loss: 0.0431256
	speed: 0.3004s/iter; left time: 3017.9943s
	iters: 200, epoch: 63 | loss: 0.0393968
	speed: 0.0982s/iter; left time: 977.1468s
Epoch: 63 cost time: 28.409552574157715
Epoch: 63, Steps: 267 | Train Loss: 0.0396523 Vali Loss: 0.1601577 Test Loss: 0.2493923
EarlyStopping counter: 61 out of 100
Updating learning rate to 1.797010299914434e-07
	iters: 100, epoch: 64 | loss: 0.0399765
	speed: 0.2990s/iter; left time: 2924.1709s
	iters: 200, epoch: 64 | loss: 0.0369454
	speed: 0.0985s/iter; left time: 953.5096s
Epoch: 64 cost time: 28.486546754837036
Epoch: 64, Steps: 267 | Train Loss: 0.0397254 Vali Loss: 0.1622711 Test Loss: 0.2485517
EarlyStopping counter: 62 out of 100
Updating learning rate to 1.6173092699229907e-07
	iters: 100, epoch: 65 | loss: 0.0423351
	speed: 0.2995s/iter; left time: 2849.1297s
	iters: 200, epoch: 65 | loss: 0.0435670
	speed: 0.0968s/iter; left time: 911.1151s
Epoch: 65 cost time: 28.040844440460205
Epoch: 65, Steps: 267 | Train Loss: 0.0395490 Vali Loss: 0.1609960 Test Loss: 0.2426560
EarlyStopping counter: 63 out of 100
Updating learning rate to 1.4555783429306916e-07
	iters: 100, epoch: 66 | loss: 0.0380222
	speed: 0.3026s/iter; left time: 2797.6266s
	iters: 200, epoch: 66 | loss: 0.0387474
	speed: 0.0977s/iter; left time: 893.2685s
Epoch: 66 cost time: 28.545292615890503
Epoch: 66, Steps: 267 | Train Loss: 0.0396359 Vali Loss: 0.1591833 Test Loss: 0.2470379
EarlyStopping counter: 64 out of 100
Updating learning rate to 1.3100205086376224e-07
	iters: 100, epoch: 67 | loss: 0.0421336
	speed: 0.3003s/iter; left time: 2696.8262s
	iters: 200, epoch: 67 | loss: 0.0362127
	speed: 0.0980s/iter; left time: 870.0317s
Epoch: 67 cost time: 28.531930685043335
Epoch: 67, Steps: 267 | Train Loss: 0.0395796 Vali Loss: 0.1593871 Test Loss: 0.2459862
EarlyStopping counter: 65 out of 100
Updating learning rate to 1.1790184577738603e-07
	iters: 100, epoch: 68 | loss: 0.0380313
	speed: 0.3005s/iter; left time: 2618.1897s
	iters: 200, epoch: 68 | loss: 0.0399483
	speed: 0.0976s/iter; left time: 840.7714s
Epoch: 68 cost time: 28.49851679801941
Epoch: 68, Steps: 267 | Train Loss: 0.0395377 Vali Loss: 0.1613276 Test Loss: 0.2457991
EarlyStopping counter: 66 out of 100
Updating learning rate to 1.0611166119964742e-07
	iters: 100, epoch: 69 | loss: 0.0367810
	speed: 0.2986s/iter; left time: 2521.9203s
	iters: 200, epoch: 69 | loss: 0.0391163
	speed: 0.0987s/iter; left time: 823.5260s
Epoch: 69 cost time: 28.513083934783936
Epoch: 69, Steps: 267 | Train Loss: 0.0396558 Vali Loss: 0.1617700 Test Loss: 0.2465895
EarlyStopping counter: 67 out of 100
Updating learning rate to 9.550049507968268e-08
	iters: 100, epoch: 70 | loss: 0.0436259
	speed: 0.3015s/iter; left time: 2465.9349s
	iters: 200, epoch: 70 | loss: 0.0462252
	speed: 0.0975s/iter; left time: 787.3562s
Epoch: 70 cost time: 28.35183310508728
Epoch: 70, Steps: 267 | Train Loss: 0.0396382 Vali Loss: 0.1620792 Test Loss: 0.2499700
EarlyStopping counter: 68 out of 100
Updating learning rate to 8.595044557171442e-08
	iters: 100, epoch: 71 | loss: 0.0393199
	speed: 0.3010s/iter; left time: 2381.0270s
	iters: 200, epoch: 71 | loss: 0.0390511
	speed: 0.0990s/iter; left time: 773.2254s
Epoch: 71 cost time: 28.581927061080933
Epoch: 71, Steps: 267 | Train Loss: 0.0394656 Vali Loss: 0.1636762 Test Loss: 0.2488857
EarlyStopping counter: 69 out of 100
Updating learning rate to 7.735540101454298e-08
	iters: 100, epoch: 72 | loss: 0.0405678
	speed: 0.3023s/iter; left time: 2310.4701s
	iters: 200, epoch: 72 | loss: 0.0461408
	speed: 0.0969s/iter; left time: 730.6830s
Epoch: 72 cost time: 28.366738319396973
Epoch: 72, Steps: 267 | Train Loss: 0.0396152 Vali Loss: 0.1596109 Test Loss: 0.2421031
EarlyStopping counter: 70 out of 100
Updating learning rate to 6.961986091308869e-08
	iters: 100, epoch: 73 | loss: 0.0434468
	speed: 0.2990s/iter; left time: 2205.5906s
	iters: 200, epoch: 73 | loss: 0.0380753
	speed: 0.0969s/iter; left time: 704.8041s
Epoch: 73 cost time: 28.148702144622803
Epoch: 73, Steps: 267 | Train Loss: 0.0396036 Vali Loss: 0.1630065 Test Loss: 0.2512551
EarlyStopping counter: 71 out of 100
Updating learning rate to 6.265787482177981e-08
	iters: 100, epoch: 74 | loss: 0.0358551
	speed: 0.3006s/iter; left time: 2137.1548s
	iters: 200, epoch: 74 | loss: 0.0407850
	speed: 0.0975s/iter; left time: 683.2496s
Epoch: 74 cost time: 28.237257480621338
Epoch: 74, Steps: 267 | Train Loss: 0.0395363 Vali Loss: 0.1607537 Test Loss: 0.2493577
EarlyStopping counter: 72 out of 100
Updating learning rate to 5.639208733960184e-08
	iters: 100, epoch: 75 | loss: 0.0409087
	speed: 0.2992s/iter; left time: 2047.4880s
	iters: 200, epoch: 75 | loss: 0.0385826
	speed: 0.0959s/iter; left time: 646.7549s
Epoch: 75 cost time: 28.04477334022522
Epoch: 75, Steps: 267 | Train Loss: 0.0395951 Vali Loss: 0.1632732 Test Loss: 0.2519058
EarlyStopping counter: 73 out of 100
Updating learning rate to 5.075287860564165e-08
	iters: 100, epoch: 76 | loss: 0.0434967
	speed: 0.2976s/iter; left time: 1956.9117s
	iters: 200, epoch: 76 | loss: 0.0380764
	speed: 0.0966s/iter; left time: 625.5828s
Epoch: 76 cost time: 27.955061674118042
Epoch: 76, Steps: 267 | Train Loss: 0.0395345 Vali Loss: 0.1610366 Test Loss: 0.2494235
EarlyStopping counter: 74 out of 100
Updating learning rate to 4.567759074507749e-08
	iters: 100, epoch: 77 | loss: 0.0399276
	speed: 0.2972s/iter; left time: 1874.9125s
	iters: 200, epoch: 77 | loss: 0.0386792
	speed: 0.0956s/iter; left time: 593.7398s
Epoch: 77 cost time: 27.88128972053528
Epoch: 77, Steps: 267 | Train Loss: 0.0395420 Vali Loss: 0.1601424 Test Loss: 0.2481227
EarlyStopping counter: 75 out of 100
Updating learning rate to 4.1109831670569744e-08
	iters: 100, epoch: 78 | loss: 0.0378651
	speed: 0.2989s/iter; left time: 1805.9886s
	iters: 200, epoch: 78 | loss: 0.0398044
	speed: 0.0990s/iter; left time: 588.3030s
Epoch: 78 cost time: 28.482894897460938
Epoch: 78, Steps: 267 | Train Loss: 0.0396305 Vali Loss: 0.1628255 Test Loss: 0.2491064
EarlyStopping counter: 76 out of 100
Updating learning rate to 3.6998848503512764e-08
	iters: 100, epoch: 79 | loss: 0.0377661
	speed: 0.3020s/iter; left time: 1744.0881s
	iters: 200, epoch: 79 | loss: 0.0368666
	speed: 0.0983s/iter; left time: 558.0885s
Epoch: 79 cost time: 28.306915283203125
Epoch: 79, Steps: 267 | Train Loss: 0.0395055 Vali Loss: 0.1616752 Test Loss: 0.2474722
EarlyStopping counter: 77 out of 100
Updating learning rate to 3.3298963653161496e-08
	iters: 100, epoch: 80 | loss: 0.0400966
	speed: 0.3023s/iter; left time: 1664.8316s
	iters: 200, epoch: 80 | loss: 0.0383691
	speed: 0.0975s/iter; left time: 527.5063s
Epoch: 80 cost time: 28.509512901306152
Epoch: 80, Steps: 267 | Train Loss: 0.0394548 Vali Loss: 0.1616326 Test Loss: 0.2492855
EarlyStopping counter: 78 out of 100
Updating learning rate to 2.996906728784534e-08
	iters: 100, epoch: 81 | loss: 0.0415736
	speed: 0.3021s/iter; left time: 1583.4800s
	iters: 200, epoch: 81 | loss: 0.0390045
	speed: 0.0973s/iter; left time: 500.0758s
Epoch: 81 cost time: 28.6142520904541
Epoch: 81, Steps: 267 | Train Loss: 0.0396096 Vali Loss: 0.1623556 Test Loss: 0.2501867
EarlyStopping counter: 79 out of 100
Updating learning rate to 2.697216055906081e-08
	iters: 100, epoch: 82 | loss: 0.0405726
	speed: 0.2990s/iter; left time: 1487.2784s
	iters: 200, epoch: 82 | loss: 0.0367871
	speed: 0.0966s/iter; left time: 470.6116s
Epoch: 82 cost time: 28.1406307220459
Epoch: 82, Steps: 267 | Train Loss: 0.0396135 Vali Loss: 0.1645168 Test Loss: 0.2501172
EarlyStopping counter: 80 out of 100
Updating learning rate to 2.427494450315473e-08
	iters: 100, epoch: 83 | loss: 0.0370260
	speed: 0.2997s/iter; left time: 1410.7158s
	iters: 200, epoch: 83 | loss: 0.0418325
	speed: 0.0984s/iter; left time: 453.2256s
Epoch: 83 cost time: 28.5818088054657
Epoch: 83, Steps: 267 | Train Loss: 0.0395526 Vali Loss: 0.1610173 Test Loss: 0.2481563
EarlyStopping counter: 81 out of 100
Updating learning rate to 2.1847450052839257e-08
	iters: 100, epoch: 84 | loss: 0.0395275
	speed: 0.2990s/iter; left time: 1327.3445s
	iters: 200, epoch: 84 | loss: 0.0392487
	speed: 0.0967s/iter; left time: 419.8641s
Epoch: 84 cost time: 28.26149606704712
Epoch: 84, Steps: 267 | Train Loss: 0.0394702 Vali Loss: 0.1633926 Test Loss: 0.2496437
EarlyStopping counter: 82 out of 100
Updating learning rate to 1.9662705047555332e-08
	iters: 100, epoch: 85 | loss: 0.0336602
	speed: 0.2969s/iter; left time: 1239.0562s
	iters: 200, epoch: 85 | loss: 0.0416582
	speed: 0.0992s/iter; left time: 404.1464s
Epoch: 85 cost time: 28.471646785736084
Epoch: 85, Steps: 267 | Train Loss: 0.0395335 Vali Loss: 0.1644625 Test Loss: 0.2479627
EarlyStopping counter: 83 out of 100
Updating learning rate to 1.7696434542799797e-08
	iters: 100, epoch: 86 | loss: 0.0462483
	speed: 0.3006s/iter; left time: 1174.1757s
	iters: 200, epoch: 86 | loss: 0.0335709
	speed: 0.0982s/iter; left time: 373.7477s
Epoch: 86 cost time: 28.46056318283081
Epoch: 86, Steps: 267 | Train Loss: 0.0395753 Vali Loss: 0.1621572 Test Loss: 0.2489499
EarlyStopping counter: 84 out of 100
Updating learning rate to 1.5926791088519817e-08
	iters: 100, epoch: 87 | loss: 0.0446860
	speed: 0.3000s/iter; left time: 1091.7112s
	iters: 200, epoch: 87 | loss: 0.0367092
	speed: 0.0973s/iter; left time: 344.2887s
Epoch: 87 cost time: 28.26583218574524
Epoch: 87, Steps: 267 | Train Loss: 0.0396250 Vali Loss: 0.1594905 Test Loss: 0.2469118
EarlyStopping counter: 85 out of 100
Updating learning rate to 1.4334111979667836e-08
	iters: 100, epoch: 88 | loss: 0.0399932
	speed: 0.3027s/iter; left time: 1020.6499s
	iters: 200, epoch: 88 | loss: 0.0387299
	speed: 0.0987s/iter; left time: 323.0303s
Epoch: 88 cost time: 28.726014852523804
Epoch: 88, Steps: 267 | Train Loss: 0.0395745 Vali Loss: 0.1616034 Test Loss: 0.2456771
EarlyStopping counter: 86 out of 100
Updating learning rate to 1.2900700781701054e-08
	iters: 100, epoch: 89 | loss: 0.0390302
	speed: 0.2992s/iter; left time: 928.9715s
	iters: 200, epoch: 89 | loss: 0.0394476
	speed: 0.0974s/iter; left time: 292.5548s
Epoch: 89 cost time: 28.48800826072693
Epoch: 89, Steps: 267 | Train Loss: 0.0394161 Vali Loss: 0.1611938 Test Loss: 0.2493182
EarlyStopping counter: 87 out of 100
Updating learning rate to 1.161063070353095e-08
	iters: 100, epoch: 90 | loss: 0.0406282
	speed: 0.3001s/iter; left time: 851.7282s
	iters: 200, epoch: 90 | loss: 0.0422388
	speed: 0.0974s/iter; left time: 266.7874s
Epoch: 90 cost time: 28.364770650863647
Epoch: 90, Steps: 267 | Train Loss: 0.0394837 Vali Loss: 0.1611614 Test Loss: 0.2457731
EarlyStopping counter: 88 out of 100
Updating learning rate to 1.0449567633177854e-08
	iters: 100, epoch: 91 | loss: 0.0399501
	speed: 0.2995s/iter; left time: 770.0894s
	iters: 200, epoch: 91 | loss: 0.0346666
	speed: 0.0975s/iter; left time: 240.9787s
Epoch: 91 cost time: 28.265089988708496
Epoch: 91, Steps: 267 | Train Loss: 0.0396211 Vali Loss: 0.1596031 Test Loss: 0.2483169
EarlyStopping counter: 89 out of 100
Updating learning rate to 9.404610869860069e-09
	iters: 100, epoch: 92 | loss: 0.0401666
	speed: 0.3007s/iter; left time: 692.7538s
	iters: 200, epoch: 92 | loss: 0.0390683
	speed: 0.0989s/iter; left time: 218.0096s
Epoch: 92 cost time: 28.37482500076294
Epoch: 92, Steps: 267 | Train Loss: 0.0395117 Vali Loss: 0.1622604 Test Loss: 0.2480959
EarlyStopping counter: 90 out of 100
Updating learning rate to 8.464149782874063e-09
	iters: 100, epoch: 93 | loss: 0.0420524
	speed: 0.3031s/iter; left time: 617.4438s
	iters: 200, epoch: 93 | loss: 0.0383606
	speed: 0.0978s/iter; left time: 189.4866s
Epoch: 93 cost time: 28.584641933441162
Epoch: 93, Steps: 267 | Train Loss: 0.0395579 Vali Loss: 0.1606541 Test Loss: 0.2461625
EarlyStopping counter: 91 out of 100
Updating learning rate to 7.617734804586658e-09
	iters: 100, epoch: 94 | loss: 0.0418253
	speed: 0.3032s/iter; left time: 536.6840s
	iters: 200, epoch: 94 | loss: 0.0388573
	speed: 0.0994s/iter; left time: 166.0600s
Epoch: 94 cost time: 28.956562519073486
Epoch: 94, Steps: 267 | Train Loss: 0.0395488 Vali Loss: 0.1608486 Test Loss: 0.2454971
EarlyStopping counter: 92 out of 100
Updating learning rate to 6.855961324127991e-09
	iters: 100, epoch: 95 | loss: 0.0392004
	speed: 0.3009s/iter; left time: 452.1785s
	iters: 200, epoch: 95 | loss: 0.0357454
	speed: 0.0982s/iter; left time: 137.7318s
Epoch: 95 cost time: 28.44348406791687
Epoch: 95, Steps: 267 | Train Loss: 0.0395542 Vali Loss: 0.1635800 Test Loss: 0.2480831
EarlyStopping counter: 93 out of 100
Updating learning rate to 6.170365191715193e-09
	iters: 100, epoch: 96 | loss: 0.0401783
	speed: 0.3025s/iter; left time: 373.9331s
	iters: 200, epoch: 96 | loss: 0.0360377
	speed: 0.0993s/iter; left time: 112.7999s
Epoch: 96 cost time: 28.881643772125244
Epoch: 96, Steps: 267 | Train Loss: 0.0396317 Vali Loss: 0.1616698 Test Loss: 0.2458166
EarlyStopping counter: 94 out of 100
Updating learning rate to 5.5533286725436726e-09
	iters: 100, epoch: 97 | loss: 0.0387104
	speed: 0.3021s/iter; left time: 292.7795s
	iters: 200, epoch: 97 | loss: 0.0401322
	speed: 0.0994s/iter; left time: 86.3923s
Epoch: 97 cost time: 28.808855772018433
Epoch: 97, Steps: 267 | Train Loss: 0.0395484 Vali Loss: 0.1603507 Test Loss: 0.2450847
EarlyStopping counter: 95 out of 100
Updating learning rate to 4.997995805289306e-09
	iters: 100, epoch: 98 | loss: 0.0385580
	speed: 0.3022s/iter; left time: 212.1604s
	iters: 200, epoch: 98 | loss: 0.0355614
	speed: 0.0979s/iter; left time: 58.9151s
Epoch: 98 cost time: 28.513044118881226
Epoch: 98, Steps: 267 | Train Loss: 0.0396211 Vali Loss: 0.1625807 Test Loss: 0.2475702
EarlyStopping counter: 96 out of 100
Updating learning rate to 4.498196224760375e-09
	iters: 100, epoch: 99 | loss: 0.0353773
	speed: 0.3001s/iter; left time: 130.5387s
	iters: 200, epoch: 99 | loss: 0.0367851
	speed: 0.0978s/iter; left time: 32.7647s
Epoch: 99 cost time: 28.36051034927368
Epoch: 99, Steps: 267 | Train Loss: 0.0396301 Vali Loss: 0.1606558 Test Loss: 0.2453559
EarlyStopping counter: 97 out of 100
Updating learning rate to 4.048376602284338e-09
	iters: 100, epoch: 100 | loss: 0.0399178
	speed: 0.3017s/iter; left time: 50.6938s
	iters: 200, epoch: 100 | loss: 0.0357668
	speed: 0.0968s/iter; left time: 6.5791s
Epoch: 100 cost time: 28.319920539855957
Epoch: 100, Steps: 267 | Train Loss: 0.0395673 Vali Loss: 0.1599907 Test Loss: 0.2456403
EarlyStopping counter: 98 out of 100
Updating learning rate to 3.643538942055904e-09
>>>>>>>testing : ETTm1_96_192_Informer_ETTm1_ftS_sl96_ll48_pl192_dm512_nh8_el2_dl1_df2048_fc3_ebtimeF_dtTrue_Exp_0<<<<<<<<<<<<<<<<<<<<<<<<<<<<<<<<<
test 11329
mse:0.11445826292037964, mae:0.27242350578308105, rse:0.9922788739204407
