Args in experiment:
Namespace(activation='gelu', affine=0, batch_size=4, c_out=8, checkpoints='./checkpoints/', d_ff=2048, d_layers=1, d_model=512, data='custom', data_path='exchange_rate.csv', dec_in=8, decomposition=0, des='Exp', devices='0,1,2,3', distil=True, do_predict=False, dropout=0.05, e_layers=2, embed='timeF', embed_type=0, enc_in=8, factor=3, fc_dropout=0.05, features='M', freq='h', gpu=0, head_dropout=0.0, individual=0, is_training=1, itr=1, kernel_size=25, label_len=48, learning_rate=0.0001, loss='mse', lradj='type3', model='Transformer', model_id='exchange_96_720', moving_avg=25, n_heads=8, num_workers=10, output_attention=False, padding_patch='end', patch_len=16, patience=100, pct_start=0.3, pred_len=720, random_seed=2021, revin=1, root_path='./dataset/', seq_len=336, stride=8, subtract_last=0, target='OT', test_flop=False, train_epochs=1, use_amp=False, use_gpu=True, use_multi_gpu=False)
Use GPU: cuda:0
>>>>>>>start training : exchange_96_720_Transformer_custom_ftM_sl336_ll48_pl720_dm512_nh8_el2_dl1_df2048_fc3_ebtimeF_dtTrue_Exp_0>>>>>>>>>>>>>>>>>>>>>>>>>>
train 4256
val 41
test 798
	iters: 100, epoch: 1 | loss: 0.5806675
	speed: 0.0535s/iter; left time: 51.6635s
	iters: 200, epoch: 1 | loss: 0.8173397
	speed: 0.0328s/iter; left time: 28.3718s
	iters: 300, epoch: 1 | loss: 0.5060587
	speed: 0.0344s/iter; left time: 26.3307s
	iters: 400, epoch: 1 | loss: 0.4029788
	speed: 0.0363s/iter; left time: 24.1415s
	iters: 500, epoch: 1 | loss: 0.3139726
	speed: 0.0345s/iter; left time: 19.5109s
	iters: 600, epoch: 1 | loss: 0.2521879
	speed: 0.0328s/iter; left time: 15.2645s
	iters: 700, epoch: 1 | loss: 0.3855048
	speed: 0.0320s/iter; left time: 11.6635s
	iters: 800, epoch: 1 | loss: 0.2152213
	speed: 0.0330s/iter; left time: 8.7400s
	iters: 900, epoch: 1 | loss: 0.2694872
	speed: 0.0315s/iter; left time: 5.1964s
	iters: 1000, epoch: 1 | loss: 0.2780141
	speed: 0.0300s/iter; left time: 1.9528s
Epoch: 1 cost time: 37.29954433441162
Epoch: 1, Steps: 1064 | Train Loss: 0.4160550 Vali Loss: 2.1662869 Test Loss: 0.9042461
Validation loss decreased (inf --> 2.166287).  Saving model ...
Updating learning rate to 0.0001
>>>>>>>testing : exchange_96_720_Transformer_custom_ftM_sl336_ll48_pl720_dm512_nh8_el2_dl1_df2048_fc3_ebtimeF_dtTrue_Exp_0<<<<<<<<<<<<<<<<<<<<<<<<<<<<<<<<<
test 798
mse:0.9042459726333618, mae:0.8001865744590759, rse:0.7481548190116882
