Args in experiment:
Namespace(activation='gelu', affine=0, batch_size=4, c_out=8, checkpoints='./checkpoints/', d_ff=2048, d_layers=1, d_model=512, data='custom', data_path='exchange_rate.csv', dec_in=8, decomposition=0, des='Exp', devices='0,1,2,3', distil=True, do_predict=False, dropout=0.05, e_layers=2, embed='timeF', embed_type=0, enc_in=8, factor=3, fc_dropout=0.05, features='M', freq='h', gpu=0, head_dropout=0.0, individual=0, is_training=1, itr=1, kernel_size=25, label_len=48, learning_rate=0.0001, loss='mse', lradj='type3', model='Transformer', model_id='exchange_96_336', moving_avg=25, n_heads=8, num_workers=10, output_attention=False, padding_patch='end', patch_len=16, patience=100, pct_start=0.3, pred_len=336, random_seed=2021, revin=1, root_path='./dataset/', seq_len=336, stride=8, subtract_last=0, target='OT', test_flop=False, train_epochs=1, use_amp=False, use_gpu=True, use_multi_gpu=False)
Use GPU: cuda:0
>>>>>>>start training : exchange_96_336_Transformer_custom_ftM_sl336_ll48_pl336_dm512_nh8_el2_dl1_df2048_fc3_ebtimeF_dtTrue_Exp_0>>>>>>>>>>>>>>>>>>>>>>>>>>
train 4640
val 425
test 1182
	iters: 100, epoch: 1 | loss: 0.4196761
	speed: 0.0529s/iter; left time: 56.1358s
	iters: 200, epoch: 1 | loss: 0.5341473
	speed: 0.0303s/iter; left time: 29.0823s
	iters: 300, epoch: 1 | loss: 0.6074050
	speed: 0.0281s/iter; left time: 24.2351s
	iters: 400, epoch: 1 | loss: 0.4483818
	speed: 0.0281s/iter; left time: 21.3609s
	iters: 500, epoch: 1 | loss: 0.4296478
	speed: 0.0268s/iter; left time: 17.7331s
	iters: 600, epoch: 1 | loss: 0.4342460
	speed: 0.0294s/iter; left time: 16.4914s
	iters: 700, epoch: 1 | loss: 0.1874999
	speed: 0.0305s/iter; left time: 14.0381s
	iters: 800, epoch: 1 | loss: 0.2123814
	speed: 0.0305s/iter; left time: 11.0197s
	iters: 900, epoch: 1 | loss: 0.1706045
	speed: 0.0305s/iter; left time: 7.9664s
	iters: 1000, epoch: 1 | loss: 0.1823169
	speed: 0.0311s/iter; left time: 5.0020s
	iters: 1100, epoch: 1 | loss: 0.1289967
	speed: 0.0302s/iter; left time: 1.8398s
Epoch: 1 cost time: 36.80773091316223
Epoch: 1, Steps: 1160 | Train Loss: 0.3363729 Vali Loss: 1.9518218 Test Loss: 1.2509917
Validation loss decreased (inf --> 1.951822).  Saving model ...
Updating learning rate to 0.0001
>>>>>>>testing : exchange_96_336_Transformer_custom_ftM_sl336_ll48_pl336_dm512_nh8_el2_dl1_df2048_fc3_ebtimeF_dtTrue_Exp_0<<<<<<<<<<<<<<<<<<<<<<<<<<<<<<<<<
test 1182
mse:1.2509913444519043, mae:0.9602201581001282, rse:0.8690471649169922
