Args in experiment:
Namespace(L=3, activation='gelu', base='legendre', batch_size=32, c_out=321, checkpoints='./checkpoints/', cross_activation='tanh', d_ff=2048, d_layers=1, d_model=512, data='custom', data_path='electricity.csv', dec_in=321, des='Exp', devices='0,1', distil=True, do_predict=False, dropout=0.05, e_layers=2, embed='timeF', embed_type=0, enc_in=321, factor=3, features='M', freq='h', gpu=0, is_training=1, itr=1, label_len=48, learning_rate=0.0001, loss='mse', lradj='type1', mode_select='random', model='FEDformer', modes=64, moving_avg=[24], n_heads=8, num_workers=10, output_attention=False, patience=3, pred_len=720, root_path='../dataset', seq_len=336, target='OT', task_id='ECL', train_epochs=10, use_amp=False, use_gpu=True, use_multi_gpu=False, version='Fourier')
Use GPU: cuda:0
fourier enhanced block used!
modes=64, index=[0, 2, 4, 6, 8, 10, 12, 13, 14, 22, 23, 24, 28, 30, 34, 35, 36, 41, 42, 43, 45, 52, 55, 56, 58, 59, 64, 65, 66, 68, 69, 72, 73, 74, 77, 79, 81, 83, 86, 91, 95, 96, 97, 98, 104, 107, 112, 117, 118, 121, 125, 126, 131, 134, 136, 138, 139, 142, 143, 148, 149, 154, 161, 162]
fourier enhanced block used!
modes=64, index=[1, 3, 17, 28, 32, 46, 52, 81, 90, 100, 103, 107, 111, 115, 119, 121, 124, 125, 130, 141, 154, 167, 173, 174, 177, 179, 187, 194, 200, 208, 210, 220, 223, 227, 230, 237, 248, 252, 253, 268, 271, 285, 286, 302, 309, 327, 332, 346, 351, 360, 366, 367, 382, 385, 391, 396, 399, 406, 410, 415, 427, 428, 430, 443]
 fourier enhanced cross attention used!
modes_q=64, index_q=[12, 13, 17, 20, 22, 23, 30, 32, 35, 38, 48, 50, 70, 76, 77, 92, 99, 100, 105, 109, 113, 114, 116, 118, 122, 127, 152, 179, 193, 200, 201, 202, 210, 215, 226, 229, 231, 249, 253, 256, 281, 283, 286, 297, 313, 323, 325, 327, 328, 331, 335, 336, 352, 360, 368, 375, 376, 382, 386, 389, 402, 404, 418, 435]
modes_kv=64, index_kv=[1, 3, 7, 8, 10, 13, 15, 16, 18, 23, 26, 28, 32, 33, 38, 40, 42, 43, 44, 45, 47, 48, 49, 51, 53, 55, 56, 57, 59, 62, 64, 65, 66, 67, 75, 76, 77, 83, 89, 92, 94, 95, 97, 98, 104, 108, 109, 114, 119, 120, 122, 124, 125, 126, 133, 138, 139, 141, 142, 145, 147, 148, 160, 164]
enc_modes: 64, dec_modes: 64
>>>>>>>start training : ECL_FEDformer_random_modes64_custom_ftM_sl336_ll48_pl720_dm512_nh8_el2_dl1_df2048_fc3_ebtimeF_dtTrue_Exp_0>>>>>>>>>>>>>>>>>>>>>>>>>>
train 17357
val 1913
test 4541
Epoch: 1 cost time: 226.4500117301941
Epoch: 1, Steps: 542 | Train Loss: 0.3417327 Vali Loss: 0.2425377 Test Loss: 0.2956209
Validation loss decreased (inf --> 0.242538).  Saving model ...
Updating learning rate to 0.0001
Epoch: 2 cost time: 227.60930252075195
Epoch: 2, Steps: 542 | Train Loss: 0.2516719 Vali Loss: 0.2194355 Test Loss: 0.2571948
Validation loss decreased (0.242538 --> 0.219435).  Saving model ...
Updating learning rate to 5e-05
Epoch: 3 cost time: 227.36434173583984
Epoch: 3, Steps: 542 | Train Loss: 0.2234546 Vali Loss: 0.2212668 Test Loss: 0.2490747
EarlyStopping counter: 1 out of 3
Updating learning rate to 2.5e-05
Epoch: 4 cost time: 227.64601635932922
Epoch: 4, Steps: 542 | Train Loss: 0.2157423 Vali Loss: 0.2134206 Test Loss: 0.2468048
Validation loss decreased (0.219435 --> 0.213421).  Saving model ...
Updating learning rate to 1.25e-05
Epoch: 5 cost time: 227.0753812789917
Epoch: 5, Steps: 542 | Train Loss: 0.2125316 Vali Loss: 0.2119856 Test Loss: 0.2481469
Validation loss decreased (0.213421 --> 0.211986).  Saving model ...
Updating learning rate to 6.25e-06
Epoch: 6 cost time: 229.2442126274109
Epoch: 6, Steps: 542 | Train Loss: 0.2109843 Vali Loss: 0.2115892 Test Loss: 0.2458860
Validation loss decreased (0.211986 --> 0.211589).  Saving model ...
Updating learning rate to 3.125e-06
Epoch: 7 cost time: 229.03258156776428
Epoch: 7, Steps: 542 | Train Loss: 0.2102373 Vali Loss: 0.2100289 Test Loss: 0.2458405
Validation loss decreased (0.211589 --> 0.210029).  Saving model ...
Updating learning rate to 1.5625e-06
Epoch: 8 cost time: 227.17713022232056
Epoch: 8, Steps: 542 | Train Loss: 0.2097858 Vali Loss: 0.2099140 Test Loss: 0.2461557
Validation loss decreased (0.210029 --> 0.209914).  Saving model ...
Updating learning rate to 7.8125e-07
Epoch: 9 cost time: 227.3878014087677
Epoch: 9, Steps: 542 | Train Loss: 0.2096111 Vali Loss: 0.2104194 Test Loss: 0.2462467
EarlyStopping counter: 1 out of 3
Updating learning rate to 3.90625e-07
Epoch: 10 cost time: 226.91589450836182
Epoch: 10, Steps: 542 | Train Loss: 0.2094914 Vali Loss: 0.2107336 Test Loss: 0.2462571
EarlyStopping counter: 2 out of 3
Updating learning rate to 1.953125e-07
>>>>>>>testing : ECL_FEDformer_random_modes64_custom_ftM_sl336_ll48_pl720_dm512_nh8_el2_dl1_df2048_fc3_ebtimeF_dtTrue_Exp_0<<<<<<<<<<<<<<<<<<<<<<<<<<<<<<<<<
test 4541
test shape: (141, 32, 720, 321) (141, 32, 720, 321)
test shape: (4512, 720, 321) (4512, 720, 321)
mse:0.24615666270256042, mae:0.3564201891422272
