Args in experiment:
Namespace(L=3, activation='gelu', base='legendre', batch_size=32, c_out=7, checkpoints='./checkpoints/', cross_activation='tanh', d_ff=2048, d_layers=1, d_model=512, data='ETTh2', data_path='ETTh2.csv', dec_in=7, des='Exp', devices='0,1', distil=True, do_predict=False, dropout=0.05, e_layers=2, embed='timeF', embed_type=0, enc_in=7, factor=3, features='M', freq='h', gpu=0, is_training=1, itr=1, label_len=48, learning_rate=0.0001, loss='mse', lradj='type1', mode_select='random', model='FEDformer', modes=64, moving_avg=[24], n_heads=8, num_workers=10, output_attention=False, patience=3, pred_len=720, root_path='../dataset', seq_len=96, target='OT', task_id='ETTh2', train_epochs=10, use_amp=False, use_gpu=True, use_multi_gpu=False, version='Fourier')
Use GPU: cuda:0
fourier enhanced block used!
modes=64, index=[0, 1, 2, 3, 4, 5, 6, 7, 8, 9, 10, 11, 12, 13, 14, 15, 16, 17, 18, 19, 20, 21, 22, 23, 24, 25, 26, 27, 28, 29, 30, 31, 32, 33, 34, 35, 36, 37, 38, 39, 40, 41, 42, 43, 44, 45, 46, 47]
fourier enhanced block used!
modes=64, index=[0, 2, 8, 13, 34, 35, 37, 41, 44, 46, 50, 52, 64, 66, 76, 95, 104, 108, 124, 125, 129, 134, 137, 139, 140, 142, 150, 156, 161, 169, 179, 180, 194, 204, 208, 211, 213, 219, 222, 242, 251, 261, 262, 263, 270, 271, 289, 291, 297, 298, 301, 303, 307, 313, 317, 319, 321, 322, 336, 347, 351, 352, 372, 381]
 fourier enhanced cross attention used!
modes_q=64, index_q=[8, 9, 16, 18, 28, 36, 37, 40, 48, 61, 62, 70, 74, 81, 85, 93, 95, 99, 120, 121, 130, 131, 133, 134, 137, 141, 148, 163, 166, 172, 174, 183, 191, 200, 207, 215, 216, 221, 222, 235, 245, 251, 262, 273, 277, 295, 299, 305, 308, 318, 320, 333, 343, 344, 345, 347, 349, 350, 353, 355, 364, 369, 376, 381]
modes_kv=48, index_kv=[0, 1, 2, 3, 4, 5, 6, 7, 8, 9, 10, 11, 12, 13, 14, 15, 16, 17, 18, 19, 20, 21, 22, 23, 24, 25, 26, 27, 28, 29, 30, 31, 32, 33, 34, 35, 36, 37, 38, 39, 40, 41, 42, 43, 44, 45, 46, 47]
enc_modes: 48, dec_modes: 64
>>>>>>>start training : ETTh2_FEDformer_random_modes64_ETTh2_ftM_sl96_ll48_pl720_dm512_nh8_el2_dl1_df2048_fc3_ebtimeF_dtTrue_Exp_0>>>>>>>>>>>>>>>>>>>>>>>>>>
train 7825
val 2161
test 2161
Epoch: 1 cost time: 76.7547721862793
Epoch: 1, Steps: 244 | Train Loss: 0.8632970 Vali Loss: 0.6606181 Test Loss: 0.4678310
Validation loss decreased (inf --> 0.660618).  Saving model ...
Updating learning rate to 0.0001
Epoch: 2 cost time: 76.73491263389587
Epoch: 2, Steps: 244 | Train Loss: 0.8232275 Vali Loss: 0.6481431 Test Loss: 0.4786011
Validation loss decreased (0.660618 --> 0.648143).  Saving model ...
Updating learning rate to 5e-05
Epoch: 3 cost time: 77.15065288543701
Epoch: 3, Steps: 244 | Train Loss: 0.8125079 Vali Loss: 0.6864554 Test Loss: 0.4727596
EarlyStopping counter: 1 out of 3
Updating learning rate to 2.5e-05
Epoch: 4 cost time: 76.6515543460846
Epoch: 4, Steps: 244 | Train Loss: 0.8054460 Vali Loss: 0.6864704 Test Loss: 0.4785621
EarlyStopping counter: 2 out of 3
Updating learning rate to 1.25e-05
Epoch: 5 cost time: 76.91732287406921
Epoch: 5, Steps: 244 | Train Loss: 0.8028599 Vali Loss: 0.6907563 Test Loss: 0.4779342
EarlyStopping counter: 3 out of 3
Early stopping
>>>>>>>testing : ETTh2_FEDformer_random_modes64_ETTh2_ftM_sl96_ll48_pl720_dm512_nh8_el2_dl1_df2048_fc3_ebtimeF_dtTrue_Exp_0<<<<<<<<<<<<<<<<<<<<<<<<<<<<<<<<<
test 2161
test shape: (67, 32, 720, 7) (67, 32, 720, 7)
test shape: (2144, 720, 7) (2144, 720, 7)
mse:0.4786006212234497, mae:0.48510128259658813
