Args in experiment:
Namespace(L=3, activation='gelu', base='legendre', batch_size=32, c_out=7, checkpoints='./checkpoints/', cross_activation='tanh', d_ff=2048, d_layers=1, d_model=512, data='custom', data_path='national_illness.csv', dec_in=7, des='Exp', devices='0,1', distil=True, do_predict=False, dropout=0.05, e_layers=2, embed='timeF', embed_type=0, enc_in=7, factor=3, features='M', freq='h', gpu=0, is_training=1, itr=1, label_len=18, learning_rate=0.0001, loss='mse', lradj='type1', mode_select='random', model='FEDformer', modes=64, moving_avg=[24], n_heads=8, num_workers=10, output_attention=False, patience=3, pred_len=60, root_path='../dataset', seq_len=36, target='OT', task_id='ili', train_epochs=10, use_amp=False, use_gpu=True, use_multi_gpu=False, version='Fourier')
Use GPU: cuda:0
fourier enhanced block used!
modes=64, index=[0, 1, 2, 3, 4, 5, 6, 7, 8, 9, 10, 11, 12, 13, 14, 15, 16, 17]
fourier enhanced block used!
modes=64, index=[0, 1, 2, 3, 4, 5, 6, 7, 8, 9, 10, 11, 12, 13, 14, 15, 16, 17, 18, 19, 20, 21, 22, 23, 24, 25, 26, 27, 28, 29, 30, 31, 32, 33, 34, 35, 36, 37, 38]
 fourier enhanced cross attention used!
modes_q=39, index_q=[0, 1, 2, 3, 4, 5, 6, 7, 8, 9, 10, 11, 12, 13, 14, 15, 16, 17, 18, 19, 20, 21, 22, 23, 24, 25, 26, 27, 28, 29, 30, 31, 32, 33, 34, 35, 36, 37, 38]
modes_kv=18, index_kv=[0, 1, 2, 3, 4, 5, 6, 7, 8, 9, 10, 11, 12, 13, 14, 15, 16, 17]
enc_modes: 18, dec_modes: 39
>>>>>>>start training : ili_FEDformer_random_modes64_custom_ftM_sl36_ll18_pl60_dm512_nh8_el2_dl1_df2048_fc3_ebtimeF_dtTrue_Exp_0>>>>>>>>>>>>>>>>>>>>>>>>>>
train 581
val 38
test 134
Epoch: 1 cost time: 3.5425336360931396
Epoch: 1, Steps: 18 | Train Loss: 0.9735879 Vali Loss: 0.5946548 Test Loss: 3.6782191
Validation loss decreased (inf --> 0.594655).  Saving model ...
Updating learning rate to 0.0001
Epoch: 2 cost time: 3.523679494857788
Epoch: 2, Steps: 18 | Train Loss: 0.7724059 Vali Loss: 0.4715642 Test Loss: 3.2227263
Validation loss decreased (0.594655 --> 0.471564).  Saving model ...
Updating learning rate to 5e-05
Epoch: 3 cost time: 3.49212646484375
Epoch: 3, Steps: 18 | Train Loss: 0.6765845 Vali Loss: 0.4104334 Test Loss: 3.0101333
Validation loss decreased (0.471564 --> 0.410433).  Saving model ...
Updating learning rate to 2.5e-05
Epoch: 4 cost time: 3.5400443077087402
Epoch: 4, Steps: 18 | Train Loss: 0.6413295 Vali Loss: 0.3872041 Test Loss: 2.9281297
Validation loss decreased (0.410433 --> 0.387204).  Saving model ...
Updating learning rate to 1.25e-05
Epoch: 5 cost time: 3.51387095451355
Epoch: 5, Steps: 18 | Train Loss: 0.6208510 Vali Loss: 0.3883995 Test Loss: 2.8778732
EarlyStopping counter: 1 out of 3
Updating learning rate to 6.25e-06
Epoch: 6 cost time: 3.636610984802246
Epoch: 6, Steps: 18 | Train Loss: 0.6127598 Vali Loss: 0.3661394 Test Loss: 2.8597174
Validation loss decreased (0.387204 --> 0.366139).  Saving model ...
Updating learning rate to 3.125e-06
Epoch: 7 cost time: 3.732226848602295
Epoch: 7, Steps: 18 | Train Loss: 0.6069624 Vali Loss: 0.3687693 Test Loss: 2.8496451
EarlyStopping counter: 1 out of 3
Updating learning rate to 1.5625e-06
Epoch: 8 cost time: 3.4990153312683105
Epoch: 8, Steps: 18 | Train Loss: 0.6094365 Vali Loss: 0.3613615 Test Loss: 2.8442173
Validation loss decreased (0.366139 --> 0.361362).  Saving model ...
Updating learning rate to 7.8125e-07
Epoch: 9 cost time: 3.494084596633911
Epoch: 9, Steps: 18 | Train Loss: 0.6063295 Vali Loss: 0.3736909 Test Loss: 2.8416061
EarlyStopping counter: 1 out of 3
Updating learning rate to 3.90625e-07
Epoch: 10 cost time: 3.715864419937134
Epoch: 10, Steps: 18 | Train Loss: 0.6099286 Vali Loss: 0.3632678 Test Loss: 2.8403139
EarlyStopping counter: 2 out of 3
Updating learning rate to 1.953125e-07
>>>>>>>testing : ili_FEDformer_random_modes64_custom_ftM_sl36_ll18_pl60_dm512_nh8_el2_dl1_df2048_fc3_ebtimeF_dtTrue_Exp_0<<<<<<<<<<<<<<<<<<<<<<<<<<<<<<<<<
test 134
test shape: (4, 32, 60, 7) (4, 32, 60, 7)
test shape: (128, 60, 7) (128, 60, 7)
mse:2.844217538833618, mae:1.1526254415512085
