Args in experiment:
Namespace(L=3, activation='gelu', base='legendre', batch_size=32, c_out=21, checkpoints='./checkpoints/', cross_activation='tanh', d_ff=2048, d_layers=1, d_model=512, data='custom', data_path='weather.csv', dec_in=21, des='Exp', devices='0,1', distil=True, do_predict=False, dropout=0.05, e_layers=2, embed='timeF', embed_type=0, enc_in=21, factor=3, features='M', freq='h', gpu=0, is_training=1, itr=1, label_len=48, learning_rate=0.0001, loss='mse', lradj='type1', mode_select='random', model='FEDformer', modes=64, moving_avg=[24], n_heads=8, num_workers=10, output_attention=False, patience=3, pred_len=1440, root_path='../dataset', seq_len=192, target='OT', task_id='weather', train_epochs=10, use_amp=False, use_gpu=True, use_multi_gpu=False, version='Fourier')
Use GPU: cuda:0
fourier enhanced block used!
modes=64, index=[2, 3, 4, 6, 8, 9, 11, 13, 15, 17, 18, 19, 20, 22, 23, 27, 28, 30, 31, 32, 34, 35, 36, 37, 39, 40, 42, 43, 45, 46, 47, 51, 53, 55, 56, 58, 59, 60, 61, 64, 65, 67, 68, 69, 71, 72, 73, 74, 75, 77, 78, 79, 80, 81, 82, 83, 84, 87, 89, 90, 91, 92, 93, 94]
fourier enhanced block used!
modes=64, index=[8, 16, 17, 21, 32, 40, 61, 62, 74, 92, 111, 120, 121, 159, 177, 205, 209, 210, 212, 235, 260, 267, 287, 289, 303, 340, 344, 347, 377, 379, 384, 387, 400, 421, 427, 443, 448, 454, 460, 483, 489, 502, 503, 504, 505, 507, 522, 544, 547, 561, 563, 605, 615, 619, 620, 627, 639, 649, 667, 682, 684, 697, 737, 738]
 fourier enhanced cross attention used!
modes_q=64, index_q=[2, 8, 12, 14, 15, 17, 31, 32, 65, 71, 72, 105, 124, 127, 134, 145, 155, 169, 171, 181, 207, 217, 229, 232, 250, 256, 260, 273, 275, 292, 309, 314, 328, 381, 396, 421, 432, 451, 453, 480, 498, 501, 536, 560, 562, 568, 570, 579, 589, 606, 617, 623, 627, 630, 643, 654, 685, 686, 698, 706, 712, 736, 737, 753]
modes_kv=64, index_kv=[1, 2, 3, 4, 5, 6, 7, 8, 11, 13, 15, 16, 17, 18, 20, 23, 25, 26, 27, 28, 29, 30, 31, 33, 35, 37, 39, 40, 42, 43, 44, 45, 46, 47, 48, 49, 50, 51, 52, 53, 54, 55, 56, 58, 59, 60, 61, 63, 65, 66, 69, 70, 71, 72, 77, 78, 79, 81, 82, 84, 86, 89, 92, 94]
enc_modes: 64, dec_modes: 64
>>>>>>>start training : weather_FEDformer_random_modes64_custom_ftM_sl192_ll48_pl1440_dm512_nh8_el2_dl1_df2048_fc3_ebtimeF_dtTrue_Exp_0>>>>>>>>>>>>>>>>>>>>>>>>>>
train 35256
val 3831
test 9100
Epoch: 1 cost time: 600.6346480846405
Epoch: 1, Steps: 1101 | Train Loss: 0.7333156 Vali Loss: 0.7884172 Test Loss: 0.4574411
Validation loss decreased (inf --> 0.788417).  Saving model ...
Updating learning rate to 0.0001
Epoch: 2 cost time: 600.9994721412659
Epoch: 2, Steps: 1101 | Train Loss: 0.7059774 Vali Loss: 0.7865198 Test Loss: 0.4530039
Validation loss decreased (0.788417 --> 0.786520).  Saving model ...
Updating learning rate to 5e-05
Epoch: 3 cost time: 601.3267884254456
Epoch: 3, Steps: 1101 | Train Loss: 0.6975172 Vali Loss: 0.7774302 Test Loss: 0.4493994
Validation loss decreased (0.786520 --> 0.777430).  Saving model ...
Updating learning rate to 2.5e-05
Epoch: 4 cost time: 602.454877614975
Epoch: 4, Steps: 1101 | Train Loss: 0.6919780 Vali Loss: 0.7799954 Test Loss: 0.4488355
EarlyStopping counter: 1 out of 3
Updating learning rate to 1.25e-05
Epoch: 5 cost time: 601.9461317062378
Epoch: 5, Steps: 1101 | Train Loss: 0.6891973 Vali Loss: 0.7755982 Test Loss: 0.4444709
Validation loss decreased (0.777430 --> 0.775598).  Saving model ...
Updating learning rate to 6.25e-06
Epoch: 6 cost time: 602.0998103618622
Epoch: 6, Steps: 1101 | Train Loss: 0.6876787 Vali Loss: 0.7781816 Test Loss: 0.4447281
EarlyStopping counter: 1 out of 3
Updating learning rate to 3.125e-06
Epoch: 7 cost time: 601.7677316665649
Epoch: 7, Steps: 1101 | Train Loss: 0.6868140 Vali Loss: 0.7758034 Test Loss: 0.4455184
EarlyStopping counter: 2 out of 3
Updating learning rate to 1.5625e-06
Epoch: 8 cost time: 603.8764498233795
Epoch: 8, Steps: 1101 | Train Loss: 0.6864403 Vali Loss: 0.7756948 Test Loss: 0.4451091
EarlyStopping counter: 3 out of 3
Early stopping
>>>>>>>testing : weather_FEDformer_random_modes64_custom_ftM_sl192_ll48_pl1440_dm512_nh8_el2_dl1_df2048_fc3_ebtimeF_dtTrue_Exp_0<<<<<<<<<<<<<<<<<<<<<<<<<<<<<<<<<
test 9100
test shape: (284, 32, 1440, 21) (284, 32, 1440, 21)
test shape: (9088, 1440, 21) (9088, 1440, 21)
mse:0.4444722533226013, mae:0.44157907366752625
